2025-05-19 18:56:24,783 - Worker-20403060 - PlaylistPlayer.2040306023095804 - INFO - Worker thread INICIADO. Logs en: C:\Users\def\Documents\OTWMusicSystem_Final\OTWMusicSystem_Final\otw_project\OTW_MUSIC_SYSTEM\logs\2040306023095804\playlist_player_20250519_185624.log
2025-05-19 18:56:24,785 - Worker-20403060 - PlaylistPlayer.2040306023095804 - INFO - Personalidad Creada (SLOW_MODE_FACTOR=1.75): ShortTimeout=10.8s, ActionDelay=[8.4-14.5]s, ShortPause=[23.3-58.3]s, MinTrackT=47s, MaxTrackT=108s, MinContentT=4m, MaxContentT=6m
2025-05-19 18:56:24,786 - Worker-20403060 - PlaylistPlayer.2040306023095804 - INFO - Intentando conectar a uiautomator2 (intento 1/3)...
2025-05-19 18:56:47,633 - Worker-20403060 - PlaylistPlayer.2040306023095804 - INFO - Conectado (Device: Studio_X5_Max, Android: N/A).
2025-05-19 18:56:48,564 - Worker-20403060 - PlaylistPlayer.2040306023095804 - INFO - Spotify (com.spotify.music v9.0.44.478) está instalado.
2025-05-19 18:56:48,564 - Worker-20403060 - PlaylistPlayer.2040306023095804 - INFO - Configuración inicial (kill Spotify y volver a Home).
2025-05-19 18:56:48,564 - Worker-20403060 - PlaylistPlayer.2040306023095804 - WARNING - Advertencia durante configuración inicial: 'Device' object has no attribute 'app_kill'
2025-05-19 18:56:48,565 - Worker-20403060 - PlaylistPlayer.2040306023095804 - DEBUG - Capturando pantalla en C:\Users\def\Documents\OTWMusicSystem_Final\OTWMusicSystem_Final\otw_project\OTW_MUSIC_SYSTEM\screenshots\2040306023095804\initial_setup_warn_screenshot_2040306023095804_20250519_185648564514.png
2025-05-19 18:56:51,267 - Worker-20403060 - PlaylistPlayer.2040306023095804 - INFO - Captura de pantalla guardada: C:\Users\def\Documents\OTWMusicSystem_Final\OTWMusicSystem_Final\otw_project\OTW_MUSIC_SYSTEM\screenshots\2040306023095804\initial_setup_warn_screenshot_2040306023095804_20250519_185648564514.png
2025-05-19 18:56:51,267 - Worker-20403060 - PlaylistPlayer.2040306023095804 - INFO - --- Iniciando Sesión de Interacción #1 ---
2025-05-19 18:56:51,267 - Worker-20403060 - PlaylistPlayer.2040306023095804 - INFO - Selección: Link (track) -> https://open.spotify.com/track/5QuGD4wmi7hCjv2JDM0v5f?si=bc54d26e32d54e04
2025-05-19 18:56:51,267 - Worker-20403060 - PlaylistPlayer.2040306023095804 - INFO - Iniciando interacción con TRACK: https://open.spotify.com/track/5QuGD4wmi7hCjv2JDM0v5f?si=bc54d26e32d54e04
2025-05-19 18:56:51,267 - Worker-20403060 - PlaylistPlayer.2040306023095804 - INFO - Intentando abrir URL: https://open.spotify.com/track/5QuGD4wmi7hCjv2JDM0v5f?si=bc54d26e32d54e04 (Intento 1/3)
2025-05-19 18:56:51,267 - Worker-20403060 - PlaylistPlayer.2040306023095804 - DEBUG - Forzando detención de Spotify (com.spotify.music) antes de abrir URL.
2025-05-19 18:56:52,415 - Worker-20403060 - PlaylistPlayer.2040306023095804 - DEBUG - Presionando HOME.
2025-05-19 18:56:56,293 - Worker-20403060 - PlaylistPlayer.2040306023095804 - DEBUG - Ejecutando ADB intent para URL: https://open.spotify.com/track/5QuGD4wmi7hCjv2JDM0v5f?si=bc54d26e32d54e04
2025-05-19 18:56:59,642 - Worker-20403060 - PlaylistPlayer.2040306023095804 - DEBUG - Resultado ADB 'am start': stdout='Starting: Intent { act=android.intent.action.VIEW dat=https://open.spotify.com/... flg=0x10008000 }', stderr=''
2025-05-19 18:57:02,043 - Worker-20403060 - PlaylistPlayer.2040306023095804 - DEBUG - Esperando que la app se abra y estabilice...
2025-05-19 18:57:11,430 - Worker-20403060 - PlaylistPlayer.2040306023095804 - DEBUG - Verificando diálogo 'Abrir con'...
2025-05-19 18:57:20,806 - Worker-20403060 - PlaylistPlayer.2040306023095804 - DEBUG - No se detectó diálogo 'Abrir con' explícito.
2025-05-19 18:57:20,806 - Worker-20403060 - PlaylistPlayer.2040306023095804 - DEBUG - No se manejó el diálogo 'Abrir con' o no apareció.
2025-05-19 18:57:20,806 - Worker-20403060 - PlaylistPlayer.2040306023095804 - DEBUG - Verificando si Spotify está en primer plano...
2025-05-19 18:57:20,807 - Worker-20403060 - PlaylistPlayer.2040306023095804 - DEBUG - Intentando con comando dumpsys (1): adb -s 2040306023095804 shell dumpsys activity top
2025-05-19 18:57:21,457 - Worker-20403060 - PlaylistPlayer.2040306023095804 - WARNING - Spotify NO parece estar en primer plano según dumpsys.
2025-05-19 18:57:21,457 - Worker-20403060 - PlaylistPlayer.2040306023095804 - DEBUG - Capturando pantalla en C:\Users\def\Documents\OTWMusicSystem_Final\OTWMusicSystem_Final\otw_project\OTW_MUSIC_SYSTEM\screenshots\2040306023095804\spotify_not_foreground_screenshot_2040306023095804_20250519_185721457022.png
2025-05-19 18:57:21,850 - Worker-20403060 - PlaylistPlayer.2040306023095804 - INFO - Captura de pantalla guardada: C:\Users\def\Documents\OTWMusicSystem_Final\OTWMusicSystem_Final\otw_project\OTW_MUSIC_SYSTEM\screenshots\2040306023095804\spotify_not_foreground_screenshot_2040306023095804_20250519_185721457022.png
2025-05-19 18:57:21,850 - Worker-20403060 - PlaylistPlayer.2040306023095804 - WARNING - Spotify no detectado en primer plano después de abrir https://open.spotify.com/track/5QuGD4wmi7hCjv2JDM0v5f?si=bc54d26e32d54e04.
2025-05-19 18:57:21,851 - Worker-20403060 - PlaylistPlayer.2040306023095804 - DEBUG - Capturando pantalla en C:\Users\def\Documents\OTWMusicSystem_Final\OTWMusicSystem_Final\otw_project\OTW_MUSIC_SYSTEM\screenshots\2040306023095804\spotify_not_fg_after_open_5QuGD4wmi7hCjv2JDM0v5f?si=bc54d26e32d54e04_screenshot_2040306023095804_20250519_185721850719.png
2025-05-19 18:57:22,116 - Worker-20403060 - PlaylistPlayer.2040306023095804 - ERROR - Error al capturar pantalla: [Errno 22] Invalid argument: 'C:\\Users\\def\\Documents\\OTWMusicSystem_Final\\OTWMusicSystem_Final\\otw_project\\OTW_MUSIC_SYSTEM\\screenshots\\2040306023095804\\spotify_not_fg_after_open_5QuGD4wmi7hCjv2JDM0v5f?si=bc54d26e32d54e04_screenshot_2040306023095804_20250519_185721850719.png'
2025-05-19 18:57:22,116 - Worker-20403060 - PlaylistPlayer.2040306023095804 - INFO - Pausa antes de reintentar apertura de URL debido a no foreground.
2025-05-19 18:57:32,153 - Worker-20403060 - PlaylistPlayer.2040306023095804 - INFO - Intentando abrir URL: https://open.spotify.com/track/5QuGD4wmi7hCjv2JDM0v5f?si=bc54d26e32d54e04 (Intento 2/3)
2025-05-19 18:57:32,153 - Worker-20403060 - PlaylistPlayer.2040306023095804 - DEBUG - Forzando detención de Spotify (com.spotify.music) antes de abrir URL.
2025-05-19 18:57:33,605 - Worker-20403060 - PlaylistPlayer.2040306023095804 - DEBUG - Presionando HOME.
2025-05-19 18:57:36,808 - Worker-20403060 - PlaylistPlayer.2040306023095804 - DEBUG - Ejecutando ADB intent para URL: https://open.spotify.com/track/5QuGD4wmi7hCjv2JDM0v5f?si=bc54d26e32d54e04
2025-05-19 18:57:39,722 - Worker-20403060 - PlaylistPlayer.2040306023095804 - DEBUG - Resultado ADB 'am start': stdout='Starting: Intent { act=android.intent.action.VIEW dat=https://open.spotify.com/... flg=0x10008000 }', stderr=''
2025-05-19 18:57:43,271 - Worker-20403060 - PlaylistPlayer.2040306023095804 - DEBUG - Esperando que la app se abra y estabilice...
2025-05-19 18:57:53,202 - Worker-20403060 - PlaylistPlayer.2040306023095804 - DEBUG - Verificando diálogo 'Abrir con'...
2025-05-19 18:58:01,033 - Worker-20403060 - PlaylistPlayer.2040306023095804 - DEBUG - No se detectó diálogo 'Abrir con' explícito.
2025-05-19 18:58:01,034 - Worker-20403060 - PlaylistPlayer.2040306023095804 - DEBUG - No se manejó el diálogo 'Abrir con' o no apareció.
2025-05-19 18:58:01,034 - Worker-20403060 - PlaylistPlayer.2040306023095804 - DEBUG - Verificando si Spotify está en primer plano...
2025-05-19 18:58:01,034 - Worker-20403060 - PlaylistPlayer.2040306023095804 - DEBUG - Intentando con comando dumpsys (1): adb -s 2040306023095804 shell dumpsys activity top
2025-05-19 18:58:01,814 - Worker-20403060 - PlaylistPlayer.2040306023095804 - WARNING - Spotify NO parece estar en primer plano según dumpsys.
2025-05-19 18:58:01,814 - Worker-20403060 - PlaylistPlayer.2040306023095804 - DEBUG - Capturando pantalla en C:\Users\def\Documents\OTWMusicSystem_Final\OTWMusicSystem_Final\otw_project\OTW_MUSIC_SYSTEM\screenshots\2040306023095804\spotify_not_foreground_screenshot_2040306023095804_20250519_185801814821.png
2025-05-19 18:58:02,079 - Worker-20403060 - PlaylistPlayer.2040306023095804 - INFO - Captura de pantalla guardada: C:\Users\def\Documents\OTWMusicSystem_Final\OTWMusicSystem_Final\otw_project\OTW_MUSIC_SYSTEM\screenshots\2040306023095804\spotify_not_foreground_screenshot_2040306023095804_20250519_185801814821.png
2025-05-19 18:58:02,080 - Worker-20403060 - PlaylistPlayer.2040306023095804 - WARNING - Spotify no detectado en primer plano después de abrir https://open.spotify.com/track/5QuGD4wmi7hCjv2JDM0v5f?si=bc54d26e32d54e04.
2025-05-19 18:58:02,081 - Worker-20403060 - PlaylistPlayer.2040306023095804 - DEBUG - Capturando pantalla en C:\Users\def\Documents\OTWMusicSystem_Final\OTWMusicSystem_Final\otw_project\OTW_MUSIC_SYSTEM\screenshots\2040306023095804\spotify_not_fg_after_open_5QuGD4wmi7hCjv2JDM0v5f?si=bc54d26e32d54e04_screenshot_2040306023095804_20250519_185802080743.png
2025-05-19 18:58:02,261 - Worker-20403060 - PlaylistPlayer.2040306023095804 - ERROR - Error al capturar pantalla: [Errno 22] Invalid argument: 'C:\\Users\\def\\Documents\\OTWMusicSystem_Final\\OTWMusicSystem_Final\\otw_project\\OTW_MUSIC_SYSTEM\\screenshots\\2040306023095804\\spotify_not_fg_after_open_5QuGD4wmi7hCjv2JDM0v5f?si=bc54d26e32d54e04_screenshot_2040306023095804_20250519_185802080743.png'
2025-05-19 18:58:02,261 - Worker-20403060 - PlaylistPlayer.2040306023095804 - INFO - Pausa antes de reintentar apertura de URL debido a no foreground.
2025-05-19 18:58:13,588 - Worker-20403060 - PlaylistPlayer.2040306023095804 - INFO - Intentando abrir URL: https://open.spotify.com/track/5QuGD4wmi7hCjv2JDM0v5f?si=bc54d26e32d54e04 (Intento 3/3)
2025-05-19 18:58:13,588 - Worker-20403060 - PlaylistPlayer.2040306023095804 - DEBUG - Forzando detención de Spotify (com.spotify.music) antes de abrir URL.
2025-05-19 18:58:15,029 - Worker-20403060 - PlaylistPlayer.2040306023095804 - DEBUG - Presionando HOME.
2025-05-19 18:58:17,976 - Worker-20403060 - PlaylistPlayer.2040306023095804 - DEBUG - Ejecutando ADB intent para URL: https://open.spotify.com/track/5QuGD4wmi7hCjv2JDM0v5f?si=bc54d26e32d54e04
2025-05-19 18:58:20,217 - Worker-20403060 - PlaylistPlayer.2040306023095804 - DEBUG - Resultado ADB 'am start': stdout='Starting: Intent { act=android.intent.action.VIEW dat=https://open.spotify.com/... flg=0x10008000 }', stderr=''
2025-05-19 18:58:24,500 - Worker-20403060 - PlaylistPlayer.2040306023095804 - DEBUG - Esperando que la app se abra y estabilice...
2025-05-19 18:58:36,156 - Worker-20403060 - PlaylistPlayer.2040306023095804 - DEBUG - Verificando diálogo 'Abrir con'...
2025-05-19 18:58:42,049 - Worker-20403060 - PlaylistPlayer.2040306023095804 - DEBUG - No se detectó diálogo 'Abrir con' explícito.
2025-05-19 18:58:42,050 - Worker-20403060 - PlaylistPlayer.2040306023095804 - DEBUG - No se manejó el diálogo 'Abrir con' o no apareció.
2025-05-19 18:58:42,050 - Worker-20403060 - PlaylistPlayer.2040306023095804 - DEBUG - Verificando si Spotify está en primer plano...
2025-05-19 18:58:42,050 - Worker-20403060 - PlaylistPlayer.2040306023095804 - DEBUG - Intentando con comando dumpsys (1): adb -s 2040306023095804 shell dumpsys activity top
2025-05-19 18:58:43,356 - Worker-20403060 - PlaylistPlayer.2040306023095804 - WARNING - Spotify NO parece estar en primer plano según dumpsys.
2025-05-19 18:58:43,357 - Worker-20403060 - PlaylistPlayer.2040306023095804 - DEBUG - Capturando pantalla en C:\Users\def\Documents\OTWMusicSystem_Final\OTWMusicSystem_Final\otw_project\OTW_MUSIC_SYSTEM\screenshots\2040306023095804\spotify_not_foreground_screenshot_2040306023095804_20250519_185843356096.png
2025-05-19 18:58:43,521 - Worker-20403060 - PlaylistPlayer.2040306023095804 - INFO - Captura de pantalla guardada: C:\Users\def\Documents\OTWMusicSystem_Final\OTWMusicSystem_Final\otw_project\OTW_MUSIC_SYSTEM\screenshots\2040306023095804\spotify_not_foreground_screenshot_2040306023095804_20250519_185843356096.png
2025-05-19 18:58:43,522 - Worker-20403060 - PlaylistPlayer.2040306023095804 - WARNING - Spotify no detectado en primer plano después de abrir https://open.spotify.com/track/5QuGD4wmi7hCjv2JDM0v5f?si=bc54d26e32d54e04.
2025-05-19 18:58:43,522 - Worker-20403060 - PlaylistPlayer.2040306023095804 - DEBUG - Capturando pantalla en C:\Users\def\Documents\OTWMusicSystem_Final\OTWMusicSystem_Final\otw_project\OTW_MUSIC_SYSTEM\screenshots\2040306023095804\spotify_not_fg_after_open_5QuGD4wmi7hCjv2JDM0v5f?si=bc54d26e32d54e04_screenshot_2040306023095804_20250519_185843522439.png
2025-05-19 18:58:43,632 - Worker-20403060 - PlaylistPlayer.2040306023095804 - ERROR - Error al capturar pantalla: [Errno 22] Invalid argument: 'C:\\Users\\def\\Documents\\OTWMusicSystem_Final\\OTWMusicSystem_Final\\otw_project\\OTW_MUSIC_SYSTEM\\screenshots\\2040306023095804\\spotify_not_fg_after_open_5QuGD4wmi7hCjv2JDM0v5f?si=bc54d26e32d54e04_screenshot_2040306023095804_20250519_185843522439.png'
2025-05-19 18:58:43,632 - Worker-20403060 - PlaylistPlayer.2040306023095804 - INFO - Pausa antes de reintentar apertura de URL debido a no foreground.
2025-05-19 18:58:51,902 - Worker-20403060 - PlaylistPlayer.2040306023095804 - INFO - Intentando abrir URL: https://open.spotify.com/track/5QuGD4wmi7hCjv2JDM0v5f?si=bc54d26e32d54e04 (Intento 4/3)
2025-05-19 18:58:51,902 - Worker-20403060 - PlaylistPlayer.2040306023095804 - ERROR - Máximos reintentos (3) alcanzados para abrir URL https://open.spotify.com/track/5QuGD4wmi7hCjv2JDM0v5f?si=bc54d26e32d54e04
2025-05-19 18:58:51,902 - Worker-20403060 - PlaylistPlayer.2040306023095804 - DEBUG - Capturando pantalla en C:\Users\def\Documents\OTWMusicSystem_Final\OTWMusicSystem_Final\otw_project\OTW_MUSIC_SYSTEM\screenshots\2040306023095804\open_url_max_retries_fail_5QuGD4wmi7hCjv2JDM0v5f?si=bc54d26e32d54e04_screenshot_2040306023095804_20250519_185851902772.png
2025-05-19 18:58:52,020 - Worker-20403060 - PlaylistPlayer.2040306023095804 - ERROR - Error al capturar pantalla: [Errno 22] Invalid argument: 'C:\\Users\\def\\Documents\\OTWMusicSystem_Final\\OTWMusicSystem_Final\\otw_project\\OTW_MUSIC_SYSTEM\\screenshots\\2040306023095804\\open_url_max_retries_fail_5QuGD4wmi7hCjv2JDM0v5f?si=bc54d26e32d54e04_screenshot_2040306023095804_20250519_185851902772.png'
2025-05-19 18:58:52,020 - Worker-20403060 - PlaylistPlayer.2040306023095804 - ERROR - No se pudo abrir el track https://open.spotify.com/track/5QuGD4wmi7hCjv2JDM0v5f?si=bc54d26e32d54e04. Terminando interacción.
2025-05-19 18:58:52,020 - Worker-20403060 - PlaylistPlayer.2040306023095804 - INFO - Sesión #1 completada. Pausa de 21.3s.
2025-05-19 18:59:13,329 - Worker-20403060 - PlaylistPlayer.2040306023095804 - INFO - --- Iniciando Sesión de Interacción #2 ---
2025-05-19 18:59:13,330 - Worker-20403060 - PlaylistPlayer.2040306023095804 - INFO - Selección: Link (track) -> https://open.spotify.com/track/2FAslAIJWS7FyRWSBfTAub?si=1c748d229a3b4d2c
2025-05-19 18:59:13,330 - Worker-20403060 - PlaylistPlayer.2040306023095804 - INFO - Iniciando interacción con TRACK: https://open.spotify.com/track/2FAslAIJWS7FyRWSBfTAub?si=1c748d229a3b4d2c
2025-05-19 18:59:13,330 - Worker-20403060 - PlaylistPlayer.2040306023095804 - INFO - Intentando abrir URL: https://open.spotify.com/track/2FAslAIJWS7FyRWSBfTAub?si=1c748d229a3b4d2c (Intento 1/3)
2025-05-19 18:59:13,330 - Worker-20403060 - PlaylistPlayer.2040306023095804 - DEBUG - Forzando detención de Spotify (com.spotify.music) antes de abrir URL.
2025-05-19 18:59:15,155 - Worker-20403060 - PlaylistPlayer.2040306023095804 - DEBUG - Presionando HOME.
2025-05-19 18:59:18,735 - Worker-20403060 - PlaylistPlayer.2040306023095804 - DEBUG - Ejecutando ADB intent para URL: https://open.spotify.com/track/2FAslAIJWS7FyRWSBfTAub?si=1c748d229a3b4d2c
2025-05-19 18:59:21,273 - Worker-20403060 - PlaylistPlayer.2040306023095804 - DEBUG - Resultado ADB 'am start': stdout='Starting: Intent { act=android.intent.action.VIEW dat=https://open.spotify.com/... flg=0x10008000 }', stderr=''
2025-05-19 18:59:23,768 - Worker-20403060 - PlaylistPlayer.2040306023095804 - DEBUG - Esperando que la app se abra y estabilice...
2025-05-19 18:59:37,690 - Worker-20403060 - PlaylistPlayer.2040306023095804 - DEBUG - Verificando diálogo 'Abrir con'...
2025-05-19 18:59:43,741 - Worker-20403060 - PlaylistPlayer.2040306023095804 - DEBUG - No se detectó diálogo 'Abrir con' explícito.
2025-05-19 18:59:43,741 - Worker-20403060 - PlaylistPlayer.2040306023095804 - DEBUG - No se manejó el diálogo 'Abrir con' o no apareció.
2025-05-19 18:59:43,741 - Worker-20403060 - PlaylistPlayer.2040306023095804 - DEBUG - Verificando si Spotify está en primer plano...
2025-05-19 18:59:43,742 - Worker-20403060 - PlaylistPlayer.2040306023095804 - DEBUG - Intentando con comando dumpsys (1): adb -s 2040306023095804 shell dumpsys activity top
2025-05-19 18:59:45,822 - Worker-20403060 - PlaylistPlayer.2040306023095804 - WARNING - Spotify NO parece estar en primer plano según dumpsys.
2025-05-19 18:59:45,822 - Worker-20403060 - PlaylistPlayer.2040306023095804 - DEBUG - Capturando pantalla en C:\Users\def\Documents\OTWMusicSystem_Final\OTWMusicSystem_Final\otw_project\OTW_MUSIC_SYSTEM\screenshots\2040306023095804\spotify_not_foreground_screenshot_2040306023095804_20250519_185945822108.png
2025-05-19 18:59:46,005 - Worker-20403060 - PlaylistPlayer.2040306023095804 - INFO - Captura de pantalla guardada: C:\Users\def\Documents\OTWMusicSystem_Final\OTWMusicSystem_Final\otw_project\OTW_MUSIC_SYSTEM\screenshots\2040306023095804\spotify_not_foreground_screenshot_2040306023095804_20250519_185945822108.png
2025-05-19 18:59:46,006 - Worker-20403060 - PlaylistPlayer.2040306023095804 - WARNING - Spotify no detectado en primer plano después de abrir https://open.spotify.com/track/2FAslAIJWS7FyRWSBfTAub?si=1c748d229a3b4d2c.
2025-05-19 18:59:46,006 - Worker-20403060 - PlaylistPlayer.2040306023095804 - DEBUG - Capturando pantalla en C:\Users\def\Documents\OTWMusicSystem_Final\OTWMusicSystem_Final\otw_project\OTW_MUSIC_SYSTEM\screenshots\2040306023095804\spotify_not_fg_after_open_2FAslAIJWS7FyRWSBfTAub?si=1c748d229a3b4d2c_screenshot_2040306023095804_20250519_185946006095.png
2025-05-19 18:59:46,140 - Worker-20403060 - PlaylistPlayer.2040306023095804 - ERROR - Error al capturar pantalla: [Errno 22] Invalid argument: 'C:\\Users\\def\\Documents\\OTWMusicSystem_Final\\OTWMusicSystem_Final\\otw_project\\OTW_MUSIC_SYSTEM\\screenshots\\2040306023095804\\spotify_not_fg_after_open_2FAslAIJWS7FyRWSBfTAub?si=1c748d229a3b4d2c_screenshot_2040306023095804_20250519_185946006095.png'
2025-05-19 18:59:46,141 - Worker-20403060 - PlaylistPlayer.2040306023095804 - INFO - Pausa antes de reintentar apertura de URL debido a no foreground.
2025-05-19 18:59:55,332 - Worker-20403060 - PlaylistPlayer.2040306023095804 - INFO - Intentando abrir URL: https://open.spotify.com/track/2FAslAIJWS7FyRWSBfTAub?si=1c748d229a3b4d2c (Intento 2/3)
2025-05-19 18:59:55,332 - Worker-20403060 - PlaylistPlayer.2040306023095804 - DEBUG - Forzando detención de Spotify (com.spotify.music) antes de abrir URL.
2025-05-19 18:59:56,624 - Worker-20403060 - PlaylistPlayer.2040306023095804 - DEBUG - Presionando HOME.
2025-05-19 19:00:00,014 - Worker-20403060 - PlaylistPlayer.2040306023095804 - DEBUG - Ejecutando ADB intent para URL: https://open.spotify.com/track/2FAslAIJWS7FyRWSBfTAub?si=1c748d229a3b4d2c
2025-05-19 19:00:02,862 - Worker-20403060 - PlaylistPlayer.2040306023095804 - DEBUG - Resultado ADB 'am start': stdout='Starting: Intent { act=android.intent.action.VIEW dat=https://open.spotify.com/... flg=0x10008000 }', stderr=''
2025-05-19 19:00:06,054 - Worker-20403060 - PlaylistPlayer.2040306023095804 - DEBUG - Esperando que la app se abra y estabilice...
2025-05-19 19:00:18,435 - Worker-20403060 - PlaylistPlayer.2040306023095804 - DEBUG - Verificando diálogo 'Abrir con'...
2025-05-19 19:00:24,048 - Worker-20403060 - PlaylistPlayer.2040306023095804 - DEBUG - No se detectó diálogo 'Abrir con' explícito.
2025-05-19 19:00:24,048 - Worker-20403060 - PlaylistPlayer.2040306023095804 - DEBUG - No se manejó el diálogo 'Abrir con' o no apareció.
2025-05-19 19:00:24,048 - Worker-20403060 - PlaylistPlayer.2040306023095804 - DEBUG - Verificando si Spotify está en primer plano...
2025-05-19 19:00:24,048 - Worker-20403060 - PlaylistPlayer.2040306023095804 - DEBUG - Intentando con comando dumpsys (1): adb -s 2040306023095804 shell dumpsys activity top
2025-05-19 19:00:28,756 - Worker-20403060 - PlaylistPlayer.2040306023095804 - WARNING - Spotify NO parece estar en primer plano según dumpsys.
2025-05-19 19:00:28,756 - Worker-20403060 - PlaylistPlayer.2040306023095804 - DEBUG - Capturando pantalla en C:\Users\def\Documents\OTWMusicSystem_Final\OTWMusicSystem_Final\otw_project\OTW_MUSIC_SYSTEM\screenshots\2040306023095804\spotify_not_foreground_screenshot_2040306023095804_20250519_190028756122.png
2025-05-19 19:00:28,918 - Worker-20403060 - PlaylistPlayer.2040306023095804 - INFO - Captura de pantalla guardada: C:\Users\def\Documents\OTWMusicSystem_Final\OTWMusicSystem_Final\otw_project\OTW_MUSIC_SYSTEM\screenshots\2040306023095804\spotify_not_foreground_screenshot_2040306023095804_20250519_190028756122.png
2025-05-19 19:00:28,918 - Worker-20403060 - PlaylistPlayer.2040306023095804 - WARNING - Spotify no detectado en primer plano después de abrir https://open.spotify.com/track/2FAslAIJWS7FyRWSBfTAub?si=1c748d229a3b4d2c.
2025-05-19 19:00:28,919 - Worker-20403060 - PlaylistPlayer.2040306023095804 - DEBUG - Capturando pantalla en C:\Users\def\Documents\OTWMusicSystem_Final\OTWMusicSystem_Final\otw_project\OTW_MUSIC_SYSTEM\screenshots\2040306023095804\spotify_not_fg_after_open_2FAslAIJWS7FyRWSBfTAub?si=1c748d229a3b4d2c_screenshot_2040306023095804_20250519_190028918644.png
2025-05-19 19:00:29,020 - Worker-20403060 - PlaylistPlayer.2040306023095804 - ERROR - Error al capturar pantalla: [Errno 22] Invalid argument: 'C:\\Users\\def\\Documents\\OTWMusicSystem_Final\\OTWMusicSystem_Final\\otw_project\\OTW_MUSIC_SYSTEM\\screenshots\\2040306023095804\\spotify_not_fg_after_open_2FAslAIJWS7FyRWSBfTAub?si=1c748d229a3b4d2c_screenshot_2040306023095804_20250519_190028918644.png'
2025-05-19 19:00:29,021 - Worker-20403060 - PlaylistPlayer.2040306023095804 - INFO - Pausa antes de reintentar apertura de URL debido a no foreground.
