2025-05-19 18:48:12,128 - Worker-20403060 - PlaylistPlayer.2040306023095804 - INFO - Worker thread INICIADO. Logs en: C:\Users\def\Documents\OTWMusicSystem_Final\OTWMusicSystem_Final\otw_project\OTW_MUSIC_SYSTEM\logs\2040306023095804\playlist_player_20250519_184812.log
2025-05-19 18:48:12,128 - Worker-20403060 - PlaylistPlayer.2040306023095804 - INFO - Personalidad Creada (SLOW_MODE_FACTOR=1.75): ShortTimeout=12.9s, ActionDelay=[8.1-20.3]s, ShortPause=[30.7-77.4]s, MinTrackT=71s, MaxTrackT=120s, MinContentT=4m, MaxContentT=8m
2025-05-19 18:48:12,128 - Worker-20403060 - PlaylistPlayer.2040306023095804 - INFO - Intentando conectar a uiautomator2 (intento 1/3)...
2025-05-19 18:48:15,907 - Worker-20403060 - PlaylistPlayer.2040306023095804 - INFO - Conectado (Device: Studio_X5_Max, Android: N/A).
2025-05-19 18:48:16,114 - Worker-20403060 - PlaylistPlayer.2040306023095804 - INFO - Spotify (com.spotify.music v9.0.44.478) está instalado.
2025-05-19 18:48:16,114 - Worker-20403060 - PlaylistPlayer.2040306023095804 - INFO - Configuración inicial (kill Spotify y volver a Home).
2025-05-19 18:48:16,114 - Worker-20403060 - PlaylistPlayer.2040306023095804 - WARNING - Advertencia durante configuración inicial: 'Device' object has no attribute 'app_kill'
2025-05-19 18:48:16,114 - Worker-20403060 - PlaylistPlayer.2040306023095804 - DEBUG - Capturando pantalla en C:\Users\def\Documents\OTWMusicSystem_Final\OTWMusicSystem_Final\otw_project\OTW_MUSIC_SYSTEM\screenshots\2040306023095804\initial_setup_warn_screenshot_2040306023095804_20250519_184816114976.png
2025-05-19 18:48:17,289 - Worker-20403060 - PlaylistPlayer.2040306023095804 - INFO - Captura de pantalla guardada: C:\Users\def\Documents\OTWMusicSystem_Final\OTWMusicSystem_Final\otw_project\OTW_MUSIC_SYSTEM\screenshots\2040306023095804\initial_setup_warn_screenshot_2040306023095804_20250519_184816114976.png
2025-05-19 18:48:17,289 - Worker-20403060 - PlaylistPlayer.2040306023095804 - INFO - --- Iniciando Sesión de Interacción #1 ---
2025-05-19 18:48:17,290 - Worker-20403060 - PlaylistPlayer.2040306023095804 - INFO - Selección: Link (track) -> https://open.spotify.com/track/56n5POxGEe6mw3MZrHwx9Q?si=b5a4661dae674cc8
2025-05-19 18:48:17,290 - Worker-20403060 - PlaylistPlayer.2040306023095804 - INFO - Iniciando interacción con TRACK: https://open.spotify.com/track/56n5POxGEe6mw3MZrHwx9Q?si=b5a4661dae674cc8
2025-05-19 18:48:17,290 - Worker-20403060 - PlaylistPlayer.2040306023095804 - INFO - Intentando abrir URL: https://open.spotify.com/track/56n5POxGEe6mw3MZrHwx9Q?si=b5a4661dae674cc8 (Intento 1/3)
2025-05-19 18:48:17,290 - Worker-20403060 - PlaylistPlayer.2040306023095804 - DEBUG - Forzando detención de Spotify (com.spotify.music) antes de abrir URL.
2025-05-19 18:48:18,927 - Worker-20403060 - PlaylistPlayer.2040306023095804 - DEBUG - Presionando HOME.
2025-05-19 18:48:22,643 - Worker-20403060 - PlaylistPlayer.2040306023095804 - DEBUG - Ejecutando ADB intent para URL: https://open.spotify.com/track/56n5POxGEe6mw3MZrHwx9Q?si=b5a4661dae674cc8
2025-05-19 18:48:25,781 - Worker-20403060 - PlaylistPlayer.2040306023095804 - DEBUG - Resultado ADB 'am start': stdout='Starting: Intent { act=android.intent.action.VIEW dat=https://open.spotify.com/... flg=0x10008000 }', stderr=''
2025-05-19 18:48:29,621 - Worker-20403060 - PlaylistPlayer.2040306023095804 - DEBUG - Esperando que la app se abra y estabilice...
2025-05-19 18:48:40,144 - Worker-20403060 - PlaylistPlayer.2040306023095804 - DEBUG - Verificando diálogo 'Abrir con'...
2025-05-19 18:48:51,549 - Worker-20403060 - PlaylistPlayer.2040306023095804 - DEBUG - No se detectó diálogo 'Abrir con' explícito.
2025-05-19 18:48:51,550 - Worker-20403060 - PlaylistPlayer.2040306023095804 - DEBUG - No se manejó el diálogo 'Abrir con' o no apareció.
2025-05-19 18:48:51,550 - Worker-20403060 - PlaylistPlayer.2040306023095804 - DEBUG - Verificando si Spotify está en primer plano...
2025-05-19 18:48:51,550 - Worker-20403060 - PlaylistPlayer.2040306023095804 - DEBUG - Intentando con comando dumpsys (1): adb -s 2040306023095804 shell dumpsys activity top
2025-05-19 18:48:52,196 - Worker-20403060 - PlaylistPlayer.2040306023095804 - WARNING - Spotify NO parece estar en primer plano según dumpsys.
2025-05-19 18:48:52,197 - Worker-20403060 - PlaylistPlayer.2040306023095804 - DEBUG - Capturando pantalla en C:\Users\def\Documents\OTWMusicSystem_Final\OTWMusicSystem_Final\otw_project\OTW_MUSIC_SYSTEM\screenshots\2040306023095804\spotify_not_foreground_screenshot_2040306023095804_20250519_184852197102.png
2025-05-19 18:48:52,384 - Worker-20403060 - PlaylistPlayer.2040306023095804 - INFO - Captura de pantalla guardada: C:\Users\def\Documents\OTWMusicSystem_Final\OTWMusicSystem_Final\otw_project\OTW_MUSIC_SYSTEM\screenshots\2040306023095804\spotify_not_foreground_screenshot_2040306023095804_20250519_184852197102.png
2025-05-19 18:48:52,384 - Worker-20403060 - PlaylistPlayer.2040306023095804 - WARNING - Spotify no detectado en primer plano después de abrir https://open.spotify.com/track/56n5POxGEe6mw3MZrHwx9Q?si=b5a4661dae674cc8.
2025-05-19 18:48:52,385 - Worker-20403060 - PlaylistPlayer.2040306023095804 - DEBUG - Capturando pantalla en C:\Users\def\Documents\OTWMusicSystem_Final\OTWMusicSystem_Final\otw_project\OTW_MUSIC_SYSTEM\screenshots\2040306023095804\spotify_not_fg_after_open_56n5POxGEe6mw3MZrHwx9Q?si=b5a4661dae674cc8_screenshot_2040306023095804_20250519_184852385077.png
2025-05-19 18:48:52,499 - Worker-20403060 - PlaylistPlayer.2040306023095804 - ERROR - Error al capturar pantalla: [Errno 22] Invalid argument: 'C:\\Users\\def\\Documents\\OTWMusicSystem_Final\\OTWMusicSystem_Final\\otw_project\\OTW_MUSIC_SYSTEM\\screenshots\\2040306023095804\\spotify_not_fg_after_open_56n5POxGEe6mw3MZrHwx9Q?si=b5a4661dae674cc8_screenshot_2040306023095804_20250519_184852385077.png'
2025-05-19 18:48:52,499 - Worker-20403060 - PlaylistPlayer.2040306023095804 - INFO - Pausa antes de reintentar apertura de URL debido a no foreground.
2025-05-19 18:49:04,555 - Worker-20403060 - PlaylistPlayer.2040306023095804 - INFO - Intentando abrir URL: https://open.spotify.com/track/56n5POxGEe6mw3MZrHwx9Q?si=b5a4661dae674cc8 (Intento 2/3)
2025-05-19 18:49:04,555 - Worker-20403060 - PlaylistPlayer.2040306023095804 - DEBUG - Forzando detención de Spotify (com.spotify.music) antes de abrir URL.
2025-05-19 18:49:05,735 - Worker-20403060 - PlaylistPlayer.2040306023095804 - DEBUG - Presionando HOME.
2025-05-19 18:49:09,447 - Worker-20403060 - PlaylistPlayer.2040306023095804 - DEBUG - Ejecutando ADB intent para URL: https://open.spotify.com/track/56n5POxGEe6mw3MZrHwx9Q?si=b5a4661dae674cc8
2025-05-19 18:49:11,846 - Worker-20403060 - PlaylistPlayer.2040306023095804 - DEBUG - Resultado ADB 'am start': stdout='Starting: Intent { act=android.intent.action.VIEW dat=https://open.spotify.com/... flg=0x10008000 }', stderr=''
2025-05-19 18:49:15,779 - Worker-20403060 - PlaylistPlayer.2040306023095804 - DEBUG - Esperando que la app se abra y estabilice...
2025-05-19 18:49:28,844 - Worker-20403060 - PlaylistPlayer.2040306023095804 - DEBUG - Verificando diálogo 'Abrir con'...
2025-05-19 18:49:34,555 - Worker-20403060 - PlaylistPlayer.2040306023095804 - DEBUG - No se detectó diálogo 'Abrir con' explícito.
2025-05-19 18:49:34,555 - Worker-20403060 - PlaylistPlayer.2040306023095804 - DEBUG - No se manejó el diálogo 'Abrir con' o no apareció.
2025-05-19 18:49:34,555 - Worker-20403060 - PlaylistPlayer.2040306023095804 - DEBUG - Verificando si Spotify está en primer plano...
2025-05-19 18:49:34,555 - Worker-20403060 - PlaylistPlayer.2040306023095804 - DEBUG - Intentando con comando dumpsys (1): adb -s 2040306023095804 shell dumpsys activity top
2025-05-19 18:49:36,054 - Worker-20403060 - PlaylistPlayer.2040306023095804 - WARNING - Spotify NO parece estar en primer plano según dumpsys.
2025-05-19 18:49:36,055 - Worker-20403060 - PlaylistPlayer.2040306023095804 - DEBUG - Capturando pantalla en C:\Users\def\Documents\OTWMusicSystem_Final\OTWMusicSystem_Final\otw_project\OTW_MUSIC_SYSTEM\screenshots\2040306023095804\spotify_not_foreground_screenshot_2040306023095804_20250519_184936054690.png
2025-05-19 18:49:36,258 - Worker-20403060 - PlaylistPlayer.2040306023095804 - INFO - Captura de pantalla guardada: C:\Users\def\Documents\OTWMusicSystem_Final\OTWMusicSystem_Final\otw_project\OTW_MUSIC_SYSTEM\screenshots\2040306023095804\spotify_not_foreground_screenshot_2040306023095804_20250519_184936054690.png
2025-05-19 18:49:36,259 - Worker-20403060 - PlaylistPlayer.2040306023095804 - WARNING - Spotify no detectado en primer plano después de abrir https://open.spotify.com/track/56n5POxGEe6mw3MZrHwx9Q?si=b5a4661dae674cc8.
2025-05-19 18:49:36,259 - Worker-20403060 - PlaylistPlayer.2040306023095804 - DEBUG - Capturando pantalla en C:\Users\def\Documents\OTWMusicSystem_Final\OTWMusicSystem_Final\otw_project\OTW_MUSIC_SYSTEM\screenshots\2040306023095804\spotify_not_fg_after_open_56n5POxGEe6mw3MZrHwx9Q?si=b5a4661dae674cc8_screenshot_2040306023095804_20250519_184936259399.png
2025-05-19 18:49:36,366 - Worker-20403060 - PlaylistPlayer.2040306023095804 - ERROR - Error al capturar pantalla: [Errno 22] Invalid argument: 'C:\\Users\\def\\Documents\\OTWMusicSystem_Final\\OTWMusicSystem_Final\\otw_project\\OTW_MUSIC_SYSTEM\\screenshots\\2040306023095804\\spotify_not_fg_after_open_56n5POxGEe6mw3MZrHwx9Q?si=b5a4661dae674cc8_screenshot_2040306023095804_20250519_184936259399.png'
2025-05-19 18:49:36,366 - Worker-20403060 - PlaylistPlayer.2040306023095804 - INFO - Pausa antes de reintentar apertura de URL debido a no foreground.
2025-05-19 18:49:46,965 - Worker-20403060 - PlaylistPlayer.2040306023095804 - INFO - Intentando abrir URL: https://open.spotify.com/track/56n5POxGEe6mw3MZrHwx9Q?si=b5a4661dae674cc8 (Intento 3/3)
2025-05-19 18:49:46,965 - Worker-20403060 - PlaylistPlayer.2040306023095804 - DEBUG - Forzando detención de Spotify (com.spotify.music) antes de abrir URL.
2025-05-19 18:49:49,061 - Worker-20403060 - PlaylistPlayer.2040306023095804 - DEBUG - Presionando HOME.
2025-05-19 18:49:52,319 - Worker-20403060 - PlaylistPlayer.2040306023095804 - DEBUG - Ejecutando ADB intent para URL: https://open.spotify.com/track/56n5POxGEe6mw3MZrHwx9Q?si=b5a4661dae674cc8
