2025-05-22 02:07:57,469 - Worker-20403060 - PlaylistPlayer.2040306023095804 - INFO - Worker thread INICIADO. Logs en: C:\Users\def\Documents\OTWMusicSystem_Final\OTWMusicSystem_Final\otw_project\OTW_MUSIC_SYSTEM\logs\2040306023095804\playlist_player_20250522_020757.log
2025-05-22 02:07:57,471 - Worker-20403060 - PlaylistPlayer.2040306023095804 - INFO - Personalidad Creada (SLOW_MODE_FACTOR=1.75):
  TotalSessionDur: [45-150]m
  InitPlaylistDur: [30-120]m
  ArtistPlayDur: [10-30]m, Songs: [3-6]
  TrackSessionDur: [25-70]m, SingleTrack: [65-135]s
  Probs: LikePlaylist=0.80, Shuffle=0.77, SwitchPlaylist=0.29
  VisitArtist=0.40, FollowArtist=0.89, ExploreTracks=0.59, Search=0.11
2025-05-22 02:07:57,475 - Worker-20403060 - PlaylistPlayer.2040306023095804 - INFO - Conectando uiautomator2 (intento 1/3)...
2025-05-22 02:08:01,680 - Worker-20403060 - PlaylistPlayer.2040306023095804 - INFO - Conectado (Device: Studio_X5_Max, Android: N/A).
2025-05-22 02:08:02,055 - Worker-20403060 - PlaylistPlayer.2040306023095804 - INFO - Spotify (com.spotify.music v8.9.60.560) instalado.
2025-05-22 02:08:02,055 - Worker-20403060 - PlaylistPlayer.2040306023095804 - INFO - Setup inicial (kill Spotify, home).
2025-05-22 02:08:02,055 - Worker-20403060 - PlaylistPlayer.2040306023095804 - WARNING - Advertencia setup inicial: 'Device' object has no attribute 'app_kill'
2025-05-22 02:08:02,056 - Worker-20403060 - PlaylistPlayer.2040306023095804 - DEBUG - Capturando pantalla en C:\Users\def\Documents\OTWMusicSystem_Final\OTWMusicSystem_Final\otw_project\OTW_MUSIC_SYSTEM\screenshots\2040306023095804\init_setup_warn_screenshot_2040306023095804_20250522_020802055967.png
2025-05-22 02:08:03,763 - Worker-20403060 - PlaylistPlayer.2040306023095804 - INFO - Captura de pantalla guardada: C:\Users\def\Documents\OTWMusicSystem_Final\OTWMusicSystem_Final\otw_project\OTW_MUSIC_SYSTEM\screenshots\2040306023095804\init_setup_warn_screenshot_2040306023095804_20250522_020802055967.png
2025-05-22 02:08:03,775 - Worker-20403060 - PlaylistPlayer.2040306023095804 - INFO - --- Iniciando GRAN SESIÓN DE ESCUCHA #1 (Duración objetivo: ~81.0 min) ---
2025-05-22 02:08:03,776 - Worker-20403060 - PlaylistPlayer.2040306023095804 - INFO - Fase 1: Reproducción de Playlist Inicial Larga.
2025-05-22 02:08:03,776 - Worker-20403060 - PlaylistPlayer.2040306023095804 - INFO - Iniciando PLAYLIST: https://open.spotify.com/playlist/1jNkvpdVy0DtpabdXexqLg?si=Jnx5VeI4RtSq-M6_Fy4OMg por ~69 min.
2025-05-22 02:08:03,776 - Worker-20403060 - PlaylistPlayer.2040306023095804 - INFO - Intentando abrir URL: https://open.spotify.com/playlist/1jNkvpdVy0DtpabdXexqLg?si=Jnx5VeI4RtSq-M6_Fy4OMg (Intento 1/3)
2025-05-22 02:08:03,776 - Worker-20403060 - PlaylistPlayer.2040306023095804 - DEBUG - Forzando detención de Spotify (com.spotify.music).
2025-05-22 02:08:05,126 - Worker-20403060 - PlaylistPlayer.2040306023095804 - DEBUG - Presionando HOME.
2025-05-22 02:08:07,497 - Worker-20403060 - PlaylistPlayer.2040306023095804 - DEBUG - Ejecutando ADB intent para URL: https://open.spotify.com/playlist/1jNkvpdVy0DtpabdXexqLg?si=Jnx5VeI4RtSq-M6_Fy4OMg
2025-05-22 02:08:10,217 - Worker-20403060 - PlaylistPlayer.2040306023095804 - DEBUG - Resultado ADB: stdout='Starting: Intent { act=android.intent.action.VIEW dat=https://open.spotify.com/... flg=0x10008000 }', stderr=''
2025-05-22 02:08:14,253 - Worker-20403060 - PlaylistPlayer.2040306023095804 - DEBUG - Esperando app estabilice...
2025-05-22 02:08:27,171 - Worker-20403060 - PlaylistPlayer.2040306023095804 - DEBUG - Verificando diálogo 'Abrir con'...
2025-05-22 02:08:41,335 - Worker-20403060 - PlaylistPlayer.2040306023095804 - DEBUG - No se detectó diálogo 'Abrir con' explícito.
2025-05-22 02:08:41,335 - Worker-20403060 - PlaylistPlayer.2040306023095804 - DEBUG - No se manejó diálogo 'Abrir con'.
2025-05-22 02:08:41,335 - Worker-20403060 - PlaylistPlayer.2040306023095804 - DEBUG - Verificando si Spotify está en primer plano...
2025-05-22 02:08:41,335 - Worker-20403060 - PlaylistPlayer.2040306023095804 - DEBUG - Intentando con comando dumpsys (1): adb -s 2040306023095804 shell dumpsys activity top
2025-05-22 02:08:42,405 - Worker-20403060 - PlaylistPlayer.2040306023095804 - WARNING - Spotify NO parece estar en primer plano.
2025-05-22 02:08:42,406 - Worker-20403060 - PlaylistPlayer.2040306023095804 - DEBUG - Capturando pantalla en C:\Users\def\Documents\OTWMusicSystem_Final\OTWMusicSystem_Final\otw_project\OTW_MUSIC_SYSTEM\screenshots\2040306023095804\spotify_not_foreground_screenshot_2040306023095804_20250522_020842405164.png
2025-05-22 02:08:42,697 - Worker-20403060 - PlaylistPlayer.2040306023095804 - INFO - Captura de pantalla guardada: C:\Users\def\Documents\OTWMusicSystem_Final\OTWMusicSystem_Final\otw_project\OTW_MUSIC_SYSTEM\screenshots\2040306023095804\spotify_not_foreground_screenshot_2040306023095804_20250522_020842405164.png
2025-05-22 02:08:42,697 - Worker-20403060 - PlaylistPlayer.2040306023095804 - WARNING - Spotify no en primer plano tras abrir https://open.spotify.com/playlist/1jNkvpdVy0DtpabdXexqLg?si=Jnx5VeI4RtSq-M6_Fy4OMg.
2025-05-22 02:08:42,698 - Worker-20403060 - PlaylistPlayer.2040306023095804 - DEBUG - Capturando pantalla en C:\Users\def\Documents\OTWMusicSystem_Final\OTWMusicSystem_Final\otw_project\OTW_MUSIC_SYSTEM\screenshots\2040306023095804\spotify_not_fg_screenshot_2040306023095804_20250522_020842697799.png
2025-05-22 02:08:42,990 - Worker-20403060 - PlaylistPlayer.2040306023095804 - INFO - Captura de pantalla guardada: C:\Users\def\Documents\OTWMusicSystem_Final\OTWMusicSystem_Final\otw_project\OTW_MUSIC_SYSTEM\screenshots\2040306023095804\spotify_not_fg_screenshot_2040306023095804_20250522_020842697799.png
