2025-05-19 18:34:01,770 - Worker-20403060 - PlaylistPlayer.2040306023081159 - INFO - Worker thread INICIADO. Logs en: C:\Users\def\Documents\OTWMusicSystem_Final\OTWMusicSystem_Final\otw_project\OTW_MUSIC_SYSTEM\logs\2040306023081159\playlist_player_20250519_183401.log
2025-05-19 18:34:01,770 - Worker-20403060 - PlaylistPlayer.2040306023081159 - INFO - Personalidad Creada: FollowP=0.57, SearchP=0.06, MinTrackT=66s, MinContentT=4m
2025-05-19 18:34:01,771 - Worker-20403060 - PlaylistPlayer.2040306023081159 - INFO - Intentando conectar a uiautomator2 (intento 1/3)...
2025-05-19 18:34:17,978 - Worker-20403060 - PlaylistPlayer.2040306023081159 - DEBUG - Conexión u2 establecida preliminarmente.
2025-05-19 18:34:18,232 - Worker-20403060 - PlaylistPlayer.2040306023081159 - INFO - Conectado (Device: Studio_X5_Max, Android: N/A).
2025-05-19 18:34:18,413 - Worker-20403060 - PlaylistPlayer.2040306023081159 - INFO - Spotify (com.spotify.music v9.0.36.484) está instalado.
2025-05-19 18:34:18,413 - Worker-20403060 - PlaylistPlayer.2040306023081159 - INFO - Configuración inicial (kill Spotify y volver a Home).
2025-05-19 18:34:18,413 - Worker-20403060 - PlaylistPlayer.2040306023081159 - WARNING - Advertencia durante configuración inicial: 'Device' object has no attribute 'app_kill'
2025-05-19 18:34:18,414 - Worker-20403060 - PlaylistPlayer.2040306023081159 - DEBUG - Capturando pantalla en C:\Users\def\Documents\OTWMusicSystem_Final\OTWMusicSystem_Final\otw_project\OTW_MUSIC_SYSTEM\screenshots\2040306023081159\initial_setup_warn_screenshot_2040306023081159_20250519_183418413586.png
2025-05-19 18:34:19,437 - Worker-20403060 - PlaylistPlayer.2040306023081159 - INFO - Captura de pantalla guardada: C:\Users\def\Documents\OTWMusicSystem_Final\OTWMusicSystem_Final\otw_project\OTW_MUSIC_SYSTEM\screenshots\2040306023081159\initial_setup_warn_screenshot_2040306023081159_20250519_183418413586.png
2025-05-19 18:34:19,437 - Worker-20403060 - PlaylistPlayer.2040306023081159 - INFO - --- Iniciando Sesión de Interacción #1 ---
2025-05-19 18:34:19,437 - Worker-20403060 - PlaylistPlayer.2040306023081159 - INFO - Selección: Link (track) -> https://open.spotify.com/track/7cyb9fUxjXeUIjuS7y1mOU?si=d7740fb8b7924b75
2025-05-19 18:34:19,438 - Worker-20403060 - PlaylistPlayer.2040306023081159 - INFO - Iniciando interacción con TRACK: https://open.spotify.com/track/7cyb9fUxjXeUIjuS7y1mOU?si=d7740fb8b7924b75
2025-05-19 18:34:19,438 - Worker-20403060 - PlaylistPlayer.2040306023081159 - INFO - Intentando abrir URL: https://open.spotify.com/track/7cyb9fUxjXeUIjuS7y1mOU?si=d7740fb8b7924b75 (Intento 1/3)
2025-05-19 18:34:19,438 - Worker-20403060 - PlaylistPlayer.2040306023081159 - DEBUG - Forzando detención de Spotify (com.spotify.music) antes de abrir URL.
2025-05-19 18:34:20,456 - Worker-20403060 - PlaylistPlayer.2040306023081159 - DEBUG - Presionando HOME.
2025-05-19 18:34:22,480 - Worker-20403060 - PlaylistPlayer.2040306023081159 - DEBUG - Ejecutando ADB intent para URL: https://open.spotify.com/track/7cyb9fUxjXeUIjuS7y1mOU?si=d7740fb8b7924b75
2025-05-19 18:34:24,060 - Worker-20403060 - PlaylistPlayer.2040306023081159 - DEBUG - Resultado ADB 'am start': stdout='Starting: Intent { act=android.intent.action.VIEW dat=https://open.spotify.com/... flg=0x10008000 }', stderr=''
2025-05-19 18:34:25,503 - Worker-20403060 - PlaylistPlayer.2040306023081159 - DEBUG - Esperando que la app se abra y estabilice (5-8s)...
2025-05-19 18:34:32,077 - Worker-20403060 - PlaylistPlayer.2040306023081159 - DEBUG - Verificando diálogo 'Abrir con'...
2025-05-19 18:35:10,302 - Worker-20403060 - PlaylistPlayer.2040306023081159 - DEBUG - No se detectó diálogo 'Abrir con' explícito.
2025-05-19 18:35:10,302 - Worker-20403060 - PlaylistPlayer.2040306023081159 - DEBUG - No se manejó el diálogo 'Abrir con' o no apareció.
2025-05-19 18:35:10,302 - Worker-20403060 - PlaylistPlayer.2040306023081159 - DEBUG - Verificando si Spotify está en primer plano...
2025-05-19 18:35:10,303 - Worker-20403060 - PlaylistPlayer.2040306023081159 - DEBUG - Intentando con comando dumpsys (1): adb -s 2040306023081159 shell dumpsys activity top
2025-05-19 18:35:15,529 - Worker-20403060 - PlaylistPlayer.2040306023081159 - WARNING - Spotify NO parece estar en primer plano según dumpsys.
2025-05-19 18:35:15,531 - Worker-20403060 - PlaylistPlayer.2040306023081159 - DEBUG - Capturando pantalla en C:\Users\def\Documents\OTWMusicSystem_Final\OTWMusicSystem_Final\otw_project\OTW_MUSIC_SYSTEM\screenshots\2040306023081159\spotify_not_foreground_screenshot_2040306023081159_20250519_183515530214.png
2025-05-19 18:35:16,579 - Worker-20403060 - PlaylistPlayer.2040306023081159 - INFO - Captura de pantalla guardada: C:\Users\def\Documents\OTWMusicSystem_Final\OTWMusicSystem_Final\otw_project\OTW_MUSIC_SYSTEM\screenshots\2040306023081159\spotify_not_foreground_screenshot_2040306023081159_20250519_183515530214.png
2025-05-19 18:35:16,579 - Worker-20403060 - PlaylistPlayer.2040306023081159 - WARNING - Spotify no detectado en primer plano después de abrir https://open.spotify.com/track/7cyb9fUxjXeUIjuS7y1mOU?si=d7740fb8b7924b75.
2025-05-19 18:35:16,580 - Worker-20403060 - PlaylistPlayer.2040306023081159 - DEBUG - Capturando pantalla en C:\Users\def\Documents\OTWMusicSystem_Final\OTWMusicSystem_Final\otw_project\OTW_MUSIC_SYSTEM\screenshots\2040306023081159\spotify_not_fg_after_open_7cyb9fUxjXeUIjuS7y1mOU?si=d7740fb8b7924b75_screenshot_2040306023081159_20250519_183516579774.png
2025-05-19 18:35:16,721 - Worker-20403060 - PlaylistPlayer.2040306023081159 - ERROR - Error al capturar pantalla: [Errno 22] Invalid argument: 'C:\\Users\\def\\Documents\\OTWMusicSystem_Final\\OTWMusicSystem_Final\\otw_project\\OTW_MUSIC_SYSTEM\\screenshots\\2040306023081159\\spotify_not_fg_after_open_7cyb9fUxjXeUIjuS7y1mOU?si=d7740fb8b7924b75_screenshot_2040306023081159_20250519_183516579774.png'
2025-05-19 18:35:16,722 - Worker-20403060 - PlaylistPlayer.2040306023081159 - INFO - Pausa antes de reintentar apertura de URL debido a no foreground (5.2s).
2025-05-19 18:35:21,465 - Worker-20403060 - PlaylistPlayer.2040306023081159 - INFO - Intentando abrir URL: https://open.spotify.com/track/7cyb9fUxjXeUIjuS7y1mOU?si=d7740fb8b7924b75 (Intento 2/3)
2025-05-19 18:35:21,474 - Worker-20403060 - PlaylistPlayer.2040306023081159 - DEBUG - Forzando detención de Spotify (com.spotify.music) antes de abrir URL.
2025-05-19 18:35:22,369 - Worker-20403060 - PlaylistPlayer.2040306023081159 - DEBUG - Presionando HOME.
2025-05-19 18:35:24,783 - Worker-20403060 - PlaylistPlayer.2040306023081159 - DEBUG - Ejecutando ADB intent para URL: https://open.spotify.com/track/7cyb9fUxjXeUIjuS7y1mOU?si=d7740fb8b7924b75
2025-05-19 18:35:26,329 - Worker-20403060 - PlaylistPlayer.2040306023081159 - DEBUG - Resultado ADB 'am start': stdout='Starting: Intent { act=android.intent.action.VIEW dat=https://open.spotify.com/... flg=0x10008000 }', stderr=''
2025-05-19 18:35:28,270 - Worker-20403060 - PlaylistPlayer.2040306023081159 - DEBUG - Esperando que la app se abra y estabilice (5-8s)...
2025-05-19 18:35:33,980 - Worker-20403060 - PlaylistPlayer.2040306023081159 - DEBUG - Verificando diálogo 'Abrir con'...
2025-05-19 18:36:33,196 - Worker-20403060 - PlaylistPlayer.2040306023081159 - DEBUG - No se detectó diálogo 'Abrir con' explícito.
2025-05-19 18:36:33,196 - Worker-20403060 - PlaylistPlayer.2040306023081159 - DEBUG - No se manejó el diálogo 'Abrir con' o no apareció.
2025-05-19 18:36:33,197 - Worker-20403060 - PlaylistPlayer.2040306023081159 - DEBUG - Verificando si Spotify está en primer plano...
2025-05-19 18:36:33,197 - Worker-20403060 - PlaylistPlayer.2040306023081159 - DEBUG - Intentando con comando dumpsys (1): adb -s 2040306023081159 shell dumpsys activity top
2025-05-19 18:36:38,414 - Worker-20403060 - PlaylistPlayer.2040306023081159 - WARNING - Spotify NO parece estar en primer plano según dumpsys.
2025-05-19 18:36:38,414 - Worker-20403060 - PlaylistPlayer.2040306023081159 - DEBUG - Capturando pantalla en C:\Users\def\Documents\OTWMusicSystem_Final\OTWMusicSystem_Final\otw_project\OTW_MUSIC_SYSTEM\screenshots\2040306023081159\spotify_not_foreground_screenshot_2040306023081159_20250519_183638414505.png
2025-05-19 18:36:39,490 - Worker-20403060 - PlaylistPlayer.2040306023081159 - INFO - Captura de pantalla guardada: C:\Users\def\Documents\OTWMusicSystem_Final\OTWMusicSystem_Final\otw_project\OTW_MUSIC_SYSTEM\screenshots\2040306023081159\spotify_not_foreground_screenshot_2040306023081159_20250519_183638414505.png
2025-05-19 18:36:39,490 - Worker-20403060 - PlaylistPlayer.2040306023081159 - WARNING - Spotify no detectado en primer plano después de abrir https://open.spotify.com/track/7cyb9fUxjXeUIjuS7y1mOU?si=d7740fb8b7924b75.
2025-05-19 18:36:39,491 - Worker-20403060 - PlaylistPlayer.2040306023081159 - DEBUG - Capturando pantalla en C:\Users\def\Documents\OTWMusicSystem_Final\OTWMusicSystem_Final\otw_project\OTW_MUSIC_SYSTEM\screenshots\2040306023081159\spotify_not_fg_after_open_7cyb9fUxjXeUIjuS7y1mOU?si=d7740fb8b7924b75_screenshot_2040306023081159_20250519_183639490963.png
2025-05-19 18:36:39,625 - Worker-20403060 - PlaylistPlayer.2040306023081159 - ERROR - Error al capturar pantalla: [Errno 22] Invalid argument: 'C:\\Users\\def\\Documents\\OTWMusicSystem_Final\\OTWMusicSystem_Final\\otw_project\\OTW_MUSIC_SYSTEM\\screenshots\\2040306023081159\\spotify_not_fg_after_open_7cyb9fUxjXeUIjuS7y1mOU?si=d7740fb8b7924b75_screenshot_2040306023081159_20250519_183639490963.png'
2025-05-19 18:36:39,625 - Worker-20403060 - PlaylistPlayer.2040306023081159 - INFO - Pausa antes de reintentar apertura de URL debido a no foreground (4.9s).
2025-05-19 18:36:46,079 - Worker-20403060 - PlaylistPlayer.2040306023081159 - INFO - Intentando abrir URL: https://open.spotify.com/track/7cyb9fUxjXeUIjuS7y1mOU?si=d7740fb8b7924b75 (Intento 3/3)
2025-05-19 18:36:46,079 - Worker-20403060 - PlaylistPlayer.2040306023081159 - DEBUG - Forzando detención de Spotify (com.spotify.music) antes de abrir URL.
2025-05-19 18:36:47,307 - Worker-20403060 - PlaylistPlayer.2040306023081159 - DEBUG - Presionando HOME.
2025-05-19 18:36:49,866 - Worker-20403060 - PlaylistPlayer.2040306023081159 - DEBUG - Ejecutando ADB intent para URL: https://open.spotify.com/track/7cyb9fUxjXeUIjuS7y1mOU?si=d7740fb8b7924b75
2025-05-19 18:36:51,405 - Worker-20403060 - PlaylistPlayer.2040306023081159 - DEBUG - Resultado ADB 'am start': stdout='Starting: Intent { act=android.intent.action.VIEW dat=https://open.spotify.com/... flg=0x10008000 }', stderr=''
2025-05-19 18:36:53,834 - Worker-20403060 - PlaylistPlayer.2040306023081159 - DEBUG - Esperando que la app se abra y estabilice (5-8s)...
2025-05-19 18:36:58,963 - Worker-20403060 - PlaylistPlayer.2040306023081159 - DEBUG - Verificando diálogo 'Abrir con'...
2025-05-19 18:37:30,311 - Worker-20403060 - PlaylistPlayer.2040306023081159 - DEBUG - No se detectó diálogo 'Abrir con' explícito.
2025-05-19 18:37:30,311 - Worker-20403060 - PlaylistPlayer.2040306023081159 - DEBUG - No se manejó el diálogo 'Abrir con' o no apareció.
2025-05-19 18:37:30,311 - Worker-20403060 - PlaylistPlayer.2040306023081159 - DEBUG - Verificando si Spotify está en primer plano...
2025-05-19 18:37:30,311 - Worker-20403060 - PlaylistPlayer.2040306023081159 - DEBUG - Intentando con comando dumpsys (1): adb -s 2040306023081159 shell dumpsys activity top
2025-05-19 18:37:35,487 - Worker-20403060 - PlaylistPlayer.2040306023081159 - WARNING - Spotify NO parece estar en primer plano según dumpsys.
2025-05-19 18:37:35,487 - Worker-20403060 - PlaylistPlayer.2040306023081159 - DEBUG - Capturando pantalla en C:\Users\def\Documents\OTWMusicSystem_Final\OTWMusicSystem_Final\otw_project\OTW_MUSIC_SYSTEM\screenshots\2040306023081159\spotify_not_foreground_screenshot_2040306023081159_20250519_183735487470.png
2025-05-19 18:37:36,537 - Worker-20403060 - PlaylistPlayer.2040306023081159 - INFO - Captura de pantalla guardada: C:\Users\def\Documents\OTWMusicSystem_Final\OTWMusicSystem_Final\otw_project\OTW_MUSIC_SYSTEM\screenshots\2040306023081159\spotify_not_foreground_screenshot_2040306023081159_20250519_183735487470.png
2025-05-19 18:37:36,537 - Worker-20403060 - PlaylistPlayer.2040306023081159 - WARNING - Spotify no detectado en primer plano después de abrir https://open.spotify.com/track/7cyb9fUxjXeUIjuS7y1mOU?si=d7740fb8b7924b75.
2025-05-19 18:37:36,537 - Worker-20403060 - PlaylistPlayer.2040306023081159 - DEBUG - Capturando pantalla en C:\Users\def\Documents\OTWMusicSystem_Final\OTWMusicSystem_Final\otw_project\OTW_MUSIC_SYSTEM\screenshots\2040306023081159\spotify_not_fg_after_open_7cyb9fUxjXeUIjuS7y1mOU?si=d7740fb8b7924b75_screenshot_2040306023081159_20250519_183736537564.png
2025-05-19 18:37:36,656 - Worker-20403060 - PlaylistPlayer.2040306023081159 - ERROR - Error al capturar pantalla: [Errno 22] Invalid argument: 'C:\\Users\\def\\Documents\\OTWMusicSystem_Final\\OTWMusicSystem_Final\\otw_project\\OTW_MUSIC_SYSTEM\\screenshots\\2040306023081159\\spotify_not_fg_after_open_7cyb9fUxjXeUIjuS7y1mOU?si=d7740fb8b7924b75_screenshot_2040306023081159_20250519_183736537564.png'
2025-05-19 18:37:36,657 - Worker-20403060 - PlaylistPlayer.2040306023081159 - INFO - Pausa antes de reintentar apertura de URL debido a no foreground (4.7s).
2025-05-19 18:37:42,692 - Worker-20403060 - PlaylistPlayer.2040306023081159 - INFO - Intentando abrir URL: https://open.spotify.com/track/7cyb9fUxjXeUIjuS7y1mOU?si=d7740fb8b7924b75 (Intento 4/3)
2025-05-19 18:37:42,692 - Worker-20403060 - PlaylistPlayer.2040306023081159 - ERROR - Máximos reintentos (3) alcanzados para abrir URL https://open.spotify.com/track/7cyb9fUxjXeUIjuS7y1mOU?si=d7740fb8b7924b75
2025-05-19 18:37:42,692 - Worker-20403060 - PlaylistPlayer.2040306023081159 - DEBUG - Capturando pantalla en C:\Users\def\Documents\OTWMusicSystem_Final\OTWMusicSystem_Final\otw_project\OTW_MUSIC_SYSTEM\screenshots\2040306023081159\open_url_max_retries_fail_7cyb9fUxjXeUIjuS7y1mOU?si=d7740fb8b7924b75_screenshot_2040306023081159_20250519_183742692142.png
2025-05-19 18:37:42,818 - Worker-20403060 - PlaylistPlayer.2040306023081159 - ERROR - Error al capturar pantalla: [Errno 22] Invalid argument: 'C:\\Users\\def\\Documents\\OTWMusicSystem_Final\\OTWMusicSystem_Final\\otw_project\\OTW_MUSIC_SYSTEM\\screenshots\\2040306023081159\\open_url_max_retries_fail_7cyb9fUxjXeUIjuS7y1mOU?si=d7740fb8b7924b75_screenshot_2040306023081159_20250519_183742692142.png'
2025-05-19 18:37:42,818 - Worker-20403060 - PlaylistPlayer.2040306023081159 - ERROR - No se pudo abrir el track https://open.spotify.com/track/7cyb9fUxjXeUIjuS7y1mOU?si=d7740fb8b7924b75. Terminando interacción.
2025-05-19 18:37:42,818 - Worker-20403060 - PlaylistPlayer.2040306023081159 - INFO - Sesión #1 completada. Pausa de 9.3s.
2025-05-19 18:37:52,080 - Worker-20403060 - PlaylistPlayer.2040306023081159 - INFO - --- Iniciando Sesión de Interacción #2 ---
2025-05-19 18:37:52,080 - Worker-20403060 - PlaylistPlayer.2040306023081159 - INFO - Selección: Link (track) -> https://open.spotify.com/track/5QuGD4wmi7hCjv2JDM0v5f?si=bc54d26e32d54e04
2025-05-19 18:37:52,080 - Worker-20403060 - PlaylistPlayer.2040306023081159 - INFO - Iniciando interacción con TRACK: https://open.spotify.com/track/5QuGD4wmi7hCjv2JDM0v5f?si=bc54d26e32d54e04
2025-05-19 18:37:52,080 - Worker-20403060 - PlaylistPlayer.2040306023081159 - INFO - Intentando abrir URL: https://open.spotify.com/track/5QuGD4wmi7hCjv2JDM0v5f?si=bc54d26e32d54e04 (Intento 1/3)
2025-05-19 18:37:52,080 - Worker-20403060 - PlaylistPlayer.2040306023081159 - DEBUG - Forzando detención de Spotify (com.spotify.music) antes de abrir URL.
2025-05-19 18:37:53,439 - Worker-20403060 - PlaylistPlayer.2040306023081159 - DEBUG - Presionando HOME.
2025-05-19 18:37:55,790 - Worker-20403060 - PlaylistPlayer.2040306023081159 - DEBUG - Ejecutando ADB intent para URL: https://open.spotify.com/track/5QuGD4wmi7hCjv2JDM0v5f?si=bc54d26e32d54e04
2025-05-19 18:37:57,585 - Worker-20403060 - PlaylistPlayer.2040306023081159 - DEBUG - Resultado ADB 'am start': stdout='Starting: Intent { act=android.intent.action.VIEW dat=https://open.spotify.com/... flg=0x10008000 }', stderr=''
2025-05-19 18:37:59,742 - Worker-20403060 - PlaylistPlayer.2040306023081159 - DEBUG - Esperando que la app se abra y estabilice (5-8s)...
2025-05-19 18:38:06,910 - Worker-20403060 - PlaylistPlayer.2040306023081159 - DEBUG - Verificando diálogo 'Abrir con'...
2025-05-19 18:38:35,395 - Worker-20403060 - PlaylistPlayer.2040306023081159 - DEBUG - No se detectó diálogo 'Abrir con' explícito.
2025-05-19 18:38:35,395 - Worker-20403060 - PlaylistPlayer.2040306023081159 - DEBUG - No se manejó el diálogo 'Abrir con' o no apareció.
2025-05-19 18:38:35,395 - Worker-20403060 - PlaylistPlayer.2040306023081159 - DEBUG - Verificando si Spotify está en primer plano...
2025-05-19 18:38:35,395 - Worker-20403060 - PlaylistPlayer.2040306023081159 - DEBUG - Intentando con comando dumpsys (1): adb -s 2040306023081159 shell dumpsys activity top
2025-05-19 18:38:40,650 - Worker-20403060 - PlaylistPlayer.2040306023081159 - WARNING - Spotify NO parece estar en primer plano según dumpsys.
2025-05-19 18:38:40,650 - Worker-20403060 - PlaylistPlayer.2040306023081159 - DEBUG - Capturando pantalla en C:\Users\def\Documents\OTWMusicSystem_Final\OTWMusicSystem_Final\otw_project\OTW_MUSIC_SYSTEM\screenshots\2040306023081159\spotify_not_foreground_screenshot_2040306023081159_20250519_183840650675.png
2025-05-19 18:38:41,670 - Worker-20403060 - PlaylistPlayer.2040306023081159 - INFO - Captura de pantalla guardada: C:\Users\def\Documents\OTWMusicSystem_Final\OTWMusicSystem_Final\otw_project\OTW_MUSIC_SYSTEM\screenshots\2040306023081159\spotify_not_foreground_screenshot_2040306023081159_20250519_183840650675.png
2025-05-19 18:38:41,670 - Worker-20403060 - PlaylistPlayer.2040306023081159 - WARNING - Spotify no detectado en primer plano después de abrir https://open.spotify.com/track/5QuGD4wmi7hCjv2JDM0v5f?si=bc54d26e32d54e04.
2025-05-19 18:38:41,671 - Worker-20403060 - PlaylistPlayer.2040306023081159 - DEBUG - Capturando pantalla en C:\Users\def\Documents\OTWMusicSystem_Final\OTWMusicSystem_Final\otw_project\OTW_MUSIC_SYSTEM\screenshots\2040306023081159\spotify_not_fg_after_open_5QuGD4wmi7hCjv2JDM0v5f?si=bc54d26e32d54e04_screenshot_2040306023081159_20250519_183841670825.png
2025-05-19 18:38:41,786 - Worker-20403060 - PlaylistPlayer.2040306023081159 - ERROR - Error al capturar pantalla: [Errno 22] Invalid argument: 'C:\\Users\\def\\Documents\\OTWMusicSystem_Final\\OTWMusicSystem_Final\\otw_project\\OTW_MUSIC_SYSTEM\\screenshots\\2040306023081159\\spotify_not_fg_after_open_5QuGD4wmi7hCjv2JDM0v5f?si=bc54d26e32d54e04_screenshot_2040306023081159_20250519_183841670825.png'
2025-05-19 18:38:41,786 - Worker-20403060 - PlaylistPlayer.2040306023081159 - INFO - Pausa antes de reintentar apertura de URL debido a no foreground (4.7s).
2025-05-19 18:38:46,777 - Worker-20403060 - PlaylistPlayer.2040306023081159 - INFO - Intentando abrir URL: https://open.spotify.com/track/5QuGD4wmi7hCjv2JDM0v5f?si=bc54d26e32d54e04 (Intento 2/3)
2025-05-19 18:38:46,777 - Worker-20403060 - PlaylistPlayer.2040306023081159 - DEBUG - Forzando detención de Spotify (com.spotify.music) antes de abrir URL.
2025-05-19 18:38:48,013 - Worker-20403060 - PlaylistPlayer.2040306023081159 - DEBUG - Presionando HOME.
2025-05-19 18:38:50,293 - Worker-20403060 - PlaylistPlayer.2040306023081159 - DEBUG - Ejecutando ADB intent para URL: https://open.spotify.com/track/5QuGD4wmi7hCjv2JDM0v5f?si=bc54d26e32d54e04
2025-05-19 18:38:52,050 - Worker-20403060 - PlaylistPlayer.2040306023081159 - DEBUG - Resultado ADB 'am start': stdout='Starting: Intent { act=android.intent.action.VIEW dat=https://open.spotify.com/... flg=0x10008000 }', stderr=''
2025-05-19 18:38:54,478 - Worker-20403060 - PlaylistPlayer.2040306023081159 - DEBUG - Esperando que la app se abra y estabilice (5-8s)...
2025-05-19 18:38:59,830 - Worker-20403060 - PlaylistPlayer.2040306023081159 - DEBUG - Verificando diálogo 'Abrir con'...
2025-05-19 18:40:17,040 - Worker-20403060 - PlaylistPlayer.2040306023081159 - DEBUG - No se detectó diálogo 'Abrir con' explícito.
2025-05-19 18:40:17,041 - Worker-20403060 - PlaylistPlayer.2040306023081159 - DEBUG - No se manejó el diálogo 'Abrir con' o no apareció.
2025-05-19 18:40:17,041 - Worker-20403060 - PlaylistPlayer.2040306023081159 - DEBUG - Verificando si Spotify está en primer plano...
2025-05-19 18:40:17,041 - Worker-20403060 - PlaylistPlayer.2040306023081159 - DEBUG - Intentando con comando dumpsys (1): adb -s 2040306023081159 shell dumpsys activity top
2025-05-19 18:40:22,238 - Worker-20403060 - PlaylistPlayer.2040306023081159 - WARNING - Spotify NO parece estar en primer plano según dumpsys.
2025-05-19 18:40:22,239 - Worker-20403060 - PlaylistPlayer.2040306023081159 - DEBUG - Capturando pantalla en C:\Users\def\Documents\OTWMusicSystem_Final\OTWMusicSystem_Final\otw_project\OTW_MUSIC_SYSTEM\screenshots\2040306023081159\spotify_not_foreground_screenshot_2040306023081159_20250519_184022238604.png
2025-05-19 18:40:23,295 - Worker-20403060 - PlaylistPlayer.2040306023081159 - INFO - Captura de pantalla guardada: C:\Users\def\Documents\OTWMusicSystem_Final\OTWMusicSystem_Final\otw_project\OTW_MUSIC_SYSTEM\screenshots\2040306023081159\spotify_not_foreground_screenshot_2040306023081159_20250519_184022238604.png
2025-05-19 18:40:23,295 - Worker-20403060 - PlaylistPlayer.2040306023081159 - WARNING - Spotify no detectado en primer plano después de abrir https://open.spotify.com/track/5QuGD4wmi7hCjv2JDM0v5f?si=bc54d26e32d54e04.
2025-05-19 18:40:23,296 - Worker-20403060 - PlaylistPlayer.2040306023081159 - DEBUG - Capturando pantalla en C:\Users\def\Documents\OTWMusicSystem_Final\OTWMusicSystem_Final\otw_project\OTW_MUSIC_SYSTEM\screenshots\2040306023081159\spotify_not_fg_after_open_5QuGD4wmi7hCjv2JDM0v5f?si=bc54d26e32d54e04_screenshot_2040306023081159_20250519_184023296428.png
2025-05-19 18:40:23,425 - Worker-20403060 - PlaylistPlayer.2040306023081159 - ERROR - Error al capturar pantalla: [Errno 22] Invalid argument: 'C:\\Users\\def\\Documents\\OTWMusicSystem_Final\\OTWMusicSystem_Final\\otw_project\\OTW_MUSIC_SYSTEM\\screenshots\\2040306023081159\\spotify_not_fg_after_open_5QuGD4wmi7hCjv2JDM0v5f?si=bc54d26e32d54e04_screenshot_2040306023081159_20250519_184023296428.png'
2025-05-19 18:40:23,425 - Worker-20403060 - PlaylistPlayer.2040306023081159 - INFO - Pausa antes de reintentar apertura de URL debido a no foreground (4.7s).
2025-05-19 18:40:28,165 - Worker-20403060 - PlaylistPlayer.2040306023081159 - INFO - Intentando abrir URL: https://open.spotify.com/track/5QuGD4wmi7hCjv2JDM0v5f?si=bc54d26e32d54e04 (Intento 3/3)
2025-05-19 18:40:28,165 - Worker-20403060 - PlaylistPlayer.2040306023081159 - DEBUG - Forzando detención de Spotify (com.spotify.music) antes de abrir URL.
2025-05-19 18:40:29,159 - Worker-20403060 - PlaylistPlayer.2040306023081159 - DEBUG - Presionando HOME.
2025-05-19 18:40:31,565 - Worker-20403060 - PlaylistPlayer.2040306023081159 - DEBUG - Ejecutando ADB intent para URL: https://open.spotify.com/track/5QuGD4wmi7hCjv2JDM0v5f?si=bc54d26e32d54e04
2025-05-19 18:40:33,000 - Worker-20403060 - PlaylistPlayer.2040306023081159 - DEBUG - Resultado ADB 'am start': stdout='Starting: Intent { act=android.intent.action.VIEW dat=https://open.spotify.com/... flg=0x10008000 }', stderr=''
2025-05-19 18:40:34,271 - Worker-20403060 - PlaylistPlayer.2040306023081159 - DEBUG - Esperando que la app se abra y estabilice (5-8s)...
2025-05-19 18:40:40,477 - Worker-20403060 - PlaylistPlayer.2040306023081159 - DEBUG - Verificando diálogo 'Abrir con'...
2025-05-19 18:41:41,969 - Worker-20403060 - PlaylistPlayer.2040306023081159 - DEBUG - No se detectó diálogo 'Abrir con' explícito.
2025-05-19 18:41:41,969 - Worker-20403060 - PlaylistPlayer.2040306023081159 - DEBUG - No se manejó el diálogo 'Abrir con' o no apareció.
2025-05-19 18:41:41,969 - Worker-20403060 - PlaylistPlayer.2040306023081159 - DEBUG - Verificando si Spotify está en primer plano...
2025-05-19 18:41:41,970 - Worker-20403060 - PlaylistPlayer.2040306023081159 - DEBUG - Intentando con comando dumpsys (1): adb -s 2040306023081159 shell dumpsys activity top
2025-05-19 18:41:47,162 - Worker-20403060 - PlaylistPlayer.2040306023081159 - WARNING - Spotify NO parece estar en primer plano según dumpsys.
2025-05-19 18:41:47,163 - Worker-20403060 - PlaylistPlayer.2040306023081159 - DEBUG - Capturando pantalla en C:\Users\def\Documents\OTWMusicSystem_Final\OTWMusicSystem_Final\otw_project\OTW_MUSIC_SYSTEM\screenshots\2040306023081159\spotify_not_foreground_screenshot_2040306023081159_20250519_184147162644.png
2025-05-19 18:41:48,212 - Worker-20403060 - PlaylistPlayer.2040306023081159 - INFO - Captura de pantalla guardada: C:\Users\def\Documents\OTWMusicSystem_Final\OTWMusicSystem_Final\otw_project\OTW_MUSIC_SYSTEM\screenshots\2040306023081159\spotify_not_foreground_screenshot_2040306023081159_20250519_184147162644.png
2025-05-19 18:41:48,212 - Worker-20403060 - PlaylistPlayer.2040306023081159 - WARNING - Spotify no detectado en primer plano después de abrir https://open.spotify.com/track/5QuGD4wmi7hCjv2JDM0v5f?si=bc54d26e32d54e04.
2025-05-19 18:41:48,212 - Worker-20403060 - PlaylistPlayer.2040306023081159 - DEBUG - Capturando pantalla en C:\Users\def\Documents\OTWMusicSystem_Final\OTWMusicSystem_Final\otw_project\OTW_MUSIC_SYSTEM\screenshots\2040306023081159\spotify_not_fg_after_open_5QuGD4wmi7hCjv2JDM0v5f?si=bc54d26e32d54e04_screenshot_2040306023081159_20250519_184148212943.png
2025-05-19 18:41:48,330 - Worker-20403060 - PlaylistPlayer.2040306023081159 - ERROR - Error al capturar pantalla: [Errno 22] Invalid argument: 'C:\\Users\\def\\Documents\\OTWMusicSystem_Final\\OTWMusicSystem_Final\\otw_project\\OTW_MUSIC_SYSTEM\\screenshots\\2040306023081159\\spotify_not_fg_after_open_5QuGD4wmi7hCjv2JDM0v5f?si=bc54d26e32d54e04_screenshot_2040306023081159_20250519_184148212943.png'
2025-05-19 18:41:48,330 - Worker-20403060 - PlaylistPlayer.2040306023081159 - INFO - Pausa antes de reintentar apertura de URL debido a no foreground (5.2s).
2025-05-19 18:41:53,746 - Worker-20403060 - PlaylistPlayer.2040306023081159 - INFO - Intentando abrir URL: https://open.spotify.com/track/5QuGD4wmi7hCjv2JDM0v5f?si=bc54d26e32d54e04 (Intento 4/3)
2025-05-19 18:41:53,746 - Worker-20403060 - PlaylistPlayer.2040306023081159 - ERROR - Máximos reintentos (3) alcanzados para abrir URL https://open.spotify.com/track/5QuGD4wmi7hCjv2JDM0v5f?si=bc54d26e32d54e04
2025-05-19 18:41:53,747 - Worker-20403060 - PlaylistPlayer.2040306023081159 - DEBUG - Capturando pantalla en C:\Users\def\Documents\OTWMusicSystem_Final\OTWMusicSystem_Final\otw_project\OTW_MUSIC_SYSTEM\screenshots\2040306023081159\open_url_max_retries_fail_5QuGD4wmi7hCjv2JDM0v5f?si=bc54d26e32d54e04_screenshot_2040306023081159_20250519_184153746273.png
2025-05-19 18:41:53,874 - Worker-20403060 - PlaylistPlayer.2040306023081159 - ERROR - Error al capturar pantalla: [Errno 22] Invalid argument: 'C:\\Users\\def\\Documents\\OTWMusicSystem_Final\\OTWMusicSystem_Final\\otw_project\\OTW_MUSIC_SYSTEM\\screenshots\\2040306023081159\\open_url_max_retries_fail_5QuGD4wmi7hCjv2JDM0v5f?si=bc54d26e32d54e04_screenshot_2040306023081159_20250519_184153746273.png'
2025-05-19 18:41:53,875 - Worker-20403060 - PlaylistPlayer.2040306023081159 - ERROR - No se pudo abrir el track https://open.spotify.com/track/5QuGD4wmi7hCjv2JDM0v5f?si=bc54d26e32d54e04. Terminando interacción.
2025-05-19 18:41:53,875 - Worker-20403060 - PlaylistPlayer.2040306023081159 - INFO - Sesión #2 completada. Pausa de 9.4s.
2025-05-19 18:42:03,247 - Worker-20403060 - PlaylistPlayer.2040306023081159 - INFO - --- Iniciando Sesión de Interacción #3 ---
2025-05-19 18:42:03,247 - Worker-20403060 - PlaylistPlayer.2040306023081159 - INFO - Selección: Link (track) -> https://open.spotify.com/track/2SRO0cHnlRFZ40RIYiMPVH?si=6e171f14143949c6
2025-05-19 18:42:03,247 - Worker-20403060 - PlaylistPlayer.2040306023081159 - INFO - Iniciando interacción con TRACK: https://open.spotify.com/track/2SRO0cHnlRFZ40RIYiMPVH?si=6e171f14143949c6
2025-05-19 18:42:03,247 - Worker-20403060 - PlaylistPlayer.2040306023081159 - INFO - Intentando abrir URL: https://open.spotify.com/track/2SRO0cHnlRFZ40RIYiMPVH?si=6e171f14143949c6 (Intento 1/3)
2025-05-19 18:42:03,247 - Worker-20403060 - PlaylistPlayer.2040306023081159 - DEBUG - Forzando detención de Spotify (com.spotify.music) antes de abrir URL.
2025-05-19 18:42:04,152 - Worker-20403060 - PlaylistPlayer.2040306023081159 - DEBUG - Presionando HOME.
2025-05-19 18:42:06,676 - Worker-20403060 - PlaylistPlayer.2040306023081159 - DEBUG - Ejecutando ADB intent para URL: https://open.spotify.com/track/2SRO0cHnlRFZ40RIYiMPVH?si=6e171f14143949c6
2025-05-19 18:42:08,433 - Worker-20403060 - PlaylistPlayer.2040306023081159 - DEBUG - Resultado ADB 'am start': stdout='Starting: Intent { act=android.intent.action.VIEW dat=https://open.spotify.com/... flg=0x10008000 }', stderr=''
2025-05-19 18:42:10,224 - Worker-20403060 - PlaylistPlayer.2040306023081159 - DEBUG - Esperando que la app se abra y estabilice (5-8s)...
2025-05-19 18:42:16,230 - Worker-20403060 - PlaylistPlayer.2040306023081159 - DEBUG - Verificando diálogo 'Abrir con'...
2025-05-19 18:42:39,489 - Worker-20403060 - PlaylistPlayer.2040306023081159 - DEBUG - No se detectó diálogo 'Abrir con' explícito.
2025-05-19 18:42:39,489 - Worker-20403060 - PlaylistPlayer.2040306023081159 - DEBUG - No se manejó el diálogo 'Abrir con' o no apareció.
2025-05-19 18:42:39,489 - Worker-20403060 - PlaylistPlayer.2040306023081159 - DEBUG - Verificando si Spotify está en primer plano...
2025-05-19 18:42:39,489 - Worker-20403060 - PlaylistPlayer.2040306023081159 - DEBUG - Intentando con comando dumpsys (1): adb -s 2040306023081159 shell dumpsys activity top
2025-05-19 18:42:44,400 - Worker-20403060 - PlaylistPlayer.2040306023081159 - WARNING - Spotify NO parece estar en primer plano según dumpsys.
2025-05-19 18:42:44,401 - Worker-20403060 - PlaylistPlayer.2040306023081159 - DEBUG - Capturando pantalla en C:\Users\def\Documents\OTWMusicSystem_Final\OTWMusicSystem_Final\otw_project\OTW_MUSIC_SYSTEM\screenshots\2040306023081159\spotify_not_foreground_screenshot_2040306023081159_20250519_184244400734.png
2025-05-19 18:42:44,561 - Worker-20403060 - PlaylistPlayer.2040306023081159 - INFO - Captura de pantalla guardada: C:\Users\def\Documents\OTWMusicSystem_Final\OTWMusicSystem_Final\otw_project\OTW_MUSIC_SYSTEM\screenshots\2040306023081159\spotify_not_foreground_screenshot_2040306023081159_20250519_184244400734.png
2025-05-19 18:42:44,562 - Worker-20403060 - PlaylistPlayer.2040306023081159 - WARNING - Spotify no detectado en primer plano después de abrir https://open.spotify.com/track/2SRO0cHnlRFZ40RIYiMPVH?si=6e171f14143949c6.
2025-05-19 18:42:44,562 - Worker-20403060 - PlaylistPlayer.2040306023081159 - DEBUG - Capturando pantalla en C:\Users\def\Documents\OTWMusicSystem_Final\OTWMusicSystem_Final\otw_project\OTW_MUSIC_SYSTEM\screenshots\2040306023081159\spotify_not_fg_after_open_2SRO0cHnlRFZ40RIYiMPVH?si=6e171f14143949c6_screenshot_2040306023081159_20250519_184244562170.png
2025-05-19 18:42:44,695 - Worker-20403060 - PlaylistPlayer.2040306023081159 - ERROR - Error al capturar pantalla: [Errno 22] Invalid argument: 'C:\\Users\\def\\Documents\\OTWMusicSystem_Final\\OTWMusicSystem_Final\\otw_project\\OTW_MUSIC_SYSTEM\\screenshots\\2040306023081159\\spotify_not_fg_after_open_2SRO0cHnlRFZ40RIYiMPVH?si=6e171f14143949c6_screenshot_2040306023081159_20250519_184244562170.png'
2025-05-19 18:42:44,695 - Worker-20403060 - PlaylistPlayer.2040306023081159 - INFO - Pausa antes de reintentar apertura de URL debido a no foreground (4.4s).
2025-05-19 18:42:50,665 - Worker-20403060 - PlaylistPlayer.2040306023081159 - INFO - Intentando abrir URL: https://open.spotify.com/track/2SRO0cHnlRFZ40RIYiMPVH?si=6e171f14143949c6 (Intento 2/3)
2025-05-19 18:42:50,665 - Worker-20403060 - PlaylistPlayer.2040306023081159 - DEBUG - Forzando detención de Spotify (com.spotify.music) antes de abrir URL.
2025-05-19 18:42:52,065 - Worker-20403060 - PlaylistPlayer.2040306023081159 - DEBUG - Presionando HOME.
2025-05-19 18:42:54,306 - Worker-20403060 - PlaylistPlayer.2040306023081159 - DEBUG - Ejecutando ADB intent para URL: https://open.spotify.com/track/2SRO0cHnlRFZ40RIYiMPVH?si=6e171f14143949c6
2025-05-19 18:42:55,334 - Worker-20403060 - PlaylistPlayer.2040306023081159 - DEBUG - Resultado ADB 'am start': stdout='Starting: Intent { act=android.intent.action.VIEW dat=https://open.spotify.com/... flg=0x10008000 }', stderr=''
2025-05-19 18:42:57,448 - Worker-20403060 - PlaylistPlayer.2040306023081159 - DEBUG - Esperando que la app se abra y estabilice (5-8s)...
2025-05-19 18:43:04,370 - Worker-20403060 - PlaylistPlayer.2040306023081159 - DEBUG - Verificando diálogo 'Abrir con'...
2025-05-19 18:43:34,960 - Worker-20403060 - PlaylistPlayer.2040306023081159 - DEBUG - No se detectó diálogo 'Abrir con' explícito.
2025-05-19 18:43:34,960 - Worker-20403060 - PlaylistPlayer.2040306023081159 - DEBUG - No se manejó el diálogo 'Abrir con' o no apareció.
2025-05-19 18:43:34,961 - Worker-20403060 - PlaylistPlayer.2040306023081159 - DEBUG - Verificando si Spotify está en primer plano...
2025-05-19 18:43:34,961 - Worker-20403060 - PlaylistPlayer.2040306023081159 - DEBUG - Intentando con comando dumpsys (1): adb -s 2040306023081159 shell dumpsys activity top
2025-05-19 18:43:39,879 - Worker-20403060 - PlaylistPlayer.2040306023081159 - WARNING - Spotify NO parece estar en primer plano según dumpsys.
2025-05-19 18:43:39,880 - Worker-20403060 - PlaylistPlayer.2040306023081159 - DEBUG - Capturando pantalla en C:\Users\def\Documents\OTWMusicSystem_Final\OTWMusicSystem_Final\otw_project\OTW_MUSIC_SYSTEM\screenshots\2040306023081159\spotify_not_foreground_screenshot_2040306023081159_20250519_184339880234.png
2025-05-19 18:43:40,946 - Worker-20403060 - PlaylistPlayer.2040306023081159 - INFO - Captura de pantalla guardada: C:\Users\def\Documents\OTWMusicSystem_Final\OTWMusicSystem_Final\otw_project\OTW_MUSIC_SYSTEM\screenshots\2040306023081159\spotify_not_foreground_screenshot_2040306023081159_20250519_184339880234.png
2025-05-19 18:43:40,947 - Worker-20403060 - PlaylistPlayer.2040306023081159 - WARNING - Spotify no detectado en primer plano después de abrir https://open.spotify.com/track/2SRO0cHnlRFZ40RIYiMPVH?si=6e171f14143949c6.
2025-05-19 18:43:40,947 - Worker-20403060 - PlaylistPlayer.2040306023081159 - DEBUG - Capturando pantalla en C:\Users\def\Documents\OTWMusicSystem_Final\OTWMusicSystem_Final\otw_project\OTW_MUSIC_SYSTEM\screenshots\2040306023081159\spotify_not_fg_after_open_2SRO0cHnlRFZ40RIYiMPVH?si=6e171f14143949c6_screenshot_2040306023081159_20250519_184340947308.png
2025-05-19 18:43:41,055 - Worker-20403060 - PlaylistPlayer.2040306023081159 - ERROR - Error al capturar pantalla: [Errno 22] Invalid argument: 'C:\\Users\\def\\Documents\\OTWMusicSystem_Final\\OTWMusicSystem_Final\\otw_project\\OTW_MUSIC_SYSTEM\\screenshots\\2040306023081159\\spotify_not_fg_after_open_2SRO0cHnlRFZ40RIYiMPVH?si=6e171f14143949c6_screenshot_2040306023081159_20250519_184340947308.png'
2025-05-19 18:43:41,055 - Worker-20403060 - PlaylistPlayer.2040306023081159 - INFO - Pausa antes de reintentar apertura de URL debido a no foreground (5.6s).
2025-05-19 18:43:45,596 - Worker-20403060 - PlaylistPlayer.2040306023081159 - INFO - Intentando abrir URL: https://open.spotify.com/track/2SRO0cHnlRFZ40RIYiMPVH?si=6e171f14143949c6 (Intento 3/3)
2025-05-19 18:43:45,596 - Worker-20403060 - PlaylistPlayer.2040306023081159 - DEBUG - Forzando detención de Spotify (com.spotify.music) antes de abrir URL.
2025-05-19 18:43:46,384 - Worker-20403060 - PlaylistPlayer.2040306023081159 - DEBUG - Presionando HOME.
2025-05-19 18:43:48,952 - Worker-20403060 - PlaylistPlayer.2040306023081159 - DEBUG - Ejecutando ADB intent para URL: https://open.spotify.com/track/2SRO0cHnlRFZ40RIYiMPVH?si=6e171f14143949c6
2025-05-19 18:43:50,487 - Worker-20403060 - PlaylistPlayer.2040306023081159 - DEBUG - Resultado ADB 'am start': stdout='Starting: Intent { act=android.intent.action.VIEW dat=https://open.spotify.com/... flg=0x10008000 }', stderr=''
2025-05-19 18:43:52,059 - Worker-20403060 - PlaylistPlayer.2040306023081159 - DEBUG - Esperando que la app se abra y estabilice (5-8s)...
2025-05-19 18:43:57,993 - Worker-20403060 - PlaylistPlayer.2040306023081159 - DEBUG - Verificando diálogo 'Abrir con'...
2025-05-19 18:44:33,928 - Worker-20403060 - PlaylistPlayer.2040306023081159 - DEBUG - No se detectó diálogo 'Abrir con' explícito.
2025-05-19 18:44:33,928 - Worker-20403060 - PlaylistPlayer.2040306023081159 - DEBUG - No se manejó el diálogo 'Abrir con' o no apareció.
2025-05-19 18:44:33,928 - Worker-20403060 - PlaylistPlayer.2040306023081159 - DEBUG - Verificando si Spotify está en primer plano...
2025-05-19 18:44:33,928 - Worker-20403060 - PlaylistPlayer.2040306023081159 - DEBUG - Intentando con comando dumpsys (1): adb -s 2040306023081159 shell dumpsys activity top
2025-05-19 18:44:39,141 - Worker-20403060 - PlaylistPlayer.2040306023081159 - WARNING - Spotify NO parece estar en primer plano según dumpsys.
2025-05-19 18:44:39,141 - Worker-20403060 - PlaylistPlayer.2040306023081159 - DEBUG - Capturando pantalla en C:\Users\def\Documents\OTWMusicSystem_Final\OTWMusicSystem_Final\otw_project\OTW_MUSIC_SYSTEM\screenshots\2040306023081159\spotify_not_foreground_screenshot_2040306023081159_20250519_184439141019.png
2025-05-19 18:44:40,243 - Worker-20403060 - PlaylistPlayer.2040306023081159 - INFO - Captura de pantalla guardada: C:\Users\def\Documents\OTWMusicSystem_Final\OTWMusicSystem_Final\otw_project\OTW_MUSIC_SYSTEM\screenshots\2040306023081159\spotify_not_foreground_screenshot_2040306023081159_20250519_184439141019.png
2025-05-19 18:44:40,244 - Worker-20403060 - PlaylistPlayer.2040306023081159 - WARNING - Spotify no detectado en primer plano después de abrir https://open.spotify.com/track/2SRO0cHnlRFZ40RIYiMPVH?si=6e171f14143949c6.
2025-05-19 18:44:40,244 - Worker-20403060 - PlaylistPlayer.2040306023081159 - DEBUG - Capturando pantalla en C:\Users\def\Documents\OTWMusicSystem_Final\OTWMusicSystem_Final\otw_project\OTW_MUSIC_SYSTEM\screenshots\2040306023081159\spotify_not_fg_after_open_2SRO0cHnlRFZ40RIYiMPVH?si=6e171f14143949c6_screenshot_2040306023081159_20250519_184440244267.png
2025-05-19 18:44:40,366 - Worker-20403060 - PlaylistPlayer.2040306023081159 - ERROR - Error al capturar pantalla: [Errno 22] Invalid argument: 'C:\\Users\\def\\Documents\\OTWMusicSystem_Final\\OTWMusicSystem_Final\\otw_project\\OTW_MUSIC_SYSTEM\\screenshots\\2040306023081159\\spotify_not_fg_after_open_2SRO0cHnlRFZ40RIYiMPVH?si=6e171f14143949c6_screenshot_2040306023081159_20250519_184440244267.png'
2025-05-19 18:44:40,366 - Worker-20403060 - PlaylistPlayer.2040306023081159 - INFO - Pausa antes de reintentar apertura de URL debido a no foreground (5.3s).
2025-05-19 18:44:46,903 - Worker-20403060 - PlaylistPlayer.2040306023081159 - INFO - Intentando abrir URL: https://open.spotify.com/track/2SRO0cHnlRFZ40RIYiMPVH?si=6e171f14143949c6 (Intento 4/3)
2025-05-19 18:44:46,903 - Worker-20403060 - PlaylistPlayer.2040306023081159 - ERROR - Máximos reintentos (3) alcanzados para abrir URL https://open.spotify.com/track/2SRO0cHnlRFZ40RIYiMPVH?si=6e171f14143949c6
2025-05-19 18:44:46,904 - Worker-20403060 - PlaylistPlayer.2040306023081159 - DEBUG - Capturando pantalla en C:\Users\def\Documents\OTWMusicSystem_Final\OTWMusicSystem_Final\otw_project\OTW_MUSIC_SYSTEM\screenshots\2040306023081159\open_url_max_retries_fail_2SRO0cHnlRFZ40RIYiMPVH?si=6e171f14143949c6_screenshot_2040306023081159_20250519_184446903547.png
2025-05-19 18:44:47,029 - Worker-20403060 - PlaylistPlayer.2040306023081159 - ERROR - Error al capturar pantalla: [Errno 22] Invalid argument: 'C:\\Users\\def\\Documents\\OTWMusicSystem_Final\\OTWMusicSystem_Final\\otw_project\\OTW_MUSIC_SYSTEM\\screenshots\\2040306023081159\\open_url_max_retries_fail_2SRO0cHnlRFZ40RIYiMPVH?si=6e171f14143949c6_screenshot_2040306023081159_20250519_184446903547.png'
2025-05-19 18:44:47,037 - Worker-20403060 - PlaylistPlayer.2040306023081159 - ERROR - No se pudo abrir el track https://open.spotify.com/track/2SRO0cHnlRFZ40RIYiMPVH?si=6e171f14143949c6. Terminando interacción.
2025-05-19 18:44:47,037 - Worker-20403060 - PlaylistPlayer.2040306023081159 - INFO - Sesión #3 completada. Pausa de 7.8s.
2025-05-19 18:44:54,822 - Worker-20403060 - PlaylistPlayer.2040306023081159 - INFO - --- Iniciando Sesión de Interacción #4 ---
2025-05-19 18:44:54,822 - Worker-20403060 - PlaylistPlayer.2040306023081159 - INFO - Selección: Link (track) -> https://open.spotify.com/track/0f1q2Pa2zZzyRvCU4UThzS?si=c8ffc75cde624284
2025-05-19 18:44:54,822 - Worker-20403060 - PlaylistPlayer.2040306023081159 - INFO - Iniciando interacción con TRACK: https://open.spotify.com/track/0f1q2Pa2zZzyRvCU4UThzS?si=c8ffc75cde624284
2025-05-19 18:44:54,822 - Worker-20403060 - PlaylistPlayer.2040306023081159 - INFO - Intentando abrir URL: https://open.spotify.com/track/0f1q2Pa2zZzyRvCU4UThzS?si=c8ffc75cde624284 (Intento 1/3)
2025-05-19 18:44:54,822 - Worker-20403060 - PlaylistPlayer.2040306023081159 - DEBUG - Forzando detención de Spotify (com.spotify.music) antes de abrir URL.
2025-05-19 18:44:55,858 - Worker-20403060 - PlaylistPlayer.2040306023081159 - DEBUG - Presionando HOME.
2025-05-19 18:44:57,958 - Worker-20403060 - PlaylistPlayer.2040306023081159 - DEBUG - Ejecutando ADB intent para URL: https://open.spotify.com/track/0f1q2Pa2zZzyRvCU4UThzS?si=c8ffc75cde624284
2025-05-19 18:44:59,133 - Worker-20403060 - PlaylistPlayer.2040306023081159 - DEBUG - Resultado ADB 'am start': stdout='Starting: Intent { act=android.intent.action.VIEW dat=https://open.spotify.com/... flg=0x10008000 }', stderr=''
2025-05-19 18:45:01,252 - Worker-20403060 - PlaylistPlayer.2040306023081159 - DEBUG - Esperando que la app se abra y estabilice (5-8s)...
