2025-05-19 18:55:21,234 - Worker-20403060 - PlaylistPlayer.2040306023081159 - INFO - Worker thread INICIADO. Logs en: C:\Users\def\Documents\OTWMusicSystem_Final\OTWMusicSystem_Final\otw_project\OTW_MUSIC_SYSTEM\logs\2040306023081159\playlist_player_20250519_185521.log
2025-05-19 18:55:21,234 - Worker-20403060 - PlaylistPlayer.2040306023081159 - INFO - Personalidad Creada (SLOW_MODE_FACTOR=1.75): ShortTimeout=12.4s, ActionDelay=[7.1-15.0]s, ShortPause=[32.9-69.3]s, MinTrackT=63s, MaxTrackT=132s, MinContentT=5m, MaxContentT=8m
2025-05-19 18:55:21,234 - Worker-20403060 - PlaylistPlayer.2040306023081159 - INFO - Intentando conectar a uiautomator2 (intento 1/3)...
2025-05-19 18:55:30,881 - Worker-20403060 - PlaylistPlayer.2040306023081159 - INFO - Conectado (Device: Studio_X5_Max, Android: N/A).
2025-05-19 18:55:31,433 - Worker-20403060 - PlaylistPlayer.2040306023081159 - INFO - Spotify (com.spotify.music v9.0.36.484) está instalado.
2025-05-19 18:55:31,433 - Worker-20403060 - PlaylistPlayer.2040306023081159 - INFO - Configuración inicial (kill Spotify y volver a Home).
2025-05-19 18:55:31,434 - Worker-20403060 - PlaylistPlayer.2040306023081159 - WARNING - Advertencia durante configuración inicial: 'Device' object has no attribute 'app_kill'
2025-05-19 18:55:31,435 - Worker-20403060 - PlaylistPlayer.2040306023081159 - DEBUG - Capturando pantalla en C:\Users\def\Documents\OTWMusicSystem_Final\OTWMusicSystem_Final\otw_project\OTW_MUSIC_SYSTEM\screenshots\2040306023081159\initial_setup_warn_screenshot_2040306023081159_20250519_185531435371.png
2025-05-19 18:55:34,681 - Worker-20403060 - PlaylistPlayer.2040306023081159 - INFO - Captura de pantalla guardada: C:\Users\def\Documents\OTWMusicSystem_Final\OTWMusicSystem_Final\otw_project\OTW_MUSIC_SYSTEM\screenshots\2040306023081159\initial_setup_warn_screenshot_2040306023081159_20250519_185531435371.png
2025-05-19 18:55:34,681 - Worker-20403060 - PlaylistPlayer.2040306023081159 - INFO - --- Iniciando Sesión de Interacción #1 ---
2025-05-19 18:55:34,681 - Worker-20403060 - PlaylistPlayer.2040306023081159 - INFO - Selección: Link (track) -> https://open.spotify.com/track/7grqqA3gas01kw4hzlcwXA?si=e5b567b184304314
2025-05-19 18:55:34,681 - Worker-20403060 - PlaylistPlayer.2040306023081159 - INFO - Iniciando interacción con TRACK: https://open.spotify.com/track/7grqqA3gas01kw4hzlcwXA?si=e5b567b184304314
2025-05-19 18:55:34,681 - Worker-20403060 - PlaylistPlayer.2040306023081159 - INFO - Intentando abrir URL: https://open.spotify.com/track/7grqqA3gas01kw4hzlcwXA?si=e5b567b184304314 (Intento 1/3)
2025-05-19 18:55:34,681 - Worker-20403060 - PlaylistPlayer.2040306023081159 - DEBUG - Forzando detención de Spotify (com.spotify.music) antes de abrir URL.
2025-05-19 18:55:36,451 - Worker-20403060 - PlaylistPlayer.2040306023081159 - DEBUG - Presionando HOME.
2025-05-19 18:55:40,035 - Worker-20403060 - PlaylistPlayer.2040306023081159 - DEBUG - Ejecutando ADB intent para URL: https://open.spotify.com/track/7grqqA3gas01kw4hzlcwXA?si=e5b567b184304314
2025-05-19 18:55:42,058 - Worker-20403060 - PlaylistPlayer.2040306023081159 - DEBUG - Resultado ADB 'am start': stdout='Starting: Intent { act=android.intent.action.VIEW dat=https://open.spotify.com/... flg=0x10008000 }', stderr=''
2025-05-19 18:55:45,000 - Worker-20403060 - PlaylistPlayer.2040306023081159 - DEBUG - Esperando que la app se abra y estabilice...
2025-05-19 18:55:58,865 - Worker-20403060 - PlaylistPlayer.2040306023081159 - DEBUG - Verificando diálogo 'Abrir con'...
2025-05-19 18:56:47,191 - Worker-20403060 - PlaylistPlayer.2040306023081159 - DEBUG - No se detectó diálogo 'Abrir con' explícito.
2025-05-19 18:56:47,191 - Worker-20403060 - PlaylistPlayer.2040306023081159 - DEBUG - No se manejó el diálogo 'Abrir con' o no apareció.
2025-05-19 18:56:47,192 - Worker-20403060 - PlaylistPlayer.2040306023081159 - DEBUG - Verificando si Spotify está en primer plano...
2025-05-19 18:56:47,192 - Worker-20403060 - PlaylistPlayer.2040306023081159 - DEBUG - Intentando con comando dumpsys (1): adb -s 2040306023081159 shell dumpsys activity top
2025-05-19 18:56:48,029 - Worker-20403060 - PlaylistPlayer.2040306023081159 - WARNING - Spotify NO parece estar en primer plano según dumpsys.
2025-05-19 18:56:48,029 - Worker-20403060 - PlaylistPlayer.2040306023081159 - DEBUG - Capturando pantalla en C:\Users\def\Documents\OTWMusicSystem_Final\OTWMusicSystem_Final\otw_project\OTW_MUSIC_SYSTEM\screenshots\2040306023081159\spotify_not_foreground_screenshot_2040306023081159_20250519_185648029148.png
2025-05-19 18:56:51,354 - Worker-20403060 - PlaylistPlayer.2040306023081159 - INFO - Captura de pantalla guardada: C:\Users\def\Documents\OTWMusicSystem_Final\OTWMusicSystem_Final\otw_project\OTW_MUSIC_SYSTEM\screenshots\2040306023081159\spotify_not_foreground_screenshot_2040306023081159_20250519_185648029148.png
2025-05-19 18:56:51,354 - Worker-20403060 - PlaylistPlayer.2040306023081159 - WARNING - Spotify no detectado en primer plano después de abrir https://open.spotify.com/track/7grqqA3gas01kw4hzlcwXA?si=e5b567b184304314.
2025-05-19 18:56:51,355 - Worker-20403060 - PlaylistPlayer.2040306023081159 - DEBUG - Capturando pantalla en C:\Users\def\Documents\OTWMusicSystem_Final\OTWMusicSystem_Final\otw_project\OTW_MUSIC_SYSTEM\screenshots\2040306023081159\spotify_not_fg_after_open_7grqqA3gas01kw4hzlcwXA?si=e5b567b184304314_screenshot_2040306023081159_20250519_185651354869.png
2025-05-19 18:56:51,712 - Worker-20403060 - PlaylistPlayer.2040306023081159 - ERROR - Error al capturar pantalla: [Errno 22] Invalid argument: 'C:\\Users\\def\\Documents\\OTWMusicSystem_Final\\OTWMusicSystem_Final\\otw_project\\OTW_MUSIC_SYSTEM\\screenshots\\2040306023081159\\spotify_not_fg_after_open_7grqqA3gas01kw4hzlcwXA?si=e5b567b184304314_screenshot_2040306023081159_20250519_185651354869.png'
2025-05-19 18:56:51,713 - Worker-20403060 - PlaylistPlayer.2040306023081159 - INFO - Pausa antes de reintentar apertura de URL debido a no foreground.
2025-05-19 18:56:59,019 - Worker-20403060 - PlaylistPlayer.2040306023081159 - INFO - Intentando abrir URL: https://open.spotify.com/track/7grqqA3gas01kw4hzlcwXA?si=e5b567b184304314 (Intento 2/3)
2025-05-19 18:56:59,019 - Worker-20403060 - PlaylistPlayer.2040306023081159 - DEBUG - Forzando detención de Spotify (com.spotify.music) antes de abrir URL.
2025-05-19 18:57:00,743 - Worker-20403060 - PlaylistPlayer.2040306023081159 - DEBUG - Presionando HOME.
2025-05-19 18:57:03,898 - Worker-20403060 - PlaylistPlayer.2040306023081159 - DEBUG - Ejecutando ADB intent para URL: https://open.spotify.com/track/7grqqA3gas01kw4hzlcwXA?si=e5b567b184304314
2025-05-19 18:57:05,606 - Worker-20403060 - PlaylistPlayer.2040306023081159 - DEBUG - Resultado ADB 'am start': stdout='Starting: Intent { act=android.intent.action.VIEW dat=https://open.spotify.com/... flg=0x10008000 }', stderr=''
2025-05-19 18:57:09,313 - Worker-20403060 - PlaylistPlayer.2040306023081159 - DEBUG - Esperando que la app se abra y estabilice...
2025-05-19 18:57:22,854 - Worker-20403060 - PlaylistPlayer.2040306023081159 - DEBUG - Verificando diálogo 'Abrir con'...
2025-05-19 18:58:06,026 - Worker-20403060 - PlaylistPlayer.2040306023081159 - DEBUG - No se detectó diálogo 'Abrir con' explícito.
2025-05-19 18:58:06,026 - Worker-20403060 - PlaylistPlayer.2040306023081159 - DEBUG - No se manejó el diálogo 'Abrir con' o no apareció.
2025-05-19 18:58:06,026 - Worker-20403060 - PlaylistPlayer.2040306023081159 - DEBUG - Verificando si Spotify está en primer plano...
2025-05-19 18:58:06,026 - Worker-20403060 - PlaylistPlayer.2040306023081159 - DEBUG - Intentando con comando dumpsys (1): adb -s 2040306023081159 shell dumpsys activity top
2025-05-19 18:58:11,237 - Worker-20403060 - PlaylistPlayer.2040306023081159 - WARNING - Spotify NO parece estar en primer plano según dumpsys.
2025-05-19 18:58:11,238 - Worker-20403060 - PlaylistPlayer.2040306023081159 - DEBUG - Capturando pantalla en C:\Users\def\Documents\OTWMusicSystem_Final\OTWMusicSystem_Final\otw_project\OTW_MUSIC_SYSTEM\screenshots\2040306023081159\spotify_not_foreground_screenshot_2040306023081159_20250519_185811238065.png
2025-05-19 18:58:12,383 - Worker-20403060 - PlaylistPlayer.2040306023081159 - INFO - Captura de pantalla guardada: C:\Users\def\Documents\OTWMusicSystem_Final\OTWMusicSystem_Final\otw_project\OTW_MUSIC_SYSTEM\screenshots\2040306023081159\spotify_not_foreground_screenshot_2040306023081159_20250519_185811238065.png
2025-05-19 18:58:12,383 - Worker-20403060 - PlaylistPlayer.2040306023081159 - WARNING - Spotify no detectado en primer plano después de abrir https://open.spotify.com/track/7grqqA3gas01kw4hzlcwXA?si=e5b567b184304314.
2025-05-19 18:58:12,384 - Worker-20403060 - PlaylistPlayer.2040306023081159 - DEBUG - Capturando pantalla en C:\Users\def\Documents\OTWMusicSystem_Final\OTWMusicSystem_Final\otw_project\OTW_MUSIC_SYSTEM\screenshots\2040306023081159\spotify_not_fg_after_open_7grqqA3gas01kw4hzlcwXA?si=e5b567b184304314_screenshot_2040306023081159_20250519_185812383837.png
2025-05-19 18:58:12,498 - Worker-20403060 - PlaylistPlayer.2040306023081159 - ERROR - Error al capturar pantalla: [Errno 22] Invalid argument: 'C:\\Users\\def\\Documents\\OTWMusicSystem_Final\\OTWMusicSystem_Final\\otw_project\\OTW_MUSIC_SYSTEM\\screenshots\\2040306023081159\\spotify_not_fg_after_open_7grqqA3gas01kw4hzlcwXA?si=e5b567b184304314_screenshot_2040306023081159_20250519_185812383837.png'
2025-05-19 18:58:12,499 - Worker-20403060 - PlaylistPlayer.2040306023081159 - INFO - Pausa antes de reintentar apertura de URL debido a no foreground.
2025-05-19 18:58:22,276 - Worker-20403060 - PlaylistPlayer.2040306023081159 - INFO - Intentando abrir URL: https://open.spotify.com/track/7grqqA3gas01kw4hzlcwXA?si=e5b567b184304314 (Intento 3/3)
2025-05-19 18:58:22,276 - Worker-20403060 - PlaylistPlayer.2040306023081159 - DEBUG - Forzando detención de Spotify (com.spotify.music) antes de abrir URL.
2025-05-19 18:58:24,485 - Worker-20403060 - PlaylistPlayer.2040306023081159 - DEBUG - Presionando HOME.
2025-05-19 18:58:27,372 - Worker-20403060 - PlaylistPlayer.2040306023081159 - DEBUG - Ejecutando ADB intent para URL: https://open.spotify.com/track/7grqqA3gas01kw4hzlcwXA?si=e5b567b184304314
2025-05-19 18:58:29,182 - Worker-20403060 - PlaylistPlayer.2040306023081159 - DEBUG - Resultado ADB 'am start': stdout='Starting: Intent { act=android.intent.action.VIEW dat=https://open.spotify.com/... flg=0x10008000 }', stderr=''
2025-05-19 18:58:31,359 - Worker-20403060 - PlaylistPlayer.2040306023081159 - DEBUG - Esperando que la app se abra y estabilice...
2025-05-19 18:58:43,874 - Worker-20403060 - PlaylistPlayer.2040306023081159 - DEBUG - Verificando diálogo 'Abrir con'...
2025-05-19 18:59:08,416 - Worker-20403060 - PlaylistPlayer.2040306023081159 - DEBUG - No se detectó diálogo 'Abrir con' explícito.
2025-05-19 18:59:08,416 - Worker-20403060 - PlaylistPlayer.2040306023081159 - DEBUG - No se manejó el diálogo 'Abrir con' o no apareció.
2025-05-19 18:59:08,416 - Worker-20403060 - PlaylistPlayer.2040306023081159 - DEBUG - Verificando si Spotify está en primer plano...
2025-05-19 18:59:08,416 - Worker-20403060 - PlaylistPlayer.2040306023081159 - DEBUG - Intentando con comando dumpsys (1): adb -s 2040306023081159 shell dumpsys activity top
2025-05-19 18:59:13,618 - Worker-20403060 - PlaylistPlayer.2040306023081159 - WARNING - Spotify NO parece estar en primer plano según dumpsys.
2025-05-19 18:59:13,619 - Worker-20403060 - PlaylistPlayer.2040306023081159 - DEBUG - Capturando pantalla en C:\Users\def\Documents\OTWMusicSystem_Final\OTWMusicSystem_Final\otw_project\OTW_MUSIC_SYSTEM\screenshots\2040306023081159\spotify_not_foreground_screenshot_2040306023081159_20250519_185913618838.png
2025-05-19 18:59:14,684 - Worker-20403060 - PlaylistPlayer.2040306023081159 - INFO - Captura de pantalla guardada: C:\Users\def\Documents\OTWMusicSystem_Final\OTWMusicSystem_Final\otw_project\OTW_MUSIC_SYSTEM\screenshots\2040306023081159\spotify_not_foreground_screenshot_2040306023081159_20250519_185913618838.png
2025-05-19 18:59:14,685 - Worker-20403060 - PlaylistPlayer.2040306023081159 - WARNING - Spotify no detectado en primer plano después de abrir https://open.spotify.com/track/7grqqA3gas01kw4hzlcwXA?si=e5b567b184304314.
2025-05-19 18:59:14,685 - Worker-20403060 - PlaylistPlayer.2040306023081159 - DEBUG - Capturando pantalla en C:\Users\def\Documents\OTWMusicSystem_Final\OTWMusicSystem_Final\otw_project\OTW_MUSIC_SYSTEM\screenshots\2040306023081159\spotify_not_fg_after_open_7grqqA3gas01kw4hzlcwXA?si=e5b567b184304314_screenshot_2040306023081159_20250519_185914685358.png
2025-05-19 18:59:14,836 - Worker-20403060 - PlaylistPlayer.2040306023081159 - ERROR - Error al capturar pantalla: [Errno 22] Invalid argument: 'C:\\Users\\def\\Documents\\OTWMusicSystem_Final\\OTWMusicSystem_Final\\otw_project\\OTW_MUSIC_SYSTEM\\screenshots\\2040306023081159\\spotify_not_fg_after_open_7grqqA3gas01kw4hzlcwXA?si=e5b567b184304314_screenshot_2040306023081159_20250519_185914685358.png'
2025-05-19 18:59:14,837 - Worker-20403060 - PlaylistPlayer.2040306023081159 - INFO - Pausa antes de reintentar apertura de URL debido a no foreground.
2025-05-19 18:59:25,124 - Worker-20403060 - PlaylistPlayer.2040306023081159 - INFO - Intentando abrir URL: https://open.spotify.com/track/7grqqA3gas01kw4hzlcwXA?si=e5b567b184304314 (Intento 4/3)
2025-05-19 18:59:25,124 - Worker-20403060 - PlaylistPlayer.2040306023081159 - ERROR - Máximos reintentos (3) alcanzados para abrir URL https://open.spotify.com/track/7grqqA3gas01kw4hzlcwXA?si=e5b567b184304314
2025-05-19 18:59:25,126 - Worker-20403060 - PlaylistPlayer.2040306023081159 - DEBUG - Capturando pantalla en C:\Users\def\Documents\OTWMusicSystem_Final\OTWMusicSystem_Final\otw_project\OTW_MUSIC_SYSTEM\screenshots\2040306023081159\open_url_max_retries_fail_7grqqA3gas01kw4hzlcwXA?si=e5b567b184304314_screenshot_2040306023081159_20250519_185925126294.png
2025-05-19 18:59:25,270 - Worker-20403060 - PlaylistPlayer.2040306023081159 - ERROR - Error al capturar pantalla: [Errno 22] Invalid argument: 'C:\\Users\\def\\Documents\\OTWMusicSystem_Final\\OTWMusicSystem_Final\\otw_project\\OTW_MUSIC_SYSTEM\\screenshots\\2040306023081159\\open_url_max_retries_fail_7grqqA3gas01kw4hzlcwXA?si=e5b567b184304314_screenshot_2040306023081159_20250519_185925126294.png'
2025-05-19 18:59:25,271 - Worker-20403060 - PlaylistPlayer.2040306023081159 - ERROR - No se pudo abrir el track https://open.spotify.com/track/7grqqA3gas01kw4hzlcwXA?si=e5b567b184304314. Terminando interacción.
2025-05-19 18:59:25,271 - Worker-20403060 - PlaylistPlayer.2040306023081159 - INFO - Decidiendo realizar una búsqueda aleatoria...
2025-05-19 18:59:25,271 - Worker-20403060 - PlaylistPlayer.2040306023081159 - DEBUG - Pausa de 20.1s antes de la búsqueda.
2025-05-19 18:59:45,413 - Worker-20403060 - PlaylistPlayer.2040306023081159 - INFO - Iniciando simulación de BÚSQUEDA.
2025-05-19 18:59:45,413 - Worker-20403060 - PlaylistPlayer.2040306023081159 - DEBUG - Intentando Pestaña Búsqueda (sel 1): {'descriptionMatches': '(?i)Search|Buscar', 'className': 'android.widget.Button'}
2025-05-19 18:59:51,703 - Worker-20403060 - PlaylistPlayer.2040306023081159 - DEBUG - Intentando Pestaña Búsqueda (sel 2): {'descriptionMatches': '(?i)Search|Buscar', 'className': 'android.widget.TextView'}
2025-05-19 18:59:58,096 - Worker-20403060 - PlaylistPlayer.2040306023081159 - DEBUG - Intentando Pestaña Búsqueda (sel 3): {'resourceId': 'com.spotify.music:id/search_tab'}
2025-05-19 19:00:04,454 - Worker-20403060 - PlaylistPlayer.2040306023081159 - DEBUG - Intentando Pestaña Búsqueda (sel 4): {'textMatches': '(?i)Search|Buscar'}
2025-05-19 19:00:10,745 - Worker-20403060 - PlaylistPlayer.2040306023081159 - WARNING - No se encontró o no se pudo clickear la Pestaña de Búsqueda. Saltando búsqueda.
2025-05-19 19:00:10,745 - Worker-20403060 - PlaylistPlayer.2040306023081159 - DEBUG - Capturando pantalla en C:\Users\def\Documents\OTWMusicSystem_Final\OTWMusicSystem_Final\otw_project\OTW_MUSIC_SYSTEM\screenshots\2040306023081159\search_tab_fail_screenshot_2040306023081159_20250519_190010745098.png
2025-05-19 19:00:10,929 - Worker-20403060 - PlaylistPlayer.2040306023081159 - INFO - Captura de pantalla guardada: C:\Users\def\Documents\OTWMusicSystem_Final\OTWMusicSystem_Final\otw_project\OTW_MUSIC_SYSTEM\screenshots\2040306023081159\search_tab_fail_screenshot_2040306023081159_20250519_190010745098.png
2025-05-19 19:00:10,929 - Worker-20403060 - PlaylistPlayer.2040306023081159 - INFO - Sesión #1 completada. Pausa de 24.7s.
