2025-05-22 02:07:37,321 - Worker-20403060 - PlaylistPlayer.2040306023083277 - INFO - Worker thread INICIADO. Logs en: C:\Users\def\Documents\OTWMusicSystem_Final\OTWMusicSystem_Final\otw_project\OTW_MUSIC_SYSTEM\logs\2040306023083277\playlist_player_20250522_020737.log
2025-05-22 02:07:37,323 - Worker-20403060 - PlaylistPlayer.2040306023083277 - INFO - Personalidad Creada (SLOW_MODE_FACTOR=1.75):
  TotalSessionDur: [45-150]m
  InitPlaylistDur: [30-120]m
  ArtistPlayDur: [10-30]m, Songs: [3-6]
  TrackSessionDur: [25-70]m, SingleTrack: [65-135]s
  Probs: LikePlaylist=0.64, Shuffle=0.74, SwitchPlaylist=0.46
  VisitArtist=0.63, FollowArtist=0.80, ExploreTracks=0.41, Search=0.09
2025-05-22 02:07:37,327 - Worker-20403060 - PlaylistPlayer.2040306023083277 - INFO - Conectando uiautomator2 (intento 1/3)...
2025-05-22 02:07:41,972 - Worker-20403060 - PlaylistPlayer.2040306023083277 - INFO - Conectado (Device: Studio_X5_Max, Android: N/A).
2025-05-22 02:07:42,575 - Worker-20403060 - PlaylistPlayer.2040306023083277 - INFO - Spotify (com.spotify.music v8.9.60.560) instalado.
2025-05-22 02:07:42,575 - Worker-20403060 - PlaylistPlayer.2040306023083277 - INFO - Setup inicial (kill Spotify, home).
2025-05-22 02:07:42,575 - Worker-20403060 - PlaylistPlayer.2040306023083277 - WARNING - Advertencia setup inicial: 'Device' object has no attribute 'app_kill'
2025-05-22 02:07:42,576 - Worker-20403060 - PlaylistPlayer.2040306023083277 - DEBUG - Capturando pantalla en C:\Users\def\Documents\OTWMusicSystem_Final\OTWMusicSystem_Final\otw_project\OTW_MUSIC_SYSTEM\screenshots\2040306023083277\init_setup_warn_screenshot_2040306023083277_20250522_020742575957.png
2025-05-22 02:07:44,642 - Worker-20403060 - PlaylistPlayer.2040306023083277 - INFO - Captura de pantalla guardada: C:\Users\def\Documents\OTWMusicSystem_Final\OTWMusicSystem_Final\otw_project\OTW_MUSIC_SYSTEM\screenshots\2040306023083277\init_setup_warn_screenshot_2040306023083277_20250522_020742575957.png
2025-05-22 02:07:44,643 - Worker-20403060 - PlaylistPlayer.2040306023083277 - INFO - --- Iniciando GRAN SESIÓN DE ESCUCHA #1 (Duración objetivo: ~58.0 min) ---
2025-05-22 02:07:44,643 - Worker-20403060 - PlaylistPlayer.2040306023083277 - INFO - Fase 1: Reproducción de Playlist Inicial Larga.
2025-05-22 02:07:44,643 - Worker-20403060 - PlaylistPlayer.2040306023083277 - INFO - Iniciando PLAYLIST: https://open.spotify.com/playlist/5XrvAtxjUWcbTNgLHc9hz2?si=8J8GtCkARCaiIlIOWzgMnA por ~105 min.
2025-05-22 02:07:44,643 - Worker-20403060 - PlaylistPlayer.2040306023083277 - INFO - Intentando abrir URL: https://open.spotify.com/playlist/5XrvAtxjUWcbTNgLHc9hz2?si=8J8GtCkARCaiIlIOWzgMnA (Intento 1/3)
2025-05-22 02:07:44,643 - Worker-20403060 - PlaylistPlayer.2040306023083277 - DEBUG - Forzando detención de Spotify (com.spotify.music).
2025-05-22 02:07:46,056 - Worker-20403060 - PlaylistPlayer.2040306023083277 - DEBUG - Presionando HOME.
2025-05-22 02:07:49,282 - Worker-20403060 - PlaylistPlayer.2040306023083277 - DEBUG - Ejecutando ADB intent para URL: https://open.spotify.com/playlist/5XrvAtxjUWcbTNgLHc9hz2?si=8J8GtCkARCaiIlIOWzgMnA
2025-05-22 02:07:52,538 - Worker-20403060 - PlaylistPlayer.2040306023083277 - DEBUG - Resultado ADB: stdout='Starting: Intent { act=android.intent.action.VIEW dat=https://open.spotify.com/... flg=0x10008000 }', stderr=''
2025-05-22 02:07:54,728 - Worker-20403060 - PlaylistPlayer.2040306023083277 - DEBUG - Esperando app estabilice...
2025-05-22 02:08:06,864 - Worker-20403060 - PlaylistPlayer.2040306023083277 - DEBUG - Verificando diálogo 'Abrir con'...
2025-05-22 02:08:13,371 - Worker-20403060 - PlaylistPlayer.2040306023083277 - INFO - Diálogo 'Abrir con' o similar detectado.
2025-05-22 02:08:13,372 - Worker-20403060 - PlaylistPlayer.2040306023083277 - DEBUG - Capturando pantalla en C:\Users\def\Documents\OTWMusicSystem_Final\OTWMusicSystem_Final\otw_project\OTW_MUSIC_SYSTEM\screenshots\2040306023083277\open_with_dialog_screenshot_2040306023083277_20250522_020813372290.png
2025-05-22 02:08:15,219 - Worker-20403060 - PlaylistPlayer.2040306023083277 - INFO - Captura de pantalla guardada: C:\Users\def\Documents\OTWMusicSystem_Final\OTWMusicSystem_Final\otw_project\OTW_MUSIC_SYSTEM\screenshots\2040306023083277\open_with_dialog_screenshot_2040306023083277_20250522_020813372290.png
2025-05-22 02:08:24,714 - Worker-20403060 - PlaylistPlayer.2040306023083277 - INFO - Clickeado 'Spotify (general)'.
2025-05-22 02:08:46,635 - Worker-20403060 - PlaylistPlayer.2040306023083277 - INFO - Spotify seleccionado, pero botón confirmación no encontrado/clickeado.
2025-05-22 02:08:46,636 - Worker-20403060 - PlaylistPlayer.2040306023083277 - INFO - Diálogo 'Abrir con' manejado.
