2025-05-19 18:34:24,304 - Worker-20403060 - PlaylistPlayer.2040306023083277 - INFO - Worker thread INICIADO. Logs en: C:\Users\def\Documents\OTWMusicSystem_Final\OTWMusicSystem_Final\otw_project\OTW_MUSIC_SYSTEM\logs\2040306023083277\playlist_player_20250519_183424.log
2025-05-19 18:34:24,305 - Worker-20403060 - PlaylistPlayer.2040306023083277 - INFO - Personalidad Creada: FollowP=0.56, SearchP=0.15, MinTrackT=82s, MinContentT=5m
2025-05-19 18:34:24,305 - Worker-20403060 - PlaylistPlayer.2040306023083277 - INFO - Intentando conectar a uiautomator2 (intento 1/3)...
2025-05-19 18:34:36,687 - Worker-20403060 - PlaylistPlayer.2040306023083277 - DEBUG - Conexión u2 establecida preliminarmente.
2025-05-19 18:34:36,948 - Worker-20403060 - PlaylistPlayer.2040306023083277 - INFO - Conectado (Device: Studio_X5_Max, Android: N/A).
2025-05-19 18:34:37,298 - Worker-20403060 - PlaylistPlayer.2040306023083277 - INFO - Spotify (com.spotify.music v9.0.36.484) está instalado.
2025-05-19 18:34:37,298 - Worker-20403060 - PlaylistPlayer.2040306023083277 - INFO - Configuración inicial (kill Spotify y volver a Home).
2025-05-19 18:34:37,299 - Worker-20403060 - PlaylistPlayer.2040306023083277 - WARNING - Advertencia durante configuración inicial: 'Device' object has no attribute 'app_kill'
2025-05-19 18:34:37,299 - Worker-20403060 - PlaylistPlayer.2040306023083277 - DEBUG - Capturando pantalla en C:\Users\def\Documents\OTWMusicSystem_Final\OTWMusicSystem_Final\otw_project\OTW_MUSIC_SYSTEM\screenshots\2040306023083277\initial_setup_warn_screenshot_2040306023083277_20250519_183437299129.png
2025-05-19 18:34:38,171 - Worker-20403060 - PlaylistPlayer.2040306023083277 - INFO - Captura de pantalla guardada: C:\Users\def\Documents\OTWMusicSystem_Final\OTWMusicSystem_Final\otw_project\OTW_MUSIC_SYSTEM\screenshots\2040306023083277\initial_setup_warn_screenshot_2040306023083277_20250519_183437299129.png
2025-05-19 18:34:38,171 - Worker-20403060 - PlaylistPlayer.2040306023083277 - INFO - --- Iniciando Sesión de Interacción #1 ---
2025-05-19 18:34:38,171 - Worker-20403060 - PlaylistPlayer.2040306023083277 - INFO - Selección: Link (track) -> https://open.spotify.com/track/1goCN5yP6nNhn5sprcCMjC?si=d06174b3c9b64404
2025-05-19 18:34:38,171 - Worker-20403060 - PlaylistPlayer.2040306023083277 - INFO - Iniciando interacción con TRACK: https://open.spotify.com/track/1goCN5yP6nNhn5sprcCMjC?si=d06174b3c9b64404
2025-05-19 18:34:38,171 - Worker-20403060 - PlaylistPlayer.2040306023083277 - INFO - Intentando abrir URL: https://open.spotify.com/track/1goCN5yP6nNhn5sprcCMjC?si=d06174b3c9b64404 (Intento 1/3)
2025-05-19 18:34:38,171 - Worker-20403060 - PlaylistPlayer.2040306023083277 - DEBUG - Forzando detención de Spotify (com.spotify.music) antes de abrir URL.
2025-05-19 18:34:39,218 - Worker-20403060 - PlaylistPlayer.2040306023083277 - DEBUG - Presionando HOME.
2025-05-19 18:34:41,259 - Worker-20403060 - PlaylistPlayer.2040306023083277 - DEBUG - Ejecutando ADB intent para URL: https://open.spotify.com/track/1goCN5yP6nNhn5sprcCMjC?si=d06174b3c9b64404
2025-05-19 18:34:42,778 - Worker-20403060 - PlaylistPlayer.2040306023083277 - DEBUG - Resultado ADB 'am start': stdout='Starting: Intent { act=android.intent.action.VIEW dat=https://open.spotify.com/... flg=0x10008000 }', stderr=''
2025-05-19 18:34:45,155 - Worker-20403060 - PlaylistPlayer.2040306023083277 - DEBUG - Esperando que la app se abra y estabilice (5-8s)...
2025-05-19 18:34:51,770 - Worker-20403060 - PlaylistPlayer.2040306023083277 - DEBUG - Verificando diálogo 'Abrir con'...
2025-05-19 18:34:56,958 - Worker-20403060 - PlaylistPlayer.2040306023083277 - INFO - Diálogo 'Abrir con' o similar detectado.
2025-05-19 18:34:56,958 - Worker-20403060 - PlaylistPlayer.2040306023083277 - DEBUG - Capturando pantalla en C:\Users\def\Documents\OTWMusicSystem_Final\OTWMusicSystem_Final\otw_project\OTW_MUSIC_SYSTEM\screenshots\2040306023083277\open_with_dialog_screenshot_2040306023083277_20250519_183456958846.png
2025-05-19 18:34:57,661 - Worker-20403060 - PlaylistPlayer.2040306023083277 - INFO - Captura de pantalla guardada: C:\Users\def\Documents\OTWMusicSystem_Final\OTWMusicSystem_Final\otw_project\OTW_MUSIC_SYSTEM\screenshots\2040306023083277\open_with_dialog_screenshot_2040306023083277_20250519_183456958846.png
2025-05-19 18:35:02,925 - Worker-20403060 - PlaylistPlayer.2040306023083277 - INFO - Clickeado 'Spotify (general)' en diálogo 'Abrir con'.
2025-05-19 18:35:15,509 - Worker-20403060 - PlaylistPlayer.2040306023083277 - INFO - Spotify seleccionado en chooser, pero botón de confirmación no encontrado/clickeado.
2025-05-19 18:35:15,509 - Worker-20403060 - PlaylistPlayer.2040306023083277 - INFO - Diálogo 'Abrir con' manejado. Esperando un poco más (2-4s)...
2025-05-19 18:35:17,546 - Worker-20403060 - PlaylistPlayer.2040306023083277 - DEBUG - Verificando si Spotify está en primer plano...
2025-05-19 18:35:17,547 - Worker-20403060 - PlaylistPlayer.2040306023083277 - DEBUG - Intentando con comando dumpsys (1): adb -s 2040306023083277 shell dumpsys activity top
2025-05-19 18:35:22,216 - Worker-20403060 - PlaylistPlayer.2040306023083277 - WARNING - Spotify NO parece estar en primer plano según dumpsys.
2025-05-19 18:35:22,217 - Worker-20403060 - PlaylistPlayer.2040306023083277 - DEBUG - Capturando pantalla en C:\Users\def\Documents\OTWMusicSystem_Final\OTWMusicSystem_Final\otw_project\OTW_MUSIC_SYSTEM\screenshots\2040306023083277\spotify_not_foreground_screenshot_2040306023083277_20250519_183522216949.png
2025-05-19 18:35:22,855 - Worker-20403060 - PlaylistPlayer.2040306023083277 - INFO - Captura de pantalla guardada: C:\Users\def\Documents\OTWMusicSystem_Final\OTWMusicSystem_Final\otw_project\OTW_MUSIC_SYSTEM\screenshots\2040306023083277\spotify_not_foreground_screenshot_2040306023083277_20250519_183522216949.png
2025-05-19 18:35:22,856 - Worker-20403060 - PlaylistPlayer.2040306023083277 - WARNING - Spotify no detectado en primer plano después de abrir https://open.spotify.com/track/1goCN5yP6nNhn5sprcCMjC?si=d06174b3c9b64404.
2025-05-19 18:35:22,856 - Worker-20403060 - PlaylistPlayer.2040306023083277 - DEBUG - Capturando pantalla en C:\Users\def\Documents\OTWMusicSystem_Final\OTWMusicSystem_Final\otw_project\OTW_MUSIC_SYSTEM\screenshots\2040306023083277\spotify_not_fg_after_open_1goCN5yP6nNhn5sprcCMjC?si=d06174b3c9b64404_screenshot_2040306023083277_20250519_183522856795.png
2025-05-19 18:35:23,488 - Worker-20403060 - PlaylistPlayer.2040306023083277 - ERROR - Error al capturar pantalla: [Errno 22] Invalid argument: 'C:\\Users\\def\\Documents\\OTWMusicSystem_Final\\OTWMusicSystem_Final\\otw_project\\OTW_MUSIC_SYSTEM\\screenshots\\2040306023083277\\spotify_not_fg_after_open_1goCN5yP6nNhn5sprcCMjC?si=d06174b3c9b64404_screenshot_2040306023083277_20250519_183522856795.png'
2025-05-19 18:35:23,489 - Worker-20403060 - PlaylistPlayer.2040306023083277 - INFO - Pausa antes de reintentar apertura de URL debido a no foreground (4.2s).
2025-05-19 18:35:28,644 - Worker-20403060 - PlaylistPlayer.2040306023083277 - INFO - Intentando abrir URL: https://open.spotify.com/track/1goCN5yP6nNhn5sprcCMjC?si=d06174b3c9b64404 (Intento 2/3)
2025-05-19 18:35:28,645 - Worker-20403060 - PlaylistPlayer.2040306023083277 - DEBUG - Forzando detención de Spotify (com.spotify.music) antes de abrir URL.
2025-05-19 18:35:29,729 - Worker-20403060 - PlaylistPlayer.2040306023083277 - DEBUG - Presionando HOME.
2025-05-19 18:35:32,331 - Worker-20403060 - PlaylistPlayer.2040306023083277 - DEBUG - Ejecutando ADB intent para URL: https://open.spotify.com/track/1goCN5yP6nNhn5sprcCMjC?si=d06174b3c9b64404
2025-05-19 18:35:33,454 - Worker-20403060 - PlaylistPlayer.2040306023083277 - DEBUG - Resultado ADB 'am start': stdout='Starting: Intent { act=android.intent.action.VIEW dat=https://open.spotify.com/... flg=0x10008000 }', stderr=''
2025-05-19 18:35:35,130 - Worker-20403060 - PlaylistPlayer.2040306023083277 - DEBUG - Esperando que la app se abra y estabilice (5-8s)...
2025-05-19 18:35:42,798 - Worker-20403060 - PlaylistPlayer.2040306023083277 - DEBUG - Verificando diálogo 'Abrir con'...
2025-05-19 18:35:48,026 - Worker-20403060 - PlaylistPlayer.2040306023083277 - INFO - Diálogo 'Abrir con' o similar detectado.
2025-05-19 18:35:48,027 - Worker-20403060 - PlaylistPlayer.2040306023083277 - DEBUG - Capturando pantalla en C:\Users\def\Documents\OTWMusicSystem_Final\OTWMusicSystem_Final\otw_project\OTW_MUSIC_SYSTEM\screenshots\2040306023083277\open_with_dialog_screenshot_2040306023083277_20250519_183548026984.png
2025-05-19 18:35:48,739 - Worker-20403060 - PlaylistPlayer.2040306023083277 - INFO - Captura de pantalla guardada: C:\Users\def\Documents\OTWMusicSystem_Final\OTWMusicSystem_Final\otw_project\OTW_MUSIC_SYSTEM\screenshots\2040306023083277\open_with_dialog_screenshot_2040306023083277_20250519_183548026984.png
2025-05-19 18:35:53,610 - Worker-20403060 - PlaylistPlayer.2040306023083277 - INFO - Clickeado 'Spotify (general)' en diálogo 'Abrir con'.
2025-05-19 18:36:06,407 - Worker-20403060 - PlaylistPlayer.2040306023083277 - INFO - Spotify seleccionado en chooser, pero botón de confirmación no encontrado/clickeado.
2025-05-19 18:36:06,407 - Worker-20403060 - PlaylistPlayer.2040306023083277 - INFO - Diálogo 'Abrir con' manejado. Esperando un poco más (2-4s)...
2025-05-19 18:36:08,645 - Worker-20403060 - PlaylistPlayer.2040306023083277 - DEBUG - Verificando si Spotify está en primer plano...
2025-05-19 18:36:08,645 - Worker-20403060 - PlaylistPlayer.2040306023083277 - DEBUG - Intentando con comando dumpsys (1): adb -s 2040306023083277 shell dumpsys activity top
2025-05-19 18:36:09,550 - Worker-20403060 - PlaylistPlayer.2040306023083277 - WARNING - Spotify NO parece estar en primer plano según dumpsys.
2025-05-19 18:36:09,550 - Worker-20403060 - PlaylistPlayer.2040306023083277 - DEBUG - Capturando pantalla en C:\Users\def\Documents\OTWMusicSystem_Final\OTWMusicSystem_Final\otw_project\OTW_MUSIC_SYSTEM\screenshots\2040306023083277\spotify_not_foreground_screenshot_2040306023083277_20250519_183609550911.png
2025-05-19 18:36:10,976 - Worker-20403060 - PlaylistPlayer.2040306023083277 - INFO - Captura de pantalla guardada: C:\Users\def\Documents\OTWMusicSystem_Final\OTWMusicSystem_Final\otw_project\OTW_MUSIC_SYSTEM\screenshots\2040306023083277\spotify_not_foreground_screenshot_2040306023083277_20250519_183609550911.png
2025-05-19 18:36:10,976 - Worker-20403060 - PlaylistPlayer.2040306023083277 - WARNING - Spotify no detectado en primer plano después de abrir https://open.spotify.com/track/1goCN5yP6nNhn5sprcCMjC?si=d06174b3c9b64404.
2025-05-19 18:36:10,977 - Worker-20403060 - PlaylistPlayer.2040306023083277 - DEBUG - Capturando pantalla en C:\Users\def\Documents\OTWMusicSystem_Final\OTWMusicSystem_Final\otw_project\OTW_MUSIC_SYSTEM\screenshots\2040306023083277\spotify_not_fg_after_open_1goCN5yP6nNhn5sprcCMjC?si=d06174b3c9b64404_screenshot_2040306023083277_20250519_183610977405.png
2025-05-19 18:36:11,687 - Worker-20403060 - PlaylistPlayer.2040306023083277 - ERROR - Error al capturar pantalla: [Errno 22] Invalid argument: 'C:\\Users\\def\\Documents\\OTWMusicSystem_Final\\OTWMusicSystem_Final\\otw_project\\OTW_MUSIC_SYSTEM\\screenshots\\2040306023083277\\spotify_not_fg_after_open_1goCN5yP6nNhn5sprcCMjC?si=d06174b3c9b64404_screenshot_2040306023083277_20250519_183610977405.png'
2025-05-19 18:36:11,688 - Worker-20403060 - PlaylistPlayer.2040306023083277 - INFO - Pausa antes de reintentar apertura de URL debido a no foreground (6.2s).
2025-05-19 18:36:17,771 - Worker-20403060 - PlaylistPlayer.2040306023083277 - INFO - Intentando abrir URL: https://open.spotify.com/track/1goCN5yP6nNhn5sprcCMjC?si=d06174b3c9b64404 (Intento 3/3)
2025-05-19 18:36:17,771 - Worker-20403060 - PlaylistPlayer.2040306023083277 - DEBUG - Forzando detención de Spotify (com.spotify.music) antes de abrir URL.
2025-05-19 18:36:18,545 - Worker-20403060 - PlaylistPlayer.2040306023083277 - DEBUG - Presionando HOME.
2025-05-19 18:36:20,789 - Worker-20403060 - PlaylistPlayer.2040306023083277 - DEBUG - Ejecutando ADB intent para URL: https://open.spotify.com/track/1goCN5yP6nNhn5sprcCMjC?si=d06174b3c9b64404
2025-05-19 18:36:21,875 - Worker-20403060 - PlaylistPlayer.2040306023083277 - DEBUG - Resultado ADB 'am start': stdout='Starting: Intent { act=android.intent.action.VIEW dat=https://open.spotify.com/... flg=0x10008000 }', stderr=''
2025-05-19 18:36:23,147 - Worker-20403060 - PlaylistPlayer.2040306023083277 - DEBUG - Esperando que la app se abra y estabilice (5-8s)...
2025-05-19 18:36:29,217 - Worker-20403060 - PlaylistPlayer.2040306023083277 - DEBUG - Verificando diálogo 'Abrir con'...
2025-05-19 18:36:35,314 - Worker-20403060 - PlaylistPlayer.2040306023083277 - INFO - Diálogo 'Abrir con' o similar detectado.
2025-05-19 18:36:35,314 - Worker-20403060 - PlaylistPlayer.2040306023083277 - DEBUG - Capturando pantalla en C:\Users\def\Documents\OTWMusicSystem_Final\OTWMusicSystem_Final\otw_project\OTW_MUSIC_SYSTEM\screenshots\2040306023083277\open_with_dialog_screenshot_2040306023083277_20250519_183635314405.png
2025-05-19 18:36:36,168 - Worker-20403060 - PlaylistPlayer.2040306023083277 - INFO - Captura de pantalla guardada: C:\Users\def\Documents\OTWMusicSystem_Final\OTWMusicSystem_Final\otw_project\OTW_MUSIC_SYSTEM\screenshots\2040306023083277\open_with_dialog_screenshot_2040306023083277_20250519_183635314405.png
2025-05-19 18:36:41,373 - Worker-20403060 - PlaylistPlayer.2040306023083277 - INFO - Clickeado 'Spotify (general)' en diálogo 'Abrir con'.
2025-05-19 18:36:53,856 - Worker-20403060 - PlaylistPlayer.2040306023083277 - INFO - Spotify seleccionado en chooser, pero botón de confirmación no encontrado/clickeado.
2025-05-19 18:36:53,857 - Worker-20403060 - PlaylistPlayer.2040306023083277 - INFO - Diálogo 'Abrir con' manejado. Esperando un poco más (2-4s)...
2025-05-19 18:36:56,767 - Worker-20403060 - PlaylistPlayer.2040306023083277 - DEBUG - Verificando si Spotify está en primer plano...
2025-05-19 18:36:56,767 - Worker-20403060 - PlaylistPlayer.2040306023083277 - DEBUG - Intentando con comando dumpsys (1): adb -s 2040306023083277 shell dumpsys activity top
2025-05-19 18:37:01,228 - Worker-20403060 - PlaylistPlayer.2040306023083277 - WARNING - Spotify NO parece estar en primer plano según dumpsys.
2025-05-19 18:37:01,229 - Worker-20403060 - PlaylistPlayer.2040306023083277 - DEBUG - Capturando pantalla en C:\Users\def\Documents\OTWMusicSystem_Final\OTWMusicSystem_Final\otw_project\OTW_MUSIC_SYSTEM\screenshots\2040306023083277\spotify_not_foreground_screenshot_2040306023083277_20250519_183701229470.png
2025-05-19 18:37:02,061 - Worker-20403060 - PlaylistPlayer.2040306023083277 - INFO - Captura de pantalla guardada: C:\Users\def\Documents\OTWMusicSystem_Final\OTWMusicSystem_Final\otw_project\OTW_MUSIC_SYSTEM\screenshots\2040306023083277\spotify_not_foreground_screenshot_2040306023083277_20250519_183701229470.png
2025-05-19 18:37:02,062 - Worker-20403060 - PlaylistPlayer.2040306023083277 - WARNING - Spotify no detectado en primer plano después de abrir https://open.spotify.com/track/1goCN5yP6nNhn5sprcCMjC?si=d06174b3c9b64404.
2025-05-19 18:37:02,062 - Worker-20403060 - PlaylistPlayer.2040306023083277 - DEBUG - Capturando pantalla en C:\Users\def\Documents\OTWMusicSystem_Final\OTWMusicSystem_Final\otw_project\OTW_MUSIC_SYSTEM\screenshots\2040306023083277\spotify_not_fg_after_open_1goCN5yP6nNhn5sprcCMjC?si=d06174b3c9b64404_screenshot_2040306023083277_20250519_183702062252.png
2025-05-19 18:37:02,718 - Worker-20403060 - PlaylistPlayer.2040306023083277 - ERROR - Error al capturar pantalla: [Errno 22] Invalid argument: 'C:\\Users\\def\\Documents\\OTWMusicSystem_Final\\OTWMusicSystem_Final\\otw_project\\OTW_MUSIC_SYSTEM\\screenshots\\2040306023083277\\spotify_not_fg_after_open_1goCN5yP6nNhn5sprcCMjC?si=d06174b3c9b64404_screenshot_2040306023083277_20250519_183702062252.png'
2025-05-19 18:37:02,718 - Worker-20403060 - PlaylistPlayer.2040306023083277 - INFO - Pausa antes de reintentar apertura de URL debido a no foreground (4.4s).
2025-05-19 18:37:09,709 - Worker-20403060 - PlaylistPlayer.2040306023083277 - INFO - Intentando abrir URL: https://open.spotify.com/track/1goCN5yP6nNhn5sprcCMjC?si=d06174b3c9b64404 (Intento 4/3)
2025-05-19 18:37:09,709 - Worker-20403060 - PlaylistPlayer.2040306023083277 - ERROR - Máximos reintentos (3) alcanzados para abrir URL https://open.spotify.com/track/1goCN5yP6nNhn5sprcCMjC?si=d06174b3c9b64404
2025-05-19 18:37:09,710 - Worker-20403060 - PlaylistPlayer.2040306023083277 - DEBUG - Capturando pantalla en C:\Users\def\Documents\OTWMusicSystem_Final\OTWMusicSystem_Final\otw_project\OTW_MUSIC_SYSTEM\screenshots\2040306023083277\open_url_max_retries_fail_1goCN5yP6nNhn5sprcCMjC?si=d06174b3c9b64404_screenshot_2040306023083277_20250519_183709709706.png
2025-05-19 18:37:10,390 - Worker-20403060 - PlaylistPlayer.2040306023083277 - ERROR - Error al capturar pantalla: [Errno 22] Invalid argument: 'C:\\Users\\def\\Documents\\OTWMusicSystem_Final\\OTWMusicSystem_Final\\otw_project\\OTW_MUSIC_SYSTEM\\screenshots\\2040306023083277\\open_url_max_retries_fail_1goCN5yP6nNhn5sprcCMjC?si=d06174b3c9b64404_screenshot_2040306023083277_20250519_183709709706.png'
2025-05-19 18:37:10,390 - Worker-20403060 - PlaylistPlayer.2040306023083277 - ERROR - No se pudo abrir el track https://open.spotify.com/track/1goCN5yP6nNhn5sprcCMjC?si=d06174b3c9b64404. Terminando interacción.
2025-05-19 18:37:10,390 - Worker-20403060 - PlaylistPlayer.2040306023083277 - INFO - Sesión #1 completada. Pausa de 9.4s.
2025-05-19 18:37:19,765 - Worker-20403060 - PlaylistPlayer.2040306023083277 - INFO - --- Iniciando Sesión de Interacción #2 ---
2025-05-19 18:37:19,765 - Worker-20403060 - PlaylistPlayer.2040306023083277 - INFO - Selección: Link (track) -> https://open.spotify.com/track/2f4trKAHr9pgQF51fpprYf?si=4ec152ce63544dd6
2025-05-19 18:37:19,765 - Worker-20403060 - PlaylistPlayer.2040306023083277 - INFO - Iniciando interacción con TRACK: https://open.spotify.com/track/2f4trKAHr9pgQF51fpprYf?si=4ec152ce63544dd6
2025-05-19 18:37:19,765 - Worker-20403060 - PlaylistPlayer.2040306023083277 - INFO - Intentando abrir URL: https://open.spotify.com/track/2f4trKAHr9pgQF51fpprYf?si=4ec152ce63544dd6 (Intento 1/3)
2025-05-19 18:37:19,765 - Worker-20403060 - PlaylistPlayer.2040306023083277 - DEBUG - Forzando detención de Spotify (com.spotify.music) antes de abrir URL.
2025-05-19 18:37:20,899 - Worker-20403060 - PlaylistPlayer.2040306023083277 - DEBUG - Presionando HOME.
2025-05-19 18:37:23,041 - Worker-20403060 - PlaylistPlayer.2040306023083277 - DEBUG - Ejecutando ADB intent para URL: https://open.spotify.com/track/2f4trKAHr9pgQF51fpprYf?si=4ec152ce63544dd6
2025-05-19 18:37:24,231 - Worker-20403060 - PlaylistPlayer.2040306023083277 - DEBUG - Resultado ADB 'am start': stdout='Starting: Intent { act=android.intent.action.VIEW dat=https://open.spotify.com/... flg=0x10008000 }', stderr=''
2025-05-19 18:37:25,736 - Worker-20403060 - PlaylistPlayer.2040306023083277 - DEBUG - Esperando que la app se abra y estabilice (5-8s)...
2025-05-19 18:37:33,064 - Worker-20403060 - PlaylistPlayer.2040306023083277 - DEBUG - Verificando diálogo 'Abrir con'...
2025-05-19 18:37:38,496 - Worker-20403060 - PlaylistPlayer.2040306023083277 - INFO - Diálogo 'Abrir con' o similar detectado.
2025-05-19 18:37:38,497 - Worker-20403060 - PlaylistPlayer.2040306023083277 - DEBUG - Capturando pantalla en C:\Users\def\Documents\OTWMusicSystem_Final\OTWMusicSystem_Final\otw_project\OTW_MUSIC_SYSTEM\screenshots\2040306023083277\open_with_dialog_screenshot_2040306023083277_20250519_183738497369.png
2025-05-19 18:37:39,511 - Worker-20403060 - PlaylistPlayer.2040306023083277 - INFO - Captura de pantalla guardada: C:\Users\def\Documents\OTWMusicSystem_Final\OTWMusicSystem_Final\otw_project\OTW_MUSIC_SYSTEM\screenshots\2040306023083277\open_with_dialog_screenshot_2040306023083277_20250519_183738497369.png
2025-05-19 18:37:44,549 - Worker-20403060 - PlaylistPlayer.2040306023083277 - INFO - Clickeado 'Spotify (general)' en diálogo 'Abrir con'.
2025-05-19 18:37:56,822 - Worker-20403060 - PlaylistPlayer.2040306023083277 - INFO - Spotify seleccionado en chooser, pero botón de confirmación no encontrado/clickeado.
2025-05-19 18:37:56,822 - Worker-20403060 - PlaylistPlayer.2040306023083277 - INFO - Diálogo 'Abrir con' manejado. Esperando un poco más (2-4s)...
2025-05-19 18:37:59,925 - Worker-20403060 - PlaylistPlayer.2040306023083277 - DEBUG - Verificando si Spotify está en primer plano...
2025-05-19 18:37:59,925 - Worker-20403060 - PlaylistPlayer.2040306023083277 - DEBUG - Intentando con comando dumpsys (1): adb -s 2040306023083277 shell dumpsys activity top
2025-05-19 18:38:05,325 - Worker-20403060 - PlaylistPlayer.2040306023083277 - WARNING - Spotify NO parece estar en primer plano según dumpsys.
2025-05-19 18:38:05,326 - Worker-20403060 - PlaylistPlayer.2040306023083277 - DEBUG - Capturando pantalla en C:\Users\def\Documents\OTWMusicSystem_Final\OTWMusicSystem_Final\otw_project\OTW_MUSIC_SYSTEM\screenshots\2040306023083277\spotify_not_foreground_screenshot_2040306023083277_20250519_183805325988.png
2025-05-19 18:38:06,018 - Worker-20403060 - PlaylistPlayer.2040306023083277 - INFO - Captura de pantalla guardada: C:\Users\def\Documents\OTWMusicSystem_Final\OTWMusicSystem_Final\otw_project\OTW_MUSIC_SYSTEM\screenshots\2040306023083277\spotify_not_foreground_screenshot_2040306023083277_20250519_183805325988.png
2025-05-19 18:38:06,018 - Worker-20403060 - PlaylistPlayer.2040306023083277 - WARNING - Spotify no detectado en primer plano después de abrir https://open.spotify.com/track/2f4trKAHr9pgQF51fpprYf?si=4ec152ce63544dd6.
2025-05-19 18:38:06,018 - Worker-20403060 - PlaylistPlayer.2040306023083277 - DEBUG - Capturando pantalla en C:\Users\def\Documents\OTWMusicSystem_Final\OTWMusicSystem_Final\otw_project\OTW_MUSIC_SYSTEM\screenshots\2040306023083277\spotify_not_fg_after_open_2f4trKAHr9pgQF51fpprYf?si=4ec152ce63544dd6_screenshot_2040306023083277_20250519_183806018525.png
2025-05-19 18:38:06,667 - Worker-20403060 - PlaylistPlayer.2040306023083277 - ERROR - Error al capturar pantalla: [Errno 22] Invalid argument: 'C:\\Users\\def\\Documents\\OTWMusicSystem_Final\\OTWMusicSystem_Final\\otw_project\\OTW_MUSIC_SYSTEM\\screenshots\\2040306023083277\\spotify_not_fg_after_open_2f4trKAHr9pgQF51fpprYf?si=4ec152ce63544dd6_screenshot_2040306023083277_20250519_183806018525.png'
2025-05-19 18:38:06,670 - Worker-20403060 - PlaylistPlayer.2040306023083277 - INFO - Pausa antes de reintentar apertura de URL debido a no foreground (5.7s).
2025-05-19 18:38:13,469 - Worker-20403060 - PlaylistPlayer.2040306023083277 - INFO - Intentando abrir URL: https://open.spotify.com/track/2f4trKAHr9pgQF51fpprYf?si=4ec152ce63544dd6 (Intento 2/3)
2025-05-19 18:38:13,469 - Worker-20403060 - PlaylistPlayer.2040306023083277 - DEBUG - Forzando detención de Spotify (com.spotify.music) antes de abrir URL.
2025-05-19 18:38:14,715 - Worker-20403060 - PlaylistPlayer.2040306023083277 - DEBUG - Presionando HOME.
2025-05-19 18:38:17,334 - Worker-20403060 - PlaylistPlayer.2040306023083277 - DEBUG - Ejecutando ADB intent para URL: https://open.spotify.com/track/2f4trKAHr9pgQF51fpprYf?si=4ec152ce63544dd6
2025-05-19 18:38:18,408 - Worker-20403060 - PlaylistPlayer.2040306023083277 - DEBUG - Resultado ADB 'am start': stdout='Starting: Intent { act=android.intent.action.VIEW dat=https://open.spotify.com/... flg=0x10008000 }', stderr=''
2025-05-19 18:38:20,355 - Worker-20403060 - PlaylistPlayer.2040306023083277 - DEBUG - Esperando que la app se abra y estabilice (5-8s)...
2025-05-19 18:38:26,467 - Worker-20403060 - PlaylistPlayer.2040306023083277 - DEBUG - Verificando diálogo 'Abrir con'...
2025-05-19 18:38:31,615 - Worker-20403060 - PlaylistPlayer.2040306023083277 - INFO - Diálogo 'Abrir con' o similar detectado.
2025-05-19 18:38:31,615 - Worker-20403060 - PlaylistPlayer.2040306023083277 - DEBUG - Capturando pantalla en C:\Users\def\Documents\OTWMusicSystem_Final\OTWMusicSystem_Final\otw_project\OTW_MUSIC_SYSTEM\screenshots\2040306023083277\open_with_dialog_screenshot_2040306023083277_20250519_183831615321.png
2025-05-19 18:38:32,504 - Worker-20403060 - PlaylistPlayer.2040306023083277 - INFO - Captura de pantalla guardada: C:\Users\def\Documents\OTWMusicSystem_Final\OTWMusicSystem_Final\otw_project\OTW_MUSIC_SYSTEM\screenshots\2040306023083277\open_with_dialog_screenshot_2040306023083277_20250519_183831615321.png
2025-05-19 18:38:37,202 - Worker-20403060 - PlaylistPlayer.2040306023083277 - INFO - Clickeado 'Spotify (general)' en diálogo 'Abrir con'.
2025-05-19 18:38:49,250 - Worker-20403060 - PlaylistPlayer.2040306023083277 - INFO - Spotify seleccionado en chooser, pero botón de confirmación no encontrado/clickeado.
2025-05-19 18:38:49,250 - Worker-20403060 - PlaylistPlayer.2040306023083277 - INFO - Diálogo 'Abrir con' manejado. Esperando un poco más (2-4s)...
2025-05-19 18:38:51,357 - Worker-20403060 - PlaylistPlayer.2040306023083277 - DEBUG - Verificando si Spotify está en primer plano...
2025-05-19 18:38:51,357 - Worker-20403060 - PlaylistPlayer.2040306023083277 - DEBUG - Intentando con comando dumpsys (1): adb -s 2040306023083277 shell dumpsys activity top
2025-05-19 18:38:55,994 - Worker-20403060 - PlaylistPlayer.2040306023083277 - WARNING - Spotify NO parece estar en primer plano según dumpsys.
2025-05-19 18:38:55,994 - Worker-20403060 - PlaylistPlayer.2040306023083277 - DEBUG - Capturando pantalla en C:\Users\def\Documents\OTWMusicSystem_Final\OTWMusicSystem_Final\otw_project\OTW_MUSIC_SYSTEM\screenshots\2040306023083277\spotify_not_foreground_screenshot_2040306023083277_20250519_183855994166.png
2025-05-19 18:38:56,770 - Worker-20403060 - PlaylistPlayer.2040306023083277 - INFO - Captura de pantalla guardada: C:\Users\def\Documents\OTWMusicSystem_Final\OTWMusicSystem_Final\otw_project\OTW_MUSIC_SYSTEM\screenshots\2040306023083277\spotify_not_foreground_screenshot_2040306023083277_20250519_183855994166.png
2025-05-19 18:38:56,771 - Worker-20403060 - PlaylistPlayer.2040306023083277 - WARNING - Spotify no detectado en primer plano después de abrir https://open.spotify.com/track/2f4trKAHr9pgQF51fpprYf?si=4ec152ce63544dd6.
2025-05-19 18:38:56,773 - Worker-20403060 - PlaylistPlayer.2040306023083277 - DEBUG - Capturando pantalla en C:\Users\def\Documents\OTWMusicSystem_Final\OTWMusicSystem_Final\otw_project\OTW_MUSIC_SYSTEM\screenshots\2040306023083277\spotify_not_fg_after_open_2f4trKAHr9pgQF51fpprYf?si=4ec152ce63544dd6_screenshot_2040306023083277_20250519_183856771275.png
2025-05-19 18:38:57,529 - Worker-20403060 - PlaylistPlayer.2040306023083277 - ERROR - Error al capturar pantalla: [Errno 22] Invalid argument: 'C:\\Users\\def\\Documents\\OTWMusicSystem_Final\\OTWMusicSystem_Final\\otw_project\\OTW_MUSIC_SYSTEM\\screenshots\\2040306023083277\\spotify_not_fg_after_open_2f4trKAHr9pgQF51fpprYf?si=4ec152ce63544dd6_screenshot_2040306023083277_20250519_183856771275.png'
2025-05-19 18:38:57,529 - Worker-20403060 - PlaylistPlayer.2040306023083277 - INFO - Pausa antes de reintentar apertura de URL debido a no foreground (5.6s).
2025-05-19 18:39:03,098 - Worker-20403060 - PlaylistPlayer.2040306023083277 - INFO - Intentando abrir URL: https://open.spotify.com/track/2f4trKAHr9pgQF51fpprYf?si=4ec152ce63544dd6 (Intento 3/3)
2025-05-19 18:39:03,098 - Worker-20403060 - PlaylistPlayer.2040306023083277 - DEBUG - Forzando detención de Spotify (com.spotify.music) antes de abrir URL.
2025-05-19 18:39:04,449 - Worker-20403060 - PlaylistPlayer.2040306023083277 - DEBUG - Presionando HOME.
2025-05-19 18:39:06,773 - Worker-20403060 - PlaylistPlayer.2040306023083277 - DEBUG - Ejecutando ADB intent para URL: https://open.spotify.com/track/2f4trKAHr9pgQF51fpprYf?si=4ec152ce63544dd6
2025-05-19 18:39:08,454 - Worker-20403060 - PlaylistPlayer.2040306023083277 - DEBUG - Resultado ADB 'am start': stdout='Starting: Intent { act=android.intent.action.VIEW dat=https://open.spotify.com/... flg=0x10008000 }', stderr=''
2025-05-19 18:39:10,489 - Worker-20403060 - PlaylistPlayer.2040306023083277 - DEBUG - Esperando que la app se abra y estabilice (5-8s)...
2025-05-19 18:39:18,358 - Worker-20403060 - PlaylistPlayer.2040306023083277 - DEBUG - Verificando diálogo 'Abrir con'...
2025-05-19 18:39:23,177 - Worker-20403060 - PlaylistPlayer.2040306023083277 - INFO - Diálogo 'Abrir con' o similar detectado.
2025-05-19 18:39:23,177 - Worker-20403060 - PlaylistPlayer.2040306023083277 - DEBUG - Capturando pantalla en C:\Users\def\Documents\OTWMusicSystem_Final\OTWMusicSystem_Final\otw_project\OTW_MUSIC_SYSTEM\screenshots\2040306023083277\open_with_dialog_screenshot_2040306023083277_20250519_183923177115.png
2025-05-19 18:39:23,900 - Worker-20403060 - PlaylistPlayer.2040306023083277 - INFO - Captura de pantalla guardada: C:\Users\def\Documents\OTWMusicSystem_Final\OTWMusicSystem_Final\otw_project\OTW_MUSIC_SYSTEM\screenshots\2040306023083277\open_with_dialog_screenshot_2040306023083277_20250519_183923177115.png
2025-05-19 18:39:29,021 - Worker-20403060 - PlaylistPlayer.2040306023083277 - INFO - Clickeado 'Spotify (general)' en diálogo 'Abrir con'.
2025-05-19 18:39:41,572 - Worker-20403060 - PlaylistPlayer.2040306023083277 - INFO - Spotify seleccionado en chooser, pero botón de confirmación no encontrado/clickeado.
2025-05-19 18:39:41,573 - Worker-20403060 - PlaylistPlayer.2040306023083277 - INFO - Diálogo 'Abrir con' manejado. Esperando un poco más (2-4s)...
2025-05-19 18:39:44,076 - Worker-20403060 - PlaylistPlayer.2040306023083277 - DEBUG - Verificando si Spotify está en primer plano...
2025-05-19 18:39:44,076 - Worker-20403060 - PlaylistPlayer.2040306023083277 - DEBUG - Intentando con comando dumpsys (1): adb -s 2040306023083277 shell dumpsys activity top
2025-05-19 18:39:48,199 - Worker-20403060 - PlaylistPlayer.2040306023083277 - WARNING - Spotify NO parece estar en primer plano según dumpsys.
2025-05-19 18:39:48,199 - Worker-20403060 - PlaylistPlayer.2040306023083277 - DEBUG - Capturando pantalla en C:\Users\def\Documents\OTWMusicSystem_Final\OTWMusicSystem_Final\otw_project\OTW_MUSIC_SYSTEM\screenshots\2040306023083277\spotify_not_foreground_screenshot_2040306023083277_20250519_183948199013.png
2025-05-19 18:39:48,827 - Worker-20403060 - PlaylistPlayer.2040306023083277 - INFO - Captura de pantalla guardada: C:\Users\def\Documents\OTWMusicSystem_Final\OTWMusicSystem_Final\otw_project\OTW_MUSIC_SYSTEM\screenshots\2040306023083277\spotify_not_foreground_screenshot_2040306023083277_20250519_183948199013.png
2025-05-19 18:39:48,827 - Worker-20403060 - PlaylistPlayer.2040306023083277 - WARNING - Spotify no detectado en primer plano después de abrir https://open.spotify.com/track/2f4trKAHr9pgQF51fpprYf?si=4ec152ce63544dd6.
2025-05-19 18:39:48,827 - Worker-20403060 - PlaylistPlayer.2040306023083277 - DEBUG - Capturando pantalla en C:\Users\def\Documents\OTWMusicSystem_Final\OTWMusicSystem_Final\otw_project\OTW_MUSIC_SYSTEM\screenshots\2040306023083277\spotify_not_fg_after_open_2f4trKAHr9pgQF51fpprYf?si=4ec152ce63544dd6_screenshot_2040306023083277_20250519_183948827044.png
2025-05-19 18:39:49,419 - Worker-20403060 - PlaylistPlayer.2040306023083277 - ERROR - Error al capturar pantalla: [Errno 22] Invalid argument: 'C:\\Users\\def\\Documents\\OTWMusicSystem_Final\\OTWMusicSystem_Final\\otw_project\\OTW_MUSIC_SYSTEM\\screenshots\\2040306023083277\\spotify_not_fg_after_open_2f4trKAHr9pgQF51fpprYf?si=4ec152ce63544dd6_screenshot_2040306023083277_20250519_183948827044.png'
2025-05-19 18:39:49,419 - Worker-20403060 - PlaylistPlayer.2040306023083277 - INFO - Pausa antes de reintentar apertura de URL debido a no foreground (6.8s).
2025-05-19 18:39:55,761 - Worker-20403060 - PlaylistPlayer.2040306023083277 - INFO - Intentando abrir URL: https://open.spotify.com/track/2f4trKAHr9pgQF51fpprYf?si=4ec152ce63544dd6 (Intento 4/3)
2025-05-19 18:39:55,761 - Worker-20403060 - PlaylistPlayer.2040306023083277 - ERROR - Máximos reintentos (3) alcanzados para abrir URL https://open.spotify.com/track/2f4trKAHr9pgQF51fpprYf?si=4ec152ce63544dd6
2025-05-19 18:39:55,762 - Worker-20403060 - PlaylistPlayer.2040306023083277 - DEBUG - Capturando pantalla en C:\Users\def\Documents\OTWMusicSystem_Final\OTWMusicSystem_Final\otw_project\OTW_MUSIC_SYSTEM\screenshots\2040306023083277\open_url_max_retries_fail_2f4trKAHr9pgQF51fpprYf?si=4ec152ce63544dd6_screenshot_2040306023083277_20250519_183955761621.png
2025-05-19 18:39:56,368 - Worker-20403060 - PlaylistPlayer.2040306023083277 - ERROR - Error al capturar pantalla: [Errno 22] Invalid argument: 'C:\\Users\\def\\Documents\\OTWMusicSystem_Final\\OTWMusicSystem_Final\\otw_project\\OTW_MUSIC_SYSTEM\\screenshots\\2040306023083277\\open_url_max_retries_fail_2f4trKAHr9pgQF51fpprYf?si=4ec152ce63544dd6_screenshot_2040306023083277_20250519_183955761621.png'
2025-05-19 18:39:56,369 - Worker-20403060 - PlaylistPlayer.2040306023083277 - ERROR - No se pudo abrir el track https://open.spotify.com/track/2f4trKAHr9pgQF51fpprYf?si=4ec152ce63544dd6. Terminando interacción.
2025-05-19 18:39:56,369 - Worker-20403060 - PlaylistPlayer.2040306023083277 - INFO - Sesión #2 completada. Pausa de 7.1s.
2025-05-19 18:40:03,428 - Worker-20403060 - PlaylistPlayer.2040306023083277 - INFO - --- Iniciando Sesión de Interacción #3 ---
2025-05-19 18:40:03,428 - Worker-20403060 - PlaylistPlayer.2040306023083277 - INFO - Selección: Artista Clave -> https://open.spotify.com/artist/4iYKhDCuNXSSrli6AOH6cw
2025-05-19 18:40:03,428 - Worker-20403060 - PlaylistPlayer.2040306023083277 - INFO - Iniciando interacción con ARTISTA: https://open.spotify.com/artist/4iYKhDCuNXSSrli6AOH6cw (KEY ARTIST)
2025-05-19 18:40:03,428 - Worker-20403060 - PlaylistPlayer.2040306023083277 - INFO - Intentando abrir URL: https://open.spotify.com/artist/4iYKhDCuNXSSrli6AOH6cw (Intento 1/3)
2025-05-19 18:40:03,428 - Worker-20403060 - PlaylistPlayer.2040306023083277 - DEBUG - Forzando detención de Spotify (com.spotify.music) antes de abrir URL.
2025-05-19 18:40:04,848 - Worker-20403060 - PlaylistPlayer.2040306023083277 - DEBUG - Presionando HOME.
2025-05-19 18:40:06,836 - Worker-20403060 - PlaylistPlayer.2040306023083277 - DEBUG - Ejecutando ADB intent para URL: https://open.spotify.com/artist/4iYKhDCuNXSSrli6AOH6cw
2025-05-19 18:40:07,972 - Worker-20403060 - PlaylistPlayer.2040306023083277 - DEBUG - Resultado ADB 'am start': stdout='Starting: Intent { act=android.intent.action.VIEW dat=https://open.spotify.com/... flg=0x10008000 }', stderr=''
2025-05-19 18:40:10,372 - Worker-20403060 - PlaylistPlayer.2040306023083277 - DEBUG - Esperando que la app se abra y estabilice (5-8s)...
2025-05-19 18:40:15,852 - Worker-20403060 - PlaylistPlayer.2040306023083277 - DEBUG - Verificando diálogo 'Abrir con'...
2025-05-19 18:40:21,366 - Worker-20403060 - PlaylistPlayer.2040306023083277 - INFO - Diálogo 'Abrir con' o similar detectado.
2025-05-19 18:40:21,366 - Worker-20403060 - PlaylistPlayer.2040306023083277 - DEBUG - Capturando pantalla en C:\Users\def\Documents\OTWMusicSystem_Final\OTWMusicSystem_Final\otw_project\OTW_MUSIC_SYSTEM\screenshots\2040306023083277\open_with_dialog_screenshot_2040306023083277_20250519_184021366486.png
2025-05-19 18:40:22,160 - Worker-20403060 - PlaylistPlayer.2040306023083277 - INFO - Captura de pantalla guardada: C:\Users\def\Documents\OTWMusicSystem_Final\OTWMusicSystem_Final\otw_project\OTW_MUSIC_SYSTEM\screenshots\2040306023083277\open_with_dialog_screenshot_2040306023083277_20250519_184021366486.png
2025-05-19 18:40:27,070 - Worker-20403060 - PlaylistPlayer.2040306023083277 - INFO - Clickeado 'Spotify (general)' en diálogo 'Abrir con'.
2025-05-19 18:40:39,637 - Worker-20403060 - PlaylistPlayer.2040306023083277 - INFO - Spotify seleccionado en chooser, pero botón de confirmación no encontrado/clickeado.
2025-05-19 18:40:39,637 - Worker-20403060 - PlaylistPlayer.2040306023083277 - INFO - Diálogo 'Abrir con' manejado. Esperando un poco más (2-4s)...
2025-05-19 18:40:42,334 - Worker-20403060 - PlaylistPlayer.2040306023083277 - DEBUG - Verificando si Spotify está en primer plano...
2025-05-19 18:40:42,334 - Worker-20403060 - PlaylistPlayer.2040306023083277 - DEBUG - Intentando con comando dumpsys (1): adb -s 2040306023083277 shell dumpsys activity top
2025-05-19 18:40:47,577 - Worker-20403060 - PlaylistPlayer.2040306023083277 - WARNING - Spotify NO parece estar en primer plano según dumpsys.
2025-05-19 18:40:47,578 - Worker-20403060 - PlaylistPlayer.2040306023083277 - DEBUG - Capturando pantalla en C:\Users\def\Documents\OTWMusicSystem_Final\OTWMusicSystem_Final\otw_project\OTW_MUSIC_SYSTEM\screenshots\2040306023083277\spotify_not_foreground_screenshot_2040306023083277_20250519_184047577544.png
2025-05-19 18:40:48,467 - Worker-20403060 - PlaylistPlayer.2040306023083277 - INFO - Captura de pantalla guardada: C:\Users\def\Documents\OTWMusicSystem_Final\OTWMusicSystem_Final\otw_project\OTW_MUSIC_SYSTEM\screenshots\2040306023083277\spotify_not_foreground_screenshot_2040306023083277_20250519_184047577544.png
2025-05-19 18:40:48,467 - Worker-20403060 - PlaylistPlayer.2040306023083277 - WARNING - Spotify no detectado en primer plano después de abrir https://open.spotify.com/artist/4iYKhDCuNXSSrli6AOH6cw.
2025-05-19 18:40:48,468 - Worker-20403060 - PlaylistPlayer.2040306023083277 - DEBUG - Capturando pantalla en C:\Users\def\Documents\OTWMusicSystem_Final\OTWMusicSystem_Final\otw_project\OTW_MUSIC_SYSTEM\screenshots\2040306023083277\spotify_not_fg_after_open_4iYKhDCuNXSSrli6AOH6cw_screenshot_2040306023083277_20250519_184048467786.png
2025-05-19 18:40:49,240 - Worker-20403060 - PlaylistPlayer.2040306023083277 - INFO - Captura de pantalla guardada: C:\Users\def\Documents\OTWMusicSystem_Final\OTWMusicSystem_Final\otw_project\OTW_MUSIC_SYSTEM\screenshots\2040306023083277\spotify_not_fg_after_open_4iYKhDCuNXSSrli6AOH6cw_screenshot_2040306023083277_20250519_184048467786.png
2025-05-19 18:40:49,240 - Worker-20403060 - PlaylistPlayer.2040306023083277 - INFO - Pausa antes de reintentar apertura de URL debido a no foreground (6.6s).
2025-05-19 18:40:54,746 - Worker-20403060 - PlaylistPlayer.2040306023083277 - INFO - Intentando abrir URL: https://open.spotify.com/artist/4iYKhDCuNXSSrli6AOH6cw (Intento 2/3)
2025-05-19 18:40:54,746 - Worker-20403060 - PlaylistPlayer.2040306023083277 - DEBUG - Forzando detención de Spotify (com.spotify.music) antes de abrir URL.
2025-05-19 18:40:56,221 - Worker-20403060 - PlaylistPlayer.2040306023083277 - DEBUG - Presionando HOME.
2025-05-19 18:40:58,714 - Worker-20403060 - PlaylistPlayer.2040306023083277 - DEBUG - Ejecutando ADB intent para URL: https://open.spotify.com/artist/4iYKhDCuNXSSrli6AOH6cw
2025-05-19 18:41:00,166 - Worker-20403060 - PlaylistPlayer.2040306023083277 - DEBUG - Resultado ADB 'am start': stdout='Starting: Intent { act=android.intent.action.VIEW dat=https://open.spotify.com/... flg=0x10008000 }', stderr=''
2025-05-19 18:41:01,993 - Worker-20403060 - PlaylistPlayer.2040306023083277 - DEBUG - Esperando que la app se abra y estabilice (5-8s)...
2025-05-19 18:41:08,983 - Worker-20403060 - PlaylistPlayer.2040306023083277 - DEBUG - Verificando diálogo 'Abrir con'...
2025-05-19 18:41:13,947 - Worker-20403060 - PlaylistPlayer.2040306023083277 - INFO - Diálogo 'Abrir con' o similar detectado.
2025-05-19 18:41:13,947 - Worker-20403060 - PlaylistPlayer.2040306023083277 - DEBUG - Capturando pantalla en C:\Users\def\Documents\OTWMusicSystem_Final\OTWMusicSystem_Final\otw_project\OTW_MUSIC_SYSTEM\screenshots\2040306023083277\open_with_dialog_screenshot_2040306023083277_20250519_184113947395.png
2025-05-19 18:41:14,691 - Worker-20403060 - PlaylistPlayer.2040306023083277 - INFO - Captura de pantalla guardada: C:\Users\def\Documents\OTWMusicSystem_Final\OTWMusicSystem_Final\otw_project\OTW_MUSIC_SYSTEM\screenshots\2040306023083277\open_with_dialog_screenshot_2040306023083277_20250519_184113947395.png
2025-05-19 18:41:19,690 - Worker-20403060 - PlaylistPlayer.2040306023083277 - INFO - Clickeado 'Spotify (general)' en diálogo 'Abrir con'.
2025-05-19 18:41:31,854 - Worker-20403060 - PlaylistPlayer.2040306023083277 - INFO - Spotify seleccionado en chooser, pero botón de confirmación no encontrado/clickeado.
2025-05-19 18:41:31,855 - Worker-20403060 - PlaylistPlayer.2040306023083277 - INFO - Diálogo 'Abrir con' manejado. Esperando un poco más (2-4s)...
2025-05-19 18:41:34,884 - Worker-20403060 - PlaylistPlayer.2040306023083277 - DEBUG - Verificando si Spotify está en primer plano...
2025-05-19 18:41:34,884 - Worker-20403060 - PlaylistPlayer.2040306023083277 - DEBUG - Intentando con comando dumpsys (1): adb -s 2040306023083277 shell dumpsys activity top
2025-05-19 18:41:40,180 - Worker-20403060 - PlaylistPlayer.2040306023083277 - WARNING - Spotify NO parece estar en primer plano según dumpsys.
2025-05-19 18:41:40,181 - Worker-20403060 - PlaylistPlayer.2040306023083277 - DEBUG - Capturando pantalla en C:\Users\def\Documents\OTWMusicSystem_Final\OTWMusicSystem_Final\otw_project\OTW_MUSIC_SYSTEM\screenshots\2040306023083277\spotify_not_foreground_screenshot_2040306023083277_20250519_184140181046.png
2025-05-19 18:41:40,846 - Worker-20403060 - PlaylistPlayer.2040306023083277 - INFO - Captura de pantalla guardada: C:\Users\def\Documents\OTWMusicSystem_Final\OTWMusicSystem_Final\otw_project\OTW_MUSIC_SYSTEM\screenshots\2040306023083277\spotify_not_foreground_screenshot_2040306023083277_20250519_184140181046.png
2025-05-19 18:41:40,846 - Worker-20403060 - PlaylistPlayer.2040306023083277 - WARNING - Spotify no detectado en primer plano después de abrir https://open.spotify.com/artist/4iYKhDCuNXSSrli6AOH6cw.
2025-05-19 18:41:40,847 - Worker-20403060 - PlaylistPlayer.2040306023083277 - DEBUG - Capturando pantalla en C:\Users\def\Documents\OTWMusicSystem_Final\OTWMusicSystem_Final\otw_project\OTW_MUSIC_SYSTEM\screenshots\2040306023083277\spotify_not_fg_after_open_4iYKhDCuNXSSrli6AOH6cw_screenshot_2040306023083277_20250519_184140846547.png
2025-05-19 18:41:41,499 - Worker-20403060 - PlaylistPlayer.2040306023083277 - INFO - Captura de pantalla guardada: C:\Users\def\Documents\OTWMusicSystem_Final\OTWMusicSystem_Final\otw_project\OTW_MUSIC_SYSTEM\screenshots\2040306023083277\spotify_not_fg_after_open_4iYKhDCuNXSSrli6AOH6cw_screenshot_2040306023083277_20250519_184140846547.png
2025-05-19 18:41:41,499 - Worker-20403060 - PlaylistPlayer.2040306023083277 - INFO - Pausa antes de reintentar apertura de URL debido a no foreground (6.0s).
2025-05-19 18:41:45,501 - Worker-20403060 - PlaylistPlayer.2040306023083277 - INFO - Intentando abrir URL: https://open.spotify.com/artist/4iYKhDCuNXSSrli6AOH6cw (Intento 3/3)
2025-05-19 18:41:45,501 - Worker-20403060 - PlaylistPlayer.2040306023083277 - DEBUG - Forzando detención de Spotify (com.spotify.music) antes de abrir URL.
2025-05-19 18:41:46,753 - Worker-20403060 - PlaylistPlayer.2040306023083277 - DEBUG - Presionando HOME.
2025-05-19 18:41:49,227 - Worker-20403060 - PlaylistPlayer.2040306023083277 - DEBUG - Ejecutando ADB intent para URL: https://open.spotify.com/artist/4iYKhDCuNXSSrli6AOH6cw
2025-05-19 18:41:50,385 - Worker-20403060 - PlaylistPlayer.2040306023083277 - DEBUG - Resultado ADB 'am start': stdout='Starting: Intent { act=android.intent.action.VIEW dat=https://open.spotify.com/... flg=0x10008000 }', stderr=''
2025-05-19 18:41:52,493 - Worker-20403060 - PlaylistPlayer.2040306023083277 - DEBUG - Esperando que la app se abra y estabilice (5-8s)...
2025-05-19 18:41:59,597 - Worker-20403060 - PlaylistPlayer.2040306023083277 - DEBUG - Verificando diálogo 'Abrir con'...
2025-05-19 18:42:04,552 - Worker-20403060 - PlaylistPlayer.2040306023083277 - INFO - Diálogo 'Abrir con' o similar detectado.
2025-05-19 18:42:04,552 - Worker-20403060 - PlaylistPlayer.2040306023083277 - DEBUG - Capturando pantalla en C:\Users\def\Documents\OTWMusicSystem_Final\OTWMusicSystem_Final\otw_project\OTW_MUSIC_SYSTEM\screenshots\2040306023083277\open_with_dialog_screenshot_2040306023083277_20250519_184204552326.png
2025-05-19 18:42:05,245 - Worker-20403060 - PlaylistPlayer.2040306023083277 - INFO - Captura de pantalla guardada: C:\Users\def\Documents\OTWMusicSystem_Final\OTWMusicSystem_Final\otw_project\OTW_MUSIC_SYSTEM\screenshots\2040306023083277\open_with_dialog_screenshot_2040306023083277_20250519_184204552326.png
2025-05-19 18:42:09,892 - Worker-20403060 - PlaylistPlayer.2040306023083277 - INFO - Clickeado 'Spotify (general)' en diálogo 'Abrir con'.
2025-05-19 18:42:22,736 - Worker-20403060 - PlaylistPlayer.2040306023083277 - INFO - Spotify seleccionado en chooser, pero botón de confirmación no encontrado/clickeado.
2025-05-19 18:42:22,737 - Worker-20403060 - PlaylistPlayer.2040306023083277 - INFO - Diálogo 'Abrir con' manejado. Esperando un poco más (2-4s)...
2025-05-19 18:42:24,821 - Worker-20403060 - PlaylistPlayer.2040306023083277 - DEBUG - Verificando si Spotify está en primer plano...
2025-05-19 18:42:24,821 - Worker-20403060 - PlaylistPlayer.2040306023083277 - DEBUG - Intentando con comando dumpsys (1): adb -s 2040306023083277 shell dumpsys activity top
2025-05-19 18:42:29,373 - Worker-20403060 - PlaylistPlayer.2040306023083277 - WARNING - Spotify NO parece estar en primer plano según dumpsys.
2025-05-19 18:42:29,374 - Worker-20403060 - PlaylistPlayer.2040306023083277 - DEBUG - Capturando pantalla en C:\Users\def\Documents\OTWMusicSystem_Final\OTWMusicSystem_Final\otw_project\OTW_MUSIC_SYSTEM\screenshots\2040306023083277\spotify_not_foreground_screenshot_2040306023083277_20250519_184229373916.png
2025-05-19 18:42:30,055 - Worker-20403060 - PlaylistPlayer.2040306023083277 - INFO - Captura de pantalla guardada: C:\Users\def\Documents\OTWMusicSystem_Final\OTWMusicSystem_Final\otw_project\OTW_MUSIC_SYSTEM\screenshots\2040306023083277\spotify_not_foreground_screenshot_2040306023083277_20250519_184229373916.png
2025-05-19 18:42:30,056 - Worker-20403060 - PlaylistPlayer.2040306023083277 - WARNING - Spotify no detectado en primer plano después de abrir https://open.spotify.com/artist/4iYKhDCuNXSSrli6AOH6cw.
2025-05-19 18:42:30,056 - Worker-20403060 - PlaylistPlayer.2040306023083277 - DEBUG - Capturando pantalla en C:\Users\def\Documents\OTWMusicSystem_Final\OTWMusicSystem_Final\otw_project\OTW_MUSIC_SYSTEM\screenshots\2040306023083277\spotify_not_fg_after_open_4iYKhDCuNXSSrli6AOH6cw_screenshot_2040306023083277_20250519_184230056271.png
2025-05-19 18:42:30,710 - Worker-20403060 - PlaylistPlayer.2040306023083277 - INFO - Captura de pantalla guardada: C:\Users\def\Documents\OTWMusicSystem_Final\OTWMusicSystem_Final\otw_project\OTW_MUSIC_SYSTEM\screenshots\2040306023083277\spotify_not_fg_after_open_4iYKhDCuNXSSrli6AOH6cw_screenshot_2040306023083277_20250519_184230056271.png
2025-05-19 18:42:30,710 - Worker-20403060 - PlaylistPlayer.2040306023083277 - INFO - Pausa antes de reintentar apertura de URL debido a no foreground (5.2s).
2025-05-19 18:42:35,113 - Worker-20403060 - PlaylistPlayer.2040306023083277 - INFO - Intentando abrir URL: https://open.spotify.com/artist/4iYKhDCuNXSSrli6AOH6cw (Intento 4/3)
2025-05-19 18:42:35,113 - Worker-20403060 - PlaylistPlayer.2040306023083277 - ERROR - Máximos reintentos (3) alcanzados para abrir URL https://open.spotify.com/artist/4iYKhDCuNXSSrli6AOH6cw
2025-05-19 18:42:35,114 - Worker-20403060 - PlaylistPlayer.2040306023083277 - DEBUG - Capturando pantalla en C:\Users\def\Documents\OTWMusicSystem_Final\OTWMusicSystem_Final\otw_project\OTW_MUSIC_SYSTEM\screenshots\2040306023083277\open_url_max_retries_fail_4iYKhDCuNXSSrli6AOH6cw_screenshot_2040306023083277_20250519_184235113962.png
2025-05-19 18:42:35,773 - Worker-20403060 - PlaylistPlayer.2040306023083277 - INFO - Captura de pantalla guardada: C:\Users\def\Documents\OTWMusicSystem_Final\OTWMusicSystem_Final\otw_project\OTW_MUSIC_SYSTEM\screenshots\2040306023083277\open_url_max_retries_fail_4iYKhDCuNXSSrli6AOH6cw_screenshot_2040306023083277_20250519_184235113962.png
2025-05-19 18:42:35,774 - Worker-20403060 - PlaylistPlayer.2040306023083277 - ERROR - No se pudo abrir la página del artista https://open.spotify.com/artist/4iYKhDCuNXSSrli6AOH6cw. Terminando interacción.
2025-05-19 18:42:35,774 - Worker-20403060 - PlaylistPlayer.2040306023083277 - INFO - Sesión #3 completada. Pausa de 6.7s.
2025-05-19 18:42:42,467 - Worker-20403060 - PlaylistPlayer.2040306023083277 - INFO - --- Iniciando Sesión de Interacción #4 ---
2025-05-19 18:42:42,467 - Worker-20403060 - PlaylistPlayer.2040306023083277 - INFO - Selección: Artista Clave -> https://open.spotify.com/artist/4iYKhDCuNXSSrli6AOH6cw
2025-05-19 18:42:42,467 - Worker-20403060 - PlaylistPlayer.2040306023083277 - INFO - Iniciando interacción con ARTISTA: https://open.spotify.com/artist/4iYKhDCuNXSSrli6AOH6cw (KEY ARTIST)
2025-05-19 18:42:42,467 - Worker-20403060 - PlaylistPlayer.2040306023083277 - INFO - Intentando abrir URL: https://open.spotify.com/artist/4iYKhDCuNXSSrli6AOH6cw (Intento 1/3)
2025-05-19 18:42:42,467 - Worker-20403060 - PlaylistPlayer.2040306023083277 - DEBUG - Forzando detención de Spotify (com.spotify.music) antes de abrir URL.
2025-05-19 18:42:43,836 - Worker-20403060 - PlaylistPlayer.2040306023083277 - DEBUG - Presionando HOME.
2025-05-19 18:42:45,851 - Worker-20403060 - PlaylistPlayer.2040306023083277 - DEBUG - Ejecutando ADB intent para URL: https://open.spotify.com/artist/4iYKhDCuNXSSrli6AOH6cw
2025-05-19 18:42:47,434 - Worker-20403060 - PlaylistPlayer.2040306023083277 - DEBUG - Resultado ADB 'am start': stdout='Starting: Intent { act=android.intent.action.VIEW dat=https://open.spotify.com/... flg=0x10008000 }', stderr=''
2025-05-19 18:42:49,708 - Worker-20403060 - PlaylistPlayer.2040306023083277 - DEBUG - Esperando que la app se abra y estabilice (5-8s)...
2025-05-19 18:42:55,804 - Worker-20403060 - PlaylistPlayer.2040306023083277 - DEBUG - Verificando diálogo 'Abrir con'...
2025-05-19 18:43:00,719 - Worker-20403060 - PlaylistPlayer.2040306023083277 - INFO - Diálogo 'Abrir con' o similar detectado.
2025-05-19 18:43:00,719 - Worker-20403060 - PlaylistPlayer.2040306023083277 - DEBUG - Capturando pantalla en C:\Users\def\Documents\OTWMusicSystem_Final\OTWMusicSystem_Final\otw_project\OTW_MUSIC_SYSTEM\screenshots\2040306023083277\open_with_dialog_screenshot_2040306023083277_20250519_184300719315.png
2025-05-19 18:43:01,437 - Worker-20403060 - PlaylistPlayer.2040306023083277 - INFO - Captura de pantalla guardada: C:\Users\def\Documents\OTWMusicSystem_Final\OTWMusicSystem_Final\otw_project\OTW_MUSIC_SYSTEM\screenshots\2040306023083277\open_with_dialog_screenshot_2040306023083277_20250519_184300719315.png
2025-05-19 18:43:06,031 - Worker-20403060 - PlaylistPlayer.2040306023083277 - INFO - Clickeado 'Spotify (general)' en diálogo 'Abrir con'.
2025-05-19 18:43:17,742 - Worker-20403060 - PlaylistPlayer.2040306023083277 - INFO - Spotify seleccionado en chooser, pero botón de confirmación no encontrado/clickeado.
2025-05-19 18:43:17,742 - Worker-20403060 - PlaylistPlayer.2040306023083277 - INFO - Diálogo 'Abrir con' manejado. Esperando un poco más (2-4s)...
2025-05-19 18:43:20,050 - Worker-20403060 - PlaylistPlayer.2040306023083277 - DEBUG - Verificando si Spotify está en primer plano...
2025-05-19 18:43:20,050 - Worker-20403060 - PlaylistPlayer.2040306023083277 - DEBUG - Intentando con comando dumpsys (1): adb -s 2040306023083277 shell dumpsys activity top
2025-05-19 18:43:25,280 - Worker-20403060 - PlaylistPlayer.2040306023083277 - WARNING - Spotify NO parece estar en primer plano según dumpsys.
2025-05-19 18:43:25,283 - Worker-20403060 - PlaylistPlayer.2040306023083277 - DEBUG - Capturando pantalla en C:\Users\def\Documents\OTWMusicSystem_Final\OTWMusicSystem_Final\otw_project\OTW_MUSIC_SYSTEM\screenshots\2040306023083277\spotify_not_foreground_screenshot_2040306023083277_20250519_184325280874.png
2025-05-19 18:43:25,942 - Worker-20403060 - PlaylistPlayer.2040306023083277 - INFO - Captura de pantalla guardada: C:\Users\def\Documents\OTWMusicSystem_Final\OTWMusicSystem_Final\otw_project\OTW_MUSIC_SYSTEM\screenshots\2040306023083277\spotify_not_foreground_screenshot_2040306023083277_20250519_184325280874.png
2025-05-19 18:43:25,943 - Worker-20403060 - PlaylistPlayer.2040306023083277 - WARNING - Spotify no detectado en primer plano después de abrir https://open.spotify.com/artist/4iYKhDCuNXSSrli6AOH6cw.
2025-05-19 18:43:25,943 - Worker-20403060 - PlaylistPlayer.2040306023083277 - DEBUG - Capturando pantalla en C:\Users\def\Documents\OTWMusicSystem_Final\OTWMusicSystem_Final\otw_project\OTW_MUSIC_SYSTEM\screenshots\2040306023083277\spotify_not_fg_after_open_4iYKhDCuNXSSrli6AOH6cw_screenshot_2040306023083277_20250519_184325943311.png
2025-05-19 18:43:26,605 - Worker-20403060 - PlaylistPlayer.2040306023083277 - INFO - Captura de pantalla guardada: C:\Users\def\Documents\OTWMusicSystem_Final\OTWMusicSystem_Final\otw_project\OTW_MUSIC_SYSTEM\screenshots\2040306023083277\spotify_not_fg_after_open_4iYKhDCuNXSSrli6AOH6cw_screenshot_2040306023083277_20250519_184325943311.png
2025-05-19 18:43:26,605 - Worker-20403060 - PlaylistPlayer.2040306023083277 - INFO - Pausa antes de reintentar apertura de URL debido a no foreground (5.6s).
2025-05-19 18:43:33,087 - Worker-20403060 - PlaylistPlayer.2040306023083277 - INFO - Intentando abrir URL: https://open.spotify.com/artist/4iYKhDCuNXSSrli6AOH6cw (Intento 2/3)
2025-05-19 18:43:33,087 - Worker-20403060 - PlaylistPlayer.2040306023083277 - DEBUG - Forzando detención de Spotify (com.spotify.music) antes de abrir URL.
2025-05-19 18:43:34,398 - Worker-20403060 - PlaylistPlayer.2040306023083277 - DEBUG - Presionando HOME.
2025-05-19 18:43:36,375 - Worker-20403060 - PlaylistPlayer.2040306023083277 - DEBUG - Ejecutando ADB intent para URL: https://open.spotify.com/artist/4iYKhDCuNXSSrli6AOH6cw
2025-05-19 18:43:37,537 - Worker-20403060 - PlaylistPlayer.2040306023083277 - DEBUG - Resultado ADB 'am start': stdout='Starting: Intent { act=android.intent.action.VIEW dat=https://open.spotify.com/... flg=0x10008000 }', stderr=''
2025-05-19 18:43:39,859 - Worker-20403060 - PlaylistPlayer.2040306023083277 - DEBUG - Esperando que la app se abra y estabilice (5-8s)...
2025-05-19 18:43:47,603 - Worker-20403060 - PlaylistPlayer.2040306023083277 - DEBUG - Verificando diálogo 'Abrir con'...
2025-05-19 18:43:52,490 - Worker-20403060 - PlaylistPlayer.2040306023083277 - INFO - Diálogo 'Abrir con' o similar detectado.
2025-05-19 18:43:52,491 - Worker-20403060 - PlaylistPlayer.2040306023083277 - DEBUG - Capturando pantalla en C:\Users\def\Documents\OTWMusicSystem_Final\OTWMusicSystem_Final\otw_project\OTW_MUSIC_SYSTEM\screenshots\2040306023083277\open_with_dialog_screenshot_2040306023083277_20250519_184352491016.png
2025-05-19 18:43:53,109 - Worker-20403060 - PlaylistPlayer.2040306023083277 - INFO - Captura de pantalla guardada: C:\Users\def\Documents\OTWMusicSystem_Final\OTWMusicSystem_Final\otw_project\OTW_MUSIC_SYSTEM\screenshots\2040306023083277\open_with_dialog_screenshot_2040306023083277_20250519_184352491016.png
2025-05-19 18:43:58,439 - Worker-20403060 - PlaylistPlayer.2040306023083277 - INFO - Clickeado 'Spotify (general)' en diálogo 'Abrir con'.
2025-05-19 18:44:10,376 - Worker-20403060 - PlaylistPlayer.2040306023083277 - INFO - Spotify seleccionado en chooser, pero botón de confirmación no encontrado/clickeado.
2025-05-19 18:44:10,377 - Worker-20403060 - PlaylistPlayer.2040306023083277 - INFO - Diálogo 'Abrir con' manejado. Esperando un poco más (2-4s)...
2025-05-19 18:44:13,653 - Worker-20403060 - PlaylistPlayer.2040306023083277 - DEBUG - Verificando si Spotify está en primer plano...
2025-05-19 18:44:13,653 - Worker-20403060 - PlaylistPlayer.2040306023083277 - DEBUG - Intentando con comando dumpsys (1): adb -s 2040306023083277 shell dumpsys activity top
2025-05-19 18:44:18,953 - Worker-20403060 - PlaylistPlayer.2040306023083277 - WARNING - Spotify NO parece estar en primer plano según dumpsys.
2025-05-19 18:44:18,953 - Worker-20403060 - PlaylistPlayer.2040306023083277 - DEBUG - Capturando pantalla en C:\Users\def\Documents\OTWMusicSystem_Final\OTWMusicSystem_Final\otw_project\OTW_MUSIC_SYSTEM\screenshots\2040306023083277\spotify_not_foreground_screenshot_2040306023083277_20250519_184418953119.png
2025-05-19 18:44:19,656 - Worker-20403060 - PlaylistPlayer.2040306023083277 - INFO - Captura de pantalla guardada: C:\Users\def\Documents\OTWMusicSystem_Final\OTWMusicSystem_Final\otw_project\OTW_MUSIC_SYSTEM\screenshots\2040306023083277\spotify_not_foreground_screenshot_2040306023083277_20250519_184418953119.png
2025-05-19 18:44:19,656 - Worker-20403060 - PlaylistPlayer.2040306023083277 - WARNING - Spotify no detectado en primer plano después de abrir https://open.spotify.com/artist/4iYKhDCuNXSSrli6AOH6cw.
2025-05-19 18:44:19,657 - Worker-20403060 - PlaylistPlayer.2040306023083277 - DEBUG - Capturando pantalla en C:\Users\def\Documents\OTWMusicSystem_Final\OTWMusicSystem_Final\otw_project\OTW_MUSIC_SYSTEM\screenshots\2040306023083277\spotify_not_fg_after_open_4iYKhDCuNXSSrli6AOH6cw_screenshot_2040306023083277_20250519_184419656653.png
2025-05-19 18:44:20,371 - Worker-20403060 - PlaylistPlayer.2040306023083277 - INFO - Captura de pantalla guardada: C:\Users\def\Documents\OTWMusicSystem_Final\OTWMusicSystem_Final\otw_project\OTW_MUSIC_SYSTEM\screenshots\2040306023083277\spotify_not_fg_after_open_4iYKhDCuNXSSrli6AOH6cw_screenshot_2040306023083277_20250519_184419656653.png
2025-05-19 18:44:20,371 - Worker-20403060 - PlaylistPlayer.2040306023083277 - INFO - Pausa antes de reintentar apertura de URL debido a no foreground (5.7s).
2025-05-19 18:44:25,514 - Worker-20403060 - PlaylistPlayer.2040306023083277 - INFO - Intentando abrir URL: https://open.spotify.com/artist/4iYKhDCuNXSSrli6AOH6cw (Intento 3/3)
2025-05-19 18:44:25,514 - Worker-20403060 - PlaylistPlayer.2040306023083277 - DEBUG - Forzando detención de Spotify (com.spotify.music) antes de abrir URL.
2025-05-19 18:44:26,586 - Worker-20403060 - PlaylistPlayer.2040306023083277 - DEBUG - Presionando HOME.
2025-05-19 18:44:28,612 - Worker-20403060 - PlaylistPlayer.2040306023083277 - DEBUG - Ejecutando ADB intent para URL: https://open.spotify.com/artist/4iYKhDCuNXSSrli6AOH6cw
2025-05-19 18:44:29,895 - Worker-20403060 - PlaylistPlayer.2040306023083277 - DEBUG - Resultado ADB 'am start': stdout='Starting: Intent { act=android.intent.action.VIEW dat=https://open.spotify.com/... flg=0x10008000 }', stderr=''
2025-05-19 18:44:32,182 - Worker-20403060 - PlaylistPlayer.2040306023083277 - DEBUG - Esperando que la app se abra y estabilice (5-8s)...
2025-05-19 18:44:38,509 - Worker-20403060 - PlaylistPlayer.2040306023083277 - DEBUG - Verificando diálogo 'Abrir con'...
2025-05-19 18:44:43,488 - Worker-20403060 - PlaylistPlayer.2040306023083277 - INFO - Diálogo 'Abrir con' o similar detectado.
2025-05-19 18:44:43,488 - Worker-20403060 - PlaylistPlayer.2040306023083277 - DEBUG - Capturando pantalla en C:\Users\def\Documents\OTWMusicSystem_Final\OTWMusicSystem_Final\otw_project\OTW_MUSIC_SYSTEM\screenshots\2040306023083277\open_with_dialog_screenshot_2040306023083277_20250519_184443488432.png
2025-05-19 18:44:44,155 - Worker-20403060 - PlaylistPlayer.2040306023083277 - INFO - Captura de pantalla guardada: C:\Users\def\Documents\OTWMusicSystem_Final\OTWMusicSystem_Final\otw_project\OTW_MUSIC_SYSTEM\screenshots\2040306023083277\open_with_dialog_screenshot_2040306023083277_20250519_184443488432.png
2025-05-19 18:44:48,863 - Worker-20403060 - PlaylistPlayer.2040306023083277 - INFO - Clickeado 'Spotify (general)' en diálogo 'Abrir con'.
2025-05-19 18:45:01,756 - Worker-20403060 - PlaylistPlayer.2040306023083277 - INFO - Spotify seleccionado en chooser, pero botón de confirmación no encontrado/clickeado.
2025-05-19 18:45:01,757 - Worker-20403060 - PlaylistPlayer.2040306023083277 - INFO - Diálogo 'Abrir con' manejado. Esperando un poco más (2-4s)...
