2025-05-19 19:38:51,566 - Worker-20403060 - PlaylistPlayer.2040306023083277 - INFO - Worker thread INICIADO. Logs en: C:\Users\def\Documents\OTWMusicSystem_Final\OTWMusicSystem_Final\otw_project\OTW_MUSIC_SYSTEM\logs\2040306023083277\playlist_player_20250519_193851.log
2025-05-19 19:38:51,567 - Worker-20403060 - PlaylistPlayer.2040306023083277 - INFO - Personalidad Creada (SLOW_MODE_FACTOR=1.75): InitPlaylistDur=[30-35]m, ArtistDur=[30-60]m, IndivTrackSessDur=[60-90]m, SingleTrackDur=[60-120]s, VisitArtistProb=0.56, PlayIndivTracksProb=0.38
2025-05-19 19:38:51,567 - Worker-20403060 - PlaylistPlayer.2040306023083277 - INFO - Conectando uiautomator2 (intento 1/3)...
2025-05-19 19:38:54,939 - Worker-20403060 - PlaylistPlayer.2040306023083277 - INFO - Conectado (Device: Studio_X5_Max, Android: N/A).
2025-05-19 19:38:55,184 - Worker-20403060 - PlaylistPlayer.2040306023083277 - INFO - Spotify (com.spotify.music v9.0.36.484) instalado.
2025-05-19 19:38:55,184 - Worker-20403060 - PlaylistPlayer.2040306023083277 - INFO - Setup inicial (kill Spotify, home).
2025-05-19 19:38:55,184 - Worker-20403060 - PlaylistPlayer.2040306023083277 - WARNING - Advertencia setup inicial: 'Device' object has no attribute 'app_kill'
2025-05-19 19:38:55,185 - Worker-20403060 - PlaylistPlayer.2040306023083277 - DEBUG - Capturando pantalla en C:\Users\def\Documents\OTWMusicSystem_Final\OTWMusicSystem_Final\otw_project\OTW_MUSIC_SYSTEM\screenshots\2040306023083277\init_setup_warn_screenshot_2040306023083277_20250519_193855184589.png
2025-05-19 19:38:55,856 - Worker-20403060 - PlaylistPlayer.2040306023083277 - INFO - Captura de pantalla guardada: C:\Users\def\Documents\OTWMusicSystem_Final\OTWMusicSystem_Final\otw_project\OTW_MUSIC_SYSTEM\screenshots\2040306023083277\init_setup_warn_screenshot_2040306023083277_20250519_193855184589.png
2025-05-19 19:38:55,856 - Worker-20403060 - PlaylistPlayer.2040306023083277 - INFO - --- Iniciando CICLO DE VIDA DE INTERACCIÓN #1 ---
2025-05-19 19:38:55,856 - Worker-20403060 - PlaylistPlayer.2040306023083277 - INFO - Fase 1: Playlist Inicial.
2025-05-19 19:38:55,856 - Worker-20403060 - PlaylistPlayer.2040306023083277 - INFO - Iniciando PLAYLIST: https://open.spotify.com/playlist/3h6pIE4rE6z8OyxNMOqW8t?si=H8FB0OalRKGjeMjEXVgSJw por ~30 min.
2025-05-19 19:38:55,857 - Worker-20403060 - PlaylistPlayer.2040306023083277 - INFO - Intentando abrir URL: https://open.spotify.com/playlist/3h6pIE4rE6z8OyxNMOqW8t?si=H8FB0OalRKGjeMjEXVgSJw (Intento 1/3)
2025-05-19 19:38:55,857 - Worker-20403060 - PlaylistPlayer.2040306023083277 - DEBUG - Forzando detención de Spotify (com.spotify.music).
2025-05-19 19:38:57,985 - Worker-20403060 - PlaylistPlayer.2040306023083277 - DEBUG - Presionando HOME.
2025-05-19 19:39:00,834 - Worker-20403060 - PlaylistPlayer.2040306023083277 - DEBUG - Ejecutando ADB intent para URL: https://open.spotify.com/playlist/3h6pIE4rE6z8OyxNMOqW8t?si=H8FB0OalRKGjeMjEXVgSJw
2025-05-19 19:39:04,558 - Worker-20403060 - PlaylistPlayer.2040306023083277 - DEBUG - Resultado ADB: stdout='Starting: Intent { act=android.intent.action.VIEW dat=https://open.spotify.com/... flg=0x10008000 }', stderr=''
2025-05-19 19:39:06,748 - Worker-20403060 - PlaylistPlayer.2040306023083277 - DEBUG - Esperando app estabilice...
2025-05-19 19:39:18,520 - Worker-20403060 - PlaylistPlayer.2040306023083277 - DEBUG - Verificando diálogo 'Abrir con'...
2025-05-19 19:39:24,813 - Worker-20403060 - PlaylistPlayer.2040306023083277 - INFO - Diálogo 'Abrir con' o similar detectado.
2025-05-19 19:39:24,813 - Worker-20403060 - PlaylistPlayer.2040306023083277 - DEBUG - Capturando pantalla en C:\Users\def\Documents\OTWMusicSystem_Final\OTWMusicSystem_Final\otw_project\OTW_MUSIC_SYSTEM\screenshots\2040306023083277\open_with_dialog_screenshot_2040306023083277_20250519_193924813495.png
2025-05-19 19:39:25,603 - Worker-20403060 - PlaylistPlayer.2040306023083277 - INFO - Captura de pantalla guardada: C:\Users\def\Documents\OTWMusicSystem_Final\OTWMusicSystem_Final\otw_project\OTW_MUSIC_SYSTEM\screenshots\2040306023083277\open_with_dialog_screenshot_2040306023083277_20250519_193924813495.png
2025-05-19 19:39:32,733 - Worker-20403060 - PlaylistPlayer.2040306023083277 - INFO - Clickeado 'Spotify (general)'.
2025-05-19 19:39:52,083 - Worker-20403060 - PlaylistPlayer.2040306023083277 - INFO - Spotify seleccionado, pero botón confirmación no encontrado/clickeado.
2025-05-19 19:39:52,083 - Worker-20403060 - PlaylistPlayer.2040306023083277 - INFO - Diálogo 'Abrir con' manejado.
2025-05-19 19:39:55,910 - Worker-20403060 - PlaylistPlayer.2040306023083277 - DEBUG - Verificando si Spotify está en primer plano...
2025-05-19 19:39:55,910 - Worker-20403060 - PlaylistPlayer.2040306023083277 - DEBUG - Intentando con comando dumpsys (1): adb -s 2040306023083277 shell dumpsys activity top
2025-05-19 19:40:01,218 - Worker-20403060 - PlaylistPlayer.2040306023083277 - WARNING - Spotify NO parece estar en primer plano.
2025-05-19 19:40:01,218 - Worker-20403060 - PlaylistPlayer.2040306023083277 - DEBUG - Capturando pantalla en C:\Users\def\Documents\OTWMusicSystem_Final\OTWMusicSystem_Final\otw_project\OTW_MUSIC_SYSTEM\screenshots\2040306023083277\spotify_not_foreground_screenshot_2040306023083277_20250519_194001218216.png
2025-05-19 19:40:01,826 - Worker-20403060 - PlaylistPlayer.2040306023083277 - INFO - Captura de pantalla guardada: C:\Users\def\Documents\OTWMusicSystem_Final\OTWMusicSystem_Final\otw_project\OTW_MUSIC_SYSTEM\screenshots\2040306023083277\spotify_not_foreground_screenshot_2040306023083277_20250519_194001218216.png
2025-05-19 19:40:01,826 - Worker-20403060 - PlaylistPlayer.2040306023083277 - WARNING - Spotify no en primer plano tras abrir https://open.spotify.com/playlist/3h6pIE4rE6z8OyxNMOqW8t?si=H8FB0OalRKGjeMjEXVgSJw.
2025-05-19 19:40:01,827 - Worker-20403060 - PlaylistPlayer.2040306023083277 - DEBUG - Capturando pantalla en C:\Users\def\Documents\OTWMusicSystem_Final\OTWMusicSystem_Final\otw_project\OTW_MUSIC_SYSTEM\screenshots\2040306023083277\spotify_not_fg_screenshot_2040306023083277_20250519_194001826890.png
2025-05-19 19:40:02,455 - Worker-20403060 - PlaylistPlayer.2040306023083277 - INFO - Captura de pantalla guardada: C:\Users\def\Documents\OTWMusicSystem_Final\OTWMusicSystem_Final\otw_project\OTW_MUSIC_SYSTEM\screenshots\2040306023083277\spotify_not_fg_screenshot_2040306023083277_20250519_194001826890.png
2025-05-19 19:40:13,988 - Worker-20403060 - PlaylistPlayer.2040306023083277 - INFO - Intentando abrir URL: https://open.spotify.com/playlist/3h6pIE4rE6z8OyxNMOqW8t?si=H8FB0OalRKGjeMjEXVgSJw (Intento 2/3)
2025-05-19 19:40:13,988 - Worker-20403060 - PlaylistPlayer.2040306023083277 - DEBUG - Forzando detención de Spotify (com.spotify.music).
2025-05-19 19:40:15,729 - Worker-20403060 - PlaylistPlayer.2040306023083277 - DEBUG - Presionando HOME.
2025-05-19 19:40:19,208 - Worker-20403060 - PlaylistPlayer.2040306023083277 - DEBUG - Ejecutando ADB intent para URL: https://open.spotify.com/playlist/3h6pIE4rE6z8OyxNMOqW8t?si=H8FB0OalRKGjeMjEXVgSJw
2025-05-19 19:40:22,664 - Worker-20403060 - PlaylistPlayer.2040306023083277 - DEBUG - Resultado ADB: stdout='Starting: Intent { act=android.intent.action.VIEW dat=https://open.spotify.com/... flg=0x10008000 }', stderr=''
2025-05-19 19:40:25,091 - Worker-20403060 - PlaylistPlayer.2040306023083277 - DEBUG - Esperando app estabilice...
2025-05-19 19:40:36,076 - Worker-20403060 - PlaylistPlayer.2040306023083277 - DEBUG - Verificando diálogo 'Abrir con'...
2025-05-19 19:40:42,346 - Worker-20403060 - PlaylistPlayer.2040306023083277 - INFO - Diálogo 'Abrir con' o similar detectado.
2025-05-19 19:40:42,347 - Worker-20403060 - PlaylistPlayer.2040306023083277 - DEBUG - Capturando pantalla en C:\Users\def\Documents\OTWMusicSystem_Final\OTWMusicSystem_Final\otw_project\OTW_MUSIC_SYSTEM\screenshots\2040306023083277\open_with_dialog_screenshot_2040306023083277_20250519_194042346810.png
2025-05-19 19:40:43,056 - Worker-20403060 - PlaylistPlayer.2040306023083277 - INFO - Captura de pantalla guardada: C:\Users\def\Documents\OTWMusicSystem_Final\OTWMusicSystem_Final\otw_project\OTW_MUSIC_SYSTEM\screenshots\2040306023083277\open_with_dialog_screenshot_2040306023083277_20250519_194042346810.png
2025-05-19 19:40:49,580 - Worker-20403060 - PlaylistPlayer.2040306023083277 - INFO - Clickeado 'Spotify (general)'.
2025-05-19 19:41:08,813 - Worker-20403060 - PlaylistPlayer.2040306023083277 - INFO - Spotify seleccionado, pero botón confirmación no encontrado/clickeado.
2025-05-19 19:41:08,813 - Worker-20403060 - PlaylistPlayer.2040306023083277 - INFO - Diálogo 'Abrir con' manejado.
2025-05-19 19:41:13,594 - Worker-20403060 - PlaylistPlayer.2040306023083277 - DEBUG - Verificando si Spotify está en primer plano...
2025-05-19 19:41:13,594 - Worker-20403060 - PlaylistPlayer.2040306023083277 - DEBUG - Intentando con comando dumpsys (1): adb -s 2040306023083277 shell dumpsys activity top
2025-05-19 19:41:18,921 - Worker-20403060 - PlaylistPlayer.2040306023083277 - WARNING - Spotify NO parece estar en primer plano.
2025-05-19 19:41:18,921 - Worker-20403060 - PlaylistPlayer.2040306023083277 - DEBUG - Capturando pantalla en C:\Users\def\Documents\OTWMusicSystem_Final\OTWMusicSystem_Final\otw_project\OTW_MUSIC_SYSTEM\screenshots\2040306023083277\spotify_not_foreground_screenshot_2040306023083277_20250519_194118921292.png
2025-05-19 19:41:19,626 - Worker-20403060 - PlaylistPlayer.2040306023083277 - INFO - Captura de pantalla guardada: C:\Users\def\Documents\OTWMusicSystem_Final\OTWMusicSystem_Final\otw_project\OTW_MUSIC_SYSTEM\screenshots\2040306023083277\spotify_not_foreground_screenshot_2040306023083277_20250519_194118921292.png
2025-05-19 19:41:19,626 - Worker-20403060 - PlaylistPlayer.2040306023083277 - WARNING - Spotify no en primer plano tras abrir https://open.spotify.com/playlist/3h6pIE4rE6z8OyxNMOqW8t?si=H8FB0OalRKGjeMjEXVgSJw.
2025-05-19 19:41:19,627 - Worker-20403060 - PlaylistPlayer.2040306023083277 - DEBUG - Capturando pantalla en C:\Users\def\Documents\OTWMusicSystem_Final\OTWMusicSystem_Final\otw_project\OTW_MUSIC_SYSTEM\screenshots\2040306023083277\spotify_not_fg_screenshot_2040306023083277_20250519_194119626738.png
2025-05-19 19:41:20,362 - Worker-20403060 - PlaylistPlayer.2040306023083277 - INFO - Captura de pantalla guardada: C:\Users\def\Documents\OTWMusicSystem_Final\OTWMusicSystem_Final\otw_project\OTW_MUSIC_SYSTEM\screenshots\2040306023083277\spotify_not_fg_screenshot_2040306023083277_20250519_194119626738.png
2025-05-19 19:41:30,102 - Worker-20403060 - PlaylistPlayer.2040306023083277 - INFO - Intentando abrir URL: https://open.spotify.com/playlist/3h6pIE4rE6z8OyxNMOqW8t?si=H8FB0OalRKGjeMjEXVgSJw (Intento 3/3)
2025-05-19 19:41:30,102 - Worker-20403060 - PlaylistPlayer.2040306023083277 - DEBUG - Forzando detención de Spotify (com.spotify.music).
2025-05-19 19:41:31,873 - Worker-20403060 - PlaylistPlayer.2040306023083277 - DEBUG - Presionando HOME.
2025-05-19 19:41:35,552 - Worker-20403060 - PlaylistPlayer.2040306023083277 - DEBUG - Ejecutando ADB intent para URL: https://open.spotify.com/playlist/3h6pIE4rE6z8OyxNMOqW8t?si=H8FB0OalRKGjeMjEXVgSJw
2025-05-19 19:41:37,733 - Worker-20403060 - PlaylistPlayer.2040306023083277 - DEBUG - Resultado ADB: stdout='Starting: Intent { act=android.intent.action.VIEW dat=https://open.spotify.com/... flg=0x10008000 }', stderr=''
2025-05-19 19:41:40,240 - Worker-20403060 - PlaylistPlayer.2040306023083277 - DEBUG - Esperando app estabilice...
2025-05-19 19:41:51,927 - Worker-20403060 - PlaylistPlayer.2040306023083277 - DEBUG - Verificando diálogo 'Abrir con'...
