2025-05-19 18:48:01,466 - Worker-20403060 - PlaylistPlayer.2040306023083277 - INFO - Worker thread INICIADO. Logs en: C:\Users\def\Documents\OTWMusicSystem_Final\OTWMusicSystem_Final\otw_project\OTW_MUSIC_SYSTEM\logs\2040306023083277\playlist_player_20250519_184801.log
2025-05-19 18:48:01,466 - Worker-20403060 - PlaylistPlayer.2040306023083277 - INFO - Personalidad Creada (SLOW_MODE_FACTOR=1.75): ShortTimeout=11.5s, ActionDelay=[7.9-13.1]s, ShortPause=[30.2-46.2]s, MinTrackT=69s, MaxTrackT=165s, MinContentT=4m, MaxContentT=8m
2025-05-19 18:48:01,467 - Worker-20403060 - PlaylistPlayer.2040306023083277 - INFO - Intentando conectar a uiautomator2 (intento 1/3)...
2025-05-19 18:48:13,675 - Worker-20403060 - PlaylistPlayer.2040306023083277 - INFO - Conectado (Device: Studio_X5_Max, Android: N/A).
2025-05-19 18:48:13,905 - Worker-20403060 - PlaylistPlayer.2040306023083277 - INFO - Spotify (com.spotify.music v9.0.36.484) está instalado.
2025-05-19 18:48:13,905 - Worker-20403060 - PlaylistPlayer.2040306023083277 - INFO - Configuración inicial (kill Spotify y volver a Home).
2025-05-19 18:48:13,906 - Worker-20403060 - PlaylistPlayer.2040306023083277 - WARNING - Advertencia durante configuración inicial: 'Device' object has no attribute 'app_kill'
2025-05-19 18:48:13,906 - Worker-20403060 - PlaylistPlayer.2040306023083277 - DEBUG - Capturando pantalla en C:\Users\def\Documents\OTWMusicSystem_Final\OTWMusicSystem_Final\otw_project\OTW_MUSIC_SYSTEM\screenshots\2040306023083277\initial_setup_warn_screenshot_2040306023083277_20250519_184813906200.png
2025-05-19 18:48:14,672 - Worker-20403060 - PlaylistPlayer.2040306023083277 - INFO - Captura de pantalla guardada: C:\Users\def\Documents\OTWMusicSystem_Final\OTWMusicSystem_Final\otw_project\OTW_MUSIC_SYSTEM\screenshots\2040306023083277\initial_setup_warn_screenshot_2040306023083277_20250519_184813906200.png
2025-05-19 18:48:14,672 - Worker-20403060 - PlaylistPlayer.2040306023083277 - INFO - --- Iniciando Sesión de Interacción #1 ---
2025-05-19 18:48:14,672 - Worker-20403060 - PlaylistPlayer.2040306023083277 - INFO - Selección: Artista Clave -> https://open.spotify.com/artist/4iYKhDCuNXSSrli6AOH6cw
2025-05-19 18:48:14,673 - Worker-20403060 - PlaylistPlayer.2040306023083277 - INFO - Iniciando interacción con ARTISTA: https://open.spotify.com/artist/4iYKhDCuNXSSrli6AOH6cw (KEY ARTIST)
2025-05-19 18:48:14,673 - Worker-20403060 - PlaylistPlayer.2040306023083277 - INFO - Intentando abrir URL: https://open.spotify.com/artist/4iYKhDCuNXSSrli6AOH6cw (Intento 1/3)
2025-05-19 18:48:14,673 - Worker-20403060 - PlaylistPlayer.2040306023083277 - DEBUG - Forzando detención de Spotify (com.spotify.music) antes de abrir URL.
2025-05-19 18:48:16,109 - Worker-20403060 - PlaylistPlayer.2040306023083277 - DEBUG - Presionando HOME.
2025-05-19 18:48:19,698 - Worker-20403060 - PlaylistPlayer.2040306023083277 - DEBUG - Ejecutando ADB intent para URL: https://open.spotify.com/artist/4iYKhDCuNXSSrli6AOH6cw
2025-05-19 18:48:21,884 - Worker-20403060 - PlaylistPlayer.2040306023083277 - DEBUG - Resultado ADB 'am start': stdout='Starting: Intent { act=android.intent.action.VIEW dat=https://open.spotify.com/... flg=0x10008000 }', stderr=''
2025-05-19 18:48:25,191 - Worker-20403060 - PlaylistPlayer.2040306023083277 - DEBUG - Esperando que la app se abra y estabilice...
2025-05-19 18:48:33,982 - Worker-20403060 - PlaylistPlayer.2040306023083277 - DEBUG - Verificando diálogo 'Abrir con'...
2025-05-19 18:48:39,094 - Worker-20403060 - PlaylistPlayer.2040306023083277 - INFO - Diálogo 'Abrir con' o similar detectado.
2025-05-19 18:48:39,094 - Worker-20403060 - PlaylistPlayer.2040306023083277 - DEBUG - Capturando pantalla en C:\Users\def\Documents\OTWMusicSystem_Final\OTWMusicSystem_Final\otw_project\OTW_MUSIC_SYSTEM\screenshots\2040306023083277\open_with_dialog_screenshot_2040306023083277_20250519_184839094900.png
2025-05-19 18:48:39,786 - Worker-20403060 - PlaylistPlayer.2040306023083277 - INFO - Captura de pantalla guardada: C:\Users\def\Documents\OTWMusicSystem_Final\OTWMusicSystem_Final\otw_project\OTW_MUSIC_SYSTEM\screenshots\2040306023083277\open_with_dialog_screenshot_2040306023083277_20250519_184839094900.png
2025-05-19 18:48:45,495 - Worker-20403060 - PlaylistPlayer.2040306023083277 - INFO - Clickeado 'Spotify (general)' en diálogo 'Abrir con'.
2025-05-19 18:49:00,626 - Worker-20403060 - PlaylistPlayer.2040306023083277 - INFO - Spotify seleccionado en chooser, pero botón de confirmación no encontrado/clickeado.
2025-05-19 18:49:00,627 - Worker-20403060 - PlaylistPlayer.2040306023083277 - INFO - Diálogo 'Abrir con' manejado. Esperando un poco más...
2025-05-19 18:49:07,165 - Worker-20403060 - PlaylistPlayer.2040306023083277 - DEBUG - Verificando si Spotify está en primer plano...
2025-05-19 18:49:07,165 - Worker-20403060 - PlaylistPlayer.2040306023083277 - DEBUG - Intentando con comando dumpsys (1): adb -s 2040306023083277 shell dumpsys activity top
2025-05-19 18:49:12,446 - Worker-20403060 - PlaylistPlayer.2040306023083277 - WARNING - Spotify NO parece estar en primer plano según dumpsys.
2025-05-19 18:49:12,447 - Worker-20403060 - PlaylistPlayer.2040306023083277 - DEBUG - Capturando pantalla en C:\Users\def\Documents\OTWMusicSystem_Final\OTWMusicSystem_Final\otw_project\OTW_MUSIC_SYSTEM\screenshots\2040306023083277\spotify_not_foreground_screenshot_2040306023083277_20250519_184912446947.png
2025-05-19 18:49:13,114 - Worker-20403060 - PlaylistPlayer.2040306023083277 - INFO - Captura de pantalla guardada: C:\Users\def\Documents\OTWMusicSystem_Final\OTWMusicSystem_Final\otw_project\OTW_MUSIC_SYSTEM\screenshots\2040306023083277\spotify_not_foreground_screenshot_2040306023083277_20250519_184912446947.png
2025-05-19 18:49:13,114 - Worker-20403060 - PlaylistPlayer.2040306023083277 - WARNING - Spotify no detectado en primer plano después de abrir https://open.spotify.com/artist/4iYKhDCuNXSSrli6AOH6cw.
2025-05-19 18:49:13,114 - Worker-20403060 - PlaylistPlayer.2040306023083277 - DEBUG - Capturando pantalla en C:\Users\def\Documents\OTWMusicSystem_Final\OTWMusicSystem_Final\otw_project\OTW_MUSIC_SYSTEM\screenshots\2040306023083277\spotify_not_fg_after_open_4iYKhDCuNXSSrli6AOH6cw_screenshot_2040306023083277_20250519_184913114886.png
2025-05-19 18:49:13,900 - Worker-20403060 - PlaylistPlayer.2040306023083277 - INFO - Captura de pantalla guardada: C:\Users\def\Documents\OTWMusicSystem_Final\OTWMusicSystem_Final\otw_project\OTW_MUSIC_SYSTEM\screenshots\2040306023083277\spotify_not_fg_after_open_4iYKhDCuNXSSrli6AOH6cw_screenshot_2040306023083277_20250519_184913114886.png
2025-05-19 18:49:13,901 - Worker-20403060 - PlaylistPlayer.2040306023083277 - INFO - Pausa antes de reintentar apertura de URL debido a no foreground.
2025-05-19 18:49:21,872 - Worker-20403060 - PlaylistPlayer.2040306023083277 - INFO - Intentando abrir URL: https://open.spotify.com/artist/4iYKhDCuNXSSrli6AOH6cw (Intento 2/3)
2025-05-19 18:49:21,872 - Worker-20403060 - PlaylistPlayer.2040306023083277 - DEBUG - Forzando detención de Spotify (com.spotify.music) antes de abrir URL.
2025-05-19 18:49:23,976 - Worker-20403060 - PlaylistPlayer.2040306023083277 - DEBUG - Presionando HOME.
2025-05-19 18:49:27,269 - Worker-20403060 - PlaylistPlayer.2040306023083277 - DEBUG - Ejecutando ADB intent para URL: https://open.spotify.com/artist/4iYKhDCuNXSSrli6AOH6cw
2025-05-19 18:49:29,347 - Worker-20403060 - PlaylistPlayer.2040306023083277 - DEBUG - Resultado ADB 'am start': stdout='Starting: Intent { act=android.intent.action.VIEW dat=https://open.spotify.com/... flg=0x10008000 }', stderr=''
2025-05-19 18:49:32,309 - Worker-20403060 - PlaylistPlayer.2040306023083277 - DEBUG - Esperando que la app se abra y estabilice...
2025-05-19 18:49:42,956 - Worker-20403060 - PlaylistPlayer.2040306023083277 - DEBUG - Verificando diálogo 'Abrir con'...
2025-05-19 18:49:47,878 - Worker-20403060 - PlaylistPlayer.2040306023083277 - INFO - Diálogo 'Abrir con' o similar detectado.
2025-05-19 18:49:47,878 - Worker-20403060 - PlaylistPlayer.2040306023083277 - DEBUG - Capturando pantalla en C:\Users\def\Documents\OTWMusicSystem_Final\OTWMusicSystem_Final\otw_project\OTW_MUSIC_SYSTEM\screenshots\2040306023083277\open_with_dialog_screenshot_2040306023083277_20250519_184947878642.png
2025-05-19 18:49:48,560 - Worker-20403060 - PlaylistPlayer.2040306023083277 - INFO - Captura de pantalla guardada: C:\Users\def\Documents\OTWMusicSystem_Final\OTWMusicSystem_Final\otw_project\OTW_MUSIC_SYSTEM\screenshots\2040306023083277\open_with_dialog_screenshot_2040306023083277_20250519_184947878642.png
