2025-05-19 18:56:13,060 - Worker-20403060 - PlaylistPlayer.2040306023083277 - INFO - Worker thread INICIADO. Logs en: C:\Users\def\Documents\OTWMusicSystem_Final\OTWMusicSystem_Final\otw_project\OTW_MUSIC_SYSTEM\logs\2040306023083277\playlist_player_20250519_185613.log
2025-05-19 18:56:13,060 - Worker-20403060 - PlaylistPlayer.2040306023083277 - INFO - Personalidad Creada (SLOW_MODE_FACTOR=1.75): ShortTimeout=11.5s, ActionDelay=[10.2-15.2]s, ShortPause=[32.1-49.0]s, MinTrackT=62s, MaxTrackT=143s, MinContentT=4m, MaxContentT=6m
2025-05-19 18:56:13,060 - Worker-20403060 - PlaylistPlayer.2040306023083277 - INFO - Intentando conectar a uiautomator2 (intento 1/3)...
2025-05-19 18:56:25,178 - Worker-20403060 - PlaylistPlayer.2040306023083277 - INFO - Conectado (Device: Studio_X5_Max, Android: N/A).
2025-05-19 18:56:25,380 - Worker-20403060 - PlaylistPlayer.2040306023083277 - INFO - Spotify (com.spotify.music v9.0.36.484) está instalado.
2025-05-19 18:56:25,381 - Worker-20403060 - PlaylistPlayer.2040306023083277 - INFO - Configuración inicial (kill Spotify y volver a Home).
2025-05-19 18:56:25,381 - Worker-20403060 - PlaylistPlayer.2040306023083277 - WARNING - Advertencia durante configuración inicial: 'Device' object has no attribute 'app_kill'
2025-05-19 18:56:25,381 - Worker-20403060 - PlaylistPlayer.2040306023083277 - DEBUG - Capturando pantalla en C:\Users\def\Documents\OTWMusicSystem_Final\OTWMusicSystem_Final\otw_project\OTW_MUSIC_SYSTEM\screenshots\2040306023083277\initial_setup_warn_screenshot_2040306023083277_20250519_185625381402.png
2025-05-19 18:56:26,126 - Worker-20403060 - PlaylistPlayer.2040306023083277 - INFO - Captura de pantalla guardada: C:\Users\def\Documents\OTWMusicSystem_Final\OTWMusicSystem_Final\otw_project\OTW_MUSIC_SYSTEM\screenshots\2040306023083277\initial_setup_warn_screenshot_2040306023083277_20250519_185625381402.png
2025-05-19 18:56:26,127 - Worker-20403060 - PlaylistPlayer.2040306023083277 - INFO - --- Iniciando Sesión de Interacción #1 ---
2025-05-19 18:56:26,127 - Worker-20403060 - PlaylistPlayer.2040306023083277 - INFO - Selección: Artista Clave -> https://open.spotify.com/artist/3o9yGahQLPpDLMI6dABpIr
2025-05-19 18:56:26,127 - Worker-20403060 - PlaylistPlayer.2040306023083277 - INFO - Iniciando interacción con ARTISTA: https://open.spotify.com/artist/3o9yGahQLPpDLMI6dABpIr (KEY ARTIST)
2025-05-19 18:56:26,127 - Worker-20403060 - PlaylistPlayer.2040306023083277 - INFO - Intentando abrir URL: https://open.spotify.com/artist/3o9yGahQLPpDLMI6dABpIr (Intento 1/3)
2025-05-19 18:56:26,127 - Worker-20403060 - PlaylistPlayer.2040306023083277 - DEBUG - Forzando detención de Spotify (com.spotify.music) antes de abrir URL.
2025-05-19 18:56:28,401 - Worker-20403060 - PlaylistPlayer.2040306023083277 - DEBUG - Presionando HOME.
2025-05-19 18:56:31,584 - Worker-20403060 - PlaylistPlayer.2040306023083277 - DEBUG - Ejecutando ADB intent para URL: https://open.spotify.com/artist/3o9yGahQLPpDLMI6dABpIr
2025-05-19 18:56:34,206 - Worker-20403060 - PlaylistPlayer.2040306023083277 - DEBUG - Resultado ADB 'am start': stdout='Starting: Intent { act=android.intent.action.VIEW dat=https://open.spotify.com/... flg=0x10008000 }', stderr=''
2025-05-19 18:56:36,686 - Worker-20403060 - PlaylistPlayer.2040306023083277 - DEBUG - Esperando que la app se abra y estabilice...
2025-05-19 18:56:47,949 - Worker-20403060 - PlaylistPlayer.2040306023083277 - DEBUG - Verificando diálogo 'Abrir con'...
2025-05-19 18:56:52,910 - Worker-20403060 - PlaylistPlayer.2040306023083277 - INFO - Diálogo 'Abrir con' o similar detectado.
2025-05-19 18:56:52,910 - Worker-20403060 - PlaylistPlayer.2040306023083277 - DEBUG - Capturando pantalla en C:\Users\def\Documents\OTWMusicSystem_Final\OTWMusicSystem_Final\otw_project\OTW_MUSIC_SYSTEM\screenshots\2040306023083277\open_with_dialog_screenshot_2040306023083277_20250519_185652910182.png
2025-05-19 18:56:53,574 - Worker-20403060 - PlaylistPlayer.2040306023083277 - INFO - Captura de pantalla guardada: C:\Users\def\Documents\OTWMusicSystem_Final\OTWMusicSystem_Final\otw_project\OTW_MUSIC_SYSTEM\screenshots\2040306023083277\open_with_dialog_screenshot_2040306023083277_20250519_185652910182.png
2025-05-19 18:56:59,993 - Worker-20403060 - PlaylistPlayer.2040306023083277 - INFO - Clickeado 'Spotify (general)' en diálogo 'Abrir con'.
2025-05-19 18:57:14,214 - Worker-20403060 - PlaylistPlayer.2040306023083277 - INFO - Spotify seleccionado en chooser, pero botón de confirmación no encontrado/clickeado.
2025-05-19 18:57:14,214 - Worker-20403060 - PlaylistPlayer.2040306023083277 - INFO - Diálogo 'Abrir con' manejado. Esperando un poco más...
2025-05-19 18:57:19,932 - Worker-20403060 - PlaylistPlayer.2040306023083277 - DEBUG - Verificando si Spotify está en primer plano...
2025-05-19 18:57:19,932 - Worker-20403060 - PlaylistPlayer.2040306023083277 - DEBUG - Intentando con comando dumpsys (1): adb -s 2040306023083277 shell dumpsys activity top
2025-05-19 18:57:25,221 - Worker-20403060 - PlaylistPlayer.2040306023083277 - WARNING - Spotify NO parece estar en primer plano según dumpsys.
2025-05-19 18:57:25,222 - Worker-20403060 - PlaylistPlayer.2040306023083277 - DEBUG - Capturando pantalla en C:\Users\def\Documents\OTWMusicSystem_Final\OTWMusicSystem_Final\otw_project\OTW_MUSIC_SYSTEM\screenshots\2040306023083277\spotify_not_foreground_screenshot_2040306023083277_20250519_185725222447.png
2025-05-19 18:57:25,983 - Worker-20403060 - PlaylistPlayer.2040306023083277 - INFO - Captura de pantalla guardada: C:\Users\def\Documents\OTWMusicSystem_Final\OTWMusicSystem_Final\otw_project\OTW_MUSIC_SYSTEM\screenshots\2040306023083277\spotify_not_foreground_screenshot_2040306023083277_20250519_185725222447.png
2025-05-19 18:57:25,983 - Worker-20403060 - PlaylistPlayer.2040306023083277 - WARNING - Spotify no detectado en primer plano después de abrir https://open.spotify.com/artist/3o9yGahQLPpDLMI6dABpIr.
2025-05-19 18:57:25,984 - Worker-20403060 - PlaylistPlayer.2040306023083277 - DEBUG - Capturando pantalla en C:\Users\def\Documents\OTWMusicSystem_Final\OTWMusicSystem_Final\otw_project\OTW_MUSIC_SYSTEM\screenshots\2040306023083277\spotify_not_fg_after_open_3o9yGahQLPpDLMI6dABpIr_screenshot_2040306023083277_20250519_185725983714.png
2025-05-19 18:57:26,678 - Worker-20403060 - PlaylistPlayer.2040306023083277 - INFO - Captura de pantalla guardada: C:\Users\def\Documents\OTWMusicSystem_Final\OTWMusicSystem_Final\otw_project\OTW_MUSIC_SYSTEM\screenshots\2040306023083277\spotify_not_fg_after_open_3o9yGahQLPpDLMI6dABpIr_screenshot_2040306023083277_20250519_185725983714.png
2025-05-19 18:57:26,678 - Worker-20403060 - PlaylistPlayer.2040306023083277 - INFO - Pausa antes de reintentar apertura de URL debido a no foreground.
2025-05-19 18:57:33,944 - Worker-20403060 - PlaylistPlayer.2040306023083277 - INFO - Intentando abrir URL: https://open.spotify.com/artist/3o9yGahQLPpDLMI6dABpIr (Intento 2/3)
2025-05-19 18:57:33,945 - Worker-20403060 - PlaylistPlayer.2040306023083277 - DEBUG - Forzando detención de Spotify (com.spotify.music) antes de abrir URL.
2025-05-19 18:57:35,495 - Worker-20403060 - PlaylistPlayer.2040306023083277 - DEBUG - Presionando HOME.
2025-05-19 18:57:38,783 - Worker-20403060 - PlaylistPlayer.2040306023083277 - DEBUG - Ejecutando ADB intent para URL: https://open.spotify.com/artist/3o9yGahQLPpDLMI6dABpIr
2025-05-19 18:57:41,274 - Worker-20403060 - PlaylistPlayer.2040306023083277 - DEBUG - Resultado ADB 'am start': stdout='Starting: Intent { act=android.intent.action.VIEW dat=https://open.spotify.com/... flg=0x10008000 }', stderr=''
2025-05-19 18:57:43,564 - Worker-20403060 - PlaylistPlayer.2040306023083277 - DEBUG - Esperando que la app se abra y estabilice...
2025-05-19 18:57:52,832 - Worker-20403060 - PlaylistPlayer.2040306023083277 - DEBUG - Verificando diálogo 'Abrir con'...
2025-05-19 18:57:57,710 - Worker-20403060 - PlaylistPlayer.2040306023083277 - INFO - Diálogo 'Abrir con' o similar detectado.
2025-05-19 18:57:57,711 - Worker-20403060 - PlaylistPlayer.2040306023083277 - DEBUG - Capturando pantalla en C:\Users\def\Documents\OTWMusicSystem_Final\OTWMusicSystem_Final\otw_project\OTW_MUSIC_SYSTEM\screenshots\2040306023083277\open_with_dialog_screenshot_2040306023083277_20250519_185757710895.png
2025-05-19 18:57:58,383 - Worker-20403060 - PlaylistPlayer.2040306023083277 - INFO - Captura de pantalla guardada: C:\Users\def\Documents\OTWMusicSystem_Final\OTWMusicSystem_Final\otw_project\OTW_MUSIC_SYSTEM\screenshots\2040306023083277\open_with_dialog_screenshot_2040306023083277_20250519_185757710895.png
2025-05-19 18:58:04,147 - Worker-20403060 - PlaylistPlayer.2040306023083277 - INFO - Clickeado 'Spotify (general)' en diálogo 'Abrir con'.
2025-05-19 18:58:17,946 - Worker-20403060 - PlaylistPlayer.2040306023083277 - INFO - Spotify seleccionado en chooser, pero botón de confirmación no encontrado/clickeado.
2025-05-19 18:58:17,946 - Worker-20403060 - PlaylistPlayer.2040306023083277 - INFO - Diálogo 'Abrir con' manejado. Esperando un poco más...
2025-05-19 18:58:22,720 - Worker-20403060 - PlaylistPlayer.2040306023083277 - DEBUG - Verificando si Spotify está en primer plano...
2025-05-19 18:58:22,720 - Worker-20403060 - PlaylistPlayer.2040306023083277 - DEBUG - Intentando con comando dumpsys (1): adb -s 2040306023083277 shell dumpsys activity top
2025-05-19 18:58:27,983 - Worker-20403060 - PlaylistPlayer.2040306023083277 - WARNING - Spotify NO parece estar en primer plano según dumpsys.
2025-05-19 18:58:27,983 - Worker-20403060 - PlaylistPlayer.2040306023083277 - DEBUG - Capturando pantalla en C:\Users\def\Documents\OTWMusicSystem_Final\OTWMusicSystem_Final\otw_project\OTW_MUSIC_SYSTEM\screenshots\2040306023083277\spotify_not_foreground_screenshot_2040306023083277_20250519_185827983036.png
2025-05-19 18:58:28,745 - Worker-20403060 - PlaylistPlayer.2040306023083277 - INFO - Captura de pantalla guardada: C:\Users\def\Documents\OTWMusicSystem_Final\OTWMusicSystem_Final\otw_project\OTW_MUSIC_SYSTEM\screenshots\2040306023083277\spotify_not_foreground_screenshot_2040306023083277_20250519_185827983036.png
2025-05-19 18:58:28,746 - Worker-20403060 - PlaylistPlayer.2040306023083277 - WARNING - Spotify no detectado en primer plano después de abrir https://open.spotify.com/artist/3o9yGahQLPpDLMI6dABpIr.
2025-05-19 18:58:28,746 - Worker-20403060 - PlaylistPlayer.2040306023083277 - DEBUG - Capturando pantalla en C:\Users\def\Documents\OTWMusicSystem_Final\OTWMusicSystem_Final\otw_project\OTW_MUSIC_SYSTEM\screenshots\2040306023083277\spotify_not_fg_after_open_3o9yGahQLPpDLMI6dABpIr_screenshot_2040306023083277_20250519_185828746288.png
2025-05-19 18:58:29,418 - Worker-20403060 - PlaylistPlayer.2040306023083277 - INFO - Captura de pantalla guardada: C:\Users\def\Documents\OTWMusicSystem_Final\OTWMusicSystem_Final\otw_project\OTW_MUSIC_SYSTEM\screenshots\2040306023083277\spotify_not_fg_after_open_3o9yGahQLPpDLMI6dABpIr_screenshot_2040306023083277_20250519_185828746288.png
2025-05-19 18:58:29,418 - Worker-20403060 - PlaylistPlayer.2040306023083277 - INFO - Pausa antes de reintentar apertura de URL debido a no foreground.
2025-05-19 18:58:40,334 - Worker-20403060 - PlaylistPlayer.2040306023083277 - INFO - Intentando abrir URL: https://open.spotify.com/artist/3o9yGahQLPpDLMI6dABpIr (Intento 3/3)
2025-05-19 18:58:40,334 - Worker-20403060 - PlaylistPlayer.2040306023083277 - DEBUG - Forzando detención de Spotify (com.spotify.music) antes de abrir URL.
2025-05-19 18:58:41,929 - Worker-20403060 - PlaylistPlayer.2040306023083277 - DEBUG - Presionando HOME.
2025-05-19 18:58:45,042 - Worker-20403060 - PlaylistPlayer.2040306023083277 - DEBUG - Ejecutando ADB intent para URL: https://open.spotify.com/artist/3o9yGahQLPpDLMI6dABpIr
2025-05-19 18:58:48,343 - Worker-20403060 - PlaylistPlayer.2040306023083277 - DEBUG - Resultado ADB 'am start': stdout='Starting: Intent { act=android.intent.action.VIEW dat=https://open.spotify.com/... flg=0x10008000 }', stderr=''
2025-05-19 18:58:50,571 - Worker-20403060 - PlaylistPlayer.2040306023083277 - DEBUG - Esperando que la app se abra y estabilice...
2025-05-19 18:59:03,223 - Worker-20403060 - PlaylistPlayer.2040306023083277 - DEBUG - Verificando diálogo 'Abrir con'...
2025-05-19 18:59:08,064 - Worker-20403060 - PlaylistPlayer.2040306023083277 - INFO - Diálogo 'Abrir con' o similar detectado.
2025-05-19 18:59:08,065 - Worker-20403060 - PlaylistPlayer.2040306023083277 - DEBUG - Capturando pantalla en C:\Users\def\Documents\OTWMusicSystem_Final\OTWMusicSystem_Final\otw_project\OTW_MUSIC_SYSTEM\screenshots\2040306023083277\open_with_dialog_screenshot_2040306023083277_20250519_185908064839.png
2025-05-19 18:59:08,896 - Worker-20403060 - PlaylistPlayer.2040306023083277 - INFO - Captura de pantalla guardada: C:\Users\def\Documents\OTWMusicSystem_Final\OTWMusicSystem_Final\otw_project\OTW_MUSIC_SYSTEM\screenshots\2040306023083277\open_with_dialog_screenshot_2040306023083277_20250519_185908064839.png
2025-05-19 18:59:15,056 - Worker-20403060 - PlaylistPlayer.2040306023083277 - INFO - Clickeado 'Spotify (general)' en diálogo 'Abrir con'.
2025-05-19 18:59:29,733 - Worker-20403060 - PlaylistPlayer.2040306023083277 - INFO - Spotify seleccionado en chooser, pero botón de confirmación no encontrado/clickeado.
2025-05-19 18:59:29,733 - Worker-20403060 - PlaylistPlayer.2040306023083277 - INFO - Diálogo 'Abrir con' manejado. Esperando un poco más...
2025-05-19 18:59:35,736 - Worker-20403060 - PlaylistPlayer.2040306023083277 - DEBUG - Verificando si Spotify está en primer plano...
2025-05-19 18:59:35,736 - Worker-20403060 - PlaylistPlayer.2040306023083277 - DEBUG - Intentando con comando dumpsys (1): adb -s 2040306023083277 shell dumpsys activity top
2025-05-19 18:59:41,046 - Worker-20403060 - PlaylistPlayer.2040306023083277 - WARNING - Spotify NO parece estar en primer plano según dumpsys.
2025-05-19 18:59:41,047 - Worker-20403060 - PlaylistPlayer.2040306023083277 - DEBUG - Capturando pantalla en C:\Users\def\Documents\OTWMusicSystem_Final\OTWMusicSystem_Final\otw_project\OTW_MUSIC_SYSTEM\screenshots\2040306023083277\spotify_not_foreground_screenshot_2040306023083277_20250519_185941047466.png
2025-05-19 18:59:41,766 - Worker-20403060 - PlaylistPlayer.2040306023083277 - INFO - Captura de pantalla guardada: C:\Users\def\Documents\OTWMusicSystem_Final\OTWMusicSystem_Final\otw_project\OTW_MUSIC_SYSTEM\screenshots\2040306023083277\spotify_not_foreground_screenshot_2040306023083277_20250519_185941047466.png
2025-05-19 18:59:41,766 - Worker-20403060 - PlaylistPlayer.2040306023083277 - WARNING - Spotify no detectado en primer plano después de abrir https://open.spotify.com/artist/3o9yGahQLPpDLMI6dABpIr.
2025-05-19 18:59:41,767 - Worker-20403060 - PlaylistPlayer.2040306023083277 - DEBUG - Capturando pantalla en C:\Users\def\Documents\OTWMusicSystem_Final\OTWMusicSystem_Final\otw_project\OTW_MUSIC_SYSTEM\screenshots\2040306023083277\spotify_not_fg_after_open_3o9yGahQLPpDLMI6dABpIr_screenshot_2040306023083277_20250519_185941766983.png
2025-05-19 18:59:42,484 - Worker-20403060 - PlaylistPlayer.2040306023083277 - INFO - Captura de pantalla guardada: C:\Users\def\Documents\OTWMusicSystem_Final\OTWMusicSystem_Final\otw_project\OTW_MUSIC_SYSTEM\screenshots\2040306023083277\spotify_not_fg_after_open_3o9yGahQLPpDLMI6dABpIr_screenshot_2040306023083277_20250519_185941766983.png
2025-05-19 18:59:42,484 - Worker-20403060 - PlaylistPlayer.2040306023083277 - INFO - Pausa antes de reintentar apertura de URL debido a no foreground.
2025-05-19 18:59:51,912 - Worker-20403060 - PlaylistPlayer.2040306023083277 - INFO - Intentando abrir URL: https://open.spotify.com/artist/3o9yGahQLPpDLMI6dABpIr (Intento 4/3)
2025-05-19 18:59:51,912 - Worker-20403060 - PlaylistPlayer.2040306023083277 - ERROR - Máximos reintentos (3) alcanzados para abrir URL https://open.spotify.com/artist/3o9yGahQLPpDLMI6dABpIr
2025-05-19 18:59:51,913 - Worker-20403060 - PlaylistPlayer.2040306023083277 - DEBUG - Capturando pantalla en C:\Users\def\Documents\OTWMusicSystem_Final\OTWMusicSystem_Final\otw_project\OTW_MUSIC_SYSTEM\screenshots\2040306023083277\open_url_max_retries_fail_3o9yGahQLPpDLMI6dABpIr_screenshot_2040306023083277_20250519_185951912832.png
2025-05-19 18:59:52,579 - Worker-20403060 - PlaylistPlayer.2040306023083277 - INFO - Captura de pantalla guardada: C:\Users\def\Documents\OTWMusicSystem_Final\OTWMusicSystem_Final\otw_project\OTW_MUSIC_SYSTEM\screenshots\2040306023083277\open_url_max_retries_fail_3o9yGahQLPpDLMI6dABpIr_screenshot_2040306023083277_20250519_185951912832.png
2025-05-19 18:59:52,580 - Worker-20403060 - PlaylistPlayer.2040306023083277 - ERROR - No se pudo abrir la página del artista https://open.spotify.com/artist/3o9yGahQLPpDLMI6dABpIr. Terminando interacción.
2025-05-19 18:59:52,580 - Worker-20403060 - PlaylistPlayer.2040306023083277 - INFO - Sesión #1 completada. Pausa de 25.7s.
2025-05-19 19:00:18,308 - Worker-20403060 - PlaylistPlayer.2040306023083277 - INFO - --- Iniciando Sesión de Interacción #2 ---
2025-05-19 19:00:18,308 - Worker-20403060 - PlaylistPlayer.2040306023083277 - INFO - Selección: Link (track) -> https://open.spotify.com/track/1ERrqbv1lzUyQpCHTckOwP?si=386d01a57e4b4b07
2025-05-19 19:00:18,308 - Worker-20403060 - PlaylistPlayer.2040306023083277 - INFO - Iniciando interacción con TRACK: https://open.spotify.com/track/1ERrqbv1lzUyQpCHTckOwP?si=386d01a57e4b4b07
2025-05-19 19:00:18,308 - Worker-20403060 - PlaylistPlayer.2040306023083277 - INFO - Intentando abrir URL: https://open.spotify.com/track/1ERrqbv1lzUyQpCHTckOwP?si=386d01a57e4b4b07 (Intento 1/3)
2025-05-19 19:00:18,308 - Worker-20403060 - PlaylistPlayer.2040306023083277 - DEBUG - Forzando detención de Spotify (com.spotify.music) antes de abrir URL.
2025-05-19 19:00:20,519 - Worker-20403060 - PlaylistPlayer.2040306023083277 - DEBUG - Presionando HOME.
2025-05-19 19:00:23,922 - Worker-20403060 - PlaylistPlayer.2040306023083277 - DEBUG - Ejecutando ADB intent para URL: https://open.spotify.com/track/1ERrqbv1lzUyQpCHTckOwP?si=386d01a57e4b4b07
2025-05-19 19:00:26,589 - Worker-20403060 - PlaylistPlayer.2040306023083277 - DEBUG - Resultado ADB 'am start': stdout='Starting: Intent { act=android.intent.action.VIEW dat=https://open.spotify.com/... flg=0x10008000 }', stderr=''
2025-05-19 19:00:29,647 - Worker-20403060 - PlaylistPlayer.2040306023083277 - DEBUG - Esperando que la app se abra y estabilice...
