2025-05-19 18:33:38,452 - Worker-20403060 - PlaylistPlayer.2040306023079114 - INFO - Worker thread INICIADO. Logs en: C:\Users\def\Documents\OTWMusicSystem_Final\OTWMusicSystem_Final\otw_project\OTW_MUSIC_SYSTEM\logs\2040306023079114\playlist_player_20250519_183338.log
2025-05-19 18:33:38,452 - Worker-20403060 - PlaylistPlayer.2040306023079114 - INFO - Personalidad Creada: FollowP=0.69, SearchP=0.19, MinTrackT=35s, MinContentT=3m
2025-05-19 18:33:38,453 - Worker-20403060 - PlaylistPlayer.2040306023079114 - INFO - Intentando conectar a uiautomator2 (intento 1/3)...
2025-05-19 18:33:46,396 - Worker-20403060 - PlaylistPlayer.2040306023079114 - DEBUG - Conexión u2 establecida preliminarmente.
2025-05-19 18:33:48,308 - Worker-20403060 - PlaylistPlayer.2040306023079114 - INFO - Conectado (Device: Studio_X5_Max, Android: N/A).
2025-05-19 18:33:49,318 - Worker-20403060 - PlaylistPlayer.2040306023079114 - INFO - Spotify (com.spotify.music v9.0.36.484) está instalado.
2025-05-19 18:33:49,318 - Worker-20403060 - PlaylistPlayer.2040306023079114 - INFO - Configuración inicial (kill Spotify y volver a Home).
2025-05-19 18:33:49,319 - Worker-20403060 - PlaylistPlayer.2040306023079114 - WARNING - Advertencia durante configuración inicial: 'Device' object has no attribute 'app_kill'
2025-05-19 18:33:49,319 - Worker-20403060 - PlaylistPlayer.2040306023079114 - DEBUG - Capturando pantalla en C:\Users\def\Documents\OTWMusicSystem_Final\OTWMusicSystem_Final\otw_project\OTW_MUSIC_SYSTEM\screenshots\2040306023079114\initial_setup_warn_screenshot_2040306023079114_20250519_183349319114.png
2025-05-19 18:33:53,368 - Worker-20403060 - PlaylistPlayer.2040306023079114 - INFO - Captura de pantalla guardada: C:\Users\def\Documents\OTWMusicSystem_Final\OTWMusicSystem_Final\otw_project\OTW_MUSIC_SYSTEM\screenshots\2040306023079114\initial_setup_warn_screenshot_2040306023079114_20250519_183349319114.png
2025-05-19 18:33:53,368 - Worker-20403060 - PlaylistPlayer.2040306023079114 - INFO - --- Iniciando Sesión de Interacción #1 ---
2025-05-19 18:33:53,368 - Worker-20403060 - PlaylistPlayer.2040306023079114 - INFO - Selección: Link (artist) -> https://open.spotify.com/artist/77slAN1w8sLCiCGwiZmNEF?si=qZJ3vMa6TKGYJM_VhpXSLA
2025-05-19 18:33:53,368 - Worker-20403060 - PlaylistPlayer.2040306023079114 - INFO - Iniciando interacción con ARTISTA: https://open.spotify.com/artist/77slAN1w8sLCiCGwiZmNEF?si=qZJ3vMa6TKGYJM_VhpXSLA 
2025-05-19 18:33:53,368 - Worker-20403060 - PlaylistPlayer.2040306023079114 - INFO - Intentando abrir URL: https://open.spotify.com/artist/77slAN1w8sLCiCGwiZmNEF?si=qZJ3vMa6TKGYJM_VhpXSLA (Intento 1/3)
2025-05-19 18:33:53,368 - Worker-20403060 - PlaylistPlayer.2040306023079114 - DEBUG - Forzando detención de Spotify (com.spotify.music) antes de abrir URL.
2025-05-19 18:33:54,758 - Worker-20403060 - PlaylistPlayer.2040306023079114 - DEBUG - Presionando HOME.
2025-05-19 18:33:57,199 - Worker-20403060 - PlaylistPlayer.2040306023079114 - DEBUG - Ejecutando ADB intent para URL: https://open.spotify.com/artist/77slAN1w8sLCiCGwiZmNEF?si=qZJ3vMa6TKGYJM_VhpXSLA
2025-05-19 18:33:58,498 - Worker-20403060 - PlaylistPlayer.2040306023079114 - DEBUG - Resultado ADB 'am start': stdout='Starting: Intent { act=android.intent.action.VIEW dat=https://open.spotify.com/... flg=0x10008000 }', stderr=''
2025-05-19 18:34:00,549 - Worker-20403060 - PlaylistPlayer.2040306023079114 - DEBUG - Esperando que la app se abra y estabilice (5-8s)...
2025-05-19 18:34:05,614 - Worker-20403060 - PlaylistPlayer.2040306023079114 - DEBUG - Verificando diálogo 'Abrir con'...
2025-05-19 18:34:08,953 - Worker-20403060 - PlaylistPlayer.2040306023079114 - INFO - Diálogo 'Abrir con' o similar detectado.
2025-05-19 18:34:08,954 - Worker-20403060 - PlaylistPlayer.2040306023079114 - DEBUG - Capturando pantalla en C:\Users\def\Documents\OTWMusicSystem_Final\OTWMusicSystem_Final\otw_project\OTW_MUSIC_SYSTEM\screenshots\2040306023079114\open_with_dialog_screenshot_2040306023079114_20250519_183408953849.png
2025-05-19 18:34:09,248 - Worker-20403060 - PlaylistPlayer.2040306023079114 - INFO - Captura de pantalla guardada: C:\Users\def\Documents\OTWMusicSystem_Final\OTWMusicSystem_Final\otw_project\OTW_MUSIC_SYSTEM\screenshots\2040306023079114\open_with_dialog_screenshot_2040306023079114_20250519_183408953849.png
2025-05-19 18:34:12,536 - Worker-20403060 - PlaylistPlayer.2040306023079114 - INFO - Clickeado 'Spotify (text1)' en diálogo 'Abrir con'.
2025-05-19 18:34:14,709 - Worker-20403060 - PlaylistPlayer.2040306023079114 - INFO - Opción de confirmación '(?i)Always' encontrada.
2025-05-19 18:34:18,541 - Worker-20403060 - PlaylistPlayer.2040306023079114 - INFO - Clickeado 'Confirmación '(?i)Always'' en diálogo 'Abrir con'.
2025-05-19 18:34:20,788 - Worker-20403060 - PlaylistPlayer.2040306023079114 - INFO - Diálogo 'Abrir con' manejado. Esperando un poco más (2-4s)...
2025-05-19 18:34:23,999 - Worker-20403060 - PlaylistPlayer.2040306023079114 - DEBUG - Verificando si Spotify está en primer plano...
2025-05-19 18:34:23,999 - Worker-20403060 - PlaylistPlayer.2040306023079114 - DEBUG - Intentando con comando dumpsys (1): adb -s 2040306023079114 shell dumpsys activity top
2025-05-19 18:34:26,007 - Worker-20403060 - PlaylistPlayer.2040306023079114 - WARNING - Spotify NO parece estar en primer plano según dumpsys.
2025-05-19 18:34:26,008 - Worker-20403060 - PlaylistPlayer.2040306023079114 - DEBUG - Capturando pantalla en C:\Users\def\Documents\OTWMusicSystem_Final\OTWMusicSystem_Final\otw_project\OTW_MUSIC_SYSTEM\screenshots\2040306023079114\spotify_not_foreground_screenshot_2040306023079114_20250519_183426007849.png
2025-05-19 18:34:26,473 - Worker-20403060 - PlaylistPlayer.2040306023079114 - INFO - Captura de pantalla guardada: C:\Users\def\Documents\OTWMusicSystem_Final\OTWMusicSystem_Final\otw_project\OTW_MUSIC_SYSTEM\screenshots\2040306023079114\spotify_not_foreground_screenshot_2040306023079114_20250519_183426007849.png
2025-05-19 18:34:26,473 - Worker-20403060 - PlaylistPlayer.2040306023079114 - WARNING - Spotify no detectado en primer plano después de abrir https://open.spotify.com/artist/77slAN1w8sLCiCGwiZmNEF?si=qZJ3vMa6TKGYJM_VhpXSLA.
2025-05-19 18:34:26,473 - Worker-20403060 - PlaylistPlayer.2040306023079114 - DEBUG - Capturando pantalla en C:\Users\def\Documents\OTWMusicSystem_Final\OTWMusicSystem_Final\otw_project\OTW_MUSIC_SYSTEM\screenshots\2040306023079114\spotify_not_fg_after_open_77slAN1w8sLCiCGwiZmNEF?si=qZJ3vMa6TKGYJM_VhpXSLA_screenshot_2040306023079114_20250519_183426473715.png
2025-05-19 18:34:26,712 - Worker-20403060 - PlaylistPlayer.2040306023079114 - ERROR - Error al capturar pantalla: [Errno 22] Invalid argument: 'C:\\Users\\def\\Documents\\OTWMusicSystem_Final\\OTWMusicSystem_Final\\otw_project\\OTW_MUSIC_SYSTEM\\screenshots\\2040306023079114\\spotify_not_fg_after_open_77slAN1w8sLCiCGwiZmNEF?si=qZJ3vMa6TKGYJM_VhpXSLA_screenshot_2040306023079114_20250519_183426473715.png'
2025-05-19 18:34:26,713 - Worker-20403060 - PlaylistPlayer.2040306023079114 - INFO - Pausa antes de reintentar apertura de URL debido a no foreground (4.6s).
2025-05-19 18:34:33,565 - Worker-20403060 - PlaylistPlayer.2040306023079114 - INFO - Intentando abrir URL: https://open.spotify.com/artist/77slAN1w8sLCiCGwiZmNEF?si=qZJ3vMa6TKGYJM_VhpXSLA (Intento 2/3)
2025-05-19 18:34:33,565 - Worker-20403060 - PlaylistPlayer.2040306023079114 - DEBUG - Forzando detención de Spotify (com.spotify.music) antes de abrir URL.
2025-05-19 18:34:34,986 - Worker-20403060 - PlaylistPlayer.2040306023079114 - DEBUG - Presionando HOME.
2025-05-19 18:34:37,397 - Worker-20403060 - PlaylistPlayer.2040306023079114 - DEBUG - Ejecutando ADB intent para URL: https://open.spotify.com/artist/77slAN1w8sLCiCGwiZmNEF?si=qZJ3vMa6TKGYJM_VhpXSLA
2025-05-19 18:34:38,856 - Worker-20403060 - PlaylistPlayer.2040306023079114 - DEBUG - Resultado ADB 'am start': stdout='Starting: Intent { act=android.intent.action.VIEW dat=https://open.spotify.com/... flg=0x10008000 }', stderr=''
2025-05-19 18:34:40,251 - Worker-20403060 - PlaylistPlayer.2040306023079114 - DEBUG - Esperando que la app se abra y estabilice (5-8s)...
2025-05-19 18:34:45,600 - Worker-20403060 - PlaylistPlayer.2040306023079114 - DEBUG - Verificando diálogo 'Abrir con'...
2025-05-19 18:35:07,446 - Worker-20403060 - PlaylistPlayer.2040306023079114 - DEBUG - No se detectó diálogo 'Abrir con' explícito.
2025-05-19 18:35:07,446 - Worker-20403060 - PlaylistPlayer.2040306023079114 - DEBUG - No se manejó el diálogo 'Abrir con' o no apareció.
2025-05-19 18:35:07,446 - Worker-20403060 - PlaylistPlayer.2040306023079114 - DEBUG - Verificando si Spotify está en primer plano...
2025-05-19 18:35:07,446 - Worker-20403060 - PlaylistPlayer.2040306023079114 - DEBUG - Intentando con comando dumpsys (1): adb -s 2040306023079114 shell dumpsys activity top
2025-05-19 18:35:08,054 - Worker-20403060 - PlaylistPlayer.2040306023079114 - WARNING - Spotify NO parece estar en primer plano según dumpsys.
2025-05-19 18:35:08,054 - Worker-20403060 - PlaylistPlayer.2040306023079114 - DEBUG - Capturando pantalla en C:\Users\def\Documents\OTWMusicSystem_Final\OTWMusicSystem_Final\otw_project\OTW_MUSIC_SYSTEM\screenshots\2040306023079114\spotify_not_foreground_screenshot_2040306023079114_20250519_183508054969.png
2025-05-19 18:35:08,358 - Worker-20403060 - PlaylistPlayer.2040306023079114 - INFO - Captura de pantalla guardada: C:\Users\def\Documents\OTWMusicSystem_Final\OTWMusicSystem_Final\otw_project\OTW_MUSIC_SYSTEM\screenshots\2040306023079114\spotify_not_foreground_screenshot_2040306023079114_20250519_183508054969.png
2025-05-19 18:35:08,358 - Worker-20403060 - PlaylistPlayer.2040306023079114 - WARNING - Spotify no detectado en primer plano después de abrir https://open.spotify.com/artist/77slAN1w8sLCiCGwiZmNEF?si=qZJ3vMa6TKGYJM_VhpXSLA.
2025-05-19 18:35:08,358 - Worker-20403060 - PlaylistPlayer.2040306023079114 - DEBUG - Capturando pantalla en C:\Users\def\Documents\OTWMusicSystem_Final\OTWMusicSystem_Final\otw_project\OTW_MUSIC_SYSTEM\screenshots\2040306023079114\spotify_not_fg_after_open_77slAN1w8sLCiCGwiZmNEF?si=qZJ3vMa6TKGYJM_VhpXSLA_screenshot_2040306023079114_20250519_183508358349.png
2025-05-19 18:35:08,556 - Worker-20403060 - PlaylistPlayer.2040306023079114 - ERROR - Error al capturar pantalla: [Errno 22] Invalid argument: 'C:\\Users\\def\\Documents\\OTWMusicSystem_Final\\OTWMusicSystem_Final\\otw_project\\OTW_MUSIC_SYSTEM\\screenshots\\2040306023079114\\spotify_not_fg_after_open_77slAN1w8sLCiCGwiZmNEF?si=qZJ3vMa6TKGYJM_VhpXSLA_screenshot_2040306023079114_20250519_183508358349.png'
2025-05-19 18:35:08,556 - Worker-20403060 - PlaylistPlayer.2040306023079114 - INFO - Pausa antes de reintentar apertura de URL debido a no foreground (5.5s).
2025-05-19 18:35:14,406 - Worker-20403060 - PlaylistPlayer.2040306023079114 - INFO - Intentando abrir URL: https://open.spotify.com/artist/77slAN1w8sLCiCGwiZmNEF?si=qZJ3vMa6TKGYJM_VhpXSLA (Intento 3/3)
2025-05-19 18:35:14,406 - Worker-20403060 - PlaylistPlayer.2040306023079114 - DEBUG - Forzando detención de Spotify (com.spotify.music) antes de abrir URL.
2025-05-19 18:35:16,003 - Worker-20403060 - PlaylistPlayer.2040306023079114 - DEBUG - Presionando HOME.
2025-05-19 18:35:18,552 - Worker-20403060 - PlaylistPlayer.2040306023079114 - DEBUG - Ejecutando ADB intent para URL: https://open.spotify.com/artist/77slAN1w8sLCiCGwiZmNEF?si=qZJ3vMa6TKGYJM_VhpXSLA
2025-05-19 18:35:20,503 - Worker-20403060 - PlaylistPlayer.2040306023079114 - DEBUG - Resultado ADB 'am start': stdout='Starting: Intent { act=android.intent.action.VIEW dat=https://open.spotify.com/... flg=0x10008000 }', stderr=''
2025-05-19 18:35:22,802 - Worker-20403060 - PlaylistPlayer.2040306023079114 - DEBUG - Esperando que la app se abra y estabilice (5-8s)...
2025-05-19 18:35:29,118 - Worker-20403060 - PlaylistPlayer.2040306023079114 - DEBUG - Verificando diálogo 'Abrir con'...
2025-05-19 18:35:48,699 - Worker-20403060 - PlaylistPlayer.2040306023079114 - DEBUG - No se detectó diálogo 'Abrir con' explícito.
2025-05-19 18:35:48,716 - Worker-20403060 - PlaylistPlayer.2040306023079114 - DEBUG - No se manejó el diálogo 'Abrir con' o no apareció.
2025-05-19 18:35:48,716 - Worker-20403060 - PlaylistPlayer.2040306023079114 - DEBUG - Verificando si Spotify está en primer plano...
2025-05-19 18:35:48,716 - Worker-20403060 - PlaylistPlayer.2040306023079114 - DEBUG - Intentando con comando dumpsys (1): adb -s 2040306023079114 shell dumpsys activity top
2025-05-19 18:35:49,761 - Worker-20403060 - PlaylistPlayer.2040306023079114 - WARNING - Spotify NO parece estar en primer plano según dumpsys.
2025-05-19 18:35:49,761 - Worker-20403060 - PlaylistPlayer.2040306023079114 - DEBUG - Capturando pantalla en C:\Users\def\Documents\OTWMusicSystem_Final\OTWMusicSystem_Final\otw_project\OTW_MUSIC_SYSTEM\screenshots\2040306023079114\spotify_not_foreground_screenshot_2040306023079114_20250519_183549761989.png
2025-05-19 18:35:50,149 - Worker-20403060 - PlaylistPlayer.2040306023079114 - INFO - Captura de pantalla guardada: C:\Users\def\Documents\OTWMusicSystem_Final\OTWMusicSystem_Final\otw_project\OTW_MUSIC_SYSTEM\screenshots\2040306023079114\spotify_not_foreground_screenshot_2040306023079114_20250519_183549761989.png
2025-05-19 18:35:50,150 - Worker-20403060 - PlaylistPlayer.2040306023079114 - WARNING - Spotify no detectado en primer plano después de abrir https://open.spotify.com/artist/77slAN1w8sLCiCGwiZmNEF?si=qZJ3vMa6TKGYJM_VhpXSLA.
2025-05-19 18:35:50,150 - Worker-20403060 - PlaylistPlayer.2040306023079114 - DEBUG - Capturando pantalla en C:\Users\def\Documents\OTWMusicSystem_Final\OTWMusicSystem_Final\otw_project\OTW_MUSIC_SYSTEM\screenshots\2040306023079114\spotify_not_fg_after_open_77slAN1w8sLCiCGwiZmNEF?si=qZJ3vMa6TKGYJM_VhpXSLA_screenshot_2040306023079114_20250519_183550150357.png
2025-05-19 18:35:50,362 - Worker-20403060 - PlaylistPlayer.2040306023079114 - ERROR - Error al capturar pantalla: [Errno 22] Invalid argument: 'C:\\Users\\def\\Documents\\OTWMusicSystem_Final\\OTWMusicSystem_Final\\otw_project\\OTW_MUSIC_SYSTEM\\screenshots\\2040306023079114\\spotify_not_fg_after_open_77slAN1w8sLCiCGwiZmNEF?si=qZJ3vMa6TKGYJM_VhpXSLA_screenshot_2040306023079114_20250519_183550150357.png'
2025-05-19 18:35:50,363 - Worker-20403060 - PlaylistPlayer.2040306023079114 - INFO - Pausa antes de reintentar apertura de URL debido a no foreground (6.7s).
2025-05-19 18:35:56,200 - Worker-20403060 - PlaylistPlayer.2040306023079114 - INFO - Intentando abrir URL: https://open.spotify.com/artist/77slAN1w8sLCiCGwiZmNEF?si=qZJ3vMa6TKGYJM_VhpXSLA (Intento 4/3)
2025-05-19 18:35:56,200 - Worker-20403060 - PlaylistPlayer.2040306023079114 - ERROR - Máximos reintentos (3) alcanzados para abrir URL https://open.spotify.com/artist/77slAN1w8sLCiCGwiZmNEF?si=qZJ3vMa6TKGYJM_VhpXSLA
2025-05-19 18:35:56,200 - Worker-20403060 - PlaylistPlayer.2040306023079114 - DEBUG - Capturando pantalla en C:\Users\def\Documents\OTWMusicSystem_Final\OTWMusicSystem_Final\otw_project\OTW_MUSIC_SYSTEM\screenshots\2040306023079114\open_url_max_retries_fail_77slAN1w8sLCiCGwiZmNEF?si=qZJ3vMa6TKGYJM_VhpXSLA_screenshot_2040306023079114_20250519_183556200197.png
2025-05-19 18:35:56,403 - Worker-20403060 - PlaylistPlayer.2040306023079114 - ERROR - Error al capturar pantalla: [Errno 22] Invalid argument: 'C:\\Users\\def\\Documents\\OTWMusicSystem_Final\\OTWMusicSystem_Final\\otw_project\\OTW_MUSIC_SYSTEM\\screenshots\\2040306023079114\\open_url_max_retries_fail_77slAN1w8sLCiCGwiZmNEF?si=qZJ3vMa6TKGYJM_VhpXSLA_screenshot_2040306023079114_20250519_183556200197.png'
2025-05-19 18:35:56,404 - Worker-20403060 - PlaylistPlayer.2040306023079114 - ERROR - No se pudo abrir la página del artista https://open.spotify.com/artist/77slAN1w8sLCiCGwiZmNEF?si=qZJ3vMa6TKGYJM_VhpXSLA. Terminando interacción.
2025-05-19 18:35:56,404 - Worker-20403060 - PlaylistPlayer.2040306023079114 - INFO - Decidiendo realizar una búsqueda aleatoria...
2025-05-19 18:35:56,405 - Worker-20403060 - PlaylistPlayer.2040306023079114 - DEBUG - Pausa de 8.6s antes de la búsqueda.
2025-05-19 18:36:05,048 - Worker-20403060 - PlaylistPlayer.2040306023079114 - INFO - Iniciando simulación de BÚSQUEDA.
2025-05-19 18:36:05,048 - Worker-20403060 - PlaylistPlayer.2040306023079114 - DEBUG - Intentando Pestaña Búsqueda (sel 1): {'descriptionMatches': '(?i)Search|Buscar', 'className': 'android.widget.Button'}
2025-05-19 18:36:07,040 - Worker-20403060 - PlaylistPlayer.2040306023079114 - DEBUG - Intentando Pestaña Búsqueda (sel 2): {'descriptionMatches': '(?i)Search|Buscar', 'className': 'android.widget.TextView'}
2025-05-19 18:36:09,015 - Worker-20403060 - PlaylistPlayer.2040306023079114 - DEBUG - Intentando Pestaña Búsqueda (sel 3): {'resourceId': 'com.spotify.music:id/search_tab'}
2025-05-19 18:36:11,024 - Worker-20403060 - PlaylistPlayer.2040306023079114 - DEBUG - Intentando Pestaña Búsqueda (sel 4): {'textMatches': '(?i)Search|Buscar'}
2025-05-19 18:36:13,098 - Worker-20403060 - PlaylistPlayer.2040306023079114 - WARNING - No se encontró o no se pudo clickear la Pestaña de Búsqueda. Saltando búsqueda.
2025-05-19 18:36:13,099 - Worker-20403060 - PlaylistPlayer.2040306023079114 - DEBUG - Capturando pantalla en C:\Users\def\Documents\OTWMusicSystem_Final\OTWMusicSystem_Final\otw_project\OTW_MUSIC_SYSTEM\screenshots\2040306023079114\search_tab_fail_screenshot_2040306023079114_20250519_183613098628.png
2025-05-19 18:36:13,287 - Worker-20403060 - PlaylistPlayer.2040306023079114 - INFO - Captura de pantalla guardada: C:\Users\def\Documents\OTWMusicSystem_Final\OTWMusicSystem_Final\otw_project\OTW_MUSIC_SYSTEM\screenshots\2040306023079114\search_tab_fail_screenshot_2040306023079114_20250519_183613098628.png
2025-05-19 18:36:13,287 - Worker-20403060 - PlaylistPlayer.2040306023079114 - INFO - Sesión #1 completada. Pausa de 8.2s.
2025-05-19 18:36:21,470 - Worker-20403060 - PlaylistPlayer.2040306023079114 - INFO - --- Iniciando Sesión de Interacción #2 ---
2025-05-19 18:36:21,470 - Worker-20403060 - PlaylistPlayer.2040306023079114 - INFO - Selección: Link (track) -> https://open.spotify.com/track/7Jljj8PljcJqdYmZKRmAqa?si=ce8b40bb8f1c4a6c
2025-05-19 18:36:21,470 - Worker-20403060 - PlaylistPlayer.2040306023079114 - INFO - Iniciando interacción con TRACK: https://open.spotify.com/track/7Jljj8PljcJqdYmZKRmAqa?si=ce8b40bb8f1c4a6c
2025-05-19 18:36:21,470 - Worker-20403060 - PlaylistPlayer.2040306023079114 - INFO - Intentando abrir URL: https://open.spotify.com/track/7Jljj8PljcJqdYmZKRmAqa?si=ce8b40bb8f1c4a6c (Intento 1/3)
2025-05-19 18:36:21,470 - Worker-20403060 - PlaylistPlayer.2040306023079114 - DEBUG - Forzando detención de Spotify (com.spotify.music) antes de abrir URL.
2025-05-19 18:36:22,617 - Worker-20403060 - PlaylistPlayer.2040306023079114 - DEBUG - Presionando HOME.
2025-05-19 18:36:25,018 - Worker-20403060 - PlaylistPlayer.2040306023079114 - DEBUG - Ejecutando ADB intent para URL: https://open.spotify.com/track/7Jljj8PljcJqdYmZKRmAqa?si=ce8b40bb8f1c4a6c
2025-05-19 18:36:26,547 - Worker-20403060 - PlaylistPlayer.2040306023079114 - DEBUG - Resultado ADB 'am start': stdout='Starting: Intent { act=android.intent.action.VIEW dat=https://open.spotify.com/... flg=0x10008000 }', stderr=''
2025-05-19 18:36:28,442 - Worker-20403060 - PlaylistPlayer.2040306023079114 - DEBUG - Esperando que la app se abra y estabilice (5-8s)...
2025-05-19 18:36:36,129 - Worker-20403060 - PlaylistPlayer.2040306023079114 - DEBUG - Verificando diálogo 'Abrir con'...
2025-05-19 18:37:23,402 - Worker-20403060 - PlaylistPlayer.2040306023079114 - DEBUG - No se detectó diálogo 'Abrir con' explícito.
2025-05-19 18:37:23,402 - Worker-20403060 - PlaylistPlayer.2040306023079114 - DEBUG - No se manejó el diálogo 'Abrir con' o no apareció.
2025-05-19 18:37:23,402 - Worker-20403060 - PlaylistPlayer.2040306023079114 - DEBUG - Verificando si Spotify está en primer plano...
2025-05-19 18:37:23,403 - Worker-20403060 - PlaylistPlayer.2040306023079114 - DEBUG - Intentando con comando dumpsys (1): adb -s 2040306023079114 shell dumpsys activity top
2025-05-19 18:37:24,630 - Worker-20403060 - PlaylistPlayer.2040306023079114 - WARNING - Spotify NO parece estar en primer plano según dumpsys.
2025-05-19 18:37:24,631 - Worker-20403060 - PlaylistPlayer.2040306023079114 - DEBUG - Capturando pantalla en C:\Users\def\Documents\OTWMusicSystem_Final\OTWMusicSystem_Final\otw_project\OTW_MUSIC_SYSTEM\screenshots\2040306023079114\spotify_not_foreground_screenshot_2040306023079114_20250519_183724630710.png
2025-05-19 18:37:27,463 - Worker-20403060 - PlaylistPlayer.2040306023079114 - INFO - Captura de pantalla guardada: C:\Users\def\Documents\OTWMusicSystem_Final\OTWMusicSystem_Final\otw_project\OTW_MUSIC_SYSTEM\screenshots\2040306023079114\spotify_not_foreground_screenshot_2040306023079114_20250519_183724630710.png
2025-05-19 18:37:27,463 - Worker-20403060 - PlaylistPlayer.2040306023079114 - WARNING - Spotify no detectado en primer plano después de abrir https://open.spotify.com/track/7Jljj8PljcJqdYmZKRmAqa?si=ce8b40bb8f1c4a6c.
2025-05-19 18:37:27,464 - Worker-20403060 - PlaylistPlayer.2040306023079114 - DEBUG - Capturando pantalla en C:\Users\def\Documents\OTWMusicSystem_Final\OTWMusicSystem_Final\otw_project\OTW_MUSIC_SYSTEM\screenshots\2040306023079114\spotify_not_fg_after_open_7Jljj8PljcJqdYmZKRmAqa?si=ce8b40bb8f1c4a6c_screenshot_2040306023079114_20250519_183727463713.png
2025-05-19 18:37:27,778 - Worker-20403060 - PlaylistPlayer.2040306023079114 - ERROR - Error al capturar pantalla: [Errno 22] Invalid argument: 'C:\\Users\\def\\Documents\\OTWMusicSystem_Final\\OTWMusicSystem_Final\\otw_project\\OTW_MUSIC_SYSTEM\\screenshots\\2040306023079114\\spotify_not_fg_after_open_7Jljj8PljcJqdYmZKRmAqa?si=ce8b40bb8f1c4a6c_screenshot_2040306023079114_20250519_183727463713.png'
2025-05-19 18:37:27,779 - Worker-20403060 - PlaylistPlayer.2040306023079114 - INFO - Pausa antes de reintentar apertura de URL debido a no foreground (4.4s).
2025-05-19 18:37:31,978 - Worker-20403060 - PlaylistPlayer.2040306023079114 - INFO - Intentando abrir URL: https://open.spotify.com/track/7Jljj8PljcJqdYmZKRmAqa?si=ce8b40bb8f1c4a6c (Intento 2/3)
2025-05-19 18:37:31,978 - Worker-20403060 - PlaylistPlayer.2040306023079114 - DEBUG - Forzando detención de Spotify (com.spotify.music) antes de abrir URL.
2025-05-19 18:37:33,523 - Worker-20403060 - PlaylistPlayer.2040306023079114 - DEBUG - Presionando HOME.
2025-05-19 18:37:36,020 - Worker-20403060 - PlaylistPlayer.2040306023079114 - DEBUG - Ejecutando ADB intent para URL: https://open.spotify.com/track/7Jljj8PljcJqdYmZKRmAqa?si=ce8b40bb8f1c4a6c
2025-05-19 18:37:37,814 - Worker-20403060 - PlaylistPlayer.2040306023079114 - DEBUG - Resultado ADB 'am start': stdout='Starting: Intent { act=android.intent.action.VIEW dat=https://open.spotify.com/... flg=0x10008000 }', stderr=''
2025-05-19 18:37:40,037 - Worker-20403060 - PlaylistPlayer.2040306023079114 - DEBUG - Esperando que la app se abra y estabilice (5-8s)...
2025-05-19 18:37:46,393 - Worker-20403060 - PlaylistPlayer.2040306023079114 - DEBUG - Verificando diálogo 'Abrir con'...
2025-05-19 18:38:31,507 - Worker-20403060 - PlaylistPlayer.2040306023079114 - DEBUG - No se detectó diálogo 'Abrir con' explícito.
2025-05-19 18:38:31,508 - Worker-20403060 - PlaylistPlayer.2040306023079114 - DEBUG - No se manejó el diálogo 'Abrir con' o no apareció.
2025-05-19 18:38:31,508 - Worker-20403060 - PlaylistPlayer.2040306023079114 - DEBUG - Verificando si Spotify está en primer plano...
2025-05-19 18:38:31,508 - Worker-20403060 - PlaylistPlayer.2040306023079114 - DEBUG - Intentando con comando dumpsys (1): adb -s 2040306023079114 shell dumpsys activity top
2025-05-19 18:38:33,453 - Worker-20403060 - PlaylistPlayer.2040306023079114 - WARNING - Spotify NO parece estar en primer plano según dumpsys.
2025-05-19 18:38:33,453 - Worker-20403060 - PlaylistPlayer.2040306023079114 - DEBUG - Capturando pantalla en C:\Users\def\Documents\OTWMusicSystem_Final\OTWMusicSystem_Final\otw_project\OTW_MUSIC_SYSTEM\screenshots\2040306023079114\spotify_not_foreground_screenshot_2040306023079114_20250519_183833453881.png
2025-05-19 18:38:34,921 - Worker-20403060 - PlaylistPlayer.2040306023079114 - INFO - Captura de pantalla guardada: C:\Users\def\Documents\OTWMusicSystem_Final\OTWMusicSystem_Final\otw_project\OTW_MUSIC_SYSTEM\screenshots\2040306023079114\spotify_not_foreground_screenshot_2040306023079114_20250519_183833453881.png
2025-05-19 18:38:34,922 - Worker-20403060 - PlaylistPlayer.2040306023079114 - WARNING - Spotify no detectado en primer plano después de abrir https://open.spotify.com/track/7Jljj8PljcJqdYmZKRmAqa?si=ce8b40bb8f1c4a6c.
2025-05-19 18:38:34,922 - Worker-20403060 - PlaylistPlayer.2040306023079114 - DEBUG - Capturando pantalla en C:\Users\def\Documents\OTWMusicSystem_Final\OTWMusicSystem_Final\otw_project\OTW_MUSIC_SYSTEM\screenshots\2040306023079114\spotify_not_fg_after_open_7Jljj8PljcJqdYmZKRmAqa?si=ce8b40bb8f1c4a6c_screenshot_2040306023079114_20250519_183834922473.png
2025-05-19 18:38:35,045 - Worker-20403060 - PlaylistPlayer.2040306023079114 - ERROR - Error al capturar pantalla: [Errno 22] Invalid argument: 'C:\\Users\\def\\Documents\\OTWMusicSystem_Final\\OTWMusicSystem_Final\\otw_project\\OTW_MUSIC_SYSTEM\\screenshots\\2040306023079114\\spotify_not_fg_after_open_7Jljj8PljcJqdYmZKRmAqa?si=ce8b40bb8f1c4a6c_screenshot_2040306023079114_20250519_183834922473.png'
2025-05-19 18:38:35,046 - Worker-20403060 - PlaylistPlayer.2040306023079114 - INFO - Pausa antes de reintentar apertura de URL debido a no foreground (4.4s).
2025-05-19 18:38:40,419 - Worker-20403060 - PlaylistPlayer.2040306023079114 - INFO - Intentando abrir URL: https://open.spotify.com/track/7Jljj8PljcJqdYmZKRmAqa?si=ce8b40bb8f1c4a6c (Intento 3/3)
2025-05-19 18:38:40,419 - Worker-20403060 - PlaylistPlayer.2040306023079114 - DEBUG - Forzando detención de Spotify (com.spotify.music) antes de abrir URL.
2025-05-19 18:38:41,412 - Worker-20403060 - PlaylistPlayer.2040306023079114 - DEBUG - Presionando HOME.
2025-05-19 18:38:43,796 - Worker-20403060 - PlaylistPlayer.2040306023079114 - DEBUG - Ejecutando ADB intent para URL: https://open.spotify.com/track/7Jljj8PljcJqdYmZKRmAqa?si=ce8b40bb8f1c4a6c
2025-05-19 18:38:45,571 - Worker-20403060 - PlaylistPlayer.2040306023079114 - DEBUG - Resultado ADB 'am start': stdout='Starting: Intent { act=android.intent.action.VIEW dat=https://open.spotify.com/... flg=0x10008000 }', stderr=''
2025-05-19 18:38:47,571 - Worker-20403060 - PlaylistPlayer.2040306023079114 - DEBUG - Esperando que la app se abra y estabilice (5-8s)...
2025-05-19 18:38:54,534 - Worker-20403060 - PlaylistPlayer.2040306023079114 - DEBUG - Verificando diálogo 'Abrir con'...
2025-05-19 18:40:14,824 - Worker-20403060 - PlaylistPlayer.2040306023079114 - DEBUG - No se detectó diálogo 'Abrir con' explícito.
2025-05-19 18:40:14,824 - Worker-20403060 - PlaylistPlayer.2040306023079114 - DEBUG - No se manejó el diálogo 'Abrir con' o no apareció.
2025-05-19 18:40:14,824 - Worker-20403060 - PlaylistPlayer.2040306023079114 - DEBUG - Verificando si Spotify está en primer plano...
2025-05-19 18:40:14,824 - Worker-20403060 - PlaylistPlayer.2040306023079114 - DEBUG - Intentando con comando dumpsys (1): adb -s 2040306023079114 shell dumpsys activity top
2025-05-19 18:40:16,683 - Worker-20403060 - PlaylistPlayer.2040306023079114 - WARNING - Spotify NO parece estar en primer plano según dumpsys.
2025-05-19 18:40:16,684 - Worker-20403060 - PlaylistPlayer.2040306023079114 - DEBUG - Capturando pantalla en C:\Users\def\Documents\OTWMusicSystem_Final\OTWMusicSystem_Final\otw_project\OTW_MUSIC_SYSTEM\screenshots\2040306023079114\spotify_not_foreground_screenshot_2040306023079114_20250519_184016683631.png
2025-05-19 18:40:18,143 - Worker-20403060 - PlaylistPlayer.2040306023079114 - INFO - Captura de pantalla guardada: C:\Users\def\Documents\OTWMusicSystem_Final\OTWMusicSystem_Final\otw_project\OTW_MUSIC_SYSTEM\screenshots\2040306023079114\spotify_not_foreground_screenshot_2040306023079114_20250519_184016683631.png
2025-05-19 18:40:18,143 - Worker-20403060 - PlaylistPlayer.2040306023079114 - WARNING - Spotify no detectado en primer plano después de abrir https://open.spotify.com/track/7Jljj8PljcJqdYmZKRmAqa?si=ce8b40bb8f1c4a6c.
2025-05-19 18:40:18,143 - Worker-20403060 - PlaylistPlayer.2040306023079114 - DEBUG - Capturando pantalla en C:\Users\def\Documents\OTWMusicSystem_Final\OTWMusicSystem_Final\otw_project\OTW_MUSIC_SYSTEM\screenshots\2040306023079114\spotify_not_fg_after_open_7Jljj8PljcJqdYmZKRmAqa?si=ce8b40bb8f1c4a6c_screenshot_2040306023079114_20250519_184018143103.png
2025-05-19 18:40:18,288 - Worker-20403060 - PlaylistPlayer.2040306023079114 - ERROR - Error al capturar pantalla: [Errno 22] Invalid argument: 'C:\\Users\\def\\Documents\\OTWMusicSystem_Final\\OTWMusicSystem_Final\\otw_project\\OTW_MUSIC_SYSTEM\\screenshots\\2040306023079114\\spotify_not_fg_after_open_7Jljj8PljcJqdYmZKRmAqa?si=ce8b40bb8f1c4a6c_screenshot_2040306023079114_20250519_184018143103.png'
2025-05-19 18:40:18,288 - Worker-20403060 - PlaylistPlayer.2040306023079114 - INFO - Pausa antes de reintentar apertura de URL debido a no foreground (5.3s).
2025-05-19 18:40:24,734 - Worker-20403060 - PlaylistPlayer.2040306023079114 - INFO - Intentando abrir URL: https://open.spotify.com/track/7Jljj8PljcJqdYmZKRmAqa?si=ce8b40bb8f1c4a6c (Intento 4/3)
2025-05-19 18:40:24,734 - Worker-20403060 - PlaylistPlayer.2040306023079114 - ERROR - Máximos reintentos (3) alcanzados para abrir URL https://open.spotify.com/track/7Jljj8PljcJqdYmZKRmAqa?si=ce8b40bb8f1c4a6c
2025-05-19 18:40:24,735 - Worker-20403060 - PlaylistPlayer.2040306023079114 - DEBUG - Capturando pantalla en C:\Users\def\Documents\OTWMusicSystem_Final\OTWMusicSystem_Final\otw_project\OTW_MUSIC_SYSTEM\screenshots\2040306023079114\open_url_max_retries_fail_7Jljj8PljcJqdYmZKRmAqa?si=ce8b40bb8f1c4a6c_screenshot_2040306023079114_20250519_184024734780.png
2025-05-19 18:40:24,871 - Worker-20403060 - PlaylistPlayer.2040306023079114 - ERROR - Error al capturar pantalla: [Errno 22] Invalid argument: 'C:\\Users\\def\\Documents\\OTWMusicSystem_Final\\OTWMusicSystem_Final\\otw_project\\OTW_MUSIC_SYSTEM\\screenshots\\2040306023079114\\open_url_max_retries_fail_7Jljj8PljcJqdYmZKRmAqa?si=ce8b40bb8f1c4a6c_screenshot_2040306023079114_20250519_184024734780.png'
2025-05-19 18:40:24,871 - Worker-20403060 - PlaylistPlayer.2040306023079114 - ERROR - No se pudo abrir el track https://open.spotify.com/track/7Jljj8PljcJqdYmZKRmAqa?si=ce8b40bb8f1c4a6c. Terminando interacción.
2025-05-19 18:40:24,871 - Worker-20403060 - PlaylistPlayer.2040306023079114 - INFO - Sesión #2 completada. Pausa de 5.0s.
2025-05-19 18:40:29,837 - Worker-20403060 - PlaylistPlayer.2040306023079114 - INFO - --- Iniciando Sesión de Interacción #3 ---
2025-05-19 18:40:29,837 - Worker-20403060 - PlaylistPlayer.2040306023079114 - INFO - Selección: Link (track) -> https://open.spotify.com/track/7r8zyOkJPByv4Z2taWQJOO?si=2cc5cd342501464b
2025-05-19 18:40:29,837 - Worker-20403060 - PlaylistPlayer.2040306023079114 - INFO - Iniciando interacción con TRACK: https://open.spotify.com/track/7r8zyOkJPByv4Z2taWQJOO?si=2cc5cd342501464b
2025-05-19 18:40:29,837 - Worker-20403060 - PlaylistPlayer.2040306023079114 - INFO - Intentando abrir URL: https://open.spotify.com/track/7r8zyOkJPByv4Z2taWQJOO?si=2cc5cd342501464b (Intento 1/3)
2025-05-19 18:40:29,837 - Worker-20403060 - PlaylistPlayer.2040306023079114 - DEBUG - Forzando detención de Spotify (com.spotify.music) antes de abrir URL.
2025-05-19 18:40:31,222 - Worker-20403060 - PlaylistPlayer.2040306023079114 - DEBUG - Presionando HOME.
2025-05-19 18:40:33,733 - Worker-20403060 - PlaylistPlayer.2040306023079114 - DEBUG - Ejecutando ADB intent para URL: https://open.spotify.com/track/7r8zyOkJPByv4Z2taWQJOO?si=2cc5cd342501464b
2025-05-19 18:40:35,625 - Worker-20403060 - PlaylistPlayer.2040306023079114 - DEBUG - Resultado ADB 'am start': stdout='Starting: Intent { act=android.intent.action.VIEW dat=https://open.spotify.com/... flg=0x10008000 }', stderr=''
2025-05-19 18:40:37,767 - Worker-20403060 - PlaylistPlayer.2040306023079114 - DEBUG - Esperando que la app se abra y estabilice (5-8s)...
2025-05-19 18:40:44,926 - Worker-20403060 - PlaylistPlayer.2040306023079114 - DEBUG - Verificando diálogo 'Abrir con'...
2025-05-19 18:41:45,199 - Worker-20403060 - PlaylistPlayer.2040306023079114 - DEBUG - No se detectó diálogo 'Abrir con' explícito.
2025-05-19 18:41:45,199 - Worker-20403060 - PlaylistPlayer.2040306023079114 - DEBUG - No se manejó el diálogo 'Abrir con' o no apareció.
2025-05-19 18:41:45,199 - Worker-20403060 - PlaylistPlayer.2040306023079114 - DEBUG - Verificando si Spotify está en primer plano...
2025-05-19 18:41:45,199 - Worker-20403060 - PlaylistPlayer.2040306023079114 - DEBUG - Intentando con comando dumpsys (1): adb -s 2040306023079114 shell dumpsys activity top
2025-05-19 18:41:46,979 - Worker-20403060 - PlaylistPlayer.2040306023079114 - WARNING - Spotify NO parece estar en primer plano según dumpsys.
2025-05-19 18:41:46,979 - Worker-20403060 - PlaylistPlayer.2040306023079114 - DEBUG - Capturando pantalla en C:\Users\def\Documents\OTWMusicSystem_Final\OTWMusicSystem_Final\otw_project\OTW_MUSIC_SYSTEM\screenshots\2040306023079114\spotify_not_foreground_screenshot_2040306023079114_20250519_184146979487.png
2025-05-19 18:41:50,416 - Worker-20403060 - PlaylistPlayer.2040306023079114 - INFO - Captura de pantalla guardada: C:\Users\def\Documents\OTWMusicSystem_Final\OTWMusicSystem_Final\otw_project\OTW_MUSIC_SYSTEM\screenshots\2040306023079114\spotify_not_foreground_screenshot_2040306023079114_20250519_184146979487.png
2025-05-19 18:41:50,416 - Worker-20403060 - PlaylistPlayer.2040306023079114 - WARNING - Spotify no detectado en primer plano después de abrir https://open.spotify.com/track/7r8zyOkJPByv4Z2taWQJOO?si=2cc5cd342501464b.
2025-05-19 18:41:50,416 - Worker-20403060 - PlaylistPlayer.2040306023079114 - DEBUG - Capturando pantalla en C:\Users\def\Documents\OTWMusicSystem_Final\OTWMusicSystem_Final\otw_project\OTW_MUSIC_SYSTEM\screenshots\2040306023079114\spotify_not_fg_after_open_7r8zyOkJPByv4Z2taWQJOO?si=2cc5cd342501464b_screenshot_2040306023079114_20250519_184150416916.png
2025-05-19 18:41:50,775 - Worker-20403060 - PlaylistPlayer.2040306023079114 - ERROR - Error al capturar pantalla: [Errno 22] Invalid argument: 'C:\\Users\\def\\Documents\\OTWMusicSystem_Final\\OTWMusicSystem_Final\\otw_project\\OTW_MUSIC_SYSTEM\\screenshots\\2040306023079114\\spotify_not_fg_after_open_7r8zyOkJPByv4Z2taWQJOO?si=2cc5cd342501464b_screenshot_2040306023079114_20250519_184150416916.png'
2025-05-19 18:41:50,776 - Worker-20403060 - PlaylistPlayer.2040306023079114 - INFO - Pausa antes de reintentar apertura de URL debido a no foreground (6.5s).
2025-05-19 18:41:55,268 - Worker-20403060 - PlaylistPlayer.2040306023079114 - INFO - Intentando abrir URL: https://open.spotify.com/track/7r8zyOkJPByv4Z2taWQJOO?si=2cc5cd342501464b (Intento 2/3)
2025-05-19 18:41:55,268 - Worker-20403060 - PlaylistPlayer.2040306023079114 - DEBUG - Forzando detención de Spotify (com.spotify.music) antes de abrir URL.
2025-05-19 18:41:57,285 - Worker-20403060 - PlaylistPlayer.2040306023079114 - DEBUG - Presionando HOME.
2025-05-19 18:41:59,782 - Worker-20403060 - PlaylistPlayer.2040306023079114 - DEBUG - Ejecutando ADB intent para URL: https://open.spotify.com/track/7r8zyOkJPByv4Z2taWQJOO?si=2cc5cd342501464b
2025-05-19 18:42:01,380 - Worker-20403060 - PlaylistPlayer.2040306023079114 - DEBUG - Resultado ADB 'am start': stdout='Starting: Intent { act=android.intent.action.VIEW dat=https://open.spotify.com/... flg=0x10008000 }', stderr=''
2025-05-19 18:42:03,644 - Worker-20403060 - PlaylistPlayer.2040306023079114 - DEBUG - Esperando que la app se abra y estabilice (5-8s)...
2025-05-19 18:42:10,955 - Worker-20403060 - PlaylistPlayer.2040306023079114 - DEBUG - Verificando diálogo 'Abrir con'...
2025-05-19 18:43:05,637 - Worker-20403060 - PlaylistPlayer.2040306023079114 - DEBUG - No se detectó diálogo 'Abrir con' explícito.
2025-05-19 18:43:05,637 - Worker-20403060 - PlaylistPlayer.2040306023079114 - DEBUG - No se manejó el diálogo 'Abrir con' o no apareció.
2025-05-19 18:43:05,638 - Worker-20403060 - PlaylistPlayer.2040306023079114 - DEBUG - Verificando si Spotify está en primer plano...
2025-05-19 18:43:05,638 - Worker-20403060 - PlaylistPlayer.2040306023079114 - DEBUG - Intentando con comando dumpsys (1): adb -s 2040306023079114 shell dumpsys activity top
2025-05-19 18:43:06,509 - Worker-20403060 - PlaylistPlayer.2040306023079114 - WARNING - Spotify NO parece estar en primer plano según dumpsys.
2025-05-19 18:43:06,510 - Worker-20403060 - PlaylistPlayer.2040306023079114 - DEBUG - Capturando pantalla en C:\Users\def\Documents\OTWMusicSystem_Final\OTWMusicSystem_Final\otw_project\OTW_MUSIC_SYSTEM\screenshots\2040306023079114\spotify_not_foreground_screenshot_2040306023079114_20250519_184306510265.png
2025-05-19 18:43:08,153 - Worker-20403060 - PlaylistPlayer.2040306023079114 - INFO - Captura de pantalla guardada: C:\Users\def\Documents\OTWMusicSystem_Final\OTWMusicSystem_Final\otw_project\OTW_MUSIC_SYSTEM\screenshots\2040306023079114\spotify_not_foreground_screenshot_2040306023079114_20250519_184306510265.png
2025-05-19 18:43:08,153 - Worker-20403060 - PlaylistPlayer.2040306023079114 - WARNING - Spotify no detectado en primer plano después de abrir https://open.spotify.com/track/7r8zyOkJPByv4Z2taWQJOO?si=2cc5cd342501464b.
2025-05-19 18:43:08,154 - Worker-20403060 - PlaylistPlayer.2040306023079114 - DEBUG - Capturando pantalla en C:\Users\def\Documents\OTWMusicSystem_Final\OTWMusicSystem_Final\otw_project\OTW_MUSIC_SYSTEM\screenshots\2040306023079114\spotify_not_fg_after_open_7r8zyOkJPByv4Z2taWQJOO?si=2cc5cd342501464b_screenshot_2040306023079114_20250519_184308153942.png
2025-05-19 18:43:08,503 - Worker-20403060 - PlaylistPlayer.2040306023079114 - ERROR - Error al capturar pantalla: [Errno 22] Invalid argument: 'C:\\Users\\def\\Documents\\OTWMusicSystem_Final\\OTWMusicSystem_Final\\otw_project\\OTW_MUSIC_SYSTEM\\screenshots\\2040306023079114\\spotify_not_fg_after_open_7r8zyOkJPByv4Z2taWQJOO?si=2cc5cd342501464b_screenshot_2040306023079114_20250519_184308153942.png'
2025-05-19 18:43:08,503 - Worker-20403060 - PlaylistPlayer.2040306023079114 - INFO - Pausa antes de reintentar apertura de URL debido a no foreground (6.2s).
2025-05-19 18:43:14,038 - Worker-20403060 - PlaylistPlayer.2040306023079114 - INFO - Intentando abrir URL: https://open.spotify.com/track/7r8zyOkJPByv4Z2taWQJOO?si=2cc5cd342501464b (Intento 3/3)
2025-05-19 18:43:14,038 - Worker-20403060 - PlaylistPlayer.2040306023079114 - DEBUG - Forzando detención de Spotify (com.spotify.music) antes de abrir URL.
2025-05-19 18:43:15,734 - Worker-20403060 - PlaylistPlayer.2040306023079114 - DEBUG - Presionando HOME.
2025-05-19 18:43:18,004 - Worker-20403060 - PlaylistPlayer.2040306023079114 - DEBUG - Ejecutando ADB intent para URL: https://open.spotify.com/track/7r8zyOkJPByv4Z2taWQJOO?si=2cc5cd342501464b
2025-05-19 18:43:19,456 - Worker-20403060 - PlaylistPlayer.2040306023079114 - DEBUG - Resultado ADB 'am start': stdout='Starting: Intent { act=android.intent.action.VIEW dat=https://open.spotify.com/... flg=0x10008000 }', stderr=''
2025-05-19 18:43:21,843 - Worker-20403060 - PlaylistPlayer.2040306023079114 - DEBUG - Esperando que la app se abra y estabilice (5-8s)...
2025-05-19 18:43:28,328 - Worker-20403060 - PlaylistPlayer.2040306023079114 - DEBUG - Verificando diálogo 'Abrir con'...
2025-05-19 18:44:16,482 - Worker-20403060 - PlaylistPlayer.2040306023079114 - DEBUG - No se detectó diálogo 'Abrir con' explícito.
2025-05-19 18:44:16,482 - Worker-20403060 - PlaylistPlayer.2040306023079114 - DEBUG - No se manejó el diálogo 'Abrir con' o no apareció.
2025-05-19 18:44:16,482 - Worker-20403060 - PlaylistPlayer.2040306023079114 - DEBUG - Verificando si Spotify está en primer plano...
2025-05-19 18:44:16,483 - Worker-20403060 - PlaylistPlayer.2040306023079114 - DEBUG - Intentando con comando dumpsys (1): adb -s 2040306023079114 shell dumpsys activity top
2025-05-19 18:44:17,598 - Worker-20403060 - PlaylistPlayer.2040306023079114 - WARNING - Spotify NO parece estar en primer plano según dumpsys.
2025-05-19 18:44:17,599 - Worker-20403060 - PlaylistPlayer.2040306023079114 - DEBUG - Capturando pantalla en C:\Users\def\Documents\OTWMusicSystem_Final\OTWMusicSystem_Final\otw_project\OTW_MUSIC_SYSTEM\screenshots\2040306023079114\spotify_not_foreground_screenshot_2040306023079114_20250519_184417598964.png
2025-05-19 18:44:20,806 - Worker-20403060 - PlaylistPlayer.2040306023079114 - INFO - Captura de pantalla guardada: C:\Users\def\Documents\OTWMusicSystem_Final\OTWMusicSystem_Final\otw_project\OTW_MUSIC_SYSTEM\screenshots\2040306023079114\spotify_not_foreground_screenshot_2040306023079114_20250519_184417598964.png
2025-05-19 18:44:20,806 - Worker-20403060 - PlaylistPlayer.2040306023079114 - WARNING - Spotify no detectado en primer plano después de abrir https://open.spotify.com/track/7r8zyOkJPByv4Z2taWQJOO?si=2cc5cd342501464b.
2025-05-19 18:44:20,807 - Worker-20403060 - PlaylistPlayer.2040306023079114 - DEBUG - Capturando pantalla en C:\Users\def\Documents\OTWMusicSystem_Final\OTWMusicSystem_Final\otw_project\OTW_MUSIC_SYSTEM\screenshots\2040306023079114\spotify_not_fg_after_open_7r8zyOkJPByv4Z2taWQJOO?si=2cc5cd342501464b_screenshot_2040306023079114_20250519_184420806966.png
2025-05-19 18:44:21,535 - Worker-20403060 - PlaylistPlayer.2040306023079114 - ERROR - Error al capturar pantalla: [Errno 22] Invalid argument: 'C:\\Users\\def\\Documents\\OTWMusicSystem_Final\\OTWMusicSystem_Final\\otw_project\\OTW_MUSIC_SYSTEM\\screenshots\\2040306023079114\\spotify_not_fg_after_open_7r8zyOkJPByv4Z2taWQJOO?si=2cc5cd342501464b_screenshot_2040306023079114_20250519_184420806966.png'
2025-05-19 18:44:21,536 - Worker-20403060 - PlaylistPlayer.2040306023079114 - INFO - Pausa antes de reintentar apertura de URL debido a no foreground (5.1s).
2025-05-19 18:44:27,713 - Worker-20403060 - PlaylistPlayer.2040306023079114 - INFO - Intentando abrir URL: https://open.spotify.com/track/7r8zyOkJPByv4Z2taWQJOO?si=2cc5cd342501464b (Intento 4/3)
2025-05-19 18:44:27,713 - Worker-20403060 - PlaylistPlayer.2040306023079114 - ERROR - Máximos reintentos (3) alcanzados para abrir URL https://open.spotify.com/track/7r8zyOkJPByv4Z2taWQJOO?si=2cc5cd342501464b
2025-05-19 18:44:27,714 - Worker-20403060 - PlaylistPlayer.2040306023079114 - DEBUG - Capturando pantalla en C:\Users\def\Documents\OTWMusicSystem_Final\OTWMusicSystem_Final\otw_project\OTW_MUSIC_SYSTEM\screenshots\2040306023079114\open_url_max_retries_fail_7r8zyOkJPByv4Z2taWQJOO?si=2cc5cd342501464b_screenshot_2040306023079114_20250519_184427713758.png
2025-05-19 18:44:28,050 - Worker-20403060 - PlaylistPlayer.2040306023079114 - ERROR - Error al capturar pantalla: [Errno 22] Invalid argument: 'C:\\Users\\def\\Documents\\OTWMusicSystem_Final\\OTWMusicSystem_Final\\otw_project\\OTW_MUSIC_SYSTEM\\screenshots\\2040306023079114\\open_url_max_retries_fail_7r8zyOkJPByv4Z2taWQJOO?si=2cc5cd342501464b_screenshot_2040306023079114_20250519_184427713758.png'
2025-05-19 18:44:28,051 - Worker-20403060 - PlaylistPlayer.2040306023079114 - ERROR - No se pudo abrir el track https://open.spotify.com/track/7r8zyOkJPByv4Z2taWQJOO?si=2cc5cd342501464b. Terminando interacción.
2025-05-19 18:44:28,051 - Worker-20403060 - PlaylistPlayer.2040306023079114 - INFO - Sesión #3 completada. Pausa de 7.5s.
2025-05-19 18:44:35,596 - Worker-20403060 - PlaylistPlayer.2040306023079114 - INFO - --- Iniciando Sesión de Interacción #4 ---
2025-05-19 18:44:35,596 - Worker-20403060 - PlaylistPlayer.2040306023079114 - INFO - Selección: Link (track) -> https://open.spotify.com/track/7b42dLrWVexmzce80HCgXx?si=d6d45d24ebbb4fa0
2025-05-19 18:44:35,597 - Worker-20403060 - PlaylistPlayer.2040306023079114 - INFO - Iniciando interacción con TRACK: https://open.spotify.com/track/7b42dLrWVexmzce80HCgXx?si=d6d45d24ebbb4fa0
2025-05-19 18:44:35,597 - Worker-20403060 - PlaylistPlayer.2040306023079114 - INFO - Intentando abrir URL: https://open.spotify.com/track/7b42dLrWVexmzce80HCgXx?si=d6d45d24ebbb4fa0 (Intento 1/3)
2025-05-19 18:44:35,597 - Worker-20403060 - PlaylistPlayer.2040306023079114 - DEBUG - Forzando detención de Spotify (com.spotify.music) antes de abrir URL.
2025-05-19 18:44:36,855 - Worker-20403060 - PlaylistPlayer.2040306023079114 - DEBUG - Presionando HOME.
2025-05-19 18:44:38,822 - Worker-20403060 - PlaylistPlayer.2040306023079114 - DEBUG - Ejecutando ADB intent para URL: https://open.spotify.com/track/7b42dLrWVexmzce80HCgXx?si=d6d45d24ebbb4fa0
2025-05-19 18:44:40,493 - Worker-20403060 - PlaylistPlayer.2040306023079114 - DEBUG - Resultado ADB 'am start': stdout='Starting: Intent { act=android.intent.action.VIEW dat=https://open.spotify.com/... flg=0x10008000 }', stderr=''
2025-05-19 18:44:41,919 - Worker-20403060 - PlaylistPlayer.2040306023079114 - DEBUG - Esperando que la app se abra y estabilice (5-8s)...
2025-05-19 18:44:47,153 - Worker-20403060 - PlaylistPlayer.2040306023079114 - DEBUG - Verificando diálogo 'Abrir con'...
