2025-05-19 19:36:40,717 - Worker-20403060 - PlaylistPlayer.2040306023079114 - INFO - Worker thread INICIADO. Logs en: C:\Users\def\Documents\OTWMusicSystem_Final\OTWMusicSystem_Final\otw_project\OTW_MUSIC_SYSTEM\logs\2040306023079114\playlist_player_20250519_193640.log
2025-05-19 19:36:40,717 - Worker-20403060 - PlaylistPlayer.2040306023079114 - INFO - Personalidad Creada (SLOW_MODE_FACTOR=1.75): InitPlaylistDur=[30-35]m, ArtistDur=[30-60]m, IndivTrackSessDur=[60-90]m, SingleTrackDur=[60-120]s, VisitArtistProb=0.67, PlayIndivTracksProb=0.43
2025-05-19 19:36:40,717 - Worker-20403060 - PlaylistPlayer.2040306023079114 - INFO - Conectando uiautomator2 (intento 1/3)...
2025-05-19 19:36:46,559 - Worker-20403060 - PlaylistPlayer.2040306023079114 - INFO - Conectado (Device: Studio_X5_Max, Android: N/A).
2025-05-19 19:36:47,126 - Worker-20403060 - PlaylistPlayer.2040306023079114 - INFO - Spotify (com.spotify.music v9.0.36.484) instalado.
2025-05-19 19:36:47,127 - Worker-20403060 - PlaylistPlayer.2040306023079114 - INFO - Setup inicial (kill Spotify, home).
2025-05-19 19:36:47,127 - Worker-20403060 - PlaylistPlayer.2040306023079114 - WARNING - Advertencia setup inicial: 'Device' object has no attribute 'app_kill'
2025-05-19 19:36:47,127 - Worker-20403060 - PlaylistPlayer.2040306023079114 - DEBUG - Capturando pantalla en C:\Users\def\Documents\OTWMusicSystem_Final\OTWMusicSystem_Final\otw_project\OTW_MUSIC_SYSTEM\screenshots\2040306023079114\init_setup_warn_screenshot_2040306023079114_20250519_193647127270.png
2025-05-19 19:36:49,402 - Worker-20403060 - PlaylistPlayer.2040306023079114 - INFO - Captura de pantalla guardada: C:\Users\def\Documents\OTWMusicSystem_Final\OTWMusicSystem_Final\otw_project\OTW_MUSIC_SYSTEM\screenshots\2040306023079114\init_setup_warn_screenshot_2040306023079114_20250519_193647127270.png
2025-05-19 19:36:49,402 - Worker-20403060 - PlaylistPlayer.2040306023079114 - INFO - --- Iniciando CICLO DE VIDA DE INTERACCIÓN #1 ---
2025-05-19 19:36:49,403 - Worker-20403060 - PlaylistPlayer.2040306023079114 - INFO - Fase 1: Playlist Inicial.
2025-05-19 19:36:49,403 - Worker-20403060 - PlaylistPlayer.2040306023079114 - INFO - Iniciando PLAYLIST: https://open.spotify.com/playlist/5XrvAtxjUWcbTNgLHc9hz2?si=8J8GtCkARCaiIlIOWzgMnA por ~34 min.
2025-05-19 19:36:49,403 - Worker-20403060 - PlaylistPlayer.2040306023079114 - INFO - Intentando abrir URL: https://open.spotify.com/playlist/5XrvAtxjUWcbTNgLHc9hz2?si=8J8GtCkARCaiIlIOWzgMnA (Intento 1/3)
2025-05-19 19:36:49,403 - Worker-20403060 - PlaylistPlayer.2040306023079114 - DEBUG - Forzando detención de Spotify (com.spotify.music).
2025-05-19 19:36:51,410 - Worker-20403060 - PlaylistPlayer.2040306023079114 - DEBUG - Presionando HOME.
2025-05-19 19:36:55,474 - Worker-20403060 - PlaylistPlayer.2040306023079114 - DEBUG - Ejecutando ADB intent para URL: https://open.spotify.com/playlist/5XrvAtxjUWcbTNgLHc9hz2?si=8J8GtCkARCaiIlIOWzgMnA
2025-05-19 19:36:58,074 - Worker-20403060 - PlaylistPlayer.2040306023079114 - DEBUG - Resultado ADB: stdout='Starting: Intent { act=android.intent.action.VIEW dat=https://open.spotify.com/... flg=0x10008000 }', stderr=''
2025-05-19 19:37:01,609 - Worker-20403060 - PlaylistPlayer.2040306023079114 - DEBUG - Esperando app estabilice...
2025-05-19 19:37:12,822 - Worker-20403060 - PlaylistPlayer.2040306023079114 - DEBUG - Verificando diálogo 'Abrir con'...
2025-05-19 19:37:25,838 - Worker-20403060 - PlaylistPlayer.2040306023079114 - DEBUG - No se detectó diálogo 'Abrir con' explícito.
2025-05-19 19:37:25,838 - Worker-20403060 - PlaylistPlayer.2040306023079114 - DEBUG - No se manejó diálogo 'Abrir con'.
2025-05-19 19:37:25,838 - Worker-20403060 - PlaylistPlayer.2040306023079114 - DEBUG - Verificando si Spotify está en primer plano...
2025-05-19 19:37:25,843 - Worker-20403060 - PlaylistPlayer.2040306023079114 - DEBUG - Intentando con comando dumpsys (1): adb -s 2040306023079114 shell dumpsys activity top
2025-05-19 19:37:27,487 - Worker-20403060 - PlaylistPlayer.2040306023079114 - WARNING - Spotify NO parece estar en primer plano.
2025-05-19 19:37:27,488 - Worker-20403060 - PlaylistPlayer.2040306023079114 - DEBUG - Capturando pantalla en C:\Users\def\Documents\OTWMusicSystem_Final\OTWMusicSystem_Final\otw_project\OTW_MUSIC_SYSTEM\screenshots\2040306023079114\spotify_not_foreground_screenshot_2040306023079114_20250519_193727487836.png
2025-05-19 19:37:28,163 - Worker-20403060 - PlaylistPlayer.2040306023079114 - INFO - Captura de pantalla guardada: C:\Users\def\Documents\OTWMusicSystem_Final\OTWMusicSystem_Final\otw_project\OTW_MUSIC_SYSTEM\screenshots\2040306023079114\spotify_not_foreground_screenshot_2040306023079114_20250519_193727487836.png
2025-05-19 19:37:28,164 - Worker-20403060 - PlaylistPlayer.2040306023079114 - WARNING - Spotify no en primer plano tras abrir https://open.spotify.com/playlist/5XrvAtxjUWcbTNgLHc9hz2?si=8J8GtCkARCaiIlIOWzgMnA.
2025-05-19 19:37:28,164 - Worker-20403060 - PlaylistPlayer.2040306023079114 - DEBUG - Capturando pantalla en C:\Users\def\Documents\OTWMusicSystem_Final\OTWMusicSystem_Final\otw_project\OTW_MUSIC_SYSTEM\screenshots\2040306023079114\spotify_not_fg_screenshot_2040306023079114_20250519_193728164189.png
2025-05-19 19:37:28,820 - Worker-20403060 - PlaylistPlayer.2040306023079114 - INFO - Captura de pantalla guardada: C:\Users\def\Documents\OTWMusicSystem_Final\OTWMusicSystem_Final\otw_project\OTW_MUSIC_SYSTEM\screenshots\2040306023079114\spotify_not_fg_screenshot_2040306023079114_20250519_193728164189.png
2025-05-19 19:37:40,867 - Worker-20403060 - PlaylistPlayer.2040306023079114 - INFO - Intentando abrir URL: https://open.spotify.com/playlist/5XrvAtxjUWcbTNgLHc9hz2?si=8J8GtCkARCaiIlIOWzgMnA (Intento 2/3)
2025-05-19 19:37:40,868 - Worker-20403060 - PlaylistPlayer.2040306023079114 - DEBUG - Forzando detención de Spotify (com.spotify.music).
2025-05-19 19:37:43,209 - Worker-20403060 - PlaylistPlayer.2040306023079114 - DEBUG - Presionando HOME.
2025-05-19 19:37:46,521 - Worker-20403060 - PlaylistPlayer.2040306023079114 - DEBUG - Ejecutando ADB intent para URL: https://open.spotify.com/playlist/5XrvAtxjUWcbTNgLHc9hz2?si=8J8GtCkARCaiIlIOWzgMnA
2025-05-19 19:37:49,725 - Worker-20403060 - PlaylistPlayer.2040306023079114 - DEBUG - Resultado ADB: stdout='Starting: Intent { act=android.intent.action.VIEW dat=https://open.spotify.com/... flg=0x10008000 }', stderr=''
2025-05-19 19:37:53,208 - Worker-20403060 - PlaylistPlayer.2040306023079114 - DEBUG - Esperando app estabilice...
2025-05-19 19:38:02,354 - Worker-20403060 - PlaylistPlayer.2040306023079114 - DEBUG - Verificando diálogo 'Abrir con'...
2025-05-19 19:38:30,587 - Worker-20403060 - PlaylistPlayer.2040306023079114 - DEBUG - No se detectó diálogo 'Abrir con' explícito.
2025-05-19 19:38:30,587 - Worker-20403060 - PlaylistPlayer.2040306023079114 - DEBUG - No se manejó diálogo 'Abrir con'.
2025-05-19 19:38:30,587 - Worker-20403060 - PlaylistPlayer.2040306023079114 - DEBUG - Verificando si Spotify está en primer plano...
2025-05-19 19:38:30,588 - Worker-20403060 - PlaylistPlayer.2040306023079114 - DEBUG - Intentando con comando dumpsys (1): adb -s 2040306023079114 shell dumpsys activity top
2025-05-19 19:38:31,479 - Worker-20403060 - PlaylistPlayer.2040306023079114 - WARNING - Spotify NO parece estar en primer plano.
2025-05-19 19:38:31,479 - Worker-20403060 - PlaylistPlayer.2040306023079114 - DEBUG - Capturando pantalla en C:\Users\def\Documents\OTWMusicSystem_Final\OTWMusicSystem_Final\otw_project\OTW_MUSIC_SYSTEM\screenshots\2040306023079114\spotify_not_foreground_screenshot_2040306023079114_20250519_193831479420.png
2025-05-19 19:38:32,844 - Worker-20403060 - PlaylistPlayer.2040306023079114 - INFO - Captura de pantalla guardada: C:\Users\def\Documents\OTWMusicSystem_Final\OTWMusicSystem_Final\otw_project\OTW_MUSIC_SYSTEM\screenshots\2040306023079114\spotify_not_foreground_screenshot_2040306023079114_20250519_193831479420.png
2025-05-19 19:38:32,844 - Worker-20403060 - PlaylistPlayer.2040306023079114 - WARNING - Spotify no en primer plano tras abrir https://open.spotify.com/playlist/5XrvAtxjUWcbTNgLHc9hz2?si=8J8GtCkARCaiIlIOWzgMnA.
2025-05-19 19:38:32,844 - Worker-20403060 - PlaylistPlayer.2040306023079114 - DEBUG - Capturando pantalla en C:\Users\def\Documents\OTWMusicSystem_Final\OTWMusicSystem_Final\otw_project\OTW_MUSIC_SYSTEM\screenshots\2040306023079114\spotify_not_fg_screenshot_2040306023079114_20250519_193832844226.png
2025-05-19 19:38:33,184 - Worker-20403060 - PlaylistPlayer.2040306023079114 - INFO - Captura de pantalla guardada: C:\Users\def\Documents\OTWMusicSystem_Final\OTWMusicSystem_Final\otw_project\OTW_MUSIC_SYSTEM\screenshots\2040306023079114\spotify_not_fg_screenshot_2040306023079114_20250519_193832844226.png
2025-05-19 19:38:44,272 - Worker-20403060 - PlaylistPlayer.2040306023079114 - INFO - Intentando abrir URL: https://open.spotify.com/playlist/5XrvAtxjUWcbTNgLHc9hz2?si=8J8GtCkARCaiIlIOWzgMnA (Intento 3/3)
2025-05-19 19:38:44,272 - Worker-20403060 - PlaylistPlayer.2040306023079114 - DEBUG - Forzando detención de Spotify (com.spotify.music).
2025-05-19 19:38:46,103 - Worker-20403060 - PlaylistPlayer.2040306023079114 - DEBUG - Presionando HOME.
2025-05-19 19:38:48,981 - Worker-20403060 - PlaylistPlayer.2040306023079114 - DEBUG - Ejecutando ADB intent para URL: https://open.spotify.com/playlist/5XrvAtxjUWcbTNgLHc9hz2?si=8J8GtCkARCaiIlIOWzgMnA
2025-05-19 19:38:51,037 - Worker-20403060 - PlaylistPlayer.2040306023079114 - DEBUG - Resultado ADB: stdout='Starting: Intent { act=android.intent.action.VIEW dat=https://open.spotify.com/... flg=0x10008000 }', stderr=''
2025-05-19 19:38:54,572 - Worker-20403060 - PlaylistPlayer.2040306023079114 - DEBUG - Esperando app estabilice...
2025-05-19 19:39:05,364 - Worker-20403060 - PlaylistPlayer.2040306023079114 - DEBUG - Verificando diálogo 'Abrir con'...
2025-05-19 19:39:13,116 - Worker-20403060 - PlaylistPlayer.2040306023079114 - DEBUG - No se detectó diálogo 'Abrir con' explícito.
2025-05-19 19:39:13,116 - Worker-20403060 - PlaylistPlayer.2040306023079114 - DEBUG - No se manejó diálogo 'Abrir con'.
2025-05-19 19:39:13,116 - Worker-20403060 - PlaylistPlayer.2040306023079114 - DEBUG - Verificando si Spotify está en primer plano...
2025-05-19 19:39:13,116 - Worker-20403060 - PlaylistPlayer.2040306023079114 - DEBUG - Intentando con comando dumpsys (1): adb -s 2040306023079114 shell dumpsys activity top
2025-05-19 19:39:19,678 - Worker-20403060 - PlaylistPlayer.2040306023079114 - WARNING - Spotify NO parece estar en primer plano.
2025-05-19 19:39:19,683 - Worker-20403060 - PlaylistPlayer.2040306023079114 - DEBUG - Capturando pantalla en C:\Users\def\Documents\OTWMusicSystem_Final\OTWMusicSystem_Final\otw_project\OTW_MUSIC_SYSTEM\screenshots\2040306023079114\spotify_not_foreground_screenshot_2040306023079114_20250519_193919682868.png
2025-05-19 19:39:20,180 - Worker-20403060 - PlaylistPlayer.2040306023079114 - INFO - Captura de pantalla guardada: C:\Users\def\Documents\OTWMusicSystem_Final\OTWMusicSystem_Final\otw_project\OTW_MUSIC_SYSTEM\screenshots\2040306023079114\spotify_not_foreground_screenshot_2040306023079114_20250519_193919682868.png
2025-05-19 19:39:20,191 - Worker-20403060 - PlaylistPlayer.2040306023079114 - WARNING - Spotify no en primer plano tras abrir https://open.spotify.com/playlist/5XrvAtxjUWcbTNgLHc9hz2?si=8J8GtCkARCaiIlIOWzgMnA.
2025-05-19 19:39:20,191 - Worker-20403060 - PlaylistPlayer.2040306023079114 - DEBUG - Capturando pantalla en C:\Users\def\Documents\OTWMusicSystem_Final\OTWMusicSystem_Final\otw_project\OTW_MUSIC_SYSTEM\screenshots\2040306023079114\spotify_not_fg_screenshot_2040306023079114_20250519_193920191267.png
2025-05-19 19:39:20,882 - Worker-20403060 - PlaylistPlayer.2040306023079114 - INFO - Captura de pantalla guardada: C:\Users\def\Documents\OTWMusicSystem_Final\OTWMusicSystem_Final\otw_project\OTW_MUSIC_SYSTEM\screenshots\2040306023079114\spotify_not_fg_screenshot_2040306023079114_20250519_193920191267.png
2025-05-19 19:39:28,148 - Worker-20403060 - PlaylistPlayer.2040306023079114 - INFO - Intentando abrir URL: https://open.spotify.com/playlist/5XrvAtxjUWcbTNgLHc9hz2?si=8J8GtCkARCaiIlIOWzgMnA (Intento 4/3)
2025-05-19 19:39:28,148 - Worker-20403060 - PlaylistPlayer.2040306023079114 - ERROR - Máximos reintentos para URL https://open.spotify.com/playlist/5XrvAtxjUWcbTNgLHc9hz2?si=8J8GtCkARCaiIlIOWzgMnA
2025-05-19 19:39:28,149 - Worker-20403060 - PlaylistPlayer.2040306023079114 - DEBUG - Capturando pantalla en C:\Users\def\Documents\OTWMusicSystem_Final\OTWMusicSystem_Final\otw_project\OTW_MUSIC_SYSTEM\screenshots\2040306023079114\open_url_max_retries_screenshot_2040306023079114_20250519_193928149407.png
2025-05-19 19:39:28,499 - Worker-20403060 - PlaylistPlayer.2040306023079114 - INFO - Captura de pantalla guardada: C:\Users\def\Documents\OTWMusicSystem_Final\OTWMusicSystem_Final\otw_project\OTW_MUSIC_SYSTEM\screenshots\2040306023079114\open_url_max_retries_screenshot_2040306023079114_20250519_193928149407.png
2025-05-19 19:39:28,500 - Worker-20403060 - PlaylistPlayer.2040306023079114 - ERROR - No se pudo abrir playlist https://open.spotify.com/playlist/5XrvAtxjUWcbTNgLHc9hz2?si=8J8GtCkARCaiIlIOWzgMnA.
2025-05-19 19:39:39,635 - Worker-20403060 - PlaylistPlayer.2040306023079114 - INFO - Saltando Fase 2 (Visita a Artista).
2025-05-19 19:39:39,635 - Worker-20403060 - PlaylistPlayer.2040306023079114 - INFO - Saltando Fase 3 (Tracks Individuales).
2025-05-19 19:39:39,635 - Worker-20403060 - PlaylistPlayer.2040306023079114 - INFO - Ciclo #1 completado. Pausa larga de 34.6s.
2025-05-19 19:40:14,342 - Worker-20403060 - PlaylistPlayer.2040306023079114 - INFO - --- Iniciando CICLO DE VIDA DE INTERACCIÓN #2 ---
2025-05-19 19:40:14,343 - Worker-20403060 - PlaylistPlayer.2040306023079114 - INFO - Fase 1: Playlist Inicial.
2025-05-19 19:40:14,343 - Worker-20403060 - PlaylistPlayer.2040306023079114 - INFO - Iniciando PLAYLIST: https://open.spotify.com/playlist/5XrvAtxjUWcbTNgLHc9hz2?si=8J8GtCkARCaiIlIOWzgMnA por ~32 min.
2025-05-19 19:40:14,343 - Worker-20403060 - PlaylistPlayer.2040306023079114 - INFO - Intentando abrir URL: https://open.spotify.com/playlist/5XrvAtxjUWcbTNgLHc9hz2?si=8J8GtCkARCaiIlIOWzgMnA (Intento 1/3)
2025-05-19 19:40:14,343 - Worker-20403060 - PlaylistPlayer.2040306023079114 - DEBUG - Forzando detención de Spotify (com.spotify.music).
2025-05-19 19:40:15,870 - Worker-20403060 - PlaylistPlayer.2040306023079114 - DEBUG - Presionando HOME.
2025-05-19 19:40:18,577 - Worker-20403060 - PlaylistPlayer.2040306023079114 - DEBUG - Ejecutando ADB intent para URL: https://open.spotify.com/playlist/5XrvAtxjUWcbTNgLHc9hz2?si=8J8GtCkARCaiIlIOWzgMnA
2025-05-19 19:40:21,612 - Worker-20403060 - PlaylistPlayer.2040306023079114 - DEBUG - Resultado ADB: stdout='Starting: Intent { act=android.intent.action.VIEW dat=https://open.spotify.com/... flg=0x10008000 }', stderr=''
2025-05-19 19:40:25,604 - Worker-20403060 - PlaylistPlayer.2040306023079114 - DEBUG - Esperando app estabilice...
2025-05-19 19:40:38,848 - Worker-20403060 - PlaylistPlayer.2040306023079114 - DEBUG - Verificando diálogo 'Abrir con'...
2025-05-19 19:41:05,466 - Worker-20403060 - PlaylistPlayer.2040306023079114 - DEBUG - No se detectó diálogo 'Abrir con' explícito.
2025-05-19 19:41:05,466 - Worker-20403060 - PlaylistPlayer.2040306023079114 - DEBUG - No se manejó diálogo 'Abrir con'.
2025-05-19 19:41:05,466 - Worker-20403060 - PlaylistPlayer.2040306023079114 - DEBUG - Verificando si Spotify está en primer plano...
2025-05-19 19:41:05,466 - Worker-20403060 - PlaylistPlayer.2040306023079114 - DEBUG - Intentando con comando dumpsys (1): adb -s 2040306023079114 shell dumpsys activity top
2025-05-19 19:41:07,518 - Worker-20403060 - PlaylistPlayer.2040306023079114 - WARNING - Spotify NO parece estar en primer plano.
2025-05-19 19:41:07,519 - Worker-20403060 - PlaylistPlayer.2040306023079114 - DEBUG - Capturando pantalla en C:\Users\def\Documents\OTWMusicSystem_Final\OTWMusicSystem_Final\otw_project\OTW_MUSIC_SYSTEM\screenshots\2040306023079114\spotify_not_foreground_screenshot_2040306023079114_20250519_194107519259.png
2025-05-19 19:41:08,789 - Worker-20403060 - PlaylistPlayer.2040306023079114 - INFO - Captura de pantalla guardada: C:\Users\def\Documents\OTWMusicSystem_Final\OTWMusicSystem_Final\otw_project\OTW_MUSIC_SYSTEM\screenshots\2040306023079114\spotify_not_foreground_screenshot_2040306023079114_20250519_194107519259.png
2025-05-19 19:41:08,789 - Worker-20403060 - PlaylistPlayer.2040306023079114 - WARNING - Spotify no en primer plano tras abrir https://open.spotify.com/playlist/5XrvAtxjUWcbTNgLHc9hz2?si=8J8GtCkARCaiIlIOWzgMnA.
2025-05-19 19:41:08,790 - Worker-20403060 - PlaylistPlayer.2040306023079114 - DEBUG - Capturando pantalla en C:\Users\def\Documents\OTWMusicSystem_Final\OTWMusicSystem_Final\otw_project\OTW_MUSIC_SYSTEM\screenshots\2040306023079114\spotify_not_fg_screenshot_2040306023079114_20250519_194108789524.png
2025-05-19 19:41:08,973 - Worker-20403060 - PlaylistPlayer.2040306023079114 - INFO - Captura de pantalla guardada: C:\Users\def\Documents\OTWMusicSystem_Final\OTWMusicSystem_Final\otw_project\OTW_MUSIC_SYSTEM\screenshots\2040306023079114\spotify_not_fg_screenshot_2040306023079114_20250519_194108789524.png
2025-05-19 19:41:20,318 - Worker-20403060 - PlaylistPlayer.2040306023079114 - INFO - Intentando abrir URL: https://open.spotify.com/playlist/5XrvAtxjUWcbTNgLHc9hz2?si=8J8GtCkARCaiIlIOWzgMnA (Intento 2/3)
2025-05-19 19:41:20,318 - Worker-20403060 - PlaylistPlayer.2040306023079114 - DEBUG - Forzando detención de Spotify (com.spotify.music).
2025-05-19 19:41:22,052 - Worker-20403060 - PlaylistPlayer.2040306023079114 - DEBUG - Presionando HOME.
2025-05-19 19:41:25,389 - Worker-20403060 - PlaylistPlayer.2040306023079114 - DEBUG - Ejecutando ADB intent para URL: https://open.spotify.com/playlist/5XrvAtxjUWcbTNgLHc9hz2?si=8J8GtCkARCaiIlIOWzgMnA
2025-05-19 19:41:28,188 - Worker-20403060 - PlaylistPlayer.2040306023079114 - DEBUG - Resultado ADB: stdout='Starting: Intent { act=android.intent.action.VIEW dat=https://open.spotify.com/... flg=0x10008000 }', stderr=''
2025-05-19 19:41:31,202 - Worker-20403060 - PlaylistPlayer.2040306023079114 - DEBUG - Esperando app estabilice...
2025-05-19 19:41:43,188 - Worker-20403060 - PlaylistPlayer.2040306023079114 - DEBUG - Verificando diálogo 'Abrir con'...
