2025-05-19 18:46:47,552 - Worker-20403060 - PlaylistPlayer.2040306023079114 - INFO - Worker thread INICIADO. Logs en: C:\Users\def\Documents\OTWMusicSystem_Final\OTWMusicSystem_Final\otw_project\OTW_MUSIC_SYSTEM\logs\2040306023079114\playlist_player_20250519_184647.log
2025-05-19 18:46:47,552 - Worker-20403060 - PlaylistPlayer.2040306023079114 - INFO - Personalidad Creada (SLOW_MODE_FACTOR=1.75): ShortTimeout=13.7s, ActionDelay=[10.4-14.7]s, ShortPause=[33.9-63.0]s, MinTrackT=56s, MaxTrackT=154s, MinContentT=6m, MaxContentT=6m
2025-05-19 18:46:47,552 - Worker-20403060 - PlaylistPlayer.2040306023079114 - INFO - Intentando conectar a uiautomator2 (intento 1/3)...
2025-05-19 18:46:53,241 - Worker-20403060 - PlaylistPlayer.2040306023079114 - INFO - Conectado (Device: Studio_X5_Max, Android: N/A).
2025-05-19 18:46:54,052 - Worker-20403060 - PlaylistPlayer.2040306023079114 - INFO - Spotify (com.spotify.music v9.0.36.484) está instalado.
2025-05-19 18:46:54,052 - Worker-20403060 - PlaylistPlayer.2040306023079114 - INFO - Configuración inicial (kill Spotify y volver a Home).
2025-05-19 18:46:54,052 - Worker-20403060 - PlaylistPlayer.2040306023079114 - WARNING - Advertencia durante configuración inicial: 'Device' object has no attribute 'app_kill'
2025-05-19 18:46:54,052 - Worker-20403060 - PlaylistPlayer.2040306023079114 - DEBUG - Capturando pantalla en C:\Users\def\Documents\OTWMusicSystem_Final\OTWMusicSystem_Final\otw_project\OTW_MUSIC_SYSTEM\screenshots\2040306023079114\initial_setup_warn_screenshot_2040306023079114_20250519_184654052259.png
2025-05-19 18:46:56,364 - Worker-20403060 - PlaylistPlayer.2040306023079114 - INFO - Captura de pantalla guardada: C:\Users\def\Documents\OTWMusicSystem_Final\OTWMusicSystem_Final\otw_project\OTW_MUSIC_SYSTEM\screenshots\2040306023079114\initial_setup_warn_screenshot_2040306023079114_20250519_184654052259.png
2025-05-19 18:46:56,364 - Worker-20403060 - PlaylistPlayer.2040306023079114 - INFO - --- Iniciando Sesión de Interacción #1 ---
2025-05-19 18:46:56,364 - Worker-20403060 - PlaylistPlayer.2040306023079114 - INFO - Selección: Link (track) -> https://open.spotify.com/track/6Y0w8CCEPdWEVjfocrSc2W?si=afeb0531249a4ce2
2025-05-19 18:46:56,364 - Worker-20403060 - PlaylistPlayer.2040306023079114 - INFO - Iniciando interacción con TRACK: https://open.spotify.com/track/6Y0w8CCEPdWEVjfocrSc2W?si=afeb0531249a4ce2
2025-05-19 18:46:56,364 - Worker-20403060 - PlaylistPlayer.2040306023079114 - INFO - Intentando abrir URL: https://open.spotify.com/track/6Y0w8CCEPdWEVjfocrSc2W?si=afeb0531249a4ce2 (Intento 1/3)
2025-05-19 18:46:56,364 - Worker-20403060 - PlaylistPlayer.2040306023079114 - DEBUG - Forzando detención de Spotify (com.spotify.music) antes de abrir URL.
2025-05-19 18:46:57,985 - Worker-20403060 - PlaylistPlayer.2040306023079114 - DEBUG - Presionando HOME.
2025-05-19 18:47:01,668 - Worker-20403060 - PlaylistPlayer.2040306023079114 - DEBUG - Ejecutando ADB intent para URL: https://open.spotify.com/track/6Y0w8CCEPdWEVjfocrSc2W?si=afeb0531249a4ce2
2025-05-19 18:47:03,573 - Worker-20403060 - PlaylistPlayer.2040306023079114 - DEBUG - Resultado ADB 'am start': stdout='Starting: Intent { act=android.intent.action.VIEW dat=https://open.spotify.com/... flg=0x10008000 }', stderr=''
2025-05-19 18:47:07,117 - Worker-20403060 - PlaylistPlayer.2040306023079114 - DEBUG - Esperando que la app se abra y estabilice...
2025-05-19 18:47:19,846 - Worker-20403060 - PlaylistPlayer.2040306023079114 - DEBUG - Verificando diálogo 'Abrir con'...
2025-05-19 18:48:00,783 - Worker-20403060 - PlaylistPlayer.2040306023079114 - DEBUG - No se detectó diálogo 'Abrir con' explícito.
2025-05-19 18:48:00,784 - Worker-20403060 - PlaylistPlayer.2040306023079114 - DEBUG - No se manejó el diálogo 'Abrir con' o no apareció.
2025-05-19 18:48:00,784 - Worker-20403060 - PlaylistPlayer.2040306023079114 - DEBUG - Verificando si Spotify está en primer plano...
2025-05-19 18:48:00,785 - Worker-20403060 - PlaylistPlayer.2040306023079114 - DEBUG - Intentando con comando dumpsys (1): adb -s 2040306023079114 shell dumpsys activity top
2025-05-19 18:48:01,887 - Worker-20403060 - PlaylistPlayer.2040306023079114 - WARNING - Spotify NO parece estar en primer plano según dumpsys.
2025-05-19 18:48:01,888 - Worker-20403060 - PlaylistPlayer.2040306023079114 - DEBUG - Capturando pantalla en C:\Users\def\Documents\OTWMusicSystem_Final\OTWMusicSystem_Final\otw_project\OTW_MUSIC_SYSTEM\screenshots\2040306023079114\spotify_not_foreground_screenshot_2040306023079114_20250519_184801888386.png
2025-05-19 18:48:05,684 - Worker-20403060 - PlaylistPlayer.2040306023079114 - INFO - Captura de pantalla guardada: C:\Users\def\Documents\OTWMusicSystem_Final\OTWMusicSystem_Final\otw_project\OTW_MUSIC_SYSTEM\screenshots\2040306023079114\spotify_not_foreground_screenshot_2040306023079114_20250519_184801888386.png
2025-05-19 18:48:05,684 - Worker-20403060 - PlaylistPlayer.2040306023079114 - WARNING - Spotify no detectado en primer plano después de abrir https://open.spotify.com/track/6Y0w8CCEPdWEVjfocrSc2W?si=afeb0531249a4ce2.
2025-05-19 18:48:05,685 - Worker-20403060 - PlaylistPlayer.2040306023079114 - DEBUG - Capturando pantalla en C:\Users\def\Documents\OTWMusicSystem_Final\OTWMusicSystem_Final\otw_project\OTW_MUSIC_SYSTEM\screenshots\2040306023079114\spotify_not_fg_after_open_6Y0w8CCEPdWEVjfocrSc2W?si=afeb0531249a4ce2_screenshot_2040306023079114_20250519_184805684889.png
2025-05-19 18:48:05,920 - Worker-20403060 - PlaylistPlayer.2040306023079114 - ERROR - Error al capturar pantalla: [Errno 22] Invalid argument: 'C:\\Users\\def\\Documents\\OTWMusicSystem_Final\\OTWMusicSystem_Final\\otw_project\\OTW_MUSIC_SYSTEM\\screenshots\\2040306023079114\\spotify_not_fg_after_open_6Y0w8CCEPdWEVjfocrSc2W?si=afeb0531249a4ce2_screenshot_2040306023079114_20250519_184805684889.png'
2025-05-19 18:48:05,920 - Worker-20403060 - PlaylistPlayer.2040306023079114 - INFO - Pausa antes de reintentar apertura de URL debido a no foreground.
2025-05-19 18:48:15,695 - Worker-20403060 - PlaylistPlayer.2040306023079114 - INFO - Intentando abrir URL: https://open.spotify.com/track/6Y0w8CCEPdWEVjfocrSc2W?si=afeb0531249a4ce2 (Intento 2/3)
2025-05-19 18:48:15,695 - Worker-20403060 - PlaylistPlayer.2040306023079114 - DEBUG - Forzando detención de Spotify (com.spotify.music) antes de abrir URL.
2025-05-19 18:48:17,860 - Worker-20403060 - PlaylistPlayer.2040306023079114 - DEBUG - Presionando HOME.
2025-05-19 18:48:20,454 - Worker-20403060 - PlaylistPlayer.2040306023079114 - DEBUG - Ejecutando ADB intent para URL: https://open.spotify.com/track/6Y0w8CCEPdWEVjfocrSc2W?si=afeb0531249a4ce2
2025-05-19 18:48:23,701 - Worker-20403060 - PlaylistPlayer.2040306023079114 - DEBUG - Resultado ADB 'am start': stdout='Starting: Intent { act=android.intent.action.VIEW dat=https://open.spotify.com/... flg=0x10008000 }', stderr=''
2025-05-19 18:48:27,246 - Worker-20403060 - PlaylistPlayer.2040306023079114 - DEBUG - Esperando que la app se abra y estabilice...
2025-05-19 18:48:37,659 - Worker-20403060 - PlaylistPlayer.2040306023079114 - DEBUG - Verificando diálogo 'Abrir con'...
2025-05-19 18:49:12,653 - Worker-20403060 - PlaylistPlayer.2040306023079114 - DEBUG - No se detectó diálogo 'Abrir con' explícito.
2025-05-19 18:49:12,653 - Worker-20403060 - PlaylistPlayer.2040306023079114 - DEBUG - No se manejó el diálogo 'Abrir con' o no apareció.
2025-05-19 18:49:12,654 - Worker-20403060 - PlaylistPlayer.2040306023079114 - DEBUG - Verificando si Spotify está en primer plano...
2025-05-19 18:49:12,654 - Worker-20403060 - PlaylistPlayer.2040306023079114 - DEBUG - Intentando con comando dumpsys (1): adb -s 2040306023079114 shell dumpsys activity top
2025-05-19 18:49:13,826 - Worker-20403060 - PlaylistPlayer.2040306023079114 - WARNING - Spotify NO parece estar en primer plano según dumpsys.
2025-05-19 18:49:13,827 - Worker-20403060 - PlaylistPlayer.2040306023079114 - DEBUG - Capturando pantalla en C:\Users\def\Documents\OTWMusicSystem_Final\OTWMusicSystem_Final\otw_project\OTW_MUSIC_SYSTEM\screenshots\2040306023079114\spotify_not_foreground_screenshot_2040306023079114_20250519_184913826807.png
2025-05-19 18:49:15,160 - Worker-20403060 - PlaylistPlayer.2040306023079114 - INFO - Captura de pantalla guardada: C:\Users\def\Documents\OTWMusicSystem_Final\OTWMusicSystem_Final\otw_project\OTW_MUSIC_SYSTEM\screenshots\2040306023079114\spotify_not_foreground_screenshot_2040306023079114_20250519_184913826807.png
2025-05-19 18:49:15,160 - Worker-20403060 - PlaylistPlayer.2040306023079114 - WARNING - Spotify no detectado en primer plano después de abrir https://open.spotify.com/track/6Y0w8CCEPdWEVjfocrSc2W?si=afeb0531249a4ce2.
2025-05-19 18:49:15,161 - Worker-20403060 - PlaylistPlayer.2040306023079114 - DEBUG - Capturando pantalla en C:\Users\def\Documents\OTWMusicSystem_Final\OTWMusicSystem_Final\otw_project\OTW_MUSIC_SYSTEM\screenshots\2040306023079114\spotify_not_fg_after_open_6Y0w8CCEPdWEVjfocrSc2W?si=afeb0531249a4ce2_screenshot_2040306023079114_20250519_184915161052.png
2025-05-19 18:49:15,288 - Worker-20403060 - PlaylistPlayer.2040306023079114 - ERROR - Error al capturar pantalla: [Errno 22] Invalid argument: 'C:\\Users\\def\\Documents\\OTWMusicSystem_Final\\OTWMusicSystem_Final\\otw_project\\OTW_MUSIC_SYSTEM\\screenshots\\2040306023079114\\spotify_not_fg_after_open_6Y0w8CCEPdWEVjfocrSc2W?si=afeb0531249a4ce2_screenshot_2040306023079114_20250519_184915161052.png'
2025-05-19 18:49:15,289 - Worker-20403060 - PlaylistPlayer.2040306023079114 - INFO - Pausa antes de reintentar apertura de URL debido a no foreground.
2025-05-19 18:49:23,296 - Worker-20403060 - PlaylistPlayer.2040306023079114 - INFO - Intentando abrir URL: https://open.spotify.com/track/6Y0w8CCEPdWEVjfocrSc2W?si=afeb0531249a4ce2 (Intento 3/3)
2025-05-19 18:49:23,296 - Worker-20403060 - PlaylistPlayer.2040306023079114 - DEBUG - Forzando detención de Spotify (com.spotify.music) antes de abrir URL.
2025-05-19 18:49:25,321 - Worker-20403060 - PlaylistPlayer.2040306023079114 - DEBUG - Presionando HOME.
2025-05-19 18:49:28,560 - Worker-20403060 - PlaylistPlayer.2040306023079114 - DEBUG - Ejecutando ADB intent para URL: https://open.spotify.com/track/6Y0w8CCEPdWEVjfocrSc2W?si=afeb0531249a4ce2
2025-05-19 18:49:32,064 - Worker-20403060 - PlaylistPlayer.2040306023079114 - DEBUG - Resultado ADB 'am start': stdout='Starting: Intent { act=android.intent.action.VIEW dat=https://open.spotify.com/... flg=0x10008000 }', stderr=''
2025-05-19 18:49:35,447 - Worker-20403060 - PlaylistPlayer.2040306023079114 - DEBUG - Esperando que la app se abra y estabilice...
2025-05-19 18:49:44,970 - Worker-20403060 - PlaylistPlayer.2040306023079114 - DEBUG - Verificando diálogo 'Abrir con'...
