2025-05-19 22:13:15,030 - Worker-20403060 - PlaylistPlayer.2040306023079114 - INFO - Worker thread INICIADO. Logs en: C:\Users\def\Documents\OTWMusicSystem_Final\OTWMusicSystem_Final\otw_project\OTW_MUSIC_SYSTEM\logs\2040306023079114\playlist_player_20250519_221315.log
2025-05-19 22:13:15,031 - Worker-20403060 - PlaylistPlayer.2040306023079114 - INFO - Personalidad Creada (SLOW_MODE_FACTOR=1.75):
  TotalSessionDur: [45-150]m
  InitPlaylistDur: [30-120]m
  ArtistPlayDur: [10-30]m, Songs: [3-6]
  TrackSessionDur: [25-70]m, SingleTrack: [65-135]s
  Probs: LikePlaylist=0.93, Shuffle=0.87, SwitchPlaylist=0.54
  VisitArtist=0.65, FollowArtist=0.95, ExploreTracks=0.42, Search=0.09
2025-05-19 22:13:15,032 - Worker-20403060 - PlaylistPlayer.2040306023079114 - INFO - Conectando uiautomator2 (intento 1/3)...
2025-05-19 22:13:18,053 - Worker-20403060 - PlaylistPlayer.2040306023079114 - INFO - Conectado (Device: Studio_X5_Max, Android: N/A).
2025-05-19 22:13:18,254 - Worker-20403060 - PlaylistPlayer.2040306023079114 - INFO - Spotify (com.spotify.music v9.0.36.484) instalado.
2025-05-19 22:13:18,254 - Worker-20403060 - PlaylistPlayer.2040306023079114 - INFO - Setup inicial (kill Spotify, home).
2025-05-19 22:13:18,254 - Worker-20403060 - PlaylistPlayer.2040306023079114 - WARNING - Advertencia setup inicial: 'Device' object has no attribute 'app_kill'
2025-05-19 22:13:18,254 - Worker-20403060 - PlaylistPlayer.2040306023079114 - DEBUG - Capturando pantalla en C:\Users\def\Documents\OTWMusicSystem_Final\OTWMusicSystem_Final\otw_project\OTW_MUSIC_SYSTEM\screenshots\2040306023079114\init_setup_warn_screenshot_2040306023079114_20250519_221318254293.png
2025-05-19 22:13:19,292 - Worker-20403060 - PlaylistPlayer.2040306023079114 - INFO - Captura de pantalla guardada: C:\Users\def\Documents\OTWMusicSystem_Final\OTWMusicSystem_Final\otw_project\OTW_MUSIC_SYSTEM\screenshots\2040306023079114\init_setup_warn_screenshot_2040306023079114_20250519_221318254293.png
2025-05-19 22:13:19,293 - Worker-20403060 - PlaylistPlayer.2040306023079114 - INFO - --- Iniciando GRAN SESIÓN DE ESCUCHA #1 (Duración objetivo: ~134.0 min) ---
2025-05-19 22:13:19,293 - Worker-20403060 - PlaylistPlayer.2040306023079114 - INFO - Fase 1: Reproducción de Playlist Inicial Larga.
2025-05-19 22:13:19,293 - Worker-20403060 - PlaylistPlayer.2040306023079114 - INFO - Iniciando PLAYLIST: https://open.spotify.com/playlist/5XrvAtxjUWcbTNgLHc9hz2?si=8J8GtCkARCaiIlIOWzgMnA por ~85 min.
2025-05-19 22:13:19,293 - Worker-20403060 - PlaylistPlayer.2040306023079114 - INFO - Intentando abrir URL: https://open.spotify.com/playlist/5XrvAtxjUWcbTNgLHc9hz2?si=8J8GtCkARCaiIlIOWzgMnA (Intento 1/3)
2025-05-19 22:13:19,293 - Worker-20403060 - PlaylistPlayer.2040306023079114 - DEBUG - Forzando detención de Spotify (com.spotify.music).
2025-05-19 22:13:20,664 - Worker-20403060 - PlaylistPlayer.2040306023079114 - DEBUG - Presionando HOME.
2025-05-19 22:13:23,298 - Worker-20403060 - PlaylistPlayer.2040306023079114 - DEBUG - Ejecutando ADB intent para URL: https://open.spotify.com/playlist/5XrvAtxjUWcbTNgLHc9hz2?si=8J8GtCkARCaiIlIOWzgMnA
2025-05-19 22:13:25,736 - Worker-20403060 - PlaylistPlayer.2040306023079114 - DEBUG - Resultado ADB: stdout='Starting: Intent { act=android.intent.action.VIEW dat=https://open.spotify.com/... flg=0x10008000 }', stderr=''
2025-05-19 22:13:28,398 - Worker-20403060 - PlaylistPlayer.2040306023079114 - DEBUG - Esperando app estabilice...
2025-05-19 22:13:40,461 - Worker-20403060 - PlaylistPlayer.2040306023079114 - DEBUG - Verificando diálogo 'Abrir con'...
2025-05-19 22:13:45,319 - Worker-20403060 - PlaylistPlayer.2040306023079114 - INFO - Diálogo 'Abrir con' o similar detectado.
2025-05-19 22:13:45,321 - Worker-20403060 - PlaylistPlayer.2040306023079114 - DEBUG - Capturando pantalla en C:\Users\def\Documents\OTWMusicSystem_Final\OTWMusicSystem_Final\otw_project\OTW_MUSIC_SYSTEM\screenshots\2040306023079114\open_with_dialog_screenshot_2040306023079114_20250519_221345320693.png
2025-05-19 22:13:46,012 - Worker-20403060 - PlaylistPlayer.2040306023079114 - INFO - Captura de pantalla guardada: C:\Users\def\Documents\OTWMusicSystem_Final\OTWMusicSystem_Final\otw_project\OTW_MUSIC_SYSTEM\screenshots\2040306023079114\open_with_dialog_screenshot_2040306023079114_20250519_221345320693.png
2025-05-19 22:13:51,902 - Worker-20403060 - PlaylistPlayer.2040306023079114 - INFO - Clickeado 'Spotify (general)'.
2025-05-19 22:14:10,958 - Worker-20403060 - PlaylistPlayer.2040306023079114 - INFO - Spotify seleccionado, pero botón confirmación no encontrado/clickeado.
2025-05-19 22:14:10,959 - Worker-20403060 - PlaylistPlayer.2040306023079114 - INFO - Diálogo 'Abrir con' manejado.
2025-05-19 22:14:14,882 - Worker-20403060 - PlaylistPlayer.2040306023079114 - DEBUG - Verificando si Spotify está en primer plano...
2025-05-19 22:14:14,882 - Worker-20403060 - PlaylistPlayer.2040306023079114 - DEBUG - Intentando con comando dumpsys (1): adb -s 2040306023079114 shell dumpsys activity top
2025-05-19 22:14:20,086 - Worker-20403060 - PlaylistPlayer.2040306023079114 - WARNING - Spotify NO parece estar en primer plano.
2025-05-19 22:14:20,087 - Worker-20403060 - PlaylistPlayer.2040306023079114 - DEBUG - Capturando pantalla en C:\Users\def\Documents\OTWMusicSystem_Final\OTWMusicSystem_Final\otw_project\OTW_MUSIC_SYSTEM\screenshots\2040306023079114\spotify_not_foreground_screenshot_2040306023079114_20250519_221420086903.png
2025-05-19 22:14:20,673 - Worker-20403060 - PlaylistPlayer.2040306023079114 - INFO - Captura de pantalla guardada: C:\Users\def\Documents\OTWMusicSystem_Final\OTWMusicSystem_Final\otw_project\OTW_MUSIC_SYSTEM\screenshots\2040306023079114\spotify_not_foreground_screenshot_2040306023079114_20250519_221420086903.png
2025-05-19 22:14:20,673 - Worker-20403060 - PlaylistPlayer.2040306023079114 - WARNING - Spotify no en primer plano tras abrir https://open.spotify.com/playlist/5XrvAtxjUWcbTNgLHc9hz2?si=8J8GtCkARCaiIlIOWzgMnA.
2025-05-19 22:14:20,674 - Worker-20403060 - PlaylistPlayer.2040306023079114 - DEBUG - Capturando pantalla en C:\Users\def\Documents\OTWMusicSystem_Final\OTWMusicSystem_Final\otw_project\OTW_MUSIC_SYSTEM\screenshots\2040306023079114\spotify_not_fg_screenshot_2040306023079114_20250519_221420673784.png
2025-05-19 22:14:21,280 - Worker-20403060 - PlaylistPlayer.2040306023079114 - INFO - Captura de pantalla guardada: C:\Users\def\Documents\OTWMusicSystem_Final\OTWMusicSystem_Final\otw_project\OTW_MUSIC_SYSTEM\screenshots\2040306023079114\spotify_not_fg_screenshot_2040306023079114_20250519_221420673784.png
