2025-05-19 18:35:11,889 - Worker-P7NBHUMR - PlaylistPlayer.P7NBHUMRBYRGY9KJ - INFO - Worker thread INICIADO. Logs en: C:\Users\def\Documents\OTWMusicSystem_Final\OTWMusicSystem_Final\otw_project\OTW_MUSIC_SYSTEM\logs\P7NBHUMRBYRGY9KJ\playlist_player_20250519_183511.log
2025-05-19 18:35:11,889 - Worker-P7NBHUMR - PlaylistPlayer.P7NBHUMRBYRGY9KJ - INFO - Personalidad Creada: FollowP=0.51, SearchP=0.13, MinTrackT=34s, MinContentT=5m
2025-05-19 18:35:11,889 - Worker-P7NBHUMR - PlaylistPlayer.P7NBHUMRBYRGY9KJ - INFO - Intentando conectar a uiautomator2 (intento 1/3)...
2025-05-19 18:35:20,371 - Worker-P7NBHUMR - PlaylistPlayer.P7NBHUMRBYRGY9KJ - DEBUG - Conexión u2 establecida preliminarmente.
2025-05-19 18:35:20,880 - Worker-P7NBHUMR - PlaylistPlayer.P7NBHUMRBYRGY9KJ - INFO - Conectado (Device: U318AA, Android: N/A).
2025-05-19 18:35:21,176 - Worker-P7NBHUMR - PlaylistPlayer.P7NBHUMRBYRGY9KJ - INFO - Spotify (com.spotify.music v9.0.36.484) está instalado.
2025-05-19 18:35:21,176 - Worker-P7NBHUMR - PlaylistPlayer.P7NBHUMRBYRGY9KJ - INFO - Configuración inicial (kill Spotify y volver a Home).
2025-05-19 18:35:21,176 - Worker-P7NBHUMR - PlaylistPlayer.P7NBHUMRBYRGY9KJ - WARNING - Advertencia durante configuración inicial: 'Device' object has no attribute 'app_kill'
2025-05-19 18:35:21,177 - Worker-P7NBHUMR - PlaylistPlayer.P7NBHUMRBYRGY9KJ - DEBUG - Capturando pantalla en C:\Users\def\Documents\OTWMusicSystem_Final\OTWMusicSystem_Final\otw_project\OTW_MUSIC_SYSTEM\screenshots\P7NBHUMRBYRGY9KJ\initial_setup_warn_screenshot_P7NBHUMRBYRGY9KJ_20250519_183521176748.png
2025-05-19 18:35:22,228 - Worker-P7NBHUMR - PlaylistPlayer.P7NBHUMRBYRGY9KJ - INFO - Captura de pantalla guardada: C:\Users\def\Documents\OTWMusicSystem_Final\OTWMusicSystem_Final\otw_project\OTW_MUSIC_SYSTEM\screenshots\P7NBHUMRBYRGY9KJ\initial_setup_warn_screenshot_P7NBHUMRBYRGY9KJ_20250519_183521176748.png
2025-05-19 18:35:22,229 - Worker-P7NBHUMR - PlaylistPlayer.P7NBHUMRBYRGY9KJ - INFO - --- Iniciando Sesión de Interacción #1 ---
2025-05-19 18:35:22,229 - Worker-P7NBHUMR - PlaylistPlayer.P7NBHUMRBYRGY9KJ - INFO - Selección: Link (track) -> https://open.spotify.com/track/7zPzQhFnWUaeBqEZEj4uqI?si=28c741bf46ec4bb7
2025-05-19 18:35:22,229 - Worker-P7NBHUMR - PlaylistPlayer.P7NBHUMRBYRGY9KJ - INFO - Iniciando interacción con TRACK: https://open.spotify.com/track/7zPzQhFnWUaeBqEZEj4uqI?si=28c741bf46ec4bb7
2025-05-19 18:35:22,229 - Worker-P7NBHUMR - PlaylistPlayer.P7NBHUMRBYRGY9KJ - INFO - Intentando abrir URL: https://open.spotify.com/track/7zPzQhFnWUaeBqEZEj4uqI?si=28c741bf46ec4bb7 (Intento 1/3)
2025-05-19 18:35:22,229 - Worker-P7NBHUMR - PlaylistPlayer.P7NBHUMRBYRGY9KJ - DEBUG - Forzando detención de Spotify (com.spotify.music) antes de abrir URL.
2025-05-19 18:35:23,092 - Worker-P7NBHUMR - PlaylistPlayer.P7NBHUMRBYRGY9KJ - DEBUG - Presionando HOME.
2025-05-19 18:35:25,060 - Worker-P7NBHUMR - PlaylistPlayer.P7NBHUMRBYRGY9KJ - DEBUG - Ejecutando ADB intent para URL: https://open.spotify.com/track/7zPzQhFnWUaeBqEZEj4uqI?si=28c741bf46ec4bb7
2025-05-19 18:35:26,940 - Worker-P7NBHUMR - PlaylistPlayer.P7NBHUMRBYRGY9KJ - DEBUG - Resultado ADB 'am start': stdout='Starting: Intent { act=android.intent.action.VIEW dat=https://open.spotify.com/... flg=0x10008000 }', stderr=''
2025-05-19 18:35:28,896 - Worker-P7NBHUMR - PlaylistPlayer.P7NBHUMRBYRGY9KJ - DEBUG - Esperando que la app se abra y estabilice (5-8s)...
2025-05-19 18:35:34,777 - Worker-P7NBHUMR - PlaylistPlayer.P7NBHUMRBYRGY9KJ - DEBUG - Verificando diálogo 'Abrir con'...
2025-05-19 18:35:40,720 - Worker-P7NBHUMR - PlaylistPlayer.P7NBHUMRBYRGY9KJ - DEBUG - No se detectó diálogo 'Abrir con' explícito.
2025-05-19 18:35:40,720 - Worker-P7NBHUMR - PlaylistPlayer.P7NBHUMRBYRGY9KJ - DEBUG - No se manejó el diálogo 'Abrir con' o no apareció.
2025-05-19 18:35:40,721 - Worker-P7NBHUMR - PlaylistPlayer.P7NBHUMRBYRGY9KJ - DEBUG - Verificando si Spotify está en primer plano...
2025-05-19 18:35:40,721 - Worker-P7NBHUMR - PlaylistPlayer.P7NBHUMRBYRGY9KJ - DEBUG - Intentando con comando dumpsys (1): adb -s P7NBHUMRBYRGY9KJ shell dumpsys activity top
2025-05-19 18:35:41,088 - Worker-P7NBHUMR - PlaylistPlayer.P7NBHUMRBYRGY9KJ - WARNING - Spotify NO parece estar en primer plano según dumpsys.
2025-05-19 18:35:41,088 - Worker-P7NBHUMR - PlaylistPlayer.P7NBHUMRBYRGY9KJ - DEBUG - Capturando pantalla en C:\Users\def\Documents\OTWMusicSystem_Final\OTWMusicSystem_Final\otw_project\OTW_MUSIC_SYSTEM\screenshots\P7NBHUMRBYRGY9KJ\spotify_not_foreground_screenshot_P7NBHUMRBYRGY9KJ_20250519_183541088751.png
2025-05-19 18:35:41,241 - Worker-P7NBHUMR - PlaylistPlayer.P7NBHUMRBYRGY9KJ - INFO - Captura de pantalla guardada: C:\Users\def\Documents\OTWMusicSystem_Final\OTWMusicSystem_Final\otw_project\OTW_MUSIC_SYSTEM\screenshots\P7NBHUMRBYRGY9KJ\spotify_not_foreground_screenshot_P7NBHUMRBYRGY9KJ_20250519_183541088751.png
2025-05-19 18:35:41,242 - Worker-P7NBHUMR - PlaylistPlayer.P7NBHUMRBYRGY9KJ - WARNING - Spotify no detectado en primer plano después de abrir https://open.spotify.com/track/7zPzQhFnWUaeBqEZEj4uqI?si=28c741bf46ec4bb7.
2025-05-19 18:35:41,242 - Worker-P7NBHUMR - PlaylistPlayer.P7NBHUMRBYRGY9KJ - DEBUG - Capturando pantalla en C:\Users\def\Documents\OTWMusicSystem_Final\OTWMusicSystem_Final\otw_project\OTW_MUSIC_SYSTEM\screenshots\P7NBHUMRBYRGY9KJ\spotify_not_fg_after_open_7zPzQhFnWUaeBqEZEj4uqI?si=28c741bf46ec4bb7_screenshot_P7NBHUMRBYRGY9KJ_20250519_183541242015.png
2025-05-19 18:35:41,362 - Worker-P7NBHUMR - PlaylistPlayer.P7NBHUMRBYRGY9KJ - ERROR - Error al capturar pantalla: [Errno 22] Invalid argument: 'C:\\Users\\def\\Documents\\OTWMusicSystem_Final\\OTWMusicSystem_Final\\otw_project\\OTW_MUSIC_SYSTEM\\screenshots\\P7NBHUMRBYRGY9KJ\\spotify_not_fg_after_open_7zPzQhFnWUaeBqEZEj4uqI?si=28c741bf46ec4bb7_screenshot_P7NBHUMRBYRGY9KJ_20250519_183541242015.png'
2025-05-19 18:35:41,362 - Worker-P7NBHUMR - PlaylistPlayer.P7NBHUMRBYRGY9KJ - INFO - Pausa antes de reintentar apertura de URL debido a no foreground (5.9s).
2025-05-19 18:35:47,618 - Worker-P7NBHUMR - PlaylistPlayer.P7NBHUMRBYRGY9KJ - INFO - Intentando abrir URL: https://open.spotify.com/track/7zPzQhFnWUaeBqEZEj4uqI?si=28c741bf46ec4bb7 (Intento 2/3)
2025-05-19 18:35:47,618 - Worker-P7NBHUMR - PlaylistPlayer.P7NBHUMRBYRGY9KJ - DEBUG - Forzando detención de Spotify (com.spotify.music) antes de abrir URL.
2025-05-19 18:35:48,669 - Worker-P7NBHUMR - PlaylistPlayer.P7NBHUMRBYRGY9KJ - DEBUG - Presionando HOME.
2025-05-19 18:35:51,162 - Worker-P7NBHUMR - PlaylistPlayer.P7NBHUMRBYRGY9KJ - DEBUG - Ejecutando ADB intent para URL: https://open.spotify.com/track/7zPzQhFnWUaeBqEZEj4uqI?si=28c741bf46ec4bb7
2025-05-19 18:35:52,399 - Worker-P7NBHUMR - PlaylistPlayer.P7NBHUMRBYRGY9KJ - DEBUG - Resultado ADB 'am start': stdout='Starting: Intent { act=android.intent.action.VIEW dat=https://open.spotify.com/... flg=0x10008000 }', stderr=''
2025-05-19 18:35:53,837 - Worker-P7NBHUMR - PlaylistPlayer.P7NBHUMRBYRGY9KJ - DEBUG - Esperando que la app se abra y estabilice (5-8s)...
2025-05-19 18:36:00,882 - Worker-P7NBHUMR - PlaylistPlayer.P7NBHUMRBYRGY9KJ - DEBUG - Verificando diálogo 'Abrir con'...
2025-05-19 18:36:06,478 - Worker-P7NBHUMR - PlaylistPlayer.P7NBHUMRBYRGY9KJ - DEBUG - No se detectó diálogo 'Abrir con' explícito.
2025-05-19 18:36:06,478 - Worker-P7NBHUMR - PlaylistPlayer.P7NBHUMRBYRGY9KJ - DEBUG - No se manejó el diálogo 'Abrir con' o no apareció.
2025-05-19 18:36:06,478 - Worker-P7NBHUMR - PlaylistPlayer.P7NBHUMRBYRGY9KJ - DEBUG - Verificando si Spotify está en primer plano...
2025-05-19 18:36:06,478 - Worker-P7NBHUMR - PlaylistPlayer.P7NBHUMRBYRGY9KJ - DEBUG - Intentando con comando dumpsys (1): adb -s P7NBHUMRBYRGY9KJ shell dumpsys activity top
2025-05-19 18:36:06,660 - Worker-P7NBHUMR - PlaylistPlayer.P7NBHUMRBYRGY9KJ - WARNING - Spotify NO parece estar en primer plano según dumpsys.
2025-05-19 18:36:06,660 - Worker-P7NBHUMR - PlaylistPlayer.P7NBHUMRBYRGY9KJ - DEBUG - Capturando pantalla en C:\Users\def\Documents\OTWMusicSystem_Final\OTWMusicSystem_Final\otw_project\OTW_MUSIC_SYSTEM\screenshots\P7NBHUMRBYRGY9KJ\spotify_not_foreground_screenshot_P7NBHUMRBYRGY9KJ_20250519_183606660484.png
2025-05-19 18:36:06,847 - Worker-P7NBHUMR - PlaylistPlayer.P7NBHUMRBYRGY9KJ - INFO - Captura de pantalla guardada: C:\Users\def\Documents\OTWMusicSystem_Final\OTWMusicSystem_Final\otw_project\OTW_MUSIC_SYSTEM\screenshots\P7NBHUMRBYRGY9KJ\spotify_not_foreground_screenshot_P7NBHUMRBYRGY9KJ_20250519_183606660484.png
2025-05-19 18:36:06,847 - Worker-P7NBHUMR - PlaylistPlayer.P7NBHUMRBYRGY9KJ - WARNING - Spotify no detectado en primer plano después de abrir https://open.spotify.com/track/7zPzQhFnWUaeBqEZEj4uqI?si=28c741bf46ec4bb7.
2025-05-19 18:36:06,847 - Worker-P7NBHUMR - PlaylistPlayer.P7NBHUMRBYRGY9KJ - DEBUG - Capturando pantalla en C:\Users\def\Documents\OTWMusicSystem_Final\OTWMusicSystem_Final\otw_project\OTW_MUSIC_SYSTEM\screenshots\P7NBHUMRBYRGY9KJ\spotify_not_fg_after_open_7zPzQhFnWUaeBqEZEj4uqI?si=28c741bf46ec4bb7_screenshot_P7NBHUMRBYRGY9KJ_20250519_183606847475.png
2025-05-19 18:36:07,010 - Worker-P7NBHUMR - PlaylistPlayer.P7NBHUMRBYRGY9KJ - ERROR - Error al capturar pantalla: [Errno 22] Invalid argument: 'C:\\Users\\def\\Documents\\OTWMusicSystem_Final\\OTWMusicSystem_Final\\otw_project\\OTW_MUSIC_SYSTEM\\screenshots\\P7NBHUMRBYRGY9KJ\\spotify_not_fg_after_open_7zPzQhFnWUaeBqEZEj4uqI?si=28c741bf46ec4bb7_screenshot_P7NBHUMRBYRGY9KJ_20250519_183606847475.png'
2025-05-19 18:36:07,011 - Worker-P7NBHUMR - PlaylistPlayer.P7NBHUMRBYRGY9KJ - INFO - Pausa antes de reintentar apertura de URL debido a no foreground (6.0s).
2025-05-19 18:36:12,882 - Worker-P7NBHUMR - PlaylistPlayer.P7NBHUMRBYRGY9KJ - INFO - Intentando abrir URL: https://open.spotify.com/track/7zPzQhFnWUaeBqEZEj4uqI?si=28c741bf46ec4bb7 (Intento 3/3)
2025-05-19 18:36:12,882 - Worker-P7NBHUMR - PlaylistPlayer.P7NBHUMRBYRGY9KJ - DEBUG - Forzando detención de Spotify (com.spotify.music) antes de abrir URL.
2025-05-19 18:36:14,188 - Worker-P7NBHUMR - PlaylistPlayer.P7NBHUMRBYRGY9KJ - DEBUG - Presionando HOME.
2025-05-19 18:36:16,923 - Worker-P7NBHUMR - PlaylistPlayer.P7NBHUMRBYRGY9KJ - DEBUG - Ejecutando ADB intent para URL: https://open.spotify.com/track/7zPzQhFnWUaeBqEZEj4uqI?si=28c741bf46ec4bb7
2025-05-19 18:36:17,977 - Worker-P7NBHUMR - PlaylistPlayer.P7NBHUMRBYRGY9KJ - DEBUG - Resultado ADB 'am start': stdout='Starting: Intent { act=android.intent.action.VIEW dat=https://open.spotify.com/... flg=0x10008000 }', stderr=''
2025-05-19 18:36:19,644 - Worker-P7NBHUMR - PlaylistPlayer.P7NBHUMRBYRGY9KJ - DEBUG - Esperando que la app se abra y estabilice (5-8s)...
2025-05-19 18:36:26,204 - Worker-P7NBHUMR - PlaylistPlayer.P7NBHUMRBYRGY9KJ - DEBUG - Verificando diálogo 'Abrir con'...
2025-05-19 18:36:31,796 - Worker-P7NBHUMR - PlaylistPlayer.P7NBHUMRBYRGY9KJ - DEBUG - No se detectó diálogo 'Abrir con' explícito.
2025-05-19 18:36:31,796 - Worker-P7NBHUMR - PlaylistPlayer.P7NBHUMRBYRGY9KJ - DEBUG - No se manejó el diálogo 'Abrir con' o no apareció.
2025-05-19 18:36:31,797 - Worker-P7NBHUMR - PlaylistPlayer.P7NBHUMRBYRGY9KJ - DEBUG - Verificando si Spotify está en primer plano...
2025-05-19 18:36:31,797 - Worker-P7NBHUMR - PlaylistPlayer.P7NBHUMRBYRGY9KJ - DEBUG - Intentando con comando dumpsys (1): adb -s P7NBHUMRBYRGY9KJ shell dumpsys activity top
2025-05-19 18:36:32,019 - Worker-P7NBHUMR - PlaylistPlayer.P7NBHUMRBYRGY9KJ - WARNING - Spotify NO parece estar en primer plano según dumpsys.
2025-05-19 18:36:32,020 - Worker-P7NBHUMR - PlaylistPlayer.P7NBHUMRBYRGY9KJ - DEBUG - Capturando pantalla en C:\Users\def\Documents\OTWMusicSystem_Final\OTWMusicSystem_Final\otw_project\OTW_MUSIC_SYSTEM\screenshots\P7NBHUMRBYRGY9KJ\spotify_not_foreground_screenshot_P7NBHUMRBYRGY9KJ_20250519_183632019875.png
2025-05-19 18:36:32,157 - Worker-P7NBHUMR - PlaylistPlayer.P7NBHUMRBYRGY9KJ - INFO - Captura de pantalla guardada: C:\Users\def\Documents\OTWMusicSystem_Final\OTWMusicSystem_Final\otw_project\OTW_MUSIC_SYSTEM\screenshots\P7NBHUMRBYRGY9KJ\spotify_not_foreground_screenshot_P7NBHUMRBYRGY9KJ_20250519_183632019875.png
2025-05-19 18:36:32,157 - Worker-P7NBHUMR - PlaylistPlayer.P7NBHUMRBYRGY9KJ - WARNING - Spotify no detectado en primer plano después de abrir https://open.spotify.com/track/7zPzQhFnWUaeBqEZEj4uqI?si=28c741bf46ec4bb7.
2025-05-19 18:36:32,158 - Worker-P7NBHUMR - PlaylistPlayer.P7NBHUMRBYRGY9KJ - DEBUG - Capturando pantalla en C:\Users\def\Documents\OTWMusicSystem_Final\OTWMusicSystem_Final\otw_project\OTW_MUSIC_SYSTEM\screenshots\P7NBHUMRBYRGY9KJ\spotify_not_fg_after_open_7zPzQhFnWUaeBqEZEj4uqI?si=28c741bf46ec4bb7_screenshot_P7NBHUMRBYRGY9KJ_20250519_183632157763.png
2025-05-19 18:36:32,259 - Worker-P7NBHUMR - PlaylistPlayer.P7NBHUMRBYRGY9KJ - ERROR - Error al capturar pantalla: [Errno 22] Invalid argument: 'C:\\Users\\def\\Documents\\OTWMusicSystem_Final\\OTWMusicSystem_Final\\otw_project\\OTW_MUSIC_SYSTEM\\screenshots\\P7NBHUMRBYRGY9KJ\\spotify_not_fg_after_open_7zPzQhFnWUaeBqEZEj4uqI?si=28c741bf46ec4bb7_screenshot_P7NBHUMRBYRGY9KJ_20250519_183632157763.png'
2025-05-19 18:36:32,259 - Worker-P7NBHUMR - PlaylistPlayer.P7NBHUMRBYRGY9KJ - INFO - Pausa antes de reintentar apertura de URL debido a no foreground (4.3s).
2025-05-19 18:36:38,943 - Worker-P7NBHUMR - PlaylistPlayer.P7NBHUMRBYRGY9KJ - INFO - Intentando abrir URL: https://open.spotify.com/track/7zPzQhFnWUaeBqEZEj4uqI?si=28c741bf46ec4bb7 (Intento 4/3)
2025-05-19 18:36:38,943 - Worker-P7NBHUMR - PlaylistPlayer.P7NBHUMRBYRGY9KJ - ERROR - Máximos reintentos (3) alcanzados para abrir URL https://open.spotify.com/track/7zPzQhFnWUaeBqEZEj4uqI?si=28c741bf46ec4bb7
2025-05-19 18:36:38,944 - Worker-P7NBHUMR - PlaylistPlayer.P7NBHUMRBYRGY9KJ - DEBUG - Capturando pantalla en C:\Users\def\Documents\OTWMusicSystem_Final\OTWMusicSystem_Final\otw_project\OTW_MUSIC_SYSTEM\screenshots\P7NBHUMRBYRGY9KJ\open_url_max_retries_fail_7zPzQhFnWUaeBqEZEj4uqI?si=28c741bf46ec4bb7_screenshot_P7NBHUMRBYRGY9KJ_20250519_183638944371.png
2025-05-19 18:36:39,281 - Worker-P7NBHUMR - PlaylistPlayer.P7NBHUMRBYRGY9KJ - ERROR - Error al capturar pantalla: [Errno 22] Invalid argument: 'C:\\Users\\def\\Documents\\OTWMusicSystem_Final\\OTWMusicSystem_Final\\otw_project\\OTW_MUSIC_SYSTEM\\screenshots\\P7NBHUMRBYRGY9KJ\\open_url_max_retries_fail_7zPzQhFnWUaeBqEZEj4uqI?si=28c741bf46ec4bb7_screenshot_P7NBHUMRBYRGY9KJ_20250519_183638944371.png'
2025-05-19 18:36:39,282 - Worker-P7NBHUMR - PlaylistPlayer.P7NBHUMRBYRGY9KJ - ERROR - No se pudo abrir el track https://open.spotify.com/track/7zPzQhFnWUaeBqEZEj4uqI?si=28c741bf46ec4bb7. Terminando interacción.
2025-05-19 18:36:39,282 - Worker-P7NBHUMR - PlaylistPlayer.P7NBHUMRBYRGY9KJ - INFO - Sesión #1 completada. Pausa de 8.5s.
2025-05-19 18:36:47,809 - Worker-P7NBHUMR - PlaylistPlayer.P7NBHUMRBYRGY9KJ - INFO - --- Iniciando Sesión de Interacción #2 ---
2025-05-19 18:36:47,809 - Worker-P7NBHUMR - PlaylistPlayer.P7NBHUMRBYRGY9KJ - INFO - Selección: Link (track) -> https://open.spotify.com/track/1fK6rX7V7xmhn6ismkonRG?si=4fd397de9fff4e3e
2025-05-19 18:36:47,809 - Worker-P7NBHUMR - PlaylistPlayer.P7NBHUMRBYRGY9KJ - INFO - Iniciando interacción con TRACK: https://open.spotify.com/track/1fK6rX7V7xmhn6ismkonRG?si=4fd397de9fff4e3e
2025-05-19 18:36:47,809 - Worker-P7NBHUMR - PlaylistPlayer.P7NBHUMRBYRGY9KJ - INFO - Intentando abrir URL: https://open.spotify.com/track/1fK6rX7V7xmhn6ismkonRG?si=4fd397de9fff4e3e (Intento 1/3)
2025-05-19 18:36:47,809 - Worker-P7NBHUMR - PlaylistPlayer.P7NBHUMRBYRGY9KJ - DEBUG - Forzando detención de Spotify (com.spotify.music) antes de abrir URL.
2025-05-19 18:36:48,889 - Worker-P7NBHUMR - PlaylistPlayer.P7NBHUMRBYRGY9KJ - DEBUG - Presionando HOME.
2025-05-19 18:36:51,089 - Worker-P7NBHUMR - PlaylistPlayer.P7NBHUMRBYRGY9KJ - DEBUG - Ejecutando ADB intent para URL: https://open.spotify.com/track/1fK6rX7V7xmhn6ismkonRG?si=4fd397de9fff4e3e
2025-05-19 18:36:52,695 - Worker-P7NBHUMR - PlaylistPlayer.P7NBHUMRBYRGY9KJ - DEBUG - Resultado ADB 'am start': stdout='Starting: Intent { act=android.intent.action.VIEW dat=https://open.spotify.com/... flg=0x10008000 }', stderr=''
2025-05-19 18:36:54,120 - Worker-P7NBHUMR - PlaylistPlayer.P7NBHUMRBYRGY9KJ - DEBUG - Esperando que la app se abra y estabilice (5-8s)...
2025-05-19 18:37:01,756 - Worker-P7NBHUMR - PlaylistPlayer.P7NBHUMRBYRGY9KJ - DEBUG - Verificando diálogo 'Abrir con'...
2025-05-19 18:37:07,840 - Worker-P7NBHUMR - PlaylistPlayer.P7NBHUMRBYRGY9KJ - DEBUG - No se detectó diálogo 'Abrir con' explícito.
2025-05-19 18:37:07,841 - Worker-P7NBHUMR - PlaylistPlayer.P7NBHUMRBYRGY9KJ - DEBUG - No se manejó el diálogo 'Abrir con' o no apareció.
2025-05-19 18:37:07,841 - Worker-P7NBHUMR - PlaylistPlayer.P7NBHUMRBYRGY9KJ - DEBUG - Verificando si Spotify está en primer plano...
2025-05-19 18:37:07,841 - Worker-P7NBHUMR - PlaylistPlayer.P7NBHUMRBYRGY9KJ - DEBUG - Intentando con comando dumpsys (1): adb -s P7NBHUMRBYRGY9KJ shell dumpsys activity top
2025-05-19 18:37:08,016 - Worker-P7NBHUMR - PlaylistPlayer.P7NBHUMRBYRGY9KJ - WARNING - Spotify NO parece estar en primer plano según dumpsys.
2025-05-19 18:37:08,016 - Worker-P7NBHUMR - PlaylistPlayer.P7NBHUMRBYRGY9KJ - DEBUG - Capturando pantalla en C:\Users\def\Documents\OTWMusicSystem_Final\OTWMusicSystem_Final\otw_project\OTW_MUSIC_SYSTEM\screenshots\P7NBHUMRBYRGY9KJ\spotify_not_foreground_screenshot_P7NBHUMRBYRGY9KJ_20250519_183708016081.png
2025-05-19 18:37:08,159 - Worker-P7NBHUMR - PlaylistPlayer.P7NBHUMRBYRGY9KJ - INFO - Captura de pantalla guardada: C:\Users\def\Documents\OTWMusicSystem_Final\OTWMusicSystem_Final\otw_project\OTW_MUSIC_SYSTEM\screenshots\P7NBHUMRBYRGY9KJ\spotify_not_foreground_screenshot_P7NBHUMRBYRGY9KJ_20250519_183708016081.png
2025-05-19 18:37:08,159 - Worker-P7NBHUMR - PlaylistPlayer.P7NBHUMRBYRGY9KJ - WARNING - Spotify no detectado en primer plano después de abrir https://open.spotify.com/track/1fK6rX7V7xmhn6ismkonRG?si=4fd397de9fff4e3e.
2025-05-19 18:37:08,159 - Worker-P7NBHUMR - PlaylistPlayer.P7NBHUMRBYRGY9KJ - DEBUG - Capturando pantalla en C:\Users\def\Documents\OTWMusicSystem_Final\OTWMusicSystem_Final\otw_project\OTW_MUSIC_SYSTEM\screenshots\P7NBHUMRBYRGY9KJ\spotify_not_fg_after_open_1fK6rX7V7xmhn6ismkonRG?si=4fd397de9fff4e3e_screenshot_P7NBHUMRBYRGY9KJ_20250519_183708159119.png
2025-05-19 18:37:08,277 - Worker-P7NBHUMR - PlaylistPlayer.P7NBHUMRBYRGY9KJ - ERROR - Error al capturar pantalla: [Errno 22] Invalid argument: 'C:\\Users\\def\\Documents\\OTWMusicSystem_Final\\OTWMusicSystem_Final\\otw_project\\OTW_MUSIC_SYSTEM\\screenshots\\P7NBHUMRBYRGY9KJ\\spotify_not_fg_after_open_1fK6rX7V7xmhn6ismkonRG?si=4fd397de9fff4e3e_screenshot_P7NBHUMRBYRGY9KJ_20250519_183708159119.png'
2025-05-19 18:37:08,278 - Worker-P7NBHUMR - PlaylistPlayer.P7NBHUMRBYRGY9KJ - INFO - Pausa antes de reintentar apertura de URL debido a no foreground (4.2s).
2025-05-19 18:37:14,542 - Worker-P7NBHUMR - PlaylistPlayer.P7NBHUMRBYRGY9KJ - INFO - Intentando abrir URL: https://open.spotify.com/track/1fK6rX7V7xmhn6ismkonRG?si=4fd397de9fff4e3e (Intento 2/3)
2025-05-19 18:37:14,542 - Worker-P7NBHUMR - PlaylistPlayer.P7NBHUMRBYRGY9KJ - DEBUG - Forzando detención de Spotify (com.spotify.music) antes de abrir URL.
2025-05-19 18:37:15,332 - Worker-P7NBHUMR - PlaylistPlayer.P7NBHUMRBYRGY9KJ - DEBUG - Presionando HOME.
2025-05-19 18:37:18,001 - Worker-P7NBHUMR - PlaylistPlayer.P7NBHUMRBYRGY9KJ - DEBUG - Ejecutando ADB intent para URL: https://open.spotify.com/track/1fK6rX7V7xmhn6ismkonRG?si=4fd397de9fff4e3e
2025-05-19 18:37:19,483 - Worker-P7NBHUMR - PlaylistPlayer.P7NBHUMRBYRGY9KJ - DEBUG - Resultado ADB 'am start': stdout='Starting: Intent { act=android.intent.action.VIEW dat=https://open.spotify.com/... flg=0x10008000 }', stderr=''
2025-05-19 18:37:21,312 - Worker-P7NBHUMR - PlaylistPlayer.P7NBHUMRBYRGY9KJ - DEBUG - Esperando que la app se abra y estabilice (5-8s)...
2025-05-19 18:37:27,348 - Worker-P7NBHUMR - PlaylistPlayer.P7NBHUMRBYRGY9KJ - DEBUG - Verificando diálogo 'Abrir con'...
2025-05-19 18:37:32,957 - Worker-P7NBHUMR - PlaylistPlayer.P7NBHUMRBYRGY9KJ - DEBUG - No se detectó diálogo 'Abrir con' explícito.
2025-05-19 18:37:32,958 - Worker-P7NBHUMR - PlaylistPlayer.P7NBHUMRBYRGY9KJ - DEBUG - No se manejó el diálogo 'Abrir con' o no apareció.
2025-05-19 18:37:32,958 - Worker-P7NBHUMR - PlaylistPlayer.P7NBHUMRBYRGY9KJ - DEBUG - Verificando si Spotify está en primer plano...
2025-05-19 18:37:32,958 - Worker-P7NBHUMR - PlaylistPlayer.P7NBHUMRBYRGY9KJ - DEBUG - Intentando con comando dumpsys (1): adb -s P7NBHUMRBYRGY9KJ shell dumpsys activity top
2025-05-19 18:37:33,126 - Worker-P7NBHUMR - PlaylistPlayer.P7NBHUMRBYRGY9KJ - WARNING - Spotify NO parece estar en primer plano según dumpsys.
2025-05-19 18:37:33,126 - Worker-P7NBHUMR - PlaylistPlayer.P7NBHUMRBYRGY9KJ - DEBUG - Capturando pantalla en C:\Users\def\Documents\OTWMusicSystem_Final\OTWMusicSystem_Final\otw_project\OTW_MUSIC_SYSTEM\screenshots\P7NBHUMRBYRGY9KJ\spotify_not_foreground_screenshot_P7NBHUMRBYRGY9KJ_20250519_183733126555.png
2025-05-19 18:37:33,296 - Worker-P7NBHUMR - PlaylistPlayer.P7NBHUMRBYRGY9KJ - INFO - Captura de pantalla guardada: C:\Users\def\Documents\OTWMusicSystem_Final\OTWMusicSystem_Final\otw_project\OTW_MUSIC_SYSTEM\screenshots\P7NBHUMRBYRGY9KJ\spotify_not_foreground_screenshot_P7NBHUMRBYRGY9KJ_20250519_183733126555.png
2025-05-19 18:37:33,296 - Worker-P7NBHUMR - PlaylistPlayer.P7NBHUMRBYRGY9KJ - WARNING - Spotify no detectado en primer plano después de abrir https://open.spotify.com/track/1fK6rX7V7xmhn6ismkonRG?si=4fd397de9fff4e3e.
2025-05-19 18:37:33,296 - Worker-P7NBHUMR - PlaylistPlayer.P7NBHUMRBYRGY9KJ - DEBUG - Capturando pantalla en C:\Users\def\Documents\OTWMusicSystem_Final\OTWMusicSystem_Final\otw_project\OTW_MUSIC_SYSTEM\screenshots\P7NBHUMRBYRGY9KJ\spotify_not_fg_after_open_1fK6rX7V7xmhn6ismkonRG?si=4fd397de9fff4e3e_screenshot_P7NBHUMRBYRGY9KJ_20250519_183733296255.png
2025-05-19 18:37:33,399 - Worker-P7NBHUMR - PlaylistPlayer.P7NBHUMRBYRGY9KJ - ERROR - Error al capturar pantalla: [Errno 22] Invalid argument: 'C:\\Users\\def\\Documents\\OTWMusicSystem_Final\\OTWMusicSystem_Final\\otw_project\\OTW_MUSIC_SYSTEM\\screenshots\\P7NBHUMRBYRGY9KJ\\spotify_not_fg_after_open_1fK6rX7V7xmhn6ismkonRG?si=4fd397de9fff4e3e_screenshot_P7NBHUMRBYRGY9KJ_20250519_183733296255.png'
2025-05-19 18:37:33,399 - Worker-P7NBHUMR - PlaylistPlayer.P7NBHUMRBYRGY9KJ - INFO - Pausa antes de reintentar apertura de URL debido a no foreground (4.7s).
2025-05-19 18:37:39,077 - Worker-P7NBHUMR - PlaylistPlayer.P7NBHUMRBYRGY9KJ - INFO - Intentando abrir URL: https://open.spotify.com/track/1fK6rX7V7xmhn6ismkonRG?si=4fd397de9fff4e3e (Intento 3/3)
2025-05-19 18:37:39,077 - Worker-P7NBHUMR - PlaylistPlayer.P7NBHUMRBYRGY9KJ - DEBUG - Forzando detención de Spotify (com.spotify.music) antes de abrir URL.
2025-05-19 18:37:40,118 - Worker-P7NBHUMR - PlaylistPlayer.P7NBHUMRBYRGY9KJ - DEBUG - Presionando HOME.
2025-05-19 18:37:42,027 - Worker-P7NBHUMR - PlaylistPlayer.P7NBHUMRBYRGY9KJ - DEBUG - Ejecutando ADB intent para URL: https://open.spotify.com/track/1fK6rX7V7xmhn6ismkonRG?si=4fd397de9fff4e3e
2025-05-19 18:37:43,643 - Worker-P7NBHUMR - PlaylistPlayer.P7NBHUMRBYRGY9KJ - DEBUG - Resultado ADB 'am start': stdout='Starting: Intent { act=android.intent.action.VIEW dat=https://open.spotify.com/... flg=0x10008000 }', stderr=''
2025-05-19 18:37:45,646 - Worker-P7NBHUMR - PlaylistPlayer.P7NBHUMRBYRGY9KJ - DEBUG - Esperando que la app se abra y estabilice (5-8s)...
2025-05-19 18:37:51,352 - Worker-P7NBHUMR - PlaylistPlayer.P7NBHUMRBYRGY9KJ - DEBUG - Verificando diálogo 'Abrir con'...
2025-05-19 18:37:56,919 - Worker-P7NBHUMR - PlaylistPlayer.P7NBHUMRBYRGY9KJ - DEBUG - No se detectó diálogo 'Abrir con' explícito.
2025-05-19 18:37:56,919 - Worker-P7NBHUMR - PlaylistPlayer.P7NBHUMRBYRGY9KJ - DEBUG - No se manejó el diálogo 'Abrir con' o no apareció.
2025-05-19 18:37:56,920 - Worker-P7NBHUMR - PlaylistPlayer.P7NBHUMRBYRGY9KJ - DEBUG - Verificando si Spotify está en primer plano...
2025-05-19 18:37:56,920 - Worker-P7NBHUMR - PlaylistPlayer.P7NBHUMRBYRGY9KJ - DEBUG - Intentando con comando dumpsys (1): adb -s P7NBHUMRBYRGY9KJ shell dumpsys activity top
2025-05-19 18:37:57,069 - Worker-P7NBHUMR - PlaylistPlayer.P7NBHUMRBYRGY9KJ - WARNING - Spotify NO parece estar en primer plano según dumpsys.
2025-05-19 18:37:57,069 - Worker-P7NBHUMR - PlaylistPlayer.P7NBHUMRBYRGY9KJ - DEBUG - Capturando pantalla en C:\Users\def\Documents\OTWMusicSystem_Final\OTWMusicSystem_Final\otw_project\OTW_MUSIC_SYSTEM\screenshots\P7NBHUMRBYRGY9KJ\spotify_not_foreground_screenshot_P7NBHUMRBYRGY9KJ_20250519_183757069145.png
2025-05-19 18:37:57,228 - Worker-P7NBHUMR - PlaylistPlayer.P7NBHUMRBYRGY9KJ - INFO - Captura de pantalla guardada: C:\Users\def\Documents\OTWMusicSystem_Final\OTWMusicSystem_Final\otw_project\OTW_MUSIC_SYSTEM\screenshots\P7NBHUMRBYRGY9KJ\spotify_not_foreground_screenshot_P7NBHUMRBYRGY9KJ_20250519_183757069145.png
2025-05-19 18:37:57,228 - Worker-P7NBHUMR - PlaylistPlayer.P7NBHUMRBYRGY9KJ - WARNING - Spotify no detectado en primer plano después de abrir https://open.spotify.com/track/1fK6rX7V7xmhn6ismkonRG?si=4fd397de9fff4e3e.
2025-05-19 18:37:57,229 - Worker-P7NBHUMR - PlaylistPlayer.P7NBHUMRBYRGY9KJ - DEBUG - Capturando pantalla en C:\Users\def\Documents\OTWMusicSystem_Final\OTWMusicSystem_Final\otw_project\OTW_MUSIC_SYSTEM\screenshots\P7NBHUMRBYRGY9KJ\spotify_not_fg_after_open_1fK6rX7V7xmhn6ismkonRG?si=4fd397de9fff4e3e_screenshot_P7NBHUMRBYRGY9KJ_20250519_183757229470.png
2025-05-19 18:37:57,358 - Worker-P7NBHUMR - PlaylistPlayer.P7NBHUMRBYRGY9KJ - ERROR - Error al capturar pantalla: [Errno 22] Invalid argument: 'C:\\Users\\def\\Documents\\OTWMusicSystem_Final\\OTWMusicSystem_Final\\otw_project\\OTW_MUSIC_SYSTEM\\screenshots\\P7NBHUMRBYRGY9KJ\\spotify_not_fg_after_open_1fK6rX7V7xmhn6ismkonRG?si=4fd397de9fff4e3e_screenshot_P7NBHUMRBYRGY9KJ_20250519_183757229470.png'
2025-05-19 18:37:57,358 - Worker-P7NBHUMR - PlaylistPlayer.P7NBHUMRBYRGY9KJ - INFO - Pausa antes de reintentar apertura de URL debido a no foreground (5.6s).
2025-05-19 18:38:02,125 - Worker-P7NBHUMR - PlaylistPlayer.P7NBHUMRBYRGY9KJ - INFO - Intentando abrir URL: https://open.spotify.com/track/1fK6rX7V7xmhn6ismkonRG?si=4fd397de9fff4e3e (Intento 4/3)
2025-05-19 18:38:02,125 - Worker-P7NBHUMR - PlaylistPlayer.P7NBHUMRBYRGY9KJ - ERROR - Máximos reintentos (3) alcanzados para abrir URL https://open.spotify.com/track/1fK6rX7V7xmhn6ismkonRG?si=4fd397de9fff4e3e
2025-05-19 18:38:02,126 - Worker-P7NBHUMR - PlaylistPlayer.P7NBHUMRBYRGY9KJ - DEBUG - Capturando pantalla en C:\Users\def\Documents\OTWMusicSystem_Final\OTWMusicSystem_Final\otw_project\OTW_MUSIC_SYSTEM\screenshots\P7NBHUMRBYRGY9KJ\open_url_max_retries_fail_1fK6rX7V7xmhn6ismkonRG?si=4fd397de9fff4e3e_screenshot_P7NBHUMRBYRGY9KJ_20250519_183802126182.png
2025-05-19 18:38:02,249 - Worker-P7NBHUMR - PlaylistPlayer.P7NBHUMRBYRGY9KJ - ERROR - Error al capturar pantalla: [Errno 22] Invalid argument: 'C:\\Users\\def\\Documents\\OTWMusicSystem_Final\\OTWMusicSystem_Final\\otw_project\\OTW_MUSIC_SYSTEM\\screenshots\\P7NBHUMRBYRGY9KJ\\open_url_max_retries_fail_1fK6rX7V7xmhn6ismkonRG?si=4fd397de9fff4e3e_screenshot_P7NBHUMRBYRGY9KJ_20250519_183802126182.png'
2025-05-19 18:38:02,264 - Worker-P7NBHUMR - PlaylistPlayer.P7NBHUMRBYRGY9KJ - ERROR - No se pudo abrir el track https://open.spotify.com/track/1fK6rX7V7xmhn6ismkonRG?si=4fd397de9fff4e3e. Terminando interacción.
2025-05-19 18:38:02,264 - Worker-P7NBHUMR - PlaylistPlayer.P7NBHUMRBYRGY9KJ - INFO - Sesión #2 completada. Pausa de 5.2s.
2025-05-19 18:38:07,506 - Worker-P7NBHUMR - PlaylistPlayer.P7NBHUMRBYRGY9KJ - INFO - --- Iniciando Sesión de Interacción #3 ---
2025-05-19 18:38:07,506 - Worker-P7NBHUMR - PlaylistPlayer.P7NBHUMRBYRGY9KJ - INFO - Selección: Link (artist) -> https://open.spotify.com/artist/3o9yGahQLPpDLMI6dABpIr?si=f8sTAXSOSoOf-DHKLlKGUQ
2025-05-19 18:38:07,506 - Worker-P7NBHUMR - PlaylistPlayer.P7NBHUMRBYRGY9KJ - INFO - Iniciando interacción con ARTISTA: https://open.spotify.com/artist/3o9yGahQLPpDLMI6dABpIr?si=f8sTAXSOSoOf-DHKLlKGUQ 
2025-05-19 18:38:07,506 - Worker-P7NBHUMR - PlaylistPlayer.P7NBHUMRBYRGY9KJ - INFO - Intentando abrir URL: https://open.spotify.com/artist/3o9yGahQLPpDLMI6dABpIr?si=f8sTAXSOSoOf-DHKLlKGUQ (Intento 1/3)
2025-05-19 18:38:07,506 - Worker-P7NBHUMR - PlaylistPlayer.P7NBHUMRBYRGY9KJ - DEBUG - Forzando detención de Spotify (com.spotify.music) antes de abrir URL.
2025-05-19 18:38:08,279 - Worker-P7NBHUMR - PlaylistPlayer.P7NBHUMRBYRGY9KJ - DEBUG - Presionando HOME.
2025-05-19 18:38:10,578 - Worker-P7NBHUMR - PlaylistPlayer.P7NBHUMRBYRGY9KJ - DEBUG - Ejecutando ADB intent para URL: https://open.spotify.com/artist/3o9yGahQLPpDLMI6dABpIr?si=f8sTAXSOSoOf-DHKLlKGUQ
2025-05-19 18:38:12,048 - Worker-P7NBHUMR - PlaylistPlayer.P7NBHUMRBYRGY9KJ - DEBUG - Resultado ADB 'am start': stdout='Starting: Intent { act=android.intent.action.VIEW dat=https://open.spotify.com/... flg=0x10008000 }', stderr=''
2025-05-19 18:38:13,341 - Worker-P7NBHUMR - PlaylistPlayer.P7NBHUMRBYRGY9KJ - DEBUG - Esperando que la app se abra y estabilice (5-8s)...
2025-05-19 18:38:19,417 - Worker-P7NBHUMR - PlaylistPlayer.P7NBHUMRBYRGY9KJ - DEBUG - Verificando diálogo 'Abrir con'...
2025-05-19 18:38:24,905 - Worker-P7NBHUMR - PlaylistPlayer.P7NBHUMRBYRGY9KJ - DEBUG - No se detectó diálogo 'Abrir con' explícito.
2025-05-19 18:38:24,905 - Worker-P7NBHUMR - PlaylistPlayer.P7NBHUMRBYRGY9KJ - DEBUG - No se manejó el diálogo 'Abrir con' o no apareció.
2025-05-19 18:38:24,905 - Worker-P7NBHUMR - PlaylistPlayer.P7NBHUMRBYRGY9KJ - DEBUG - Verificando si Spotify está en primer plano...
2025-05-19 18:38:24,906 - Worker-P7NBHUMR - PlaylistPlayer.P7NBHUMRBYRGY9KJ - DEBUG - Intentando con comando dumpsys (1): adb -s P7NBHUMRBYRGY9KJ shell dumpsys activity top
2025-05-19 18:38:25,249 - Worker-P7NBHUMR - PlaylistPlayer.P7NBHUMRBYRGY9KJ - WARNING - Spotify NO parece estar en primer plano según dumpsys.
2025-05-19 18:38:25,249 - Worker-P7NBHUMR - PlaylistPlayer.P7NBHUMRBYRGY9KJ - DEBUG - Capturando pantalla en C:\Users\def\Documents\OTWMusicSystem_Final\OTWMusicSystem_Final\otw_project\OTW_MUSIC_SYSTEM\screenshots\P7NBHUMRBYRGY9KJ\spotify_not_foreground_screenshot_P7NBHUMRBYRGY9KJ_20250519_183825249469.png
2025-05-19 18:38:25,470 - Worker-P7NBHUMR - PlaylistPlayer.P7NBHUMRBYRGY9KJ - INFO - Captura de pantalla guardada: C:\Users\def\Documents\OTWMusicSystem_Final\OTWMusicSystem_Final\otw_project\OTW_MUSIC_SYSTEM\screenshots\P7NBHUMRBYRGY9KJ\spotify_not_foreground_screenshot_P7NBHUMRBYRGY9KJ_20250519_183825249469.png
2025-05-19 18:38:25,470 - Worker-P7NBHUMR - PlaylistPlayer.P7NBHUMRBYRGY9KJ - WARNING - Spotify no detectado en primer plano después de abrir https://open.spotify.com/artist/3o9yGahQLPpDLMI6dABpIr?si=f8sTAXSOSoOf-DHKLlKGUQ.
2025-05-19 18:38:25,471 - Worker-P7NBHUMR - PlaylistPlayer.P7NBHUMRBYRGY9KJ - DEBUG - Capturando pantalla en C:\Users\def\Documents\OTWMusicSystem_Final\OTWMusicSystem_Final\otw_project\OTW_MUSIC_SYSTEM\screenshots\P7NBHUMRBYRGY9KJ\spotify_not_fg_after_open_3o9yGahQLPpDLMI6dABpIr?si=f8sTAXSOSoOf-DHKLlKGUQ_screenshot_P7NBHUMRBYRGY9KJ_20250519_183825470909.png
2025-05-19 18:38:25,668 - Worker-P7NBHUMR - PlaylistPlayer.P7NBHUMRBYRGY9KJ - ERROR - Error al capturar pantalla: [Errno 22] Invalid argument: 'C:\\Users\\def\\Documents\\OTWMusicSystem_Final\\OTWMusicSystem_Final\\otw_project\\OTW_MUSIC_SYSTEM\\screenshots\\P7NBHUMRBYRGY9KJ\\spotify_not_fg_after_open_3o9yGahQLPpDLMI6dABpIr?si=f8sTAXSOSoOf-DHKLlKGUQ_screenshot_P7NBHUMRBYRGY9KJ_20250519_183825470909.png'
2025-05-19 18:38:25,669 - Worker-P7NBHUMR - PlaylistPlayer.P7NBHUMRBYRGY9KJ - INFO - Pausa antes de reintentar apertura de URL debido a no foreground (4.9s).
2025-05-19 18:38:29,681 - Worker-P7NBHUMR - PlaylistPlayer.P7NBHUMRBYRGY9KJ - INFO - Intentando abrir URL: https://open.spotify.com/artist/3o9yGahQLPpDLMI6dABpIr?si=f8sTAXSOSoOf-DHKLlKGUQ (Intento 2/3)
2025-05-19 18:38:29,681 - Worker-P7NBHUMR - PlaylistPlayer.P7NBHUMRBYRGY9KJ - DEBUG - Forzando detención de Spotify (com.spotify.music) antes de abrir URL.
2025-05-19 18:38:30,393 - Worker-P7NBHUMR - PlaylistPlayer.P7NBHUMRBYRGY9KJ - DEBUG - Presionando HOME.
2025-05-19 18:38:32,511 - Worker-P7NBHUMR - PlaylistPlayer.P7NBHUMRBYRGY9KJ - DEBUG - Ejecutando ADB intent para URL: https://open.spotify.com/artist/3o9yGahQLPpDLMI6dABpIr?si=f8sTAXSOSoOf-DHKLlKGUQ
2025-05-19 18:38:34,371 - Worker-P7NBHUMR - PlaylistPlayer.P7NBHUMRBYRGY9KJ - DEBUG - Resultado ADB 'am start': stdout='Starting: Intent { act=android.intent.action.VIEW dat=https://open.spotify.com/... flg=0x10008000 }', stderr=''
2025-05-19 18:38:36,632 - Worker-P7NBHUMR - PlaylistPlayer.P7NBHUMRBYRGY9KJ - DEBUG - Esperando que la app se abra y estabilice (5-8s)...
2025-05-19 18:38:41,977 - Worker-P7NBHUMR - PlaylistPlayer.P7NBHUMRBYRGY9KJ - DEBUG - Verificando diálogo 'Abrir con'...
2025-05-19 18:38:47,582 - Worker-P7NBHUMR - PlaylistPlayer.P7NBHUMRBYRGY9KJ - DEBUG - No se detectó diálogo 'Abrir con' explícito.
2025-05-19 18:38:47,583 - Worker-P7NBHUMR - PlaylistPlayer.P7NBHUMRBYRGY9KJ - DEBUG - No se manejó el diálogo 'Abrir con' o no apareció.
2025-05-19 18:38:47,583 - Worker-P7NBHUMR - PlaylistPlayer.P7NBHUMRBYRGY9KJ - DEBUG - Verificando si Spotify está en primer plano...
2025-05-19 18:38:47,583 - Worker-P7NBHUMR - PlaylistPlayer.P7NBHUMRBYRGY9KJ - DEBUG - Intentando con comando dumpsys (1): adb -s P7NBHUMRBYRGY9KJ shell dumpsys activity top
2025-05-19 18:38:47,812 - Worker-P7NBHUMR - PlaylistPlayer.P7NBHUMRBYRGY9KJ - WARNING - Spotify NO parece estar en primer plano según dumpsys.
2025-05-19 18:38:47,813 - Worker-P7NBHUMR - PlaylistPlayer.P7NBHUMRBYRGY9KJ - DEBUG - Capturando pantalla en C:\Users\def\Documents\OTWMusicSystem_Final\OTWMusicSystem_Final\otw_project\OTW_MUSIC_SYSTEM\screenshots\P7NBHUMRBYRGY9KJ\spotify_not_foreground_screenshot_P7NBHUMRBYRGY9KJ_20250519_183847812714.png
2025-05-19 18:38:47,965 - Worker-P7NBHUMR - PlaylistPlayer.P7NBHUMRBYRGY9KJ - INFO - Captura de pantalla guardada: C:\Users\def\Documents\OTWMusicSystem_Final\OTWMusicSystem_Final\otw_project\OTW_MUSIC_SYSTEM\screenshots\P7NBHUMRBYRGY9KJ\spotify_not_foreground_screenshot_P7NBHUMRBYRGY9KJ_20250519_183847812714.png
2025-05-19 18:38:47,965 - Worker-P7NBHUMR - PlaylistPlayer.P7NBHUMRBYRGY9KJ - WARNING - Spotify no detectado en primer plano después de abrir https://open.spotify.com/artist/3o9yGahQLPpDLMI6dABpIr?si=f8sTAXSOSoOf-DHKLlKGUQ.
2025-05-19 18:38:47,966 - Worker-P7NBHUMR - PlaylistPlayer.P7NBHUMRBYRGY9KJ - DEBUG - Capturando pantalla en C:\Users\def\Documents\OTWMusicSystem_Final\OTWMusicSystem_Final\otw_project\OTW_MUSIC_SYSTEM\screenshots\P7NBHUMRBYRGY9KJ\spotify_not_fg_after_open_3o9yGahQLPpDLMI6dABpIr?si=f8sTAXSOSoOf-DHKLlKGUQ_screenshot_P7NBHUMRBYRGY9KJ_20250519_183847965834.png
2025-05-19 18:38:48,105 - Worker-P7NBHUMR - PlaylistPlayer.P7NBHUMRBYRGY9KJ - ERROR - Error al capturar pantalla: [Errno 22] Invalid argument: 'C:\\Users\\def\\Documents\\OTWMusicSystem_Final\\OTWMusicSystem_Final\\otw_project\\OTW_MUSIC_SYSTEM\\screenshots\\P7NBHUMRBYRGY9KJ\\spotify_not_fg_after_open_3o9yGahQLPpDLMI6dABpIr?si=f8sTAXSOSoOf-DHKLlKGUQ_screenshot_P7NBHUMRBYRGY9KJ_20250519_183847965834.png'
2025-05-19 18:38:48,106 - Worker-P7NBHUMR - PlaylistPlayer.P7NBHUMRBYRGY9KJ - INFO - Pausa antes de reintentar apertura de URL debido a no foreground (6.4s).
2025-05-19 18:38:54,960 - Worker-P7NBHUMR - PlaylistPlayer.P7NBHUMRBYRGY9KJ - INFO - Intentando abrir URL: https://open.spotify.com/artist/3o9yGahQLPpDLMI6dABpIr?si=f8sTAXSOSoOf-DHKLlKGUQ (Intento 3/3)
2025-05-19 18:38:54,960 - Worker-P7NBHUMR - PlaylistPlayer.P7NBHUMRBYRGY9KJ - DEBUG - Forzando detención de Spotify (com.spotify.music) antes de abrir URL.
2025-05-19 18:38:56,253 - Worker-P7NBHUMR - PlaylistPlayer.P7NBHUMRBYRGY9KJ - DEBUG - Presionando HOME.
2025-05-19 18:38:58,739 - Worker-P7NBHUMR - PlaylistPlayer.P7NBHUMRBYRGY9KJ - DEBUG - Ejecutando ADB intent para URL: https://open.spotify.com/artist/3o9yGahQLPpDLMI6dABpIr?si=f8sTAXSOSoOf-DHKLlKGUQ
2025-05-19 18:39:00,184 - Worker-P7NBHUMR - PlaylistPlayer.P7NBHUMRBYRGY9KJ - DEBUG - Resultado ADB 'am start': stdout='Starting: Intent { act=android.intent.action.VIEW dat=https://open.spotify.com/... flg=0x10008000 }', stderr=''
2025-05-19 18:39:02,335 - Worker-P7NBHUMR - PlaylistPlayer.P7NBHUMRBYRGY9KJ - DEBUG - Esperando que la app se abra y estabilice (5-8s)...
2025-05-19 18:39:09,282 - Worker-P7NBHUMR - PlaylistPlayer.P7NBHUMRBYRGY9KJ - DEBUG - Verificando diálogo 'Abrir con'...
2025-05-19 18:39:15,026 - Worker-P7NBHUMR - PlaylistPlayer.P7NBHUMRBYRGY9KJ - DEBUG - No se detectó diálogo 'Abrir con' explícito.
2025-05-19 18:39:15,027 - Worker-P7NBHUMR - PlaylistPlayer.P7NBHUMRBYRGY9KJ - DEBUG - No se manejó el diálogo 'Abrir con' o no apareció.
2025-05-19 18:39:15,027 - Worker-P7NBHUMR - PlaylistPlayer.P7NBHUMRBYRGY9KJ - DEBUG - Verificando si Spotify está en primer plano...
2025-05-19 18:39:15,027 - Worker-P7NBHUMR - PlaylistPlayer.P7NBHUMRBYRGY9KJ - DEBUG - Intentando con comando dumpsys (1): adb -s P7NBHUMRBYRGY9KJ shell dumpsys activity top
2025-05-19 18:39:15,200 - Worker-P7NBHUMR - PlaylistPlayer.P7NBHUMRBYRGY9KJ - WARNING - Spotify NO parece estar en primer plano según dumpsys.
2025-05-19 18:39:15,200 - Worker-P7NBHUMR - PlaylistPlayer.P7NBHUMRBYRGY9KJ - DEBUG - Capturando pantalla en C:\Users\def\Documents\OTWMusicSystem_Final\OTWMusicSystem_Final\otw_project\OTW_MUSIC_SYSTEM\screenshots\P7NBHUMRBYRGY9KJ\spotify_not_foreground_screenshot_P7NBHUMRBYRGY9KJ_20250519_183915200131.png
2025-05-19 18:39:15,369 - Worker-P7NBHUMR - PlaylistPlayer.P7NBHUMRBYRGY9KJ - INFO - Captura de pantalla guardada: C:\Users\def\Documents\OTWMusicSystem_Final\OTWMusicSystem_Final\otw_project\OTW_MUSIC_SYSTEM\screenshots\P7NBHUMRBYRGY9KJ\spotify_not_foreground_screenshot_P7NBHUMRBYRGY9KJ_20250519_183915200131.png
2025-05-19 18:39:15,369 - Worker-P7NBHUMR - PlaylistPlayer.P7NBHUMRBYRGY9KJ - WARNING - Spotify no detectado en primer plano después de abrir https://open.spotify.com/artist/3o9yGahQLPpDLMI6dABpIr?si=f8sTAXSOSoOf-DHKLlKGUQ.
2025-05-19 18:39:15,370 - Worker-P7NBHUMR - PlaylistPlayer.P7NBHUMRBYRGY9KJ - DEBUG - Capturando pantalla en C:\Users\def\Documents\OTWMusicSystem_Final\OTWMusicSystem_Final\otw_project\OTW_MUSIC_SYSTEM\screenshots\P7NBHUMRBYRGY9KJ\spotify_not_fg_after_open_3o9yGahQLPpDLMI6dABpIr?si=f8sTAXSOSoOf-DHKLlKGUQ_screenshot_P7NBHUMRBYRGY9KJ_20250519_183915369763.png
2025-05-19 18:39:15,529 - Worker-P7NBHUMR - PlaylistPlayer.P7NBHUMRBYRGY9KJ - ERROR - Error al capturar pantalla: [Errno 22] Invalid argument: 'C:\\Users\\def\\Documents\\OTWMusicSystem_Final\\OTWMusicSystem_Final\\otw_project\\OTW_MUSIC_SYSTEM\\screenshots\\P7NBHUMRBYRGY9KJ\\spotify_not_fg_after_open_3o9yGahQLPpDLMI6dABpIr?si=f8sTAXSOSoOf-DHKLlKGUQ_screenshot_P7NBHUMRBYRGY9KJ_20250519_183915369763.png'
2025-05-19 18:39:15,529 - Worker-P7NBHUMR - PlaylistPlayer.P7NBHUMRBYRGY9KJ - INFO - Pausa antes de reintentar apertura de URL debido a no foreground (5.2s).
2025-05-19 18:39:22,378 - Worker-P7NBHUMR - PlaylistPlayer.P7NBHUMRBYRGY9KJ - INFO - Intentando abrir URL: https://open.spotify.com/artist/3o9yGahQLPpDLMI6dABpIr?si=f8sTAXSOSoOf-DHKLlKGUQ (Intento 4/3)
2025-05-19 18:39:22,378 - Worker-P7NBHUMR - PlaylistPlayer.P7NBHUMRBYRGY9KJ - ERROR - Máximos reintentos (3) alcanzados para abrir URL https://open.spotify.com/artist/3o9yGahQLPpDLMI6dABpIr?si=f8sTAXSOSoOf-DHKLlKGUQ
2025-05-19 18:39:22,378 - Worker-P7NBHUMR - PlaylistPlayer.P7NBHUMRBYRGY9KJ - DEBUG - Capturando pantalla en C:\Users\def\Documents\OTWMusicSystem_Final\OTWMusicSystem_Final\otw_project\OTW_MUSIC_SYSTEM\screenshots\P7NBHUMRBYRGY9KJ\open_url_max_retries_fail_3o9yGahQLPpDLMI6dABpIr?si=f8sTAXSOSoOf-DHKLlKGUQ_screenshot_P7NBHUMRBYRGY9KJ_20250519_183922378407.png
2025-05-19 18:39:22,500 - Worker-P7NBHUMR - PlaylistPlayer.P7NBHUMRBYRGY9KJ - ERROR - Error al capturar pantalla: [Errno 22] Invalid argument: 'C:\\Users\\def\\Documents\\OTWMusicSystem_Final\\OTWMusicSystem_Final\\otw_project\\OTW_MUSIC_SYSTEM\\screenshots\\P7NBHUMRBYRGY9KJ\\open_url_max_retries_fail_3o9yGahQLPpDLMI6dABpIr?si=f8sTAXSOSoOf-DHKLlKGUQ_screenshot_P7NBHUMRBYRGY9KJ_20250519_183922378407.png'
2025-05-19 18:39:22,500 - Worker-P7NBHUMR - PlaylistPlayer.P7NBHUMRBYRGY9KJ - ERROR - No se pudo abrir la página del artista https://open.spotify.com/artist/3o9yGahQLPpDLMI6dABpIr?si=f8sTAXSOSoOf-DHKLlKGUQ. Terminando interacción.
2025-05-19 18:39:22,500 - Worker-P7NBHUMR - PlaylistPlayer.P7NBHUMRBYRGY9KJ - INFO - Sesión #3 completada. Pausa de 6.2s.
2025-05-19 18:39:28,685 - Worker-P7NBHUMR - PlaylistPlayer.P7NBHUMRBYRGY9KJ - INFO - --- Iniciando Sesión de Interacción #4 ---
2025-05-19 18:39:28,685 - Worker-P7NBHUMR - PlaylistPlayer.P7NBHUMRBYRGY9KJ - INFO - Selección: Artista Clave -> https://open.spotify.com/artist/4iYKhDCuNXSSrli6AOH6cw
2025-05-19 18:39:28,685 - Worker-P7NBHUMR - PlaylistPlayer.P7NBHUMRBYRGY9KJ - INFO - Iniciando interacción con ARTISTA: https://open.spotify.com/artist/4iYKhDCuNXSSrli6AOH6cw (KEY ARTIST)
2025-05-19 18:39:28,685 - Worker-P7NBHUMR - PlaylistPlayer.P7NBHUMRBYRGY9KJ - INFO - Intentando abrir URL: https://open.spotify.com/artist/4iYKhDCuNXSSrli6AOH6cw (Intento 1/3)
2025-05-19 18:39:28,685 - Worker-P7NBHUMR - PlaylistPlayer.P7NBHUMRBYRGY9KJ - DEBUG - Forzando detención de Spotify (com.spotify.music) antes de abrir URL.
2025-05-19 18:39:29,822 - Worker-P7NBHUMR - PlaylistPlayer.P7NBHUMRBYRGY9KJ - DEBUG - Presionando HOME.
2025-05-19 18:39:31,998 - Worker-P7NBHUMR - PlaylistPlayer.P7NBHUMRBYRGY9KJ - DEBUG - Ejecutando ADB intent para URL: https://open.spotify.com/artist/4iYKhDCuNXSSrli6AOH6cw
2025-05-19 18:39:33,477 - Worker-P7NBHUMR - PlaylistPlayer.P7NBHUMRBYRGY9KJ - DEBUG - Resultado ADB 'am start': stdout='Starting: Intent { act=android.intent.action.VIEW dat=https://open.spotify.com/... flg=0x10008000 }', stderr=''
2025-05-19 18:39:35,420 - Worker-P7NBHUMR - PlaylistPlayer.P7NBHUMRBYRGY9KJ - DEBUG - Esperando que la app se abra y estabilice (5-8s)...
2025-05-19 18:39:41,973 - Worker-P7NBHUMR - PlaylistPlayer.P7NBHUMRBYRGY9KJ - DEBUG - Verificando diálogo 'Abrir con'...
2025-05-19 18:39:47,519 - Worker-P7NBHUMR - PlaylistPlayer.P7NBHUMRBYRGY9KJ - DEBUG - No se detectó diálogo 'Abrir con' explícito.
2025-05-19 18:39:47,519 - Worker-P7NBHUMR - PlaylistPlayer.P7NBHUMRBYRGY9KJ - DEBUG - No se manejó el diálogo 'Abrir con' o no apareció.
2025-05-19 18:39:47,519 - Worker-P7NBHUMR - PlaylistPlayer.P7NBHUMRBYRGY9KJ - DEBUG - Verificando si Spotify está en primer plano...
2025-05-19 18:39:47,519 - Worker-P7NBHUMR - PlaylistPlayer.P7NBHUMRBYRGY9KJ - DEBUG - Intentando con comando dumpsys (1): adb -s P7NBHUMRBYRGY9KJ shell dumpsys activity top
2025-05-19 18:39:47,709 - Worker-P7NBHUMR - PlaylistPlayer.P7NBHUMRBYRGY9KJ - WARNING - Spotify NO parece estar en primer plano según dumpsys.
2025-05-19 18:39:47,710 - Worker-P7NBHUMR - PlaylistPlayer.P7NBHUMRBYRGY9KJ - DEBUG - Capturando pantalla en C:\Users\def\Documents\OTWMusicSystem_Final\OTWMusicSystem_Final\otw_project\OTW_MUSIC_SYSTEM\screenshots\P7NBHUMRBYRGY9KJ\spotify_not_foreground_screenshot_P7NBHUMRBYRGY9KJ_20250519_183947709620.png
2025-05-19 18:39:47,900 - Worker-P7NBHUMR - PlaylistPlayer.P7NBHUMRBYRGY9KJ - INFO - Captura de pantalla guardada: C:\Users\def\Documents\OTWMusicSystem_Final\OTWMusicSystem_Final\otw_project\OTW_MUSIC_SYSTEM\screenshots\P7NBHUMRBYRGY9KJ\spotify_not_foreground_screenshot_P7NBHUMRBYRGY9KJ_20250519_183947709620.png
2025-05-19 18:39:47,900 - Worker-P7NBHUMR - PlaylistPlayer.P7NBHUMRBYRGY9KJ - WARNING - Spotify no detectado en primer plano después de abrir https://open.spotify.com/artist/4iYKhDCuNXSSrli6AOH6cw.
2025-05-19 18:39:47,901 - Worker-P7NBHUMR - PlaylistPlayer.P7NBHUMRBYRGY9KJ - DEBUG - Capturando pantalla en C:\Users\def\Documents\OTWMusicSystem_Final\OTWMusicSystem_Final\otw_project\OTW_MUSIC_SYSTEM\screenshots\P7NBHUMRBYRGY9KJ\spotify_not_fg_after_open_4iYKhDCuNXSSrli6AOH6cw_screenshot_P7NBHUMRBYRGY9KJ_20250519_183947900702.png
2025-05-19 18:39:48,066 - Worker-P7NBHUMR - PlaylistPlayer.P7NBHUMRBYRGY9KJ - INFO - Captura de pantalla guardada: C:\Users\def\Documents\OTWMusicSystem_Final\OTWMusicSystem_Final\otw_project\OTW_MUSIC_SYSTEM\screenshots\P7NBHUMRBYRGY9KJ\spotify_not_fg_after_open_4iYKhDCuNXSSrli6AOH6cw_screenshot_P7NBHUMRBYRGY9KJ_20250519_183947900702.png
2025-05-19 18:39:48,066 - Worker-P7NBHUMR - PlaylistPlayer.P7NBHUMRBYRGY9KJ - INFO - Pausa antes de reintentar apertura de URL debido a no foreground (6.3s).
2025-05-19 18:39:54,188 - Worker-P7NBHUMR - PlaylistPlayer.P7NBHUMRBYRGY9KJ - INFO - Intentando abrir URL: https://open.spotify.com/artist/4iYKhDCuNXSSrli6AOH6cw (Intento 2/3)
2025-05-19 18:39:54,188 - Worker-P7NBHUMR - PlaylistPlayer.P7NBHUMRBYRGY9KJ - DEBUG - Forzando detención de Spotify (com.spotify.music) antes de abrir URL.
2025-05-19 18:39:55,080 - Worker-P7NBHUMR - PlaylistPlayer.P7NBHUMRBYRGY9KJ - DEBUG - Presionando HOME.
2025-05-19 18:39:57,540 - Worker-P7NBHUMR - PlaylistPlayer.P7NBHUMRBYRGY9KJ - DEBUG - Ejecutando ADB intent para URL: https://open.spotify.com/artist/4iYKhDCuNXSSrli6AOH6cw
2025-05-19 18:39:59,237 - Worker-P7NBHUMR - PlaylistPlayer.P7NBHUMRBYRGY9KJ - DEBUG - Resultado ADB 'am start': stdout='Starting: Intent { act=android.intent.action.VIEW dat=https://open.spotify.com/... flg=0x10008000 }', stderr=''
2025-05-19 18:40:01,706 - Worker-P7NBHUMR - PlaylistPlayer.P7NBHUMRBYRGY9KJ - DEBUG - Esperando que la app se abra y estabilice (5-8s)...
2025-05-19 18:40:09,013 - Worker-P7NBHUMR - PlaylistPlayer.P7NBHUMRBYRGY9KJ - DEBUG - Verificando diálogo 'Abrir con'...
2025-05-19 18:40:14,629 - Worker-P7NBHUMR - PlaylistPlayer.P7NBHUMRBYRGY9KJ - DEBUG - No se detectó diálogo 'Abrir con' explícito.
2025-05-19 18:40:14,629 - Worker-P7NBHUMR - PlaylistPlayer.P7NBHUMRBYRGY9KJ - DEBUG - No se manejó el diálogo 'Abrir con' o no apareció.
2025-05-19 18:40:14,629 - Worker-P7NBHUMR - PlaylistPlayer.P7NBHUMRBYRGY9KJ - DEBUG - Verificando si Spotify está en primer plano...
2025-05-19 18:40:14,630 - Worker-P7NBHUMR - PlaylistPlayer.P7NBHUMRBYRGY9KJ - DEBUG - Intentando con comando dumpsys (1): adb -s P7NBHUMRBYRGY9KJ shell dumpsys activity top
2025-05-19 18:40:14,869 - Worker-P7NBHUMR - PlaylistPlayer.P7NBHUMRBYRGY9KJ - WARNING - Spotify NO parece estar en primer plano según dumpsys.
2025-05-19 18:40:14,869 - Worker-P7NBHUMR - PlaylistPlayer.P7NBHUMRBYRGY9KJ - DEBUG - Capturando pantalla en C:\Users\def\Documents\OTWMusicSystem_Final\OTWMusicSystem_Final\otw_project\OTW_MUSIC_SYSTEM\screenshots\P7NBHUMRBYRGY9KJ\spotify_not_foreground_screenshot_P7NBHUMRBYRGY9KJ_20250519_184014869581.png
2025-05-19 18:40:15,036 - Worker-P7NBHUMR - PlaylistPlayer.P7NBHUMRBYRGY9KJ - INFO - Captura de pantalla guardada: C:\Users\def\Documents\OTWMusicSystem_Final\OTWMusicSystem_Final\otw_project\OTW_MUSIC_SYSTEM\screenshots\P7NBHUMRBYRGY9KJ\spotify_not_foreground_screenshot_P7NBHUMRBYRGY9KJ_20250519_184014869581.png
2025-05-19 18:40:15,037 - Worker-P7NBHUMR - PlaylistPlayer.P7NBHUMRBYRGY9KJ - WARNING - Spotify no detectado en primer plano después de abrir https://open.spotify.com/artist/4iYKhDCuNXSSrli6AOH6cw.
2025-05-19 18:40:15,037 - Worker-P7NBHUMR - PlaylistPlayer.P7NBHUMRBYRGY9KJ - DEBUG - Capturando pantalla en C:\Users\def\Documents\OTWMusicSystem_Final\OTWMusicSystem_Final\otw_project\OTW_MUSIC_SYSTEM\screenshots\P7NBHUMRBYRGY9KJ\spotify_not_fg_after_open_4iYKhDCuNXSSrli6AOH6cw_screenshot_P7NBHUMRBYRGY9KJ_20250519_184015037006.png
2025-05-19 18:40:15,217 - Worker-P7NBHUMR - PlaylistPlayer.P7NBHUMRBYRGY9KJ - INFO - Captura de pantalla guardada: C:\Users\def\Documents\OTWMusicSystem_Final\OTWMusicSystem_Final\otw_project\OTW_MUSIC_SYSTEM\screenshots\P7NBHUMRBYRGY9KJ\spotify_not_fg_after_open_4iYKhDCuNXSSrli6AOH6cw_screenshot_P7NBHUMRBYRGY9KJ_20250519_184015037006.png
2025-05-19 18:40:15,218 - Worker-P7NBHUMR - PlaylistPlayer.P7NBHUMRBYRGY9KJ - INFO - Pausa antes de reintentar apertura de URL debido a no foreground (4.8s).
2025-05-19 18:40:21,749 - Worker-P7NBHUMR - PlaylistPlayer.P7NBHUMRBYRGY9KJ - INFO - Intentando abrir URL: https://open.spotify.com/artist/4iYKhDCuNXSSrli6AOH6cw (Intento 3/3)
2025-05-19 18:40:21,749 - Worker-P7NBHUMR - PlaylistPlayer.P7NBHUMRBYRGY9KJ - DEBUG - Forzando detención de Spotify (com.spotify.music) antes de abrir URL.
2025-05-19 18:40:22,454 - Worker-P7NBHUMR - PlaylistPlayer.P7NBHUMRBYRGY9KJ - DEBUG - Presionando HOME.
2025-05-19 18:40:24,431 - Worker-P7NBHUMR - PlaylistPlayer.P7NBHUMRBYRGY9KJ - DEBUG - Ejecutando ADB intent para URL: https://open.spotify.com/artist/4iYKhDCuNXSSrli6AOH6cw
2025-05-19 18:40:25,484 - Worker-P7NBHUMR - PlaylistPlayer.P7NBHUMRBYRGY9KJ - DEBUG - Resultado ADB 'am start': stdout='Starting: Intent { act=android.intent.action.VIEW dat=https://open.spotify.com/... flg=0x10008000 }', stderr=''
2025-05-19 18:40:27,400 - Worker-P7NBHUMR - PlaylistPlayer.P7NBHUMRBYRGY9KJ - DEBUG - Esperando que la app se abra y estabilice (5-8s)...
2025-05-19 18:40:34,187 - Worker-P7NBHUMR - PlaylistPlayer.P7NBHUMRBYRGY9KJ - DEBUG - Verificando diálogo 'Abrir con'...
2025-05-19 18:40:39,853 - Worker-P7NBHUMR - PlaylistPlayer.P7NBHUMRBYRGY9KJ - DEBUG - No se detectó diálogo 'Abrir con' explícito.
2025-05-19 18:40:39,853 - Worker-P7NBHUMR - PlaylistPlayer.P7NBHUMRBYRGY9KJ - DEBUG - No se manejó el diálogo 'Abrir con' o no apareció.
2025-05-19 18:40:39,854 - Worker-P7NBHUMR - PlaylistPlayer.P7NBHUMRBYRGY9KJ - DEBUG - Verificando si Spotify está en primer plano...
2025-05-19 18:40:39,854 - Worker-P7NBHUMR - PlaylistPlayer.P7NBHUMRBYRGY9KJ - DEBUG - Intentando con comando dumpsys (1): adb -s P7NBHUMRBYRGY9KJ shell dumpsys activity top
2025-05-19 18:40:40,016 - Worker-P7NBHUMR - PlaylistPlayer.P7NBHUMRBYRGY9KJ - WARNING - Spotify NO parece estar en primer plano según dumpsys.
2025-05-19 18:40:40,017 - Worker-P7NBHUMR - PlaylistPlayer.P7NBHUMRBYRGY9KJ - DEBUG - Capturando pantalla en C:\Users\def\Documents\OTWMusicSystem_Final\OTWMusicSystem_Final\otw_project\OTW_MUSIC_SYSTEM\screenshots\P7NBHUMRBYRGY9KJ\spotify_not_foreground_screenshot_P7NBHUMRBYRGY9KJ_20250519_184040016832.png
2025-05-19 18:40:40,168 - Worker-P7NBHUMR - PlaylistPlayer.P7NBHUMRBYRGY9KJ - INFO - Captura de pantalla guardada: C:\Users\def\Documents\OTWMusicSystem_Final\OTWMusicSystem_Final\otw_project\OTW_MUSIC_SYSTEM\screenshots\P7NBHUMRBYRGY9KJ\spotify_not_foreground_screenshot_P7NBHUMRBYRGY9KJ_20250519_184040016832.png
2025-05-19 18:40:40,169 - Worker-P7NBHUMR - PlaylistPlayer.P7NBHUMRBYRGY9KJ - WARNING - Spotify no detectado en primer plano después de abrir https://open.spotify.com/artist/4iYKhDCuNXSSrli6AOH6cw.
2025-05-19 18:40:40,169 - Worker-P7NBHUMR - PlaylistPlayer.P7NBHUMRBYRGY9KJ - DEBUG - Capturando pantalla en C:\Users\def\Documents\OTWMusicSystem_Final\OTWMusicSystem_Final\otw_project\OTW_MUSIC_SYSTEM\screenshots\P7NBHUMRBYRGY9KJ\spotify_not_fg_after_open_4iYKhDCuNXSSrli6AOH6cw_screenshot_P7NBHUMRBYRGY9KJ_20250519_184040169381.png
2025-05-19 18:40:40,326 - Worker-P7NBHUMR - PlaylistPlayer.P7NBHUMRBYRGY9KJ - INFO - Captura de pantalla guardada: C:\Users\def\Documents\OTWMusicSystem_Final\OTWMusicSystem_Final\otw_project\OTW_MUSIC_SYSTEM\screenshots\P7NBHUMRBYRGY9KJ\spotify_not_fg_after_open_4iYKhDCuNXSSrli6AOH6cw_screenshot_P7NBHUMRBYRGY9KJ_20250519_184040169381.png
2025-05-19 18:40:40,326 - Worker-P7NBHUMR - PlaylistPlayer.P7NBHUMRBYRGY9KJ - INFO - Pausa antes de reintentar apertura de URL debido a no foreground (4.4s).
2025-05-19 18:40:46,566 - Worker-P7NBHUMR - PlaylistPlayer.P7NBHUMRBYRGY9KJ - INFO - Intentando abrir URL: https://open.spotify.com/artist/4iYKhDCuNXSSrli6AOH6cw (Intento 4/3)
2025-05-19 18:40:46,566 - Worker-P7NBHUMR - PlaylistPlayer.P7NBHUMRBYRGY9KJ - ERROR - Máximos reintentos (3) alcanzados para abrir URL https://open.spotify.com/artist/4iYKhDCuNXSSrli6AOH6cw
2025-05-19 18:40:46,567 - Worker-P7NBHUMR - PlaylistPlayer.P7NBHUMRBYRGY9KJ - DEBUG - Capturando pantalla en C:\Users\def\Documents\OTWMusicSystem_Final\OTWMusicSystem_Final\otw_project\OTW_MUSIC_SYSTEM\screenshots\P7NBHUMRBYRGY9KJ\open_url_max_retries_fail_4iYKhDCuNXSSrli6AOH6cw_screenshot_P7NBHUMRBYRGY9KJ_20250519_184046566873.png
2025-05-19 18:40:46,749 - Worker-P7NBHUMR - PlaylistPlayer.P7NBHUMRBYRGY9KJ - INFO - Captura de pantalla guardada: C:\Users\def\Documents\OTWMusicSystem_Final\OTWMusicSystem_Final\otw_project\OTW_MUSIC_SYSTEM\screenshots\P7NBHUMRBYRGY9KJ\open_url_max_retries_fail_4iYKhDCuNXSSrli6AOH6cw_screenshot_P7NBHUMRBYRGY9KJ_20250519_184046566873.png
2025-05-19 18:40:46,749 - Worker-P7NBHUMR - PlaylistPlayer.P7NBHUMRBYRGY9KJ - ERROR - No se pudo abrir la página del artista https://open.spotify.com/artist/4iYKhDCuNXSSrli6AOH6cw. Terminando interacción.
2025-05-19 18:40:46,750 - Worker-P7NBHUMR - PlaylistPlayer.P7NBHUMRBYRGY9KJ - INFO - Sesión #4 completada. Pausa de 7.1s.
2025-05-19 18:40:53,808 - Worker-P7NBHUMR - PlaylistPlayer.P7NBHUMRBYRGY9KJ - INFO - --- Iniciando Sesión de Interacción #5 ---
2025-05-19 18:40:53,808 - Worker-P7NBHUMR - PlaylistPlayer.P7NBHUMRBYRGY9KJ - INFO - Selección: Artista Clave -> https://open.spotify.com/artist/77slAN1w8sLCiCGwiZmNEF
2025-05-19 18:40:53,808 - Worker-P7NBHUMR - PlaylistPlayer.P7NBHUMRBYRGY9KJ - INFO - Iniciando interacción con ARTISTA: https://open.spotify.com/artist/77slAN1w8sLCiCGwiZmNEF (KEY ARTIST)
2025-05-19 18:40:53,808 - Worker-P7NBHUMR - PlaylistPlayer.P7NBHUMRBYRGY9KJ - INFO - Intentando abrir URL: https://open.spotify.com/artist/77slAN1w8sLCiCGwiZmNEF (Intento 1/3)
2025-05-19 18:40:53,809 - Worker-P7NBHUMR - PlaylistPlayer.P7NBHUMRBYRGY9KJ - DEBUG - Forzando detención de Spotify (com.spotify.music) antes de abrir URL.
2025-05-19 18:40:54,747 - Worker-P7NBHUMR - PlaylistPlayer.P7NBHUMRBYRGY9KJ - DEBUG - Presionando HOME.
2025-05-19 18:40:56,694 - Worker-P7NBHUMR - PlaylistPlayer.P7NBHUMRBYRGY9KJ - DEBUG - Ejecutando ADB intent para URL: https://open.spotify.com/artist/77slAN1w8sLCiCGwiZmNEF
2025-05-19 18:40:58,387 - Worker-P7NBHUMR - PlaylistPlayer.P7NBHUMRBYRGY9KJ - DEBUG - Resultado ADB 'am start': stdout='Starting: Intent { act=android.intent.action.VIEW dat=https://open.spotify.com/... flg=0x10008000 }', stderr=''
2025-05-19 18:41:00,225 - Worker-P7NBHUMR - PlaylistPlayer.P7NBHUMRBYRGY9KJ - DEBUG - Esperando que la app se abra y estabilice (5-8s)...
2025-05-19 18:41:06,231 - Worker-P7NBHUMR - PlaylistPlayer.P7NBHUMRBYRGY9KJ - DEBUG - Verificando diálogo 'Abrir con'...
2025-05-19 18:41:11,957 - Worker-P7NBHUMR - PlaylistPlayer.P7NBHUMRBYRGY9KJ - DEBUG - No se detectó diálogo 'Abrir con' explícito.
2025-05-19 18:41:11,957 - Worker-P7NBHUMR - PlaylistPlayer.P7NBHUMRBYRGY9KJ - DEBUG - No se manejó el diálogo 'Abrir con' o no apareció.
2025-05-19 18:41:11,957 - Worker-P7NBHUMR - PlaylistPlayer.P7NBHUMRBYRGY9KJ - DEBUG - Verificando si Spotify está en primer plano...
2025-05-19 18:41:11,957 - Worker-P7NBHUMR - PlaylistPlayer.P7NBHUMRBYRGY9KJ - DEBUG - Intentando con comando dumpsys (1): adb -s P7NBHUMRBYRGY9KJ shell dumpsys activity top
2025-05-19 18:41:12,123 - Worker-P7NBHUMR - PlaylistPlayer.P7NBHUMRBYRGY9KJ - WARNING - Spotify NO parece estar en primer plano según dumpsys.
2025-05-19 18:41:12,123 - Worker-P7NBHUMR - PlaylistPlayer.P7NBHUMRBYRGY9KJ - DEBUG - Capturando pantalla en C:\Users\def\Documents\OTWMusicSystem_Final\OTWMusicSystem_Final\otw_project\OTW_MUSIC_SYSTEM\screenshots\P7NBHUMRBYRGY9KJ\spotify_not_foreground_screenshot_P7NBHUMRBYRGY9KJ_20250519_184112123749.png
2025-05-19 18:41:12,279 - Worker-P7NBHUMR - PlaylistPlayer.P7NBHUMRBYRGY9KJ - INFO - Captura de pantalla guardada: C:\Users\def\Documents\OTWMusicSystem_Final\OTWMusicSystem_Final\otw_project\OTW_MUSIC_SYSTEM\screenshots\P7NBHUMRBYRGY9KJ\spotify_not_foreground_screenshot_P7NBHUMRBYRGY9KJ_20250519_184112123749.png
2025-05-19 18:41:12,279 - Worker-P7NBHUMR - PlaylistPlayer.P7NBHUMRBYRGY9KJ - WARNING - Spotify no detectado en primer plano después de abrir https://open.spotify.com/artist/77slAN1w8sLCiCGwiZmNEF.
2025-05-19 18:41:12,280 - Worker-P7NBHUMR - PlaylistPlayer.P7NBHUMRBYRGY9KJ - DEBUG - Capturando pantalla en C:\Users\def\Documents\OTWMusicSystem_Final\OTWMusicSystem_Final\otw_project\OTW_MUSIC_SYSTEM\screenshots\P7NBHUMRBYRGY9KJ\spotify_not_fg_after_open_77slAN1w8sLCiCGwiZmNEF_screenshot_P7NBHUMRBYRGY9KJ_20250519_184112280074.png
2025-05-19 18:41:12,444 - Worker-P7NBHUMR - PlaylistPlayer.P7NBHUMRBYRGY9KJ - INFO - Captura de pantalla guardada: C:\Users\def\Documents\OTWMusicSystem_Final\OTWMusicSystem_Final\otw_project\OTW_MUSIC_SYSTEM\screenshots\P7NBHUMRBYRGY9KJ\spotify_not_fg_after_open_77slAN1w8sLCiCGwiZmNEF_screenshot_P7NBHUMRBYRGY9KJ_20250519_184112280074.png
2025-05-19 18:41:12,444 - Worker-P7NBHUMR - PlaylistPlayer.P7NBHUMRBYRGY9KJ - INFO - Pausa antes de reintentar apertura de URL debido a no foreground (4.6s).
2025-05-19 18:41:19,009 - Worker-P7NBHUMR - PlaylistPlayer.P7NBHUMRBYRGY9KJ - INFO - Intentando abrir URL: https://open.spotify.com/artist/77slAN1w8sLCiCGwiZmNEF (Intento 2/3)
2025-05-19 18:41:19,009 - Worker-P7NBHUMR - PlaylistPlayer.P7NBHUMRBYRGY9KJ - DEBUG - Forzando detención de Spotify (com.spotify.music) antes de abrir URL.
2025-05-19 18:41:20,056 - Worker-P7NBHUMR - PlaylistPlayer.P7NBHUMRBYRGY9KJ - DEBUG - Presionando HOME.
2025-05-19 18:41:22,395 - Worker-P7NBHUMR - PlaylistPlayer.P7NBHUMRBYRGY9KJ - DEBUG - Ejecutando ADB intent para URL: https://open.spotify.com/artist/77slAN1w8sLCiCGwiZmNEF
2025-05-19 18:41:23,806 - Worker-P7NBHUMR - PlaylistPlayer.P7NBHUMRBYRGY9KJ - DEBUG - Resultado ADB 'am start': stdout='Starting: Intent { act=android.intent.action.VIEW dat=https://open.spotify.com/... flg=0x10008000 }', stderr=''
2025-05-19 18:41:25,137 - Worker-P7NBHUMR - PlaylistPlayer.P7NBHUMRBYRGY9KJ - DEBUG - Esperando que la app se abra y estabilice (5-8s)...
2025-05-19 18:41:32,804 - Worker-P7NBHUMR - PlaylistPlayer.P7NBHUMRBYRGY9KJ - DEBUG - Verificando diálogo 'Abrir con'...
2025-05-19 18:41:38,389 - Worker-P7NBHUMR - PlaylistPlayer.P7NBHUMRBYRGY9KJ - DEBUG - No se detectó diálogo 'Abrir con' explícito.
2025-05-19 18:41:38,389 - Worker-P7NBHUMR - PlaylistPlayer.P7NBHUMRBYRGY9KJ - DEBUG - No se manejó el diálogo 'Abrir con' o no apareció.
2025-05-19 18:41:38,389 - Worker-P7NBHUMR - PlaylistPlayer.P7NBHUMRBYRGY9KJ - DEBUG - Verificando si Spotify está en primer plano...
2025-05-19 18:41:38,389 - Worker-P7NBHUMR - PlaylistPlayer.P7NBHUMRBYRGY9KJ - DEBUG - Intentando con comando dumpsys (1): adb -s P7NBHUMRBYRGY9KJ shell dumpsys activity top
2025-05-19 18:41:38,549 - Worker-P7NBHUMR - PlaylistPlayer.P7NBHUMRBYRGY9KJ - WARNING - Spotify NO parece estar en primer plano según dumpsys.
2025-05-19 18:41:38,549 - Worker-P7NBHUMR - PlaylistPlayer.P7NBHUMRBYRGY9KJ - DEBUG - Capturando pantalla en C:\Users\def\Documents\OTWMusicSystem_Final\OTWMusicSystem_Final\otw_project\OTW_MUSIC_SYSTEM\screenshots\P7NBHUMRBYRGY9KJ\spotify_not_foreground_screenshot_P7NBHUMRBYRGY9KJ_20250519_184138549072.png
2025-05-19 18:41:38,735 - Worker-P7NBHUMR - PlaylistPlayer.P7NBHUMRBYRGY9KJ - INFO - Captura de pantalla guardada: C:\Users\def\Documents\OTWMusicSystem_Final\OTWMusicSystem_Final\otw_project\OTW_MUSIC_SYSTEM\screenshots\P7NBHUMRBYRGY9KJ\spotify_not_foreground_screenshot_P7NBHUMRBYRGY9KJ_20250519_184138549072.png
2025-05-19 18:41:38,735 - Worker-P7NBHUMR - PlaylistPlayer.P7NBHUMRBYRGY9KJ - WARNING - Spotify no detectado en primer plano después de abrir https://open.spotify.com/artist/77slAN1w8sLCiCGwiZmNEF.
2025-05-19 18:41:38,736 - Worker-P7NBHUMR - PlaylistPlayer.P7NBHUMRBYRGY9KJ - DEBUG - Capturando pantalla en C:\Users\def\Documents\OTWMusicSystem_Final\OTWMusicSystem_Final\otw_project\OTW_MUSIC_SYSTEM\screenshots\P7NBHUMRBYRGY9KJ\spotify_not_fg_after_open_77slAN1w8sLCiCGwiZmNEF_screenshot_P7NBHUMRBYRGY9KJ_20250519_184138735976.png
2025-05-19 18:41:38,904 - Worker-P7NBHUMR - PlaylistPlayer.P7NBHUMRBYRGY9KJ - INFO - Captura de pantalla guardada: C:\Users\def\Documents\OTWMusicSystem_Final\OTWMusicSystem_Final\otw_project\OTW_MUSIC_SYSTEM\screenshots\P7NBHUMRBYRGY9KJ\spotify_not_fg_after_open_77slAN1w8sLCiCGwiZmNEF_screenshot_P7NBHUMRBYRGY9KJ_20250519_184138735976.png
2025-05-19 18:41:38,904 - Worker-P7NBHUMR - PlaylistPlayer.P7NBHUMRBYRGY9KJ - INFO - Pausa antes de reintentar apertura de URL debido a no foreground (4.8s).
2025-05-19 18:41:45,770 - Worker-P7NBHUMR - PlaylistPlayer.P7NBHUMRBYRGY9KJ - INFO - Intentando abrir URL: https://open.spotify.com/artist/77slAN1w8sLCiCGwiZmNEF (Intento 3/3)
2025-05-19 18:41:45,771 - Worker-P7NBHUMR - PlaylistPlayer.P7NBHUMRBYRGY9KJ - DEBUG - Forzando detención de Spotify (com.spotify.music) antes de abrir URL.
2025-05-19 18:41:46,801 - Worker-P7NBHUMR - PlaylistPlayer.P7NBHUMRBYRGY9KJ - DEBUG - Presionando HOME.
2025-05-19 18:41:48,896 - Worker-P7NBHUMR - PlaylistPlayer.P7NBHUMRBYRGY9KJ - DEBUG - Ejecutando ADB intent para URL: https://open.spotify.com/artist/77slAN1w8sLCiCGwiZmNEF
2025-05-19 18:41:50,532 - Worker-P7NBHUMR - PlaylistPlayer.P7NBHUMRBYRGY9KJ - DEBUG - Resultado ADB 'am start': stdout='Starting: Intent { act=android.intent.action.VIEW dat=https://open.spotify.com/... flg=0x10008000 }', stderr=''
2025-05-19 18:41:52,783 - Worker-P7NBHUMR - PlaylistPlayer.P7NBHUMRBYRGY9KJ - DEBUG - Esperando que la app se abra y estabilice (5-8s)...
2025-05-19 18:41:59,825 - Worker-P7NBHUMR - PlaylistPlayer.P7NBHUMRBYRGY9KJ - DEBUG - Verificando diálogo 'Abrir con'...
2025-05-19 18:42:05,353 - Worker-P7NBHUMR - PlaylistPlayer.P7NBHUMRBYRGY9KJ - DEBUG - No se detectó diálogo 'Abrir con' explícito.
2025-05-19 18:42:05,353 - Worker-P7NBHUMR - PlaylistPlayer.P7NBHUMRBYRGY9KJ - DEBUG - No se manejó el diálogo 'Abrir con' o no apareció.
2025-05-19 18:42:05,353 - Worker-P7NBHUMR - PlaylistPlayer.P7NBHUMRBYRGY9KJ - DEBUG - Verificando si Spotify está en primer plano...
2025-05-19 18:42:05,353 - Worker-P7NBHUMR - PlaylistPlayer.P7NBHUMRBYRGY9KJ - DEBUG - Intentando con comando dumpsys (1): adb -s P7NBHUMRBYRGY9KJ shell dumpsys activity top
2025-05-19 18:42:05,546 - Worker-P7NBHUMR - PlaylistPlayer.P7NBHUMRBYRGY9KJ - WARNING - Spotify NO parece estar en primer plano según dumpsys.
2025-05-19 18:42:05,546 - Worker-P7NBHUMR - PlaylistPlayer.P7NBHUMRBYRGY9KJ - DEBUG - Capturando pantalla en C:\Users\def\Documents\OTWMusicSystem_Final\OTWMusicSystem_Final\otw_project\OTW_MUSIC_SYSTEM\screenshots\P7NBHUMRBYRGY9KJ\spotify_not_foreground_screenshot_P7NBHUMRBYRGY9KJ_20250519_184205546404.png
2025-05-19 18:42:05,698 - Worker-P7NBHUMR - PlaylistPlayer.P7NBHUMRBYRGY9KJ - INFO - Captura de pantalla guardada: C:\Users\def\Documents\OTWMusicSystem_Final\OTWMusicSystem_Final\otw_project\OTW_MUSIC_SYSTEM\screenshots\P7NBHUMRBYRGY9KJ\spotify_not_foreground_screenshot_P7NBHUMRBYRGY9KJ_20250519_184205546404.png
2025-05-19 18:42:05,698 - Worker-P7NBHUMR - PlaylistPlayer.P7NBHUMRBYRGY9KJ - WARNING - Spotify no detectado en primer plano después de abrir https://open.spotify.com/artist/77slAN1w8sLCiCGwiZmNEF.
2025-05-19 18:42:05,698 - Worker-P7NBHUMR - PlaylistPlayer.P7NBHUMRBYRGY9KJ - DEBUG - Capturando pantalla en C:\Users\def\Documents\OTWMusicSystem_Final\OTWMusicSystem_Final\otw_project\OTW_MUSIC_SYSTEM\screenshots\P7NBHUMRBYRGY9KJ\spotify_not_fg_after_open_77slAN1w8sLCiCGwiZmNEF_screenshot_P7NBHUMRBYRGY9KJ_20250519_184205698053.png
2025-05-19 18:42:05,926 - Worker-P7NBHUMR - PlaylistPlayer.P7NBHUMRBYRGY9KJ - INFO - Captura de pantalla guardada: C:\Users\def\Documents\OTWMusicSystem_Final\OTWMusicSystem_Final\otw_project\OTW_MUSIC_SYSTEM\screenshots\P7NBHUMRBYRGY9KJ\spotify_not_fg_after_open_77slAN1w8sLCiCGwiZmNEF_screenshot_P7NBHUMRBYRGY9KJ_20250519_184205698053.png
2025-05-19 18:42:05,926 - Worker-P7NBHUMR - PlaylistPlayer.P7NBHUMRBYRGY9KJ - INFO - Pausa antes de reintentar apertura de URL debido a no foreground (6.0s).
2025-05-19 18:42:12,416 - Worker-P7NBHUMR - PlaylistPlayer.P7NBHUMRBYRGY9KJ - INFO - Intentando abrir URL: https://open.spotify.com/artist/77slAN1w8sLCiCGwiZmNEF (Intento 4/3)
2025-05-19 18:42:12,416 - Worker-P7NBHUMR - PlaylistPlayer.P7NBHUMRBYRGY9KJ - ERROR - Máximos reintentos (3) alcanzados para abrir URL https://open.spotify.com/artist/77slAN1w8sLCiCGwiZmNEF
2025-05-19 18:42:12,416 - Worker-P7NBHUMR - PlaylistPlayer.P7NBHUMRBYRGY9KJ - DEBUG - Capturando pantalla en C:\Users\def\Documents\OTWMusicSystem_Final\OTWMusicSystem_Final\otw_project\OTW_MUSIC_SYSTEM\screenshots\P7NBHUMRBYRGY9KJ\open_url_max_retries_fail_77slAN1w8sLCiCGwiZmNEF_screenshot_P7NBHUMRBYRGY9KJ_20250519_184212416003.png
2025-05-19 18:42:12,587 - Worker-P7NBHUMR - PlaylistPlayer.P7NBHUMRBYRGY9KJ - INFO - Captura de pantalla guardada: C:\Users\def\Documents\OTWMusicSystem_Final\OTWMusicSystem_Final\otw_project\OTW_MUSIC_SYSTEM\screenshots\P7NBHUMRBYRGY9KJ\open_url_max_retries_fail_77slAN1w8sLCiCGwiZmNEF_screenshot_P7NBHUMRBYRGY9KJ_20250519_184212416003.png
2025-05-19 18:42:12,587 - Worker-P7NBHUMR - PlaylistPlayer.P7NBHUMRBYRGY9KJ - ERROR - No se pudo abrir la página del artista https://open.spotify.com/artist/77slAN1w8sLCiCGwiZmNEF. Terminando interacción.
2025-05-19 18:42:12,587 - Worker-P7NBHUMR - PlaylistPlayer.P7NBHUMRBYRGY9KJ - INFO - Sesión #5 completada. Pausa de 5.5s.
2025-05-19 18:42:18,096 - Worker-P7NBHUMR - PlaylistPlayer.P7NBHUMRBYRGY9KJ - INFO - --- Iniciando Sesión de Interacción #6 ---
2025-05-19 18:42:18,096 - Worker-P7NBHUMR - PlaylistPlayer.P7NBHUMRBYRGY9KJ - INFO - Selección: Artista Clave -> https://open.spotify.com/artist/77slAN1w8sLCiCGwiZmNEF
2025-05-19 18:42:18,096 - Worker-P7NBHUMR - PlaylistPlayer.P7NBHUMRBYRGY9KJ - INFO - Iniciando interacción con ARTISTA: https://open.spotify.com/artist/77slAN1w8sLCiCGwiZmNEF (KEY ARTIST)
2025-05-19 18:42:18,096 - Worker-P7NBHUMR - PlaylistPlayer.P7NBHUMRBYRGY9KJ - INFO - Intentando abrir URL: https://open.spotify.com/artist/77slAN1w8sLCiCGwiZmNEF (Intento 1/3)
2025-05-19 18:42:18,096 - Worker-P7NBHUMR - PlaylistPlayer.P7NBHUMRBYRGY9KJ - DEBUG - Forzando detención de Spotify (com.spotify.music) antes de abrir URL.
2025-05-19 18:42:19,160 - Worker-P7NBHUMR - PlaylistPlayer.P7NBHUMRBYRGY9KJ - DEBUG - Presionando HOME.
2025-05-19 18:42:21,447 - Worker-P7NBHUMR - PlaylistPlayer.P7NBHUMRBYRGY9KJ - DEBUG - Ejecutando ADB intent para URL: https://open.spotify.com/artist/77slAN1w8sLCiCGwiZmNEF
2025-05-19 18:42:22,547 - Worker-P7NBHUMR - PlaylistPlayer.P7NBHUMRBYRGY9KJ - DEBUG - Resultado ADB 'am start': stdout='Starting: Intent { act=android.intent.action.VIEW dat=https://open.spotify.com/... flg=0x10008000 }', stderr=''
2025-05-19 18:42:24,034 - Worker-P7NBHUMR - PlaylistPlayer.P7NBHUMRBYRGY9KJ - DEBUG - Esperando que la app se abra y estabilice (5-8s)...
2025-05-19 18:42:31,747 - Worker-P7NBHUMR - PlaylistPlayer.P7NBHUMRBYRGY9KJ - DEBUG - Verificando diálogo 'Abrir con'...
2025-05-19 18:42:37,340 - Worker-P7NBHUMR - PlaylistPlayer.P7NBHUMRBYRGY9KJ - DEBUG - No se detectó diálogo 'Abrir con' explícito.
2025-05-19 18:42:37,340 - Worker-P7NBHUMR - PlaylistPlayer.P7NBHUMRBYRGY9KJ - DEBUG - No se manejó el diálogo 'Abrir con' o no apareció.
2025-05-19 18:42:37,340 - Worker-P7NBHUMR - PlaylistPlayer.P7NBHUMRBYRGY9KJ - DEBUG - Verificando si Spotify está en primer plano...
2025-05-19 18:42:37,340 - Worker-P7NBHUMR - PlaylistPlayer.P7NBHUMRBYRGY9KJ - DEBUG - Intentando con comando dumpsys (1): adb -s P7NBHUMRBYRGY9KJ shell dumpsys activity top
2025-05-19 18:42:37,529 - Worker-P7NBHUMR - PlaylistPlayer.P7NBHUMRBYRGY9KJ - WARNING - Spotify NO parece estar en primer plano según dumpsys.
2025-05-19 18:42:37,529 - Worker-P7NBHUMR - PlaylistPlayer.P7NBHUMRBYRGY9KJ - DEBUG - Capturando pantalla en C:\Users\def\Documents\OTWMusicSystem_Final\OTWMusicSystem_Final\otw_project\OTW_MUSIC_SYSTEM\screenshots\P7NBHUMRBYRGY9KJ\spotify_not_foreground_screenshot_P7NBHUMRBYRGY9KJ_20250519_184237529179.png
2025-05-19 18:42:37,758 - Worker-P7NBHUMR - PlaylistPlayer.P7NBHUMRBYRGY9KJ - INFO - Captura de pantalla guardada: C:\Users\def\Documents\OTWMusicSystem_Final\OTWMusicSystem_Final\otw_project\OTW_MUSIC_SYSTEM\screenshots\P7NBHUMRBYRGY9KJ\spotify_not_foreground_screenshot_P7NBHUMRBYRGY9KJ_20250519_184237529179.png
2025-05-19 18:42:37,758 - Worker-P7NBHUMR - PlaylistPlayer.P7NBHUMRBYRGY9KJ - WARNING - Spotify no detectado en primer plano después de abrir https://open.spotify.com/artist/77slAN1w8sLCiCGwiZmNEF.
2025-05-19 18:42:37,759 - Worker-P7NBHUMR - PlaylistPlayer.P7NBHUMRBYRGY9KJ - DEBUG - Capturando pantalla en C:\Users\def\Documents\OTWMusicSystem_Final\OTWMusicSystem_Final\otw_project\OTW_MUSIC_SYSTEM\screenshots\P7NBHUMRBYRGY9KJ\spotify_not_fg_after_open_77slAN1w8sLCiCGwiZmNEF_screenshot_P7NBHUMRBYRGY9KJ_20250519_184237758840.png
2025-05-19 18:42:37,918 - Worker-P7NBHUMR - PlaylistPlayer.P7NBHUMRBYRGY9KJ - INFO - Captura de pantalla guardada: C:\Users\def\Documents\OTWMusicSystem_Final\OTWMusicSystem_Final\otw_project\OTW_MUSIC_SYSTEM\screenshots\P7NBHUMRBYRGY9KJ\spotify_not_fg_after_open_77slAN1w8sLCiCGwiZmNEF_screenshot_P7NBHUMRBYRGY9KJ_20250519_184237758840.png
2025-05-19 18:42:37,919 - Worker-P7NBHUMR - PlaylistPlayer.P7NBHUMRBYRGY9KJ - INFO - Pausa antes de reintentar apertura de URL debido a no foreground (6.5s).
2025-05-19 18:42:44,550 - Worker-P7NBHUMR - PlaylistPlayer.P7NBHUMRBYRGY9KJ - INFO - Intentando abrir URL: https://open.spotify.com/artist/77slAN1w8sLCiCGwiZmNEF (Intento 2/3)
2025-05-19 18:42:44,551 - Worker-P7NBHUMR - PlaylistPlayer.P7NBHUMRBYRGY9KJ - DEBUG - Forzando detención de Spotify (com.spotify.music) antes de abrir URL.
2025-05-19 18:42:45,513 - Worker-P7NBHUMR - PlaylistPlayer.P7NBHUMRBYRGY9KJ - DEBUG - Presionando HOME.
2025-05-19 18:42:47,973 - Worker-P7NBHUMR - PlaylistPlayer.P7NBHUMRBYRGY9KJ - DEBUG - Ejecutando ADB intent para URL: https://open.spotify.com/artist/77slAN1w8sLCiCGwiZmNEF
2025-05-19 18:42:49,005 - Worker-P7NBHUMR - PlaylistPlayer.P7NBHUMRBYRGY9KJ - DEBUG - Resultado ADB 'am start': stdout='Starting: Intent { act=android.intent.action.VIEW dat=https://open.spotify.com/... flg=0x10008000 }', stderr=''
2025-05-19 18:42:50,692 - Worker-P7NBHUMR - PlaylistPlayer.P7NBHUMRBYRGY9KJ - DEBUG - Esperando que la app se abra y estabilice (5-8s)...
2025-05-19 18:42:57,582 - Worker-P7NBHUMR - PlaylistPlayer.P7NBHUMRBYRGY9KJ - DEBUG - Verificando diálogo 'Abrir con'...
2025-05-19 18:43:03,158 - Worker-P7NBHUMR - PlaylistPlayer.P7NBHUMRBYRGY9KJ - DEBUG - No se detectó diálogo 'Abrir con' explícito.
2025-05-19 18:43:03,159 - Worker-P7NBHUMR - PlaylistPlayer.P7NBHUMRBYRGY9KJ - DEBUG - No se manejó el diálogo 'Abrir con' o no apareció.
2025-05-19 18:43:03,159 - Worker-P7NBHUMR - PlaylistPlayer.P7NBHUMRBYRGY9KJ - DEBUG - Verificando si Spotify está en primer plano...
2025-05-19 18:43:03,159 - Worker-P7NBHUMR - PlaylistPlayer.P7NBHUMRBYRGY9KJ - DEBUG - Intentando con comando dumpsys (1): adb -s P7NBHUMRBYRGY9KJ shell dumpsys activity top
2025-05-19 18:43:03,299 - Worker-P7NBHUMR - PlaylistPlayer.P7NBHUMRBYRGY9KJ - WARNING - Spotify NO parece estar en primer plano según dumpsys.
2025-05-19 18:43:03,299 - Worker-P7NBHUMR - PlaylistPlayer.P7NBHUMRBYRGY9KJ - DEBUG - Capturando pantalla en C:\Users\def\Documents\OTWMusicSystem_Final\OTWMusicSystem_Final\otw_project\OTW_MUSIC_SYSTEM\screenshots\P7NBHUMRBYRGY9KJ\spotify_not_foreground_screenshot_P7NBHUMRBYRGY9KJ_20250519_184303299213.png
2025-05-19 18:43:03,441 - Worker-P7NBHUMR - PlaylistPlayer.P7NBHUMRBYRGY9KJ - INFO - Captura de pantalla guardada: C:\Users\def\Documents\OTWMusicSystem_Final\OTWMusicSystem_Final\otw_project\OTW_MUSIC_SYSTEM\screenshots\P7NBHUMRBYRGY9KJ\spotify_not_foreground_screenshot_P7NBHUMRBYRGY9KJ_20250519_184303299213.png
2025-05-19 18:43:03,441 - Worker-P7NBHUMR - PlaylistPlayer.P7NBHUMRBYRGY9KJ - WARNING - Spotify no detectado en primer plano después de abrir https://open.spotify.com/artist/77slAN1w8sLCiCGwiZmNEF.
2025-05-19 18:43:03,442 - Worker-P7NBHUMR - PlaylistPlayer.P7NBHUMRBYRGY9KJ - DEBUG - Capturando pantalla en C:\Users\def\Documents\OTWMusicSystem_Final\OTWMusicSystem_Final\otw_project\OTW_MUSIC_SYSTEM\screenshots\P7NBHUMRBYRGY9KJ\spotify_not_fg_after_open_77slAN1w8sLCiCGwiZmNEF_screenshot_P7NBHUMRBYRGY9KJ_20250519_184303442482.png
2025-05-19 18:43:03,595 - Worker-P7NBHUMR - PlaylistPlayer.P7NBHUMRBYRGY9KJ - INFO - Captura de pantalla guardada: C:\Users\def\Documents\OTWMusicSystem_Final\OTWMusicSystem_Final\otw_project\OTW_MUSIC_SYSTEM\screenshots\P7NBHUMRBYRGY9KJ\spotify_not_fg_after_open_77slAN1w8sLCiCGwiZmNEF_screenshot_P7NBHUMRBYRGY9KJ_20250519_184303442482.png
2025-05-19 18:43:03,595 - Worker-P7NBHUMR - PlaylistPlayer.P7NBHUMRBYRGY9KJ - INFO - Pausa antes de reintentar apertura de URL debido a no foreground (4.0s).
2025-05-19 18:43:09,837 - Worker-P7NBHUMR - PlaylistPlayer.P7NBHUMRBYRGY9KJ - INFO - Intentando abrir URL: https://open.spotify.com/artist/77slAN1w8sLCiCGwiZmNEF (Intento 3/3)
2025-05-19 18:43:09,837 - Worker-P7NBHUMR - PlaylistPlayer.P7NBHUMRBYRGY9KJ - DEBUG - Forzando detención de Spotify (com.spotify.music) antes de abrir URL.
2025-05-19 18:43:10,719 - Worker-P7NBHUMR - PlaylistPlayer.P7NBHUMRBYRGY9KJ - DEBUG - Presionando HOME.
2025-05-19 18:43:12,738 - Worker-P7NBHUMR - PlaylistPlayer.P7NBHUMRBYRGY9KJ - DEBUG - Ejecutando ADB intent para URL: https://open.spotify.com/artist/77slAN1w8sLCiCGwiZmNEF
2025-05-19 18:43:14,436 - Worker-P7NBHUMR - PlaylistPlayer.P7NBHUMRBYRGY9KJ - DEBUG - Resultado ADB 'am start': stdout='Starting: Intent { act=android.intent.action.VIEW dat=https://open.spotify.com/... flg=0x10008000 }', stderr=''
2025-05-19 18:43:16,331 - Worker-P7NBHUMR - PlaylistPlayer.P7NBHUMRBYRGY9KJ - DEBUG - Esperando que la app se abra y estabilice (5-8s)...
2025-05-19 18:43:22,522 - Worker-P7NBHUMR - PlaylistPlayer.P7NBHUMRBYRGY9KJ - DEBUG - Verificando diálogo 'Abrir con'...
2025-05-19 18:43:28,128 - Worker-P7NBHUMR - PlaylistPlayer.P7NBHUMRBYRGY9KJ - DEBUG - No se detectó diálogo 'Abrir con' explícito.
2025-05-19 18:43:28,128 - Worker-P7NBHUMR - PlaylistPlayer.P7NBHUMRBYRGY9KJ - DEBUG - No se manejó el diálogo 'Abrir con' o no apareció.
2025-05-19 18:43:28,128 - Worker-P7NBHUMR - PlaylistPlayer.P7NBHUMRBYRGY9KJ - DEBUG - Verificando si Spotify está en primer plano...
2025-05-19 18:43:28,128 - Worker-P7NBHUMR - PlaylistPlayer.P7NBHUMRBYRGY9KJ - DEBUG - Intentando con comando dumpsys (1): adb -s P7NBHUMRBYRGY9KJ shell dumpsys activity top
2025-05-19 18:43:28,278 - Worker-P7NBHUMR - PlaylistPlayer.P7NBHUMRBYRGY9KJ - WARNING - Spotify NO parece estar en primer plano según dumpsys.
2025-05-19 18:43:28,278 - Worker-P7NBHUMR - PlaylistPlayer.P7NBHUMRBYRGY9KJ - DEBUG - Capturando pantalla en C:\Users\def\Documents\OTWMusicSystem_Final\OTWMusicSystem_Final\otw_project\OTW_MUSIC_SYSTEM\screenshots\P7NBHUMRBYRGY9KJ\spotify_not_foreground_screenshot_P7NBHUMRBYRGY9KJ_20250519_184328278581.png
2025-05-19 18:43:28,430 - Worker-P7NBHUMR - PlaylistPlayer.P7NBHUMRBYRGY9KJ - INFO - Captura de pantalla guardada: C:\Users\def\Documents\OTWMusicSystem_Final\OTWMusicSystem_Final\otw_project\OTW_MUSIC_SYSTEM\screenshots\P7NBHUMRBYRGY9KJ\spotify_not_foreground_screenshot_P7NBHUMRBYRGY9KJ_20250519_184328278581.png
2025-05-19 18:43:28,430 - Worker-P7NBHUMR - PlaylistPlayer.P7NBHUMRBYRGY9KJ - WARNING - Spotify no detectado en primer plano después de abrir https://open.spotify.com/artist/77slAN1w8sLCiCGwiZmNEF.
2025-05-19 18:43:28,431 - Worker-P7NBHUMR - PlaylistPlayer.P7NBHUMRBYRGY9KJ - DEBUG - Capturando pantalla en C:\Users\def\Documents\OTWMusicSystem_Final\OTWMusicSystem_Final\otw_project\OTW_MUSIC_SYSTEM\screenshots\P7NBHUMRBYRGY9KJ\spotify_not_fg_after_open_77slAN1w8sLCiCGwiZmNEF_screenshot_P7NBHUMRBYRGY9KJ_20250519_184328431276.png
2025-05-19 18:43:28,575 - Worker-P7NBHUMR - PlaylistPlayer.P7NBHUMRBYRGY9KJ - INFO - Captura de pantalla guardada: C:\Users\def\Documents\OTWMusicSystem_Final\OTWMusicSystem_Final\otw_project\OTW_MUSIC_SYSTEM\screenshots\P7NBHUMRBYRGY9KJ\spotify_not_fg_after_open_77slAN1w8sLCiCGwiZmNEF_screenshot_P7NBHUMRBYRGY9KJ_20250519_184328431276.png
2025-05-19 18:43:28,576 - Worker-P7NBHUMR - PlaylistPlayer.P7NBHUMRBYRGY9KJ - INFO - Pausa antes de reintentar apertura de URL debido a no foreground (4.8s).
2025-05-19 18:43:32,623 - Worker-P7NBHUMR - PlaylistPlayer.P7NBHUMRBYRGY9KJ - INFO - Intentando abrir URL: https://open.spotify.com/artist/77slAN1w8sLCiCGwiZmNEF (Intento 4/3)
2025-05-19 18:43:32,623 - Worker-P7NBHUMR - PlaylistPlayer.P7NBHUMRBYRGY9KJ - ERROR - Máximos reintentos (3) alcanzados para abrir URL https://open.spotify.com/artist/77slAN1w8sLCiCGwiZmNEF
2025-05-19 18:43:32,624 - Worker-P7NBHUMR - PlaylistPlayer.P7NBHUMRBYRGY9KJ - DEBUG - Capturando pantalla en C:\Users\def\Documents\OTWMusicSystem_Final\OTWMusicSystem_Final\otw_project\OTW_MUSIC_SYSTEM\screenshots\P7NBHUMRBYRGY9KJ\open_url_max_retries_fail_77slAN1w8sLCiCGwiZmNEF_screenshot_P7NBHUMRBYRGY9KJ_20250519_184332624180.png
2025-05-19 18:43:32,776 - Worker-P7NBHUMR - PlaylistPlayer.P7NBHUMRBYRGY9KJ - INFO - Captura de pantalla guardada: C:\Users\def\Documents\OTWMusicSystem_Final\OTWMusicSystem_Final\otw_project\OTW_MUSIC_SYSTEM\screenshots\P7NBHUMRBYRGY9KJ\open_url_max_retries_fail_77slAN1w8sLCiCGwiZmNEF_screenshot_P7NBHUMRBYRGY9KJ_20250519_184332624180.png
2025-05-19 18:43:32,777 - Worker-P7NBHUMR - PlaylistPlayer.P7NBHUMRBYRGY9KJ - ERROR - No se pudo abrir la página del artista https://open.spotify.com/artist/77slAN1w8sLCiCGwiZmNEF. Terminando interacción.
2025-05-19 18:43:32,777 - Worker-P7NBHUMR - PlaylistPlayer.P7NBHUMRBYRGY9KJ - INFO - Sesión #6 completada. Pausa de 7.9s.
2025-05-19 18:43:40,695 - Worker-P7NBHUMR - PlaylistPlayer.P7NBHUMRBYRGY9KJ - INFO - --- Iniciando Sesión de Interacción #7 ---
2025-05-19 18:43:40,695 - Worker-P7NBHUMR - PlaylistPlayer.P7NBHUMRBYRGY9KJ - INFO - Selección: Link (track) -> https://open.spotify.com/track/3PcZgpGscGOrMxyTCWcxlw?si=3ad3e5235a7d4531
2025-05-19 18:43:40,695 - Worker-P7NBHUMR - PlaylistPlayer.P7NBHUMRBYRGY9KJ - INFO - Iniciando interacción con TRACK: https://open.spotify.com/track/3PcZgpGscGOrMxyTCWcxlw?si=3ad3e5235a7d4531
2025-05-19 18:43:40,695 - Worker-P7NBHUMR - PlaylistPlayer.P7NBHUMRBYRGY9KJ - INFO - Intentando abrir URL: https://open.spotify.com/track/3PcZgpGscGOrMxyTCWcxlw?si=3ad3e5235a7d4531 (Intento 1/3)
2025-05-19 18:43:40,696 - Worker-P7NBHUMR - PlaylistPlayer.P7NBHUMRBYRGY9KJ - DEBUG - Forzando detención de Spotify (com.spotify.music) antes de abrir URL.
2025-05-19 18:43:41,979 - Worker-P7NBHUMR - PlaylistPlayer.P7NBHUMRBYRGY9KJ - DEBUG - Presionando HOME.
2025-05-19 18:43:44,237 - Worker-P7NBHUMR - PlaylistPlayer.P7NBHUMRBYRGY9KJ - DEBUG - Ejecutando ADB intent para URL: https://open.spotify.com/track/3PcZgpGscGOrMxyTCWcxlw?si=3ad3e5235a7d4531
2025-05-19 18:43:45,681 - Worker-P7NBHUMR - PlaylistPlayer.P7NBHUMRBYRGY9KJ - DEBUG - Resultado ADB 'am start': stdout='Starting: Intent { act=android.intent.action.VIEW dat=https://open.spotify.com/... flg=0x10008000 }', stderr=''
2025-05-19 18:43:46,893 - Worker-P7NBHUMR - PlaylistPlayer.P7NBHUMRBYRGY9KJ - DEBUG - Esperando que la app se abra y estabilice (5-8s)...
2025-05-19 18:43:53,965 - Worker-P7NBHUMR - PlaylistPlayer.P7NBHUMRBYRGY9KJ - DEBUG - Verificando diálogo 'Abrir con'...
2025-05-19 18:43:59,684 - Worker-P7NBHUMR - PlaylistPlayer.P7NBHUMRBYRGY9KJ - DEBUG - No se detectó diálogo 'Abrir con' explícito.
2025-05-19 18:43:59,684 - Worker-P7NBHUMR - PlaylistPlayer.P7NBHUMRBYRGY9KJ - DEBUG - No se manejó el diálogo 'Abrir con' o no apareció.
2025-05-19 18:43:59,685 - Worker-P7NBHUMR - PlaylistPlayer.P7NBHUMRBYRGY9KJ - DEBUG - Verificando si Spotify está en primer plano...
2025-05-19 18:43:59,685 - Worker-P7NBHUMR - PlaylistPlayer.P7NBHUMRBYRGY9KJ - DEBUG - Intentando con comando dumpsys (1): adb -s P7NBHUMRBYRGY9KJ shell dumpsys activity top
2025-05-19 18:43:59,868 - Worker-P7NBHUMR - PlaylistPlayer.P7NBHUMRBYRGY9KJ - WARNING - Spotify NO parece estar en primer plano según dumpsys.
2025-05-19 18:43:59,869 - Worker-P7NBHUMR - PlaylistPlayer.P7NBHUMRBYRGY9KJ - DEBUG - Capturando pantalla en C:\Users\def\Documents\OTWMusicSystem_Final\OTWMusicSystem_Final\otw_project\OTW_MUSIC_SYSTEM\screenshots\P7NBHUMRBYRGY9KJ\spotify_not_foreground_screenshot_P7NBHUMRBYRGY9KJ_20250519_184359869157.png
2025-05-19 18:44:00,060 - Worker-P7NBHUMR - PlaylistPlayer.P7NBHUMRBYRGY9KJ - INFO - Captura de pantalla guardada: C:\Users\def\Documents\OTWMusicSystem_Final\OTWMusicSystem_Final\otw_project\OTW_MUSIC_SYSTEM\screenshots\P7NBHUMRBYRGY9KJ\spotify_not_foreground_screenshot_P7NBHUMRBYRGY9KJ_20250519_184359869157.png
2025-05-19 18:44:00,060 - Worker-P7NBHUMR - PlaylistPlayer.P7NBHUMRBYRGY9KJ - WARNING - Spotify no detectado en primer plano después de abrir https://open.spotify.com/track/3PcZgpGscGOrMxyTCWcxlw?si=3ad3e5235a7d4531.
2025-05-19 18:44:00,061 - Worker-P7NBHUMR - PlaylistPlayer.P7NBHUMRBYRGY9KJ - DEBUG - Capturando pantalla en C:\Users\def\Documents\OTWMusicSystem_Final\OTWMusicSystem_Final\otw_project\OTW_MUSIC_SYSTEM\screenshots\P7NBHUMRBYRGY9KJ\spotify_not_fg_after_open_3PcZgpGscGOrMxyTCWcxlw?si=3ad3e5235a7d4531_screenshot_P7NBHUMRBYRGY9KJ_20250519_184400060587.png
2025-05-19 18:44:00,280 - Worker-P7NBHUMR - PlaylistPlayer.P7NBHUMRBYRGY9KJ - ERROR - Error al capturar pantalla: [Errno 22] Invalid argument: 'C:\\Users\\def\\Documents\\OTWMusicSystem_Final\\OTWMusicSystem_Final\\otw_project\\OTW_MUSIC_SYSTEM\\screenshots\\P7NBHUMRBYRGY9KJ\\spotify_not_fg_after_open_3PcZgpGscGOrMxyTCWcxlw?si=3ad3e5235a7d4531_screenshot_P7NBHUMRBYRGY9KJ_20250519_184400060587.png'
2025-05-19 18:44:00,281 - Worker-P7NBHUMR - PlaylistPlayer.P7NBHUMRBYRGY9KJ - INFO - Pausa antes de reintentar apertura de URL debido a no foreground (6.3s).
2025-05-19 18:44:07,139 - Worker-P7NBHUMR - PlaylistPlayer.P7NBHUMRBYRGY9KJ - INFO - Intentando abrir URL: https://open.spotify.com/track/3PcZgpGscGOrMxyTCWcxlw?si=3ad3e5235a7d4531 (Intento 2/3)
2025-05-19 18:44:07,140 - Worker-P7NBHUMR - PlaylistPlayer.P7NBHUMRBYRGY9KJ - DEBUG - Forzando detención de Spotify (com.spotify.music) antes de abrir URL.
2025-05-19 18:44:08,388 - Worker-P7NBHUMR - PlaylistPlayer.P7NBHUMRBYRGY9KJ - DEBUG - Presionando HOME.
2025-05-19 18:44:10,368 - Worker-P7NBHUMR - PlaylistPlayer.P7NBHUMRBYRGY9KJ - DEBUG - Ejecutando ADB intent para URL: https://open.spotify.com/track/3PcZgpGscGOrMxyTCWcxlw?si=3ad3e5235a7d4531
2025-05-19 18:44:11,509 - Worker-P7NBHUMR - PlaylistPlayer.P7NBHUMRBYRGY9KJ - DEBUG - Resultado ADB 'am start': stdout='Starting: Intent { act=android.intent.action.VIEW dat=https://open.spotify.com/... flg=0x10008000 }', stderr=''
2025-05-19 18:44:13,955 - Worker-P7NBHUMR - PlaylistPlayer.P7NBHUMRBYRGY9KJ - DEBUG - Esperando que la app se abra y estabilice (5-8s)...
2025-05-19 18:44:19,800 - Worker-P7NBHUMR - PlaylistPlayer.P7NBHUMRBYRGY9KJ - DEBUG - Verificando diálogo 'Abrir con'...
2025-05-19 18:44:25,453 - Worker-P7NBHUMR - PlaylistPlayer.P7NBHUMRBYRGY9KJ - DEBUG - No se detectó diálogo 'Abrir con' explícito.
2025-05-19 18:44:25,453 - Worker-P7NBHUMR - PlaylistPlayer.P7NBHUMRBYRGY9KJ - DEBUG - No se manejó el diálogo 'Abrir con' o no apareció.
2025-05-19 18:44:25,453 - Worker-P7NBHUMR - PlaylistPlayer.P7NBHUMRBYRGY9KJ - DEBUG - Verificando si Spotify está en primer plano...
2025-05-19 18:44:25,453 - Worker-P7NBHUMR - PlaylistPlayer.P7NBHUMRBYRGY9KJ - DEBUG - Intentando con comando dumpsys (1): adb -s P7NBHUMRBYRGY9KJ shell dumpsys activity top
2025-05-19 18:44:25,630 - Worker-P7NBHUMR - PlaylistPlayer.P7NBHUMRBYRGY9KJ - WARNING - Spotify NO parece estar en primer plano según dumpsys.
2025-05-19 18:44:25,630 - Worker-P7NBHUMR - PlaylistPlayer.P7NBHUMRBYRGY9KJ - DEBUG - Capturando pantalla en C:\Users\def\Documents\OTWMusicSystem_Final\OTWMusicSystem_Final\otw_project\OTW_MUSIC_SYSTEM\screenshots\P7NBHUMRBYRGY9KJ\spotify_not_foreground_screenshot_P7NBHUMRBYRGY9KJ_20250519_184425630387.png
2025-05-19 18:44:25,811 - Worker-P7NBHUMR - PlaylistPlayer.P7NBHUMRBYRGY9KJ - INFO - Captura de pantalla guardada: C:\Users\def\Documents\OTWMusicSystem_Final\OTWMusicSystem_Final\otw_project\OTW_MUSIC_SYSTEM\screenshots\P7NBHUMRBYRGY9KJ\spotify_not_foreground_screenshot_P7NBHUMRBYRGY9KJ_20250519_184425630387.png
2025-05-19 18:44:25,812 - Worker-P7NBHUMR - PlaylistPlayer.P7NBHUMRBYRGY9KJ - WARNING - Spotify no detectado en primer plano después de abrir https://open.spotify.com/track/3PcZgpGscGOrMxyTCWcxlw?si=3ad3e5235a7d4531.
2025-05-19 18:44:25,813 - Worker-P7NBHUMR - PlaylistPlayer.P7NBHUMRBYRGY9KJ - DEBUG - Capturando pantalla en C:\Users\def\Documents\OTWMusicSystem_Final\OTWMusicSystem_Final\otw_project\OTW_MUSIC_SYSTEM\screenshots\P7NBHUMRBYRGY9KJ\spotify_not_fg_after_open_3PcZgpGscGOrMxyTCWcxlw?si=3ad3e5235a7d4531_screenshot_P7NBHUMRBYRGY9KJ_20250519_184425812570.png
2025-05-19 18:44:25,983 - Worker-P7NBHUMR - PlaylistPlayer.P7NBHUMRBYRGY9KJ - ERROR - Error al capturar pantalla: [Errno 22] Invalid argument: 'C:\\Users\\def\\Documents\\OTWMusicSystem_Final\\OTWMusicSystem_Final\\otw_project\\OTW_MUSIC_SYSTEM\\screenshots\\P7NBHUMRBYRGY9KJ\\spotify_not_fg_after_open_3PcZgpGscGOrMxyTCWcxlw?si=3ad3e5235a7d4531_screenshot_P7NBHUMRBYRGY9KJ_20250519_184425812570.png'
2025-05-19 18:44:25,984 - Worker-P7NBHUMR - PlaylistPlayer.P7NBHUMRBYRGY9KJ - INFO - Pausa antes de reintentar apertura de URL debido a no foreground (5.4s).
2025-05-19 18:44:32,134 - Worker-P7NBHUMR - PlaylistPlayer.P7NBHUMRBYRGY9KJ - INFO - Intentando abrir URL: https://open.spotify.com/track/3PcZgpGscGOrMxyTCWcxlw?si=3ad3e5235a7d4531 (Intento 3/3)
2025-05-19 18:44:32,134 - Worker-P7NBHUMR - PlaylistPlayer.P7NBHUMRBYRGY9KJ - DEBUG - Forzando detención de Spotify (com.spotify.music) antes de abrir URL.
2025-05-19 18:44:33,315 - Worker-P7NBHUMR - PlaylistPlayer.P7NBHUMRBYRGY9KJ - DEBUG - Presionando HOME.
2025-05-19 18:44:35,416 - Worker-P7NBHUMR - PlaylistPlayer.P7NBHUMRBYRGY9KJ - DEBUG - Ejecutando ADB intent para URL: https://open.spotify.com/track/3PcZgpGscGOrMxyTCWcxlw?si=3ad3e5235a7d4531
2025-05-19 18:44:36,860 - Worker-P7NBHUMR - PlaylistPlayer.P7NBHUMRBYRGY9KJ - DEBUG - Resultado ADB 'am start': stdout='Starting: Intent { act=android.intent.action.VIEW dat=https://open.spotify.com/... flg=0x10008000 }', stderr=''
2025-05-19 18:44:39,159 - Worker-P7NBHUMR - PlaylistPlayer.P7NBHUMRBYRGY9KJ - DEBUG - Esperando que la app se abra y estabilice (5-8s)...
2025-05-19 18:44:46,142 - Worker-P7NBHUMR - PlaylistPlayer.P7NBHUMRBYRGY9KJ - DEBUG - Verificando diálogo 'Abrir con'...
2025-05-19 18:44:51,673 - Worker-P7NBHUMR - PlaylistPlayer.P7NBHUMRBYRGY9KJ - DEBUG - No se detectó diálogo 'Abrir con' explícito.
2025-05-19 18:44:51,674 - Worker-P7NBHUMR - PlaylistPlayer.P7NBHUMRBYRGY9KJ - DEBUG - No se manejó el diálogo 'Abrir con' o no apareció.
2025-05-19 18:44:51,674 - Worker-P7NBHUMR - PlaylistPlayer.P7NBHUMRBYRGY9KJ - DEBUG - Verificando si Spotify está en primer plano...
2025-05-19 18:44:51,674 - Worker-P7NBHUMR - PlaylistPlayer.P7NBHUMRBYRGY9KJ - DEBUG - Intentando con comando dumpsys (1): adb -s P7NBHUMRBYRGY9KJ shell dumpsys activity top
2025-05-19 18:44:51,924 - Worker-P7NBHUMR - PlaylistPlayer.P7NBHUMRBYRGY9KJ - WARNING - Spotify NO parece estar en primer plano según dumpsys.
2025-05-19 18:44:51,925 - Worker-P7NBHUMR - PlaylistPlayer.P7NBHUMRBYRGY9KJ - DEBUG - Capturando pantalla en C:\Users\def\Documents\OTWMusicSystem_Final\OTWMusicSystem_Final\otw_project\OTW_MUSIC_SYSTEM\screenshots\P7NBHUMRBYRGY9KJ\spotify_not_foreground_screenshot_P7NBHUMRBYRGY9KJ_20250519_184451924701.png
2025-05-19 18:44:52,079 - Worker-P7NBHUMR - PlaylistPlayer.P7NBHUMRBYRGY9KJ - INFO - Captura de pantalla guardada: C:\Users\def\Documents\OTWMusicSystem_Final\OTWMusicSystem_Final\otw_project\OTW_MUSIC_SYSTEM\screenshots\P7NBHUMRBYRGY9KJ\spotify_not_foreground_screenshot_P7NBHUMRBYRGY9KJ_20250519_184451924701.png
2025-05-19 18:44:52,080 - Worker-P7NBHUMR - PlaylistPlayer.P7NBHUMRBYRGY9KJ - WARNING - Spotify no detectado en primer plano después de abrir https://open.spotify.com/track/3PcZgpGscGOrMxyTCWcxlw?si=3ad3e5235a7d4531.
2025-05-19 18:44:52,080 - Worker-P7NBHUMR - PlaylistPlayer.P7NBHUMRBYRGY9KJ - DEBUG - Capturando pantalla en C:\Users\def\Documents\OTWMusicSystem_Final\OTWMusicSystem_Final\otw_project\OTW_MUSIC_SYSTEM\screenshots\P7NBHUMRBYRGY9KJ\spotify_not_fg_after_open_3PcZgpGscGOrMxyTCWcxlw?si=3ad3e5235a7d4531_screenshot_P7NBHUMRBYRGY9KJ_20250519_184452080038.png
2025-05-19 18:44:52,181 - Worker-P7NBHUMR - PlaylistPlayer.P7NBHUMRBYRGY9KJ - ERROR - Error al capturar pantalla: [Errno 22] Invalid argument: 'C:\\Users\\def\\Documents\\OTWMusicSystem_Final\\OTWMusicSystem_Final\\otw_project\\OTW_MUSIC_SYSTEM\\screenshots\\P7NBHUMRBYRGY9KJ\\spotify_not_fg_after_open_3PcZgpGscGOrMxyTCWcxlw?si=3ad3e5235a7d4531_screenshot_P7NBHUMRBYRGY9KJ_20250519_184452080038.png'
2025-05-19 18:44:52,182 - Worker-P7NBHUMR - PlaylistPlayer.P7NBHUMRBYRGY9KJ - INFO - Pausa antes de reintentar apertura de URL debido a no foreground (4.3s).
2025-05-19 18:44:56,540 - Worker-P7NBHUMR - PlaylistPlayer.P7NBHUMRBYRGY9KJ - INFO - Intentando abrir URL: https://open.spotify.com/track/3PcZgpGscGOrMxyTCWcxlw?si=3ad3e5235a7d4531 (Intento 4/3)
2025-05-19 18:44:56,540 - Worker-P7NBHUMR - PlaylistPlayer.P7NBHUMRBYRGY9KJ - ERROR - Máximos reintentos (3) alcanzados para abrir URL https://open.spotify.com/track/3PcZgpGscGOrMxyTCWcxlw?si=3ad3e5235a7d4531
2025-05-19 18:44:56,541 - Worker-P7NBHUMR - PlaylistPlayer.P7NBHUMRBYRGY9KJ - DEBUG - Capturando pantalla en C:\Users\def\Documents\OTWMusicSystem_Final\OTWMusicSystem_Final\otw_project\OTW_MUSIC_SYSTEM\screenshots\P7NBHUMRBYRGY9KJ\open_url_max_retries_fail_3PcZgpGscGOrMxyTCWcxlw?si=3ad3e5235a7d4531_screenshot_P7NBHUMRBYRGY9KJ_20250519_184456540716.png
2025-05-19 18:44:56,681 - Worker-P7NBHUMR - PlaylistPlayer.P7NBHUMRBYRGY9KJ - ERROR - Error al capturar pantalla: [Errno 22] Invalid argument: 'C:\\Users\\def\\Documents\\OTWMusicSystem_Final\\OTWMusicSystem_Final\\otw_project\\OTW_MUSIC_SYSTEM\\screenshots\\P7NBHUMRBYRGY9KJ\\open_url_max_retries_fail_3PcZgpGscGOrMxyTCWcxlw?si=3ad3e5235a7d4531_screenshot_P7NBHUMRBYRGY9KJ_20250519_184456540716.png'
2025-05-19 18:44:56,681 - Worker-P7NBHUMR - PlaylistPlayer.P7NBHUMRBYRGY9KJ - ERROR - No se pudo abrir el track https://open.spotify.com/track/3PcZgpGscGOrMxyTCWcxlw?si=3ad3e5235a7d4531. Terminando interacción.
2025-05-19 18:44:56,682 - Worker-P7NBHUMR - PlaylistPlayer.P7NBHUMRBYRGY9KJ - INFO - Sesión #7 completada. Pausa de 6.1s.
2025-05-19 18:45:02,792 - Worker-P7NBHUMR - PlaylistPlayer.P7NBHUMRBYRGY9KJ - INFO - --- Iniciando Sesión de Interacción #8 ---
2025-05-19 18:45:02,792 - Worker-P7NBHUMR - PlaylistPlayer.P7NBHUMRBYRGY9KJ - INFO - Selección: Link (track) -> https://open.spotify.com/track/1ksMUmkBb5pCpgmVTCPJzK?si=fcd611cd725f4e6b
2025-05-19 18:45:02,792 - Worker-P7NBHUMR - PlaylistPlayer.P7NBHUMRBYRGY9KJ - INFO - Iniciando interacción con TRACK: https://open.spotify.com/track/1ksMUmkBb5pCpgmVTCPJzK?si=fcd611cd725f4e6b
2025-05-19 18:45:02,793 - Worker-P7NBHUMR - PlaylistPlayer.P7NBHUMRBYRGY9KJ - INFO - Intentando abrir URL: https://open.spotify.com/track/1ksMUmkBb5pCpgmVTCPJzK?si=fcd611cd725f4e6b (Intento 1/3)
2025-05-19 18:45:02,793 - Worker-P7NBHUMR - PlaylistPlayer.P7NBHUMRBYRGY9KJ - DEBUG - Forzando detención de Spotify (com.spotify.music) antes de abrir URL.
