2025-05-19 18:57:18,970 - Worker-P7NBHUMR - PlaylistPlayer.P7NBHUMRBYRGY9KJ - INFO - Worker thread INICIADO. Logs en: C:\Users\def\Documents\OTWMusicSystem_Final\OTWMusicSystem_Final\otw_project\OTW_MUSIC_SYSTEM\logs\P7NBHUMRBYRGY9KJ\playlist_player_20250519_185718.log
2025-05-19 18:57:18,971 - Worker-P7NBHUMR - PlaylistPlayer.P7NBHUMRBYRGY9KJ - INFO - Personalidad Creada (SLOW_MODE_FACTOR=1.75): ShortTimeout=14.2s, ActionDelay=[8.3-20.4]s, ShortPause=[22.6-65.4]s, MinTrackT=65s, MaxTrackT=174s, MinContentT=5m, MaxContentT=9m
2025-05-19 18:57:18,972 - Worker-P7NBHUMR - PlaylistPlayer.P7NBHUMRBYRGY9KJ - INFO - Intentando conectar a uiautomator2 (intento 1/3)...
2025-05-19 18:57:41,847 - Worker-P7NBHUMR - PlaylistPlayer.P7NBHUMRBYRGY9KJ - INFO - Conectado (Device: U318AA, Android: N/A).
2025-05-19 18:57:42,041 - Worker-P7NBHUMR - PlaylistPlayer.P7NBHUMRBYRGY9KJ - INFO - Spotify (com.spotify.music v9.0.36.484) está instalado.
2025-05-19 18:57:42,042 - Worker-P7NBHUMR - PlaylistPlayer.P7NBHUMRBYRGY9KJ - INFO - Configuración inicial (kill Spotify y volver a Home).
2025-05-19 18:57:42,042 - Worker-P7NBHUMR - PlaylistPlayer.P7NBHUMRBYRGY9KJ - WARNING - Advertencia durante configuración inicial: 'Device' object has no attribute 'app_kill'
2025-05-19 18:57:42,042 - Worker-P7NBHUMR - PlaylistPlayer.P7NBHUMRBYRGY9KJ - DEBUG - Capturando pantalla en C:\Users\def\Documents\OTWMusicSystem_Final\OTWMusicSystem_Final\otw_project\OTW_MUSIC_SYSTEM\screenshots\P7NBHUMRBYRGY9KJ\initial_setup_warn_screenshot_P7NBHUMRBYRGY9KJ_20250519_185742042366.png
2025-05-19 18:57:42,704 - Worker-P7NBHUMR - PlaylistPlayer.P7NBHUMRBYRGY9KJ - INFO - Captura de pantalla guardada: C:\Users\def\Documents\OTWMusicSystem_Final\OTWMusicSystem_Final\otw_project\OTW_MUSIC_SYSTEM\screenshots\P7NBHUMRBYRGY9KJ\initial_setup_warn_screenshot_P7NBHUMRBYRGY9KJ_20250519_185742042366.png
2025-05-19 18:57:42,704 - Worker-P7NBHUMR - PlaylistPlayer.P7NBHUMRBYRGY9KJ - INFO - --- Iniciando Sesión de Interacción #1 ---
2025-05-19 18:57:42,704 - Worker-P7NBHUMR - PlaylistPlayer.P7NBHUMRBYRGY9KJ - INFO - Selección: Link (artist) -> https://open.spotify.com/artist/3o9yGahQLPpDLMI6dABpIr?si=f8sTAXSOSoOf-DHKLlKGUQ
2025-05-19 18:57:42,704 - Worker-P7NBHUMR - PlaylistPlayer.P7NBHUMRBYRGY9KJ - INFO - Iniciando interacción con ARTISTA: https://open.spotify.com/artist/3o9yGahQLPpDLMI6dABpIr?si=f8sTAXSOSoOf-DHKLlKGUQ 
2025-05-19 18:57:42,705 - Worker-P7NBHUMR - PlaylistPlayer.P7NBHUMRBYRGY9KJ - INFO - Intentando abrir URL: https://open.spotify.com/artist/3o9yGahQLPpDLMI6dABpIr?si=f8sTAXSOSoOf-DHKLlKGUQ (Intento 1/3)
2025-05-19 18:57:42,705 - Worker-P7NBHUMR - PlaylistPlayer.P7NBHUMRBYRGY9KJ - DEBUG - Forzando detención de Spotify (com.spotify.music) antes de abrir URL.
2025-05-19 18:57:44,165 - Worker-P7NBHUMR - PlaylistPlayer.P7NBHUMRBYRGY9KJ - DEBUG - Presionando HOME.
2025-05-19 18:57:47,117 - Worker-P7NBHUMR - PlaylistPlayer.P7NBHUMRBYRGY9KJ - DEBUG - Ejecutando ADB intent para URL: https://open.spotify.com/artist/3o9yGahQLPpDLMI6dABpIr?si=f8sTAXSOSoOf-DHKLlKGUQ
2025-05-19 18:57:48,775 - Worker-P7NBHUMR - PlaylistPlayer.P7NBHUMRBYRGY9KJ - DEBUG - Resultado ADB 'am start': stdout='Starting: Intent { act=android.intent.action.VIEW dat=https://open.spotify.com/... flg=0x10008000 }', stderr=''
2025-05-19 18:57:52,948 - Worker-P7NBHUMR - PlaylistPlayer.P7NBHUMRBYRGY9KJ - DEBUG - Esperando que la app se abra y estabilice...
2025-05-19 18:58:04,784 - Worker-P7NBHUMR - PlaylistPlayer.P7NBHUMRBYRGY9KJ - DEBUG - Verificando diálogo 'Abrir con'...
2025-05-19 18:58:10,479 - Worker-P7NBHUMR - PlaylistPlayer.P7NBHUMRBYRGY9KJ - DEBUG - No se detectó diálogo 'Abrir con' explícito.
2025-05-19 18:58:10,479 - Worker-P7NBHUMR - PlaylistPlayer.P7NBHUMRBYRGY9KJ - DEBUG - No se manejó el diálogo 'Abrir con' o no apareció.
2025-05-19 18:58:10,479 - Worker-P7NBHUMR - PlaylistPlayer.P7NBHUMRBYRGY9KJ - DEBUG - Verificando si Spotify está en primer plano...
2025-05-19 18:58:10,479 - Worker-P7NBHUMR - PlaylistPlayer.P7NBHUMRBYRGY9KJ - DEBUG - Intentando con comando dumpsys (1): adb -s P7NBHUMRBYRGY9KJ shell dumpsys activity top
2025-05-19 18:58:10,666 - Worker-P7NBHUMR - PlaylistPlayer.P7NBHUMRBYRGY9KJ - WARNING - Spotify NO parece estar en primer plano según dumpsys.
2025-05-19 18:58:10,667 - Worker-P7NBHUMR - PlaylistPlayer.P7NBHUMRBYRGY9KJ - DEBUG - Capturando pantalla en C:\Users\def\Documents\OTWMusicSystem_Final\OTWMusicSystem_Final\otw_project\OTW_MUSIC_SYSTEM\screenshots\P7NBHUMRBYRGY9KJ\spotify_not_foreground_screenshot_P7NBHUMRBYRGY9KJ_20250519_185810666971.png
2025-05-19 18:58:10,819 - Worker-P7NBHUMR - PlaylistPlayer.P7NBHUMRBYRGY9KJ - INFO - Captura de pantalla guardada: C:\Users\def\Documents\OTWMusicSystem_Final\OTWMusicSystem_Final\otw_project\OTW_MUSIC_SYSTEM\screenshots\P7NBHUMRBYRGY9KJ\spotify_not_foreground_screenshot_P7NBHUMRBYRGY9KJ_20250519_185810666971.png
2025-05-19 18:58:10,819 - Worker-P7NBHUMR - PlaylistPlayer.P7NBHUMRBYRGY9KJ - WARNING - Spotify no detectado en primer plano después de abrir https://open.spotify.com/artist/3o9yGahQLPpDLMI6dABpIr?si=f8sTAXSOSoOf-DHKLlKGUQ.
2025-05-19 18:58:10,819 - Worker-P7NBHUMR - PlaylistPlayer.P7NBHUMRBYRGY9KJ - DEBUG - Capturando pantalla en C:\Users\def\Documents\OTWMusicSystem_Final\OTWMusicSystem_Final\otw_project\OTW_MUSIC_SYSTEM\screenshots\P7NBHUMRBYRGY9KJ\spotify_not_fg_after_open_3o9yGahQLPpDLMI6dABpIr?si=f8sTAXSOSoOf-DHKLlKGUQ_screenshot_P7NBHUMRBYRGY9KJ_20250519_185810819192.png
2025-05-19 18:58:10,921 - Worker-P7NBHUMR - PlaylistPlayer.P7NBHUMRBYRGY9KJ - ERROR - Error al capturar pantalla: [Errno 22] Invalid argument: 'C:\\Users\\def\\Documents\\OTWMusicSystem_Final\\OTWMusicSystem_Final\\otw_project\\OTW_MUSIC_SYSTEM\\screenshots\\P7NBHUMRBYRGY9KJ\\spotify_not_fg_after_open_3o9yGahQLPpDLMI6dABpIr?si=f8sTAXSOSoOf-DHKLlKGUQ_screenshot_P7NBHUMRBYRGY9KJ_20250519_185810819192.png'
2025-05-19 18:58:10,922 - Worker-P7NBHUMR - PlaylistPlayer.P7NBHUMRBYRGY9KJ - INFO - Pausa antes de reintentar apertura de URL debido a no foreground.
2025-05-19 18:58:19,929 - Worker-P7NBHUMR - PlaylistPlayer.P7NBHUMRBYRGY9KJ - INFO - Intentando abrir URL: https://open.spotify.com/artist/3o9yGahQLPpDLMI6dABpIr?si=f8sTAXSOSoOf-DHKLlKGUQ (Intento 2/3)
2025-05-19 18:58:19,929 - Worker-P7NBHUMR - PlaylistPlayer.P7NBHUMRBYRGY9KJ - DEBUG - Forzando detención de Spotify (com.spotify.music) antes de abrir URL.
2025-05-19 18:58:21,508 - Worker-P7NBHUMR - PlaylistPlayer.P7NBHUMRBYRGY9KJ - DEBUG - Presionando HOME.
2025-05-19 18:58:25,040 - Worker-P7NBHUMR - PlaylistPlayer.P7NBHUMRBYRGY9KJ - DEBUG - Ejecutando ADB intent para URL: https://open.spotify.com/artist/3o9yGahQLPpDLMI6dABpIr?si=f8sTAXSOSoOf-DHKLlKGUQ
2025-05-19 18:58:26,865 - Worker-P7NBHUMR - PlaylistPlayer.P7NBHUMRBYRGY9KJ - DEBUG - Resultado ADB 'am start': stdout='Starting: Intent { act=android.intent.action.VIEW dat=https://open.spotify.com/... flg=0x10008000 }', stderr=''
2025-05-19 18:58:30,920 - Worker-P7NBHUMR - PlaylistPlayer.P7NBHUMRBYRGY9KJ - DEBUG - Esperando que la app se abra y estabilice...
2025-05-19 18:58:43,916 - Worker-P7NBHUMR - PlaylistPlayer.P7NBHUMRBYRGY9KJ - DEBUG - Verificando diálogo 'Abrir con'...
2025-05-19 18:58:49,493 - Worker-P7NBHUMR - PlaylistPlayer.P7NBHUMRBYRGY9KJ - DEBUG - No se detectó diálogo 'Abrir con' explícito.
2025-05-19 18:58:49,493 - Worker-P7NBHUMR - PlaylistPlayer.P7NBHUMRBYRGY9KJ - DEBUG - No se manejó el diálogo 'Abrir con' o no apareció.
2025-05-19 18:58:49,493 - Worker-P7NBHUMR - PlaylistPlayer.P7NBHUMRBYRGY9KJ - DEBUG - Verificando si Spotify está en primer plano...
2025-05-19 18:58:49,494 - Worker-P7NBHUMR - PlaylistPlayer.P7NBHUMRBYRGY9KJ - DEBUG - Intentando con comando dumpsys (1): adb -s P7NBHUMRBYRGY9KJ shell dumpsys activity top
2025-05-19 18:58:49,714 - Worker-P7NBHUMR - PlaylistPlayer.P7NBHUMRBYRGY9KJ - WARNING - Spotify NO parece estar en primer plano según dumpsys.
2025-05-19 18:58:49,715 - Worker-P7NBHUMR - PlaylistPlayer.P7NBHUMRBYRGY9KJ - DEBUG - Capturando pantalla en C:\Users\def\Documents\OTWMusicSystem_Final\OTWMusicSystem_Final\otw_project\OTW_MUSIC_SYSTEM\screenshots\P7NBHUMRBYRGY9KJ\spotify_not_foreground_screenshot_P7NBHUMRBYRGY9KJ_20250519_185849715155.png
2025-05-19 18:58:49,903 - Worker-P7NBHUMR - PlaylistPlayer.P7NBHUMRBYRGY9KJ - INFO - Captura de pantalla guardada: C:\Users\def\Documents\OTWMusicSystem_Final\OTWMusicSystem_Final\otw_project\OTW_MUSIC_SYSTEM\screenshots\P7NBHUMRBYRGY9KJ\spotify_not_foreground_screenshot_P7NBHUMRBYRGY9KJ_20250519_185849715155.png
2025-05-19 18:58:49,903 - Worker-P7NBHUMR - PlaylistPlayer.P7NBHUMRBYRGY9KJ - WARNING - Spotify no detectado en primer plano después de abrir https://open.spotify.com/artist/3o9yGahQLPpDLMI6dABpIr?si=f8sTAXSOSoOf-DHKLlKGUQ.
2025-05-19 18:58:49,904 - Worker-P7NBHUMR - PlaylistPlayer.P7NBHUMRBYRGY9KJ - DEBUG - Capturando pantalla en C:\Users\def\Documents\OTWMusicSystem_Final\OTWMusicSystem_Final\otw_project\OTW_MUSIC_SYSTEM\screenshots\P7NBHUMRBYRGY9KJ\spotify_not_fg_after_open_3o9yGahQLPpDLMI6dABpIr?si=f8sTAXSOSoOf-DHKLlKGUQ_screenshot_P7NBHUMRBYRGY9KJ_20250519_185849903971.png
2025-05-19 18:58:50,034 - Worker-P7NBHUMR - PlaylistPlayer.P7NBHUMRBYRGY9KJ - ERROR - Error al capturar pantalla: [Errno 22] Invalid argument: 'C:\\Users\\def\\Documents\\OTWMusicSystem_Final\\OTWMusicSystem_Final\\otw_project\\OTW_MUSIC_SYSTEM\\screenshots\\P7NBHUMRBYRGY9KJ\\spotify_not_fg_after_open_3o9yGahQLPpDLMI6dABpIr?si=f8sTAXSOSoOf-DHKLlKGUQ_screenshot_P7NBHUMRBYRGY9KJ_20250519_185849903971.png'
2025-05-19 18:58:50,034 - Worker-P7NBHUMR - PlaylistPlayer.P7NBHUMRBYRGY9KJ - INFO - Pausa antes de reintentar apertura de URL debido a no foreground.
2025-05-19 18:59:01,266 - Worker-P7NBHUMR - PlaylistPlayer.P7NBHUMRBYRGY9KJ - INFO - Intentando abrir URL: https://open.spotify.com/artist/3o9yGahQLPpDLMI6dABpIr?si=f8sTAXSOSoOf-DHKLlKGUQ (Intento 3/3)
2025-05-19 18:59:01,266 - Worker-P7NBHUMR - PlaylistPlayer.P7NBHUMRBYRGY9KJ - DEBUG - Forzando detención de Spotify (com.spotify.music) antes de abrir URL.
2025-05-19 18:59:02,930 - Worker-P7NBHUMR - PlaylistPlayer.P7NBHUMRBYRGY9KJ - DEBUG - Presionando HOME.
2025-05-19 18:59:06,244 - Worker-P7NBHUMR - PlaylistPlayer.P7NBHUMRBYRGY9KJ - DEBUG - Ejecutando ADB intent para URL: https://open.spotify.com/artist/3o9yGahQLPpDLMI6dABpIr?si=f8sTAXSOSoOf-DHKLlKGUQ
2025-05-19 18:59:09,305 - Worker-P7NBHUMR - PlaylistPlayer.P7NBHUMRBYRGY9KJ - DEBUG - Resultado ADB 'am start': stdout='Starting: Intent { act=android.intent.action.VIEW dat=https://open.spotify.com/... flg=0x10008000 }', stderr=''
2025-05-19 18:59:12,177 - Worker-P7NBHUMR - PlaylistPlayer.P7NBHUMRBYRGY9KJ - DEBUG - Esperando que la app se abra y estabilice...
2025-05-19 18:59:21,017 - Worker-P7NBHUMR - PlaylistPlayer.P7NBHUMRBYRGY9KJ - DEBUG - Verificando diálogo 'Abrir con'...
2025-05-19 18:59:26,762 - Worker-P7NBHUMR - PlaylistPlayer.P7NBHUMRBYRGY9KJ - DEBUG - No se detectó diálogo 'Abrir con' explícito.
2025-05-19 18:59:26,763 - Worker-P7NBHUMR - PlaylistPlayer.P7NBHUMRBYRGY9KJ - DEBUG - No se manejó el diálogo 'Abrir con' o no apareció.
2025-05-19 18:59:26,763 - Worker-P7NBHUMR - PlaylistPlayer.P7NBHUMRBYRGY9KJ - DEBUG - Verificando si Spotify está en primer plano...
2025-05-19 18:59:26,763 - Worker-P7NBHUMR - PlaylistPlayer.P7NBHUMRBYRGY9KJ - DEBUG - Intentando con comando dumpsys (1): adb -s P7NBHUMRBYRGY9KJ shell dumpsys activity top
2025-05-19 18:59:27,105 - Worker-P7NBHUMR - PlaylistPlayer.P7NBHUMRBYRGY9KJ - WARNING - Spotify NO parece estar en primer plano según dumpsys.
2025-05-19 18:59:27,107 - Worker-P7NBHUMR - PlaylistPlayer.P7NBHUMRBYRGY9KJ - DEBUG - Capturando pantalla en C:\Users\def\Documents\OTWMusicSystem_Final\OTWMusicSystem_Final\otw_project\OTW_MUSIC_SYSTEM\screenshots\P7NBHUMRBYRGY9KJ\spotify_not_foreground_screenshot_P7NBHUMRBYRGY9KJ_20250519_185927106649.png
2025-05-19 18:59:27,341 - Worker-P7NBHUMR - PlaylistPlayer.P7NBHUMRBYRGY9KJ - INFO - Captura de pantalla guardada: C:\Users\def\Documents\OTWMusicSystem_Final\OTWMusicSystem_Final\otw_project\OTW_MUSIC_SYSTEM\screenshots\P7NBHUMRBYRGY9KJ\spotify_not_foreground_screenshot_P7NBHUMRBYRGY9KJ_20250519_185927106649.png
2025-05-19 18:59:27,341 - Worker-P7NBHUMR - PlaylistPlayer.P7NBHUMRBYRGY9KJ - WARNING - Spotify no detectado en primer plano después de abrir https://open.spotify.com/artist/3o9yGahQLPpDLMI6dABpIr?si=f8sTAXSOSoOf-DHKLlKGUQ.
2025-05-19 18:59:27,342 - Worker-P7NBHUMR - PlaylistPlayer.P7NBHUMRBYRGY9KJ - DEBUG - Capturando pantalla en C:\Users\def\Documents\OTWMusicSystem_Final\OTWMusicSystem_Final\otw_project\OTW_MUSIC_SYSTEM\screenshots\P7NBHUMRBYRGY9KJ\spotify_not_fg_after_open_3o9yGahQLPpDLMI6dABpIr?si=f8sTAXSOSoOf-DHKLlKGUQ_screenshot_P7NBHUMRBYRGY9KJ_20250519_185927341976.png
2025-05-19 18:59:27,477 - Worker-P7NBHUMR - PlaylistPlayer.P7NBHUMRBYRGY9KJ - ERROR - Error al capturar pantalla: [Errno 22] Invalid argument: 'C:\\Users\\def\\Documents\\OTWMusicSystem_Final\\OTWMusicSystem_Final\\otw_project\\OTW_MUSIC_SYSTEM\\screenshots\\P7NBHUMRBYRGY9KJ\\spotify_not_fg_after_open_3o9yGahQLPpDLMI6dABpIr?si=f8sTAXSOSoOf-DHKLlKGUQ_screenshot_P7NBHUMRBYRGY9KJ_20250519_185927341976.png'
2025-05-19 18:59:27,477 - Worker-P7NBHUMR - PlaylistPlayer.P7NBHUMRBYRGY9KJ - INFO - Pausa antes de reintentar apertura de URL debido a no foreground.
2025-05-19 18:59:39,511 - Worker-P7NBHUMR - PlaylistPlayer.P7NBHUMRBYRGY9KJ - INFO - Intentando abrir URL: https://open.spotify.com/artist/3o9yGahQLPpDLMI6dABpIr?si=f8sTAXSOSoOf-DHKLlKGUQ (Intento 4/3)
2025-05-19 18:59:39,511 - Worker-P7NBHUMR - PlaylistPlayer.P7NBHUMRBYRGY9KJ - ERROR - Máximos reintentos (3) alcanzados para abrir URL https://open.spotify.com/artist/3o9yGahQLPpDLMI6dABpIr?si=f8sTAXSOSoOf-DHKLlKGUQ
2025-05-19 18:59:39,511 - Worker-P7NBHUMR - PlaylistPlayer.P7NBHUMRBYRGY9KJ - DEBUG - Capturando pantalla en C:\Users\def\Documents\OTWMusicSystem_Final\OTWMusicSystem_Final\otw_project\OTW_MUSIC_SYSTEM\screenshots\P7NBHUMRBYRGY9KJ\open_url_max_retries_fail_3o9yGahQLPpDLMI6dABpIr?si=f8sTAXSOSoOf-DHKLlKGUQ_screenshot_P7NBHUMRBYRGY9KJ_20250519_185939511237.png
2025-05-19 18:59:39,626 - Worker-P7NBHUMR - PlaylistPlayer.P7NBHUMRBYRGY9KJ - ERROR - Error al capturar pantalla: [Errno 22] Invalid argument: 'C:\\Users\\def\\Documents\\OTWMusicSystem_Final\\OTWMusicSystem_Final\\otw_project\\OTW_MUSIC_SYSTEM\\screenshots\\P7NBHUMRBYRGY9KJ\\open_url_max_retries_fail_3o9yGahQLPpDLMI6dABpIr?si=f8sTAXSOSoOf-DHKLlKGUQ_screenshot_P7NBHUMRBYRGY9KJ_20250519_185939511237.png'
2025-05-19 18:59:39,627 - Worker-P7NBHUMR - PlaylistPlayer.P7NBHUMRBYRGY9KJ - ERROR - No se pudo abrir la página del artista https://open.spotify.com/artist/3o9yGahQLPpDLMI6dABpIr?si=f8sTAXSOSoOf-DHKLlKGUQ. Terminando interacción.
2025-05-19 18:59:39,627 - Worker-P7NBHUMR - PlaylistPlayer.P7NBHUMRBYRGY9KJ - INFO - Sesión #1 completada. Pausa de 22.6s.
2025-05-19 19:00:02,256 - Worker-P7NBHUMR - PlaylistPlayer.P7NBHUMRBYRGY9KJ - INFO - --- Iniciando Sesión de Interacción #2 ---
2025-05-19 19:00:02,256 - Worker-P7NBHUMR - PlaylistPlayer.P7NBHUMRBYRGY9KJ - INFO - Selección: Link (track) -> https://open.spotify.com/track/1Y7G0YR3wQEqpo3k9wdNBS?si=d762c5c2e94d45c8
2025-05-19 19:00:02,257 - Worker-P7NBHUMR - PlaylistPlayer.P7NBHUMRBYRGY9KJ - INFO - Iniciando interacción con TRACK: https://open.spotify.com/track/1Y7G0YR3wQEqpo3k9wdNBS?si=d762c5c2e94d45c8
2025-05-19 19:00:02,257 - Worker-P7NBHUMR - PlaylistPlayer.P7NBHUMRBYRGY9KJ - INFO - Intentando abrir URL: https://open.spotify.com/track/1Y7G0YR3wQEqpo3k9wdNBS?si=d762c5c2e94d45c8 (Intento 1/3)
2025-05-19 19:00:02,257 - Worker-P7NBHUMR - PlaylistPlayer.P7NBHUMRBYRGY9KJ - DEBUG - Forzando detención de Spotify (com.spotify.music) antes de abrir URL.
2025-05-19 19:00:04,023 - Worker-P7NBHUMR - PlaylistPlayer.P7NBHUMRBYRGY9KJ - DEBUG - Presionando HOME.
2025-05-19 19:00:07,167 - Worker-P7NBHUMR - PlaylistPlayer.P7NBHUMRBYRGY9KJ - DEBUG - Ejecutando ADB intent para URL: https://open.spotify.com/track/1Y7G0YR3wQEqpo3k9wdNBS?si=d762c5c2e94d45c8
2025-05-19 19:00:10,156 - Worker-P7NBHUMR - PlaylistPlayer.P7NBHUMRBYRGY9KJ - DEBUG - Resultado ADB 'am start': stdout='Starting: Intent { act=android.intent.action.VIEW dat=https://open.spotify.com/... flg=0x10008000 }', stderr=''
2025-05-19 19:00:14,045 - Worker-P7NBHUMR - PlaylistPlayer.P7NBHUMRBYRGY9KJ - DEBUG - Esperando que la app se abra y estabilice...
2025-05-19 19:00:25,995 - Worker-P7NBHUMR - PlaylistPlayer.P7NBHUMRBYRGY9KJ - DEBUG - Verificando diálogo 'Abrir con'...
2025-05-19 19:00:31,741 - Worker-P7NBHUMR - PlaylistPlayer.P7NBHUMRBYRGY9KJ - DEBUG - No se detectó diálogo 'Abrir con' explícito.
2025-05-19 19:00:31,741 - Worker-P7NBHUMR - PlaylistPlayer.P7NBHUMRBYRGY9KJ - DEBUG - No se manejó el diálogo 'Abrir con' o no apareció.
2025-05-19 19:00:31,741 - Worker-P7NBHUMR - PlaylistPlayer.P7NBHUMRBYRGY9KJ - DEBUG - Verificando si Spotify está en primer plano...
2025-05-19 19:00:31,742 - Worker-P7NBHUMR - PlaylistPlayer.P7NBHUMRBYRGY9KJ - DEBUG - Intentando con comando dumpsys (1): adb -s P7NBHUMRBYRGY9KJ shell dumpsys activity top
2025-05-19 19:00:31,923 - Worker-P7NBHUMR - PlaylistPlayer.P7NBHUMRBYRGY9KJ - WARNING - Spotify NO parece estar en primer plano según dumpsys.
2025-05-19 19:00:31,923 - Worker-P7NBHUMR - PlaylistPlayer.P7NBHUMRBYRGY9KJ - DEBUG - Capturando pantalla en C:\Users\def\Documents\OTWMusicSystem_Final\OTWMusicSystem_Final\otw_project\OTW_MUSIC_SYSTEM\screenshots\P7NBHUMRBYRGY9KJ\spotify_not_foreground_screenshot_P7NBHUMRBYRGY9KJ_20250519_190031923097.png
2025-05-19 19:00:32,113 - Worker-P7NBHUMR - PlaylistPlayer.P7NBHUMRBYRGY9KJ - INFO - Captura de pantalla guardada: C:\Users\def\Documents\OTWMusicSystem_Final\OTWMusicSystem_Final\otw_project\OTW_MUSIC_SYSTEM\screenshots\P7NBHUMRBYRGY9KJ\spotify_not_foreground_screenshot_P7NBHUMRBYRGY9KJ_20250519_190031923097.png
2025-05-19 19:00:32,113 - Worker-P7NBHUMR - PlaylistPlayer.P7NBHUMRBYRGY9KJ - WARNING - Spotify no detectado en primer plano después de abrir https://open.spotify.com/track/1Y7G0YR3wQEqpo3k9wdNBS?si=d762c5c2e94d45c8.
2025-05-19 19:00:32,115 - Worker-P7NBHUMR - PlaylistPlayer.P7NBHUMRBYRGY9KJ - DEBUG - Capturando pantalla en C:\Users\def\Documents\OTWMusicSystem_Final\OTWMusicSystem_Final\otw_project\OTW_MUSIC_SYSTEM\screenshots\P7NBHUMRBYRGY9KJ\spotify_not_fg_after_open_1Y7G0YR3wQEqpo3k9wdNBS?si=d762c5c2e94d45c8_screenshot_P7NBHUMRBYRGY9KJ_20250519_190032113881.png
2025-05-19 19:00:32,342 - Worker-P7NBHUMR - PlaylistPlayer.P7NBHUMRBYRGY9KJ - ERROR - Error al capturar pantalla: [Errno 22] Invalid argument: 'C:\\Users\\def\\Documents\\OTWMusicSystem_Final\\OTWMusicSystem_Final\\otw_project\\OTW_MUSIC_SYSTEM\\screenshots\\P7NBHUMRBYRGY9KJ\\spotify_not_fg_after_open_1Y7G0YR3wQEqpo3k9wdNBS?si=d762c5c2e94d45c8_screenshot_P7NBHUMRBYRGY9KJ_20250519_190032113881.png'
2025-05-19 19:00:32,343 - Worker-P7NBHUMR - PlaylistPlayer.P7NBHUMRBYRGY9KJ - INFO - Pausa antes de reintentar apertura de URL debido a no foreground.
