2025-05-19 18:49:20,278 - Worker-P7NBHUMR - PlaylistPlayer.P7NBHUMRBYRGY9KJ - INFO - Worker thread INICIADO. Logs en: C:\Users\def\Documents\OTWMusicSystem_Final\OTWMusicSystem_Final\otw_project\OTW_MUSIC_SYSTEM\logs\P7NBHUMRBYRGY9KJ\playlist_player_20250519_184920.log
2025-05-19 18:49:20,279 - Worker-P7NBHUMR - PlaylistPlayer.P7NBHUMRBYRGY9KJ - INFO - Personalidad Creada (SLOW_MODE_FACTOR=1.75): ShortTimeout=10.5s, ActionDelay=[7.7-16.8]s, ShortPause=[31.7-70.1]s, MinTrackT=70s, MaxTrackT=141s, MinContentT=5m, MaxContentT=7m
2025-05-19 18:49:20,279 - Worker-P7NBHUMR - PlaylistPlayer.P7NBHUMRBYRGY9KJ - INFO - Intentando conectar a uiautomator2 (intento 1/3)...
2025-05-19 18:49:25,504 - Worker-P7NBHUMR - PlaylistPlayer.P7NBHUMRBYRGY9KJ - INFO - Conectado (Device: U318AA, Android: N/A).
2025-05-19 18:49:25,913 - Worker-P7NBHUMR - PlaylistPlayer.P7NBHUMRBYRGY9KJ - INFO - Spotify (com.spotify.music v9.0.36.484) está instalado.
2025-05-19 18:49:25,913 - Worker-P7NBHUMR - PlaylistPlayer.P7NBHUMRBYRGY9KJ - INFO - Configuración inicial (kill Spotify y volver a Home).
2025-05-19 18:49:25,914 - Worker-P7NBHUMR - PlaylistPlayer.P7NBHUMRBYRGY9KJ - WARNING - Advertencia durante configuración inicial: 'Device' object has no attribute 'app_kill'
2025-05-19 18:49:25,914 - Worker-P7NBHUMR - PlaylistPlayer.P7NBHUMRBYRGY9KJ - DEBUG - Capturando pantalla en C:\Users\def\Documents\OTWMusicSystem_Final\OTWMusicSystem_Final\otw_project\OTW_MUSIC_SYSTEM\screenshots\P7NBHUMRBYRGY9KJ\initial_setup_warn_screenshot_P7NBHUMRBYRGY9KJ_20250519_184925914036.png
2025-05-19 18:49:26,788 - Worker-P7NBHUMR - PlaylistPlayer.P7NBHUMRBYRGY9KJ - INFO - Captura de pantalla guardada: C:\Users\def\Documents\OTWMusicSystem_Final\OTWMusicSystem_Final\otw_project\OTW_MUSIC_SYSTEM\screenshots\P7NBHUMRBYRGY9KJ\initial_setup_warn_screenshot_P7NBHUMRBYRGY9KJ_20250519_184925914036.png
2025-05-19 18:49:26,788 - Worker-P7NBHUMR - PlaylistPlayer.P7NBHUMRBYRGY9KJ - INFO - --- Iniciando Sesión de Interacción #1 ---
2025-05-19 18:49:26,788 - Worker-P7NBHUMR - PlaylistPlayer.P7NBHUMRBYRGY9KJ - INFO - Selección: Link (artist) -> https://open.spotify.com/artist/5FODJKisUiQHQuylUd8tOy?si=Tk2fNDVvQOSIolBdnUpZ7A
2025-05-19 18:49:26,788 - Worker-P7NBHUMR - PlaylistPlayer.P7NBHUMRBYRGY9KJ - INFO - Iniciando interacción con ARTISTA: https://open.spotify.com/artist/5FODJKisUiQHQuylUd8tOy?si=Tk2fNDVvQOSIolBdnUpZ7A 
2025-05-19 18:49:26,788 - Worker-P7NBHUMR - PlaylistPlayer.P7NBHUMRBYRGY9KJ - INFO - Intentando abrir URL: https://open.spotify.com/artist/5FODJKisUiQHQuylUd8tOy?si=Tk2fNDVvQOSIolBdnUpZ7A (Intento 1/3)
2025-05-19 18:49:26,788 - Worker-P7NBHUMR - PlaylistPlayer.P7NBHUMRBYRGY9KJ - DEBUG - Forzando detención de Spotify (com.spotify.music) antes de abrir URL.
2025-05-19 18:49:27,886 - Worker-P7NBHUMR - PlaylistPlayer.P7NBHUMRBYRGY9KJ - DEBUG - Presionando HOME.
2025-05-19 18:49:30,056 - Worker-P7NBHUMR - PlaylistPlayer.P7NBHUMRBYRGY9KJ - DEBUG - Ejecutando ADB intent para URL: https://open.spotify.com/artist/5FODJKisUiQHQuylUd8tOy?si=Tk2fNDVvQOSIolBdnUpZ7A
2025-05-19 18:49:32,084 - Worker-P7NBHUMR - PlaylistPlayer.P7NBHUMRBYRGY9KJ - DEBUG - Resultado ADB 'am start': stdout='Starting: Intent { act=android.intent.action.VIEW dat=https://open.spotify.com/... flg=0x10008000 }', stderr=''
2025-05-19 18:49:36,354 - Worker-P7NBHUMR - PlaylistPlayer.P7NBHUMRBYRGY9KJ - DEBUG - Esperando que la app se abra y estabilice...
2025-05-19 18:49:47,122 - Worker-P7NBHUMR - PlaylistPlayer.P7NBHUMRBYRGY9KJ - DEBUG - Verificando diálogo 'Abrir con'...
2025-05-19 18:49:52,875 - Worker-P7NBHUMR - PlaylistPlayer.P7NBHUMRBYRGY9KJ - DEBUG - No se detectó diálogo 'Abrir con' explícito.
2025-05-19 18:49:52,875 - Worker-P7NBHUMR - PlaylistPlayer.P7NBHUMRBYRGY9KJ - DEBUG - No se manejó el diálogo 'Abrir con' o no apareció.
2025-05-19 18:49:52,875 - Worker-P7NBHUMR - PlaylistPlayer.P7NBHUMRBYRGY9KJ - DEBUG - Verificando si Spotify está en primer plano...
2025-05-19 18:49:52,875 - Worker-P7NBHUMR - PlaylistPlayer.P7NBHUMRBYRGY9KJ - DEBUG - Intentando con comando dumpsys (1): adb -s P7NBHUMRBYRGY9KJ shell dumpsys activity top
2025-05-19 18:49:53,051 - Worker-P7NBHUMR - PlaylistPlayer.P7NBHUMRBYRGY9KJ - WARNING - Spotify NO parece estar en primer plano según dumpsys.
2025-05-19 18:49:53,052 - Worker-P7NBHUMR - PlaylistPlayer.P7NBHUMRBYRGY9KJ - DEBUG - Capturando pantalla en C:\Users\def\Documents\OTWMusicSystem_Final\OTWMusicSystem_Final\otw_project\OTW_MUSIC_SYSTEM\screenshots\P7NBHUMRBYRGY9KJ\spotify_not_foreground_screenshot_P7NBHUMRBYRGY9KJ_20250519_184953052264.png
2025-05-19 18:49:53,232 - Worker-P7NBHUMR - PlaylistPlayer.P7NBHUMRBYRGY9KJ - INFO - Captura de pantalla guardada: C:\Users\def\Documents\OTWMusicSystem_Final\OTWMusicSystem_Final\otw_project\OTW_MUSIC_SYSTEM\screenshots\P7NBHUMRBYRGY9KJ\spotify_not_foreground_screenshot_P7NBHUMRBYRGY9KJ_20250519_184953052264.png
2025-05-19 18:49:53,232 - Worker-P7NBHUMR - PlaylistPlayer.P7NBHUMRBYRGY9KJ - WARNING - Spotify no detectado en primer plano después de abrir https://open.spotify.com/artist/5FODJKisUiQHQuylUd8tOy?si=Tk2fNDVvQOSIolBdnUpZ7A.
2025-05-19 18:49:53,232 - Worker-P7NBHUMR - PlaylistPlayer.P7NBHUMRBYRGY9KJ - DEBUG - Capturando pantalla en C:\Users\def\Documents\OTWMusicSystem_Final\OTWMusicSystem_Final\otw_project\OTW_MUSIC_SYSTEM\screenshots\P7NBHUMRBYRGY9KJ\spotify_not_fg_after_open_5FODJKisUiQHQuylUd8tOy?si=Tk2fNDVvQOSIolBdnUpZ7A_screenshot_P7NBHUMRBYRGY9KJ_20250519_184953232522.png
2025-05-19 18:49:53,430 - Worker-P7NBHUMR - PlaylistPlayer.P7NBHUMRBYRGY9KJ - ERROR - Error al capturar pantalla: [Errno 22] Invalid argument: 'C:\\Users\\def\\Documents\\OTWMusicSystem_Final\\OTWMusicSystem_Final\\otw_project\\OTW_MUSIC_SYSTEM\\screenshots\\P7NBHUMRBYRGY9KJ\\spotify_not_fg_after_open_5FODJKisUiQHQuylUd8tOy?si=Tk2fNDVvQOSIolBdnUpZ7A_screenshot_P7NBHUMRBYRGY9KJ_20250519_184953232522.png'
2025-05-19 18:49:53,430 - Worker-P7NBHUMR - PlaylistPlayer.P7NBHUMRBYRGY9KJ - INFO - Pausa antes de reintentar apertura de URL debido a no foreground.
