2025-05-22 02:05:12,255 - Worker-20403060 - PlaylistPlayer.2040306023079705 - INFO - Worker thread INICIADO. Logs en: C:\Users\def\Documents\OTWMusicSystem_Final\OTWMusicSystem_Final\otw_project\OTW_MUSIC_SYSTEM\logs\2040306023079705\playlist_player_20250522_020512.log
2025-05-22 02:05:12,255 - Worker-20403060 - PlaylistPlayer.2040306023079705 - INFO - Personalidad Creada (SLOW_MODE_FACTOR=1.75):
  TotalSessionDur: [45-150]m
  InitPlaylistDur: [30-120]m
  ArtistPlayDur: [10-30]m, Songs: [3-6]
  TrackSessionDur: [25-70]m, SingleTrack: [65-135]s
  Probs: LikePlaylist=0.71, Shuffle=0.86, SwitchPlaylist=0.32
  VisitArtist=0.56, FollowArtist=0.83, ExploreTracks=0.44, Search=0.15
2025-05-22 02:05:12,259 - Worker-20403060 - PlaylistPlayer.2040306023079705 - INFO - Conectando uiautomator2 (intento 1/3)...
2025-05-22 02:05:18,606 - Worker-20403060 - PlaylistPlayer.2040306023079705 - INFO - Conectado (Device: Studio_X5_Max, Android: N/A).
2025-05-22 02:05:18,989 - Worker-20403060 - PlaylistPlayer.2040306023079705 - INFO - Spotify (com.spotify.music v8.9.60.560) instalado.
2025-05-22 02:05:18,989 - Worker-20403060 - PlaylistPlayer.2040306023079705 - INFO - Setup inicial (kill Spotify, home).
2025-05-22 02:05:18,989 - Worker-20403060 - PlaylistPlayer.2040306023079705 - WARNING - Advertencia setup inicial: 'Device' object has no attribute 'app_kill'
2025-05-22 02:05:18,990 - Worker-20403060 - PlaylistPlayer.2040306023079705 - DEBUG - Capturando pantalla en C:\Users\def\Documents\OTWMusicSystem_Final\OTWMusicSystem_Final\otw_project\OTW_MUSIC_SYSTEM\screenshots\2040306023079705\init_setup_warn_screenshot_2040306023079705_20250522_020518990277.png
2025-05-22 02:05:21,369 - Worker-20403060 - PlaylistPlayer.2040306023079705 - INFO - Captura de pantalla guardada: C:\Users\def\Documents\OTWMusicSystem_Final\OTWMusicSystem_Final\otw_project\OTW_MUSIC_SYSTEM\screenshots\2040306023079705\init_setup_warn_screenshot_2040306023079705_20250522_020518990277.png
2025-05-22 02:05:21,369 - Worker-20403060 - PlaylistPlayer.2040306023079705 - INFO - --- Iniciando GRAN SESIÓN DE ESCUCHA #1 (Duración objetivo: ~60.0 min) ---
2025-05-22 02:05:21,370 - Worker-20403060 - PlaylistPlayer.2040306023079705 - INFO - Fase 1: Reproducción de Playlist Inicial Larga.
2025-05-22 02:05:21,370 - Worker-20403060 - PlaylistPlayer.2040306023079705 - INFO - Iniciando PLAYLIST: https://open.spotify.com/playlist/1jNkvpdVy0DtpabdXexqLg?si=Jnx5VeI4RtSq-M6_Fy4OMg por ~93 min.
2025-05-22 02:05:21,371 - Worker-20403060 - PlaylistPlayer.2040306023079705 - INFO - Intentando abrir URL: https://open.spotify.com/playlist/1jNkvpdVy0DtpabdXexqLg?si=Jnx5VeI4RtSq-M6_Fy4OMg (Intento 1/3)
2025-05-22 02:05:21,371 - Worker-20403060 - PlaylistPlayer.2040306023079705 - DEBUG - Forzando detención de Spotify (com.spotify.music).
2025-05-22 02:05:23,788 - Worker-20403060 - PlaylistPlayer.2040306023079705 - DEBUG - Presionando HOME.
2025-05-22 02:05:26,731 - Worker-20403060 - PlaylistPlayer.2040306023079705 - DEBUG - Ejecutando ADB intent para URL: https://open.spotify.com/playlist/1jNkvpdVy0DtpabdXexqLg?si=Jnx5VeI4RtSq-M6_Fy4OMg
2025-05-22 02:05:29,744 - Worker-20403060 - PlaylistPlayer.2040306023079705 - DEBUG - Resultado ADB: stdout='Starting: Intent { act=android.intent.action.VIEW dat=https://open.spotify.com/... flg=0x10008000 }', stderr=''
2025-05-22 02:05:33,084 - Worker-20403060 - PlaylistPlayer.2040306023079705 - DEBUG - Esperando app estabilice...
2025-05-22 02:05:46,863 - Worker-20403060 - PlaylistPlayer.2040306023079705 - DEBUG - Verificando diálogo 'Abrir con'...
2025-05-22 02:05:56,360 - Worker-20403060 - PlaylistPlayer.2040306023079705 - DEBUG - No se detectó diálogo 'Abrir con' explícito.
2025-05-22 02:05:56,361 - Worker-20403060 - PlaylistPlayer.2040306023079705 - DEBUG - No se manejó diálogo 'Abrir con'.
2025-05-22 02:05:56,361 - Worker-20403060 - PlaylistPlayer.2040306023079705 - DEBUG - Verificando si Spotify está en primer plano...
2025-05-22 02:05:56,361 - Worker-20403060 - PlaylistPlayer.2040306023079705 - DEBUG - Intentando con comando dumpsys (1): adb -s 2040306023079705 shell dumpsys activity top
2025-05-22 02:05:58,218 - Worker-20403060 - PlaylistPlayer.2040306023079705 - WARNING - Spotify NO parece estar en primer plano.
2025-05-22 02:05:58,219 - Worker-20403060 - PlaylistPlayer.2040306023079705 - DEBUG - Capturando pantalla en C:\Users\def\Documents\OTWMusicSystem_Final\OTWMusicSystem_Final\otw_project\OTW_MUSIC_SYSTEM\screenshots\2040306023079705\spotify_not_foreground_screenshot_2040306023079705_20250522_020558218801.png
2025-05-22 02:05:58,729 - Worker-20403060 - PlaylistPlayer.2040306023079705 - INFO - Captura de pantalla guardada: C:\Users\def\Documents\OTWMusicSystem_Final\OTWMusicSystem_Final\otw_project\OTW_MUSIC_SYSTEM\screenshots\2040306023079705\spotify_not_foreground_screenshot_2040306023079705_20250522_020558218801.png
2025-05-22 02:05:58,730 - Worker-20403060 - PlaylistPlayer.2040306023079705 - WARNING - Spotify no en primer plano tras abrir https://open.spotify.com/playlist/1jNkvpdVy0DtpabdXexqLg?si=Jnx5VeI4RtSq-M6_Fy4OMg.
2025-05-22 02:05:58,730 - Worker-20403060 - PlaylistPlayer.2040306023079705 - DEBUG - Capturando pantalla en C:\Users\def\Documents\OTWMusicSystem_Final\OTWMusicSystem_Final\otw_project\OTW_MUSIC_SYSTEM\screenshots\2040306023079705\spotify_not_fg_screenshot_2040306023079705_20250522_020558730459.png
2025-05-22 02:05:59,498 - Worker-20403060 - PlaylistPlayer.2040306023079705 - INFO - Captura de pantalla guardada: C:\Users\def\Documents\OTWMusicSystem_Final\OTWMusicSystem_Final\otw_project\OTW_MUSIC_SYSTEM\screenshots\2040306023079705\spotify_not_fg_screenshot_2040306023079705_20250522_020558730459.png
2025-05-22 02:06:07,820 - Worker-20403060 - PlaylistPlayer.2040306023079705 - INFO - Intentando abrir URL: https://open.spotify.com/playlist/1jNkvpdVy0DtpabdXexqLg?si=Jnx5VeI4RtSq-M6_Fy4OMg (Intento 2/3)
2025-05-22 02:06:07,820 - Worker-20403060 - PlaylistPlayer.2040306023079705 - DEBUG - Forzando detención de Spotify (com.spotify.music).
2025-05-22 02:06:09,738 - Worker-20403060 - PlaylistPlayer.2040306023079705 - DEBUG - Presionando HOME.
2025-05-22 02:06:13,278 - Worker-20403060 - PlaylistPlayer.2040306023079705 - DEBUG - Ejecutando ADB intent para URL: https://open.spotify.com/playlist/1jNkvpdVy0DtpabdXexqLg?si=Jnx5VeI4RtSq-M6_Fy4OMg
2025-05-22 02:06:15,356 - Worker-20403060 - PlaylistPlayer.2040306023079705 - DEBUG - Resultado ADB: stdout='Starting: Intent { act=android.intent.action.VIEW dat=https://open.spotify.com/... flg=0x10008000 }', stderr=''
2025-05-22 02:06:17,707 - Worker-20403060 - PlaylistPlayer.2040306023079705 - DEBUG - Esperando app estabilice...
2025-05-22 02:06:27,830 - Worker-20403060 - PlaylistPlayer.2040306023079705 - DEBUG - Verificando diálogo 'Abrir con'...
2025-05-22 02:06:36,118 - Worker-20403060 - PlaylistPlayer.2040306023079705 - DEBUG - No se detectó diálogo 'Abrir con' explícito.
2025-05-22 02:06:36,118 - Worker-20403060 - PlaylistPlayer.2040306023079705 - DEBUG - No se manejó diálogo 'Abrir con'.
2025-05-22 02:06:36,118 - Worker-20403060 - PlaylistPlayer.2040306023079705 - DEBUG - Verificando si Spotify está en primer plano...
2025-05-22 02:06:36,118 - Worker-20403060 - PlaylistPlayer.2040306023079705 - DEBUG - Intentando con comando dumpsys (1): adb -s 2040306023079705 shell dumpsys activity top
2025-05-22 02:06:37,667 - Worker-20403060 - PlaylistPlayer.2040306023079705 - WARNING - Spotify NO parece estar en primer plano.
2025-05-22 02:06:37,668 - Worker-20403060 - PlaylistPlayer.2040306023079705 - DEBUG - Capturando pantalla en C:\Users\def\Documents\OTWMusicSystem_Final\OTWMusicSystem_Final\otw_project\OTW_MUSIC_SYSTEM\screenshots\2040306023079705\spotify_not_foreground_screenshot_2040306023079705_20250522_020637667909.png
2025-05-22 02:06:38,128 - Worker-20403060 - PlaylistPlayer.2040306023079705 - INFO - Captura de pantalla guardada: C:\Users\def\Documents\OTWMusicSystem_Final\OTWMusicSystem_Final\otw_project\OTW_MUSIC_SYSTEM\screenshots\2040306023079705\spotify_not_foreground_screenshot_2040306023079705_20250522_020637667909.png
2025-05-22 02:06:38,128 - Worker-20403060 - PlaylistPlayer.2040306023079705 - WARNING - Spotify no en primer plano tras abrir https://open.spotify.com/playlist/1jNkvpdVy0DtpabdXexqLg?si=Jnx5VeI4RtSq-M6_Fy4OMg.
2025-05-22 02:06:38,129 - Worker-20403060 - PlaylistPlayer.2040306023079705 - DEBUG - Capturando pantalla en C:\Users\def\Documents\OTWMusicSystem_Final\OTWMusicSystem_Final\otw_project\OTW_MUSIC_SYSTEM\screenshots\2040306023079705\spotify_not_fg_screenshot_2040306023079705_20250522_020638128562.png
2025-05-22 02:06:38,766 - Worker-20403060 - PlaylistPlayer.2040306023079705 - INFO - Captura de pantalla guardada: C:\Users\def\Documents\OTWMusicSystem_Final\OTWMusicSystem_Final\otw_project\OTW_MUSIC_SYSTEM\screenshots\2040306023079705\spotify_not_fg_screenshot_2040306023079705_20250522_020638128562.png
2025-05-22 02:06:48,755 - Worker-20403060 - PlaylistPlayer.2040306023079705 - INFO - Intentando abrir URL: https://open.spotify.com/playlist/1jNkvpdVy0DtpabdXexqLg?si=Jnx5VeI4RtSq-M6_Fy4OMg (Intento 3/3)
2025-05-22 02:06:48,755 - Worker-20403060 - PlaylistPlayer.2040306023079705 - DEBUG - Forzando detención de Spotify (com.spotify.music).
2025-05-22 02:06:51,120 - Worker-20403060 - PlaylistPlayer.2040306023079705 - DEBUG - Presionando HOME.
2025-05-22 02:06:54,165 - Worker-20403060 - PlaylistPlayer.2040306023079705 - DEBUG - Ejecutando ADB intent para URL: https://open.spotify.com/playlist/1jNkvpdVy0DtpabdXexqLg?si=Jnx5VeI4RtSq-M6_Fy4OMg
2025-05-22 02:06:56,219 - Worker-20403060 - PlaylistPlayer.2040306023079705 - DEBUG - Resultado ADB: stdout='Starting: Intent { act=android.intent.action.VIEW dat=https://open.spotify.com/... flg=0x10008000 }', stderr=''
2025-05-22 02:07:00,389 - Worker-20403060 - PlaylistPlayer.2040306023079705 - DEBUG - Esperando app estabilice...
2025-05-22 02:07:10,412 - Worker-20403060 - PlaylistPlayer.2040306023079705 - DEBUG - Verificando diálogo 'Abrir con'...
2025-05-22 02:07:24,490 - Worker-20403060 - PlaylistPlayer.2040306023079705 - DEBUG - No se detectó diálogo 'Abrir con' explícito.
2025-05-22 02:07:24,491 - Worker-20403060 - PlaylistPlayer.2040306023079705 - DEBUG - No se manejó diálogo 'Abrir con'.
2025-05-22 02:07:24,491 - Worker-20403060 - PlaylistPlayer.2040306023079705 - DEBUG - Verificando si Spotify está en primer plano...
2025-05-22 02:07:24,491 - Worker-20403060 - PlaylistPlayer.2040306023079705 - DEBUG - Intentando con comando dumpsys (1): adb -s 2040306023079705 shell dumpsys activity top
2025-05-22 02:07:25,674 - Worker-20403060 - PlaylistPlayer.2040306023079705 - WARNING - Spotify NO parece estar en primer plano.
2025-05-22 02:07:25,674 - Worker-20403060 - PlaylistPlayer.2040306023079705 - DEBUG - Capturando pantalla en C:\Users\def\Documents\OTWMusicSystem_Final\OTWMusicSystem_Final\otw_project\OTW_MUSIC_SYSTEM\screenshots\2040306023079705\spotify_not_foreground_screenshot_2040306023079705_20250522_020725674450.png
2025-05-22 02:07:25,859 - Worker-20403060 - PlaylistPlayer.2040306023079705 - INFO - Captura de pantalla guardada: C:\Users\def\Documents\OTWMusicSystem_Final\OTWMusicSystem_Final\otw_project\OTW_MUSIC_SYSTEM\screenshots\2040306023079705\spotify_not_foreground_screenshot_2040306023079705_20250522_020725674450.png
2025-05-22 02:07:25,859 - Worker-20403060 - PlaylistPlayer.2040306023079705 - WARNING - Spotify no en primer plano tras abrir https://open.spotify.com/playlist/1jNkvpdVy0DtpabdXexqLg?si=Jnx5VeI4RtSq-M6_Fy4OMg.
2025-05-22 02:07:25,860 - Worker-20403060 - PlaylistPlayer.2040306023079705 - DEBUG - Capturando pantalla en C:\Users\def\Documents\OTWMusicSystem_Final\OTWMusicSystem_Final\otw_project\OTW_MUSIC_SYSTEM\screenshots\2040306023079705\spotify_not_fg_screenshot_2040306023079705_20250522_020725860150.png
2025-05-22 02:07:26,271 - Worker-20403060 - PlaylistPlayer.2040306023079705 - INFO - Captura de pantalla guardada: C:\Users\def\Documents\OTWMusicSystem_Final\OTWMusicSystem_Final\otw_project\OTW_MUSIC_SYSTEM\screenshots\2040306023079705\spotify_not_fg_screenshot_2040306023079705_20250522_020725860150.png
2025-05-22 02:07:35,397 - Worker-20403060 - PlaylistPlayer.2040306023079705 - INFO - Intentando abrir URL: https://open.spotify.com/playlist/1jNkvpdVy0DtpabdXexqLg?si=Jnx5VeI4RtSq-M6_Fy4OMg (Intento 4/3)
2025-05-22 02:07:35,399 - Worker-20403060 - PlaylistPlayer.2040306023079705 - ERROR - Máximos reintentos para URL https://open.spotify.com/playlist/1jNkvpdVy0DtpabdXexqLg?si=Jnx5VeI4RtSq-M6_Fy4OMg
2025-05-22 02:07:35,401 - Worker-20403060 - PlaylistPlayer.2040306023079705 - DEBUG - Capturando pantalla en C:\Users\def\Documents\OTWMusicSystem_Final\OTWMusicSystem_Final\otw_project\OTW_MUSIC_SYSTEM\screenshots\2040306023079705\open_url_max_retries_screenshot_2040306023079705_20250522_020735401360.png
2025-05-22 02:07:36,045 - Worker-20403060 - PlaylistPlayer.2040306023079705 - INFO - Captura de pantalla guardada: C:\Users\def\Documents\OTWMusicSystem_Final\OTWMusicSystem_Final\otw_project\OTW_MUSIC_SYSTEM\screenshots\2040306023079705\open_url_max_retries_screenshot_2040306023079705_20250522_020735401360.png
2025-05-22 02:07:36,045 - Worker-20403060 - PlaylistPlayer.2040306023079705 - ERROR - No se pudo abrir playlist https://open.spotify.com/playlist/1jNkvpdVy0DtpabdXexqLg?si=Jnx5VeI4RtSq-M6_Fy4OMg.
2025-05-22 02:07:42,919 - Worker-20403060 - PlaylistPlayer.2040306023079705 - INFO - Fase 2: Transición a Artista Clave.
2025-05-22 02:07:42,920 - Worker-20403060 - PlaylistPlayer.2040306023079705 - INFO - Iniciando ARTISTA: https://open.spotify.com/artist/5FODJKisUiQHQuylUd8tOy por ~24 min. (KEY ARTIST)
2025-05-22 02:07:42,920 - Worker-20403060 - PlaylistPlayer.2040306023079705 - INFO - Intentando abrir URL: https://open.spotify.com/artist/5FODJKisUiQHQuylUd8tOy (Intento 1/3)
2025-05-22 02:07:42,920 - Worker-20403060 - PlaylistPlayer.2040306023079705 - DEBUG - Forzando detención de Spotify (com.spotify.music).
2025-05-22 02:07:44,332 - Worker-20403060 - PlaylistPlayer.2040306023079705 - DEBUG - Presionando HOME.
2025-05-22 02:07:48,433 - Worker-20403060 - PlaylistPlayer.2040306023079705 - DEBUG - Ejecutando ADB intent para URL: https://open.spotify.com/artist/5FODJKisUiQHQuylUd8tOy
2025-05-22 02:07:50,793 - Worker-20403060 - PlaylistPlayer.2040306023079705 - DEBUG - Resultado ADB: stdout='Starting: Intent { act=android.intent.action.VIEW dat=https://open.spotify.com/... flg=0x10008000 }', stderr=''
2025-05-22 02:07:54,261 - Worker-20403060 - PlaylistPlayer.2040306023079705 - DEBUG - Esperando app estabilice...
2025-05-22 02:08:06,950 - Worker-20403060 - PlaylistPlayer.2040306023079705 - DEBUG - Verificando diálogo 'Abrir con'...
2025-05-22 02:08:18,423 - Worker-20403060 - PlaylistPlayer.2040306023079705 - DEBUG - No se detectó diálogo 'Abrir con' explícito.
2025-05-22 02:08:18,423 - Worker-20403060 - PlaylistPlayer.2040306023079705 - DEBUG - No se manejó diálogo 'Abrir con'.
2025-05-22 02:08:18,424 - Worker-20403060 - PlaylistPlayer.2040306023079705 - DEBUG - Verificando si Spotify está en primer plano...
2025-05-22 02:08:18,424 - Worker-20403060 - PlaylistPlayer.2040306023079705 - DEBUG - Intentando con comando dumpsys (1): adb -s 2040306023079705 shell dumpsys activity top
2025-05-22 02:08:19,743 - Worker-20403060 - PlaylistPlayer.2040306023079705 - WARNING - Spotify NO parece estar en primer plano.
2025-05-22 02:08:19,744 - Worker-20403060 - PlaylistPlayer.2040306023079705 - DEBUG - Capturando pantalla en C:\Users\def\Documents\OTWMusicSystem_Final\OTWMusicSystem_Final\otw_project\OTW_MUSIC_SYSTEM\screenshots\2040306023079705\spotify_not_foreground_screenshot_2040306023079705_20250522_020819743679.png
2025-05-22 02:08:20,537 - Worker-20403060 - PlaylistPlayer.2040306023079705 - INFO - Captura de pantalla guardada: C:\Users\def\Documents\OTWMusicSystem_Final\OTWMusicSystem_Final\otw_project\OTW_MUSIC_SYSTEM\screenshots\2040306023079705\spotify_not_foreground_screenshot_2040306023079705_20250522_020819743679.png
2025-05-22 02:08:20,539 - Worker-20403060 - PlaylistPlayer.2040306023079705 - WARNING - Spotify no en primer plano tras abrir https://open.spotify.com/artist/5FODJKisUiQHQuylUd8tOy.
2025-05-22 02:08:20,539 - Worker-20403060 - PlaylistPlayer.2040306023079705 - DEBUG - Capturando pantalla en C:\Users\def\Documents\OTWMusicSystem_Final\OTWMusicSystem_Final\otw_project\OTW_MUSIC_SYSTEM\screenshots\2040306023079705\spotify_not_fg_screenshot_2040306023079705_20250522_020820539758.png
2025-05-22 02:08:21,802 - Worker-20403060 - PlaylistPlayer.2040306023079705 - INFO - Captura de pantalla guardada: C:\Users\def\Documents\OTWMusicSystem_Final\OTWMusicSystem_Final\otw_project\OTW_MUSIC_SYSTEM\screenshots\2040306023079705\spotify_not_fg_screenshot_2040306023079705_20250522_020820539758.png
2025-05-22 02:08:33,453 - Worker-20403060 - PlaylistPlayer.2040306023079705 - INFO - Intentando abrir URL: https://open.spotify.com/artist/5FODJKisUiQHQuylUd8tOy (Intento 2/3)
2025-05-22 02:08:33,453 - Worker-20403060 - PlaylistPlayer.2040306023079705 - DEBUG - Forzando detención de Spotify (com.spotify.music).
2025-05-22 02:08:35,719 - Worker-20403060 - PlaylistPlayer.2040306023079705 - DEBUG - Presionando HOME.
2025-05-22 02:08:38,753 - Worker-20403060 - PlaylistPlayer.2040306023079705 - DEBUG - Ejecutando ADB intent para URL: https://open.spotify.com/artist/5FODJKisUiQHQuylUd8tOy
2025-05-22 02:08:41,103 - Worker-20403060 - PlaylistPlayer.2040306023079705 - DEBUG - Resultado ADB: stdout='Starting: Intent { act=android.intent.action.VIEW dat=https://open.spotify.com/... flg=0x10008000 }', stderr=''
2025-05-22 02:08:43,315 - Worker-20403060 - PlaylistPlayer.2040306023079705 - DEBUG - Esperando app estabilice...
