2025-05-19 18:46:55,176 - Worker-20403060 - PlaylistPlayer.2040306023079705 - INFO - Worker thread INICIADO. Logs en: C:\Users\def\Documents\OTWMusicSystem_Final\OTWMusicSystem_Final\otw_project\OTW_MUSIC_SYSTEM\logs\2040306023079705\playlist_player_20250519_184655.log
2025-05-19 18:46:55,177 - Worker-20403060 - PlaylistPlayer.2040306023079705 - INFO - Personalidad Creada (SLOW_MODE_FACTOR=1.75): ShortTimeout=10.3s, ActionDelay=[9.4-16.5]s, ShortPause=[26.1-57.1]s, MinTrackT=57s, MaxTrackT=116s, MinContentT=5m, MaxContentT=7m
2025-05-19 18:46:55,177 - Worker-20403060 - PlaylistPlayer.2040306023079705 - INFO - Intentando conectar a uiautomator2 (intento 1/3)...
2025-05-19 18:46:57,832 - Worker-20403060 - PlaylistPlayer.2040306023079705 - INFO - Conectado (Device: Studio_X5_Max, Android: N/A).
2025-05-19 18:46:58,044 - Worker-20403060 - PlaylistPlayer.2040306023079705 - INFO - Spotify (com.spotify.music v9.0.36.484) está instalado.
2025-05-19 18:46:58,044 - Worker-20403060 - PlaylistPlayer.2040306023079705 - INFO - Configuración inicial (kill Spotify y volver a Home).
2025-05-19 18:46:58,044 - Worker-20403060 - PlaylistPlayer.2040306023079705 - WARNING - Advertencia durante configuración inicial: 'Device' object has no attribute 'app_kill'
2025-05-19 18:46:58,044 - Worker-20403060 - PlaylistPlayer.2040306023079705 - DEBUG - Capturando pantalla en C:\Users\def\Documents\OTWMusicSystem_Final\OTWMusicSystem_Final\otw_project\OTW_MUSIC_SYSTEM\screenshots\2040306023079705\initial_setup_warn_screenshot_2040306023079705_20250519_184658044117.png
2025-05-19 18:46:59,431 - Worker-20403060 - PlaylistPlayer.2040306023079705 - INFO - Captura de pantalla guardada: C:\Users\def\Documents\OTWMusicSystem_Final\OTWMusicSystem_Final\otw_project\OTW_MUSIC_SYSTEM\screenshots\2040306023079705\initial_setup_warn_screenshot_2040306023079705_20250519_184658044117.png
2025-05-19 18:46:59,432 - Worker-20403060 - PlaylistPlayer.2040306023079705 - INFO - --- Iniciando Sesión de Interacción #1 ---
2025-05-19 18:46:59,432 - Worker-20403060 - PlaylistPlayer.2040306023079705 - INFO - Selección: Link (artist) -> https://open.spotify.com/artist/5FODJKisUiQHQuylUd8tOy?si=Tk2fNDVvQOSIolBdnUpZ7A
2025-05-19 18:46:59,433 - Worker-20403060 - PlaylistPlayer.2040306023079705 - INFO - Iniciando interacción con ARTISTA: https://open.spotify.com/artist/5FODJKisUiQHQuylUd8tOy?si=Tk2fNDVvQOSIolBdnUpZ7A 
2025-05-19 18:46:59,433 - Worker-20403060 - PlaylistPlayer.2040306023079705 - INFO - Intentando abrir URL: https://open.spotify.com/artist/5FODJKisUiQHQuylUd8tOy?si=Tk2fNDVvQOSIolBdnUpZ7A (Intento 1/3)
2025-05-19 18:46:59,433 - Worker-20403060 - PlaylistPlayer.2040306023079705 - DEBUG - Forzando detención de Spotify (com.spotify.music) antes de abrir URL.
2025-05-19 18:47:01,204 - Worker-20403060 - PlaylistPlayer.2040306023079705 - DEBUG - Presionando HOME.
2025-05-19 18:47:04,412 - Worker-20403060 - PlaylistPlayer.2040306023079705 - DEBUG - Ejecutando ADB intent para URL: https://open.spotify.com/artist/5FODJKisUiQHQuylUd8tOy?si=Tk2fNDVvQOSIolBdnUpZ7A
2025-05-19 18:47:07,253 - Worker-20403060 - PlaylistPlayer.2040306023079705 - DEBUG - Resultado ADB 'am start': stdout='Starting: Intent { act=android.intent.action.VIEW dat=https://open.spotify.com/... flg=0x10008000 }', stderr=''
2025-05-19 18:47:10,684 - Worker-20403060 - PlaylistPlayer.2040306023079705 - DEBUG - Esperando que la app se abra y estabilice...
2025-05-19 18:47:20,238 - Worker-20403060 - PlaylistPlayer.2040306023079705 - DEBUG - Verificando diálogo 'Abrir con'...
2025-05-19 18:47:26,420 - Worker-20403060 - PlaylistPlayer.2040306023079705 - DEBUG - No se detectó diálogo 'Abrir con' explícito.
2025-05-19 18:47:26,421 - Worker-20403060 - PlaylistPlayer.2040306023079705 - DEBUG - No se manejó el diálogo 'Abrir con' o no apareció.
2025-05-19 18:47:26,421 - Worker-20403060 - PlaylistPlayer.2040306023079705 - DEBUG - Verificando si Spotify está en primer plano...
2025-05-19 18:47:26,423 - Worker-20403060 - PlaylistPlayer.2040306023079705 - DEBUG - Intentando con comando dumpsys (1): adb -s 2040306023079705 shell dumpsys activity top
2025-05-19 18:47:31,613 - Worker-20403060 - PlaylistPlayer.2040306023079705 - WARNING - Spotify NO parece estar en primer plano según dumpsys.
2025-05-19 18:47:31,614 - Worker-20403060 - PlaylistPlayer.2040306023079705 - DEBUG - Capturando pantalla en C:\Users\def\Documents\OTWMusicSystem_Final\OTWMusicSystem_Final\otw_project\OTW_MUSIC_SYSTEM\screenshots\2040306023079705\spotify_not_foreground_screenshot_2040306023079705_20250519_184731613536.png
2025-05-19 18:47:31,741 - Worker-20403060 - PlaylistPlayer.2040306023079705 - INFO - Captura de pantalla guardada: C:\Users\def\Documents\OTWMusicSystem_Final\OTWMusicSystem_Final\otw_project\OTW_MUSIC_SYSTEM\screenshots\2040306023079705\spotify_not_foreground_screenshot_2040306023079705_20250519_184731613536.png
2025-05-19 18:47:31,741 - Worker-20403060 - PlaylistPlayer.2040306023079705 - WARNING - Spotify no detectado en primer plano después de abrir https://open.spotify.com/artist/5FODJKisUiQHQuylUd8tOy?si=Tk2fNDVvQOSIolBdnUpZ7A.
2025-05-19 18:47:31,741 - Worker-20403060 - PlaylistPlayer.2040306023079705 - DEBUG - Capturando pantalla en C:\Users\def\Documents\OTWMusicSystem_Final\OTWMusicSystem_Final\otw_project\OTW_MUSIC_SYSTEM\screenshots\2040306023079705\spotify_not_fg_after_open_5FODJKisUiQHQuylUd8tOy?si=Tk2fNDVvQOSIolBdnUpZ7A_screenshot_2040306023079705_20250519_184731741845.png
2025-05-19 18:47:31,868 - Worker-20403060 - PlaylistPlayer.2040306023079705 - ERROR - Error al capturar pantalla: [Errno 22] Invalid argument: 'C:\\Users\\def\\Documents\\OTWMusicSystem_Final\\OTWMusicSystem_Final\\otw_project\\OTW_MUSIC_SYSTEM\\screenshots\\2040306023079705\\spotify_not_fg_after_open_5FODJKisUiQHQuylUd8tOy?si=Tk2fNDVvQOSIolBdnUpZ7A_screenshot_2040306023079705_20250519_184731741845.png'
2025-05-19 18:47:31,868 - Worker-20403060 - PlaylistPlayer.2040306023079705 - INFO - Pausa antes de reintentar apertura de URL debido a no foreground.
2025-05-19 18:47:43,806 - Worker-20403060 - PlaylistPlayer.2040306023079705 - INFO - Intentando abrir URL: https://open.spotify.com/artist/5FODJKisUiQHQuylUd8tOy?si=Tk2fNDVvQOSIolBdnUpZ7A (Intento 2/3)
2025-05-19 18:47:43,806 - Worker-20403060 - PlaylistPlayer.2040306023079705 - DEBUG - Forzando detención de Spotify (com.spotify.music) antes de abrir URL.
2025-05-19 18:47:45,480 - Worker-20403060 - PlaylistPlayer.2040306023079705 - DEBUG - Presionando HOME.
2025-05-19 18:47:49,186 - Worker-20403060 - PlaylistPlayer.2040306023079705 - DEBUG - Ejecutando ADB intent para URL: https://open.spotify.com/artist/5FODJKisUiQHQuylUd8tOy?si=Tk2fNDVvQOSIolBdnUpZ7A
2025-05-19 18:47:52,066 - Worker-20403060 - PlaylistPlayer.2040306023079705 - DEBUG - Resultado ADB 'am start': stdout='Starting: Intent { act=android.intent.action.VIEW dat=https://open.spotify.com/... flg=0x10008000 }', stderr=''
2025-05-19 18:47:56,125 - Worker-20403060 - PlaylistPlayer.2040306023079705 - DEBUG - Esperando que la app se abra y estabilice...
2025-05-19 18:48:07,969 - Worker-20403060 - PlaylistPlayer.2040306023079705 - DEBUG - Verificando diálogo 'Abrir con'...
2025-05-19 18:48:13,774 - Worker-20403060 - PlaylistPlayer.2040306023079705 - DEBUG - No se detectó diálogo 'Abrir con' explícito.
2025-05-19 18:48:13,774 - Worker-20403060 - PlaylistPlayer.2040306023079705 - DEBUG - No se manejó el diálogo 'Abrir con' o no apareció.
2025-05-19 18:48:13,774 - Worker-20403060 - PlaylistPlayer.2040306023079705 - DEBUG - Verificando si Spotify está en primer plano...
2025-05-19 18:48:13,774 - Worker-20403060 - PlaylistPlayer.2040306023079705 - DEBUG - Intentando con comando dumpsys (1): adb -s 2040306023079705 shell dumpsys activity top
2025-05-19 18:48:18,992 - Worker-20403060 - PlaylistPlayer.2040306023079705 - WARNING - Spotify NO parece estar en primer plano según dumpsys.
2025-05-19 18:48:18,993 - Worker-20403060 - PlaylistPlayer.2040306023079705 - DEBUG - Capturando pantalla en C:\Users\def\Documents\OTWMusicSystem_Final\OTWMusicSystem_Final\otw_project\OTW_MUSIC_SYSTEM\screenshots\2040306023079705\spotify_not_foreground_screenshot_2040306023079705_20250519_184818992825.png
2025-05-19 18:48:19,138 - Worker-20403060 - PlaylistPlayer.2040306023079705 - INFO - Captura de pantalla guardada: C:\Users\def\Documents\OTWMusicSystem_Final\OTWMusicSystem_Final\otw_project\OTW_MUSIC_SYSTEM\screenshots\2040306023079705\spotify_not_foreground_screenshot_2040306023079705_20250519_184818992825.png
2025-05-19 18:48:19,138 - Worker-20403060 - PlaylistPlayer.2040306023079705 - WARNING - Spotify no detectado en primer plano después de abrir https://open.spotify.com/artist/5FODJKisUiQHQuylUd8tOy?si=Tk2fNDVvQOSIolBdnUpZ7A.
2025-05-19 18:48:19,139 - Worker-20403060 - PlaylistPlayer.2040306023079705 - DEBUG - Capturando pantalla en C:\Users\def\Documents\OTWMusicSystem_Final\OTWMusicSystem_Final\otw_project\OTW_MUSIC_SYSTEM\screenshots\2040306023079705\spotify_not_fg_after_open_5FODJKisUiQHQuylUd8tOy?si=Tk2fNDVvQOSIolBdnUpZ7A_screenshot_2040306023079705_20250519_184819138509.png
2025-05-19 18:48:19,248 - Worker-20403060 - PlaylistPlayer.2040306023079705 - ERROR - Error al capturar pantalla: [Errno 22] Invalid argument: 'C:\\Users\\def\\Documents\\OTWMusicSystem_Final\\OTWMusicSystem_Final\\otw_project\\OTW_MUSIC_SYSTEM\\screenshots\\2040306023079705\\spotify_not_fg_after_open_5FODJKisUiQHQuylUd8tOy?si=Tk2fNDVvQOSIolBdnUpZ7A_screenshot_2040306023079705_20250519_184819138509.png'
2025-05-19 18:48:19,248 - Worker-20403060 - PlaylistPlayer.2040306023079705 - INFO - Pausa antes de reintentar apertura de URL debido a no foreground.
2025-05-19 18:48:31,493 - Worker-20403060 - PlaylistPlayer.2040306023079705 - INFO - Intentando abrir URL: https://open.spotify.com/artist/5FODJKisUiQHQuylUd8tOy?si=Tk2fNDVvQOSIolBdnUpZ7A (Intento 3/3)
2025-05-19 18:48:31,493 - Worker-20403060 - PlaylistPlayer.2040306023079705 - DEBUG - Forzando detención de Spotify (com.spotify.music) antes de abrir URL.
2025-05-19 18:48:32,880 - Worker-20403060 - PlaylistPlayer.2040306023079705 - DEBUG - Presionando HOME.
2025-05-19 18:48:36,019 - Worker-20403060 - PlaylistPlayer.2040306023079705 - DEBUG - Ejecutando ADB intent para URL: https://open.spotify.com/artist/5FODJKisUiQHQuylUd8tOy?si=Tk2fNDVvQOSIolBdnUpZ7A
2025-05-19 18:48:38,709 - Worker-20403060 - PlaylistPlayer.2040306023079705 - DEBUG - Resultado ADB 'am start': stdout='Starting: Intent { act=android.intent.action.VIEW dat=https://open.spotify.com/... flg=0x10008000 }', stderr=''
2025-05-19 18:48:40,916 - Worker-20403060 - PlaylistPlayer.2040306023079705 - DEBUG - Esperando que la app se abra y estabilice...
2025-05-19 18:48:53,074 - Worker-20403060 - PlaylistPlayer.2040306023079705 - DEBUG - Verificando diálogo 'Abrir con'...
2025-05-19 18:48:58,697 - Worker-20403060 - PlaylistPlayer.2040306023079705 - DEBUG - No se detectó diálogo 'Abrir con' explícito.
2025-05-19 18:48:58,697 - Worker-20403060 - PlaylistPlayer.2040306023079705 - DEBUG - No se manejó el diálogo 'Abrir con' o no apareció.
2025-05-19 18:48:58,697 - Worker-20403060 - PlaylistPlayer.2040306023079705 - DEBUG - Verificando si Spotify está en primer plano...
2025-05-19 18:48:58,697 - Worker-20403060 - PlaylistPlayer.2040306023079705 - DEBUG - Intentando con comando dumpsys (1): adb -s 2040306023079705 shell dumpsys activity top
2025-05-19 18:49:03,896 - Worker-20403060 - PlaylistPlayer.2040306023079705 - WARNING - Spotify NO parece estar en primer plano según dumpsys.
2025-05-19 18:49:03,897 - Worker-20403060 - PlaylistPlayer.2040306023079705 - DEBUG - Capturando pantalla en C:\Users\def\Documents\OTWMusicSystem_Final\OTWMusicSystem_Final\otw_project\OTW_MUSIC_SYSTEM\screenshots\2040306023079705\spotify_not_foreground_screenshot_2040306023079705_20250519_184903896951.png
2025-05-19 18:49:04,020 - Worker-20403060 - PlaylistPlayer.2040306023079705 - INFO - Captura de pantalla guardada: C:\Users\def\Documents\OTWMusicSystem_Final\OTWMusicSystem_Final\otw_project\OTW_MUSIC_SYSTEM\screenshots\2040306023079705\spotify_not_foreground_screenshot_2040306023079705_20250519_184903896951.png
2025-05-19 18:49:04,021 - Worker-20403060 - PlaylistPlayer.2040306023079705 - WARNING - Spotify no detectado en primer plano después de abrir https://open.spotify.com/artist/5FODJKisUiQHQuylUd8tOy?si=Tk2fNDVvQOSIolBdnUpZ7A.
2025-05-19 18:49:04,022 - Worker-20403060 - PlaylistPlayer.2040306023079705 - DEBUG - Capturando pantalla en C:\Users\def\Documents\OTWMusicSystem_Final\OTWMusicSystem_Final\otw_project\OTW_MUSIC_SYSTEM\screenshots\2040306023079705\spotify_not_fg_after_open_5FODJKisUiQHQuylUd8tOy?si=Tk2fNDVvQOSIolBdnUpZ7A_screenshot_2040306023079705_20250519_184904021841.png
2025-05-19 18:49:04,117 - Worker-20403060 - PlaylistPlayer.2040306023079705 - ERROR - Error al capturar pantalla: [Errno 22] Invalid argument: 'C:\\Users\\def\\Documents\\OTWMusicSystem_Final\\OTWMusicSystem_Final\\otw_project\\OTW_MUSIC_SYSTEM\\screenshots\\2040306023079705\\spotify_not_fg_after_open_5FODJKisUiQHQuylUd8tOy?si=Tk2fNDVvQOSIolBdnUpZ7A_screenshot_2040306023079705_20250519_184904021841.png'
2025-05-19 18:49:04,117 - Worker-20403060 - PlaylistPlayer.2040306023079705 - INFO - Pausa antes de reintentar apertura de URL debido a no foreground.
2025-05-19 18:49:15,031 - Worker-20403060 - PlaylistPlayer.2040306023079705 - INFO - Intentando abrir URL: https://open.spotify.com/artist/5FODJKisUiQHQuylUd8tOy?si=Tk2fNDVvQOSIolBdnUpZ7A (Intento 4/3)
2025-05-19 18:49:15,031 - Worker-20403060 - PlaylistPlayer.2040306023079705 - ERROR - Máximos reintentos (3) alcanzados para abrir URL https://open.spotify.com/artist/5FODJKisUiQHQuylUd8tOy?si=Tk2fNDVvQOSIolBdnUpZ7A
2025-05-19 18:49:15,031 - Worker-20403060 - PlaylistPlayer.2040306023079705 - DEBUG - Capturando pantalla en C:\Users\def\Documents\OTWMusicSystem_Final\OTWMusicSystem_Final\otw_project\OTW_MUSIC_SYSTEM\screenshots\2040306023079705\open_url_max_retries_fail_5FODJKisUiQHQuylUd8tOy?si=Tk2fNDVvQOSIolBdnUpZ7A_screenshot_2040306023079705_20250519_184915031384.png
2025-05-19 18:49:15,117 - Worker-20403060 - PlaylistPlayer.2040306023079705 - ERROR - Error al capturar pantalla: [Errno 22] Invalid argument: 'C:\\Users\\def\\Documents\\OTWMusicSystem_Final\\OTWMusicSystem_Final\\otw_project\\OTW_MUSIC_SYSTEM\\screenshots\\2040306023079705\\open_url_max_retries_fail_5FODJKisUiQHQuylUd8tOy?si=Tk2fNDVvQOSIolBdnUpZ7A_screenshot_2040306023079705_20250519_184915031384.png'
2025-05-19 18:49:15,118 - Worker-20403060 - PlaylistPlayer.2040306023079705 - ERROR - No se pudo abrir la página del artista https://open.spotify.com/artist/5FODJKisUiQHQuylUd8tOy?si=Tk2fNDVvQOSIolBdnUpZ7A. Terminando interacción.
2025-05-19 18:49:15,118 - Worker-20403060 - PlaylistPlayer.2040306023079705 - INFO - Sesión #1 completada. Pausa de 21.2s.
2025-05-19 18:49:36,334 - Worker-20403060 - PlaylistPlayer.2040306023079705 - INFO - --- Iniciando Sesión de Interacción #2 ---
2025-05-19 18:49:36,334 - Worker-20403060 - PlaylistPlayer.2040306023079705 - INFO - Selección: Link (track) -> https://open.spotify.com/track/0g890lgQN05j7jXRz3gfML?si=15c6f5bdf6ca4f8f
2025-05-19 18:49:36,334 - Worker-20403060 - PlaylistPlayer.2040306023079705 - INFO - Iniciando interacción con TRACK: https://open.spotify.com/track/0g890lgQN05j7jXRz3gfML?si=15c6f5bdf6ca4f8f
2025-05-19 18:49:36,334 - Worker-20403060 - PlaylistPlayer.2040306023079705 - INFO - Intentando abrir URL: https://open.spotify.com/track/0g890lgQN05j7jXRz3gfML?si=15c6f5bdf6ca4f8f (Intento 1/3)
2025-05-19 18:49:36,334 - Worker-20403060 - PlaylistPlayer.2040306023079705 - DEBUG - Forzando detención de Spotify (com.spotify.music) antes de abrir URL.
2025-05-19 18:49:38,356 - Worker-20403060 - PlaylistPlayer.2040306023079705 - DEBUG - Presionando HOME.
2025-05-19 18:49:41,767 - Worker-20403060 - PlaylistPlayer.2040306023079705 - DEBUG - Ejecutando ADB intent para URL: https://open.spotify.com/track/0g890lgQN05j7jXRz3gfML?si=15c6f5bdf6ca4f8f
2025-05-19 18:49:44,755 - Worker-20403060 - PlaylistPlayer.2040306023079705 - DEBUG - Resultado ADB 'am start': stdout='Starting: Intent { act=android.intent.action.VIEW dat=https://open.spotify.com/... flg=0x10008000 }', stderr=''
2025-05-19 18:49:47,457 - Worker-20403060 - PlaylistPlayer.2040306023079705 - DEBUG - Esperando que la app se abra y estabilice...
