2025-05-19 19:37:18,509 - Worker-20403060 - PlaylistPlayer.2040306023080639 - INFO - Worker thread INICIADO. Logs en: C:\Users\def\Documents\OTWMusicSystem_Final\OTWMusicSystem_Final\otw_project\OTW_MUSIC_SYSTEM\logs\2040306023080639\playlist_player_20250519_193718.log
2025-05-19 19:37:18,510 - Worker-20403060 - PlaylistPlayer.2040306023080639 - INFO - Personalidad Creada (SLOW_MODE_FACTOR=1.75): InitPlaylistDur=[30-35]m, ArtistDur=[30-60]m, IndivTrackSessDur=[60-90]m, SingleTrackDur=[60-120]s, VisitArtistProb=0.50, PlayIndivTracksProb=0.56
2025-05-19 19:37:18,510 - Worker-20403060 - PlaylistPlayer.2040306023080639 - INFO - Conectando uiautomator2 (intento 1/3)...
2025-05-19 19:37:25,787 - Worker-20403060 - PlaylistPlayer.2040306023080639 - INFO - Conectado (Device: Studio_X5_Max, Android: N/A).
2025-05-19 19:37:26,446 - Worker-20403060 - PlaylistPlayer.2040306023080639 - INFO - Spotify (com.spotify.music v9.0.36.484) instalado.
2025-05-19 19:37:26,446 - Worker-20403060 - PlaylistPlayer.2040306023080639 - INFO - Setup inicial (kill Spotify, home).
2025-05-19 19:37:26,446 - Worker-20403060 - PlaylistPlayer.2040306023080639 - WARNING - Advertencia setup inicial: 'Device' object has no attribute 'app_kill'
2025-05-19 19:37:26,446 - Worker-20403060 - PlaylistPlayer.2040306023080639 - DEBUG - Capturando pantalla en C:\Users\def\Documents\OTWMusicSystem_Final\OTWMusicSystem_Final\otw_project\OTW_MUSIC_SYSTEM\screenshots\2040306023080639\init_setup_warn_screenshot_2040306023080639_20250519_193726446235.png
2025-05-19 19:37:28,734 - Worker-20403060 - PlaylistPlayer.2040306023080639 - INFO - Captura de pantalla guardada: C:\Users\def\Documents\OTWMusicSystem_Final\OTWMusicSystem_Final\otw_project\OTW_MUSIC_SYSTEM\screenshots\2040306023080639\init_setup_warn_screenshot_2040306023080639_20250519_193726446235.png
2025-05-19 19:37:28,734 - Worker-20403060 - PlaylistPlayer.2040306023080639 - INFO - --- Iniciando CICLO DE VIDA DE INTERACCIÓN #1 ---
2025-05-19 19:37:28,735 - Worker-20403060 - PlaylistPlayer.2040306023080639 - INFO - Fase 1: Playlist Inicial.
2025-05-19 19:37:28,735 - Worker-20403060 - PlaylistPlayer.2040306023080639 - INFO - Iniciando PLAYLIST: https://open.spotify.com/playlist/3h6pIE4rE6z8OyxNMOqW8t?si=H8FB0OalRKGjeMjEXVgSJw por ~34 min.
2025-05-19 19:37:28,736 - Worker-20403060 - PlaylistPlayer.2040306023080639 - INFO - Intentando abrir URL: https://open.spotify.com/playlist/3h6pIE4rE6z8OyxNMOqW8t?si=H8FB0OalRKGjeMjEXVgSJw (Intento 1/3)
2025-05-19 19:37:28,736 - Worker-20403060 - PlaylistPlayer.2040306023080639 - DEBUG - Forzando detención de Spotify (com.spotify.music).
2025-05-19 19:37:31,091 - Worker-20403060 - PlaylistPlayer.2040306023080639 - DEBUG - Presionando HOME.
2025-05-19 19:37:34,642 - Worker-20403060 - PlaylistPlayer.2040306023080639 - DEBUG - Ejecutando ADB intent para URL: https://open.spotify.com/playlist/3h6pIE4rE6z8OyxNMOqW8t?si=H8FB0OalRKGjeMjEXVgSJw
2025-05-19 19:37:36,759 - Worker-20403060 - PlaylistPlayer.2040306023080639 - DEBUG - Resultado ADB: stdout='Starting: Intent { act=android.intent.action.VIEW dat=https://open.spotify.com/... flg=0x10008000 }', stderr=''
2025-05-19 19:37:40,329 - Worker-20403060 - PlaylistPlayer.2040306023080639 - DEBUG - Esperando app estabilice...
2025-05-19 19:37:53,054 - Worker-20403060 - PlaylistPlayer.2040306023080639 - DEBUG - Verificando diálogo 'Abrir con'...
2025-05-19 19:38:02,671 - Worker-20403060 - PlaylistPlayer.2040306023080639 - DEBUG - No se detectó diálogo 'Abrir con' explícito.
2025-05-19 19:38:02,672 - Worker-20403060 - PlaylistPlayer.2040306023080639 - DEBUG - No se manejó diálogo 'Abrir con'.
2025-05-19 19:38:02,672 - Worker-20403060 - PlaylistPlayer.2040306023080639 - DEBUG - Verificando si Spotify está en primer plano...
2025-05-19 19:38:02,672 - Worker-20403060 - PlaylistPlayer.2040306023080639 - DEBUG - Intentando con comando dumpsys (1): adb -s 2040306023080639 shell dumpsys activity top
2025-05-19 19:38:04,998 - Worker-20403060 - PlaylistPlayer.2040306023080639 - WARNING - Spotify NO parece estar en primer plano.
2025-05-19 19:38:04,999 - Worker-20403060 - PlaylistPlayer.2040306023080639 - DEBUG - Capturando pantalla en C:\Users\def\Documents\OTWMusicSystem_Final\OTWMusicSystem_Final\otw_project\OTW_MUSIC_SYSTEM\screenshots\2040306023080639\spotify_not_foreground_screenshot_2040306023080639_20250519_193804998619.png
2025-05-19 19:38:05,409 - Worker-20403060 - PlaylistPlayer.2040306023080639 - INFO - Captura de pantalla guardada: C:\Users\def\Documents\OTWMusicSystem_Final\OTWMusicSystem_Final\otw_project\OTW_MUSIC_SYSTEM\screenshots\2040306023080639\spotify_not_foreground_screenshot_2040306023080639_20250519_193804998619.png
2025-05-19 19:38:05,409 - Worker-20403060 - PlaylistPlayer.2040306023080639 - WARNING - Spotify no en primer plano tras abrir https://open.spotify.com/playlist/3h6pIE4rE6z8OyxNMOqW8t?si=H8FB0OalRKGjeMjEXVgSJw.
2025-05-19 19:38:05,410 - Worker-20403060 - PlaylistPlayer.2040306023080639 - DEBUG - Capturando pantalla en C:\Users\def\Documents\OTWMusicSystem_Final\OTWMusicSystem_Final\otw_project\OTW_MUSIC_SYSTEM\screenshots\2040306023080639\spotify_not_fg_screenshot_2040306023080639_20250519_193805410313.png
2025-05-19 19:38:05,920 - Worker-20403060 - PlaylistPlayer.2040306023080639 - INFO - Captura de pantalla guardada: C:\Users\def\Documents\OTWMusicSystem_Final\OTWMusicSystem_Final\otw_project\OTW_MUSIC_SYSTEM\screenshots\2040306023080639\spotify_not_fg_screenshot_2040306023080639_20250519_193805410313.png
2025-05-19 19:38:13,725 - Worker-20403060 - PlaylistPlayer.2040306023080639 - INFO - Intentando abrir URL: https://open.spotify.com/playlist/3h6pIE4rE6z8OyxNMOqW8t?si=H8FB0OalRKGjeMjEXVgSJw (Intento 2/3)
2025-05-19 19:38:13,725 - Worker-20403060 - PlaylistPlayer.2040306023080639 - DEBUG - Forzando detención de Spotify (com.spotify.music).
2025-05-19 19:38:16,117 - Worker-20403060 - PlaylistPlayer.2040306023080639 - DEBUG - Presionando HOME.
2025-05-19 19:38:19,248 - Worker-20403060 - PlaylistPlayer.2040306023080639 - DEBUG - Ejecutando ADB intent para URL: https://open.spotify.com/playlist/3h6pIE4rE6z8OyxNMOqW8t?si=H8FB0OalRKGjeMjEXVgSJw
2025-05-19 19:38:22,588 - Worker-20403060 - PlaylistPlayer.2040306023080639 - DEBUG - Resultado ADB: stdout='Starting: Intent { act=android.intent.action.VIEW dat=https://open.spotify.com/... flg=0x10008000 }', stderr=''
2025-05-19 19:38:24,858 - Worker-20403060 - PlaylistPlayer.2040306023080639 - DEBUG - Esperando app estabilice...
2025-05-19 19:38:35,757 - Worker-20403060 - PlaylistPlayer.2040306023080639 - DEBUG - Verificando diálogo 'Abrir con'...
2025-05-19 19:38:43,534 - Worker-20403060 - PlaylistPlayer.2040306023080639 - DEBUG - No se detectó diálogo 'Abrir con' explícito.
2025-05-19 19:38:43,534 - Worker-20403060 - PlaylistPlayer.2040306023080639 - DEBUG - No se manejó diálogo 'Abrir con'.
2025-05-19 19:38:43,534 - Worker-20403060 - PlaylistPlayer.2040306023080639 - DEBUG - Verificando si Spotify está en primer plano...
2025-05-19 19:38:43,534 - Worker-20403060 - PlaylistPlayer.2040306023080639 - DEBUG - Intentando con comando dumpsys (1): adb -s 2040306023080639 shell dumpsys activity top
2025-05-19 19:38:45,262 - Worker-20403060 - PlaylistPlayer.2040306023080639 - WARNING - Spotify NO parece estar en primer plano.
2025-05-19 19:38:45,271 - Worker-20403060 - PlaylistPlayer.2040306023080639 - DEBUG - Capturando pantalla en C:\Users\def\Documents\OTWMusicSystem_Final\OTWMusicSystem_Final\otw_project\OTW_MUSIC_SYSTEM\screenshots\2040306023080639\spotify_not_foreground_screenshot_2040306023080639_20250519_193845262950.png
2025-05-19 19:38:45,682 - Worker-20403060 - PlaylistPlayer.2040306023080639 - INFO - Captura de pantalla guardada: C:\Users\def\Documents\OTWMusicSystem_Final\OTWMusicSystem_Final\otw_project\OTW_MUSIC_SYSTEM\screenshots\2040306023080639\spotify_not_foreground_screenshot_2040306023080639_20250519_193845262950.png
2025-05-19 19:38:45,682 - Worker-20403060 - PlaylistPlayer.2040306023080639 - WARNING - Spotify no en primer plano tras abrir https://open.spotify.com/playlist/3h6pIE4rE6z8OyxNMOqW8t?si=H8FB0OalRKGjeMjEXVgSJw.
2025-05-19 19:38:45,685 - Worker-20403060 - PlaylistPlayer.2040306023080639 - DEBUG - Capturando pantalla en C:\Users\def\Documents\OTWMusicSystem_Final\OTWMusicSystem_Final\otw_project\OTW_MUSIC_SYSTEM\screenshots\2040306023080639\spotify_not_fg_screenshot_2040306023080639_20250519_193845683054.png
2025-05-19 19:38:46,384 - Worker-20403060 - PlaylistPlayer.2040306023080639 - INFO - Captura de pantalla guardada: C:\Users\def\Documents\OTWMusicSystem_Final\OTWMusicSystem_Final\otw_project\OTW_MUSIC_SYSTEM\screenshots\2040306023080639\spotify_not_fg_screenshot_2040306023080639_20250519_193845683054.png
2025-05-19 19:38:55,346 - Worker-20403060 - PlaylistPlayer.2040306023080639 - INFO - Intentando abrir URL: https://open.spotify.com/playlist/3h6pIE4rE6z8OyxNMOqW8t?si=H8FB0OalRKGjeMjEXVgSJw (Intento 3/3)
2025-05-19 19:38:55,347 - Worker-20403060 - PlaylistPlayer.2040306023080639 - DEBUG - Forzando detención de Spotify (com.spotify.music).
2025-05-19 19:38:57,680 - Worker-20403060 - PlaylistPlayer.2040306023080639 - DEBUG - Presionando HOME.
2025-05-19 19:39:00,605 - Worker-20403060 - PlaylistPlayer.2040306023080639 - DEBUG - Ejecutando ADB intent para URL: https://open.spotify.com/playlist/3h6pIE4rE6z8OyxNMOqW8t?si=H8FB0OalRKGjeMjEXVgSJw
2025-05-19 19:39:03,547 - Worker-20403060 - PlaylistPlayer.2040306023080639 - DEBUG - Resultado ADB: stdout='Starting: Intent { act=android.intent.action.VIEW dat=https://open.spotify.com/... flg=0x10008000 }', stderr=''
2025-05-19 19:39:07,072 - Worker-20403060 - PlaylistPlayer.2040306023080639 - DEBUG - Esperando app estabilice...
2025-05-19 19:39:17,401 - Worker-20403060 - PlaylistPlayer.2040306023080639 - DEBUG - Verificando diálogo 'Abrir con'...
2025-05-19 19:39:59,799 - Worker-20403060 - PlaylistPlayer.2040306023080639 - DEBUG - No se detectó diálogo 'Abrir con' explícito.
2025-05-19 19:39:59,800 - Worker-20403060 - PlaylistPlayer.2040306023080639 - DEBUG - No se manejó diálogo 'Abrir con'.
2025-05-19 19:39:59,800 - Worker-20403060 - PlaylistPlayer.2040306023080639 - DEBUG - Verificando si Spotify está en primer plano...
2025-05-19 19:39:59,800 - Worker-20403060 - PlaylistPlayer.2040306023080639 - DEBUG - Intentando con comando dumpsys (1): adb -s 2040306023080639 shell dumpsys activity top
2025-05-19 19:40:00,951 - Worker-20403060 - PlaylistPlayer.2040306023080639 - WARNING - Spotify NO parece estar en primer plano.
2025-05-19 19:40:00,953 - Worker-20403060 - PlaylistPlayer.2040306023080639 - DEBUG - Capturando pantalla en C:\Users\def\Documents\OTWMusicSystem_Final\OTWMusicSystem_Final\otw_project\OTW_MUSIC_SYSTEM\screenshots\2040306023080639\spotify_not_foreground_screenshot_2040306023080639_20250519_194000951864.png
2025-05-19 19:40:04,118 - Worker-20403060 - PlaylistPlayer.2040306023080639 - INFO - Captura de pantalla guardada: C:\Users\def\Documents\OTWMusicSystem_Final\OTWMusicSystem_Final\otw_project\OTW_MUSIC_SYSTEM\screenshots\2040306023080639\spotify_not_foreground_screenshot_2040306023080639_20250519_194000951864.png
2025-05-19 19:40:04,118 - Worker-20403060 - PlaylistPlayer.2040306023080639 - WARNING - Spotify no en primer plano tras abrir https://open.spotify.com/playlist/3h6pIE4rE6z8OyxNMOqW8t?si=H8FB0OalRKGjeMjEXVgSJw.
2025-05-19 19:40:04,121 - Worker-20403060 - PlaylistPlayer.2040306023080639 - DEBUG - Capturando pantalla en C:\Users\def\Documents\OTWMusicSystem_Final\OTWMusicSystem_Final\otw_project\OTW_MUSIC_SYSTEM\screenshots\2040306023080639\spotify_not_fg_screenshot_2040306023080639_20250519_194004118591.png
2025-05-19 19:40:05,033 - Worker-20403060 - PlaylistPlayer.2040306023080639 - INFO - Captura de pantalla guardada: C:\Users\def\Documents\OTWMusicSystem_Final\OTWMusicSystem_Final\otw_project\OTW_MUSIC_SYSTEM\screenshots\2040306023080639\spotify_not_fg_screenshot_2040306023080639_20250519_194004118591.png
2025-05-19 19:40:15,964 - Worker-20403060 - PlaylistPlayer.2040306023080639 - INFO - Intentando abrir URL: https://open.spotify.com/playlist/3h6pIE4rE6z8OyxNMOqW8t?si=H8FB0OalRKGjeMjEXVgSJw (Intento 4/3)
2025-05-19 19:40:15,965 - Worker-20403060 - PlaylistPlayer.2040306023080639 - ERROR - Máximos reintentos para URL https://open.spotify.com/playlist/3h6pIE4rE6z8OyxNMOqW8t?si=H8FB0OalRKGjeMjEXVgSJw
2025-05-19 19:40:15,976 - Worker-20403060 - PlaylistPlayer.2040306023080639 - DEBUG - Capturando pantalla en C:\Users\def\Documents\OTWMusicSystem_Final\OTWMusicSystem_Final\otw_project\OTW_MUSIC_SYSTEM\screenshots\2040306023080639\open_url_max_retries_screenshot_2040306023080639_20250519_194015975790.png
2025-05-19 19:40:16,583 - Worker-20403060 - PlaylistPlayer.2040306023080639 - INFO - Captura de pantalla guardada: C:\Users\def\Documents\OTWMusicSystem_Final\OTWMusicSystem_Final\otw_project\OTW_MUSIC_SYSTEM\screenshots\2040306023080639\open_url_max_retries_screenshot_2040306023080639_20250519_194015975790.png
2025-05-19 19:40:16,588 - Worker-20403060 - PlaylistPlayer.2040306023080639 - ERROR - No se pudo abrir playlist https://open.spotify.com/playlist/3h6pIE4rE6z8OyxNMOqW8t?si=H8FB0OalRKGjeMjEXVgSJw.
2025-05-19 19:40:32,176 - Worker-20403060 - PlaylistPlayer.2040306023080639 - INFO - Fase 2: Visita a Artista Clave.
2025-05-19 19:40:32,176 - Worker-20403060 - PlaylistPlayer.2040306023080639 - INFO - Iniciando ARTISTA: https://open.spotify.com/artist/3o9yGahQLPpDLMI6dABpIr por ~54 min. (KEY ARTIST)
2025-05-19 19:40:32,176 - Worker-20403060 - PlaylistPlayer.2040306023080639 - INFO - Intentando abrir URL: https://open.spotify.com/artist/3o9yGahQLPpDLMI6dABpIr (Intento 1/3)
2025-05-19 19:40:32,176 - Worker-20403060 - PlaylistPlayer.2040306023080639 - DEBUG - Forzando detención de Spotify (com.spotify.music).
2025-05-19 19:40:34,100 - Worker-20403060 - PlaylistPlayer.2040306023080639 - DEBUG - Presionando HOME.
2025-05-19 19:40:38,336 - Worker-20403060 - PlaylistPlayer.2040306023080639 - DEBUG - Ejecutando ADB intent para URL: https://open.spotify.com/artist/3o9yGahQLPpDLMI6dABpIr
2025-05-19 19:40:42,007 - Worker-20403060 - PlaylistPlayer.2040306023080639 - DEBUG - Resultado ADB: stdout='Starting: Intent { act=android.intent.action.VIEW dat=https://open.spotify.com/... flg=0x10008000 }', stderr=''
2025-05-19 19:40:45,125 - Worker-20403060 - PlaylistPlayer.2040306023080639 - DEBUG - Esperando app estabilice...
2025-05-19 19:40:57,143 - Worker-20403060 - PlaylistPlayer.2040306023080639 - DEBUG - Verificando diálogo 'Abrir con'...
2025-05-19 19:41:42,238 - Worker-20403060 - PlaylistPlayer.2040306023080639 - DEBUG - No se detectó diálogo 'Abrir con' explícito.
2025-05-19 19:41:42,238 - Worker-20403060 - PlaylistPlayer.2040306023080639 - DEBUG - No se manejó diálogo 'Abrir con'.
2025-05-19 19:41:42,238 - Worker-20403060 - PlaylistPlayer.2040306023080639 - DEBUG - Verificando si Spotify está en primer plano...
2025-05-19 19:41:42,238 - Worker-20403060 - PlaylistPlayer.2040306023080639 - DEBUG - Intentando con comando dumpsys (1): adb -s 2040306023080639 shell dumpsys activity top
2025-05-19 19:41:43,920 - Worker-20403060 - PlaylistPlayer.2040306023080639 - WARNING - Spotify NO parece estar en primer plano.
2025-05-19 19:41:43,921 - Worker-20403060 - PlaylistPlayer.2040306023080639 - DEBUG - Capturando pantalla en C:\Users\def\Documents\OTWMusicSystem_Final\OTWMusicSystem_Final\otw_project\OTW_MUSIC_SYSTEM\screenshots\2040306023080639\spotify_not_foreground_screenshot_2040306023080639_20250519_194143920759.png
2025-05-19 19:41:52,021 - Worker-20403060 - PlaylistPlayer.2040306023080639 - INFO - Captura de pantalla guardada: C:\Users\def\Documents\OTWMusicSystem_Final\OTWMusicSystem_Final\otw_project\OTW_MUSIC_SYSTEM\screenshots\2040306023080639\spotify_not_foreground_screenshot_2040306023080639_20250519_194143920759.png
2025-05-19 19:41:52,021 - Worker-20403060 - PlaylistPlayer.2040306023080639 - WARNING - Spotify no en primer plano tras abrir https://open.spotify.com/artist/3o9yGahQLPpDLMI6dABpIr.
2025-05-19 19:41:52,021 - Worker-20403060 - PlaylistPlayer.2040306023080639 - DEBUG - Capturando pantalla en C:\Users\def\Documents\OTWMusicSystem_Final\OTWMusicSystem_Final\otw_project\OTW_MUSIC_SYSTEM\screenshots\2040306023080639\spotify_not_fg_screenshot_2040306023080639_20250519_194152021020.png
2025-05-19 19:42:02,300 - Worker-20403060 - PlaylistPlayer.2040306023080639 - INFO - Captura de pantalla guardada: C:\Users\def\Documents\OTWMusicSystem_Final\OTWMusicSystem_Final\otw_project\OTW_MUSIC_SYSTEM\screenshots\2040306023080639\spotify_not_fg_screenshot_2040306023080639_20250519_194152021020.png
