2025-05-19 18:47:09,274 - Worker-20403060 - PlaylistPlayer.2040306023080639 - INFO - Worker thread INICIADO. Logs en: C:\Users\def\Documents\OTWMusicSystem_Final\OTWMusicSystem_Final\otw_project\OTW_MUSIC_SYSTEM\logs\2040306023080639\playlist_player_20250519_184709.log
2025-05-19 18:47:09,274 - Worker-20403060 - PlaylistPlayer.2040306023080639 - INFO - Personalidad Creada (SLOW_MODE_FACTOR=1.75): ShortTimeout=12.2s, ActionDelay=[9.6-13.6]s, ShortPause=[25.6-53.7]s, MinTrackT=45s, MaxTrackT=116s, MinContentT=5m, MaxContentT=6m
2025-05-19 18:47:09,274 - Worker-20403060 - PlaylistPlayer.2040306023080639 - INFO - Intentando conectar a uiautomator2 (intento 1/3)...
2025-05-19 18:47:19,186 - Worker-20403060 - PlaylistPlayer.2040306023080639 - INFO - Conectado (Device: Studio_X5_Max, Android: N/A).
2025-05-19 18:47:20,668 - Worker-20403060 - PlaylistPlayer.2040306023080639 - INFO - Spotify (com.spotify.music v9.0.36.484) está instalado.
2025-05-19 18:47:20,668 - Worker-20403060 - PlaylistPlayer.2040306023080639 - INFO - Configuración inicial (kill Spotify y volver a Home).
2025-05-19 18:47:20,669 - Worker-20403060 - PlaylistPlayer.2040306023080639 - WARNING - Advertencia durante configuración inicial: 'Device' object has no attribute 'app_kill'
2025-05-19 18:47:20,669 - Worker-20403060 - PlaylistPlayer.2040306023080639 - DEBUG - Capturando pantalla en C:\Users\def\Documents\OTWMusicSystem_Final\OTWMusicSystem_Final\otw_project\OTW_MUSIC_SYSTEM\screenshots\2040306023080639\initial_setup_warn_screenshot_2040306023080639_20250519_184720669157.png
2025-05-19 18:47:23,409 - Worker-20403060 - PlaylistPlayer.2040306023080639 - INFO - Captura de pantalla guardada: C:\Users\def\Documents\OTWMusicSystem_Final\OTWMusicSystem_Final\otw_project\OTW_MUSIC_SYSTEM\screenshots\2040306023080639\initial_setup_warn_screenshot_2040306023080639_20250519_184720669157.png
2025-05-19 18:47:23,409 - Worker-20403060 - PlaylistPlayer.2040306023080639 - INFO - --- Iniciando Sesión de Interacción #1 ---
2025-05-19 18:47:23,409 - Worker-20403060 - PlaylistPlayer.2040306023080639 - INFO - Selección: Link (track) -> https://open.spotify.com/track/6oGQjWJ2UL001JJBqrPspj?si=b65b22ea4c0a4bf7
2025-05-19 18:47:23,409 - Worker-20403060 - PlaylistPlayer.2040306023080639 - INFO - Iniciando interacción con TRACK: https://open.spotify.com/track/6oGQjWJ2UL001JJBqrPspj?si=b65b22ea4c0a4bf7
2025-05-19 18:47:23,409 - Worker-20403060 - PlaylistPlayer.2040306023080639 - INFO - Intentando abrir URL: https://open.spotify.com/track/6oGQjWJ2UL001JJBqrPspj?si=b65b22ea4c0a4bf7 (Intento 1/3)
2025-05-19 18:47:23,409 - Worker-20403060 - PlaylistPlayer.2040306023080639 - DEBUG - Forzando detención de Spotify (com.spotify.music) antes de abrir URL.
2025-05-19 18:47:25,220 - Worker-20403060 - PlaylistPlayer.2040306023080639 - DEBUG - Presionando HOME.
2025-05-19 18:47:28,211 - Worker-20403060 - PlaylistPlayer.2040306023080639 - DEBUG - Ejecutando ADB intent para URL: https://open.spotify.com/track/6oGQjWJ2UL001JJBqrPspj?si=b65b22ea4c0a4bf7
2025-05-19 18:47:31,521 - Worker-20403060 - PlaylistPlayer.2040306023080639 - DEBUG - Resultado ADB 'am start': stdout='Starting: Intent { act=android.intent.action.VIEW dat=https://open.spotify.com/... flg=0x10008000 }', stderr=''
2025-05-19 18:47:34,112 - Worker-20403060 - PlaylistPlayer.2040306023080639 - DEBUG - Esperando que la app se abra y estabilice...
2025-05-19 18:47:44,930 - Worker-20403060 - PlaylistPlayer.2040306023080639 - DEBUG - Verificando diálogo 'Abrir con'...
2025-05-19 18:48:38,077 - Worker-20403060 - PlaylistPlayer.2040306023080639 - DEBUG - No se detectó diálogo 'Abrir con' explícito.
2025-05-19 18:48:38,078 - Worker-20403060 - PlaylistPlayer.2040306023080639 - DEBUG - No se manejó el diálogo 'Abrir con' o no apareció.
2025-05-19 18:48:38,078 - Worker-20403060 - PlaylistPlayer.2040306023080639 - DEBUG - Verificando si Spotify está en primer plano...
2025-05-19 18:48:38,078 - Worker-20403060 - PlaylistPlayer.2040306023080639 - DEBUG - Intentando con comando dumpsys (1): adb -s 2040306023080639 shell dumpsys activity top
2025-05-19 18:48:39,926 - Worker-20403060 - PlaylistPlayer.2040306023080639 - WARNING - Spotify NO parece estar en primer plano según dumpsys.
2025-05-19 18:48:39,928 - Worker-20403060 - PlaylistPlayer.2040306023080639 - DEBUG - Capturando pantalla en C:\Users\def\Documents\OTWMusicSystem_Final\OTWMusicSystem_Final\otw_project\OTW_MUSIC_SYSTEM\screenshots\2040306023080639\spotify_not_foreground_screenshot_2040306023080639_20250519_184839926142.png
2025-05-19 18:48:42,262 - Worker-20403060 - PlaylistPlayer.2040306023080639 - INFO - Captura de pantalla guardada: C:\Users\def\Documents\OTWMusicSystem_Final\OTWMusicSystem_Final\otw_project\OTW_MUSIC_SYSTEM\screenshots\2040306023080639\spotify_not_foreground_screenshot_2040306023080639_20250519_184839926142.png
2025-05-19 18:48:42,263 - Worker-20403060 - PlaylistPlayer.2040306023080639 - WARNING - Spotify no detectado en primer plano después de abrir https://open.spotify.com/track/6oGQjWJ2UL001JJBqrPspj?si=b65b22ea4c0a4bf7.
2025-05-19 18:48:42,263 - Worker-20403060 - PlaylistPlayer.2040306023080639 - DEBUG - Capturando pantalla en C:\Users\def\Documents\OTWMusicSystem_Final\OTWMusicSystem_Final\otw_project\OTW_MUSIC_SYSTEM\screenshots\2040306023080639\spotify_not_fg_after_open_6oGQjWJ2UL001JJBqrPspj?si=b65b22ea4c0a4bf7_screenshot_2040306023080639_20250519_184842263202.png
2025-05-19 18:48:42,573 - Worker-20403060 - PlaylistPlayer.2040306023080639 - ERROR - Error al capturar pantalla: [Errno 22] Invalid argument: 'C:\\Users\\def\\Documents\\OTWMusicSystem_Final\\OTWMusicSystem_Final\\otw_project\\OTW_MUSIC_SYSTEM\\screenshots\\2040306023080639\\spotify_not_fg_after_open_6oGQjWJ2UL001JJBqrPspj?si=b65b22ea4c0a4bf7_screenshot_2040306023080639_20250519_184842263202.png'
2025-05-19 18:48:42,573 - Worker-20403060 - PlaylistPlayer.2040306023080639 - INFO - Pausa antes de reintentar apertura de URL debido a no foreground.
2025-05-19 18:48:51,675 - Worker-20403060 - PlaylistPlayer.2040306023080639 - INFO - Intentando abrir URL: https://open.spotify.com/track/6oGQjWJ2UL001JJBqrPspj?si=b65b22ea4c0a4bf7 (Intento 2/3)
2025-05-19 18:48:51,675 - Worker-20403060 - PlaylistPlayer.2040306023080639 - DEBUG - Forzando detención de Spotify (com.spotify.music) antes de abrir URL.
2025-05-19 18:48:53,629 - Worker-20403060 - PlaylistPlayer.2040306023080639 - DEBUG - Presionando HOME.
2025-05-19 18:48:56,920 - Worker-20403060 - PlaylistPlayer.2040306023080639 - DEBUG - Ejecutando ADB intent para URL: https://open.spotify.com/track/6oGQjWJ2UL001JJBqrPspj?si=b65b22ea4c0a4bf7
2025-05-19 18:48:59,981 - Worker-20403060 - PlaylistPlayer.2040306023080639 - DEBUG - Resultado ADB 'am start': stdout='Starting: Intent { act=android.intent.action.VIEW dat=https://open.spotify.com/... flg=0x10008000 }', stderr=''
2025-05-19 18:49:04,021 - Worker-20403060 - PlaylistPlayer.2040306023080639 - DEBUG - Esperando que la app se abra y estabilice...
2025-05-19 18:49:15,285 - Worker-20403060 - PlaylistPlayer.2040306023080639 - DEBUG - Verificando diálogo 'Abrir con'...
