2025-05-19 22:14:03,537 - Worker-20403060 - PlaylistPlayer.2040306023080639 - INFO - Worker thread INICIADO. Logs en: C:\Users\def\Documents\OTWMusicSystem_Final\OTWMusicSystem_Final\otw_project\OTW_MUSIC_SYSTEM\logs\2040306023080639\playlist_player_20250519_221403.log
2025-05-19 22:14:03,537 - Worker-20403060 - PlaylistPlayer.2040306023080639 - INFO - Personalidad Creada (SLOW_MODE_FACTOR=1.75):
  TotalSessionDur: [45-150]m
  InitPlaylistDur: [30-120]m
  ArtistPlayDur: [10-30]m, Songs: [3-6]
  TrackSessionDur: [25-70]m, SingleTrack: [65-135]s
  Probs: LikePlaylist=0.86, Shuffle=0.88, SwitchPlaylist=0.41
  VisitArtist=0.47, FollowArtist=0.97, ExploreTracks=0.31, Search=0.09
2025-05-19 22:14:03,541 - Worker-20403060 - PlaylistPlayer.2040306023080639 - INFO - Conectando uiautomator2 (intento 1/3)...
2025-05-19 22:14:06,601 - Worker-20403060 - PlaylistPlayer.2040306023080639 - INFO - Conectado (Device: Studio_X5_Max, Android: N/A).
2025-05-19 22:14:06,818 - Worker-20403060 - PlaylistPlayer.2040306023080639 - INFO - Spotify (com.spotify.music v9.0.36.484) instalado.
2025-05-19 22:14:06,818 - Worker-20403060 - PlaylistPlayer.2040306023080639 - INFO - Setup inicial (kill Spotify, home).
2025-05-19 22:14:06,818 - Worker-20403060 - PlaylistPlayer.2040306023080639 - WARNING - Advertencia setup inicial: 'Device' object has no attribute 'app_kill'
2025-05-19 22:14:06,818 - Worker-20403060 - PlaylistPlayer.2040306023080639 - DEBUG - Capturando pantalla en C:\Users\def\Documents\OTWMusicSystem_Final\OTWMusicSystem_Final\otw_project\OTW_MUSIC_SYSTEM\screenshots\2040306023080639\init_setup_warn_screenshot_2040306023080639_20250519_221406818295.png
2025-05-19 22:14:07,484 - Worker-20403060 - PlaylistPlayer.2040306023080639 - INFO - Captura de pantalla guardada: C:\Users\def\Documents\OTWMusicSystem_Final\OTWMusicSystem_Final\otw_project\OTW_MUSIC_SYSTEM\screenshots\2040306023080639\init_setup_warn_screenshot_2040306023080639_20250519_221406818295.png
2025-05-19 22:14:07,484 - Worker-20403060 - PlaylistPlayer.2040306023080639 - INFO - --- Iniciando GRAN SESIÓN DE ESCUCHA #1 (Duración objetivo: ~45.0 min) ---
2025-05-19 22:14:07,484 - Worker-20403060 - PlaylistPlayer.2040306023080639 - INFO - Fase 1: Reproducción de Playlist Inicial Larga.
2025-05-19 22:14:07,484 - Worker-20403060 - PlaylistPlayer.2040306023080639 - INFO - Iniciando PLAYLIST: https://open.spotify.com/playlist/3h6pIE4rE6z8OyxNMOqW8t?si=H8FB0OalRKGjeMjEXVgSJw por ~116 min.
2025-05-19 22:14:07,485 - Worker-20403060 - PlaylistPlayer.2040306023080639 - INFO - Intentando abrir URL: https://open.spotify.com/playlist/3h6pIE4rE6z8OyxNMOqW8t?si=H8FB0OalRKGjeMjEXVgSJw (Intento 1/3)
2025-05-19 22:14:07,485 - Worker-20403060 - PlaylistPlayer.2040306023080639 - DEBUG - Forzando detención de Spotify (com.spotify.music).
2025-05-19 22:14:09,544 - Worker-20403060 - PlaylistPlayer.2040306023080639 - DEBUG - Presionando HOME.
2025-05-19 22:14:13,013 - Worker-20403060 - PlaylistPlayer.2040306023080639 - DEBUG - Ejecutando ADB intent para URL: https://open.spotify.com/playlist/3h6pIE4rE6z8OyxNMOqW8t?si=H8FB0OalRKGjeMjEXVgSJw
2025-05-19 22:14:16,536 - Worker-20403060 - PlaylistPlayer.2040306023080639 - DEBUG - Resultado ADB: stdout='Starting: Intent { act=android.intent.action.VIEW dat=https://open.spotify.com/... flg=0x10008000 }', stderr=''
2025-05-19 22:14:19,544 - Worker-20403060 - PlaylistPlayer.2040306023080639 - DEBUG - Esperando app estabilice...
