2025-05-19 19:40:19,661 - Worker-DY49GQ7P - PlaylistPlayer.DY49GQ7PFQCEKF6H - INFO - Worker thread INICIADO. Logs en: C:\Users\def\Documents\OTWMusicSystem_Final\OTWMusicSystem_Final\otw_project\OTW_MUSIC_SYSTEM\logs\DY49GQ7PFQCEKF6H\playlist_player_20250519_194019.log
2025-05-19 19:40:19,661 - Worker-DY49GQ7P - PlaylistPlayer.DY49GQ7PFQCEKF6H - INFO - Personalidad Creada (SLOW_MODE_FACTOR=1.75): InitPlaylistDur=[30-35]m, ArtistDur=[30-60]m, IndivTrackSessDur=[60-90]m, SingleTrackDur=[60-120]s, VisitArtistProb=0.70, PlayIndivTracksProb=0.49
2025-05-19 19:40:19,661 - Worker-DY49GQ7P - PlaylistPlayer.DY49GQ7PFQCEKF6H - INFO - Conectando uiautomator2 (intento 1/3)...
2025-05-19 19:40:33,521 - Worker-DY49GQ7P - PlaylistPlayer.DY49GQ7PFQCEKF6H - INFO - Conectado (Device: U318AA, Android: N/A).
2025-05-19 19:40:35,947 - Worker-DY49GQ7P - PlaylistPlayer.DY49GQ7PFQCEKF6H - INFO - Spotify (com.spotify.music v9.0.36.484) instalado.
2025-05-19 19:40:35,947 - Worker-DY49GQ7P - PlaylistPlayer.DY49GQ7PFQCEKF6H - INFO - Setup inicial (kill Spotify, home).
2025-05-19 19:40:35,947 - Worker-DY49GQ7P - PlaylistPlayer.DY49GQ7PFQCEKF6H - WARNING - Advertencia setup inicial: 'Device' object has no attribute 'app_kill'
2025-05-19 19:40:35,948 - Worker-DY49GQ7P - PlaylistPlayer.DY49GQ7PFQCEKF6H - DEBUG - Capturando pantalla en C:\Users\def\Documents\OTWMusicSystem_Final\OTWMusicSystem_Final\otw_project\OTW_MUSIC_SYSTEM\screenshots\DY49GQ7PFQCEKF6H\init_setup_warn_screenshot_DY49GQ7PFQCEKF6H_20250519_194035947881.png
2025-05-19 19:40:40,628 - Worker-DY49GQ7P - PlaylistPlayer.DY49GQ7PFQCEKF6H - INFO - Captura de pantalla guardada: C:\Users\def\Documents\OTWMusicSystem_Final\OTWMusicSystem_Final\otw_project\OTW_MUSIC_SYSTEM\screenshots\DY49GQ7PFQCEKF6H\init_setup_warn_screenshot_DY49GQ7PFQCEKF6H_20250519_194035947881.png
2025-05-19 19:40:40,628 - Worker-DY49GQ7P - PlaylistPlayer.DY49GQ7PFQCEKF6H - INFO - --- Iniciando CICLO DE VIDA DE INTERACCIÓN #1 ---
2025-05-19 19:40:40,629 - Worker-DY49GQ7P - PlaylistPlayer.DY49GQ7PFQCEKF6H - INFO - Fase 1: Playlist Inicial.
2025-05-19 19:40:40,629 - Worker-DY49GQ7P - PlaylistPlayer.DY49GQ7PFQCEKF6H - INFO - Iniciando PLAYLIST: https://open.spotify.com/playlist/3h6pIE4rE6z8OyxNMOqW8t?si=H8FB0OalRKGjeMjEXVgSJw por ~31 min.
2025-05-19 19:40:40,629 - Worker-DY49GQ7P - PlaylistPlayer.DY49GQ7PFQCEKF6H - INFO - Intentando abrir URL: https://open.spotify.com/playlist/3h6pIE4rE6z8OyxNMOqW8t?si=H8FB0OalRKGjeMjEXVgSJw (Intento 1/3)
2025-05-19 19:40:40,629 - Worker-DY49GQ7P - PlaylistPlayer.DY49GQ7PFQCEKF6H - DEBUG - Forzando detención de Spotify (com.spotify.music).
2025-05-19 19:40:43,302 - Worker-DY49GQ7P - PlaylistPlayer.DY49GQ7PFQCEKF6H - DEBUG - Presionando HOME.
2025-05-19 19:40:46,372 - Worker-DY49GQ7P - PlaylistPlayer.DY49GQ7PFQCEKF6H - DEBUG - Ejecutando ADB intent para URL: https://open.spotify.com/playlist/3h6pIE4rE6z8OyxNMOqW8t?si=H8FB0OalRKGjeMjEXVgSJw
2025-05-19 19:40:48,887 - Worker-DY49GQ7P - PlaylistPlayer.DY49GQ7PFQCEKF6H - DEBUG - Resultado ADB: stdout='Starting: Intent { act=android.intent.action.VIEW dat=https://open.spotify.com/... flg=0x10008000 }', stderr=''
2025-05-19 19:40:52,798 - Worker-DY49GQ7P - PlaylistPlayer.DY49GQ7PFQCEKF6H - DEBUG - Esperando app estabilice...
2025-05-19 19:41:04,874 - Worker-DY49GQ7P - PlaylistPlayer.DY49GQ7PFQCEKF6H - DEBUG - Verificando diálogo 'Abrir con'...
2025-05-19 19:41:52,186 - Worker-DY49GQ7P - PlaylistPlayer.DY49GQ7PFQCEKF6H - DEBUG - No se detectó diálogo 'Abrir con' explícito.
2025-05-19 19:41:52,187 - Worker-DY49GQ7P - PlaylistPlayer.DY49GQ7PFQCEKF6H - DEBUG - No se manejó diálogo 'Abrir con'.
2025-05-19 19:41:52,187 - Worker-DY49GQ7P - PlaylistPlayer.DY49GQ7PFQCEKF6H - DEBUG - Verificando si Spotify está en primer plano...
2025-05-19 19:41:52,187 - Worker-DY49GQ7P - PlaylistPlayer.DY49GQ7PFQCEKF6H - DEBUG - Intentando con comando dumpsys (1): adb -s DY49GQ7PFQCEKF6H shell dumpsys activity top
2025-05-19 19:41:53,401 - Worker-DY49GQ7P - PlaylistPlayer.DY49GQ7PFQCEKF6H - WARNING - Spotify NO parece estar en primer plano.
2025-05-19 19:41:53,401 - Worker-DY49GQ7P - PlaylistPlayer.DY49GQ7PFQCEKF6H - DEBUG - Capturando pantalla en C:\Users\def\Documents\OTWMusicSystem_Final\OTWMusicSystem_Final\otw_project\OTW_MUSIC_SYSTEM\screenshots\DY49GQ7PFQCEKF6H\spotify_not_foreground_screenshot_DY49GQ7PFQCEKF6H_20250519_194153401393.png
