2025-05-19 19:38:07,258 - Worker-20403060 - PlaylistPlayer.2040306023081216 - INFO - Worker thread INICIADO. Logs en: C:\Users\def\Documents\OTWMusicSystem_Final\OTWMusicSystem_Final\otw_project\OTW_MUSIC_SYSTEM\logs\2040306023081216\playlist_player_20250519_193807.log
2025-05-19 19:38:07,259 - Worker-20403060 - PlaylistPlayer.2040306023081216 - INFO - Personalidad Creada (SLOW_MODE_FACTOR=1.75): InitPlaylistDur=[30-35]m, ArtistDur=[30-60]m, IndivTrackSessDur=[60-90]m, SingleTrackDur=[60-120]s, VisitArtistProb=0.70, PlayIndivTracksProb=0.50
2025-05-19 19:38:07,260 - Worker-20403060 - PlaylistPlayer.2040306023081216 - INFO - Conectando uiautomator2 (intento 1/3)...
2025-05-19 19:38:10,914 - Worker-20403060 - PlaylistPlayer.2040306023081216 - INFO - Conectado (Device: Studio_X5_Max, Android: N/A).
2025-05-19 19:38:11,205 - Worker-20403060 - PlaylistPlayer.2040306023081216 - INFO - Spotify (com.spotify.music v9.0.36.484) instalado.
2025-05-19 19:38:11,205 - Worker-20403060 - PlaylistPlayer.2040306023081216 - INFO - Setup inicial (kill Spotify, home).
2025-05-19 19:38:11,206 - Worker-20403060 - PlaylistPlayer.2040306023081216 - WARNING - Advertencia setup inicial: 'Device' object has no attribute 'app_kill'
2025-05-19 19:38:11,206 - Worker-20403060 - PlaylistPlayer.2040306023081216 - DEBUG - Capturando pantalla en C:\Users\def\Documents\OTWMusicSystem_Final\OTWMusicSystem_Final\otw_project\OTW_MUSIC_SYSTEM\screenshots\2040306023081216\init_setup_warn_screenshot_2040306023081216_20250519_193811206141.png
2025-05-19 19:38:12,486 - Worker-20403060 - PlaylistPlayer.2040306023081216 - INFO - Captura de pantalla guardada: C:\Users\def\Documents\OTWMusicSystem_Final\OTWMusicSystem_Final\otw_project\OTW_MUSIC_SYSTEM\screenshots\2040306023081216\init_setup_warn_screenshot_2040306023081216_20250519_193811206141.png
2025-05-19 19:38:12,486 - Worker-20403060 - PlaylistPlayer.2040306023081216 - INFO - --- Iniciando CICLO DE VIDA DE INTERACCIÓN #1 ---
2025-05-19 19:38:12,486 - Worker-20403060 - PlaylistPlayer.2040306023081216 - INFO - Fase 1: Playlist Inicial.
2025-05-19 19:38:12,486 - Worker-20403060 - PlaylistPlayer.2040306023081216 - INFO - Iniciando PLAYLIST: https://open.spotify.com/playlist/1jNkvpdVy0DtpabdXexqLg?si=Jnx5VeI4RtSq-M6_Fy4OMg por ~32 min.
2025-05-19 19:38:12,486 - Worker-20403060 - PlaylistPlayer.2040306023081216 - INFO - Intentando abrir URL: https://open.spotify.com/playlist/1jNkvpdVy0DtpabdXexqLg?si=Jnx5VeI4RtSq-M6_Fy4OMg (Intento 1/3)
2025-05-19 19:38:12,486 - Worker-20403060 - PlaylistPlayer.2040306023081216 - DEBUG - Forzando detención de Spotify (com.spotify.music).
2025-05-19 19:38:14,211 - Worker-20403060 - PlaylistPlayer.2040306023081216 - DEBUG - Presionando HOME.
2025-05-19 19:38:17,223 - Worker-20403060 - PlaylistPlayer.2040306023081216 - DEBUG - Ejecutando ADB intent para URL: https://open.spotify.com/playlist/1jNkvpdVy0DtpabdXexqLg?si=Jnx5VeI4RtSq-M6_Fy4OMg
2025-05-19 19:38:20,238 - Worker-20403060 - PlaylistPlayer.2040306023081216 - DEBUG - Resultado ADB: stdout='Starting: Intent { act=android.intent.action.VIEW dat=https://open.spotify.com/... flg=0x10008000 }', stderr=''
2025-05-19 19:38:24,000 - Worker-20403060 - PlaylistPlayer.2040306023081216 - DEBUG - Esperando app estabilice...
2025-05-19 19:38:34,555 - Worker-20403060 - PlaylistPlayer.2040306023081216 - DEBUG - Verificando diálogo 'Abrir con'...
2025-05-19 19:38:46,721 - Worker-20403060 - PlaylistPlayer.2040306023081216 - DEBUG - No se detectó diálogo 'Abrir con' explícito.
2025-05-19 19:38:46,721 - Worker-20403060 - PlaylistPlayer.2040306023081216 - DEBUG - No se manejó diálogo 'Abrir con'.
2025-05-19 19:38:46,721 - Worker-20403060 - PlaylistPlayer.2040306023081216 - DEBUG - Verificando si Spotify está en primer plano...
2025-05-19 19:38:46,721 - Worker-20403060 - PlaylistPlayer.2040306023081216 - DEBUG - Intentando con comando dumpsys (1): adb -s 2040306023081216 shell dumpsys activity top
2025-05-19 19:38:48,241 - Worker-20403060 - PlaylistPlayer.2040306023081216 - WARNING - Spotify NO parece estar en primer plano.
2025-05-19 19:38:48,242 - Worker-20403060 - PlaylistPlayer.2040306023081216 - DEBUG - Capturando pantalla en C:\Users\def\Documents\OTWMusicSystem_Final\OTWMusicSystem_Final\otw_project\OTW_MUSIC_SYSTEM\screenshots\2040306023081216\spotify_not_foreground_screenshot_2040306023081216_20250519_193848241917.png
2025-05-19 19:38:48,758 - Worker-20403060 - PlaylistPlayer.2040306023081216 - INFO - Captura de pantalla guardada: C:\Users\def\Documents\OTWMusicSystem_Final\OTWMusicSystem_Final\otw_project\OTW_MUSIC_SYSTEM\screenshots\2040306023081216\spotify_not_foreground_screenshot_2040306023081216_20250519_193848241917.png
2025-05-19 19:38:48,759 - Worker-20403060 - PlaylistPlayer.2040306023081216 - WARNING - Spotify no en primer plano tras abrir https://open.spotify.com/playlist/1jNkvpdVy0DtpabdXexqLg?si=Jnx5VeI4RtSq-M6_Fy4OMg.
2025-05-19 19:38:48,759 - Worker-20403060 - PlaylistPlayer.2040306023081216 - DEBUG - Capturando pantalla en C:\Users\def\Documents\OTWMusicSystem_Final\OTWMusicSystem_Final\otw_project\OTW_MUSIC_SYSTEM\screenshots\2040306023081216\spotify_not_fg_screenshot_2040306023081216_20250519_193848759459.png
2025-05-19 19:38:49,532 - Worker-20403060 - PlaylistPlayer.2040306023081216 - INFO - Captura de pantalla guardada: C:\Users\def\Documents\OTWMusicSystem_Final\OTWMusicSystem_Final\otw_project\OTW_MUSIC_SYSTEM\screenshots\2040306023081216\spotify_not_fg_screenshot_2040306023081216_20250519_193848759459.png
2025-05-19 19:39:01,516 - Worker-20403060 - PlaylistPlayer.2040306023081216 - INFO - Intentando abrir URL: https://open.spotify.com/playlist/1jNkvpdVy0DtpabdXexqLg?si=Jnx5VeI4RtSq-M6_Fy4OMg (Intento 2/3)
2025-05-19 19:39:01,516 - Worker-20403060 - PlaylistPlayer.2040306023081216 - DEBUG - Forzando detención de Spotify (com.spotify.music).
2025-05-19 19:39:03,626 - Worker-20403060 - PlaylistPlayer.2040306023081216 - DEBUG - Presionando HOME.
2025-05-19 19:39:07,315 - Worker-20403060 - PlaylistPlayer.2040306023081216 - DEBUG - Ejecutando ADB intent para URL: https://open.spotify.com/playlist/1jNkvpdVy0DtpabdXexqLg?si=Jnx5VeI4RtSq-M6_Fy4OMg
2025-05-19 19:39:10,142 - Worker-20403060 - PlaylistPlayer.2040306023081216 - DEBUG - Resultado ADB: stdout='Starting: Intent { act=android.intent.action.VIEW dat=https://open.spotify.com/... flg=0x10008000 }', stderr=''
2025-05-19 19:39:12,573 - Worker-20403060 - PlaylistPlayer.2040306023081216 - DEBUG - Esperando app estabilice...
2025-05-19 19:39:24,728 - Worker-20403060 - PlaylistPlayer.2040306023081216 - DEBUG - Verificando diálogo 'Abrir con'...
2025-05-19 19:39:40,271 - Worker-20403060 - PlaylistPlayer.2040306023081216 - DEBUG - No se detectó diálogo 'Abrir con' explícito.
2025-05-19 19:39:40,271 - Worker-20403060 - PlaylistPlayer.2040306023081216 - DEBUG - No se manejó diálogo 'Abrir con'.
2025-05-19 19:39:40,272 - Worker-20403060 - PlaylistPlayer.2040306023081216 - DEBUG - Verificando si Spotify está en primer plano...
2025-05-19 19:39:40,272 - Worker-20403060 - PlaylistPlayer.2040306023081216 - DEBUG - Intentando con comando dumpsys (1): adb -s 2040306023081216 shell dumpsys activity top
2025-05-19 19:39:45,485 - Worker-20403060 - PlaylistPlayer.2040306023081216 - WARNING - Spotify NO parece estar en primer plano.
2025-05-19 19:39:45,495 - Worker-20403060 - PlaylistPlayer.2040306023081216 - DEBUG - Capturando pantalla en C:\Users\def\Documents\OTWMusicSystem_Final\OTWMusicSystem_Final\otw_project\OTW_MUSIC_SYSTEM\screenshots\2040306023081216\spotify_not_foreground_screenshot_2040306023081216_20250519_193945493515.png
2025-05-19 19:39:45,763 - Worker-20403060 - PlaylistPlayer.2040306023081216 - INFO - Captura de pantalla guardada: C:\Users\def\Documents\OTWMusicSystem_Final\OTWMusicSystem_Final\otw_project\OTW_MUSIC_SYSTEM\screenshots\2040306023081216\spotify_not_foreground_screenshot_2040306023081216_20250519_193945493515.png
2025-05-19 19:39:45,764 - Worker-20403060 - PlaylistPlayer.2040306023081216 - WARNING - Spotify no en primer plano tras abrir https://open.spotify.com/playlist/1jNkvpdVy0DtpabdXexqLg?si=Jnx5VeI4RtSq-M6_Fy4OMg.
2025-05-19 19:39:45,771 - Worker-20403060 - PlaylistPlayer.2040306023081216 - DEBUG - Capturando pantalla en C:\Users\def\Documents\OTWMusicSystem_Final\OTWMusicSystem_Final\otw_project\OTW_MUSIC_SYSTEM\screenshots\2040306023081216\spotify_not_fg_screenshot_2040306023081216_20250519_193945767802.png
2025-05-19 19:39:46,049 - Worker-20403060 - PlaylistPlayer.2040306023081216 - INFO - Captura de pantalla guardada: C:\Users\def\Documents\OTWMusicSystem_Final\OTWMusicSystem_Final\otw_project\OTW_MUSIC_SYSTEM\screenshots\2040306023081216\spotify_not_fg_screenshot_2040306023081216_20250519_193945767802.png
2025-05-19 19:39:54,661 - Worker-20403060 - PlaylistPlayer.2040306023081216 - INFO - Intentando abrir URL: https://open.spotify.com/playlist/1jNkvpdVy0DtpabdXexqLg?si=Jnx5VeI4RtSq-M6_Fy4OMg (Intento 3/3)
2025-05-19 19:39:54,661 - Worker-20403060 - PlaylistPlayer.2040306023081216 - DEBUG - Forzando detención de Spotify (com.spotify.music).
2025-05-19 19:39:56,127 - Worker-20403060 - PlaylistPlayer.2040306023081216 - DEBUG - Presionando HOME.
2025-05-19 19:39:59,464 - Worker-20403060 - PlaylistPlayer.2040306023081216 - DEBUG - Ejecutando ADB intent para URL: https://open.spotify.com/playlist/1jNkvpdVy0DtpabdXexqLg?si=Jnx5VeI4RtSq-M6_Fy4OMg
2025-05-19 19:40:02,363 - Worker-20403060 - PlaylistPlayer.2040306023081216 - DEBUG - Resultado ADB: stdout='Starting: Intent { act=android.intent.action.VIEW dat=https://open.spotify.com/... flg=0x10008000 }', stderr=''
2025-05-19 19:40:05,993 - Worker-20403060 - PlaylistPlayer.2040306023081216 - DEBUG - Esperando app estabilice...
2025-05-19 19:40:18,812 - Worker-20403060 - PlaylistPlayer.2040306023081216 - DEBUG - Verificando diálogo 'Abrir con'...
2025-05-19 19:40:31,808 - Worker-20403060 - PlaylistPlayer.2040306023081216 - DEBUG - No se detectó diálogo 'Abrir con' explícito.
2025-05-19 19:40:31,808 - Worker-20403060 - PlaylistPlayer.2040306023081216 - DEBUG - No se manejó diálogo 'Abrir con'.
2025-05-19 19:40:31,809 - Worker-20403060 - PlaylistPlayer.2040306023081216 - DEBUG - Verificando si Spotify está en primer plano...
2025-05-19 19:40:31,809 - Worker-20403060 - PlaylistPlayer.2040306023081216 - DEBUG - Intentando con comando dumpsys (1): adb -s 2040306023081216 shell dumpsys activity top
2025-05-19 19:40:39,839 - Worker-20403060 - PlaylistPlayer.2040306023081216 - WARNING - Spotify NO parece estar en primer plano.
2025-05-19 19:40:39,840 - Worker-20403060 - PlaylistPlayer.2040306023081216 - DEBUG - Capturando pantalla en C:\Users\def\Documents\OTWMusicSystem_Final\OTWMusicSystem_Final\otw_project\OTW_MUSIC_SYSTEM\screenshots\2040306023081216\spotify_not_foreground_screenshot_2040306023081216_20250519_194039839987.png
2025-05-19 19:40:40,880 - Worker-20403060 - PlaylistPlayer.2040306023081216 - INFO - Captura de pantalla guardada: C:\Users\def\Documents\OTWMusicSystem_Final\OTWMusicSystem_Final\otw_project\OTW_MUSIC_SYSTEM\screenshots\2040306023081216\spotify_not_foreground_screenshot_2040306023081216_20250519_194039839987.png
2025-05-19 19:40:40,880 - Worker-20403060 - PlaylistPlayer.2040306023081216 - WARNING - Spotify no en primer plano tras abrir https://open.spotify.com/playlist/1jNkvpdVy0DtpabdXexqLg?si=Jnx5VeI4RtSq-M6_Fy4OMg.
2025-05-19 19:40:40,881 - Worker-20403060 - PlaylistPlayer.2040306023081216 - DEBUG - Capturando pantalla en C:\Users\def\Documents\OTWMusicSystem_Final\OTWMusicSystem_Final\otw_project\OTW_MUSIC_SYSTEM\screenshots\2040306023081216\spotify_not_fg_screenshot_2040306023081216_20250519_194040880593.png
2025-05-19 19:40:41,107 - Worker-20403060 - PlaylistPlayer.2040306023081216 - INFO - Captura de pantalla guardada: C:\Users\def\Documents\OTWMusicSystem_Final\OTWMusicSystem_Final\otw_project\OTW_MUSIC_SYSTEM\screenshots\2040306023081216\spotify_not_fg_screenshot_2040306023081216_20250519_194040880593.png
2025-05-19 19:40:49,369 - Worker-20403060 - PlaylistPlayer.2040306023081216 - INFO - Intentando abrir URL: https://open.spotify.com/playlist/1jNkvpdVy0DtpabdXexqLg?si=Jnx5VeI4RtSq-M6_Fy4OMg (Intento 4/3)
2025-05-19 19:40:49,369 - Worker-20403060 - PlaylistPlayer.2040306023081216 - ERROR - Máximos reintentos para URL https://open.spotify.com/playlist/1jNkvpdVy0DtpabdXexqLg?si=Jnx5VeI4RtSq-M6_Fy4OMg
2025-05-19 19:40:49,369 - Worker-20403060 - PlaylistPlayer.2040306023081216 - DEBUG - Capturando pantalla en C:\Users\def\Documents\OTWMusicSystem_Final\OTWMusicSystem_Final\otw_project\OTW_MUSIC_SYSTEM\screenshots\2040306023081216\open_url_max_retries_screenshot_2040306023081216_20250519_194049369021.png
2025-05-19 19:40:49,542 - Worker-20403060 - PlaylistPlayer.2040306023081216 - INFO - Captura de pantalla guardada: C:\Users\def\Documents\OTWMusicSystem_Final\OTWMusicSystem_Final\otw_project\OTW_MUSIC_SYSTEM\screenshots\2040306023081216\open_url_max_retries_screenshot_2040306023081216_20250519_194049369021.png
2025-05-19 19:40:49,542 - Worker-20403060 - PlaylistPlayer.2040306023081216 - ERROR - No se pudo abrir playlist https://open.spotify.com/playlist/1jNkvpdVy0DtpabdXexqLg?si=Jnx5VeI4RtSq-M6_Fy4OMg.
2025-05-19 19:41:03,637 - Worker-20403060 - PlaylistPlayer.2040306023081216 - INFO - Fase 2: Visita a Artista Clave.
2025-05-19 19:41:03,637 - Worker-20403060 - PlaylistPlayer.2040306023081216 - INFO - Iniciando ARTISTA: https://open.spotify.com/artist/77slAN1w8sLCiCGwiZmNEF por ~49 min. (KEY ARTIST)
2025-05-19 19:41:03,637 - Worker-20403060 - PlaylistPlayer.2040306023081216 - INFO - Intentando abrir URL: https://open.spotify.com/artist/77slAN1w8sLCiCGwiZmNEF (Intento 1/3)
2025-05-19 19:41:03,637 - Worker-20403060 - PlaylistPlayer.2040306023081216 - DEBUG - Forzando detención de Spotify (com.spotify.music).
2025-05-19 19:41:05,069 - Worker-20403060 - PlaylistPlayer.2040306023081216 - DEBUG - Presionando HOME.
2025-05-19 19:41:08,590 - Worker-20403060 - PlaylistPlayer.2040306023081216 - DEBUG - Ejecutando ADB intent para URL: https://open.spotify.com/artist/77slAN1w8sLCiCGwiZmNEF
2025-05-19 19:41:11,776 - Worker-20403060 - PlaylistPlayer.2040306023081216 - DEBUG - Resultado ADB: stdout='Starting: Intent { act=android.intent.action.VIEW dat=https://open.spotify.com/... flg=0x10008000 }', stderr=''
2025-05-19 19:41:15,302 - Worker-20403060 - PlaylistPlayer.2040306023081216 - DEBUG - Esperando app estabilice...
2025-05-19 19:41:26,776 - Worker-20403060 - PlaylistPlayer.2040306023081216 - DEBUG - Verificando diálogo 'Abrir con'...
2025-05-19 19:41:35,857 - Worker-20403060 - PlaylistPlayer.2040306023081216 - DEBUG - No se detectó diálogo 'Abrir con' explícito.
2025-05-19 19:41:35,857 - Worker-20403060 - PlaylistPlayer.2040306023081216 - DEBUG - No se manejó diálogo 'Abrir con'.
2025-05-19 19:41:35,857 - Worker-20403060 - PlaylistPlayer.2040306023081216 - DEBUG - Verificando si Spotify está en primer plano...
2025-05-19 19:41:35,858 - Worker-20403060 - PlaylistPlayer.2040306023081216 - DEBUG - Intentando con comando dumpsys (1): adb -s 2040306023081216 shell dumpsys activity top
2025-05-19 19:41:41,155 - Worker-20403060 - PlaylistPlayer.2040306023081216 - WARNING - Spotify NO parece estar en primer plano.
2025-05-19 19:41:41,156 - Worker-20403060 - PlaylistPlayer.2040306023081216 - DEBUG - Capturando pantalla en C:\Users\def\Documents\OTWMusicSystem_Final\OTWMusicSystem_Final\otw_project\OTW_MUSIC_SYSTEM\screenshots\2040306023081216\spotify_not_foreground_screenshot_2040306023081216_20250519_194141155813.png
2025-05-19 19:41:41,383 - Worker-20403060 - PlaylistPlayer.2040306023081216 - INFO - Captura de pantalla guardada: C:\Users\def\Documents\OTWMusicSystem_Final\OTWMusicSystem_Final\otw_project\OTW_MUSIC_SYSTEM\screenshots\2040306023081216\spotify_not_foreground_screenshot_2040306023081216_20250519_194141155813.png
2025-05-19 19:41:41,383 - Worker-20403060 - PlaylistPlayer.2040306023081216 - WARNING - Spotify no en primer plano tras abrir https://open.spotify.com/artist/77slAN1w8sLCiCGwiZmNEF.
2025-05-19 19:41:41,385 - Worker-20403060 - PlaylistPlayer.2040306023081216 - DEBUG - Capturando pantalla en C:\Users\def\Documents\OTWMusicSystem_Final\OTWMusicSystem_Final\otw_project\OTW_MUSIC_SYSTEM\screenshots\2040306023081216\spotify_not_fg_screenshot_2040306023081216_20250519_194141383579.png
2025-05-19 19:41:41,591 - Worker-20403060 - PlaylistPlayer.2040306023081216 - INFO - Captura de pantalla guardada: C:\Users\def\Documents\OTWMusicSystem_Final\OTWMusicSystem_Final\otw_project\OTW_MUSIC_SYSTEM\screenshots\2040306023081216\spotify_not_fg_screenshot_2040306023081216_20250519_194141383579.png
2025-05-19 19:41:48,856 - Worker-20403060 - PlaylistPlayer.2040306023081216 - INFO - Intentando abrir URL: https://open.spotify.com/artist/77slAN1w8sLCiCGwiZmNEF (Intento 2/3)
2025-05-19 19:41:48,856 - Worker-20403060 - PlaylistPlayer.2040306023081216 - DEBUG - Forzando detención de Spotify (com.spotify.music).
2025-05-19 19:41:50,514 - Worker-20403060 - PlaylistPlayer.2040306023081216 - DEBUG - Presionando HOME.
2025-05-19 19:41:53,570 - Worker-20403060 - PlaylistPlayer.2040306023081216 - DEBUG - Ejecutando ADB intent para URL: https://open.spotify.com/artist/77slAN1w8sLCiCGwiZmNEF
2025-05-19 19:41:55,423 - Worker-20403060 - PlaylistPlayer.2040306023081216 - DEBUG - Resultado ADB: stdout='Starting: Intent { act=android.intent.action.VIEW dat=https://open.spotify.com/... flg=0x10008000 }', stderr=''
2025-05-19 19:41:58,272 - Worker-20403060 - PlaylistPlayer.2040306023081216 - DEBUG - Esperando app estabilice...
