2025-05-19 18:47:38,137 - Worker-20403060 - PlaylistPlayer.2040306023081216 - INFO - Worker thread INICIADO. Logs en: C:\Users\def\Documents\OTWMusicSystem_Final\OTWMusicSystem_Final\otw_project\OTW_MUSIC_SYSTEM\logs\2040306023081216\playlist_player_20250519_184738.log
2025-05-19 18:47:38,137 - Worker-20403060 - PlaylistPlayer.2040306023081216 - INFO - Personalidad Creada (SLOW_MODE_FACTOR=1.75): ShortTimeout=10.7s, ActionDelay=[8.1-15.8]s, ShortPause=[25.2-72.5]s, MinTrackT=68s, MaxTrackT=169s, MinContentT=5m, MaxContentT=8m
2025-05-19 18:47:38,137 - Worker-20403060 - PlaylistPlayer.2040306023081216 - INFO - Intentando conectar a uiautomator2 (intento 1/3)...
2025-05-19 18:47:42,775 - Worker-20403060 - PlaylistPlayer.2040306023081216 - INFO - Conectado (Device: Studio_X5_Max, Android: N/A).
2025-05-19 18:47:43,314 - Worker-20403060 - PlaylistPlayer.2040306023081216 - INFO - Spotify (com.spotify.music v9.0.36.484) está instalado.
2025-05-19 18:47:43,314 - Worker-20403060 - PlaylistPlayer.2040306023081216 - INFO - Configuración inicial (kill Spotify y volver a Home).
2025-05-19 18:47:43,314 - Worker-20403060 - PlaylistPlayer.2040306023081216 - WARNING - Advertencia durante configuración inicial: 'Device' object has no attribute 'app_kill'
2025-05-19 18:47:43,314 - Worker-20403060 - PlaylistPlayer.2040306023081216 - DEBUG - Capturando pantalla en C:\Users\def\Documents\OTWMusicSystem_Final\OTWMusicSystem_Final\otw_project\OTW_MUSIC_SYSTEM\screenshots\2040306023081216\initial_setup_warn_screenshot_2040306023081216_20250519_184743314917.png
2025-05-19 18:47:45,521 - Worker-20403060 - PlaylistPlayer.2040306023081216 - INFO - Captura de pantalla guardada: C:\Users\def\Documents\OTWMusicSystem_Final\OTWMusicSystem_Final\otw_project\OTW_MUSIC_SYSTEM\screenshots\2040306023081216\initial_setup_warn_screenshot_2040306023081216_20250519_184743314917.png
2025-05-19 18:47:45,521 - Worker-20403060 - PlaylistPlayer.2040306023081216 - INFO - --- Iniciando Sesión de Interacción #1 ---
2025-05-19 18:47:45,521 - Worker-20403060 - PlaylistPlayer.2040306023081216 - INFO - Selección: Link (track) -> https://open.spotify.com/track/2Ltbaup04b0VtVCQv8nQUD?si=4ac66c9df6904be4
2025-05-19 18:47:45,521 - Worker-20403060 - PlaylistPlayer.2040306023081216 - INFO - Iniciando interacción con TRACK: https://open.spotify.com/track/2Ltbaup04b0VtVCQv8nQUD?si=4ac66c9df6904be4
2025-05-19 18:47:45,521 - Worker-20403060 - PlaylistPlayer.2040306023081216 - INFO - Intentando abrir URL: https://open.spotify.com/track/2Ltbaup04b0VtVCQv8nQUD?si=4ac66c9df6904be4 (Intento 1/3)
2025-05-19 18:47:45,521 - Worker-20403060 - PlaylistPlayer.2040306023081216 - DEBUG - Forzando detención de Spotify (com.spotify.music) antes de abrir URL.
2025-05-19 18:47:47,101 - Worker-20403060 - PlaylistPlayer.2040306023081216 - DEBUG - Presionando HOME.
2025-05-19 18:47:50,091 - Worker-20403060 - PlaylistPlayer.2040306023081216 - DEBUG - Ejecutando ADB intent para URL: https://open.spotify.com/track/2Ltbaup04b0VtVCQv8nQUD?si=4ac66c9df6904be4
2025-05-19 18:47:52,253 - Worker-20403060 - PlaylistPlayer.2040306023081216 - DEBUG - Resultado ADB 'am start': stdout='Starting: Intent { act=android.intent.action.VIEW dat=https://open.spotify.com/... flg=0x10008000 }', stderr=''
2025-05-19 18:47:54,521 - Worker-20403060 - PlaylistPlayer.2040306023081216 - DEBUG - Esperando que la app se abra y estabilice...
2025-05-19 18:48:03,472 - Worker-20403060 - PlaylistPlayer.2040306023081216 - DEBUG - Verificando diálogo 'Abrir con'...
2025-05-19 18:48:30,502 - Worker-20403060 - PlaylistPlayer.2040306023081216 - DEBUG - No se detectó diálogo 'Abrir con' explícito.
2025-05-19 18:48:30,503 - Worker-20403060 - PlaylistPlayer.2040306023081216 - DEBUG - No se manejó el diálogo 'Abrir con' o no apareció.
2025-05-19 18:48:30,503 - Worker-20403060 - PlaylistPlayer.2040306023081216 - DEBUG - Verificando si Spotify está en primer plano...
2025-05-19 18:48:30,503 - Worker-20403060 - PlaylistPlayer.2040306023081216 - DEBUG - Intentando con comando dumpsys (1): adb -s 2040306023081216 shell dumpsys activity top
2025-05-19 18:48:35,508 - Worker-20403060 - PlaylistPlayer.2040306023081216 - WARNING - Spotify NO parece estar en primer plano según dumpsys.
2025-05-19 18:48:35,512 - Worker-20403060 - PlaylistPlayer.2040306023081216 - DEBUG - Capturando pantalla en C:\Users\def\Documents\OTWMusicSystem_Final\OTWMusicSystem_Final\otw_project\OTW_MUSIC_SYSTEM\screenshots\2040306023081216\spotify_not_foreground_screenshot_2040306023081216_20250519_184835510879.png
2025-05-19 18:48:37,013 - Worker-20403060 - PlaylistPlayer.2040306023081216 - INFO - Captura de pantalla guardada: C:\Users\def\Documents\OTWMusicSystem_Final\OTWMusicSystem_Final\otw_project\OTW_MUSIC_SYSTEM\screenshots\2040306023081216\spotify_not_foreground_screenshot_2040306023081216_20250519_184835510879.png
2025-05-19 18:48:37,013 - Worker-20403060 - PlaylistPlayer.2040306023081216 - WARNING - Spotify no detectado en primer plano después de abrir https://open.spotify.com/track/2Ltbaup04b0VtVCQv8nQUD?si=4ac66c9df6904be4.
2025-05-19 18:48:37,014 - Worker-20403060 - PlaylistPlayer.2040306023081216 - DEBUG - Capturando pantalla en C:\Users\def\Documents\OTWMusicSystem_Final\OTWMusicSystem_Final\otw_project\OTW_MUSIC_SYSTEM\screenshots\2040306023081216\spotify_not_fg_after_open_2Ltbaup04b0VtVCQv8nQUD?si=4ac66c9df6904be4_screenshot_2040306023081216_20250519_184837013954.png
2025-05-19 18:48:37,137 - Worker-20403060 - PlaylistPlayer.2040306023081216 - ERROR - Error al capturar pantalla: [Errno 22] Invalid argument: 'C:\\Users\\def\\Documents\\OTWMusicSystem_Final\\OTWMusicSystem_Final\\otw_project\\OTW_MUSIC_SYSTEM\\screenshots\\2040306023081216\\spotify_not_fg_after_open_2Ltbaup04b0VtVCQv8nQUD?si=4ac66c9df6904be4_screenshot_2040306023081216_20250519_184837013954.png'
2025-05-19 18:48:37,138 - Worker-20403060 - PlaylistPlayer.2040306023081216 - INFO - Pausa antes de reintentar apertura de URL debido a no foreground.
2025-05-19 18:48:48,522 - Worker-20403060 - PlaylistPlayer.2040306023081216 - INFO - Intentando abrir URL: https://open.spotify.com/track/2Ltbaup04b0VtVCQv8nQUD?si=4ac66c9df6904be4 (Intento 2/3)
2025-05-19 18:48:48,523 - Worker-20403060 - PlaylistPlayer.2040306023081216 - DEBUG - Forzando detención de Spotify (com.spotify.music) antes de abrir URL.
2025-05-19 18:48:49,953 - Worker-20403060 - PlaylistPlayer.2040306023081216 - DEBUG - Presionando HOME.
2025-05-19 18:48:53,675 - Worker-20403060 - PlaylistPlayer.2040306023081216 - DEBUG - Ejecutando ADB intent para URL: https://open.spotify.com/track/2Ltbaup04b0VtVCQv8nQUD?si=4ac66c9df6904be4
2025-05-19 18:48:55,840 - Worker-20403060 - PlaylistPlayer.2040306023081216 - DEBUG - Resultado ADB 'am start': stdout='Starting: Intent { act=android.intent.action.VIEW dat=https://open.spotify.com/... flg=0x10008000 }', stderr=''
2025-05-19 18:48:59,629 - Worker-20403060 - PlaylistPlayer.2040306023081216 - DEBUG - Esperando que la app se abra y estabilice...
2025-05-19 18:49:11,345 - Worker-20403060 - PlaylistPlayer.2040306023081216 - DEBUG - Verificando diálogo 'Abrir con'...
