2025-05-19 18:34:11,201 - Worker-20403060 - PlaylistPlayer.2040306023081216 - INFO - Worker thread INICIADO. Logs en: C:\Users\def\Documents\OTWMusicSystem_Final\OTWMusicSystem_Final\otw_project\OTW_MUSIC_SYSTEM\logs\2040306023081216\playlist_player_20250519_183411.log
2025-05-19 18:34:11,202 - Worker-20403060 - PlaylistPlayer.2040306023081216 - INFO - Personalidad Creada: FollowP=0.70, SearchP=0.07, MinTrackT=64s, MinContentT=3m
2025-05-19 18:34:11,202 - Worker-20403060 - PlaylistPlayer.2040306023081216 - INFO - Intentando conectar a uiautomator2 (intento 1/3)...
2025-05-19 18:34:23,649 - Worker-20403060 - PlaylistPlayer.2040306023081216 - DEBUG - Conexión u2 establecida preliminarmente.
2025-05-19 18:34:24,042 - Worker-20403060 - PlaylistPlayer.2040306023081216 - INFO - Conectado (Device: Studio_X5_Max, Android: N/A).
2025-05-19 18:34:24,250 - Worker-20403060 - PlaylistPlayer.2040306023081216 - INFO - Spotify (com.spotify.music v9.0.36.484) está instalado.
2025-05-19 18:34:24,250 - Worker-20403060 - PlaylistPlayer.2040306023081216 - INFO - Configuración inicial (kill Spotify y volver a Home).
2025-05-19 18:34:24,250 - Worker-20403060 - PlaylistPlayer.2040306023081216 - WARNING - Advertencia durante configuración inicial: 'Device' object has no attribute 'app_kill'
2025-05-19 18:34:24,251 - Worker-20403060 - PlaylistPlayer.2040306023081216 - DEBUG - Capturando pantalla en C:\Users\def\Documents\OTWMusicSystem_Final\OTWMusicSystem_Final\otw_project\OTW_MUSIC_SYSTEM\screenshots\2040306023081216\initial_setup_warn_screenshot_2040306023081216_20250519_183424250939.png
2025-05-19 18:34:25,383 - Worker-20403060 - PlaylistPlayer.2040306023081216 - INFO - Captura de pantalla guardada: C:\Users\def\Documents\OTWMusicSystem_Final\OTWMusicSystem_Final\otw_project\OTW_MUSIC_SYSTEM\screenshots\2040306023081216\initial_setup_warn_screenshot_2040306023081216_20250519_183424250939.png
2025-05-19 18:34:25,383 - Worker-20403060 - PlaylistPlayer.2040306023081216 - INFO - --- Iniciando Sesión de Interacción #1 ---
2025-05-19 18:34:25,383 - Worker-20403060 - PlaylistPlayer.2040306023081216 - INFO - Selección: Link (track) -> https://open.spotify.com/track/3XfnpskwSDhZlonjEhyNfw?si=e9ea9266e3584eac
2025-05-19 18:34:25,384 - Worker-20403060 - PlaylistPlayer.2040306023081216 - INFO - Iniciando interacción con TRACK: https://open.spotify.com/track/3XfnpskwSDhZlonjEhyNfw?si=e9ea9266e3584eac
2025-05-19 18:34:25,384 - Worker-20403060 - PlaylistPlayer.2040306023081216 - INFO - Intentando abrir URL: https://open.spotify.com/track/3XfnpskwSDhZlonjEhyNfw?si=e9ea9266e3584eac (Intento 1/3)
2025-05-19 18:34:25,384 - Worker-20403060 - PlaylistPlayer.2040306023081216 - DEBUG - Forzando detención de Spotify (com.spotify.music) antes de abrir URL.
2025-05-19 18:34:26,490 - Worker-20403060 - PlaylistPlayer.2040306023081216 - DEBUG - Presionando HOME.
2025-05-19 18:34:29,105 - Worker-20403060 - PlaylistPlayer.2040306023081216 - DEBUG - Ejecutando ADB intent para URL: https://open.spotify.com/track/3XfnpskwSDhZlonjEhyNfw?si=e9ea9266e3584eac
2025-05-19 18:34:30,234 - Worker-20403060 - PlaylistPlayer.2040306023081216 - DEBUG - Resultado ADB 'am start': stdout='Starting: Intent { act=android.intent.action.VIEW dat=https://open.spotify.com/... flg=0x10008000 }', stderr=''
2025-05-19 18:34:32,594 - Worker-20403060 - PlaylistPlayer.2040306023081216 - DEBUG - Esperando que la app se abra y estabilice (5-8s)...
2025-05-19 18:34:40,306 - Worker-20403060 - PlaylistPlayer.2040306023081216 - DEBUG - Verificando diálogo 'Abrir con'...
2025-05-19 18:35:16,121 - Worker-20403060 - PlaylistPlayer.2040306023081216 - DEBUG - No se detectó diálogo 'Abrir con' explícito.
2025-05-19 18:35:16,121 - Worker-20403060 - PlaylistPlayer.2040306023081216 - DEBUG - No se manejó el diálogo 'Abrir con' o no apareció.
2025-05-19 18:35:16,121 - Worker-20403060 - PlaylistPlayer.2040306023081216 - DEBUG - Verificando si Spotify está en primer plano...
2025-05-19 18:35:16,121 - Worker-20403060 - PlaylistPlayer.2040306023081216 - DEBUG - Intentando con comando dumpsys (1): adb -s 2040306023081216 shell dumpsys activity top
2025-05-19 18:35:21,474 - Worker-20403060 - PlaylistPlayer.2040306023081216 - WARNING - Spotify NO parece estar en primer plano según dumpsys.
2025-05-19 18:35:21,476 - Worker-20403060 - PlaylistPlayer.2040306023081216 - DEBUG - Capturando pantalla en C:\Users\def\Documents\OTWMusicSystem_Final\OTWMusicSystem_Final\otw_project\OTW_MUSIC_SYSTEM\screenshots\2040306023081216\spotify_not_foreground_screenshot_2040306023081216_20250519_183521474846.png
2025-05-19 18:35:22,558 - Worker-20403060 - PlaylistPlayer.2040306023081216 - INFO - Captura de pantalla guardada: C:\Users\def\Documents\OTWMusicSystem_Final\OTWMusicSystem_Final\otw_project\OTW_MUSIC_SYSTEM\screenshots\2040306023081216\spotify_not_foreground_screenshot_2040306023081216_20250519_183521474846.png
2025-05-19 18:35:22,558 - Worker-20403060 - PlaylistPlayer.2040306023081216 - WARNING - Spotify no detectado en primer plano después de abrir https://open.spotify.com/track/3XfnpskwSDhZlonjEhyNfw?si=e9ea9266e3584eac.
2025-05-19 18:35:22,558 - Worker-20403060 - PlaylistPlayer.2040306023081216 - DEBUG - Capturando pantalla en C:\Users\def\Documents\OTWMusicSystem_Final\OTWMusicSystem_Final\otw_project\OTW_MUSIC_SYSTEM\screenshots\2040306023081216\spotify_not_fg_after_open_3XfnpskwSDhZlonjEhyNfw?si=e9ea9266e3584eac_screenshot_2040306023081216_20250519_183522558196.png
2025-05-19 18:35:22,678 - Worker-20403060 - PlaylistPlayer.2040306023081216 - ERROR - Error al capturar pantalla: [Errno 22] Invalid argument: 'C:\\Users\\def\\Documents\\OTWMusicSystem_Final\\OTWMusicSystem_Final\\otw_project\\OTW_MUSIC_SYSTEM\\screenshots\\2040306023081216\\spotify_not_fg_after_open_3XfnpskwSDhZlonjEhyNfw?si=e9ea9266e3584eac_screenshot_2040306023081216_20250519_183522558196.png'
2025-05-19 18:35:22,678 - Worker-20403060 - PlaylistPlayer.2040306023081216 - INFO - Pausa antes de reintentar apertura de URL debido a no foreground (6.1s).
2025-05-19 18:35:27,663 - Worker-20403060 - PlaylistPlayer.2040306023081216 - INFO - Intentando abrir URL: https://open.spotify.com/track/3XfnpskwSDhZlonjEhyNfw?si=e9ea9266e3584eac (Intento 2/3)
2025-05-19 18:35:27,663 - Worker-20403060 - PlaylistPlayer.2040306023081216 - DEBUG - Forzando detención de Spotify (com.spotify.music) antes de abrir URL.
2025-05-19 18:35:28,993 - Worker-20403060 - PlaylistPlayer.2040306023081216 - DEBUG - Presionando HOME.
2025-05-19 18:35:31,371 - Worker-20403060 - PlaylistPlayer.2040306023081216 - DEBUG - Ejecutando ADB intent para URL: https://open.spotify.com/track/3XfnpskwSDhZlonjEhyNfw?si=e9ea9266e3584eac
2025-05-19 18:35:32,839 - Worker-20403060 - PlaylistPlayer.2040306023081216 - DEBUG - Resultado ADB 'am start': stdout='Starting: Intent { act=android.intent.action.VIEW dat=https://open.spotify.com/... flg=0x10008000 }', stderr=''
2025-05-19 18:35:34,709 - Worker-20403060 - PlaylistPlayer.2040306023081216 - DEBUG - Esperando que la app se abra y estabilice (5-8s)...
2025-05-19 18:35:39,877 - Worker-20403060 - PlaylistPlayer.2040306023081216 - DEBUG - Verificando diálogo 'Abrir con'...
2025-05-19 18:36:40,894 - Worker-20403060 - PlaylistPlayer.2040306023081216 - DEBUG - No se detectó diálogo 'Abrir con' explícito.
2025-05-19 18:36:40,894 - Worker-20403060 - PlaylistPlayer.2040306023081216 - DEBUG - No se manejó el diálogo 'Abrir con' o no apareció.
2025-05-19 18:36:40,894 - Worker-20403060 - PlaylistPlayer.2040306023081216 - DEBUG - Verificando si Spotify está en primer plano...
2025-05-19 18:36:40,895 - Worker-20403060 - PlaylistPlayer.2040306023081216 - DEBUG - Intentando con comando dumpsys (1): adb -s 2040306023081216 shell dumpsys activity top
2025-05-19 18:36:46,190 - Worker-20403060 - PlaylistPlayer.2040306023081216 - WARNING - Spotify NO parece estar en primer plano según dumpsys.
2025-05-19 18:36:46,190 - Worker-20403060 - PlaylistPlayer.2040306023081216 - DEBUG - Capturando pantalla en C:\Users\def\Documents\OTWMusicSystem_Final\OTWMusicSystem_Final\otw_project\OTW_MUSIC_SYSTEM\screenshots\2040306023081216\spotify_not_foreground_screenshot_2040306023081216_20250519_183646190471.png
2025-05-19 18:36:47,237 - Worker-20403060 - PlaylistPlayer.2040306023081216 - INFO - Captura de pantalla guardada: C:\Users\def\Documents\OTWMusicSystem_Final\OTWMusicSystem_Final\otw_project\OTW_MUSIC_SYSTEM\screenshots\2040306023081216\spotify_not_foreground_screenshot_2040306023081216_20250519_183646190471.png
2025-05-19 18:36:47,238 - Worker-20403060 - PlaylistPlayer.2040306023081216 - WARNING - Spotify no detectado en primer plano después de abrir https://open.spotify.com/track/3XfnpskwSDhZlonjEhyNfw?si=e9ea9266e3584eac.
2025-05-19 18:36:47,239 - Worker-20403060 - PlaylistPlayer.2040306023081216 - DEBUG - Capturando pantalla en C:\Users\def\Documents\OTWMusicSystem_Final\OTWMusicSystem_Final\otw_project\OTW_MUSIC_SYSTEM\screenshots\2040306023081216\spotify_not_fg_after_open_3XfnpskwSDhZlonjEhyNfw?si=e9ea9266e3584eac_screenshot_2040306023081216_20250519_183647238022.png
2025-05-19 18:36:47,345 - Worker-20403060 - PlaylistPlayer.2040306023081216 - ERROR - Error al capturar pantalla: [Errno 22] Invalid argument: 'C:\\Users\\def\\Documents\\OTWMusicSystem_Final\\OTWMusicSystem_Final\\otw_project\\OTW_MUSIC_SYSTEM\\screenshots\\2040306023081216\\spotify_not_fg_after_open_3XfnpskwSDhZlonjEhyNfw?si=e9ea9266e3584eac_screenshot_2040306023081216_20250519_183647238022.png'
2025-05-19 18:36:47,346 - Worker-20403060 - PlaylistPlayer.2040306023081216 - INFO - Pausa antes de reintentar apertura de URL debido a no foreground (4.7s).
2025-05-19 18:36:52,657 - Worker-20403060 - PlaylistPlayer.2040306023081216 - INFO - Intentando abrir URL: https://open.spotify.com/track/3XfnpskwSDhZlonjEhyNfw?si=e9ea9266e3584eac (Intento 3/3)
2025-05-19 18:36:52,657 - Worker-20403060 - PlaylistPlayer.2040306023081216 - DEBUG - Forzando detención de Spotify (com.spotify.music) antes de abrir URL.
2025-05-19 18:36:53,903 - Worker-20403060 - PlaylistPlayer.2040306023081216 - DEBUG - Presionando HOME.
2025-05-19 18:36:56,459 - Worker-20403060 - PlaylistPlayer.2040306023081216 - DEBUG - Ejecutando ADB intent para URL: https://open.spotify.com/track/3XfnpskwSDhZlonjEhyNfw?si=e9ea9266e3584eac
2025-05-19 18:36:57,581 - Worker-20403060 - PlaylistPlayer.2040306023081216 - DEBUG - Resultado ADB 'am start': stdout='Starting: Intent { act=android.intent.action.VIEW dat=https://open.spotify.com/... flg=0x10008000 }', stderr=''
2025-05-19 18:36:59,534 - Worker-20403060 - PlaylistPlayer.2040306023081216 - DEBUG - Esperando que la app se abra y estabilice (5-8s)...
2025-05-19 18:37:04,775 - Worker-20403060 - PlaylistPlayer.2040306023081216 - DEBUG - Verificando diálogo 'Abrir con'...
2025-05-19 18:37:47,640 - Worker-20403060 - PlaylistPlayer.2040306023081216 - DEBUG - No se detectó diálogo 'Abrir con' explícito.
2025-05-19 18:37:47,640 - Worker-20403060 - PlaylistPlayer.2040306023081216 - DEBUG - No se manejó el diálogo 'Abrir con' o no apareció.
2025-05-19 18:37:47,641 - Worker-20403060 - PlaylistPlayer.2040306023081216 - DEBUG - Verificando si Spotify está en primer plano...
2025-05-19 18:37:47,641 - Worker-20403060 - PlaylistPlayer.2040306023081216 - DEBUG - Intentando con comando dumpsys (1): adb -s 2040306023081216 shell dumpsys activity top
2025-05-19 18:37:52,903 - Worker-20403060 - PlaylistPlayer.2040306023081216 - WARNING - Spotify NO parece estar en primer plano según dumpsys.
2025-05-19 18:37:52,905 - Worker-20403060 - PlaylistPlayer.2040306023081216 - DEBUG - Capturando pantalla en C:\Users\def\Documents\OTWMusicSystem_Final\OTWMusicSystem_Final\otw_project\OTW_MUSIC_SYSTEM\screenshots\2040306023081216\spotify_not_foreground_screenshot_2040306023081216_20250519_183752904640.png
2025-05-19 18:37:53,937 - Worker-20403060 - PlaylistPlayer.2040306023081216 - INFO - Captura de pantalla guardada: C:\Users\def\Documents\OTWMusicSystem_Final\OTWMusicSystem_Final\otw_project\OTW_MUSIC_SYSTEM\screenshots\2040306023081216\spotify_not_foreground_screenshot_2040306023081216_20250519_183752904640.png
2025-05-19 18:37:53,937 - Worker-20403060 - PlaylistPlayer.2040306023081216 - WARNING - Spotify no detectado en primer plano después de abrir https://open.spotify.com/track/3XfnpskwSDhZlonjEhyNfw?si=e9ea9266e3584eac.
2025-05-19 18:37:53,938 - Worker-20403060 - PlaylistPlayer.2040306023081216 - DEBUG - Capturando pantalla en C:\Users\def\Documents\OTWMusicSystem_Final\OTWMusicSystem_Final\otw_project\OTW_MUSIC_SYSTEM\screenshots\2040306023081216\spotify_not_fg_after_open_3XfnpskwSDhZlonjEhyNfw?si=e9ea9266e3584eac_screenshot_2040306023081216_20250519_183753937723.png
2025-05-19 18:37:54,046 - Worker-20403060 - PlaylistPlayer.2040306023081216 - ERROR - Error al capturar pantalla: [Errno 22] Invalid argument: 'C:\\Users\\def\\Documents\\OTWMusicSystem_Final\\OTWMusicSystem_Final\\otw_project\\OTW_MUSIC_SYSTEM\\screenshots\\2040306023081216\\spotify_not_fg_after_open_3XfnpskwSDhZlonjEhyNfw?si=e9ea9266e3584eac_screenshot_2040306023081216_20250519_183753937723.png'
2025-05-19 18:37:54,047 - Worker-20403060 - PlaylistPlayer.2040306023081216 - INFO - Pausa antes de reintentar apertura de URL debido a no foreground (4.4s).
2025-05-19 18:37:59,440 - Worker-20403060 - PlaylistPlayer.2040306023081216 - INFO - Intentando abrir URL: https://open.spotify.com/track/3XfnpskwSDhZlonjEhyNfw?si=e9ea9266e3584eac (Intento 4/3)
2025-05-19 18:37:59,440 - Worker-20403060 - PlaylistPlayer.2040306023081216 - ERROR - Máximos reintentos (3) alcanzados para abrir URL https://open.spotify.com/track/3XfnpskwSDhZlonjEhyNfw?si=e9ea9266e3584eac
2025-05-19 18:37:59,440 - Worker-20403060 - PlaylistPlayer.2040306023081216 - DEBUG - Capturando pantalla en C:\Users\def\Documents\OTWMusicSystem_Final\OTWMusicSystem_Final\otw_project\OTW_MUSIC_SYSTEM\screenshots\2040306023081216\open_url_max_retries_fail_3XfnpskwSDhZlonjEhyNfw?si=e9ea9266e3584eac_screenshot_2040306023081216_20250519_183759440344.png
2025-05-19 18:37:59,570 - Worker-20403060 - PlaylistPlayer.2040306023081216 - ERROR - Error al capturar pantalla: [Errno 22] Invalid argument: 'C:\\Users\\def\\Documents\\OTWMusicSystem_Final\\OTWMusicSystem_Final\\otw_project\\OTW_MUSIC_SYSTEM\\screenshots\\2040306023081216\\open_url_max_retries_fail_3XfnpskwSDhZlonjEhyNfw?si=e9ea9266e3584eac_screenshot_2040306023081216_20250519_183759440344.png'
2025-05-19 18:37:59,571 - Worker-20403060 - PlaylistPlayer.2040306023081216 - ERROR - No se pudo abrir el track https://open.spotify.com/track/3XfnpskwSDhZlonjEhyNfw?si=e9ea9266e3584eac. Terminando interacción.
2025-05-19 18:37:59,571 - Worker-20403060 - PlaylistPlayer.2040306023081216 - INFO - Sesión #1 completada. Pausa de 4.7s.
2025-05-19 18:38:04,268 - Worker-20403060 - PlaylistPlayer.2040306023081216 - INFO - --- Iniciando Sesión de Interacción #2 ---
2025-05-19 18:38:04,268 - Worker-20403060 - PlaylistPlayer.2040306023081216 - INFO - Selección: Link (track) -> https://open.spotify.com/track/0jr5dGIYbo42gEMNa7FPoH?si=1a35f7f20d4e4851
2025-05-19 18:38:04,268 - Worker-20403060 - PlaylistPlayer.2040306023081216 - INFO - Iniciando interacción con TRACK: https://open.spotify.com/track/0jr5dGIYbo42gEMNa7FPoH?si=1a35f7f20d4e4851
2025-05-19 18:38:04,268 - Worker-20403060 - PlaylistPlayer.2040306023081216 - INFO - Intentando abrir URL: https://open.spotify.com/track/0jr5dGIYbo42gEMNa7FPoH?si=1a35f7f20d4e4851 (Intento 1/3)
2025-05-19 18:38:04,268 - Worker-20403060 - PlaylistPlayer.2040306023081216 - DEBUG - Forzando detención de Spotify (com.spotify.music) antes de abrir URL.
2025-05-19 18:38:05,199 - Worker-20403060 - PlaylistPlayer.2040306023081216 - DEBUG - Presionando HOME.
2025-05-19 18:38:07,249 - Worker-20403060 - PlaylistPlayer.2040306023081216 - DEBUG - Ejecutando ADB intent para URL: https://open.spotify.com/track/0jr5dGIYbo42gEMNa7FPoH?si=1a35f7f20d4e4851
2025-05-19 18:38:09,085 - Worker-20403060 - PlaylistPlayer.2040306023081216 - DEBUG - Resultado ADB 'am start': stdout='Starting: Intent { act=android.intent.action.VIEW dat=https://open.spotify.com/... flg=0x10008000 }', stderr=''
2025-05-19 18:38:10,782 - Worker-20403060 - PlaylistPlayer.2040306023081216 - DEBUG - Esperando que la app se abra y estabilice (5-8s)...
2025-05-19 18:38:18,487 - Worker-20403060 - PlaylistPlayer.2040306023081216 - DEBUG - Verificando diálogo 'Abrir con'...
2025-05-19 18:38:50,497 - Worker-20403060 - PlaylistPlayer.2040306023081216 - DEBUG - No se detectó diálogo 'Abrir con' explícito.
2025-05-19 18:38:50,497 - Worker-20403060 - PlaylistPlayer.2040306023081216 - DEBUG - No se manejó el diálogo 'Abrir con' o no apareció.
2025-05-19 18:38:50,498 - Worker-20403060 - PlaylistPlayer.2040306023081216 - DEBUG - Verificando si Spotify está en primer plano...
2025-05-19 18:38:50,498 - Worker-20403060 - PlaylistPlayer.2040306023081216 - DEBUG - Intentando con comando dumpsys (1): adb -s 2040306023081216 shell dumpsys activity top
2025-05-19 18:38:55,767 - Worker-20403060 - PlaylistPlayer.2040306023081216 - WARNING - Spotify NO parece estar en primer plano según dumpsys.
2025-05-19 18:38:55,767 - Worker-20403060 - PlaylistPlayer.2040306023081216 - DEBUG - Capturando pantalla en C:\Users\def\Documents\OTWMusicSystem_Final\OTWMusicSystem_Final\otw_project\OTW_MUSIC_SYSTEM\screenshots\2040306023081216\spotify_not_foreground_screenshot_2040306023081216_20250519_183855767928.png
2025-05-19 18:38:56,819 - Worker-20403060 - PlaylistPlayer.2040306023081216 - INFO - Captura de pantalla guardada: C:\Users\def\Documents\OTWMusicSystem_Final\OTWMusicSystem_Final\otw_project\OTW_MUSIC_SYSTEM\screenshots\2040306023081216\spotify_not_foreground_screenshot_2040306023081216_20250519_183855767928.png
2025-05-19 18:38:56,819 - Worker-20403060 - PlaylistPlayer.2040306023081216 - WARNING - Spotify no detectado en primer plano después de abrir https://open.spotify.com/track/0jr5dGIYbo42gEMNa7FPoH?si=1a35f7f20d4e4851.
2025-05-19 18:38:56,819 - Worker-20403060 - PlaylistPlayer.2040306023081216 - DEBUG - Capturando pantalla en C:\Users\def\Documents\OTWMusicSystem_Final\OTWMusicSystem_Final\otw_project\OTW_MUSIC_SYSTEM\screenshots\2040306023081216\spotify_not_fg_after_open_0jr5dGIYbo42gEMNa7FPoH?si=1a35f7f20d4e4851_screenshot_2040306023081216_20250519_183856819388.png
2025-05-19 18:38:56,920 - Worker-20403060 - PlaylistPlayer.2040306023081216 - ERROR - Error al capturar pantalla: [Errno 22] Invalid argument: 'C:\\Users\\def\\Documents\\OTWMusicSystem_Final\\OTWMusicSystem_Final\\otw_project\\OTW_MUSIC_SYSTEM\\screenshots\\2040306023081216\\spotify_not_fg_after_open_0jr5dGIYbo42gEMNa7FPoH?si=1a35f7f20d4e4851_screenshot_2040306023081216_20250519_183856819388.png'
2025-05-19 18:38:56,921 - Worker-20403060 - PlaylistPlayer.2040306023081216 - INFO - Pausa antes de reintentar apertura de URL debido a no foreground (4.8s).
2025-05-19 18:39:03,731 - Worker-20403060 - PlaylistPlayer.2040306023081216 - INFO - Intentando abrir URL: https://open.spotify.com/track/0jr5dGIYbo42gEMNa7FPoH?si=1a35f7f20d4e4851 (Intento 2/3)
2025-05-19 18:39:03,731 - Worker-20403060 - PlaylistPlayer.2040306023081216 - DEBUG - Forzando detención de Spotify (com.spotify.music) antes de abrir URL.
2025-05-19 18:39:04,914 - Worker-20403060 - PlaylistPlayer.2040306023081216 - DEBUG - Presionando HOME.
2025-05-19 18:39:07,156 - Worker-20403060 - PlaylistPlayer.2040306023081216 - DEBUG - Ejecutando ADB intent para URL: https://open.spotify.com/track/0jr5dGIYbo42gEMNa7FPoH?si=1a35f7f20d4e4851
2025-05-19 18:39:08,660 - Worker-20403060 - PlaylistPlayer.2040306023081216 - DEBUG - Resultado ADB 'am start': stdout='Starting: Intent { act=android.intent.action.VIEW dat=https://open.spotify.com/... flg=0x10008000 }', stderr=''
2025-05-19 18:39:09,984 - Worker-20403060 - PlaylistPlayer.2040306023081216 - DEBUG - Esperando que la app se abra y estabilice (5-8s)...
2025-05-19 18:39:16,683 - Worker-20403060 - PlaylistPlayer.2040306023081216 - DEBUG - Verificando diálogo 'Abrir con'...
2025-05-19 18:39:40,077 - Worker-20403060 - PlaylistPlayer.2040306023081216 - DEBUG - No se detectó diálogo 'Abrir con' explícito.
2025-05-19 18:39:40,077 - Worker-20403060 - PlaylistPlayer.2040306023081216 - DEBUG - No se manejó el diálogo 'Abrir con' o no apareció.
2025-05-19 18:39:40,077 - Worker-20403060 - PlaylistPlayer.2040306023081216 - DEBUG - Verificando si Spotify está en primer plano...
2025-05-19 18:39:40,077 - Worker-20403060 - PlaylistPlayer.2040306023081216 - DEBUG - Intentando con comando dumpsys (1): adb -s 2040306023081216 shell dumpsys activity top
2025-05-19 18:39:45,330 - Worker-20403060 - PlaylistPlayer.2040306023081216 - WARNING - Spotify NO parece estar en primer plano según dumpsys.
2025-05-19 18:39:45,331 - Worker-20403060 - PlaylistPlayer.2040306023081216 - DEBUG - Capturando pantalla en C:\Users\def\Documents\OTWMusicSystem_Final\OTWMusicSystem_Final\otw_project\OTW_MUSIC_SYSTEM\screenshots\2040306023081216\spotify_not_foreground_screenshot_2040306023081216_20250519_183945331017.png
2025-05-19 18:39:45,493 - Worker-20403060 - PlaylistPlayer.2040306023081216 - INFO - Captura de pantalla guardada: C:\Users\def\Documents\OTWMusicSystem_Final\OTWMusicSystem_Final\otw_project\OTW_MUSIC_SYSTEM\screenshots\2040306023081216\spotify_not_foreground_screenshot_2040306023081216_20250519_183945331017.png
2025-05-19 18:39:45,493 - Worker-20403060 - PlaylistPlayer.2040306023081216 - WARNING - Spotify no detectado en primer plano después de abrir https://open.spotify.com/track/0jr5dGIYbo42gEMNa7FPoH?si=1a35f7f20d4e4851.
2025-05-19 18:39:45,495 - Worker-20403060 - PlaylistPlayer.2040306023081216 - DEBUG - Capturando pantalla en C:\Users\def\Documents\OTWMusicSystem_Final\OTWMusicSystem_Final\otw_project\OTW_MUSIC_SYSTEM\screenshots\2040306023081216\spotify_not_fg_after_open_0jr5dGIYbo42gEMNa7FPoH?si=1a35f7f20d4e4851_screenshot_2040306023081216_20250519_183945493796.png
2025-05-19 18:39:45,613 - Worker-20403060 - PlaylistPlayer.2040306023081216 - ERROR - Error al capturar pantalla: [Errno 22] Invalid argument: 'C:\\Users\\def\\Documents\\OTWMusicSystem_Final\\OTWMusicSystem_Final\\otw_project\\OTW_MUSIC_SYSTEM\\screenshots\\2040306023081216\\spotify_not_fg_after_open_0jr5dGIYbo42gEMNa7FPoH?si=1a35f7f20d4e4851_screenshot_2040306023081216_20250519_183945493796.png'
2025-05-19 18:39:45,613 - Worker-20403060 - PlaylistPlayer.2040306023081216 - INFO - Pausa antes de reintentar apertura de URL debido a no foreground (5.7s).
2025-05-19 18:39:51,481 - Worker-20403060 - PlaylistPlayer.2040306023081216 - INFO - Intentando abrir URL: https://open.spotify.com/track/0jr5dGIYbo42gEMNa7FPoH?si=1a35f7f20d4e4851 (Intento 3/3)
2025-05-19 18:39:51,481 - Worker-20403060 - PlaylistPlayer.2040306023081216 - DEBUG - Forzando detención de Spotify (com.spotify.music) antes de abrir URL.
2025-05-19 18:39:52,769 - Worker-20403060 - PlaylistPlayer.2040306023081216 - DEBUG - Presionando HOME.
2025-05-19 18:39:54,754 - Worker-20403060 - PlaylistPlayer.2040306023081216 - DEBUG - Ejecutando ADB intent para URL: https://open.spotify.com/track/0jr5dGIYbo42gEMNa7FPoH?si=1a35f7f20d4e4851
2025-05-19 18:39:55,806 - Worker-20403060 - PlaylistPlayer.2040306023081216 - DEBUG - Resultado ADB 'am start': stdout='Starting: Intent { act=android.intent.action.VIEW dat=https://open.spotify.com/... flg=0x10008000 }', stderr=''
2025-05-19 18:39:57,024 - Worker-20403060 - PlaylistPlayer.2040306023081216 - DEBUG - Esperando que la app se abra y estabilice (5-8s)...
2025-05-19 18:40:03,719 - Worker-20403060 - PlaylistPlayer.2040306023081216 - DEBUG - Verificando diálogo 'Abrir con'...
2025-05-19 18:40:48,736 - Worker-20403060 - PlaylistPlayer.2040306023081216 - DEBUG - No se detectó diálogo 'Abrir con' explícito.
2025-05-19 18:40:48,736 - Worker-20403060 - PlaylistPlayer.2040306023081216 - DEBUG - No se manejó el diálogo 'Abrir con' o no apareció.
2025-05-19 18:40:48,736 - Worker-20403060 - PlaylistPlayer.2040306023081216 - DEBUG - Verificando si Spotify está en primer plano...
2025-05-19 18:40:48,737 - Worker-20403060 - PlaylistPlayer.2040306023081216 - DEBUG - Intentando con comando dumpsys (1): adb -s 2040306023081216 shell dumpsys activity top
2025-05-19 18:40:54,034 - Worker-20403060 - PlaylistPlayer.2040306023081216 - WARNING - Spotify NO parece estar en primer plano según dumpsys.
2025-05-19 18:40:54,034 - Worker-20403060 - PlaylistPlayer.2040306023081216 - DEBUG - Capturando pantalla en C:\Users\def\Documents\OTWMusicSystem_Final\OTWMusicSystem_Final\otw_project\OTW_MUSIC_SYSTEM\screenshots\2040306023081216\spotify_not_foreground_screenshot_2040306023081216_20250519_184054034854.png
2025-05-19 18:40:55,053 - Worker-20403060 - PlaylistPlayer.2040306023081216 - INFO - Captura de pantalla guardada: C:\Users\def\Documents\OTWMusicSystem_Final\OTWMusicSystem_Final\otw_project\OTW_MUSIC_SYSTEM\screenshots\2040306023081216\spotify_not_foreground_screenshot_2040306023081216_20250519_184054034854.png
2025-05-19 18:40:55,054 - Worker-20403060 - PlaylistPlayer.2040306023081216 - WARNING - Spotify no detectado en primer plano después de abrir https://open.spotify.com/track/0jr5dGIYbo42gEMNa7FPoH?si=1a35f7f20d4e4851.
2025-05-19 18:40:55,054 - Worker-20403060 - PlaylistPlayer.2040306023081216 - DEBUG - Capturando pantalla en C:\Users\def\Documents\OTWMusicSystem_Final\OTWMusicSystem_Final\otw_project\OTW_MUSIC_SYSTEM\screenshots\2040306023081216\spotify_not_fg_after_open_0jr5dGIYbo42gEMNa7FPoH?si=1a35f7f20d4e4851_screenshot_2040306023081216_20250519_184055054397.png
2025-05-19 18:40:55,168 - Worker-20403060 - PlaylistPlayer.2040306023081216 - ERROR - Error al capturar pantalla: [Errno 22] Invalid argument: 'C:\\Users\\def\\Documents\\OTWMusicSystem_Final\\OTWMusicSystem_Final\\otw_project\\OTW_MUSIC_SYSTEM\\screenshots\\2040306023081216\\spotify_not_fg_after_open_0jr5dGIYbo42gEMNa7FPoH?si=1a35f7f20d4e4851_screenshot_2040306023081216_20250519_184055054397.png'
2025-05-19 18:40:55,168 - Worker-20403060 - PlaylistPlayer.2040306023081216 - INFO - Pausa antes de reintentar apertura de URL debido a no foreground (6.4s).
2025-05-19 18:40:59,435 - Worker-20403060 - PlaylistPlayer.2040306023081216 - INFO - Intentando abrir URL: https://open.spotify.com/track/0jr5dGIYbo42gEMNa7FPoH?si=1a35f7f20d4e4851 (Intento 4/3)
2025-05-19 18:40:59,435 - Worker-20403060 - PlaylistPlayer.2040306023081216 - ERROR - Máximos reintentos (3) alcanzados para abrir URL https://open.spotify.com/track/0jr5dGIYbo42gEMNa7FPoH?si=1a35f7f20d4e4851
2025-05-19 18:40:59,436 - Worker-20403060 - PlaylistPlayer.2040306023081216 - DEBUG - Capturando pantalla en C:\Users\def\Documents\OTWMusicSystem_Final\OTWMusicSystem_Final\otw_project\OTW_MUSIC_SYSTEM\screenshots\2040306023081216\open_url_max_retries_fail_0jr5dGIYbo42gEMNa7FPoH?si=1a35f7f20d4e4851_screenshot_2040306023081216_20250519_184059436354.png
2025-05-19 18:40:59,539 - Worker-20403060 - PlaylistPlayer.2040306023081216 - ERROR - Error al capturar pantalla: [Errno 22] Invalid argument: 'C:\\Users\\def\\Documents\\OTWMusicSystem_Final\\OTWMusicSystem_Final\\otw_project\\OTW_MUSIC_SYSTEM\\screenshots\\2040306023081216\\open_url_max_retries_fail_0jr5dGIYbo42gEMNa7FPoH?si=1a35f7f20d4e4851_screenshot_2040306023081216_20250519_184059436354.png'
2025-05-19 18:40:59,540 - Worker-20403060 - PlaylistPlayer.2040306023081216 - ERROR - No se pudo abrir el track https://open.spotify.com/track/0jr5dGIYbo42gEMNa7FPoH?si=1a35f7f20d4e4851. Terminando interacción.
2025-05-19 18:40:59,540 - Worker-20403060 - PlaylistPlayer.2040306023081216 - INFO - Sesión #2 completada. Pausa de 5.0s.
2025-05-19 18:41:04,525 - Worker-20403060 - PlaylistPlayer.2040306023081216 - INFO - --- Iniciando Sesión de Interacción #3 ---
2025-05-19 18:41:04,525 - Worker-20403060 - PlaylistPlayer.2040306023081216 - INFO - Selección: Link (track) -> https://open.spotify.com/track/74XC2E5nQeBCg29WyHzcpi?si=6f836c5416d842b2
2025-05-19 18:41:04,525 - Worker-20403060 - PlaylistPlayer.2040306023081216 - INFO - Iniciando interacción con TRACK: https://open.spotify.com/track/74XC2E5nQeBCg29WyHzcpi?si=6f836c5416d842b2
2025-05-19 18:41:04,525 - Worker-20403060 - PlaylistPlayer.2040306023081216 - INFO - Intentando abrir URL: https://open.spotify.com/track/74XC2E5nQeBCg29WyHzcpi?si=6f836c5416d842b2 (Intento 1/3)
2025-05-19 18:41:04,525 - Worker-20403060 - PlaylistPlayer.2040306023081216 - DEBUG - Forzando detención de Spotify (com.spotify.music) antes de abrir URL.
2025-05-19 18:41:05,297 - Worker-20403060 - PlaylistPlayer.2040306023081216 - DEBUG - Presionando HOME.
2025-05-19 18:41:07,700 - Worker-20403060 - PlaylistPlayer.2040306023081216 - DEBUG - Ejecutando ADB intent para URL: https://open.spotify.com/track/74XC2E5nQeBCg29WyHzcpi?si=6f836c5416d842b2
2025-05-19 18:41:09,556 - Worker-20403060 - PlaylistPlayer.2040306023081216 - DEBUG - Resultado ADB 'am start': stdout='Starting: Intent { act=android.intent.action.VIEW dat=https://open.spotify.com/... flg=0x10008000 }', stderr=''
2025-05-19 18:41:11,028 - Worker-20403060 - PlaylistPlayer.2040306023081216 - DEBUG - Esperando que la app se abra y estabilice (5-8s)...
2025-05-19 18:41:18,012 - Worker-20403060 - PlaylistPlayer.2040306023081216 - DEBUG - Verificando diálogo 'Abrir con'...
2025-05-19 18:41:29,981 - Worker-20403060 - PlaylistPlayer.2040306023081216 - DEBUG - No se detectó diálogo 'Abrir con' explícito.
2025-05-19 18:41:29,981 - Worker-20403060 - PlaylistPlayer.2040306023081216 - DEBUG - No se manejó el diálogo 'Abrir con' o no apareció.
2025-05-19 18:41:29,981 - Worker-20403060 - PlaylistPlayer.2040306023081216 - DEBUG - Verificando si Spotify está en primer plano...
2025-05-19 18:41:29,981 - Worker-20403060 - PlaylistPlayer.2040306023081216 - DEBUG - Intentando con comando dumpsys (1): adb -s 2040306023081216 shell dumpsys activity top
2025-05-19 18:41:31,217 - Worker-20403060 - PlaylistPlayer.2040306023081216 - WARNING - Spotify NO parece estar en primer plano según dumpsys.
2025-05-19 18:41:31,217 - Worker-20403060 - PlaylistPlayer.2040306023081216 - DEBUG - Capturando pantalla en C:\Users\def\Documents\OTWMusicSystem_Final\OTWMusicSystem_Final\otw_project\OTW_MUSIC_SYSTEM\screenshots\2040306023081216\spotify_not_foreground_screenshot_2040306023081216_20250519_184131217215.png
2025-05-19 18:41:31,401 - Worker-20403060 - PlaylistPlayer.2040306023081216 - INFO - Captura de pantalla guardada: C:\Users\def\Documents\OTWMusicSystem_Final\OTWMusicSystem_Final\otw_project\OTW_MUSIC_SYSTEM\screenshots\2040306023081216\spotify_not_foreground_screenshot_2040306023081216_20250519_184131217215.png
2025-05-19 18:41:31,402 - Worker-20403060 - PlaylistPlayer.2040306023081216 - WARNING - Spotify no detectado en primer plano después de abrir https://open.spotify.com/track/74XC2E5nQeBCg29WyHzcpi?si=6f836c5416d842b2.
2025-05-19 18:41:31,402 - Worker-20403060 - PlaylistPlayer.2040306023081216 - DEBUG - Capturando pantalla en C:\Users\def\Documents\OTWMusicSystem_Final\OTWMusicSystem_Final\otw_project\OTW_MUSIC_SYSTEM\screenshots\2040306023081216\spotify_not_fg_after_open_74XC2E5nQeBCg29WyHzcpi?si=6f836c5416d842b2_screenshot_2040306023081216_20250519_184131402302.png
2025-05-19 18:41:31,536 - Worker-20403060 - PlaylistPlayer.2040306023081216 - ERROR - Error al capturar pantalla: [Errno 22] Invalid argument: 'C:\\Users\\def\\Documents\\OTWMusicSystem_Final\\OTWMusicSystem_Final\\otw_project\\OTW_MUSIC_SYSTEM\\screenshots\\2040306023081216\\spotify_not_fg_after_open_74XC2E5nQeBCg29WyHzcpi?si=6f836c5416d842b2_screenshot_2040306023081216_20250519_184131402302.png'
2025-05-19 18:41:31,537 - Worker-20403060 - PlaylistPlayer.2040306023081216 - INFO - Pausa antes de reintentar apertura de URL debido a no foreground (4.1s).
2025-05-19 18:41:38,265 - Worker-20403060 - PlaylistPlayer.2040306023081216 - INFO - Intentando abrir URL: https://open.spotify.com/track/74XC2E5nQeBCg29WyHzcpi?si=6f836c5416d842b2 (Intento 2/3)
2025-05-19 18:41:38,265 - Worker-20403060 - PlaylistPlayer.2040306023081216 - DEBUG - Forzando detención de Spotify (com.spotify.music) antes de abrir URL.
2025-05-19 18:41:39,490 - Worker-20403060 - PlaylistPlayer.2040306023081216 - DEBUG - Presionando HOME.
2025-05-19 18:41:41,862 - Worker-20403060 - PlaylistPlayer.2040306023081216 - DEBUG - Ejecutando ADB intent para URL: https://open.spotify.com/track/74XC2E5nQeBCg29WyHzcpi?si=6f836c5416d842b2
2025-05-19 18:41:42,958 - Worker-20403060 - PlaylistPlayer.2040306023081216 - DEBUG - Resultado ADB 'am start': stdout='Starting: Intent { act=android.intent.action.VIEW dat=https://open.spotify.com/... flg=0x10008000 }', stderr=''
2025-05-19 18:41:44,559 - Worker-20403060 - PlaylistPlayer.2040306023081216 - DEBUG - Esperando que la app se abra y estabilice (5-8s)...
2025-05-19 18:41:50,597 - Worker-20403060 - PlaylistPlayer.2040306023081216 - DEBUG - Verificando diálogo 'Abrir con'...
2025-05-19 18:42:39,291 - Worker-20403060 - PlaylistPlayer.2040306023081216 - DEBUG - No se detectó diálogo 'Abrir con' explícito.
2025-05-19 18:42:39,291 - Worker-20403060 - PlaylistPlayer.2040306023081216 - DEBUG - No se manejó el diálogo 'Abrir con' o no apareció.
2025-05-19 18:42:39,291 - Worker-20403060 - PlaylistPlayer.2040306023081216 - DEBUG - Verificando si Spotify está en primer plano...
2025-05-19 18:42:39,291 - Worker-20403060 - PlaylistPlayer.2040306023081216 - DEBUG - Intentando con comando dumpsys (1): adb -s 2040306023081216 shell dumpsys activity top
2025-05-19 18:42:39,959 - Worker-20403060 - PlaylistPlayer.2040306023081216 - WARNING - Spotify NO parece estar en primer plano según dumpsys.
2025-05-19 18:42:39,960 - Worker-20403060 - PlaylistPlayer.2040306023081216 - DEBUG - Capturando pantalla en C:\Users\def\Documents\OTWMusicSystem_Final\OTWMusicSystem_Final\otw_project\OTW_MUSIC_SYSTEM\screenshots\2040306023081216\spotify_not_foreground_screenshot_2040306023081216_20250519_184239960432.png
2025-05-19 18:42:41,720 - Worker-20403060 - PlaylistPlayer.2040306023081216 - INFO - Captura de pantalla guardada: C:\Users\def\Documents\OTWMusicSystem_Final\OTWMusicSystem_Final\otw_project\OTW_MUSIC_SYSTEM\screenshots\2040306023081216\spotify_not_foreground_screenshot_2040306023081216_20250519_184239960432.png
2025-05-19 18:42:41,720 - Worker-20403060 - PlaylistPlayer.2040306023081216 - WARNING - Spotify no detectado en primer plano después de abrir https://open.spotify.com/track/74XC2E5nQeBCg29WyHzcpi?si=6f836c5416d842b2.
2025-05-19 18:42:41,722 - Worker-20403060 - PlaylistPlayer.2040306023081216 - DEBUG - Capturando pantalla en C:\Users\def\Documents\OTWMusicSystem_Final\OTWMusicSystem_Final\otw_project\OTW_MUSIC_SYSTEM\screenshots\2040306023081216\spotify_not_fg_after_open_74XC2E5nQeBCg29WyHzcpi?si=6f836c5416d842b2_screenshot_2040306023081216_20250519_184241721935.png
2025-05-19 18:42:41,863 - Worker-20403060 - PlaylistPlayer.2040306023081216 - ERROR - Error al capturar pantalla: [Errno 22] Invalid argument: 'C:\\Users\\def\\Documents\\OTWMusicSystem_Final\\OTWMusicSystem_Final\\otw_project\\OTW_MUSIC_SYSTEM\\screenshots\\2040306023081216\\spotify_not_fg_after_open_74XC2E5nQeBCg29WyHzcpi?si=6f836c5416d842b2_screenshot_2040306023081216_20250519_184241721935.png'
2025-05-19 18:42:41,863 - Worker-20403060 - PlaylistPlayer.2040306023081216 - INFO - Pausa antes de reintentar apertura de URL debido a no foreground (6.1s).
2025-05-19 18:42:46,485 - Worker-20403060 - PlaylistPlayer.2040306023081216 - INFO - Intentando abrir URL: https://open.spotify.com/track/74XC2E5nQeBCg29WyHzcpi?si=6f836c5416d842b2 (Intento 3/3)
2025-05-19 18:42:46,485 - Worker-20403060 - PlaylistPlayer.2040306023081216 - DEBUG - Forzando detención de Spotify (com.spotify.music) antes de abrir URL.
2025-05-19 18:42:47,727 - Worker-20403060 - PlaylistPlayer.2040306023081216 - DEBUG - Presionando HOME.
2025-05-19 18:42:50,013 - Worker-20403060 - PlaylistPlayer.2040306023081216 - DEBUG - Ejecutando ADB intent para URL: https://open.spotify.com/track/74XC2E5nQeBCg29WyHzcpi?si=6f836c5416d842b2
2025-05-19 18:42:51,741 - Worker-20403060 - PlaylistPlayer.2040306023081216 - DEBUG - Resultado ADB 'am start': stdout='Starting: Intent { act=android.intent.action.VIEW dat=https://open.spotify.com/... flg=0x10008000 }', stderr=''
2025-05-19 18:42:53,918 - Worker-20403060 - PlaylistPlayer.2040306023081216 - DEBUG - Esperando que la app se abra y estabilice (5-8s)...
2025-05-19 18:43:00,883 - Worker-20403060 - PlaylistPlayer.2040306023081216 - DEBUG - Verificando diálogo 'Abrir con'...
2025-05-19 18:43:37,477 - Worker-20403060 - PlaylistPlayer.2040306023081216 - DEBUG - No se detectó diálogo 'Abrir con' explícito.
2025-05-19 18:43:37,477 - Worker-20403060 - PlaylistPlayer.2040306023081216 - DEBUG - No se manejó el diálogo 'Abrir con' o no apareció.
2025-05-19 18:43:37,477 - Worker-20403060 - PlaylistPlayer.2040306023081216 - DEBUG - Verificando si Spotify está en primer plano...
2025-05-19 18:43:37,477 - Worker-20403060 - PlaylistPlayer.2040306023081216 - DEBUG - Intentando con comando dumpsys (1): adb -s 2040306023081216 shell dumpsys activity top
2025-05-19 18:43:42,746 - Worker-20403060 - PlaylistPlayer.2040306023081216 - WARNING - Spotify NO parece estar en primer plano según dumpsys.
2025-05-19 18:43:42,746 - Worker-20403060 - PlaylistPlayer.2040306023081216 - DEBUG - Capturando pantalla en C:\Users\def\Documents\OTWMusicSystem_Final\OTWMusicSystem_Final\otw_project\OTW_MUSIC_SYSTEM\screenshots\2040306023081216\spotify_not_foreground_screenshot_2040306023081216_20250519_184342746469.png
2025-05-19 18:43:43,796 - Worker-20403060 - PlaylistPlayer.2040306023081216 - INFO - Captura de pantalla guardada: C:\Users\def\Documents\OTWMusicSystem_Final\OTWMusicSystem_Final\otw_project\OTW_MUSIC_SYSTEM\screenshots\2040306023081216\spotify_not_foreground_screenshot_2040306023081216_20250519_184342746469.png
2025-05-19 18:43:43,796 - Worker-20403060 - PlaylistPlayer.2040306023081216 - WARNING - Spotify no detectado en primer plano después de abrir https://open.spotify.com/track/74XC2E5nQeBCg29WyHzcpi?si=6f836c5416d842b2.
2025-05-19 18:43:43,796 - Worker-20403060 - PlaylistPlayer.2040306023081216 - DEBUG - Capturando pantalla en C:\Users\def\Documents\OTWMusicSystem_Final\OTWMusicSystem_Final\otw_project\OTW_MUSIC_SYSTEM\screenshots\2040306023081216\spotify_not_fg_after_open_74XC2E5nQeBCg29WyHzcpi?si=6f836c5416d842b2_screenshot_2040306023081216_20250519_184343796105.png
2025-05-19 18:43:43,922 - Worker-20403060 - PlaylistPlayer.2040306023081216 - ERROR - Error al capturar pantalla: [Errno 22] Invalid argument: 'C:\\Users\\def\\Documents\\OTWMusicSystem_Final\\OTWMusicSystem_Final\\otw_project\\OTW_MUSIC_SYSTEM\\screenshots\\2040306023081216\\spotify_not_fg_after_open_74XC2E5nQeBCg29WyHzcpi?si=6f836c5416d842b2_screenshot_2040306023081216_20250519_184343796105.png'
2025-05-19 18:43:43,922 - Worker-20403060 - PlaylistPlayer.2040306023081216 - INFO - Pausa antes de reintentar apertura de URL debido a no foreground (6.9s).
2025-05-19 18:43:47,992 - Worker-20403060 - PlaylistPlayer.2040306023081216 - INFO - Intentando abrir URL: https://open.spotify.com/track/74XC2E5nQeBCg29WyHzcpi?si=6f836c5416d842b2 (Intento 4/3)
2025-05-19 18:43:47,992 - Worker-20403060 - PlaylistPlayer.2040306023081216 - ERROR - Máximos reintentos (3) alcanzados para abrir URL https://open.spotify.com/track/74XC2E5nQeBCg29WyHzcpi?si=6f836c5416d842b2
2025-05-19 18:43:47,993 - Worker-20403060 - PlaylistPlayer.2040306023081216 - DEBUG - Capturando pantalla en C:\Users\def\Documents\OTWMusicSystem_Final\OTWMusicSystem_Final\otw_project\OTW_MUSIC_SYSTEM\screenshots\2040306023081216\open_url_max_retries_fail_74XC2E5nQeBCg29WyHzcpi?si=6f836c5416d842b2_screenshot_2040306023081216_20250519_184347993493.png
2025-05-19 18:43:48,125 - Worker-20403060 - PlaylistPlayer.2040306023081216 - ERROR - Error al capturar pantalla: [Errno 22] Invalid argument: 'C:\\Users\\def\\Documents\\OTWMusicSystem_Final\\OTWMusicSystem_Final\\otw_project\\OTW_MUSIC_SYSTEM\\screenshots\\2040306023081216\\open_url_max_retries_fail_74XC2E5nQeBCg29WyHzcpi?si=6f836c5416d842b2_screenshot_2040306023081216_20250519_184347993493.png'
2025-05-19 18:43:48,125 - Worker-20403060 - PlaylistPlayer.2040306023081216 - ERROR - No se pudo abrir el track https://open.spotify.com/track/74XC2E5nQeBCg29WyHzcpi?si=6f836c5416d842b2. Terminando interacción.
2025-05-19 18:43:48,125 - Worker-20403060 - PlaylistPlayer.2040306023081216 - INFO - Sesión #3 completada. Pausa de 5.3s.
2025-05-19 18:43:53,381 - Worker-20403060 - PlaylistPlayer.2040306023081216 - INFO - --- Iniciando Sesión de Interacción #4 ---
2025-05-19 18:43:53,381 - Worker-20403060 - PlaylistPlayer.2040306023081216 - INFO - Selección: Link (track) -> https://open.spotify.com/track/5jVyl83rotcudoq5kRWtF1?si=34c40e8ca57f4949
2025-05-19 18:43:53,381 - Worker-20403060 - PlaylistPlayer.2040306023081216 - INFO - Iniciando interacción con TRACK: https://open.spotify.com/track/5jVyl83rotcudoq5kRWtF1?si=34c40e8ca57f4949
2025-05-19 18:43:53,381 - Worker-20403060 - PlaylistPlayer.2040306023081216 - INFO - Intentando abrir URL: https://open.spotify.com/track/5jVyl83rotcudoq5kRWtF1?si=34c40e8ca57f4949 (Intento 1/3)
2025-05-19 18:43:53,381 - Worker-20403060 - PlaylistPlayer.2040306023081216 - DEBUG - Forzando detención de Spotify (com.spotify.music) antes de abrir URL.
2025-05-19 18:43:54,347 - Worker-20403060 - PlaylistPlayer.2040306023081216 - DEBUG - Presionando HOME.
2025-05-19 18:43:56,373 - Worker-20403060 - PlaylistPlayer.2040306023081216 - DEBUG - Ejecutando ADB intent para URL: https://open.spotify.com/track/5jVyl83rotcudoq5kRWtF1?si=34c40e8ca57f4949
2025-05-19 18:43:57,652 - Worker-20403060 - PlaylistPlayer.2040306023081216 - DEBUG - Resultado ADB 'am start': stdout='Starting: Intent { act=android.intent.action.VIEW dat=https://open.spotify.com/... flg=0x10008000 }', stderr=''
2025-05-19 18:43:59,959 - Worker-20403060 - PlaylistPlayer.2040306023081216 - DEBUG - Esperando que la app se abra y estabilice (5-8s)...
2025-05-19 18:44:07,950 - Worker-20403060 - PlaylistPlayer.2040306023081216 - DEBUG - Verificando diálogo 'Abrir con'...
2025-05-19 18:44:47,380 - Worker-20403060 - PlaylistPlayer.2040306023081216 - DEBUG - No se detectó diálogo 'Abrir con' explícito.
2025-05-19 18:44:47,381 - Worker-20403060 - PlaylistPlayer.2040306023081216 - DEBUG - No se manejó el diálogo 'Abrir con' o no apareció.
2025-05-19 18:44:47,381 - Worker-20403060 - PlaylistPlayer.2040306023081216 - DEBUG - Verificando si Spotify está en primer plano...
2025-05-19 18:44:47,381 - Worker-20403060 - PlaylistPlayer.2040306023081216 - DEBUG - Intentando con comando dumpsys (1): adb -s 2040306023081216 shell dumpsys activity top
2025-05-19 18:44:51,911 - Worker-20403060 - PlaylistPlayer.2040306023081216 - WARNING - Spotify NO parece estar en primer plano según dumpsys.
2025-05-19 18:44:51,912 - Worker-20403060 - PlaylistPlayer.2040306023081216 - DEBUG - Capturando pantalla en C:\Users\def\Documents\OTWMusicSystem_Final\OTWMusicSystem_Final\otw_project\OTW_MUSIC_SYSTEM\screenshots\2040306023081216\spotify_not_foreground_screenshot_2040306023081216_20250519_184451912311.png
2025-05-19 18:44:53,467 - Worker-20403060 - PlaylistPlayer.2040306023081216 - INFO - Captura de pantalla guardada: C:\Users\def\Documents\OTWMusicSystem_Final\OTWMusicSystem_Final\otw_project\OTW_MUSIC_SYSTEM\screenshots\2040306023081216\spotify_not_foreground_screenshot_2040306023081216_20250519_184451912311.png
2025-05-19 18:44:53,468 - Worker-20403060 - PlaylistPlayer.2040306023081216 - WARNING - Spotify no detectado en primer plano después de abrir https://open.spotify.com/track/5jVyl83rotcudoq5kRWtF1?si=34c40e8ca57f4949.
2025-05-19 18:44:53,469 - Worker-20403060 - PlaylistPlayer.2040306023081216 - DEBUG - Capturando pantalla en C:\Users\def\Documents\OTWMusicSystem_Final\OTWMusicSystem_Final\otw_project\OTW_MUSIC_SYSTEM\screenshots\2040306023081216\spotify_not_fg_after_open_5jVyl83rotcudoq5kRWtF1?si=34c40e8ca57f4949_screenshot_2040306023081216_20250519_184453468837.png
2025-05-19 18:44:53,714 - Worker-20403060 - PlaylistPlayer.2040306023081216 - ERROR - Error al capturar pantalla: [Errno 22] Invalid argument: 'C:\\Users\\def\\Documents\\OTWMusicSystem_Final\\OTWMusicSystem_Final\\otw_project\\OTW_MUSIC_SYSTEM\\screenshots\\2040306023081216\\spotify_not_fg_after_open_5jVyl83rotcudoq5kRWtF1?si=34c40e8ca57f4949_screenshot_2040306023081216_20250519_184453468837.png'
2025-05-19 18:44:53,714 - Worker-20403060 - PlaylistPlayer.2040306023081216 - INFO - Pausa antes de reintentar apertura de URL debido a no foreground (4.5s).
2025-05-19 18:45:00,670 - Worker-20403060 - PlaylistPlayer.2040306023081216 - INFO - Intentando abrir URL: https://open.spotify.com/track/5jVyl83rotcudoq5kRWtF1?si=34c40e8ca57f4949 (Intento 2/3)
2025-05-19 18:45:00,670 - Worker-20403060 - PlaylistPlayer.2040306023081216 - DEBUG - Forzando detención de Spotify (com.spotify.music) antes de abrir URL.
2025-05-19 18:45:01,898 - Worker-20403060 - PlaylistPlayer.2040306023081216 - DEBUG - Presionando HOME.
