2025-05-19 18:55:44,285 - Worker-20403060 - PlaylistPlayer.2040306023081216 - INFO - Worker thread INICIADO. Logs en: C:\Users\def\Documents\OTWMusicSystem_Final\OTWMusicSystem_Final\otw_project\OTW_MUSIC_SYSTEM\logs\2040306023081216\playlist_player_20250519_185544.log
2025-05-19 18:55:44,285 - Worker-20403060 - PlaylistPlayer.2040306023081216 - INFO - Personalidad Creada (SLOW_MODE_FACTOR=1.75): ShortTimeout=13.7s, ActionDelay=[9.8-15.4]s, ShortPause=[21.2-46.7]s, MinTrackT=64s, MaxTrackT=128s, MinContentT=4m, MaxContentT=7m
2025-05-19 18:55:44,286 - Worker-20403060 - PlaylistPlayer.2040306023081216 - INFO - Intentando conectar a uiautomator2 (intento 1/3)...
2025-05-19 18:56:04,533 - Worker-20403060 - PlaylistPlayer.2040306023081216 - INFO - Conectado (Device: Studio_X5_Max, Android: N/A).
2025-05-19 18:56:05,969 - Worker-20403060 - PlaylistPlayer.2040306023081216 - INFO - Spotify (com.spotify.music v9.0.36.484) está instalado.
2025-05-19 18:56:05,969 - Worker-20403060 - PlaylistPlayer.2040306023081216 - INFO - Configuración inicial (kill Spotify y volver a Home).
2025-05-19 18:56:05,969 - Worker-20403060 - PlaylistPlayer.2040306023081216 - WARNING - Advertencia durante configuración inicial: 'Device' object has no attribute 'app_kill'
2025-05-19 18:56:05,970 - Worker-20403060 - PlaylistPlayer.2040306023081216 - DEBUG - Capturando pantalla en C:\Users\def\Documents\OTWMusicSystem_Final\OTWMusicSystem_Final\otw_project\OTW_MUSIC_SYSTEM\screenshots\2040306023081216\initial_setup_warn_screenshot_2040306023081216_20250519_185605969671.png
2025-05-19 18:56:09,726 - Worker-20403060 - PlaylistPlayer.2040306023081216 - INFO - Captura de pantalla guardada: C:\Users\def\Documents\OTWMusicSystem_Final\OTWMusicSystem_Final\otw_project\OTW_MUSIC_SYSTEM\screenshots\2040306023081216\initial_setup_warn_screenshot_2040306023081216_20250519_185605969671.png
2025-05-19 18:56:09,726 - Worker-20403060 - PlaylistPlayer.2040306023081216 - INFO - --- Iniciando Sesión de Interacción #1 ---
2025-05-19 18:56:09,727 - Worker-20403060 - PlaylistPlayer.2040306023081216 - INFO - Selección: Link (track) -> https://open.spotify.com/track/64e9U3DonDMtdEZP4TNss2?si=75fccc7fd07f479a
2025-05-19 18:56:09,727 - Worker-20403060 - PlaylistPlayer.2040306023081216 - INFO - Iniciando interacción con TRACK: https://open.spotify.com/track/64e9U3DonDMtdEZP4TNss2?si=75fccc7fd07f479a
2025-05-19 18:56:09,727 - Worker-20403060 - PlaylistPlayer.2040306023081216 - INFO - Intentando abrir URL: https://open.spotify.com/track/64e9U3DonDMtdEZP4TNss2?si=75fccc7fd07f479a (Intento 1/3)
2025-05-19 18:56:09,727 - Worker-20403060 - PlaylistPlayer.2040306023081216 - DEBUG - Forzando detención de Spotify (com.spotify.music) antes de abrir URL.
2025-05-19 18:56:12,113 - Worker-20403060 - PlaylistPlayer.2040306023081216 - DEBUG - Presionando HOME.
2025-05-19 18:56:15,344 - Worker-20403060 - PlaylistPlayer.2040306023081216 - DEBUG - Ejecutando ADB intent para URL: https://open.spotify.com/track/64e9U3DonDMtdEZP4TNss2?si=75fccc7fd07f479a
2025-05-19 18:56:18,286 - Worker-20403060 - PlaylistPlayer.2040306023081216 - DEBUG - Resultado ADB 'am start': stdout='Starting: Intent { act=android.intent.action.VIEW dat=https://open.spotify.com/... flg=0x10008000 }', stderr=''
2025-05-19 18:56:22,328 - Worker-20403060 - PlaylistPlayer.2040306023081216 - DEBUG - Esperando que la app se abra y estabilice...
2025-05-19 18:56:31,821 - Worker-20403060 - PlaylistPlayer.2040306023081216 - DEBUG - Verificando diálogo 'Abrir con'...
2025-05-19 18:57:30,886 - Worker-20403060 - PlaylistPlayer.2040306023081216 - DEBUG - No se detectó diálogo 'Abrir con' explícito.
2025-05-19 18:57:30,886 - Worker-20403060 - PlaylistPlayer.2040306023081216 - DEBUG - No se manejó el diálogo 'Abrir con' o no apareció.
2025-05-19 18:57:30,886 - Worker-20403060 - PlaylistPlayer.2040306023081216 - DEBUG - Verificando si Spotify está en primer plano...
2025-05-19 18:57:30,886 - Worker-20403060 - PlaylistPlayer.2040306023081216 - DEBUG - Intentando con comando dumpsys (1): adb -s 2040306023081216 shell dumpsys activity top
2025-05-19 18:57:32,082 - Worker-20403060 - PlaylistPlayer.2040306023081216 - WARNING - Spotify NO parece estar en primer plano según dumpsys.
2025-05-19 18:57:32,083 - Worker-20403060 - PlaylistPlayer.2040306023081216 - DEBUG - Capturando pantalla en C:\Users\def\Documents\OTWMusicSystem_Final\OTWMusicSystem_Final\otw_project\OTW_MUSIC_SYSTEM\screenshots\2040306023081216\spotify_not_foreground_screenshot_2040306023081216_20250519_185732082996.png
2025-05-19 18:57:34,888 - Worker-20403060 - PlaylistPlayer.2040306023081216 - INFO - Captura de pantalla guardada: C:\Users\def\Documents\OTWMusicSystem_Final\OTWMusicSystem_Final\otw_project\OTW_MUSIC_SYSTEM\screenshots\2040306023081216\spotify_not_foreground_screenshot_2040306023081216_20250519_185732082996.png
2025-05-19 18:57:34,889 - Worker-20403060 - PlaylistPlayer.2040306023081216 - WARNING - Spotify no detectado en primer plano después de abrir https://open.spotify.com/track/64e9U3DonDMtdEZP4TNss2?si=75fccc7fd07f479a.
2025-05-19 18:57:34,889 - Worker-20403060 - PlaylistPlayer.2040306023081216 - DEBUG - Capturando pantalla en C:\Users\def\Documents\OTWMusicSystem_Final\OTWMusicSystem_Final\otw_project\OTW_MUSIC_SYSTEM\screenshots\2040306023081216\spotify_not_fg_after_open_64e9U3DonDMtdEZP4TNss2?si=75fccc7fd07f479a_screenshot_2040306023081216_20250519_185734889100.png
2025-05-19 18:57:35,209 - Worker-20403060 - PlaylistPlayer.2040306023081216 - ERROR - Error al capturar pantalla: [Errno 22] Invalid argument: 'C:\\Users\\def\\Documents\\OTWMusicSystem_Final\\OTWMusicSystem_Final\\otw_project\\OTW_MUSIC_SYSTEM\\screenshots\\2040306023081216\\spotify_not_fg_after_open_64e9U3DonDMtdEZP4TNss2?si=75fccc7fd07f479a_screenshot_2040306023081216_20250519_185734889100.png'
2025-05-19 18:57:35,209 - Worker-20403060 - PlaylistPlayer.2040306023081216 - INFO - Pausa antes de reintentar apertura de URL debido a no foreground.
2025-05-19 18:57:45,537 - Worker-20403060 - PlaylistPlayer.2040306023081216 - INFO - Intentando abrir URL: https://open.spotify.com/track/64e9U3DonDMtdEZP4TNss2?si=75fccc7fd07f479a (Intento 2/3)
2025-05-19 18:57:45,537 - Worker-20403060 - PlaylistPlayer.2040306023081216 - DEBUG - Forzando detención de Spotify (com.spotify.music) antes de abrir URL.
2025-05-19 18:57:47,005 - Worker-20403060 - PlaylistPlayer.2040306023081216 - DEBUG - Presionando HOME.
2025-05-19 18:57:49,927 - Worker-20403060 - PlaylistPlayer.2040306023081216 - DEBUG - Ejecutando ADB intent para URL: https://open.spotify.com/track/64e9U3DonDMtdEZP4TNss2?si=75fccc7fd07f479a
2025-05-19 18:57:53,020 - Worker-20403060 - PlaylistPlayer.2040306023081216 - DEBUG - Resultado ADB 'am start': stdout='Starting: Intent { act=android.intent.action.VIEW dat=https://open.spotify.com/... flg=0x10008000 }', stderr=''
2025-05-19 18:57:56,861 - Worker-20403060 - PlaylistPlayer.2040306023081216 - DEBUG - Esperando que la app se abra y estabilice...
2025-05-19 18:58:09,625 - Worker-20403060 - PlaylistPlayer.2040306023081216 - DEBUG - Verificando diálogo 'Abrir con'...
2025-05-19 18:58:42,321 - Worker-20403060 - PlaylistPlayer.2040306023081216 - DEBUG - No se detectó diálogo 'Abrir con' explícito.
2025-05-19 18:58:42,321 - Worker-20403060 - PlaylistPlayer.2040306023081216 - DEBUG - No se manejó el diálogo 'Abrir con' o no apareció.
2025-05-19 18:58:42,321 - Worker-20403060 - PlaylistPlayer.2040306023081216 - DEBUG - Verificando si Spotify está en primer plano...
2025-05-19 18:58:42,322 - Worker-20403060 - PlaylistPlayer.2040306023081216 - DEBUG - Intentando con comando dumpsys (1): adb -s 2040306023081216 shell dumpsys activity top
2025-05-19 18:58:45,811 - Worker-20403060 - PlaylistPlayer.2040306023081216 - WARNING - Spotify NO parece estar en primer plano según dumpsys.
2025-05-19 18:58:45,812 - Worker-20403060 - PlaylistPlayer.2040306023081216 - DEBUG - Capturando pantalla en C:\Users\def\Documents\OTWMusicSystem_Final\OTWMusicSystem_Final\otw_project\OTW_MUSIC_SYSTEM\screenshots\2040306023081216\spotify_not_foreground_screenshot_2040306023081216_20250519_185845811623.png
2025-05-19 18:58:47,021 - Worker-20403060 - PlaylistPlayer.2040306023081216 - INFO - Captura de pantalla guardada: C:\Users\def\Documents\OTWMusicSystem_Final\OTWMusicSystem_Final\otw_project\OTW_MUSIC_SYSTEM\screenshots\2040306023081216\spotify_not_foreground_screenshot_2040306023081216_20250519_185845811623.png
2025-05-19 18:58:47,021 - Worker-20403060 - PlaylistPlayer.2040306023081216 - WARNING - Spotify no detectado en primer plano después de abrir https://open.spotify.com/track/64e9U3DonDMtdEZP4TNss2?si=75fccc7fd07f479a.
2025-05-19 18:58:47,023 - Worker-20403060 - PlaylistPlayer.2040306023081216 - DEBUG - Capturando pantalla en C:\Users\def\Documents\OTWMusicSystem_Final\OTWMusicSystem_Final\otw_project\OTW_MUSIC_SYSTEM\screenshots\2040306023081216\spotify_not_fg_after_open_64e9U3DonDMtdEZP4TNss2?si=75fccc7fd07f479a_screenshot_2040306023081216_20250519_185847022467.png
2025-05-19 18:58:47,144 - Worker-20403060 - PlaylistPlayer.2040306023081216 - ERROR - Error al capturar pantalla: [Errno 22] Invalid argument: 'C:\\Users\\def\\Documents\\OTWMusicSystem_Final\\OTWMusicSystem_Final\\otw_project\\OTW_MUSIC_SYSTEM\\screenshots\\2040306023081216\\spotify_not_fg_after_open_64e9U3DonDMtdEZP4TNss2?si=75fccc7fd07f479a_screenshot_2040306023081216_20250519_185847022467.png'
2025-05-19 18:58:47,145 - Worker-20403060 - PlaylistPlayer.2040306023081216 - INFO - Pausa antes de reintentar apertura de URL debido a no foreground.
2025-05-19 18:58:55,549 - Worker-20403060 - PlaylistPlayer.2040306023081216 - INFO - Intentando abrir URL: https://open.spotify.com/track/64e9U3DonDMtdEZP4TNss2?si=75fccc7fd07f479a (Intento 3/3)
2025-05-19 18:58:55,549 - Worker-20403060 - PlaylistPlayer.2040306023081216 - DEBUG - Forzando detención de Spotify (com.spotify.music) antes de abrir URL.
2025-05-19 18:58:57,459 - Worker-20403060 - PlaylistPlayer.2040306023081216 - DEBUG - Presionando HOME.
2025-05-19 18:59:00,342 - Worker-20403060 - PlaylistPlayer.2040306023081216 - DEBUG - Ejecutando ADB intent para URL: https://open.spotify.com/track/64e9U3DonDMtdEZP4TNss2?si=75fccc7fd07f479a
2025-05-19 18:59:02,888 - Worker-20403060 - PlaylistPlayer.2040306023081216 - DEBUG - Resultado ADB 'am start': stdout='Starting: Intent { act=android.intent.action.VIEW dat=https://open.spotify.com/... flg=0x10008000 }', stderr=''
2025-05-19 18:59:06,152 - Worker-20403060 - PlaylistPlayer.2040306023081216 - DEBUG - Esperando que la app se abra y estabilice...
2025-05-19 18:59:18,890 - Worker-20403060 - PlaylistPlayer.2040306023081216 - DEBUG - Verificando diálogo 'Abrir con'...
2025-05-19 18:59:55,578 - Worker-20403060 - PlaylistPlayer.2040306023081216 - DEBUG - No se detectó diálogo 'Abrir con' explícito.
2025-05-19 18:59:55,578 - Worker-20403060 - PlaylistPlayer.2040306023081216 - DEBUG - No se manejó el diálogo 'Abrir con' o no apareció.
2025-05-19 18:59:55,578 - Worker-20403060 - PlaylistPlayer.2040306023081216 - DEBUG - Verificando si Spotify está en primer plano...
2025-05-19 18:59:55,578 - Worker-20403060 - PlaylistPlayer.2040306023081216 - DEBUG - Intentando con comando dumpsys (1): adb -s 2040306023081216 shell dumpsys activity top
2025-05-19 19:00:00,860 - Worker-20403060 - PlaylistPlayer.2040306023081216 - WARNING - Spotify NO parece estar en primer plano según dumpsys.
2025-05-19 19:00:00,862 - Worker-20403060 - PlaylistPlayer.2040306023081216 - DEBUG - Capturando pantalla en C:\Users\def\Documents\OTWMusicSystem_Final\OTWMusicSystem_Final\otw_project\OTW_MUSIC_SYSTEM\screenshots\2040306023081216\spotify_not_foreground_screenshot_2040306023081216_20250519_190000861256.png
2025-05-19 19:00:02,132 - Worker-20403060 - PlaylistPlayer.2040306023081216 - INFO - Captura de pantalla guardada: C:\Users\def\Documents\OTWMusicSystem_Final\OTWMusicSystem_Final\otw_project\OTW_MUSIC_SYSTEM\screenshots\2040306023081216\spotify_not_foreground_screenshot_2040306023081216_20250519_190000861256.png
2025-05-19 19:00:02,133 - Worker-20403060 - PlaylistPlayer.2040306023081216 - WARNING - Spotify no detectado en primer plano después de abrir https://open.spotify.com/track/64e9U3DonDMtdEZP4TNss2?si=75fccc7fd07f479a.
2025-05-19 19:00:02,133 - Worker-20403060 - PlaylistPlayer.2040306023081216 - DEBUG - Capturando pantalla en C:\Users\def\Documents\OTWMusicSystem_Final\OTWMusicSystem_Final\otw_project\OTW_MUSIC_SYSTEM\screenshots\2040306023081216\spotify_not_fg_after_open_64e9U3DonDMtdEZP4TNss2?si=75fccc7fd07f479a_screenshot_2040306023081216_20250519_190002133374.png
2025-05-19 19:00:02,264 - Worker-20403060 - PlaylistPlayer.2040306023081216 - ERROR - Error al capturar pantalla: [Errno 22] Invalid argument: 'C:\\Users\\def\\Documents\\OTWMusicSystem_Final\\OTWMusicSystem_Final\\otw_project\\OTW_MUSIC_SYSTEM\\screenshots\\2040306023081216\\spotify_not_fg_after_open_64e9U3DonDMtdEZP4TNss2?si=75fccc7fd07f479a_screenshot_2040306023081216_20250519_190002133374.png'
2025-05-19 19:00:02,264 - Worker-20403060 - PlaylistPlayer.2040306023081216 - INFO - Pausa antes de reintentar apertura de URL debido a no foreground.
2025-05-19 19:00:11,249 - Worker-20403060 - PlaylistPlayer.2040306023081216 - INFO - Intentando abrir URL: https://open.spotify.com/track/64e9U3DonDMtdEZP4TNss2?si=75fccc7fd07f479a (Intento 4/3)
2025-05-19 19:00:11,249 - Worker-20403060 - PlaylistPlayer.2040306023081216 - ERROR - Máximos reintentos (3) alcanzados para abrir URL https://open.spotify.com/track/64e9U3DonDMtdEZP4TNss2?si=75fccc7fd07f479a
2025-05-19 19:00:11,249 - Worker-20403060 - PlaylistPlayer.2040306023081216 - DEBUG - Capturando pantalla en C:\Users\def\Documents\OTWMusicSystem_Final\OTWMusicSystem_Final\otw_project\OTW_MUSIC_SYSTEM\screenshots\2040306023081216\open_url_max_retries_fail_64e9U3DonDMtdEZP4TNss2?si=75fccc7fd07f479a_screenshot_2040306023081216_20250519_190011249345.png
2025-05-19 19:00:11,352 - Worker-20403060 - PlaylistPlayer.2040306023081216 - ERROR - Error al capturar pantalla: [Errno 22] Invalid argument: 'C:\\Users\\def\\Documents\\OTWMusicSystem_Final\\OTWMusicSystem_Final\\otw_project\\OTW_MUSIC_SYSTEM\\screenshots\\2040306023081216\\open_url_max_retries_fail_64e9U3DonDMtdEZP4TNss2?si=75fccc7fd07f479a_screenshot_2040306023081216_20250519_190011249345.png'
2025-05-19 19:00:11,353 - Worker-20403060 - PlaylistPlayer.2040306023081216 - ERROR - No se pudo abrir el track https://open.spotify.com/track/64e9U3DonDMtdEZP4TNss2?si=75fccc7fd07f479a. Terminando interacción.
2025-05-19 19:00:11,353 - Worker-20403060 - PlaylistPlayer.2040306023081216 - INFO - Sesión #1 completada. Pausa de 28.8s.
