2025-05-19 18:56:06,053 - Worker-20403060 - PlaylistPlayer.2040306023082911 - INFO - Worker thread INICIADO. Logs en: C:\Users\def\Documents\OTWMusicSystem_Final\OTWMusicSystem_Final\otw_project\OTW_MUSIC_SYSTEM\logs\2040306023082911\playlist_player_20250519_185606.log
2025-05-19 18:56:06,053 - Worker-20403060 - PlaylistPlayer.2040306023082911 - INFO - Personalidad Creada (SLOW_MODE_FACTOR=1.75): ShortTimeout=14.7s, ActionDelay=[8.5-13.2]s, ShortPause=[34.9-44.3]s, MinTrackT=56s, MaxTrackT=119s, MinContentT=5m, MaxContentT=9m
2025-05-19 18:56:06,054 - Worker-20403060 - PlaylistPlayer.2040306023082911 - INFO - Intentando conectar a uiautomator2 (intento 1/3)...
2025-05-19 18:56:22,519 - Worker-20403060 - PlaylistPlayer.2040306023082911 - INFO - Conectado (Device: Studio_X5_Max, Android: N/A).
2025-05-19 18:56:22,718 - Worker-20403060 - PlaylistPlayer.2040306023082911 - INFO - Spotify (com.spotify.music v9.0.36.484) está instalado.
2025-05-19 18:56:22,718 - Worker-20403060 - PlaylistPlayer.2040306023082911 - INFO - Configuración inicial (kill Spotify y volver a Home).
2025-05-19 18:56:22,719 - Worker-20403060 - PlaylistPlayer.2040306023082911 - WARNING - Advertencia durante configuración inicial: 'Device' object has no attribute 'app_kill'
2025-05-19 18:56:22,719 - Worker-20403060 - PlaylistPlayer.2040306023082911 - DEBUG - Capturando pantalla en C:\Users\def\Documents\OTWMusicSystem_Final\OTWMusicSystem_Final\otw_project\OTW_MUSIC_SYSTEM\screenshots\2040306023082911\initial_setup_warn_screenshot_2040306023082911_20250519_185622719310.png
2025-05-19 18:56:23,932 - Worker-20403060 - PlaylistPlayer.2040306023082911 - INFO - Captura de pantalla guardada: C:\Users\def\Documents\OTWMusicSystem_Final\OTWMusicSystem_Final\otw_project\OTW_MUSIC_SYSTEM\screenshots\2040306023082911\initial_setup_warn_screenshot_2040306023082911_20250519_185622719310.png
2025-05-19 18:56:23,933 - Worker-20403060 - PlaylistPlayer.2040306023082911 - INFO - --- Iniciando Sesión de Interacción #1 ---
2025-05-19 18:56:23,933 - Worker-20403060 - PlaylistPlayer.2040306023082911 - INFO - Selección: Link (track) -> https://open.spotify.com/track/4s097BVg9TQhmCkqrnZYG2?si=7fbb5ef27032407e
2025-05-19 18:56:23,933 - Worker-20403060 - PlaylistPlayer.2040306023082911 - INFO - Iniciando interacción con TRACK: https://open.spotify.com/track/4s097BVg9TQhmCkqrnZYG2?si=7fbb5ef27032407e
2025-05-19 18:56:23,933 - Worker-20403060 - PlaylistPlayer.2040306023082911 - INFO - Intentando abrir URL: https://open.spotify.com/track/4s097BVg9TQhmCkqrnZYG2?si=7fbb5ef27032407e (Intento 1/3)
2025-05-19 18:56:23,933 - Worker-20403060 - PlaylistPlayer.2040306023082911 - DEBUG - Forzando detención de Spotify (com.spotify.music) antes de abrir URL.
2025-05-19 18:56:25,452 - Worker-20403060 - PlaylistPlayer.2040306023082911 - DEBUG - Presionando HOME.
2025-05-19 18:56:28,172 - Worker-20403060 - PlaylistPlayer.2040306023082911 - DEBUG - Ejecutando ADB intent para URL: https://open.spotify.com/track/4s097BVg9TQhmCkqrnZYG2?si=7fbb5ef27032407e
2025-05-19 18:56:31,845 - Worker-20403060 - PlaylistPlayer.2040306023082911 - DEBUG - Resultado ADB 'am start': stdout='Starting: Intent { act=android.intent.action.VIEW dat=https://open.spotify.com/... flg=0x10008000 }', stderr=''
2025-05-19 18:56:36,154 - Worker-20403060 - PlaylistPlayer.2040306023082911 - DEBUG - Esperando que la app se abra y estabilice...
2025-05-19 18:56:49,760 - Worker-20403060 - PlaylistPlayer.2040306023082911 - DEBUG - Verificando diálogo 'Abrir con'...
2025-05-19 18:57:50,328 - Worker-20403060 - PlaylistPlayer.2040306023082911 - DEBUG - No se detectó diálogo 'Abrir con' explícito.
2025-05-19 18:57:50,328 - Worker-20403060 - PlaylistPlayer.2040306023082911 - DEBUG - No se manejó el diálogo 'Abrir con' o no apareció.
2025-05-19 18:57:50,328 - Worker-20403060 - PlaylistPlayer.2040306023082911 - DEBUG - Verificando si Spotify está en primer plano...
2025-05-19 18:57:50,328 - Worker-20403060 - PlaylistPlayer.2040306023082911 - DEBUG - Intentando con comando dumpsys (1): adb -s 2040306023082911 shell dumpsys activity top
2025-05-19 18:57:55,633 - Worker-20403060 - PlaylistPlayer.2040306023082911 - WARNING - Spotify NO parece estar en primer plano según dumpsys.
2025-05-19 18:57:55,634 - Worker-20403060 - PlaylistPlayer.2040306023082911 - DEBUG - Capturando pantalla en C:\Users\def\Documents\OTWMusicSystem_Final\OTWMusicSystem_Final\otw_project\OTW_MUSIC_SYSTEM\screenshots\2040306023082911\spotify_not_foreground_screenshot_2040306023082911_20250519_185755633808.png
2025-05-19 18:57:56,755 - Worker-20403060 - PlaylistPlayer.2040306023082911 - INFO - Captura de pantalla guardada: C:\Users\def\Documents\OTWMusicSystem_Final\OTWMusicSystem_Final\otw_project\OTW_MUSIC_SYSTEM\screenshots\2040306023082911\spotify_not_foreground_screenshot_2040306023082911_20250519_185755633808.png
2025-05-19 18:57:56,755 - Worker-20403060 - PlaylistPlayer.2040306023082911 - WARNING - Spotify no detectado en primer plano después de abrir https://open.spotify.com/track/4s097BVg9TQhmCkqrnZYG2?si=7fbb5ef27032407e.
2025-05-19 18:57:56,755 - Worker-20403060 - PlaylistPlayer.2040306023082911 - DEBUG - Capturando pantalla en C:\Users\def\Documents\OTWMusicSystem_Final\OTWMusicSystem_Final\otw_project\OTW_MUSIC_SYSTEM\screenshots\2040306023082911\spotify_not_fg_after_open_4s097BVg9TQhmCkqrnZYG2?si=7fbb5ef27032407e_screenshot_2040306023082911_20250519_185756755963.png
2025-05-19 18:57:56,902 - Worker-20403060 - PlaylistPlayer.2040306023082911 - ERROR - Error al capturar pantalla: [Errno 22] Invalid argument: 'C:\\Users\\def\\Documents\\OTWMusicSystem_Final\\OTWMusicSystem_Final\\otw_project\\OTW_MUSIC_SYSTEM\\screenshots\\2040306023082911\\spotify_not_fg_after_open_4s097BVg9TQhmCkqrnZYG2?si=7fbb5ef27032407e_screenshot_2040306023082911_20250519_185756755963.png'
2025-05-19 18:57:56,903 - Worker-20403060 - PlaylistPlayer.2040306023082911 - INFO - Pausa antes de reintentar apertura de URL debido a no foreground.
2025-05-19 18:58:06,674 - Worker-20403060 - PlaylistPlayer.2040306023082911 - INFO - Intentando abrir URL: https://open.spotify.com/track/4s097BVg9TQhmCkqrnZYG2?si=7fbb5ef27032407e (Intento 2/3)
2025-05-19 18:58:06,674 - Worker-20403060 - PlaylistPlayer.2040306023082911 - DEBUG - Forzando detención de Spotify (com.spotify.music) antes de abrir URL.
2025-05-19 18:58:08,680 - Worker-20403060 - PlaylistPlayer.2040306023082911 - DEBUG - Presionando HOME.
2025-05-19 18:58:12,010 - Worker-20403060 - PlaylistPlayer.2040306023082911 - DEBUG - Ejecutando ADB intent para URL: https://open.spotify.com/track/4s097BVg9TQhmCkqrnZYG2?si=7fbb5ef27032407e
2025-05-19 18:58:15,432 - Worker-20403060 - PlaylistPlayer.2040306023082911 - DEBUG - Resultado ADB 'am start': stdout='Starting: Intent { act=android.intent.action.VIEW dat=https://open.spotify.com/... flg=0x10008000 }', stderr=''
2025-05-19 18:58:17,889 - Worker-20403060 - PlaylistPlayer.2040306023082911 - DEBUG - Esperando que la app se abra y estabilice...
2025-05-19 18:58:29,350 - Worker-20403060 - PlaylistPlayer.2040306023082911 - DEBUG - Verificando diálogo 'Abrir con'...
2025-05-19 18:58:59,729 - Worker-20403060 - PlaylistPlayer.2040306023082911 - DEBUG - No se detectó diálogo 'Abrir con' explícito.
2025-05-19 18:58:59,729 - Worker-20403060 - PlaylistPlayer.2040306023082911 - DEBUG - No se manejó el diálogo 'Abrir con' o no apareció.
2025-05-19 18:58:59,729 - Worker-20403060 - PlaylistPlayer.2040306023082911 - DEBUG - Verificando si Spotify está en primer plano...
2025-05-19 18:58:59,729 - Worker-20403060 - PlaylistPlayer.2040306023082911 - DEBUG - Intentando con comando dumpsys (1): adb -s 2040306023082911 shell dumpsys activity top
2025-05-19 18:59:02,033 - Worker-20403060 - PlaylistPlayer.2040306023082911 - WARNING - Spotify NO parece estar en primer plano según dumpsys.
2025-05-19 18:59:02,034 - Worker-20403060 - PlaylistPlayer.2040306023082911 - DEBUG - Capturando pantalla en C:\Users\def\Documents\OTWMusicSystem_Final\OTWMusicSystem_Final\otw_project\OTW_MUSIC_SYSTEM\screenshots\2040306023082911\spotify_not_foreground_screenshot_2040306023082911_20250519_185902033567.png
2025-05-19 18:59:03,312 - Worker-20403060 - PlaylistPlayer.2040306023082911 - INFO - Captura de pantalla guardada: C:\Users\def\Documents\OTWMusicSystem_Final\OTWMusicSystem_Final\otw_project\OTW_MUSIC_SYSTEM\screenshots\2040306023082911\spotify_not_foreground_screenshot_2040306023082911_20250519_185902033567.png
2025-05-19 18:59:03,313 - Worker-20403060 - PlaylistPlayer.2040306023082911 - WARNING - Spotify no detectado en primer plano después de abrir https://open.spotify.com/track/4s097BVg9TQhmCkqrnZYG2?si=7fbb5ef27032407e.
2025-05-19 18:59:03,313 - Worker-20403060 - PlaylistPlayer.2040306023082911 - DEBUG - Capturando pantalla en C:\Users\def\Documents\OTWMusicSystem_Final\OTWMusicSystem_Final\otw_project\OTW_MUSIC_SYSTEM\screenshots\2040306023082911\spotify_not_fg_after_open_4s097BVg9TQhmCkqrnZYG2?si=7fbb5ef27032407e_screenshot_2040306023082911_20250519_185903313283.png
2025-05-19 18:59:03,468 - Worker-20403060 - PlaylistPlayer.2040306023082911 - ERROR - Error al capturar pantalla: [Errno 22] Invalid argument: 'C:\\Users\\def\\Documents\\OTWMusicSystem_Final\\OTWMusicSystem_Final\\otw_project\\OTW_MUSIC_SYSTEM\\screenshots\\2040306023082911\\spotify_not_fg_after_open_4s097BVg9TQhmCkqrnZYG2?si=7fbb5ef27032407e_screenshot_2040306023082911_20250519_185903313283.png'
2025-05-19 18:59:03,468 - Worker-20403060 - PlaylistPlayer.2040306023082911 - INFO - Pausa antes de reintentar apertura de URL debido a no foreground.
2025-05-19 18:59:10,545 - Worker-20403060 - PlaylistPlayer.2040306023082911 - INFO - Intentando abrir URL: https://open.spotify.com/track/4s097BVg9TQhmCkqrnZYG2?si=7fbb5ef27032407e (Intento 3/3)
2025-05-19 18:59:10,545 - Worker-20403060 - PlaylistPlayer.2040306023082911 - DEBUG - Forzando detención de Spotify (com.spotify.music) antes de abrir URL.
2025-05-19 18:59:12,491 - Worker-20403060 - PlaylistPlayer.2040306023082911 - DEBUG - Presionando HOME.
2025-05-19 18:59:15,243 - Worker-20403060 - PlaylistPlayer.2040306023082911 - DEBUG - Ejecutando ADB intent para URL: https://open.spotify.com/track/4s097BVg9TQhmCkqrnZYG2?si=7fbb5ef27032407e
2025-05-19 18:59:18,516 - Worker-20403060 - PlaylistPlayer.2040306023082911 - DEBUG - Resultado ADB 'am start': stdout='Starting: Intent { act=android.intent.action.VIEW dat=https://open.spotify.com/... flg=0x10008000 }', stderr=''
2025-05-19 18:59:22,384 - Worker-20403060 - PlaylistPlayer.2040306023082911 - DEBUG - Esperando que la app se abra y estabilice...
2025-05-19 18:59:33,586 - Worker-20403060 - PlaylistPlayer.2040306023082911 - DEBUG - Verificando diálogo 'Abrir con'...
2025-05-19 19:00:02,596 - Worker-20403060 - PlaylistPlayer.2040306023082911 - DEBUG - No se detectó diálogo 'Abrir con' explícito.
2025-05-19 19:00:02,596 - Worker-20403060 - PlaylistPlayer.2040306023082911 - DEBUG - No se manejó el diálogo 'Abrir con' o no apareció.
2025-05-19 19:00:02,596 - Worker-20403060 - PlaylistPlayer.2040306023082911 - DEBUG - Verificando si Spotify está en primer plano...
2025-05-19 19:00:02,596 - Worker-20403060 - PlaylistPlayer.2040306023082911 - DEBUG - Intentando con comando dumpsys (1): adb -s 2040306023082911 shell dumpsys activity top
2025-05-19 19:00:07,888 - Worker-20403060 - PlaylistPlayer.2040306023082911 - WARNING - Spotify NO parece estar en primer plano según dumpsys.
2025-05-19 19:00:07,889 - Worker-20403060 - PlaylistPlayer.2040306023082911 - DEBUG - Capturando pantalla en C:\Users\def\Documents\OTWMusicSystem_Final\OTWMusicSystem_Final\otw_project\OTW_MUSIC_SYSTEM\screenshots\2040306023082911\spotify_not_foreground_screenshot_2040306023082911_20250519_190007888559.png
2025-05-19 19:00:09,050 - Worker-20403060 - PlaylistPlayer.2040306023082911 - INFO - Captura de pantalla guardada: C:\Users\def\Documents\OTWMusicSystem_Final\OTWMusicSystem_Final\otw_project\OTW_MUSIC_SYSTEM\screenshots\2040306023082911\spotify_not_foreground_screenshot_2040306023082911_20250519_190007888559.png
2025-05-19 19:00:09,050 - Worker-20403060 - PlaylistPlayer.2040306023082911 - WARNING - Spotify no detectado en primer plano después de abrir https://open.spotify.com/track/4s097BVg9TQhmCkqrnZYG2?si=7fbb5ef27032407e.
2025-05-19 19:00:09,051 - Worker-20403060 - PlaylistPlayer.2040306023082911 - DEBUG - Capturando pantalla en C:\Users\def\Documents\OTWMusicSystem_Final\OTWMusicSystem_Final\otw_project\OTW_MUSIC_SYSTEM\screenshots\2040306023082911\spotify_not_fg_after_open_4s097BVg9TQhmCkqrnZYG2?si=7fbb5ef27032407e_screenshot_2040306023082911_20250519_190009050817.png
2025-05-19 19:00:09,167 - Worker-20403060 - PlaylistPlayer.2040306023082911 - ERROR - Error al capturar pantalla: [Errno 22] Invalid argument: 'C:\\Users\\def\\Documents\\OTWMusicSystem_Final\\OTWMusicSystem_Final\\otw_project\\OTW_MUSIC_SYSTEM\\screenshots\\2040306023082911\\spotify_not_fg_after_open_4s097BVg9TQhmCkqrnZYG2?si=7fbb5ef27032407e_screenshot_2040306023082911_20250519_190009050817.png'
2025-05-19 19:00:09,168 - Worker-20403060 - PlaylistPlayer.2040306023082911 - INFO - Pausa antes de reintentar apertura de URL debido a no foreground.
2025-05-19 19:00:17,929 - Worker-20403060 - PlaylistPlayer.2040306023082911 - INFO - Intentando abrir URL: https://open.spotify.com/track/4s097BVg9TQhmCkqrnZYG2?si=7fbb5ef27032407e (Intento 4/3)
2025-05-19 19:00:17,929 - Worker-20403060 - PlaylistPlayer.2040306023082911 - ERROR - Máximos reintentos (3) alcanzados para abrir URL https://open.spotify.com/track/4s097BVg9TQhmCkqrnZYG2?si=7fbb5ef27032407e
2025-05-19 19:00:17,929 - Worker-20403060 - PlaylistPlayer.2040306023082911 - DEBUG - Capturando pantalla en C:\Users\def\Documents\OTWMusicSystem_Final\OTWMusicSystem_Final\otw_project\OTW_MUSIC_SYSTEM\screenshots\2040306023082911\open_url_max_retries_fail_4s097BVg9TQhmCkqrnZYG2?si=7fbb5ef27032407e_screenshot_2040306023082911_20250519_190017929103.png
2025-05-19 19:00:18,051 - Worker-20403060 - PlaylistPlayer.2040306023082911 - ERROR - Error al capturar pantalla: [Errno 22] Invalid argument: 'C:\\Users\\def\\Documents\\OTWMusicSystem_Final\\OTWMusicSystem_Final\\otw_project\\OTW_MUSIC_SYSTEM\\screenshots\\2040306023082911\\open_url_max_retries_fail_4s097BVg9TQhmCkqrnZYG2?si=7fbb5ef27032407e_screenshot_2040306023082911_20250519_190017929103.png'
2025-05-19 19:00:18,051 - Worker-20403060 - PlaylistPlayer.2040306023082911 - ERROR - No se pudo abrir el track https://open.spotify.com/track/4s097BVg9TQhmCkqrnZYG2?si=7fbb5ef27032407e. Terminando interacción.
2025-05-19 19:00:18,051 - Worker-20403060 - PlaylistPlayer.2040306023082911 - INFO - Sesión #1 completada. Pausa de 22.5s.
