2025-05-19 18:34:20,619 - Worker-20403060 - PlaylistPlayer.2040306023082911 - INFO - Worker thread INICIADO. Logs en: C:\Users\def\Documents\OTWMusicSystem_Final\OTWMusicSystem_Final\otw_project\OTW_MUSIC_SYSTEM\logs\2040306023082911\playlist_player_20250519_183420.log
2025-05-19 18:34:20,619 - Worker-20403060 - PlaylistPlayer.2040306023082911 - INFO - Personalidad Creada: FollowP=0.71, SearchP=0.10, MinTrackT=48s, MinContentT=5m
2025-05-19 18:34:20,619 - Worker-20403060 - PlaylistPlayer.2040306023082911 - INFO - Intentando conectar a uiautomator2 (intento 1/3)...
2025-05-19 18:34:33,386 - Worker-20403060 - PlaylistPlayer.2040306023082911 - DEBUG - Conexión u2 establecida preliminarmente.
2025-05-19 18:34:33,767 - Worker-20403060 - PlaylistPlayer.2040306023082911 - INFO - Conectado (Device: Studio_X5_Max, Android: N/A).
2025-05-19 18:34:34,008 - Worker-20403060 - PlaylistPlayer.2040306023082911 - INFO - Spotify (com.spotify.music v9.0.36.484) está instalado.
2025-05-19 18:34:34,009 - Worker-20403060 - PlaylistPlayer.2040306023082911 - INFO - Configuración inicial (kill Spotify y volver a Home).
2025-05-19 18:34:34,009 - Worker-20403060 - PlaylistPlayer.2040306023082911 - WARNING - Advertencia durante configuración inicial: 'Device' object has no attribute 'app_kill'
2025-05-19 18:34:34,009 - Worker-20403060 - PlaylistPlayer.2040306023082911 - DEBUG - Capturando pantalla en C:\Users\def\Documents\OTWMusicSystem_Final\OTWMusicSystem_Final\otw_project\OTW_MUSIC_SYSTEM\screenshots\2040306023082911\initial_setup_warn_screenshot_2040306023082911_20250519_183434009111.png
2025-05-19 18:34:35,411 - Worker-20403060 - PlaylistPlayer.2040306023082911 - INFO - Captura de pantalla guardada: C:\Users\def\Documents\OTWMusicSystem_Final\OTWMusicSystem_Final\otw_project\OTW_MUSIC_SYSTEM\screenshots\2040306023082911\initial_setup_warn_screenshot_2040306023082911_20250519_183434009111.png
2025-05-19 18:34:35,411 - Worker-20403060 - PlaylistPlayer.2040306023082911 - INFO - --- Iniciando Sesión de Interacción #1 ---
2025-05-19 18:34:35,411 - Worker-20403060 - PlaylistPlayer.2040306023082911 - INFO - Selección: Link (track) -> https://open.spotify.com/track/0InF5ggbRknQl84fAdBW06?si=9d7eceffc9fb4a92
2025-05-19 18:34:35,411 - Worker-20403060 - PlaylistPlayer.2040306023082911 - INFO - Iniciando interacción con TRACK: https://open.spotify.com/track/0InF5ggbRknQl84fAdBW06?si=9d7eceffc9fb4a92
2025-05-19 18:34:35,412 - Worker-20403060 - PlaylistPlayer.2040306023082911 - INFO - Intentando abrir URL: https://open.spotify.com/track/0InF5ggbRknQl84fAdBW06?si=9d7eceffc9fb4a92 (Intento 1/3)
2025-05-19 18:34:35,412 - Worker-20403060 - PlaylistPlayer.2040306023082911 - DEBUG - Forzando detención de Spotify (com.spotify.music) antes de abrir URL.
2025-05-19 18:34:36,315 - Worker-20403060 - PlaylistPlayer.2040306023082911 - DEBUG - Presionando HOME.
2025-05-19 18:34:38,462 - Worker-20403060 - PlaylistPlayer.2040306023082911 - DEBUG - Ejecutando ADB intent para URL: https://open.spotify.com/track/0InF5ggbRknQl84fAdBW06?si=9d7eceffc9fb4a92
2025-05-19 18:34:40,106 - Worker-20403060 - PlaylistPlayer.2040306023082911 - DEBUG - Resultado ADB 'am start': stdout='Starting: Intent { act=android.intent.action.VIEW dat=https://open.spotify.com/... flg=0x10008000 }', stderr=''
2025-05-19 18:34:41,864 - Worker-20403060 - PlaylistPlayer.2040306023082911 - DEBUG - Esperando que la app se abra y estabilice (5-8s)...
2025-05-19 18:34:47,606 - Worker-20403060 - PlaylistPlayer.2040306023082911 - DEBUG - Verificando diálogo 'Abrir con'...
2025-05-19 18:35:42,602 - Worker-20403060 - PlaylistPlayer.2040306023082911 - DEBUG - No se detectó diálogo 'Abrir con' explícito.
2025-05-19 18:35:42,602 - Worker-20403060 - PlaylistPlayer.2040306023082911 - DEBUG - No se manejó el diálogo 'Abrir con' o no apareció.
2025-05-19 18:35:42,602 - Worker-20403060 - PlaylistPlayer.2040306023082911 - DEBUG - Verificando si Spotify está en primer plano...
2025-05-19 18:35:42,602 - Worker-20403060 - PlaylistPlayer.2040306023082911 - DEBUG - Intentando con comando dumpsys (1): adb -s 2040306023082911 shell dumpsys activity top
2025-05-19 18:35:43,798 - Worker-20403060 - PlaylistPlayer.2040306023082911 - WARNING - Spotify NO parece estar en primer plano según dumpsys.
2025-05-19 18:35:43,799 - Worker-20403060 - PlaylistPlayer.2040306023082911 - DEBUG - Capturando pantalla en C:\Users\def\Documents\OTWMusicSystem_Final\OTWMusicSystem_Final\otw_project\OTW_MUSIC_SYSTEM\screenshots\2040306023082911\spotify_not_foreground_screenshot_2040306023082911_20250519_183543799420.png
2025-05-19 18:35:46,439 - Worker-20403060 - PlaylistPlayer.2040306023082911 - INFO - Captura de pantalla guardada: C:\Users\def\Documents\OTWMusicSystem_Final\OTWMusicSystem_Final\otw_project\OTW_MUSIC_SYSTEM\screenshots\2040306023082911\spotify_not_foreground_screenshot_2040306023082911_20250519_183543799420.png
2025-05-19 18:35:46,440 - Worker-20403060 - PlaylistPlayer.2040306023082911 - WARNING - Spotify no detectado en primer plano después de abrir https://open.spotify.com/track/0InF5ggbRknQl84fAdBW06?si=9d7eceffc9fb4a92.
2025-05-19 18:35:46,443 - Worker-20403060 - PlaylistPlayer.2040306023082911 - DEBUG - Capturando pantalla en C:\Users\def\Documents\OTWMusicSystem_Final\OTWMusicSystem_Final\otw_project\OTW_MUSIC_SYSTEM\screenshots\2040306023082911\spotify_not_fg_after_open_0InF5ggbRknQl84fAdBW06?si=9d7eceffc9fb4a92_screenshot_2040306023082911_20250519_183546441277.png
2025-05-19 18:35:46,798 - Worker-20403060 - PlaylistPlayer.2040306023082911 - ERROR - Error al capturar pantalla: [Errno 22] Invalid argument: 'C:\\Users\\def\\Documents\\OTWMusicSystem_Final\\OTWMusicSystem_Final\\otw_project\\OTW_MUSIC_SYSTEM\\screenshots\\2040306023082911\\spotify_not_fg_after_open_0InF5ggbRknQl84fAdBW06?si=9d7eceffc9fb4a92_screenshot_2040306023082911_20250519_183546441277.png'
2025-05-19 18:35:46,799 - Worker-20403060 - PlaylistPlayer.2040306023082911 - INFO - Pausa antes de reintentar apertura de URL debido a no foreground (4.7s).
2025-05-19 18:35:51,576 - Worker-20403060 - PlaylistPlayer.2040306023082911 - INFO - Intentando abrir URL: https://open.spotify.com/track/0InF5ggbRknQl84fAdBW06?si=9d7eceffc9fb4a92 (Intento 2/3)
2025-05-19 18:35:51,577 - Worker-20403060 - PlaylistPlayer.2040306023082911 - DEBUG - Forzando detención de Spotify (com.spotify.music) antes de abrir URL.
2025-05-19 18:35:53,217 - Worker-20403060 - PlaylistPlayer.2040306023082911 - DEBUG - Presionando HOME.
2025-05-19 18:35:55,551 - Worker-20403060 - PlaylistPlayer.2040306023082911 - DEBUG - Ejecutando ADB intent para URL: https://open.spotify.com/track/0InF5ggbRknQl84fAdBW06?si=9d7eceffc9fb4a92
2025-05-19 18:35:57,221 - Worker-20403060 - PlaylistPlayer.2040306023082911 - DEBUG - Resultado ADB 'am start': stdout='Starting: Intent { act=android.intent.action.VIEW dat=https://open.spotify.com/... flg=0x10008000 }', stderr=''
2025-05-19 18:35:58,595 - Worker-20403060 - PlaylistPlayer.2040306023082911 - DEBUG - Esperando que la app se abra y estabilice (5-8s)...
2025-05-19 18:36:05,741 - Worker-20403060 - PlaylistPlayer.2040306023082911 - DEBUG - Verificando diálogo 'Abrir con'...
2025-05-19 18:36:49,210 - Worker-20403060 - PlaylistPlayer.2040306023082911 - DEBUG - No se detectó diálogo 'Abrir con' explícito.
2025-05-19 18:36:49,210 - Worker-20403060 - PlaylistPlayer.2040306023082911 - DEBUG - No se manejó el diálogo 'Abrir con' o no apareció.
2025-05-19 18:36:49,210 - Worker-20403060 - PlaylistPlayer.2040306023082911 - DEBUG - Verificando si Spotify está en primer plano...
2025-05-19 18:36:49,211 - Worker-20403060 - PlaylistPlayer.2040306023082911 - DEBUG - Intentando con comando dumpsys (1): adb -s 2040306023082911 shell dumpsys activity top
2025-05-19 18:36:50,724 - Worker-20403060 - PlaylistPlayer.2040306023082911 - WARNING - Spotify NO parece estar en primer plano según dumpsys.
2025-05-19 18:36:50,725 - Worker-20403060 - PlaylistPlayer.2040306023082911 - DEBUG - Capturando pantalla en C:\Users\def\Documents\OTWMusicSystem_Final\OTWMusicSystem_Final\otw_project\OTW_MUSIC_SYSTEM\screenshots\2040306023082911\spotify_not_foreground_screenshot_2040306023082911_20250519_183650724532.png
2025-05-19 18:36:52,163 - Worker-20403060 - PlaylistPlayer.2040306023082911 - INFO - Captura de pantalla guardada: C:\Users\def\Documents\OTWMusicSystem_Final\OTWMusicSystem_Final\otw_project\OTW_MUSIC_SYSTEM\screenshots\2040306023082911\spotify_not_foreground_screenshot_2040306023082911_20250519_183650724532.png
2025-05-19 18:36:52,164 - Worker-20403060 - PlaylistPlayer.2040306023082911 - WARNING - Spotify no detectado en primer plano después de abrir https://open.spotify.com/track/0InF5ggbRknQl84fAdBW06?si=9d7eceffc9fb4a92.
2025-05-19 18:36:52,164 - Worker-20403060 - PlaylistPlayer.2040306023082911 - DEBUG - Capturando pantalla en C:\Users\def\Documents\OTWMusicSystem_Final\OTWMusicSystem_Final\otw_project\OTW_MUSIC_SYSTEM\screenshots\2040306023082911\spotify_not_fg_after_open_0InF5ggbRknQl84fAdBW06?si=9d7eceffc9fb4a92_screenshot_2040306023082911_20250519_183652164416.png
2025-05-19 18:36:52,353 - Worker-20403060 - PlaylistPlayer.2040306023082911 - ERROR - Error al capturar pantalla: [Errno 22] Invalid argument: 'C:\\Users\\def\\Documents\\OTWMusicSystem_Final\\OTWMusicSystem_Final\\otw_project\\OTW_MUSIC_SYSTEM\\screenshots\\2040306023082911\\spotify_not_fg_after_open_0InF5ggbRknQl84fAdBW06?si=9d7eceffc9fb4a92_screenshot_2040306023082911_20250519_183652164416.png'
2025-05-19 18:36:52,354 - Worker-20403060 - PlaylistPlayer.2040306023082911 - INFO - Pausa antes de reintentar apertura de URL debido a no foreground (4.6s).
2025-05-19 18:36:57,224 - Worker-20403060 - PlaylistPlayer.2040306023082911 - INFO - Intentando abrir URL: https://open.spotify.com/track/0InF5ggbRknQl84fAdBW06?si=9d7eceffc9fb4a92 (Intento 3/3)
2025-05-19 18:36:57,224 - Worker-20403060 - PlaylistPlayer.2040306023082911 - DEBUG - Forzando detención de Spotify (com.spotify.music) antes de abrir URL.
2025-05-19 18:36:58,389 - Worker-20403060 - PlaylistPlayer.2040306023082911 - DEBUG - Presionando HOME.
2025-05-19 18:37:00,659 - Worker-20403060 - PlaylistPlayer.2040306023082911 - DEBUG - Ejecutando ADB intent para URL: https://open.spotify.com/track/0InF5ggbRknQl84fAdBW06?si=9d7eceffc9fb4a92
2025-05-19 18:37:02,449 - Worker-20403060 - PlaylistPlayer.2040306023082911 - DEBUG - Resultado ADB 'am start': stdout='Starting: Intent { act=android.intent.action.VIEW dat=https://open.spotify.com/... flg=0x10008000 }', stderr=''
2025-05-19 18:37:04,195 - Worker-20403060 - PlaylistPlayer.2040306023082911 - DEBUG - Esperando que la app se abra y estabilice (5-8s)...
2025-05-19 18:37:10,875 - Worker-20403060 - PlaylistPlayer.2040306023082911 - DEBUG - Verificando diálogo 'Abrir con'...
2025-05-19 18:37:57,178 - Worker-20403060 - PlaylistPlayer.2040306023082911 - DEBUG - No se detectó diálogo 'Abrir con' explícito.
2025-05-19 18:37:57,179 - Worker-20403060 - PlaylistPlayer.2040306023082911 - DEBUG - No se manejó el diálogo 'Abrir con' o no apareció.
2025-05-19 18:37:57,179 - Worker-20403060 - PlaylistPlayer.2040306023082911 - DEBUG - Verificando si Spotify está en primer plano...
2025-05-19 18:37:57,179 - Worker-20403060 - PlaylistPlayer.2040306023082911 - DEBUG - Intentando con comando dumpsys (1): adb -s 2040306023082911 shell dumpsys activity top
2025-05-19 18:38:02,555 - Worker-20403060 - PlaylistPlayer.2040306023082911 - WARNING - Spotify NO parece estar en primer plano según dumpsys.
2025-05-19 18:38:02,555 - Worker-20403060 - PlaylistPlayer.2040306023082911 - DEBUG - Capturando pantalla en C:\Users\def\Documents\OTWMusicSystem_Final\OTWMusicSystem_Final\otw_project\OTW_MUSIC_SYSTEM\screenshots\2040306023082911\spotify_not_foreground_screenshot_2040306023082911_20250519_183802555205.png
2025-05-19 18:38:03,829 - Worker-20403060 - PlaylistPlayer.2040306023082911 - INFO - Captura de pantalla guardada: C:\Users\def\Documents\OTWMusicSystem_Final\OTWMusicSystem_Final\otw_project\OTW_MUSIC_SYSTEM\screenshots\2040306023082911\spotify_not_foreground_screenshot_2040306023082911_20250519_183802555205.png
2025-05-19 18:38:03,829 - Worker-20403060 - PlaylistPlayer.2040306023082911 - WARNING - Spotify no detectado en primer plano después de abrir https://open.spotify.com/track/0InF5ggbRknQl84fAdBW06?si=9d7eceffc9fb4a92.
2025-05-19 18:38:03,830 - Worker-20403060 - PlaylistPlayer.2040306023082911 - DEBUG - Capturando pantalla en C:\Users\def\Documents\OTWMusicSystem_Final\OTWMusicSystem_Final\otw_project\OTW_MUSIC_SYSTEM\screenshots\2040306023082911\spotify_not_fg_after_open_0InF5ggbRknQl84fAdBW06?si=9d7eceffc9fb4a92_screenshot_2040306023082911_20250519_183803829518.png
2025-05-19 18:38:03,942 - Worker-20403060 - PlaylistPlayer.2040306023082911 - ERROR - Error al capturar pantalla: [Errno 22] Invalid argument: 'C:\\Users\\def\\Documents\\OTWMusicSystem_Final\\OTWMusicSystem_Final\\otw_project\\OTW_MUSIC_SYSTEM\\screenshots\\2040306023082911\\spotify_not_fg_after_open_0InF5ggbRknQl84fAdBW06?si=9d7eceffc9fb4a92_screenshot_2040306023082911_20250519_183803829518.png'
2025-05-19 18:38:03,943 - Worker-20403060 - PlaylistPlayer.2040306023082911 - INFO - Pausa antes de reintentar apertura de URL debido a no foreground (4.8s).
2025-05-19 18:38:09,143 - Worker-20403060 - PlaylistPlayer.2040306023082911 - INFO - Intentando abrir URL: https://open.spotify.com/track/0InF5ggbRknQl84fAdBW06?si=9d7eceffc9fb4a92 (Intento 4/3)
2025-05-19 18:38:09,143 - Worker-20403060 - PlaylistPlayer.2040306023082911 - ERROR - Máximos reintentos (3) alcanzados para abrir URL https://open.spotify.com/track/0InF5ggbRknQl84fAdBW06?si=9d7eceffc9fb4a92
2025-05-19 18:38:09,144 - Worker-20403060 - PlaylistPlayer.2040306023082911 - DEBUG - Capturando pantalla en C:\Users\def\Documents\OTWMusicSystem_Final\OTWMusicSystem_Final\otw_project\OTW_MUSIC_SYSTEM\screenshots\2040306023082911\open_url_max_retries_fail_0InF5ggbRknQl84fAdBW06?si=9d7eceffc9fb4a92_screenshot_2040306023082911_20250519_183809143619.png
2025-05-19 18:38:09,271 - Worker-20403060 - PlaylistPlayer.2040306023082911 - ERROR - Error al capturar pantalla: [Errno 22] Invalid argument: 'C:\\Users\\def\\Documents\\OTWMusicSystem_Final\\OTWMusicSystem_Final\\otw_project\\OTW_MUSIC_SYSTEM\\screenshots\\2040306023082911\\open_url_max_retries_fail_0InF5ggbRknQl84fAdBW06?si=9d7eceffc9fb4a92_screenshot_2040306023082911_20250519_183809143619.png'
2025-05-19 18:38:09,271 - Worker-20403060 - PlaylistPlayer.2040306023082911 - ERROR - No se pudo abrir el track https://open.spotify.com/track/0InF5ggbRknQl84fAdBW06?si=9d7eceffc9fb4a92. Terminando interacción.
2025-05-19 18:38:09,271 - Worker-20403060 - PlaylistPlayer.2040306023082911 - INFO - Sesión #1 completada. Pausa de 8.5s.
2025-05-19 18:38:17,814 - Worker-20403060 - PlaylistPlayer.2040306023082911 - INFO - --- Iniciando Sesión de Interacción #2 ---
2025-05-19 18:38:17,814 - Worker-20403060 - PlaylistPlayer.2040306023082911 - INFO - Selección: Artista Clave -> https://open.spotify.com/artist/3o9yGahQLPpDLMI6dABpIr
2025-05-19 18:38:17,814 - Worker-20403060 - PlaylistPlayer.2040306023082911 - INFO - Iniciando interacción con ARTISTA: https://open.spotify.com/artist/3o9yGahQLPpDLMI6dABpIr (KEY ARTIST)
2025-05-19 18:38:17,815 - Worker-20403060 - PlaylistPlayer.2040306023082911 - INFO - Intentando abrir URL: https://open.spotify.com/artist/3o9yGahQLPpDLMI6dABpIr (Intento 1/3)
2025-05-19 18:38:17,815 - Worker-20403060 - PlaylistPlayer.2040306023082911 - DEBUG - Forzando detención de Spotify (com.spotify.music) antes de abrir URL.
2025-05-19 18:38:19,023 - Worker-20403060 - PlaylistPlayer.2040306023082911 - DEBUG - Presionando HOME.
2025-05-19 18:38:21,217 - Worker-20403060 - PlaylistPlayer.2040306023082911 - DEBUG - Ejecutando ADB intent para URL: https://open.spotify.com/artist/3o9yGahQLPpDLMI6dABpIr
2025-05-19 18:38:22,676 - Worker-20403060 - PlaylistPlayer.2040306023082911 - DEBUG - Resultado ADB 'am start': stdout='Starting: Intent { act=android.intent.action.VIEW dat=https://open.spotify.com/... flg=0x10008000 }', stderr=''
2025-05-19 18:38:23,965 - Worker-20403060 - PlaylistPlayer.2040306023082911 - DEBUG - Esperando que la app se abra y estabilice (5-8s)...
2025-05-19 18:38:31,950 - Worker-20403060 - PlaylistPlayer.2040306023082911 - DEBUG - Verificando diálogo 'Abrir con'...
2025-05-19 18:38:53,680 - Worker-20403060 - PlaylistPlayer.2040306023082911 - DEBUG - No se detectó diálogo 'Abrir con' explícito.
2025-05-19 18:38:53,680 - Worker-20403060 - PlaylistPlayer.2040306023082911 - DEBUG - No se manejó el diálogo 'Abrir con' o no apareció.
2025-05-19 18:38:53,680 - Worker-20403060 - PlaylistPlayer.2040306023082911 - DEBUG - Verificando si Spotify está en primer plano...
2025-05-19 18:38:53,681 - Worker-20403060 - PlaylistPlayer.2040306023082911 - DEBUG - Intentando con comando dumpsys (1): adb -s 2040306023082911 shell dumpsys activity top
2025-05-19 18:38:55,135 - Worker-20403060 - PlaylistPlayer.2040306023082911 - WARNING - Spotify NO parece estar en primer plano según dumpsys.
2025-05-19 18:38:55,136 - Worker-20403060 - PlaylistPlayer.2040306023082911 - DEBUG - Capturando pantalla en C:\Users\def\Documents\OTWMusicSystem_Final\OTWMusicSystem_Final\otw_project\OTW_MUSIC_SYSTEM\screenshots\2040306023082911\spotify_not_foreground_screenshot_2040306023082911_20250519_183855135514.png
2025-05-19 18:38:55,457 - Worker-20403060 - PlaylistPlayer.2040306023082911 - INFO - Captura de pantalla guardada: C:\Users\def\Documents\OTWMusicSystem_Final\OTWMusicSystem_Final\otw_project\OTW_MUSIC_SYSTEM\screenshots\2040306023082911\spotify_not_foreground_screenshot_2040306023082911_20250519_183855135514.png
2025-05-19 18:38:55,457 - Worker-20403060 - PlaylistPlayer.2040306023082911 - WARNING - Spotify no detectado en primer plano después de abrir https://open.spotify.com/artist/3o9yGahQLPpDLMI6dABpIr.
2025-05-19 18:38:55,458 - Worker-20403060 - PlaylistPlayer.2040306023082911 - DEBUG - Capturando pantalla en C:\Users\def\Documents\OTWMusicSystem_Final\OTWMusicSystem_Final\otw_project\OTW_MUSIC_SYSTEM\screenshots\2040306023082911\spotify_not_fg_after_open_3o9yGahQLPpDLMI6dABpIr_screenshot_2040306023082911_20250519_183855457842.png
2025-05-19 18:38:56,011 - Worker-20403060 - PlaylistPlayer.2040306023082911 - INFO - Captura de pantalla guardada: C:\Users\def\Documents\OTWMusicSystem_Final\OTWMusicSystem_Final\otw_project\OTW_MUSIC_SYSTEM\screenshots\2040306023082911\spotify_not_fg_after_open_3o9yGahQLPpDLMI6dABpIr_screenshot_2040306023082911_20250519_183855457842.png
2025-05-19 18:38:56,011 - Worker-20403060 - PlaylistPlayer.2040306023082911 - INFO - Pausa antes de reintentar apertura de URL debido a no foreground (4.1s).
2025-05-19 18:39:02,266 - Worker-20403060 - PlaylistPlayer.2040306023082911 - INFO - Intentando abrir URL: https://open.spotify.com/artist/3o9yGahQLPpDLMI6dABpIr (Intento 2/3)
2025-05-19 18:39:02,266 - Worker-20403060 - PlaylistPlayer.2040306023082911 - DEBUG - Forzando detención de Spotify (com.spotify.music) antes de abrir URL.
2025-05-19 18:39:04,328 - Worker-20403060 - PlaylistPlayer.2040306023082911 - DEBUG - Presionando HOME.
2025-05-19 18:39:06,396 - Worker-20403060 - PlaylistPlayer.2040306023082911 - DEBUG - Ejecutando ADB intent para URL: https://open.spotify.com/artist/3o9yGahQLPpDLMI6dABpIr
2025-05-19 18:39:07,636 - Worker-20403060 - PlaylistPlayer.2040306023082911 - DEBUG - Resultado ADB 'am start': stdout='Starting: Intent { act=android.intent.action.VIEW dat=https://open.spotify.com/... flg=0x10008000 }', stderr=''
2025-05-19 18:39:09,491 - Worker-20403060 - PlaylistPlayer.2040306023082911 - DEBUG - Esperando que la app se abra y estabilice (5-8s)...
2025-05-19 18:39:17,037 - Worker-20403060 - PlaylistPlayer.2040306023082911 - DEBUG - Verificando diálogo 'Abrir con'...
2025-05-19 18:39:37,861 - Worker-20403060 - PlaylistPlayer.2040306023082911 - DEBUG - No se detectó diálogo 'Abrir con' explícito.
2025-05-19 18:39:37,862 - Worker-20403060 - PlaylistPlayer.2040306023082911 - DEBUG - No se manejó el diálogo 'Abrir con' o no apareció.
2025-05-19 18:39:37,862 - Worker-20403060 - PlaylistPlayer.2040306023082911 - DEBUG - Verificando si Spotify está en primer plano...
2025-05-19 18:39:37,862 - Worker-20403060 - PlaylistPlayer.2040306023082911 - DEBUG - Intentando con comando dumpsys (1): adb -s 2040306023082911 shell dumpsys activity top
2025-05-19 18:39:39,149 - Worker-20403060 - PlaylistPlayer.2040306023082911 - WARNING - Spotify NO parece estar en primer plano según dumpsys.
2025-05-19 18:39:39,150 - Worker-20403060 - PlaylistPlayer.2040306023082911 - DEBUG - Capturando pantalla en C:\Users\def\Documents\OTWMusicSystem_Final\OTWMusicSystem_Final\otw_project\OTW_MUSIC_SYSTEM\screenshots\2040306023082911\spotify_not_foreground_screenshot_2040306023082911_20250519_183939149999.png
2025-05-19 18:39:39,769 - Worker-20403060 - PlaylistPlayer.2040306023082911 - INFO - Captura de pantalla guardada: C:\Users\def\Documents\OTWMusicSystem_Final\OTWMusicSystem_Final\otw_project\OTW_MUSIC_SYSTEM\screenshots\2040306023082911\spotify_not_foreground_screenshot_2040306023082911_20250519_183939149999.png
2025-05-19 18:39:39,770 - Worker-20403060 - PlaylistPlayer.2040306023082911 - WARNING - Spotify no detectado en primer plano después de abrir https://open.spotify.com/artist/3o9yGahQLPpDLMI6dABpIr.
2025-05-19 18:39:39,770 - Worker-20403060 - PlaylistPlayer.2040306023082911 - DEBUG - Capturando pantalla en C:\Users\def\Documents\OTWMusicSystem_Final\OTWMusicSystem_Final\otw_project\OTW_MUSIC_SYSTEM\screenshots\2040306023082911\spotify_not_fg_after_open_3o9yGahQLPpDLMI6dABpIr_screenshot_2040306023082911_20250519_183939770362.png
2025-05-19 18:39:40,223 - Worker-20403060 - PlaylistPlayer.2040306023082911 - INFO - Captura de pantalla guardada: C:\Users\def\Documents\OTWMusicSystem_Final\OTWMusicSystem_Final\otw_project\OTW_MUSIC_SYSTEM\screenshots\2040306023082911\spotify_not_fg_after_open_3o9yGahQLPpDLMI6dABpIr_screenshot_2040306023082911_20250519_183939770362.png
2025-05-19 18:39:40,223 - Worker-20403060 - PlaylistPlayer.2040306023082911 - INFO - Pausa antes de reintentar apertura de URL debido a no foreground (6.3s).
2025-05-19 18:39:45,079 - Worker-20403060 - PlaylistPlayer.2040306023082911 - INFO - Intentando abrir URL: https://open.spotify.com/artist/3o9yGahQLPpDLMI6dABpIr (Intento 3/3)
2025-05-19 18:39:45,079 - Worker-20403060 - PlaylistPlayer.2040306023082911 - DEBUG - Forzando detención de Spotify (com.spotify.music) antes de abrir URL.
2025-05-19 18:39:46,515 - Worker-20403060 - PlaylistPlayer.2040306023082911 - DEBUG - Presionando HOME.
2025-05-19 18:39:48,816 - Worker-20403060 - PlaylistPlayer.2040306023082911 - DEBUG - Ejecutando ADB intent para URL: https://open.spotify.com/artist/3o9yGahQLPpDLMI6dABpIr
2025-05-19 18:39:49,981 - Worker-20403060 - PlaylistPlayer.2040306023082911 - DEBUG - Resultado ADB 'am start': stdout='Starting: Intent { act=android.intent.action.VIEW dat=https://open.spotify.com/... flg=0x10008000 }', stderr=''
2025-05-19 18:39:51,548 - Worker-20403060 - PlaylistPlayer.2040306023082911 - DEBUG - Esperando que la app se abra y estabilice (5-8s)...
2025-05-19 18:39:57,358 - Worker-20403060 - PlaylistPlayer.2040306023082911 - DEBUG - Verificando diálogo 'Abrir con'...
2025-05-19 18:40:11,841 - Worker-20403060 - PlaylistPlayer.2040306023082911 - DEBUG - No se detectó diálogo 'Abrir con' explícito.
2025-05-19 18:40:11,841 - Worker-20403060 - PlaylistPlayer.2040306023082911 - DEBUG - No se manejó el diálogo 'Abrir con' o no apareció.
2025-05-19 18:40:11,841 - Worker-20403060 - PlaylistPlayer.2040306023082911 - DEBUG - Verificando si Spotify está en primer plano...
2025-05-19 18:40:11,841 - Worker-20403060 - PlaylistPlayer.2040306023082911 - DEBUG - Intentando con comando dumpsys (1): adb -s 2040306023082911 shell dumpsys activity top
2025-05-19 18:40:13,079 - Worker-20403060 - PlaylistPlayer.2040306023082911 - WARNING - Spotify NO parece estar en primer plano según dumpsys.
2025-05-19 18:40:13,080 - Worker-20403060 - PlaylistPlayer.2040306023082911 - DEBUG - Capturando pantalla en C:\Users\def\Documents\OTWMusicSystem_Final\OTWMusicSystem_Final\otw_project\OTW_MUSIC_SYSTEM\screenshots\2040306023082911\spotify_not_foreground_screenshot_2040306023082911_20250519_184013079638.png
2025-05-19 18:40:13,462 - Worker-20403060 - PlaylistPlayer.2040306023082911 - INFO - Captura de pantalla guardada: C:\Users\def\Documents\OTWMusicSystem_Final\OTWMusicSystem_Final\otw_project\OTW_MUSIC_SYSTEM\screenshots\2040306023082911\spotify_not_foreground_screenshot_2040306023082911_20250519_184013079638.png
2025-05-19 18:40:13,462 - Worker-20403060 - PlaylistPlayer.2040306023082911 - WARNING - Spotify no detectado en primer plano después de abrir https://open.spotify.com/artist/3o9yGahQLPpDLMI6dABpIr.
2025-05-19 18:40:13,462 - Worker-20403060 - PlaylistPlayer.2040306023082911 - DEBUG - Capturando pantalla en C:\Users\def\Documents\OTWMusicSystem_Final\OTWMusicSystem_Final\otw_project\OTW_MUSIC_SYSTEM\screenshots\2040306023082911\spotify_not_fg_after_open_3o9yGahQLPpDLMI6dABpIr_screenshot_2040306023082911_20250519_184013462194.png
2025-05-19 18:40:13,855 - Worker-20403060 - PlaylistPlayer.2040306023082911 - INFO - Captura de pantalla guardada: C:\Users\def\Documents\OTWMusicSystem_Final\OTWMusicSystem_Final\otw_project\OTW_MUSIC_SYSTEM\screenshots\2040306023082911\spotify_not_fg_after_open_3o9yGahQLPpDLMI6dABpIr_screenshot_2040306023082911_20250519_184013462194.png
2025-05-19 18:40:13,856 - Worker-20403060 - PlaylistPlayer.2040306023082911 - INFO - Pausa antes de reintentar apertura de URL debido a no foreground (6.8s).
2025-05-19 18:40:20,846 - Worker-20403060 - PlaylistPlayer.2040306023082911 - INFO - Intentando abrir URL: https://open.spotify.com/artist/3o9yGahQLPpDLMI6dABpIr (Intento 4/3)
2025-05-19 18:40:20,846 - Worker-20403060 - PlaylistPlayer.2040306023082911 - ERROR - Máximos reintentos (3) alcanzados para abrir URL https://open.spotify.com/artist/3o9yGahQLPpDLMI6dABpIr
2025-05-19 18:40:20,846 - Worker-20403060 - PlaylistPlayer.2040306023082911 - DEBUG - Capturando pantalla en C:\Users\def\Documents\OTWMusicSystem_Final\OTWMusicSystem_Final\otw_project\OTW_MUSIC_SYSTEM\screenshots\2040306023082911\open_url_max_retries_fail_3o9yGahQLPpDLMI6dABpIr_screenshot_2040306023082911_20250519_184020846504.png
2025-05-19 18:40:21,203 - Worker-20403060 - PlaylistPlayer.2040306023082911 - INFO - Captura de pantalla guardada: C:\Users\def\Documents\OTWMusicSystem_Final\OTWMusicSystem_Final\otw_project\OTW_MUSIC_SYSTEM\screenshots\2040306023082911\open_url_max_retries_fail_3o9yGahQLPpDLMI6dABpIr_screenshot_2040306023082911_20250519_184020846504.png
2025-05-19 18:40:21,203 - Worker-20403060 - PlaylistPlayer.2040306023082911 - ERROR - No se pudo abrir la página del artista https://open.spotify.com/artist/3o9yGahQLPpDLMI6dABpIr. Terminando interacción.
2025-05-19 18:40:21,204 - Worker-20403060 - PlaylistPlayer.2040306023082911 - INFO - Sesión #2 completada. Pausa de 8.4s.
2025-05-19 18:40:29,572 - Worker-20403060 - PlaylistPlayer.2040306023082911 - INFO - --- Iniciando Sesión de Interacción #3 ---
2025-05-19 18:40:29,572 - Worker-20403060 - PlaylistPlayer.2040306023082911 - INFO - Selección: Link (track) -> https://open.spotify.com/track/6VXwwWfz1IYRyDbJtJurI6?si=52adb63b9c304514
2025-05-19 18:40:29,572 - Worker-20403060 - PlaylistPlayer.2040306023082911 - INFO - Iniciando interacción con TRACK: https://open.spotify.com/track/6VXwwWfz1IYRyDbJtJurI6?si=52adb63b9c304514
2025-05-19 18:40:29,572 - Worker-20403060 - PlaylistPlayer.2040306023082911 - INFO - Intentando abrir URL: https://open.spotify.com/track/6VXwwWfz1IYRyDbJtJurI6?si=52adb63b9c304514 (Intento 1/3)
2025-05-19 18:40:29,572 - Worker-20403060 - PlaylistPlayer.2040306023082911 - DEBUG - Forzando detención de Spotify (com.spotify.music) antes de abrir URL.
2025-05-19 18:40:30,847 - Worker-20403060 - PlaylistPlayer.2040306023082911 - DEBUG - Presionando HOME.
2025-05-19 18:40:32,710 - Worker-20403060 - PlaylistPlayer.2040306023082911 - DEBUG - Ejecutando ADB intent para URL: https://open.spotify.com/track/6VXwwWfz1IYRyDbJtJurI6?si=52adb63b9c304514
2025-05-19 18:40:34,622 - Worker-20403060 - PlaylistPlayer.2040306023082911 - DEBUG - Resultado ADB 'am start': stdout='Starting: Intent { act=android.intent.action.VIEW dat=https://open.spotify.com/... flg=0x10008000 }', stderr=''
2025-05-19 18:40:36,318 - Worker-20403060 - PlaylistPlayer.2040306023082911 - DEBUG - Esperando que la app se abra y estabilice (5-8s)...
2025-05-19 18:40:44,099 - Worker-20403060 - PlaylistPlayer.2040306023082911 - DEBUG - Verificando diálogo 'Abrir con'...
2025-05-19 18:41:54,780 - Worker-20403060 - PlaylistPlayer.2040306023082911 - DEBUG - No se detectó diálogo 'Abrir con' explícito.
2025-05-19 18:41:54,781 - Worker-20403060 - PlaylistPlayer.2040306023082911 - DEBUG - No se manejó el diálogo 'Abrir con' o no apareció.
2025-05-19 18:41:54,781 - Worker-20403060 - PlaylistPlayer.2040306023082911 - DEBUG - Verificando si Spotify está en primer plano...
2025-05-19 18:41:54,781 - Worker-20403060 - PlaylistPlayer.2040306023082911 - DEBUG - Intentando con comando dumpsys (1): adb -s 2040306023082911 shell dumpsys activity top
2025-05-19 18:41:56,247 - Worker-20403060 - PlaylistPlayer.2040306023082911 - WARNING - Spotify NO parece estar en primer plano según dumpsys.
2025-05-19 18:41:56,248 - Worker-20403060 - PlaylistPlayer.2040306023082911 - DEBUG - Capturando pantalla en C:\Users\def\Documents\OTWMusicSystem_Final\OTWMusicSystem_Final\otw_project\OTW_MUSIC_SYSTEM\screenshots\2040306023082911\spotify_not_foreground_screenshot_2040306023082911_20250519_184156247705.png
2025-05-19 18:41:58,645 - Worker-20403060 - PlaylistPlayer.2040306023082911 - INFO - Captura de pantalla guardada: C:\Users\def\Documents\OTWMusicSystem_Final\OTWMusicSystem_Final\otw_project\OTW_MUSIC_SYSTEM\screenshots\2040306023082911\spotify_not_foreground_screenshot_2040306023082911_20250519_184156247705.png
2025-05-19 18:41:58,645 - Worker-20403060 - PlaylistPlayer.2040306023082911 - WARNING - Spotify no detectado en primer plano después de abrir https://open.spotify.com/track/6VXwwWfz1IYRyDbJtJurI6?si=52adb63b9c304514.
2025-05-19 18:41:58,645 - Worker-20403060 - PlaylistPlayer.2040306023082911 - DEBUG - Capturando pantalla en C:\Users\def\Documents\OTWMusicSystem_Final\OTWMusicSystem_Final\otw_project\OTW_MUSIC_SYSTEM\screenshots\2040306023082911\spotify_not_fg_after_open_6VXwwWfz1IYRyDbJtJurI6?si=52adb63b9c304514_screenshot_2040306023082911_20250519_184158645403.png
2025-05-19 18:41:58,930 - Worker-20403060 - PlaylistPlayer.2040306023082911 - ERROR - Error al capturar pantalla: [Errno 22] Invalid argument: 'C:\\Users\\def\\Documents\\OTWMusicSystem_Final\\OTWMusicSystem_Final\\otw_project\\OTW_MUSIC_SYSTEM\\screenshots\\2040306023082911\\spotify_not_fg_after_open_6VXwwWfz1IYRyDbJtJurI6?si=52adb63b9c304514_screenshot_2040306023082911_20250519_184158645403.png'
2025-05-19 18:41:58,931 - Worker-20403060 - PlaylistPlayer.2040306023082911 - INFO - Pausa antes de reintentar apertura de URL debido a no foreground (7.0s).
2025-05-19 18:42:05,864 - Worker-20403060 - PlaylistPlayer.2040306023082911 - INFO - Intentando abrir URL: https://open.spotify.com/track/6VXwwWfz1IYRyDbJtJurI6?si=52adb63b9c304514 (Intento 2/3)
2025-05-19 18:42:05,864 - Worker-20403060 - PlaylistPlayer.2040306023082911 - DEBUG - Forzando detención de Spotify (com.spotify.music) antes de abrir URL.
2025-05-19 18:42:07,187 - Worker-20403060 - PlaylistPlayer.2040306023082911 - DEBUG - Presionando HOME.
2025-05-19 18:42:09,690 - Worker-20403060 - PlaylistPlayer.2040306023082911 - DEBUG - Ejecutando ADB intent para URL: https://open.spotify.com/track/6VXwwWfz1IYRyDbJtJurI6?si=52adb63b9c304514
2025-05-19 18:42:11,036 - Worker-20403060 - PlaylistPlayer.2040306023082911 - DEBUG - Resultado ADB 'am start': stdout='Starting: Intent { act=android.intent.action.VIEW dat=https://open.spotify.com/... flg=0x10008000 }', stderr=''
2025-05-19 18:42:13,503 - Worker-20403060 - PlaylistPlayer.2040306023082911 - DEBUG - Esperando que la app se abra y estabilice (5-8s)...
2025-05-19 18:42:21,107 - Worker-20403060 - PlaylistPlayer.2040306023082911 - DEBUG - Verificando diálogo 'Abrir con'...
2025-05-19 18:43:05,328 - Worker-20403060 - PlaylistPlayer.2040306023082911 - DEBUG - No se detectó diálogo 'Abrir con' explícito.
2025-05-19 18:43:05,328 - Worker-20403060 - PlaylistPlayer.2040306023082911 - DEBUG - No se manejó el diálogo 'Abrir con' o no apareció.
2025-05-19 18:43:05,328 - Worker-20403060 - PlaylistPlayer.2040306023082911 - DEBUG - Verificando si Spotify está en primer plano...
2025-05-19 18:43:05,328 - Worker-20403060 - PlaylistPlayer.2040306023082911 - DEBUG - Intentando con comando dumpsys (1): adb -s 2040306023082911 shell dumpsys activity top
2025-05-19 18:43:10,644 - Worker-20403060 - PlaylistPlayer.2040306023082911 - WARNING - Spotify NO parece estar en primer plano según dumpsys.
2025-05-19 18:43:10,644 - Worker-20403060 - PlaylistPlayer.2040306023082911 - DEBUG - Capturando pantalla en C:\Users\def\Documents\OTWMusicSystem_Final\OTWMusicSystem_Final\otw_project\OTW_MUSIC_SYSTEM\screenshots\2040306023082911\spotify_not_foreground_screenshot_2040306023082911_20250519_184310644343.png
2025-05-19 18:43:12,028 - Worker-20403060 - PlaylistPlayer.2040306023082911 - INFO - Captura de pantalla guardada: C:\Users\def\Documents\OTWMusicSystem_Final\OTWMusicSystem_Final\otw_project\OTW_MUSIC_SYSTEM\screenshots\2040306023082911\spotify_not_foreground_screenshot_2040306023082911_20250519_184310644343.png
2025-05-19 18:43:12,028 - Worker-20403060 - PlaylistPlayer.2040306023082911 - WARNING - Spotify no detectado en primer plano después de abrir https://open.spotify.com/track/6VXwwWfz1IYRyDbJtJurI6?si=52adb63b9c304514.
2025-05-19 18:43:12,029 - Worker-20403060 - PlaylistPlayer.2040306023082911 - DEBUG - Capturando pantalla en C:\Users\def\Documents\OTWMusicSystem_Final\OTWMusicSystem_Final\otw_project\OTW_MUSIC_SYSTEM\screenshots\2040306023082911\spotify_not_fg_after_open_6VXwwWfz1IYRyDbJtJurI6?si=52adb63b9c304514_screenshot_2040306023082911_20250519_184312028970.png
2025-05-19 18:43:12,147 - Worker-20403060 - PlaylistPlayer.2040306023082911 - ERROR - Error al capturar pantalla: [Errno 22] Invalid argument: 'C:\\Users\\def\\Documents\\OTWMusicSystem_Final\\OTWMusicSystem_Final\\otw_project\\OTW_MUSIC_SYSTEM\\screenshots\\2040306023082911\\spotify_not_fg_after_open_6VXwwWfz1IYRyDbJtJurI6?si=52adb63b9c304514_screenshot_2040306023082911_20250519_184312028970.png'
2025-05-19 18:43:12,148 - Worker-20403060 - PlaylistPlayer.2040306023082911 - INFO - Pausa antes de reintentar apertura de URL debido a no foreground (4.2s).
2025-05-19 18:43:16,758 - Worker-20403060 - PlaylistPlayer.2040306023082911 - INFO - Intentando abrir URL: https://open.spotify.com/track/6VXwwWfz1IYRyDbJtJurI6?si=52adb63b9c304514 (Intento 3/3)
2025-05-19 18:43:16,758 - Worker-20403060 - PlaylistPlayer.2040306023082911 - DEBUG - Forzando detención de Spotify (com.spotify.music) antes de abrir URL.
2025-05-19 18:43:17,514 - Worker-20403060 - PlaylistPlayer.2040306023082911 - DEBUG - Presionando HOME.
2025-05-19 18:43:19,724 - Worker-20403060 - PlaylistPlayer.2040306023082911 - DEBUG - Ejecutando ADB intent para URL: https://open.spotify.com/track/6VXwwWfz1IYRyDbJtJurI6?si=52adb63b9c304514
2025-05-19 18:43:21,351 - Worker-20403060 - PlaylistPlayer.2040306023082911 - DEBUG - Resultado ADB 'am start': stdout='Starting: Intent { act=android.intent.action.VIEW dat=https://open.spotify.com/... flg=0x10008000 }', stderr=''
2025-05-19 18:43:22,898 - Worker-20403060 - PlaylistPlayer.2040306023082911 - DEBUG - Esperando que la app se abra y estabilice (5-8s)...
2025-05-19 18:43:30,864 - Worker-20403060 - PlaylistPlayer.2040306023082911 - DEBUG - Verificando diálogo 'Abrir con'...
2025-05-19 18:44:16,738 - Worker-20403060 - PlaylistPlayer.2040306023082911 - DEBUG - No se detectó diálogo 'Abrir con' explícito.
2025-05-19 18:44:16,739 - Worker-20403060 - PlaylistPlayer.2040306023082911 - DEBUG - No se manejó el diálogo 'Abrir con' o no apareció.
2025-05-19 18:44:16,739 - Worker-20403060 - PlaylistPlayer.2040306023082911 - DEBUG - Verificando si Spotify está en primer plano...
2025-05-19 18:44:16,739 - Worker-20403060 - PlaylistPlayer.2040306023082911 - DEBUG - Intentando con comando dumpsys (1): adb -s 2040306023082911 shell dumpsys activity top
2025-05-19 18:44:18,309 - Worker-20403060 - PlaylistPlayer.2040306023082911 - WARNING - Spotify NO parece estar en primer plano según dumpsys.
2025-05-19 18:44:18,310 - Worker-20403060 - PlaylistPlayer.2040306023082911 - DEBUG - Capturando pantalla en C:\Users\def\Documents\OTWMusicSystem_Final\OTWMusicSystem_Final\otw_project\OTW_MUSIC_SYSTEM\screenshots\2040306023082911\spotify_not_foreground_screenshot_2040306023082911_20250519_184418309677.png
2025-05-19 18:44:19,634 - Worker-20403060 - PlaylistPlayer.2040306023082911 - INFO - Captura de pantalla guardada: C:\Users\def\Documents\OTWMusicSystem_Final\OTWMusicSystem_Final\otw_project\OTW_MUSIC_SYSTEM\screenshots\2040306023082911\spotify_not_foreground_screenshot_2040306023082911_20250519_184418309677.png
2025-05-19 18:44:19,634 - Worker-20403060 - PlaylistPlayer.2040306023082911 - WARNING - Spotify no detectado en primer plano después de abrir https://open.spotify.com/track/6VXwwWfz1IYRyDbJtJurI6?si=52adb63b9c304514.
2025-05-19 18:44:19,635 - Worker-20403060 - PlaylistPlayer.2040306023082911 - DEBUG - Capturando pantalla en C:\Users\def\Documents\OTWMusicSystem_Final\OTWMusicSystem_Final\otw_project\OTW_MUSIC_SYSTEM\screenshots\2040306023082911\spotify_not_fg_after_open_6VXwwWfz1IYRyDbJtJurI6?si=52adb63b9c304514_screenshot_2040306023082911_20250519_184419634841.png
2025-05-19 18:44:19,788 - Worker-20403060 - PlaylistPlayer.2040306023082911 - ERROR - Error al capturar pantalla: [Errno 22] Invalid argument: 'C:\\Users\\def\\Documents\\OTWMusicSystem_Final\\OTWMusicSystem_Final\\otw_project\\OTW_MUSIC_SYSTEM\\screenshots\\2040306023082911\\spotify_not_fg_after_open_6VXwwWfz1IYRyDbJtJurI6?si=52adb63b9c304514_screenshot_2040306023082911_20250519_184419634841.png'
2025-05-19 18:44:19,793 - Worker-20403060 - PlaylistPlayer.2040306023082911 - INFO - Pausa antes de reintentar apertura de URL debido a no foreground (5.5s).
2025-05-19 18:44:25,783 - Worker-20403060 - PlaylistPlayer.2040306023082911 - INFO - Intentando abrir URL: https://open.spotify.com/track/6VXwwWfz1IYRyDbJtJurI6?si=52adb63b9c304514 (Intento 4/3)
2025-05-19 18:44:25,783 - Worker-20403060 - PlaylistPlayer.2040306023082911 - ERROR - Máximos reintentos (3) alcanzados para abrir URL https://open.spotify.com/track/6VXwwWfz1IYRyDbJtJurI6?si=52adb63b9c304514
2025-05-19 18:44:25,784 - Worker-20403060 - PlaylistPlayer.2040306023082911 - DEBUG - Capturando pantalla en C:\Users\def\Documents\OTWMusicSystem_Final\OTWMusicSystem_Final\otw_project\OTW_MUSIC_SYSTEM\screenshots\2040306023082911\open_url_max_retries_fail_6VXwwWfz1IYRyDbJtJurI6?si=52adb63b9c304514_screenshot_2040306023082911_20250519_184425784294.png
2025-05-19 18:44:25,917 - Worker-20403060 - PlaylistPlayer.2040306023082911 - ERROR - Error al capturar pantalla: [Errno 22] Invalid argument: 'C:\\Users\\def\\Documents\\OTWMusicSystem_Final\\OTWMusicSystem_Final\\otw_project\\OTW_MUSIC_SYSTEM\\screenshots\\2040306023082911\\open_url_max_retries_fail_6VXwwWfz1IYRyDbJtJurI6?si=52adb63b9c304514_screenshot_2040306023082911_20250519_184425784294.png'
2025-05-19 18:44:25,918 - Worker-20403060 - PlaylistPlayer.2040306023082911 - ERROR - No se pudo abrir el track https://open.spotify.com/track/6VXwwWfz1IYRyDbJtJurI6?si=52adb63b9c304514. Terminando interacción.
2025-05-19 18:44:25,918 - Worker-20403060 - PlaylistPlayer.2040306023082911 - INFO - Sesión #3 completada. Pausa de 6.3s.
2025-05-19 18:44:32,212 - Worker-20403060 - PlaylistPlayer.2040306023082911 - INFO - --- Iniciando Sesión de Interacción #4 ---
2025-05-19 18:44:32,212 - Worker-20403060 - PlaylistPlayer.2040306023082911 - INFO - Selección: Artista Clave -> https://open.spotify.com/artist/3o9yGahQLPpDLMI6dABpIr
2025-05-19 18:44:32,212 - Worker-20403060 - PlaylistPlayer.2040306023082911 - INFO - Iniciando interacción con ARTISTA: https://open.spotify.com/artist/3o9yGahQLPpDLMI6dABpIr (KEY ARTIST)
2025-05-19 18:44:32,212 - Worker-20403060 - PlaylistPlayer.2040306023082911 - INFO - Intentando abrir URL: https://open.spotify.com/artist/3o9yGahQLPpDLMI6dABpIr (Intento 1/3)
2025-05-19 18:44:32,213 - Worker-20403060 - PlaylistPlayer.2040306023082911 - DEBUG - Forzando detención de Spotify (com.spotify.music) antes de abrir URL.
2025-05-19 18:44:33,413 - Worker-20403060 - PlaylistPlayer.2040306023082911 - DEBUG - Presionando HOME.
2025-05-19 18:44:35,472 - Worker-20403060 - PlaylistPlayer.2040306023082911 - DEBUG - Ejecutando ADB intent para URL: https://open.spotify.com/artist/3o9yGahQLPpDLMI6dABpIr
2025-05-19 18:44:37,380 - Worker-20403060 - PlaylistPlayer.2040306023082911 - DEBUG - Resultado ADB 'am start': stdout='Starting: Intent { act=android.intent.action.VIEW dat=https://open.spotify.com/... flg=0x10008000 }', stderr=''
2025-05-19 18:44:39,439 - Worker-20403060 - PlaylistPlayer.2040306023082911 - DEBUG - Esperando que la app se abra y estabilice (5-8s)...
2025-05-19 18:44:44,557 - Worker-20403060 - PlaylistPlayer.2040306023082911 - DEBUG - Verificando diálogo 'Abrir con'...
