2025-05-19 19:38:40,974 - Worker-20403060 - PlaylistPlayer.2040306023082911 - INFO - Worker thread INICIADO. Logs en: C:\Users\def\Documents\OTWMusicSystem_Final\OTWMusicSystem_Final\otw_project\OTW_MUSIC_SYSTEM\logs\2040306023082911\playlist_player_20250519_193840.log
2025-05-19 19:38:40,974 - Worker-20403060 - PlaylistPlayer.2040306023082911 - INFO - Personalidad Creada (SLOW_MODE_FACTOR=1.75): InitPlaylistDur=[30-35]m, ArtistDur=[30-60]m, IndivTrackSessDur=[60-90]m, SingleTrackDur=[60-120]s, VisitArtistProb=0.55, PlayIndivTracksProb=0.41
2025-05-19 19:38:40,975 - Worker-20403060 - PlaylistPlayer.2040306023082911 - INFO - Conectando uiautomator2 (intento 1/3)...
2025-05-19 19:38:44,457 - Worker-20403060 - PlaylistPlayer.2040306023082911 - INFO - Conectado (Device: Studio_X5_Max, Android: N/A).
2025-05-19 19:38:44,688 - Worker-20403060 - PlaylistPlayer.2040306023082911 - INFO - Spotify (com.spotify.music v9.0.36.484) instalado.
2025-05-19 19:38:44,689 - Worker-20403060 - PlaylistPlayer.2040306023082911 - INFO - Setup inicial (kill Spotify, home).
2025-05-19 19:38:44,689 - Worker-20403060 - PlaylistPlayer.2040306023082911 - WARNING - Advertencia setup inicial: 'Device' object has no attribute 'app_kill'
2025-05-19 19:38:44,689 - Worker-20403060 - PlaylistPlayer.2040306023082911 - DEBUG - Capturando pantalla en C:\Users\def\Documents\OTWMusicSystem_Final\OTWMusicSystem_Final\otw_project\OTW_MUSIC_SYSTEM\screenshots\2040306023082911\init_setup_warn_screenshot_2040306023082911_20250519_193844689071.png
2025-05-19 19:38:46,237 - Worker-20403060 - PlaylistPlayer.2040306023082911 - INFO - Captura de pantalla guardada: C:\Users\def\Documents\OTWMusicSystem_Final\OTWMusicSystem_Final\otw_project\OTW_MUSIC_SYSTEM\screenshots\2040306023082911\init_setup_warn_screenshot_2040306023082911_20250519_193844689071.png
2025-05-19 19:38:46,238 - Worker-20403060 - PlaylistPlayer.2040306023082911 - INFO - --- Iniciando CICLO DE VIDA DE INTERACCIÓN #1 ---
2025-05-19 19:38:46,238 - Worker-20403060 - PlaylistPlayer.2040306023082911 - INFO - Fase 1: Playlist Inicial.
2025-05-19 19:38:46,238 - Worker-20403060 - PlaylistPlayer.2040306023082911 - INFO - Iniciando PLAYLIST: https://open.spotify.com/playlist/5XrvAtxjUWcbTNgLHc9hz2?si=8J8GtCkARCaiIlIOWzgMnA por ~30 min.
2025-05-19 19:38:46,239 - Worker-20403060 - PlaylistPlayer.2040306023082911 - INFO - Intentando abrir URL: https://open.spotify.com/playlist/5XrvAtxjUWcbTNgLHc9hz2?si=8J8GtCkARCaiIlIOWzgMnA (Intento 1/3)
2025-05-19 19:38:46,239 - Worker-20403060 - PlaylistPlayer.2040306023082911 - DEBUG - Forzando detención de Spotify (com.spotify.music).
2025-05-19 19:38:47,455 - Worker-20403060 - PlaylistPlayer.2040306023082911 - DEBUG - Presionando HOME.
2025-05-19 19:38:51,094 - Worker-20403060 - PlaylistPlayer.2040306023082911 - DEBUG - Ejecutando ADB intent para URL: https://open.spotify.com/playlist/5XrvAtxjUWcbTNgLHc9hz2?si=8J8GtCkARCaiIlIOWzgMnA
2025-05-19 19:38:54,666 - Worker-20403060 - PlaylistPlayer.2040306023082911 - DEBUG - Resultado ADB: stdout='Starting: Intent { act=android.intent.action.VIEW dat=https://open.spotify.com/... flg=0x10008000 }', stderr=''
2025-05-19 19:38:57,896 - Worker-20403060 - PlaylistPlayer.2040306023082911 - DEBUG - Esperando app estabilice...
2025-05-19 19:39:08,454 - Worker-20403060 - PlaylistPlayer.2040306023082911 - DEBUG - Verificando diálogo 'Abrir con'...
2025-05-19 19:39:17,668 - Worker-20403060 - PlaylistPlayer.2040306023082911 - DEBUG - No se detectó diálogo 'Abrir con' explícito.
2025-05-19 19:39:17,668 - Worker-20403060 - PlaylistPlayer.2040306023082911 - DEBUG - No se manejó diálogo 'Abrir con'.
2025-05-19 19:39:17,668 - Worker-20403060 - PlaylistPlayer.2040306023082911 - DEBUG - Verificando si Spotify está en primer plano...
2025-05-19 19:39:17,668 - Worker-20403060 - PlaylistPlayer.2040306023082911 - DEBUG - Intentando con comando dumpsys (1): adb -s 2040306023082911 shell dumpsys activity top
2025-05-19 19:39:20,416 - Worker-20403060 - PlaylistPlayer.2040306023082911 - WARNING - Spotify NO parece estar en primer plano.
2025-05-19 19:39:20,417 - Worker-20403060 - PlaylistPlayer.2040306023082911 - DEBUG - Capturando pantalla en C:\Users\def\Documents\OTWMusicSystem_Final\OTWMusicSystem_Final\otw_project\OTW_MUSIC_SYSTEM\screenshots\2040306023082911\spotify_not_foreground_screenshot_2040306023082911_20250519_193920416947.png
2025-05-19 19:39:21,750 - Worker-20403060 - PlaylistPlayer.2040306023082911 - INFO - Captura de pantalla guardada: C:\Users\def\Documents\OTWMusicSystem_Final\OTWMusicSystem_Final\otw_project\OTW_MUSIC_SYSTEM\screenshots\2040306023082911\spotify_not_foreground_screenshot_2040306023082911_20250519_193920416947.png
2025-05-19 19:39:21,750 - Worker-20403060 - PlaylistPlayer.2040306023082911 - WARNING - Spotify no en primer plano tras abrir https://open.spotify.com/playlist/5XrvAtxjUWcbTNgLHc9hz2?si=8J8GtCkARCaiIlIOWzgMnA.
2025-05-19 19:39:21,751 - Worker-20403060 - PlaylistPlayer.2040306023082911 - DEBUG - Capturando pantalla en C:\Users\def\Documents\OTWMusicSystem_Final\OTWMusicSystem_Final\otw_project\OTW_MUSIC_SYSTEM\screenshots\2040306023082911\spotify_not_fg_screenshot_2040306023082911_20250519_193921750689.png
2025-05-19 19:39:22,219 - Worker-20403060 - PlaylistPlayer.2040306023082911 - INFO - Captura de pantalla guardada: C:\Users\def\Documents\OTWMusicSystem_Final\OTWMusicSystem_Final\otw_project\OTW_MUSIC_SYSTEM\screenshots\2040306023082911\spotify_not_fg_screenshot_2040306023082911_20250519_193921750689.png
2025-05-19 19:39:30,143 - Worker-20403060 - PlaylistPlayer.2040306023082911 - INFO - Intentando abrir URL: https://open.spotify.com/playlist/5XrvAtxjUWcbTNgLHc9hz2?si=8J8GtCkARCaiIlIOWzgMnA (Intento 2/3)
2025-05-19 19:39:30,143 - Worker-20403060 - PlaylistPlayer.2040306023082911 - DEBUG - Forzando detención de Spotify (com.spotify.music).
2025-05-19 19:39:32,099 - Worker-20403060 - PlaylistPlayer.2040306023082911 - DEBUG - Presionando HOME.
2025-05-19 19:39:35,517 - Worker-20403060 - PlaylistPlayer.2040306023082911 - DEBUG - Ejecutando ADB intent para URL: https://open.spotify.com/playlist/5XrvAtxjUWcbTNgLHc9hz2?si=8J8GtCkARCaiIlIOWzgMnA
2025-05-19 19:39:37,917 - Worker-20403060 - PlaylistPlayer.2040306023082911 - DEBUG - Resultado ADB: stdout='Starting: Intent { act=android.intent.action.VIEW dat=https://open.spotify.com/... flg=0x10008000 }', stderr=''
2025-05-19 19:39:41,855 - Worker-20403060 - PlaylistPlayer.2040306023082911 - DEBUG - Esperando app estabilice...
2025-05-19 19:39:51,465 - Worker-20403060 - PlaylistPlayer.2040306023082911 - DEBUG - Verificando diálogo 'Abrir con'...
2025-05-19 19:40:21,914 - Worker-20403060 - PlaylistPlayer.2040306023082911 - DEBUG - No se detectó diálogo 'Abrir con' explícito.
2025-05-19 19:40:21,914 - Worker-20403060 - PlaylistPlayer.2040306023082911 - DEBUG - No se manejó diálogo 'Abrir con'.
2025-05-19 19:40:21,914 - Worker-20403060 - PlaylistPlayer.2040306023082911 - DEBUG - Verificando si Spotify está en primer plano...
2025-05-19 19:40:21,914 - Worker-20403060 - PlaylistPlayer.2040306023082911 - DEBUG - Intentando con comando dumpsys (1): adb -s 2040306023082911 shell dumpsys activity top
2025-05-19 19:40:27,295 - Worker-20403060 - PlaylistPlayer.2040306023082911 - WARNING - Spotify NO parece estar en primer plano.
2025-05-19 19:40:27,297 - Worker-20403060 - PlaylistPlayer.2040306023082911 - DEBUG - Capturando pantalla en C:\Users\def\Documents\OTWMusicSystem_Final\OTWMusicSystem_Final\otw_project\OTW_MUSIC_SYSTEM\screenshots\2040306023082911\spotify_not_foreground_screenshot_2040306023082911_20250519_194027296388.png
2025-05-19 19:40:28,465 - Worker-20403060 - PlaylistPlayer.2040306023082911 - INFO - Captura de pantalla guardada: C:\Users\def\Documents\OTWMusicSystem_Final\OTWMusicSystem_Final\otw_project\OTW_MUSIC_SYSTEM\screenshots\2040306023082911\spotify_not_foreground_screenshot_2040306023082911_20250519_194027296388.png
2025-05-19 19:40:28,465 - Worker-20403060 - PlaylistPlayer.2040306023082911 - WARNING - Spotify no en primer plano tras abrir https://open.spotify.com/playlist/5XrvAtxjUWcbTNgLHc9hz2?si=8J8GtCkARCaiIlIOWzgMnA.
2025-05-19 19:40:28,466 - Worker-20403060 - PlaylistPlayer.2040306023082911 - DEBUG - Capturando pantalla en C:\Users\def\Documents\OTWMusicSystem_Final\OTWMusicSystem_Final\otw_project\OTW_MUSIC_SYSTEM\screenshots\2040306023082911\spotify_not_fg_screenshot_2040306023082911_20250519_194028466035.png
2025-05-19 19:40:28,682 - Worker-20403060 - PlaylistPlayer.2040306023082911 - INFO - Captura de pantalla guardada: C:\Users\def\Documents\OTWMusicSystem_Final\OTWMusicSystem_Final\otw_project\OTW_MUSIC_SYSTEM\screenshots\2040306023082911\spotify_not_fg_screenshot_2040306023082911_20250519_194028466035.png
2025-05-19 19:40:40,467 - Worker-20403060 - PlaylistPlayer.2040306023082911 - INFO - Intentando abrir URL: https://open.spotify.com/playlist/5XrvAtxjUWcbTNgLHc9hz2?si=8J8GtCkARCaiIlIOWzgMnA (Intento 3/3)
2025-05-19 19:40:40,467 - Worker-20403060 - PlaylistPlayer.2040306023082911 - DEBUG - Forzando detención de Spotify (com.spotify.music).
2025-05-19 19:40:42,210 - Worker-20403060 - PlaylistPlayer.2040306023082911 - DEBUG - Presionando HOME.
2025-05-19 19:40:45,851 - Worker-20403060 - PlaylistPlayer.2040306023082911 - DEBUG - Ejecutando ADB intent para URL: https://open.spotify.com/playlist/5XrvAtxjUWcbTNgLHc9hz2?si=8J8GtCkARCaiIlIOWzgMnA
2025-05-19 19:40:49,294 - Worker-20403060 - PlaylistPlayer.2040306023082911 - DEBUG - Resultado ADB: stdout='Starting: Intent { act=android.intent.action.VIEW dat=https://open.spotify.com/... flg=0x10008000 }', stderr=''
2025-05-19 19:40:52,928 - Worker-20403060 - PlaylistPlayer.2040306023082911 - DEBUG - Esperando app estabilice...
2025-05-19 19:41:05,774 - Worker-20403060 - PlaylistPlayer.2040306023082911 - DEBUG - Verificando diálogo 'Abrir con'...
2025-05-19 19:41:41,712 - Worker-20403060 - PlaylistPlayer.2040306023082911 - DEBUG - No se detectó diálogo 'Abrir con' explícito.
2025-05-19 19:41:41,712 - Worker-20403060 - PlaylistPlayer.2040306023082911 - DEBUG - No se manejó diálogo 'Abrir con'.
2025-05-19 19:41:41,712 - Worker-20403060 - PlaylistPlayer.2040306023082911 - DEBUG - Verificando si Spotify está en primer plano...
2025-05-19 19:41:41,712 - Worker-20403060 - PlaylistPlayer.2040306023082911 - DEBUG - Intentando con comando dumpsys (1): adb -s 2040306023082911 shell dumpsys activity top
2025-05-19 19:41:47,222 - Worker-20403060 - PlaylistPlayer.2040306023082911 - WARNING - Spotify NO parece estar en primer plano.
2025-05-19 19:41:47,223 - Worker-20403060 - PlaylistPlayer.2040306023082911 - DEBUG - Capturando pantalla en C:\Users\def\Documents\OTWMusicSystem_Final\OTWMusicSystem_Final\otw_project\OTW_MUSIC_SYSTEM\screenshots\2040306023082911\spotify_not_foreground_screenshot_2040306023082911_20250519_194147222969.png
2025-05-19 19:41:48,389 - Worker-20403060 - PlaylistPlayer.2040306023082911 - INFO - Captura de pantalla guardada: C:\Users\def\Documents\OTWMusicSystem_Final\OTWMusicSystem_Final\otw_project\OTW_MUSIC_SYSTEM\screenshots\2040306023082911\spotify_not_foreground_screenshot_2040306023082911_20250519_194147222969.png
2025-05-19 19:41:48,390 - Worker-20403060 - PlaylistPlayer.2040306023082911 - WARNING - Spotify no en primer plano tras abrir https://open.spotify.com/playlist/5XrvAtxjUWcbTNgLHc9hz2?si=8J8GtCkARCaiIlIOWzgMnA.
2025-05-19 19:41:48,390 - Worker-20403060 - PlaylistPlayer.2040306023082911 - DEBUG - Capturando pantalla en C:\Users\def\Documents\OTWMusicSystem_Final\OTWMusicSystem_Final\otw_project\OTW_MUSIC_SYSTEM\screenshots\2040306023082911\spotify_not_fg_screenshot_2040306023082911_20250519_194148390201.png
2025-05-19 19:41:48,573 - Worker-20403060 - PlaylistPlayer.2040306023082911 - INFO - Captura de pantalla guardada: C:\Users\def\Documents\OTWMusicSystem_Final\OTWMusicSystem_Final\otw_project\OTW_MUSIC_SYSTEM\screenshots\2040306023082911\spotify_not_fg_screenshot_2040306023082911_20250519_194148390201.png
2025-05-19 19:41:56,816 - Worker-20403060 - PlaylistPlayer.2040306023082911 - INFO - Intentando abrir URL: https://open.spotify.com/playlist/5XrvAtxjUWcbTNgLHc9hz2?si=8J8GtCkARCaiIlIOWzgMnA (Intento 4/3)
2025-05-19 19:41:56,816 - Worker-20403060 - PlaylistPlayer.2040306023082911 - ERROR - Máximos reintentos para URL https://open.spotify.com/playlist/5XrvAtxjUWcbTNgLHc9hz2?si=8J8GtCkARCaiIlIOWzgMnA
2025-05-19 19:41:56,817 - Worker-20403060 - PlaylistPlayer.2040306023082911 - DEBUG - Capturando pantalla en C:\Users\def\Documents\OTWMusicSystem_Final\OTWMusicSystem_Final\otw_project\OTW_MUSIC_SYSTEM\screenshots\2040306023082911\open_url_max_retries_screenshot_2040306023082911_20250519_194156816891.png
2025-05-19 19:42:02,573 - Worker-20403060 - PlaylistPlayer.2040306023082911 - INFO - Captura de pantalla guardada: C:\Users\def\Documents\OTWMusicSystem_Final\OTWMusicSystem_Final\otw_project\OTW_MUSIC_SYSTEM\screenshots\2040306023082911\open_url_max_retries_screenshot_2040306023082911_20250519_194156816891.png
2025-05-19 19:42:02,573 - Worker-20403060 - PlaylistPlayer.2040306023082911 - ERROR - No se pudo abrir playlist https://open.spotify.com/playlist/5XrvAtxjUWcbTNgLHc9hz2?si=8J8GtCkARCaiIlIOWzgMnA.
