2025-05-19 18:47:53,964 - Worker-20403060 - PlaylistPlayer.2040306023082911 - INFO - Worker thread INICIADO. Logs en: C:\Users\def\Documents\OTWMusicSystem_Final\OTWMusicSystem_Final\otw_project\OTW_MUSIC_SYSTEM\logs\2040306023082911\playlist_player_20250519_184753.log
2025-05-19 18:47:53,964 - Worker-20403060 - PlaylistPlayer.2040306023082911 - INFO - Personalidad Creada (SLOW_MODE_FACTOR=1.75): ShortTimeout=14.8s, ActionDelay=[10.3-14.5]s, ShortPause=[28.5-44.8]s, MinTrackT=75s, MaxTrackT=152s, MinContentT=5m, MaxContentT=7m
2025-05-19 18:47:53,964 - Worker-20403060 - PlaylistPlayer.2040306023082911 - INFO - Intentando conectar a uiautomator2 (intento 1/3)...
2025-05-19 18:48:00,589 - Worker-20403060 - PlaylistPlayer.2040306023082911 - INFO - Conectado (Device: Studio_X5_Max, Android: N/A).
2025-05-19 18:48:01,006 - Worker-20403060 - PlaylistPlayer.2040306023082911 - INFO - Spotify (com.spotify.music v9.0.36.484) está instalado.
2025-05-19 18:48:01,006 - Worker-20403060 - PlaylistPlayer.2040306023082911 - INFO - Configuración inicial (kill Spotify y volver a Home).
2025-05-19 18:48:01,006 - Worker-20403060 - PlaylistPlayer.2040306023082911 - WARNING - Advertencia durante configuración inicial: 'Device' object has no attribute 'app_kill'
2025-05-19 18:48:01,006 - Worker-20403060 - PlaylistPlayer.2040306023082911 - DEBUG - Capturando pantalla en C:\Users\def\Documents\OTWMusicSystem_Final\OTWMusicSystem_Final\otw_project\OTW_MUSIC_SYSTEM\screenshots\2040306023082911\initial_setup_warn_screenshot_2040306023082911_20250519_184801006027.png
2025-05-19 18:48:03,184 - Worker-20403060 - PlaylistPlayer.2040306023082911 - INFO - Captura de pantalla guardada: C:\Users\def\Documents\OTWMusicSystem_Final\OTWMusicSystem_Final\otw_project\OTW_MUSIC_SYSTEM\screenshots\2040306023082911\initial_setup_warn_screenshot_2040306023082911_20250519_184801006027.png
2025-05-19 18:48:03,184 - Worker-20403060 - PlaylistPlayer.2040306023082911 - INFO - --- Iniciando Sesión de Interacción #1 ---
2025-05-19 18:48:03,184 - Worker-20403060 - PlaylistPlayer.2040306023082911 - INFO - Selección: Link (track) -> https://open.spotify.com/track/4CQBKppd7bePKcPPxugYP5?si=2f5f0958db484402
2025-05-19 18:48:03,184 - Worker-20403060 - PlaylistPlayer.2040306023082911 - INFO - Iniciando interacción con TRACK: https://open.spotify.com/track/4CQBKppd7bePKcPPxugYP5?si=2f5f0958db484402
2025-05-19 18:48:03,184 - Worker-20403060 - PlaylistPlayer.2040306023082911 - INFO - Intentando abrir URL: https://open.spotify.com/track/4CQBKppd7bePKcPPxugYP5?si=2f5f0958db484402 (Intento 1/3)
2025-05-19 18:48:03,184 - Worker-20403060 - PlaylistPlayer.2040306023082911 - DEBUG - Forzando detención de Spotify (com.spotify.music) antes de abrir URL.
2025-05-19 18:48:05,165 - Worker-20403060 - PlaylistPlayer.2040306023082911 - DEBUG - Presionando HOME.
2025-05-19 18:48:08,834 - Worker-20403060 - PlaylistPlayer.2040306023082911 - DEBUG - Ejecutando ADB intent para URL: https://open.spotify.com/track/4CQBKppd7bePKcPPxugYP5?si=2f5f0958db484402
2025-05-19 18:48:11,155 - Worker-20403060 - PlaylistPlayer.2040306023082911 - DEBUG - Resultado ADB 'am start': stdout='Starting: Intent { act=android.intent.action.VIEW dat=https://open.spotify.com/... flg=0x10008000 }', stderr=''
2025-05-19 18:48:14,770 - Worker-20403060 - PlaylistPlayer.2040306023082911 - DEBUG - Esperando que la app se abra y estabilice...
2025-05-19 18:48:24,990 - Worker-20403060 - PlaylistPlayer.2040306023082911 - DEBUG - Verificando diálogo 'Abrir con'...
2025-05-19 18:48:52,509 - Worker-20403060 - PlaylistPlayer.2040306023082911 - DEBUG - No se detectó diálogo 'Abrir con' explícito.
2025-05-19 18:48:52,510 - Worker-20403060 - PlaylistPlayer.2040306023082911 - DEBUG - No se manejó el diálogo 'Abrir con' o no apareció.
2025-05-19 18:48:52,510 - Worker-20403060 - PlaylistPlayer.2040306023082911 - DEBUG - Verificando si Spotify está en primer plano...
2025-05-19 18:48:52,510 - Worker-20403060 - PlaylistPlayer.2040306023082911 - DEBUG - Intentando con comando dumpsys (1): adb -s 2040306023082911 shell dumpsys activity top
2025-05-19 18:48:53,445 - Worker-20403060 - PlaylistPlayer.2040306023082911 - WARNING - Spotify NO parece estar en primer plano según dumpsys.
2025-05-19 18:48:53,446 - Worker-20403060 - PlaylistPlayer.2040306023082911 - DEBUG - Capturando pantalla en C:\Users\def\Documents\OTWMusicSystem_Final\OTWMusicSystem_Final\otw_project\OTW_MUSIC_SYSTEM\screenshots\2040306023082911\spotify_not_foreground_screenshot_2040306023082911_20250519_184853446270.png
2025-05-19 18:48:53,767 - Worker-20403060 - PlaylistPlayer.2040306023082911 - INFO - Captura de pantalla guardada: C:\Users\def\Documents\OTWMusicSystem_Final\OTWMusicSystem_Final\otw_project\OTW_MUSIC_SYSTEM\screenshots\2040306023082911\spotify_not_foreground_screenshot_2040306023082911_20250519_184853446270.png
2025-05-19 18:48:53,767 - Worker-20403060 - PlaylistPlayer.2040306023082911 - WARNING - Spotify no detectado en primer plano después de abrir https://open.spotify.com/track/4CQBKppd7bePKcPPxugYP5?si=2f5f0958db484402.
2025-05-19 18:48:53,767 - Worker-20403060 - PlaylistPlayer.2040306023082911 - DEBUG - Capturando pantalla en C:\Users\def\Documents\OTWMusicSystem_Final\OTWMusicSystem_Final\otw_project\OTW_MUSIC_SYSTEM\screenshots\2040306023082911\spotify_not_fg_after_open_4CQBKppd7bePKcPPxugYP5?si=2f5f0958db484402_screenshot_2040306023082911_20250519_184853767181.png
2025-05-19 18:48:53,992 - Worker-20403060 - PlaylistPlayer.2040306023082911 - ERROR - Error al capturar pantalla: [Errno 22] Invalid argument: 'C:\\Users\\def\\Documents\\OTWMusicSystem_Final\\OTWMusicSystem_Final\\otw_project\\OTW_MUSIC_SYSTEM\\screenshots\\2040306023082911\\spotify_not_fg_after_open_4CQBKppd7bePKcPPxugYP5?si=2f5f0958db484402_screenshot_2040306023082911_20250519_184853767181.png'
2025-05-19 18:48:53,993 - Worker-20403060 - PlaylistPlayer.2040306023082911 - INFO - Pausa antes de reintentar apertura de URL debido a no foreground.
2025-05-19 18:49:02,728 - Worker-20403060 - PlaylistPlayer.2040306023082911 - INFO - Intentando abrir URL: https://open.spotify.com/track/4CQBKppd7bePKcPPxugYP5?si=2f5f0958db484402 (Intento 2/3)
2025-05-19 18:49:02,728 - Worker-20403060 - PlaylistPlayer.2040306023082911 - DEBUG - Forzando detención de Spotify (com.spotify.music) antes de abrir URL.
2025-05-19 18:49:04,005 - Worker-20403060 - PlaylistPlayer.2040306023082911 - DEBUG - Presionando HOME.
2025-05-19 18:49:07,484 - Worker-20403060 - PlaylistPlayer.2040306023082911 - DEBUG - Ejecutando ADB intent para URL: https://open.spotify.com/track/4CQBKppd7bePKcPPxugYP5?si=2f5f0958db484402
2025-05-19 18:49:10,502 - Worker-20403060 - PlaylistPlayer.2040306023082911 - DEBUG - Resultado ADB 'am start': stdout='Starting: Intent { act=android.intent.action.VIEW dat=https://open.spotify.com/... flg=0x10008000 }', stderr=''
2025-05-19 18:49:13,814 - Worker-20403060 - PlaylistPlayer.2040306023082911 - DEBUG - Esperando que la app se abra y estabilice...
2025-05-19 18:49:26,984 - Worker-20403060 - PlaylistPlayer.2040306023082911 - DEBUG - Verificando diálogo 'Abrir con'...
