2025-05-19 18:33:48,794 - Worker-20403060 - PlaylistPlayer.2040306023080222 - INFO - Worker thread INICIADO. Logs en: C:\Users\def\Documents\OTWMusicSystem_Final\OTWMusicSystem_Final\otw_project\OTW_MUSIC_SYSTEM\logs\2040306023080222\playlist_player_20250519_183348.log
2025-05-19 18:33:48,794 - Worker-20403060 - PlaylistPlayer.2040306023080222 - INFO - Personalidad Creada: FollowP=0.57, SearchP=0.18, MinTrackT=75s, MinContentT=3m
2025-05-19 18:33:48,794 - Worker-20403060 - PlaylistPlayer.2040306023080222 - INFO - Intentando conectar a uiautomator2 (intento 1/3)...
2025-05-19 18:33:52,005 - Worker-20403060 - PlaylistPlayer.2040306023080222 - DEBUG - Conexión u2 establecida preliminarmente.
2025-05-19 18:33:52,270 - Worker-20403060 - PlaylistPlayer.2040306023080222 - INFO - Conectado (Device: Studio_X5_Max, Android: N/A).
2025-05-19 18:33:52,473 - Worker-20403060 - PlaylistPlayer.2040306023080222 - INFO - Spotify (com.spotify.music v9.0.36.484) está instalado.
2025-05-19 18:33:52,473 - Worker-20403060 - PlaylistPlayer.2040306023080222 - INFO - Configuración inicial (kill Spotify y volver a Home).
2025-05-19 18:33:52,473 - Worker-20403060 - PlaylistPlayer.2040306023080222 - WARNING - Advertencia durante configuración inicial: 'Device' object has no attribute 'app_kill'
2025-05-19 18:33:52,473 - Worker-20403060 - PlaylistPlayer.2040306023080222 - DEBUG - Capturando pantalla en C:\Users\def\Documents\OTWMusicSystem_Final\OTWMusicSystem_Final\otw_project\OTW_MUSIC_SYSTEM\screenshots\2040306023080222\initial_setup_warn_screenshot_2040306023080222_20250519_183352473395.png
2025-05-19 18:33:53,651 - Worker-20403060 - PlaylistPlayer.2040306023080222 - INFO - Captura de pantalla guardada: C:\Users\def\Documents\OTWMusicSystem_Final\OTWMusicSystem_Final\otw_project\OTW_MUSIC_SYSTEM\screenshots\2040306023080222\initial_setup_warn_screenshot_2040306023080222_20250519_183352473395.png
2025-05-19 18:33:53,651 - Worker-20403060 - PlaylistPlayer.2040306023080222 - INFO - --- Iniciando Sesión de Interacción #1 ---
2025-05-19 18:33:53,651 - Worker-20403060 - PlaylistPlayer.2040306023080222 - INFO - Selección: Artista Clave -> https://open.spotify.com/artist/3o9yGahQLPpDLMI6dABpIr
2025-05-19 18:33:53,652 - Worker-20403060 - PlaylistPlayer.2040306023080222 - INFO - Iniciando interacción con ARTISTA: https://open.spotify.com/artist/3o9yGahQLPpDLMI6dABpIr (KEY ARTIST)
2025-05-19 18:33:53,652 - Worker-20403060 - PlaylistPlayer.2040306023080222 - INFO - Intentando abrir URL: https://open.spotify.com/artist/3o9yGahQLPpDLMI6dABpIr (Intento 1/3)
2025-05-19 18:33:53,652 - Worker-20403060 - PlaylistPlayer.2040306023080222 - DEBUG - Forzando detención de Spotify (com.spotify.music) antes de abrir URL.
2025-05-19 18:33:54,732 - Worker-20403060 - PlaylistPlayer.2040306023080222 - DEBUG - Presionando HOME.
2025-05-19 18:33:57,290 - Worker-20403060 - PlaylistPlayer.2040306023080222 - DEBUG - Ejecutando ADB intent para URL: https://open.spotify.com/artist/3o9yGahQLPpDLMI6dABpIr
2025-05-19 18:33:58,437 - Worker-20403060 - PlaylistPlayer.2040306023080222 - DEBUG - Resultado ADB 'am start': stdout='Starting: Intent { act=android.intent.action.VIEW dat=https://open.spotify.com/... flg=0x10008000 }', stderr=''
2025-05-19 18:33:59,864 - Worker-20403060 - PlaylistPlayer.2040306023080222 - DEBUG - Esperando que la app se abra y estabilice (5-8s)...
2025-05-19 18:34:06,387 - Worker-20403060 - PlaylistPlayer.2040306023080222 - DEBUG - Verificando diálogo 'Abrir con'...
2025-05-19 18:34:25,638 - Worker-20403060 - PlaylistPlayer.2040306023080222 - DEBUG - No se detectó diálogo 'Abrir con' explícito.
2025-05-19 18:34:25,638 - Worker-20403060 - PlaylistPlayer.2040306023080222 - DEBUG - No se manejó el diálogo 'Abrir con' o no apareció.
2025-05-19 18:34:25,638 - Worker-20403060 - PlaylistPlayer.2040306023080222 - DEBUG - Verificando si Spotify está en primer plano...
2025-05-19 18:34:25,638 - Worker-20403060 - PlaylistPlayer.2040306023080222 - DEBUG - Intentando con comando dumpsys (1): adb -s 2040306023080222 shell dumpsys activity top
2025-05-19 18:34:26,878 - Worker-20403060 - PlaylistPlayer.2040306023080222 - WARNING - Spotify NO parece estar en primer plano según dumpsys.
2025-05-19 18:34:26,878 - Worker-20403060 - PlaylistPlayer.2040306023080222 - DEBUG - Capturando pantalla en C:\Users\def\Documents\OTWMusicSystem_Final\OTWMusicSystem_Final\otw_project\OTW_MUSIC_SYSTEM\screenshots\2040306023080222\spotify_not_foreground_screenshot_2040306023080222_20250519_183426878443.png
2025-05-19 18:34:27,214 - Worker-20403060 - PlaylistPlayer.2040306023080222 - INFO - Captura de pantalla guardada: C:\Users\def\Documents\OTWMusicSystem_Final\OTWMusicSystem_Final\otw_project\OTW_MUSIC_SYSTEM\screenshots\2040306023080222\spotify_not_foreground_screenshot_2040306023080222_20250519_183426878443.png
2025-05-19 18:34:27,214 - Worker-20403060 - PlaylistPlayer.2040306023080222 - WARNING - Spotify no detectado en primer plano después de abrir https://open.spotify.com/artist/3o9yGahQLPpDLMI6dABpIr.
2025-05-19 18:34:27,215 - Worker-20403060 - PlaylistPlayer.2040306023080222 - DEBUG - Capturando pantalla en C:\Users\def\Documents\OTWMusicSystem_Final\OTWMusicSystem_Final\otw_project\OTW_MUSIC_SYSTEM\screenshots\2040306023080222\spotify_not_fg_after_open_3o9yGahQLPpDLMI6dABpIr_screenshot_2040306023080222_20250519_183427214691.png
2025-05-19 18:34:27,530 - Worker-20403060 - PlaylistPlayer.2040306023080222 - INFO - Captura de pantalla guardada: C:\Users\def\Documents\OTWMusicSystem_Final\OTWMusicSystem_Final\otw_project\OTW_MUSIC_SYSTEM\screenshots\2040306023080222\spotify_not_fg_after_open_3o9yGahQLPpDLMI6dABpIr_screenshot_2040306023080222_20250519_183427214691.png
2025-05-19 18:34:27,530 - Worker-20403060 - PlaylistPlayer.2040306023080222 - INFO - Pausa antes de reintentar apertura de URL debido a no foreground (4.5s).
2025-05-19 18:34:32,990 - Worker-20403060 - PlaylistPlayer.2040306023080222 - INFO - Intentando abrir URL: https://open.spotify.com/artist/3o9yGahQLPpDLMI6dABpIr (Intento 2/3)
2025-05-19 18:34:32,990 - Worker-20403060 - PlaylistPlayer.2040306023080222 - DEBUG - Forzando detención de Spotify (com.spotify.music) antes de abrir URL.
2025-05-19 18:34:34,618 - Worker-20403060 - PlaylistPlayer.2040306023080222 - DEBUG - Presionando HOME.
2025-05-19 18:34:36,816 - Worker-20403060 - PlaylistPlayer.2040306023080222 - DEBUG - Ejecutando ADB intent para URL: https://open.spotify.com/artist/3o9yGahQLPpDLMI6dABpIr
2025-05-19 18:34:37,932 - Worker-20403060 - PlaylistPlayer.2040306023080222 - DEBUG - Resultado ADB 'am start': stdout='Starting: Intent { act=android.intent.action.VIEW dat=https://open.spotify.com/... flg=0x10008000 }', stderr=''
2025-05-19 18:34:39,526 - Worker-20403060 - PlaylistPlayer.2040306023080222 - DEBUG - Esperando que la app se abra y estabilice (5-8s)...
2025-05-19 18:34:46,162 - Worker-20403060 - PlaylistPlayer.2040306023080222 - DEBUG - Verificando diálogo 'Abrir con'...
2025-05-19 18:35:03,663 - Worker-20403060 - PlaylistPlayer.2040306023080222 - DEBUG - No se detectó diálogo 'Abrir con' explícito.
2025-05-19 18:35:03,663 - Worker-20403060 - PlaylistPlayer.2040306023080222 - DEBUG - No se manejó el diálogo 'Abrir con' o no apareció.
2025-05-19 18:35:03,663 - Worker-20403060 - PlaylistPlayer.2040306023080222 - DEBUG - Verificando si Spotify está en primer plano...
2025-05-19 18:35:03,664 - Worker-20403060 - PlaylistPlayer.2040306023080222 - DEBUG - Intentando con comando dumpsys (1): adb -s 2040306023080222 shell dumpsys activity top
2025-05-19 18:35:04,993 - Worker-20403060 - PlaylistPlayer.2040306023080222 - WARNING - Spotify NO parece estar en primer plano según dumpsys.
2025-05-19 18:35:04,994 - Worker-20403060 - PlaylistPlayer.2040306023080222 - DEBUG - Capturando pantalla en C:\Users\def\Documents\OTWMusicSystem_Final\OTWMusicSystem_Final\otw_project\OTW_MUSIC_SYSTEM\screenshots\2040306023080222\spotify_not_foreground_screenshot_2040306023080222_20250519_183504994441.png
2025-05-19 18:35:05,302 - Worker-20403060 - PlaylistPlayer.2040306023080222 - INFO - Captura de pantalla guardada: C:\Users\def\Documents\OTWMusicSystem_Final\OTWMusicSystem_Final\otw_project\OTW_MUSIC_SYSTEM\screenshots\2040306023080222\spotify_not_foreground_screenshot_2040306023080222_20250519_183504994441.png
2025-05-19 18:35:05,303 - Worker-20403060 - PlaylistPlayer.2040306023080222 - WARNING - Spotify no detectado en primer plano después de abrir https://open.spotify.com/artist/3o9yGahQLPpDLMI6dABpIr.
2025-05-19 18:35:05,304 - Worker-20403060 - PlaylistPlayer.2040306023080222 - DEBUG - Capturando pantalla en C:\Users\def\Documents\OTWMusicSystem_Final\OTWMusicSystem_Final\otw_project\OTW_MUSIC_SYSTEM\screenshots\2040306023080222\spotify_not_fg_after_open_3o9yGahQLPpDLMI6dABpIr_screenshot_2040306023080222_20250519_183505303559.png
2025-05-19 18:35:05,724 - Worker-20403060 - PlaylistPlayer.2040306023080222 - INFO - Captura de pantalla guardada: C:\Users\def\Documents\OTWMusicSystem_Final\OTWMusicSystem_Final\otw_project\OTW_MUSIC_SYSTEM\screenshots\2040306023080222\spotify_not_fg_after_open_3o9yGahQLPpDLMI6dABpIr_screenshot_2040306023080222_20250519_183505303559.png
2025-05-19 18:35:05,724 - Worker-20403060 - PlaylistPlayer.2040306023080222 - INFO - Pausa antes de reintentar apertura de URL debido a no foreground (7.0s).
2025-05-19 18:35:12,611 - Worker-20403060 - PlaylistPlayer.2040306023080222 - INFO - Intentando abrir URL: https://open.spotify.com/artist/3o9yGahQLPpDLMI6dABpIr (Intento 3/3)
2025-05-19 18:35:12,611 - Worker-20403060 - PlaylistPlayer.2040306023080222 - DEBUG - Forzando detención de Spotify (com.spotify.music) antes de abrir URL.
2025-05-19 18:35:13,764 - Worker-20403060 - PlaylistPlayer.2040306023080222 - DEBUG - Presionando HOME.
2025-05-19 18:35:15,959 - Worker-20403060 - PlaylistPlayer.2040306023080222 - DEBUG - Ejecutando ADB intent para URL: https://open.spotify.com/artist/3o9yGahQLPpDLMI6dABpIr
2025-05-19 18:35:17,737 - Worker-20403060 - PlaylistPlayer.2040306023080222 - DEBUG - Resultado ADB 'am start': stdout='Starting: Intent { act=android.intent.action.VIEW dat=https://open.spotify.com/... flg=0x10008000 }', stderr=''
2025-05-19 18:35:19,131 - Worker-20403060 - PlaylistPlayer.2040306023080222 - DEBUG - Esperando que la app se abra y estabilice (5-8s)...
2025-05-19 18:35:26,415 - Worker-20403060 - PlaylistPlayer.2040306023080222 - DEBUG - Verificando diálogo 'Abrir con'...
2025-05-19 18:35:44,556 - Worker-20403060 - PlaylistPlayer.2040306023080222 - DEBUG - No se detectó diálogo 'Abrir con' explícito.
2025-05-19 18:35:44,556 - Worker-20403060 - PlaylistPlayer.2040306023080222 - DEBUG - No se manejó el diálogo 'Abrir con' o no apareció.
2025-05-19 18:35:44,556 - Worker-20403060 - PlaylistPlayer.2040306023080222 - DEBUG - Verificando si Spotify está en primer plano...
2025-05-19 18:35:44,556 - Worker-20403060 - PlaylistPlayer.2040306023080222 - DEBUG - Intentando con comando dumpsys (1): adb -s 2040306023080222 shell dumpsys activity top
2025-05-19 18:35:46,699 - Worker-20403060 - PlaylistPlayer.2040306023080222 - WARNING - Spotify NO parece estar en primer plano según dumpsys.
2025-05-19 18:35:46,700 - Worker-20403060 - PlaylistPlayer.2040306023080222 - DEBUG - Capturando pantalla en C:\Users\def\Documents\OTWMusicSystem_Final\OTWMusicSystem_Final\otw_project\OTW_MUSIC_SYSTEM\screenshots\2040306023080222\spotify_not_foreground_screenshot_2040306023080222_20250519_183546699690.png
2025-05-19 18:35:47,002 - Worker-20403060 - PlaylistPlayer.2040306023080222 - INFO - Captura de pantalla guardada: C:\Users\def\Documents\OTWMusicSystem_Final\OTWMusicSystem_Final\otw_project\OTW_MUSIC_SYSTEM\screenshots\2040306023080222\spotify_not_foreground_screenshot_2040306023080222_20250519_183546699690.png
2025-05-19 18:35:47,002 - Worker-20403060 - PlaylistPlayer.2040306023080222 - WARNING - Spotify no detectado en primer plano después de abrir https://open.spotify.com/artist/3o9yGahQLPpDLMI6dABpIr.
2025-05-19 18:35:47,003 - Worker-20403060 - PlaylistPlayer.2040306023080222 - DEBUG - Capturando pantalla en C:\Users\def\Documents\OTWMusicSystem_Final\OTWMusicSystem_Final\otw_project\OTW_MUSIC_SYSTEM\screenshots\2040306023080222\spotify_not_fg_after_open_3o9yGahQLPpDLMI6dABpIr_screenshot_2040306023080222_20250519_183547002747.png
2025-05-19 18:35:47,365 - Worker-20403060 - PlaylistPlayer.2040306023080222 - INFO - Captura de pantalla guardada: C:\Users\def\Documents\OTWMusicSystem_Final\OTWMusicSystem_Final\otw_project\OTW_MUSIC_SYSTEM\screenshots\2040306023080222\spotify_not_fg_after_open_3o9yGahQLPpDLMI6dABpIr_screenshot_2040306023080222_20250519_183547002747.png
2025-05-19 18:35:47,365 - Worker-20403060 - PlaylistPlayer.2040306023080222 - INFO - Pausa antes de reintentar apertura de URL debido a no foreground (6.1s).
2025-05-19 18:35:53,983 - Worker-20403060 - PlaylistPlayer.2040306023080222 - INFO - Intentando abrir URL: https://open.spotify.com/artist/3o9yGahQLPpDLMI6dABpIr (Intento 4/3)
2025-05-19 18:35:53,983 - Worker-20403060 - PlaylistPlayer.2040306023080222 - ERROR - Máximos reintentos (3) alcanzados para abrir URL https://open.spotify.com/artist/3o9yGahQLPpDLMI6dABpIr
2025-05-19 18:35:53,984 - Worker-20403060 - PlaylistPlayer.2040306023080222 - DEBUG - Capturando pantalla en C:\Users\def\Documents\OTWMusicSystem_Final\OTWMusicSystem_Final\otw_project\OTW_MUSIC_SYSTEM\screenshots\2040306023080222\open_url_max_retries_fail_3o9yGahQLPpDLMI6dABpIr_screenshot_2040306023080222_20250519_183553984395.png
2025-05-19 18:35:54,279 - Worker-20403060 - PlaylistPlayer.2040306023080222 - INFO - Captura de pantalla guardada: C:\Users\def\Documents\OTWMusicSystem_Final\OTWMusicSystem_Final\otw_project\OTW_MUSIC_SYSTEM\screenshots\2040306023080222\open_url_max_retries_fail_3o9yGahQLPpDLMI6dABpIr_screenshot_2040306023080222_20250519_183553984395.png
2025-05-19 18:35:54,279 - Worker-20403060 - PlaylistPlayer.2040306023080222 - ERROR - No se pudo abrir la página del artista https://open.spotify.com/artist/3o9yGahQLPpDLMI6dABpIr. Terminando interacción.
2025-05-19 18:35:54,280 - Worker-20403060 - PlaylistPlayer.2040306023080222 - INFO - Sesión #1 completada. Pausa de 4.9s.
2025-05-19 18:35:59,132 - Worker-20403060 - PlaylistPlayer.2040306023080222 - INFO - --- Iniciando Sesión de Interacción #2 ---
2025-05-19 18:35:59,133 - Worker-20403060 - PlaylistPlayer.2040306023080222 - INFO - Selección: Link (track) -> https://open.spotify.com/track/5or9LcgUYTjivDDoc7oTV9?si=cbe4827b93674048
2025-05-19 18:35:59,133 - Worker-20403060 - PlaylistPlayer.2040306023080222 - INFO - Iniciando interacción con TRACK: https://open.spotify.com/track/5or9LcgUYTjivDDoc7oTV9?si=cbe4827b93674048
2025-05-19 18:35:59,133 - Worker-20403060 - PlaylistPlayer.2040306023080222 - INFO - Intentando abrir URL: https://open.spotify.com/track/5or9LcgUYTjivDDoc7oTV9?si=cbe4827b93674048 (Intento 1/3)
2025-05-19 18:35:59,133 - Worker-20403060 - PlaylistPlayer.2040306023080222 - DEBUG - Forzando detención de Spotify (com.spotify.music) antes de abrir URL.
2025-05-19 18:36:00,580 - Worker-20403060 - PlaylistPlayer.2040306023080222 - DEBUG - Presionando HOME.
2025-05-19 18:36:02,947 - Worker-20403060 - PlaylistPlayer.2040306023080222 - DEBUG - Ejecutando ADB intent para URL: https://open.spotify.com/track/5or9LcgUYTjivDDoc7oTV9?si=cbe4827b93674048
2025-05-19 18:36:04,131 - Worker-20403060 - PlaylistPlayer.2040306023080222 - DEBUG - Resultado ADB 'am start': stdout='Starting: Intent { act=android.intent.action.VIEW dat=https://open.spotify.com/... flg=0x10008000 }', stderr=''
2025-05-19 18:36:05,699 - Worker-20403060 - PlaylistPlayer.2040306023080222 - DEBUG - Esperando que la app se abra y estabilice (5-8s)...
2025-05-19 18:36:12,016 - Worker-20403060 - PlaylistPlayer.2040306023080222 - DEBUG - Verificando diálogo 'Abrir con'...
2025-05-19 18:36:56,504 - Worker-20403060 - PlaylistPlayer.2040306023080222 - DEBUG - No se detectó diálogo 'Abrir con' explícito.
2025-05-19 18:36:56,504 - Worker-20403060 - PlaylistPlayer.2040306023080222 - DEBUG - No se manejó el diálogo 'Abrir con' o no apareció.
2025-05-19 18:36:56,504 - Worker-20403060 - PlaylistPlayer.2040306023080222 - DEBUG - Verificando si Spotify está en primer plano...
2025-05-19 18:36:56,505 - Worker-20403060 - PlaylistPlayer.2040306023080222 - DEBUG - Intentando con comando dumpsys (1): adb -s 2040306023080222 shell dumpsys activity top
2025-05-19 18:37:01,876 - Worker-20403060 - PlaylistPlayer.2040306023080222 - WARNING - Spotify NO parece estar en primer plano según dumpsys.
2025-05-19 18:37:01,877 - Worker-20403060 - PlaylistPlayer.2040306023080222 - DEBUG - Capturando pantalla en C:\Users\def\Documents\OTWMusicSystem_Final\OTWMusicSystem_Final\otw_project\OTW_MUSIC_SYSTEM\screenshots\2040306023080222\spotify_not_foreground_screenshot_2040306023080222_20250519_183701877244.png
2025-05-19 18:37:03,160 - Worker-20403060 - PlaylistPlayer.2040306023080222 - INFO - Captura de pantalla guardada: C:\Users\def\Documents\OTWMusicSystem_Final\OTWMusicSystem_Final\otw_project\OTW_MUSIC_SYSTEM\screenshots\2040306023080222\spotify_not_foreground_screenshot_2040306023080222_20250519_183701877244.png
2025-05-19 18:37:03,160 - Worker-20403060 - PlaylistPlayer.2040306023080222 - WARNING - Spotify no detectado en primer plano después de abrir https://open.spotify.com/track/5or9LcgUYTjivDDoc7oTV9?si=cbe4827b93674048.
2025-05-19 18:37:03,161 - Worker-20403060 - PlaylistPlayer.2040306023080222 - DEBUG - Capturando pantalla en C:\Users\def\Documents\OTWMusicSystem_Final\OTWMusicSystem_Final\otw_project\OTW_MUSIC_SYSTEM\screenshots\2040306023080222\spotify_not_fg_after_open_5or9LcgUYTjivDDoc7oTV9?si=cbe4827b93674048_screenshot_2040306023080222_20250519_183703160891.png
2025-05-19 18:37:03,279 - Worker-20403060 - PlaylistPlayer.2040306023080222 - ERROR - Error al capturar pantalla: [Errno 22] Invalid argument: 'C:\\Users\\def\\Documents\\OTWMusicSystem_Final\\OTWMusicSystem_Final\\otw_project\\OTW_MUSIC_SYSTEM\\screenshots\\2040306023080222\\spotify_not_fg_after_open_5or9LcgUYTjivDDoc7oTV9?si=cbe4827b93674048_screenshot_2040306023080222_20250519_183703160891.png'
2025-05-19 18:37:03,280 - Worker-20403060 - PlaylistPlayer.2040306023080222 - INFO - Pausa antes de reintentar apertura de URL debido a no foreground (5.1s).
2025-05-19 18:37:09,106 - Worker-20403060 - PlaylistPlayer.2040306023080222 - INFO - Intentando abrir URL: https://open.spotify.com/track/5or9LcgUYTjivDDoc7oTV9?si=cbe4827b93674048 (Intento 2/3)
2025-05-19 18:37:09,106 - Worker-20403060 - PlaylistPlayer.2040306023080222 - DEBUG - Forzando detención de Spotify (com.spotify.music) antes de abrir URL.
2025-05-19 18:37:10,392 - Worker-20403060 - PlaylistPlayer.2040306023080222 - DEBUG - Presionando HOME.
2025-05-19 18:37:12,882 - Worker-20403060 - PlaylistPlayer.2040306023080222 - DEBUG - Ejecutando ADB intent para URL: https://open.spotify.com/track/5or9LcgUYTjivDDoc7oTV9?si=cbe4827b93674048
2025-05-19 18:37:14,124 - Worker-20403060 - PlaylistPlayer.2040306023080222 - DEBUG - Resultado ADB 'am start': stdout='Starting: Intent { act=android.intent.action.VIEW dat=https://open.spotify.com/... flg=0x10008000 }', stderr=''
2025-05-19 18:37:16,173 - Worker-20403060 - PlaylistPlayer.2040306023080222 - DEBUG - Esperando que la app se abra y estabilice (5-8s)...
2025-05-19 18:37:23,269 - Worker-20403060 - PlaylistPlayer.2040306023080222 - DEBUG - Verificando diálogo 'Abrir con'...
2025-05-19 18:37:53,591 - Worker-20403060 - PlaylistPlayer.2040306023080222 - DEBUG - No se detectó diálogo 'Abrir con' explícito.
2025-05-19 18:37:53,591 - Worker-20403060 - PlaylistPlayer.2040306023080222 - DEBUG - No se manejó el diálogo 'Abrir con' o no apareció.
2025-05-19 18:37:53,591 - Worker-20403060 - PlaylistPlayer.2040306023080222 - DEBUG - Verificando si Spotify está en primer plano...
2025-05-19 18:37:53,591 - Worker-20403060 - PlaylistPlayer.2040306023080222 - DEBUG - Intentando con comando dumpsys (1): adb -s 2040306023080222 shell dumpsys activity top
2025-05-19 18:37:58,859 - Worker-20403060 - PlaylistPlayer.2040306023080222 - WARNING - Spotify NO parece estar en primer plano según dumpsys.
2025-05-19 18:37:58,860 - Worker-20403060 - PlaylistPlayer.2040306023080222 - DEBUG - Capturando pantalla en C:\Users\def\Documents\OTWMusicSystem_Final\OTWMusicSystem_Final\otw_project\OTW_MUSIC_SYSTEM\screenshots\2040306023080222\spotify_not_foreground_screenshot_2040306023080222_20250519_183758859622.png
2025-05-19 18:38:00,191 - Worker-20403060 - PlaylistPlayer.2040306023080222 - INFO - Captura de pantalla guardada: C:\Users\def\Documents\OTWMusicSystem_Final\OTWMusicSystem_Final\otw_project\OTW_MUSIC_SYSTEM\screenshots\2040306023080222\spotify_not_foreground_screenshot_2040306023080222_20250519_183758859622.png
2025-05-19 18:38:00,191 - Worker-20403060 - PlaylistPlayer.2040306023080222 - WARNING - Spotify no detectado en primer plano después de abrir https://open.spotify.com/track/5or9LcgUYTjivDDoc7oTV9?si=cbe4827b93674048.
2025-05-19 18:38:00,192 - Worker-20403060 - PlaylistPlayer.2040306023080222 - DEBUG - Capturando pantalla en C:\Users\def\Documents\OTWMusicSystem_Final\OTWMusicSystem_Final\otw_project\OTW_MUSIC_SYSTEM\screenshots\2040306023080222\spotify_not_fg_after_open_5or9LcgUYTjivDDoc7oTV9?si=cbe4827b93674048_screenshot_2040306023080222_20250519_183800191851.png
2025-05-19 18:38:00,315 - Worker-20403060 - PlaylistPlayer.2040306023080222 - ERROR - Error al capturar pantalla: [Errno 22] Invalid argument: 'C:\\Users\\def\\Documents\\OTWMusicSystem_Final\\OTWMusicSystem_Final\\otw_project\\OTW_MUSIC_SYSTEM\\screenshots\\2040306023080222\\spotify_not_fg_after_open_5or9LcgUYTjivDDoc7oTV9?si=cbe4827b93674048_screenshot_2040306023080222_20250519_183800191851.png'
2025-05-19 18:38:00,315 - Worker-20403060 - PlaylistPlayer.2040306023080222 - INFO - Pausa antes de reintentar apertura de URL debido a no foreground (5.4s).
2025-05-19 18:38:05,770 - Worker-20403060 - PlaylistPlayer.2040306023080222 - INFO - Intentando abrir URL: https://open.spotify.com/track/5or9LcgUYTjivDDoc7oTV9?si=cbe4827b93674048 (Intento 3/3)
2025-05-19 18:38:05,770 - Worker-20403060 - PlaylistPlayer.2040306023080222 - DEBUG - Forzando detención de Spotify (com.spotify.music) antes de abrir URL.
2025-05-19 18:38:07,105 - Worker-20403060 - PlaylistPlayer.2040306023080222 - DEBUG - Presionando HOME.
2025-05-19 18:38:09,516 - Worker-20403060 - PlaylistPlayer.2040306023080222 - DEBUG - Ejecutando ADB intent para URL: https://open.spotify.com/track/5or9LcgUYTjivDDoc7oTV9?si=cbe4827b93674048
2025-05-19 18:38:11,616 - Worker-20403060 - PlaylistPlayer.2040306023080222 - DEBUG - Resultado ADB 'am start': stdout='Starting: Intent { act=android.intent.action.VIEW dat=https://open.spotify.com/... flg=0x10008000 }', stderr=''
2025-05-19 18:38:12,876 - Worker-20403060 - PlaylistPlayer.2040306023080222 - DEBUG - Esperando que la app se abra y estabilice (5-8s)...
2025-05-19 18:38:20,009 - Worker-20403060 - PlaylistPlayer.2040306023080222 - DEBUG - Verificando diálogo 'Abrir con'...
2025-05-19 18:38:45,787 - Worker-20403060 - PlaylistPlayer.2040306023080222 - DEBUG - No se detectó diálogo 'Abrir con' explícito.
2025-05-19 18:38:45,787 - Worker-20403060 - PlaylistPlayer.2040306023080222 - DEBUG - No se manejó el diálogo 'Abrir con' o no apareció.
2025-05-19 18:38:45,787 - Worker-20403060 - PlaylistPlayer.2040306023080222 - DEBUG - Verificando si Spotify está en primer plano...
2025-05-19 18:38:45,787 - Worker-20403060 - PlaylistPlayer.2040306023080222 - DEBUG - Intentando con comando dumpsys (1): adb -s 2040306023080222 shell dumpsys activity top
2025-05-19 18:38:51,119 - Worker-20403060 - PlaylistPlayer.2040306023080222 - WARNING - Spotify NO parece estar en primer plano según dumpsys.
2025-05-19 18:38:51,119 - Worker-20403060 - PlaylistPlayer.2040306023080222 - DEBUG - Capturando pantalla en C:\Users\def\Documents\OTWMusicSystem_Final\OTWMusicSystem_Final\otw_project\OTW_MUSIC_SYSTEM\screenshots\2040306023080222\spotify_not_foreground_screenshot_2040306023080222_20250519_183851119288.png
2025-05-19 18:38:52,300 - Worker-20403060 - PlaylistPlayer.2040306023080222 - INFO - Captura de pantalla guardada: C:\Users\def\Documents\OTWMusicSystem_Final\OTWMusicSystem_Final\otw_project\OTW_MUSIC_SYSTEM\screenshots\2040306023080222\spotify_not_foreground_screenshot_2040306023080222_20250519_183851119288.png
2025-05-19 18:38:52,300 - Worker-20403060 - PlaylistPlayer.2040306023080222 - WARNING - Spotify no detectado en primer plano después de abrir https://open.spotify.com/track/5or9LcgUYTjivDDoc7oTV9?si=cbe4827b93674048.
2025-05-19 18:38:52,301 - Worker-20403060 - PlaylistPlayer.2040306023080222 - DEBUG - Capturando pantalla en C:\Users\def\Documents\OTWMusicSystem_Final\OTWMusicSystem_Final\otw_project\OTW_MUSIC_SYSTEM\screenshots\2040306023080222\spotify_not_fg_after_open_5or9LcgUYTjivDDoc7oTV9?si=cbe4827b93674048_screenshot_2040306023080222_20250519_183852301419.png
2025-05-19 18:38:52,419 - Worker-20403060 - PlaylistPlayer.2040306023080222 - ERROR - Error al capturar pantalla: [Errno 22] Invalid argument: 'C:\\Users\\def\\Documents\\OTWMusicSystem_Final\\OTWMusicSystem_Final\\otw_project\\OTW_MUSIC_SYSTEM\\screenshots\\2040306023080222\\spotify_not_fg_after_open_5or9LcgUYTjivDDoc7oTV9?si=cbe4827b93674048_screenshot_2040306023080222_20250519_183852301419.png'
2025-05-19 18:38:52,419 - Worker-20403060 - PlaylistPlayer.2040306023080222 - INFO - Pausa antes de reintentar apertura de URL debido a no foreground (6.6s).
2025-05-19 18:38:59,010 - Worker-20403060 - PlaylistPlayer.2040306023080222 - INFO - Intentando abrir URL: https://open.spotify.com/track/5or9LcgUYTjivDDoc7oTV9?si=cbe4827b93674048 (Intento 4/3)
2025-05-19 18:38:59,010 - Worker-20403060 - PlaylistPlayer.2040306023080222 - ERROR - Máximos reintentos (3) alcanzados para abrir URL https://open.spotify.com/track/5or9LcgUYTjivDDoc7oTV9?si=cbe4827b93674048
2025-05-19 18:38:59,010 - Worker-20403060 - PlaylistPlayer.2040306023080222 - DEBUG - Capturando pantalla en C:\Users\def\Documents\OTWMusicSystem_Final\OTWMusicSystem_Final\otw_project\OTW_MUSIC_SYSTEM\screenshots\2040306023080222\open_url_max_retries_fail_5or9LcgUYTjivDDoc7oTV9?si=cbe4827b93674048_screenshot_2040306023080222_20250519_183859010396.png
2025-05-19 18:38:59,168 - Worker-20403060 - PlaylistPlayer.2040306023080222 - ERROR - Error al capturar pantalla: [Errno 22] Invalid argument: 'C:\\Users\\def\\Documents\\OTWMusicSystem_Final\\OTWMusicSystem_Final\\otw_project\\OTW_MUSIC_SYSTEM\\screenshots\\2040306023080222\\open_url_max_retries_fail_5or9LcgUYTjivDDoc7oTV9?si=cbe4827b93674048_screenshot_2040306023080222_20250519_183859010396.png'
2025-05-19 18:38:59,169 - Worker-20403060 - PlaylistPlayer.2040306023080222 - ERROR - No se pudo abrir el track https://open.spotify.com/track/5or9LcgUYTjivDDoc7oTV9?si=cbe4827b93674048. Terminando interacción.
2025-05-19 18:38:59,169 - Worker-20403060 - PlaylistPlayer.2040306023080222 - INFO - Sesión #2 completada. Pausa de 8.7s.
2025-05-19 18:39:07,879 - Worker-20403060 - PlaylistPlayer.2040306023080222 - INFO - --- Iniciando Sesión de Interacción #3 ---
2025-05-19 18:39:07,879 - Worker-20403060 - PlaylistPlayer.2040306023080222 - INFO - Selección: Link (track) -> https://open.spotify.com/track/06ZSfcXsyqm8qw1kFxQrrV?si=367b0c354a934ba0
2025-05-19 18:39:07,879 - Worker-20403060 - PlaylistPlayer.2040306023080222 - INFO - Iniciando interacción con TRACK: https://open.spotify.com/track/06ZSfcXsyqm8qw1kFxQrrV?si=367b0c354a934ba0
2025-05-19 18:39:07,879 - Worker-20403060 - PlaylistPlayer.2040306023080222 - INFO - Intentando abrir URL: https://open.spotify.com/track/06ZSfcXsyqm8qw1kFxQrrV?si=367b0c354a934ba0 (Intento 1/3)
2025-05-19 18:39:07,879 - Worker-20403060 - PlaylistPlayer.2040306023080222 - DEBUG - Forzando detención de Spotify (com.spotify.music) antes de abrir URL.
2025-05-19 18:39:09,114 - Worker-20403060 - PlaylistPlayer.2040306023080222 - DEBUG - Presionando HOME.
2025-05-19 18:39:11,528 - Worker-20403060 - PlaylistPlayer.2040306023080222 - DEBUG - Ejecutando ADB intent para URL: https://open.spotify.com/track/06ZSfcXsyqm8qw1kFxQrrV?si=367b0c354a934ba0
2025-05-19 18:39:13,622 - Worker-20403060 - PlaylistPlayer.2040306023080222 - DEBUG - Resultado ADB 'am start': stdout='Starting: Intent { act=android.intent.action.VIEW dat=https://open.spotify.com/... flg=0x10008000 }', stderr=''
2025-05-19 18:39:16,065 - Worker-20403060 - PlaylistPlayer.2040306023080222 - DEBUG - Esperando que la app se abra y estabilice (5-8s)...
2025-05-19 18:39:21,442 - Worker-20403060 - PlaylistPlayer.2040306023080222 - DEBUG - Verificando diálogo 'Abrir con'...
2025-05-19 18:40:29,898 - Worker-20403060 - PlaylistPlayer.2040306023080222 - DEBUG - No se detectó diálogo 'Abrir con' explícito.
2025-05-19 18:40:29,898 - Worker-20403060 - PlaylistPlayer.2040306023080222 - DEBUG - No se manejó el diálogo 'Abrir con' o no apareció.
2025-05-19 18:40:29,898 - Worker-20403060 - PlaylistPlayer.2040306023080222 - DEBUG - Verificando si Spotify está en primer plano...
2025-05-19 18:40:29,898 - Worker-20403060 - PlaylistPlayer.2040306023080222 - DEBUG - Intentando con comando dumpsys (1): adb -s 2040306023080222 shell dumpsys activity top
2025-05-19 18:40:31,222 - Worker-20403060 - PlaylistPlayer.2040306023080222 - WARNING - Spotify NO parece estar en primer plano según dumpsys.
2025-05-19 18:40:31,223 - Worker-20403060 - PlaylistPlayer.2040306023080222 - DEBUG - Capturando pantalla en C:\Users\def\Documents\OTWMusicSystem_Final\OTWMusicSystem_Final\otw_project\OTW_MUSIC_SYSTEM\screenshots\2040306023080222\spotify_not_foreground_screenshot_2040306023080222_20250519_184031222325.png
2025-05-19 18:40:34,648 - Worker-20403060 - PlaylistPlayer.2040306023080222 - INFO - Captura de pantalla guardada: C:\Users\def\Documents\OTWMusicSystem_Final\OTWMusicSystem_Final\otw_project\OTW_MUSIC_SYSTEM\screenshots\2040306023080222\spotify_not_foreground_screenshot_2040306023080222_20250519_184031222325.png
2025-05-19 18:40:34,648 - Worker-20403060 - PlaylistPlayer.2040306023080222 - WARNING - Spotify no detectado en primer plano después de abrir https://open.spotify.com/track/06ZSfcXsyqm8qw1kFxQrrV?si=367b0c354a934ba0.
2025-05-19 18:40:34,649 - Worker-20403060 - PlaylistPlayer.2040306023080222 - DEBUG - Capturando pantalla en C:\Users\def\Documents\OTWMusicSystem_Final\OTWMusicSystem_Final\otw_project\OTW_MUSIC_SYSTEM\screenshots\2040306023080222\spotify_not_fg_after_open_06ZSfcXsyqm8qw1kFxQrrV?si=367b0c354a934ba0_screenshot_2040306023080222_20250519_184034648581.png
2025-05-19 18:40:34,963 - Worker-20403060 - PlaylistPlayer.2040306023080222 - ERROR - Error al capturar pantalla: [Errno 22] Invalid argument: 'C:\\Users\\def\\Documents\\OTWMusicSystem_Final\\OTWMusicSystem_Final\\otw_project\\OTW_MUSIC_SYSTEM\\screenshots\\2040306023080222\\spotify_not_fg_after_open_06ZSfcXsyqm8qw1kFxQrrV?si=367b0c354a934ba0_screenshot_2040306023080222_20250519_184034648581.png'
2025-05-19 18:40:34,963 - Worker-20403060 - PlaylistPlayer.2040306023080222 - INFO - Pausa antes de reintentar apertura de URL debido a no foreground (4.4s).
2025-05-19 18:40:39,884 - Worker-20403060 - PlaylistPlayer.2040306023080222 - INFO - Intentando abrir URL: https://open.spotify.com/track/06ZSfcXsyqm8qw1kFxQrrV?si=367b0c354a934ba0 (Intento 2/3)
2025-05-19 18:40:39,884 - Worker-20403060 - PlaylistPlayer.2040306023080222 - DEBUG - Forzando detención de Spotify (com.spotify.music) antes de abrir URL.
2025-05-19 18:40:40,948 - Worker-20403060 - PlaylistPlayer.2040306023080222 - DEBUG - Presionando HOME.
2025-05-19 18:40:42,334 - Worker-20403060 - PlaylistPlayer.2040306023080222 - DEBUG - Ejecutando ADB intent para URL: https://open.spotify.com/track/06ZSfcXsyqm8qw1kFxQrrV?si=367b0c354a934ba0
2025-05-19 18:40:44,250 - Worker-20403060 - PlaylistPlayer.2040306023080222 - DEBUG - Resultado ADB 'am start': stdout='Starting: Intent { act=android.intent.action.VIEW dat=https://open.spotify.com/... flg=0x10008000 }', stderr=''
2025-05-19 18:40:46,537 - Worker-20403060 - PlaylistPlayer.2040306023080222 - DEBUG - Esperando que la app se abra y estabilice (5-8s)...
2025-05-19 18:40:52,784 - Worker-20403060 - PlaylistPlayer.2040306023080222 - DEBUG - Verificando diálogo 'Abrir con'...
2025-05-19 18:41:45,319 - Worker-20403060 - PlaylistPlayer.2040306023080222 - DEBUG - No se detectó diálogo 'Abrir con' explícito.
2025-05-19 18:41:45,320 - Worker-20403060 - PlaylistPlayer.2040306023080222 - DEBUG - No se manejó el diálogo 'Abrir con' o no apareció.
2025-05-19 18:41:45,320 - Worker-20403060 - PlaylistPlayer.2040306023080222 - DEBUG - Verificando si Spotify está en primer plano...
2025-05-19 18:41:45,320 - Worker-20403060 - PlaylistPlayer.2040306023080222 - DEBUG - Intentando con comando dumpsys (1): adb -s 2040306023080222 shell dumpsys activity top
2025-05-19 18:41:48,696 - Worker-20403060 - PlaylistPlayer.2040306023080222 - WARNING - Spotify NO parece estar en primer plano según dumpsys.
2025-05-19 18:41:48,696 - Worker-20403060 - PlaylistPlayer.2040306023080222 - DEBUG - Capturando pantalla en C:\Users\def\Documents\OTWMusicSystem_Final\OTWMusicSystem_Final\otw_project\OTW_MUSIC_SYSTEM\screenshots\2040306023080222\spotify_not_foreground_screenshot_2040306023080222_20250519_184148696672.png
2025-05-19 18:41:50,076 - Worker-20403060 - PlaylistPlayer.2040306023080222 - INFO - Captura de pantalla guardada: C:\Users\def\Documents\OTWMusicSystem_Final\OTWMusicSystem_Final\otw_project\OTW_MUSIC_SYSTEM\screenshots\2040306023080222\spotify_not_foreground_screenshot_2040306023080222_20250519_184148696672.png
2025-05-19 18:41:50,076 - Worker-20403060 - PlaylistPlayer.2040306023080222 - WARNING - Spotify no detectado en primer plano después de abrir https://open.spotify.com/track/06ZSfcXsyqm8qw1kFxQrrV?si=367b0c354a934ba0.
2025-05-19 18:41:50,077 - Worker-20403060 - PlaylistPlayer.2040306023080222 - DEBUG - Capturando pantalla en C:\Users\def\Documents\OTWMusicSystem_Final\OTWMusicSystem_Final\otw_project\OTW_MUSIC_SYSTEM\screenshots\2040306023080222\spotify_not_fg_after_open_06ZSfcXsyqm8qw1kFxQrrV?si=367b0c354a934ba0_screenshot_2040306023080222_20250519_184150076877.png
2025-05-19 18:41:50,195 - Worker-20403060 - PlaylistPlayer.2040306023080222 - ERROR - Error al capturar pantalla: [Errno 22] Invalid argument: 'C:\\Users\\def\\Documents\\OTWMusicSystem_Final\\OTWMusicSystem_Final\\otw_project\\OTW_MUSIC_SYSTEM\\screenshots\\2040306023080222\\spotify_not_fg_after_open_06ZSfcXsyqm8qw1kFxQrrV?si=367b0c354a934ba0_screenshot_2040306023080222_20250519_184150076877.png'
2025-05-19 18:41:50,196 - Worker-20403060 - PlaylistPlayer.2040306023080222 - INFO - Pausa antes de reintentar apertura de URL debido a no foreground (6.9s).
2025-05-19 18:41:57,020 - Worker-20403060 - PlaylistPlayer.2040306023080222 - INFO - Intentando abrir URL: https://open.spotify.com/track/06ZSfcXsyqm8qw1kFxQrrV?si=367b0c354a934ba0 (Intento 3/3)
2025-05-19 18:41:57,020 - Worker-20403060 - PlaylistPlayer.2040306023080222 - DEBUG - Forzando detención de Spotify (com.spotify.music) antes de abrir URL.
2025-05-19 18:41:57,967 - Worker-20403060 - PlaylistPlayer.2040306023080222 - DEBUG - Presionando HOME.
2025-05-19 18:41:59,823 - Worker-20403060 - PlaylistPlayer.2040306023080222 - DEBUG - Ejecutando ADB intent para URL: https://open.spotify.com/track/06ZSfcXsyqm8qw1kFxQrrV?si=367b0c354a934ba0
2025-05-19 18:42:01,282 - Worker-20403060 - PlaylistPlayer.2040306023080222 - DEBUG - Resultado ADB 'am start': stdout='Starting: Intent { act=android.intent.action.VIEW dat=https://open.spotify.com/... flg=0x10008000 }', stderr=''
2025-05-19 18:42:02,895 - Worker-20403060 - PlaylistPlayer.2040306023080222 - DEBUG - Esperando que la app se abra y estabilice (5-8s)...
2025-05-19 18:42:09,571 - Worker-20403060 - PlaylistPlayer.2040306023080222 - DEBUG - Verificando diálogo 'Abrir con'...
2025-05-19 18:42:55,265 - Worker-20403060 - PlaylistPlayer.2040306023080222 - DEBUG - No se detectó diálogo 'Abrir con' explícito.
2025-05-19 18:42:55,265 - Worker-20403060 - PlaylistPlayer.2040306023080222 - DEBUG - No se manejó el diálogo 'Abrir con' o no apareció.
2025-05-19 18:42:55,266 - Worker-20403060 - PlaylistPlayer.2040306023080222 - DEBUG - Verificando si Spotify está en primer plano...
2025-05-19 18:42:55,266 - Worker-20403060 - PlaylistPlayer.2040306023080222 - DEBUG - Intentando con comando dumpsys (1): adb -s 2040306023080222 shell dumpsys activity top
2025-05-19 18:42:59,372 - Worker-20403060 - PlaylistPlayer.2040306023080222 - WARNING - Spotify NO parece estar en primer plano según dumpsys.
2025-05-19 18:42:59,373 - Worker-20403060 - PlaylistPlayer.2040306023080222 - DEBUG - Capturando pantalla en C:\Users\def\Documents\OTWMusicSystem_Final\OTWMusicSystem_Final\otw_project\OTW_MUSIC_SYSTEM\screenshots\2040306023080222\spotify_not_foreground_screenshot_2040306023080222_20250519_184259373257.png
2025-05-19 18:43:00,716 - Worker-20403060 - PlaylistPlayer.2040306023080222 - INFO - Captura de pantalla guardada: C:\Users\def\Documents\OTWMusicSystem_Final\OTWMusicSystem_Final\otw_project\OTW_MUSIC_SYSTEM\screenshots\2040306023080222\spotify_not_foreground_screenshot_2040306023080222_20250519_184259373257.png
2025-05-19 18:43:00,716 - Worker-20403060 - PlaylistPlayer.2040306023080222 - WARNING - Spotify no detectado en primer plano después de abrir https://open.spotify.com/track/06ZSfcXsyqm8qw1kFxQrrV?si=367b0c354a934ba0.
2025-05-19 18:43:00,717 - Worker-20403060 - PlaylistPlayer.2040306023080222 - DEBUG - Capturando pantalla en C:\Users\def\Documents\OTWMusicSystem_Final\OTWMusicSystem_Final\otw_project\OTW_MUSIC_SYSTEM\screenshots\2040306023080222\spotify_not_fg_after_open_06ZSfcXsyqm8qw1kFxQrrV?si=367b0c354a934ba0_screenshot_2040306023080222_20250519_184300717332.png
2025-05-19 18:43:00,843 - Worker-20403060 - PlaylistPlayer.2040306023080222 - ERROR - Error al capturar pantalla: [Errno 22] Invalid argument: 'C:\\Users\\def\\Documents\\OTWMusicSystem_Final\\OTWMusicSystem_Final\\otw_project\\OTW_MUSIC_SYSTEM\\screenshots\\2040306023080222\\spotify_not_fg_after_open_06ZSfcXsyqm8qw1kFxQrrV?si=367b0c354a934ba0_screenshot_2040306023080222_20250519_184300717332.png'
2025-05-19 18:43:00,843 - Worker-20403060 - PlaylistPlayer.2040306023080222 - INFO - Pausa antes de reintentar apertura de URL debido a no foreground (5.9s).
2025-05-19 18:43:07,619 - Worker-20403060 - PlaylistPlayer.2040306023080222 - INFO - Intentando abrir URL: https://open.spotify.com/track/06ZSfcXsyqm8qw1kFxQrrV?si=367b0c354a934ba0 (Intento 4/3)
2025-05-19 18:43:07,619 - Worker-20403060 - PlaylistPlayer.2040306023080222 - ERROR - Máximos reintentos (3) alcanzados para abrir URL https://open.spotify.com/track/06ZSfcXsyqm8qw1kFxQrrV?si=367b0c354a934ba0
2025-05-19 18:43:07,620 - Worker-20403060 - PlaylistPlayer.2040306023080222 - DEBUG - Capturando pantalla en C:\Users\def\Documents\OTWMusicSystem_Final\OTWMusicSystem_Final\otw_project\OTW_MUSIC_SYSTEM\screenshots\2040306023080222\open_url_max_retries_fail_06ZSfcXsyqm8qw1kFxQrrV?si=367b0c354a934ba0_screenshot_2040306023080222_20250519_184307619703.png
2025-05-19 18:43:07,749 - Worker-20403060 - PlaylistPlayer.2040306023080222 - ERROR - Error al capturar pantalla: [Errno 22] Invalid argument: 'C:\\Users\\def\\Documents\\OTWMusicSystem_Final\\OTWMusicSystem_Final\\otw_project\\OTW_MUSIC_SYSTEM\\screenshots\\2040306023080222\\open_url_max_retries_fail_06ZSfcXsyqm8qw1kFxQrrV?si=367b0c354a934ba0_screenshot_2040306023080222_20250519_184307619703.png'
2025-05-19 18:43:07,749 - Worker-20403060 - PlaylistPlayer.2040306023080222 - ERROR - No se pudo abrir el track https://open.spotify.com/track/06ZSfcXsyqm8qw1kFxQrrV?si=367b0c354a934ba0. Terminando interacción.
2025-05-19 18:43:07,749 - Worker-20403060 - PlaylistPlayer.2040306023080222 - INFO - Decidiendo realizar una búsqueda aleatoria...
2025-05-19 18:43:07,750 - Worker-20403060 - PlaylistPlayer.2040306023080222 - DEBUG - Pausa de 4.9s antes de la búsqueda.
2025-05-19 18:43:12,631 - Worker-20403060 - PlaylistPlayer.2040306023080222 - INFO - Iniciando simulación de BÚSQUEDA.
2025-05-19 18:43:12,631 - Worker-20403060 - PlaylistPlayer.2040306023080222 - DEBUG - Intentando Pestaña Búsqueda (sel 1): {'descriptionMatches': '(?i)Search|Buscar', 'className': 'android.widget.Button'}
2025-05-19 18:43:14,800 - Worker-20403060 - PlaylistPlayer.2040306023080222 - DEBUG - Intentando Pestaña Búsqueda (sel 2): {'descriptionMatches': '(?i)Search|Buscar', 'className': 'android.widget.TextView'}
2025-05-19 18:43:16,999 - Worker-20403060 - PlaylistPlayer.2040306023080222 - DEBUG - Intentando Pestaña Búsqueda (sel 3): {'resourceId': 'com.spotify.music:id/search_tab'}
2025-05-19 18:43:19,311 - Worker-20403060 - PlaylistPlayer.2040306023080222 - DEBUG - Intentando Pestaña Búsqueda (sel 4): {'textMatches': '(?i)Search|Buscar'}
2025-05-19 18:43:21,538 - Worker-20403060 - PlaylistPlayer.2040306023080222 - WARNING - No se encontró o no se pudo clickear la Pestaña de Búsqueda. Saltando búsqueda.
2025-05-19 18:43:21,538 - Worker-20403060 - PlaylistPlayer.2040306023080222 - DEBUG - Capturando pantalla en C:\Users\def\Documents\OTWMusicSystem_Final\OTWMusicSystem_Final\otw_project\OTW_MUSIC_SYSTEM\screenshots\2040306023080222\search_tab_fail_screenshot_2040306023080222_20250519_184321538508.png
2025-05-19 18:43:21,716 - Worker-20403060 - PlaylistPlayer.2040306023080222 - INFO - Captura de pantalla guardada: C:\Users\def\Documents\OTWMusicSystem_Final\OTWMusicSystem_Final\otw_project\OTW_MUSIC_SYSTEM\screenshots\2040306023080222\search_tab_fail_screenshot_2040306023080222_20250519_184321538508.png
2025-05-19 18:43:21,717 - Worker-20403060 - PlaylistPlayer.2040306023080222 - INFO - Sesión #3 completada. Pausa de 8.3s.
2025-05-19 18:43:30,046 - Worker-20403060 - PlaylistPlayer.2040306023080222 - INFO - --- Iniciando Sesión de Interacción #4 ---
2025-05-19 18:43:30,046 - Worker-20403060 - PlaylistPlayer.2040306023080222 - INFO - Selección: Link (track) -> https://open.spotify.com/track/0g890lgQN05j7jXRz3gfML?si=15c6f5bdf6ca4f8f
2025-05-19 18:43:30,046 - Worker-20403060 - PlaylistPlayer.2040306023080222 - INFO - Iniciando interacción con TRACK: https://open.spotify.com/track/0g890lgQN05j7jXRz3gfML?si=15c6f5bdf6ca4f8f
2025-05-19 18:43:30,046 - Worker-20403060 - PlaylistPlayer.2040306023080222 - INFO - Intentando abrir URL: https://open.spotify.com/track/0g890lgQN05j7jXRz3gfML?si=15c6f5bdf6ca4f8f (Intento 1/3)
2025-05-19 18:43:30,047 - Worker-20403060 - PlaylistPlayer.2040306023080222 - DEBUG - Forzando detención de Spotify (com.spotify.music) antes de abrir URL.
2025-05-19 18:43:31,335 - Worker-20403060 - PlaylistPlayer.2040306023080222 - DEBUG - Presionando HOME.
2025-05-19 18:43:33,284 - Worker-20403060 - PlaylistPlayer.2040306023080222 - DEBUG - Ejecutando ADB intent para URL: https://open.spotify.com/track/0g890lgQN05j7jXRz3gfML?si=15c6f5bdf6ca4f8f
2025-05-19 18:43:34,917 - Worker-20403060 - PlaylistPlayer.2040306023080222 - DEBUG - Resultado ADB 'am start': stdout='Starting: Intent { act=android.intent.action.VIEW dat=https://open.spotify.com/... flg=0x10008000 }', stderr=''
2025-05-19 18:43:36,260 - Worker-20403060 - PlaylistPlayer.2040306023080222 - DEBUG - Esperando que la app se abra y estabilice (5-8s)...
2025-05-19 18:43:43,690 - Worker-20403060 - PlaylistPlayer.2040306023080222 - DEBUG - Verificando diálogo 'Abrir con'...
2025-05-19 18:44:22,957 - Worker-20403060 - PlaylistPlayer.2040306023080222 - DEBUG - No se detectó diálogo 'Abrir con' explícito.
2025-05-19 18:44:22,957 - Worker-20403060 - PlaylistPlayer.2040306023080222 - DEBUG - No se manejó el diálogo 'Abrir con' o no apareció.
2025-05-19 18:44:22,957 - Worker-20403060 - PlaylistPlayer.2040306023080222 - DEBUG - Verificando si Spotify está en primer plano...
2025-05-19 18:44:22,958 - Worker-20403060 - PlaylistPlayer.2040306023080222 - DEBUG - Intentando con comando dumpsys (1): adb -s 2040306023080222 shell dumpsys activity top
2025-05-19 18:44:28,263 - Worker-20403060 - PlaylistPlayer.2040306023080222 - WARNING - Spotify NO parece estar en primer plano según dumpsys.
2025-05-19 18:44:28,264 - Worker-20403060 - PlaylistPlayer.2040306023080222 - DEBUG - Capturando pantalla en C:\Users\def\Documents\OTWMusicSystem_Final\OTWMusicSystem_Final\otw_project\OTW_MUSIC_SYSTEM\screenshots\2040306023080222\spotify_not_foreground_screenshot_2040306023080222_20250519_184428263665.png
2025-05-19 18:44:29,773 - Worker-20403060 - PlaylistPlayer.2040306023080222 - INFO - Captura de pantalla guardada: C:\Users\def\Documents\OTWMusicSystem_Final\OTWMusicSystem_Final\otw_project\OTW_MUSIC_SYSTEM\screenshots\2040306023080222\spotify_not_foreground_screenshot_2040306023080222_20250519_184428263665.png
2025-05-19 18:44:29,774 - Worker-20403060 - PlaylistPlayer.2040306023080222 - WARNING - Spotify no detectado en primer plano después de abrir https://open.spotify.com/track/0g890lgQN05j7jXRz3gfML?si=15c6f5bdf6ca4f8f.
2025-05-19 18:44:29,774 - Worker-20403060 - PlaylistPlayer.2040306023080222 - DEBUG - Capturando pantalla en C:\Users\def\Documents\OTWMusicSystem_Final\OTWMusicSystem_Final\otw_project\OTW_MUSIC_SYSTEM\screenshots\2040306023080222\spotify_not_fg_after_open_0g890lgQN05j7jXRz3gfML?si=15c6f5bdf6ca4f8f_screenshot_2040306023080222_20250519_184429774362.png
2025-05-19 18:44:30,008 - Worker-20403060 - PlaylistPlayer.2040306023080222 - ERROR - Error al capturar pantalla: [Errno 22] Invalid argument: 'C:\\Users\\def\\Documents\\OTWMusicSystem_Final\\OTWMusicSystem_Final\\otw_project\\OTW_MUSIC_SYSTEM\\screenshots\\2040306023080222\\spotify_not_fg_after_open_0g890lgQN05j7jXRz3gfML?si=15c6f5bdf6ca4f8f_screenshot_2040306023080222_20250519_184429774362.png'
2025-05-19 18:44:30,009 - Worker-20403060 - PlaylistPlayer.2040306023080222 - INFO - Pausa antes de reintentar apertura de URL debido a no foreground (4.8s).
2025-05-19 18:44:36,606 - Worker-20403060 - PlaylistPlayer.2040306023080222 - INFO - Intentando abrir URL: https://open.spotify.com/track/0g890lgQN05j7jXRz3gfML?si=15c6f5bdf6ca4f8f (Intento 2/3)
2025-05-19 18:44:36,606 - Worker-20403060 - PlaylistPlayer.2040306023080222 - DEBUG - Forzando detención de Spotify (com.spotify.music) antes de abrir URL.
2025-05-19 18:44:38,014 - Worker-20403060 - PlaylistPlayer.2040306023080222 - DEBUG - Presionando HOME.
2025-05-19 18:44:40,093 - Worker-20403060 - PlaylistPlayer.2040306023080222 - DEBUG - Ejecutando ADB intent para URL: https://open.spotify.com/track/0g890lgQN05j7jXRz3gfML?si=15c6f5bdf6ca4f8f
2025-05-19 18:44:41,892 - Worker-20403060 - PlaylistPlayer.2040306023080222 - DEBUG - Resultado ADB 'am start': stdout='Starting: Intent { act=android.intent.action.VIEW dat=https://open.spotify.com/... flg=0x10008000 }', stderr=''
2025-05-19 18:44:43,859 - Worker-20403060 - PlaylistPlayer.2040306023080222 - DEBUG - Esperando que la app se abra y estabilice (5-8s)...
2025-05-19 18:44:49,852 - Worker-20403060 - PlaylistPlayer.2040306023080222 - DEBUG - Verificando diálogo 'Abrir con'...
