2025-05-19 22:13:49,892 - Worker-20403060 - PlaylistPlayer.2040306023080222 - INFO - Worker thread INICIADO. Logs en: C:\Users\def\Documents\OTWMusicSystem_Final\OTWMusicSystem_Final\otw_project\OTW_MUSIC_SYSTEM\logs\2040306023080222\playlist_player_20250519_221349.log
2025-05-19 22:13:49,893 - Worker-20403060 - PlaylistPlayer.2040306023080222 - INFO - Personalidad Creada (SLOW_MODE_FACTOR=1.75):
  TotalSessionDur: [45-150]m
  InitPlaylistDur: [30-120]m
  ArtistPlayDur: [10-30]m, Songs: [3-6]
  TrackSessionDur: [25-70]m, SingleTrack: [65-135]s
  Probs: LikePlaylist=0.69, Shuffle=0.71, SwitchPlaylist=0.35
  VisitArtist=0.47, FollowArtist=0.79, ExploreTracks=0.44, Search=0.14
2025-05-19 22:13:49,896 - Worker-20403060 - PlaylistPlayer.2040306023080222 - INFO - Conectando uiautomator2 (intento 1/3)...
2025-05-19 22:13:56,397 - Worker-20403060 - PlaylistPlayer.2040306023080222 - INFO - Conectado (Device: Studio_X5_Max, Android: N/A).
2025-05-19 22:13:57,003 - Worker-20403060 - PlaylistPlayer.2040306023080222 - INFO - Spotify (com.spotify.music v9.0.36.484) instalado.
2025-05-19 22:13:57,003 - Worker-20403060 - PlaylistPlayer.2040306023080222 - INFO - Setup inicial (kill Spotify, home).
2025-05-19 22:13:57,003 - Worker-20403060 - PlaylistPlayer.2040306023080222 - WARNING - Advertencia setup inicial: 'Device' object has no attribute 'app_kill'
2025-05-19 22:13:57,004 - Worker-20403060 - PlaylistPlayer.2040306023080222 - DEBUG - Capturando pantalla en C:\Users\def\Documents\OTWMusicSystem_Final\OTWMusicSystem_Final\otw_project\OTW_MUSIC_SYSTEM\screenshots\2040306023080222\init_setup_warn_screenshot_2040306023080222_20250519_221357003675.png
2025-05-19 22:14:00,527 - Worker-20403060 - PlaylistPlayer.2040306023080222 - INFO - Captura de pantalla guardada: C:\Users\def\Documents\OTWMusicSystem_Final\OTWMusicSystem_Final\otw_project\OTW_MUSIC_SYSTEM\screenshots\2040306023080222\init_setup_warn_screenshot_2040306023080222_20250519_221357003675.png
2025-05-19 22:14:00,527 - Worker-20403060 - PlaylistPlayer.2040306023080222 - INFO - --- Iniciando GRAN SESIÓN DE ESCUCHA #1 (Duración objetivo: ~121.0 min) ---
2025-05-19 22:14:00,527 - Worker-20403060 - PlaylistPlayer.2040306023080222 - INFO - Fase 1: Reproducción de Playlist Inicial Larga.
2025-05-19 22:14:00,528 - Worker-20403060 - PlaylistPlayer.2040306023080222 - INFO - Iniciando PLAYLIST: https://open.spotify.com/playlist/3h6pIE4rE6z8OyxNMOqW8t?si=H8FB0OalRKGjeMjEXVgSJw por ~69 min.
2025-05-19 22:14:00,528 - Worker-20403060 - PlaylistPlayer.2040306023080222 - INFO - Intentando abrir URL: https://open.spotify.com/playlist/3h6pIE4rE6z8OyxNMOqW8t?si=H8FB0OalRKGjeMjEXVgSJw (Intento 1/3)
2025-05-19 22:14:00,528 - Worker-20403060 - PlaylistPlayer.2040306023080222 - DEBUG - Forzando detención de Spotify (com.spotify.music).
2025-05-19 22:14:02,200 - Worker-20403060 - PlaylistPlayer.2040306023080222 - DEBUG - Presionando HOME.
2025-05-19 22:14:05,749 - Worker-20403060 - PlaylistPlayer.2040306023080222 - DEBUG - Ejecutando ADB intent para URL: https://open.spotify.com/playlist/3h6pIE4rE6z8OyxNMOqW8t?si=H8FB0OalRKGjeMjEXVgSJw
2025-05-19 22:14:08,287 - Worker-20403060 - PlaylistPlayer.2040306023080222 - DEBUG - Resultado ADB: stdout='Starting: Intent { act=android.intent.action.VIEW dat=https://open.spotify.com/... flg=0x10008000 }', stderr=''
2025-05-19 22:14:12,045 - Worker-20403060 - PlaylistPlayer.2040306023080222 - DEBUG - Esperando app estabilice...
2025-05-19 22:14:25,642 - Worker-20403060 - PlaylistPlayer.2040306023080222 - DEBUG - Verificando diálogo 'Abrir con'...
