2025-05-19 19:37:03,767 - Worker-20403060 - PlaylistPlayer.2040306023080222 - INFO - Worker thread INICIADO. Logs en: C:\Users\def\Documents\OTWMusicSystem_Final\OTWMusicSystem_Final\otw_project\OTW_MUSIC_SYSTEM\logs\2040306023080222\playlist_player_20250519_193703.log
2025-05-19 19:37:03,767 - Worker-20403060 - PlaylistPlayer.2040306023080222 - INFO - Personalidad Creada (SLOW_MODE_FACTOR=1.75): InitPlaylistDur=[30-35]m, ArtistDur=[30-60]m, IndivTrackSessDur=[60-90]m, SingleTrackDur=[60-120]s, VisitArtistProb=0.64, PlayIndivTracksProb=0.36
2025-05-19 19:37:03,768 - Worker-20403060 - PlaylistPlayer.2040306023080222 - INFO - Conectando uiautomator2 (intento 1/3)...
2025-05-19 19:37:10,582 - Worker-20403060 - PlaylistPlayer.2040306023080222 - INFO - Conectado (Device: Studio_X5_Max, Android: N/A).
2025-05-19 19:37:11,723 - Worker-20403060 - PlaylistPlayer.2040306023080222 - INFO - Spotify (com.spotify.music v9.0.36.484) instalado.
2025-05-19 19:37:11,723 - Worker-20403060 - PlaylistPlayer.2040306023080222 - INFO - Setup inicial (kill Spotify, home).
2025-05-19 19:37:11,723 - Worker-20403060 - PlaylistPlayer.2040306023080222 - WARNING - Advertencia setup inicial: 'Device' object has no attribute 'app_kill'
2025-05-19 19:37:11,724 - Worker-20403060 - PlaylistPlayer.2040306023080222 - DEBUG - Capturando pantalla en C:\Users\def\Documents\OTWMusicSystem_Final\OTWMusicSystem_Final\otw_project\OTW_MUSIC_SYSTEM\screenshots\2040306023080222\init_setup_warn_screenshot_2040306023080222_20250519_193711723915.png
2025-05-19 19:37:14,855 - Worker-20403060 - PlaylistPlayer.2040306023080222 - INFO - Captura de pantalla guardada: C:\Users\def\Documents\OTWMusicSystem_Final\OTWMusicSystem_Final\otw_project\OTW_MUSIC_SYSTEM\screenshots\2040306023080222\init_setup_warn_screenshot_2040306023080222_20250519_193711723915.png
2025-05-19 19:37:14,855 - Worker-20403060 - PlaylistPlayer.2040306023080222 - INFO - --- Iniciando CICLO DE VIDA DE INTERACCIÓN #1 ---
2025-05-19 19:37:14,856 - Worker-20403060 - PlaylistPlayer.2040306023080222 - INFO - Fase 1: Playlist Inicial.
2025-05-19 19:37:14,856 - Worker-20403060 - PlaylistPlayer.2040306023080222 - INFO - Iniciando PLAYLIST: https://open.spotify.com/playlist/5XrvAtxjUWcbTNgLHc9hz2?si=8J8GtCkARCaiIlIOWzgMnA por ~30 min.
2025-05-19 19:37:14,856 - Worker-20403060 - PlaylistPlayer.2040306023080222 - INFO - Intentando abrir URL: https://open.spotify.com/playlist/5XrvAtxjUWcbTNgLHc9hz2?si=8J8GtCkARCaiIlIOWzgMnA (Intento 1/3)
2025-05-19 19:37:14,856 - Worker-20403060 - PlaylistPlayer.2040306023080222 - DEBUG - Forzando detención de Spotify (com.spotify.music).
2025-05-19 19:37:17,462 - Worker-20403060 - PlaylistPlayer.2040306023080222 - DEBUG - Presionando HOME.
2025-05-19 19:37:20,297 - Worker-20403060 - PlaylistPlayer.2040306023080222 - DEBUG - Ejecutando ADB intent para URL: https://open.spotify.com/playlist/5XrvAtxjUWcbTNgLHc9hz2?si=8J8GtCkARCaiIlIOWzgMnA
2025-05-19 19:37:23,558 - Worker-20403060 - PlaylistPlayer.2040306023080222 - DEBUG - Resultado ADB: stdout='Starting: Intent { act=android.intent.action.VIEW dat=https://open.spotify.com/... flg=0x10008000 }', stderr=''
2025-05-19 19:37:26,780 - Worker-20403060 - PlaylistPlayer.2040306023080222 - DEBUG - Esperando app estabilice...
2025-05-19 19:37:35,881 - Worker-20403060 - PlaylistPlayer.2040306023080222 - DEBUG - Verificando diálogo 'Abrir con'...
2025-05-19 19:37:48,622 - Worker-20403060 - PlaylistPlayer.2040306023080222 - DEBUG - No se detectó diálogo 'Abrir con' explícito.
2025-05-19 19:37:48,622 - Worker-20403060 - PlaylistPlayer.2040306023080222 - DEBUG - No se manejó diálogo 'Abrir con'.
2025-05-19 19:37:48,622 - Worker-20403060 - PlaylistPlayer.2040306023080222 - DEBUG - Verificando si Spotify está en primer plano...
2025-05-19 19:37:48,622 - Worker-20403060 - PlaylistPlayer.2040306023080222 - DEBUG - Intentando con comando dumpsys (1): adb -s 2040306023080222 shell dumpsys activity top
2025-05-19 19:37:50,721 - Worker-20403060 - PlaylistPlayer.2040306023080222 - WARNING - Spotify NO parece estar en primer plano.
2025-05-19 19:37:50,721 - Worker-20403060 - PlaylistPlayer.2040306023080222 - DEBUG - Capturando pantalla en C:\Users\def\Documents\OTWMusicSystem_Final\OTWMusicSystem_Final\otw_project\OTW_MUSIC_SYSTEM\screenshots\2040306023080222\spotify_not_foreground_screenshot_2040306023080222_20250519_193750721770.png
2025-05-19 19:37:51,628 - Worker-20403060 - PlaylistPlayer.2040306023080222 - INFO - Captura de pantalla guardada: C:\Users\def\Documents\OTWMusicSystem_Final\OTWMusicSystem_Final\otw_project\OTW_MUSIC_SYSTEM\screenshots\2040306023080222\spotify_not_foreground_screenshot_2040306023080222_20250519_193750721770.png
2025-05-19 19:37:51,628 - Worker-20403060 - PlaylistPlayer.2040306023080222 - WARNING - Spotify no en primer plano tras abrir https://open.spotify.com/playlist/5XrvAtxjUWcbTNgLHc9hz2?si=8J8GtCkARCaiIlIOWzgMnA.
2025-05-19 19:37:51,629 - Worker-20403060 - PlaylistPlayer.2040306023080222 - DEBUG - Capturando pantalla en C:\Users\def\Documents\OTWMusicSystem_Final\OTWMusicSystem_Final\otw_project\OTW_MUSIC_SYSTEM\screenshots\2040306023080222\spotify_not_fg_screenshot_2040306023080222_20250519_193751628719.png
2025-05-19 19:37:52,071 - Worker-20403060 - PlaylistPlayer.2040306023080222 - INFO - Captura de pantalla guardada: C:\Users\def\Documents\OTWMusicSystem_Final\OTWMusicSystem_Final\otw_project\OTW_MUSIC_SYSTEM\screenshots\2040306023080222\spotify_not_fg_screenshot_2040306023080222_20250519_193751628719.png
2025-05-19 19:38:03,766 - Worker-20403060 - PlaylistPlayer.2040306023080222 - INFO - Intentando abrir URL: https://open.spotify.com/playlist/5XrvAtxjUWcbTNgLHc9hz2?si=8J8GtCkARCaiIlIOWzgMnA (Intento 2/3)
2025-05-19 19:38:03,767 - Worker-20403060 - PlaylistPlayer.2040306023080222 - DEBUG - Forzando detención de Spotify (com.spotify.music).
2025-05-19 19:38:05,993 - Worker-20403060 - PlaylistPlayer.2040306023080222 - DEBUG - Presionando HOME.
2025-05-19 19:38:08,648 - Worker-20403060 - PlaylistPlayer.2040306023080222 - DEBUG - Ejecutando ADB intent para URL: https://open.spotify.com/playlist/5XrvAtxjUWcbTNgLHc9hz2?si=8J8GtCkARCaiIlIOWzgMnA
2025-05-19 19:38:10,957 - Worker-20403060 - PlaylistPlayer.2040306023080222 - DEBUG - Resultado ADB: stdout='Starting: Intent { act=android.intent.action.VIEW dat=https://open.spotify.com/... flg=0x10008000 }', stderr=''
2025-05-19 19:38:13,368 - Worker-20403060 - PlaylistPlayer.2040306023080222 - DEBUG - Esperando app estabilice...
2025-05-19 19:38:25,524 - Worker-20403060 - PlaylistPlayer.2040306023080222 - DEBUG - Verificando diálogo 'Abrir con'...
2025-05-19 19:38:33,822 - Worker-20403060 - PlaylistPlayer.2040306023080222 - DEBUG - No se detectó diálogo 'Abrir con' explícito.
2025-05-19 19:38:33,822 - Worker-20403060 - PlaylistPlayer.2040306023080222 - DEBUG - No se manejó diálogo 'Abrir con'.
2025-05-19 19:38:33,822 - Worker-20403060 - PlaylistPlayer.2040306023080222 - DEBUG - Verificando si Spotify está en primer plano...
2025-05-19 19:38:33,822 - Worker-20403060 - PlaylistPlayer.2040306023080222 - DEBUG - Intentando con comando dumpsys (1): adb -s 2040306023080222 shell dumpsys activity top
2025-05-19 19:38:40,281 - Worker-20403060 - PlaylistPlayer.2040306023080222 - WARNING - Spotify NO parece estar en primer plano.
2025-05-19 19:38:40,281 - Worker-20403060 - PlaylistPlayer.2040306023080222 - DEBUG - Capturando pantalla en C:\Users\def\Documents\OTWMusicSystem_Final\OTWMusicSystem_Final\otw_project\OTW_MUSIC_SYSTEM\screenshots\2040306023080222\spotify_not_foreground_screenshot_2040306023080222_20250519_193840281228.png
2025-05-19 19:38:40,489 - Worker-20403060 - PlaylistPlayer.2040306023080222 - INFO - Captura de pantalla guardada: C:\Users\def\Documents\OTWMusicSystem_Final\OTWMusicSystem_Final\otw_project\OTW_MUSIC_SYSTEM\screenshots\2040306023080222\spotify_not_foreground_screenshot_2040306023080222_20250519_193840281228.png
2025-05-19 19:38:40,492 - Worker-20403060 - PlaylistPlayer.2040306023080222 - WARNING - Spotify no en primer plano tras abrir https://open.spotify.com/playlist/5XrvAtxjUWcbTNgLHc9hz2?si=8J8GtCkARCaiIlIOWzgMnA.
2025-05-19 19:38:40,494 - Worker-20403060 - PlaylistPlayer.2040306023080222 - DEBUG - Capturando pantalla en C:\Users\def\Documents\OTWMusicSystem_Final\OTWMusicSystem_Final\otw_project\OTW_MUSIC_SYSTEM\screenshots\2040306023080222\spotify_not_fg_screenshot_2040306023080222_20250519_193840492028.png
2025-05-19 19:38:40,789 - Worker-20403060 - PlaylistPlayer.2040306023080222 - INFO - Captura de pantalla guardada: C:\Users\def\Documents\OTWMusicSystem_Final\OTWMusicSystem_Final\otw_project\OTW_MUSIC_SYSTEM\screenshots\2040306023080222\spotify_not_fg_screenshot_2040306023080222_20250519_193840492028.png
2025-05-19 19:38:47,919 - Worker-20403060 - PlaylistPlayer.2040306023080222 - INFO - Intentando abrir URL: https://open.spotify.com/playlist/5XrvAtxjUWcbTNgLHc9hz2?si=8J8GtCkARCaiIlIOWzgMnA (Intento 3/3)
2025-05-19 19:38:47,919 - Worker-20403060 - PlaylistPlayer.2040306023080222 - DEBUG - Forzando detención de Spotify (com.spotify.music).
2025-05-19 19:38:50,306 - Worker-20403060 - PlaylistPlayer.2040306023080222 - DEBUG - Presionando HOME.
2025-05-19 19:38:53,876 - Worker-20403060 - PlaylistPlayer.2040306023080222 - DEBUG - Ejecutando ADB intent para URL: https://open.spotify.com/playlist/5XrvAtxjUWcbTNgLHc9hz2?si=8J8GtCkARCaiIlIOWzgMnA
2025-05-19 19:38:58,057 - Worker-20403060 - PlaylistPlayer.2040306023080222 - DEBUG - Resultado ADB: stdout='Starting: Intent { act=android.intent.action.VIEW dat=https://open.spotify.com/... flg=0x10008000 }', stderr=''
2025-05-19 19:39:00,913 - Worker-20403060 - PlaylistPlayer.2040306023080222 - DEBUG - Esperando app estabilice...
2025-05-19 19:39:11,878 - Worker-20403060 - PlaylistPlayer.2040306023080222 - DEBUG - Verificando diálogo 'Abrir con'...
2025-05-19 19:39:48,242 - Worker-20403060 - PlaylistPlayer.2040306023080222 - DEBUG - No se detectó diálogo 'Abrir con' explícito.
2025-05-19 19:39:48,243 - Worker-20403060 - PlaylistPlayer.2040306023080222 - DEBUG - No se manejó diálogo 'Abrir con'.
2025-05-19 19:39:48,243 - Worker-20403060 - PlaylistPlayer.2040306023080222 - DEBUG - Verificando si Spotify está en primer plano...
2025-05-19 19:39:48,243 - Worker-20403060 - PlaylistPlayer.2040306023080222 - DEBUG - Intentando con comando dumpsys (1): adb -s 2040306023080222 shell dumpsys activity top
2025-05-19 19:39:53,600 - Worker-20403060 - PlaylistPlayer.2040306023080222 - WARNING - Spotify NO parece estar en primer plano.
2025-05-19 19:39:53,601 - Worker-20403060 - PlaylistPlayer.2040306023080222 - DEBUG - Capturando pantalla en C:\Users\def\Documents\OTWMusicSystem_Final\OTWMusicSystem_Final\otw_project\OTW_MUSIC_SYSTEM\screenshots\2040306023080222\spotify_not_foreground_screenshot_2040306023080222_20250519_193953601010.png
2025-05-19 19:39:54,810 - Worker-20403060 - PlaylistPlayer.2040306023080222 - INFO - Captura de pantalla guardada: C:\Users\def\Documents\OTWMusicSystem_Final\OTWMusicSystem_Final\otw_project\OTW_MUSIC_SYSTEM\screenshots\2040306023080222\spotify_not_foreground_screenshot_2040306023080222_20250519_193953601010.png
2025-05-19 19:39:54,811 - Worker-20403060 - PlaylistPlayer.2040306023080222 - WARNING - Spotify no en primer plano tras abrir https://open.spotify.com/playlist/5XrvAtxjUWcbTNgLHc9hz2?si=8J8GtCkARCaiIlIOWzgMnA.
2025-05-19 19:39:54,811 - Worker-20403060 - PlaylistPlayer.2040306023080222 - DEBUG - Capturando pantalla en C:\Users\def\Documents\OTWMusicSystem_Final\OTWMusicSystem_Final\otw_project\OTW_MUSIC_SYSTEM\screenshots\2040306023080222\spotify_not_fg_screenshot_2040306023080222_20250519_193954811193.png
2025-05-19 19:39:54,999 - Worker-20403060 - PlaylistPlayer.2040306023080222 - INFO - Captura de pantalla guardada: C:\Users\def\Documents\OTWMusicSystem_Final\OTWMusicSystem_Final\otw_project\OTW_MUSIC_SYSTEM\screenshots\2040306023080222\spotify_not_fg_screenshot_2040306023080222_20250519_193954811193.png
2025-05-19 19:40:03,913 - Worker-20403060 - PlaylistPlayer.2040306023080222 - INFO - Intentando abrir URL: https://open.spotify.com/playlist/5XrvAtxjUWcbTNgLHc9hz2?si=8J8GtCkARCaiIlIOWzgMnA (Intento 4/3)
2025-05-19 19:40:03,913 - Worker-20403060 - PlaylistPlayer.2040306023080222 - ERROR - Máximos reintentos para URL https://open.spotify.com/playlist/5XrvAtxjUWcbTNgLHc9hz2?si=8J8GtCkARCaiIlIOWzgMnA
2025-05-19 19:40:03,914 - Worker-20403060 - PlaylistPlayer.2040306023080222 - DEBUG - Capturando pantalla en C:\Users\def\Documents\OTWMusicSystem_Final\OTWMusicSystem_Final\otw_project\OTW_MUSIC_SYSTEM\screenshots\2040306023080222\open_url_max_retries_screenshot_2040306023080222_20250519_194003913714.png
2025-05-19 19:40:04,184 - Worker-20403060 - PlaylistPlayer.2040306023080222 - INFO - Captura de pantalla guardada: C:\Users\def\Documents\OTWMusicSystem_Final\OTWMusicSystem_Final\otw_project\OTW_MUSIC_SYSTEM\screenshots\2040306023080222\open_url_max_retries_screenshot_2040306023080222_20250519_194003913714.png
2025-05-19 19:40:04,184 - Worker-20403060 - PlaylistPlayer.2040306023080222 - ERROR - No se pudo abrir playlist https://open.spotify.com/playlist/5XrvAtxjUWcbTNgLHc9hz2?si=8J8GtCkARCaiIlIOWzgMnA.
2025-05-19 19:40:18,681 - Worker-20403060 - PlaylistPlayer.2040306023080222 - INFO - Fase 2: Visita a Artista Clave.
2025-05-19 19:40:18,682 - Worker-20403060 - PlaylistPlayer.2040306023080222 - INFO - Iniciando ARTISTA: https://open.spotify.com/artist/4iYKhDCuNXSSrli6AOH6cw por ~39 min. (KEY ARTIST)
2025-05-19 19:40:18,682 - Worker-20403060 - PlaylistPlayer.2040306023080222 - INFO - Intentando abrir URL: https://open.spotify.com/artist/4iYKhDCuNXSSrli6AOH6cw (Intento 1/3)
2025-05-19 19:40:18,682 - Worker-20403060 - PlaylistPlayer.2040306023080222 - DEBUG - Forzando detención de Spotify (com.spotify.music).
2025-05-19 19:40:20,465 - Worker-20403060 - PlaylistPlayer.2040306023080222 - DEBUG - Presionando HOME.
2025-05-19 19:40:23,299 - Worker-20403060 - PlaylistPlayer.2040306023080222 - DEBUG - Ejecutando ADB intent para URL: https://open.spotify.com/artist/4iYKhDCuNXSSrli6AOH6cw
2025-05-19 19:40:26,712 - Worker-20403060 - PlaylistPlayer.2040306023080222 - DEBUG - Resultado ADB: stdout='Starting: Intent { act=android.intent.action.VIEW dat=https://open.spotify.com/... flg=0x10008000 }', stderr=''
2025-05-19 19:40:31,046 - Worker-20403060 - PlaylistPlayer.2040306023080222 - DEBUG - Esperando app estabilice...
2025-05-19 19:40:43,605 - Worker-20403060 - PlaylistPlayer.2040306023080222 - DEBUG - Verificando diálogo 'Abrir con'...
2025-05-19 19:40:57,944 - Worker-20403060 - PlaylistPlayer.2040306023080222 - DEBUG - No se detectó diálogo 'Abrir con' explícito.
2025-05-19 19:40:57,944 - Worker-20403060 - PlaylistPlayer.2040306023080222 - DEBUG - No se manejó diálogo 'Abrir con'.
2025-05-19 19:40:57,945 - Worker-20403060 - PlaylistPlayer.2040306023080222 - DEBUG - Verificando si Spotify está en primer plano...
2025-05-19 19:40:57,945 - Worker-20403060 - PlaylistPlayer.2040306023080222 - DEBUG - Intentando con comando dumpsys (1): adb -s 2040306023080222 shell dumpsys activity top
2025-05-19 19:40:58,778 - Worker-20403060 - PlaylistPlayer.2040306023080222 - WARNING - Spotify NO parece estar en primer plano.
2025-05-19 19:40:58,778 - Worker-20403060 - PlaylistPlayer.2040306023080222 - DEBUG - Capturando pantalla en C:\Users\def\Documents\OTWMusicSystem_Final\OTWMusicSystem_Final\otw_project\OTW_MUSIC_SYSTEM\screenshots\2040306023080222\spotify_not_foreground_screenshot_2040306023080222_20250519_194058778227.png
2025-05-19 19:40:59,054 - Worker-20403060 - PlaylistPlayer.2040306023080222 - INFO - Captura de pantalla guardada: C:\Users\def\Documents\OTWMusicSystem_Final\OTWMusicSystem_Final\otw_project\OTW_MUSIC_SYSTEM\screenshots\2040306023080222\spotify_not_foreground_screenshot_2040306023080222_20250519_194058778227.png
2025-05-19 19:40:59,054 - Worker-20403060 - PlaylistPlayer.2040306023080222 - WARNING - Spotify no en primer plano tras abrir https://open.spotify.com/artist/4iYKhDCuNXSSrli6AOH6cw.
2025-05-19 19:40:59,055 - Worker-20403060 - PlaylistPlayer.2040306023080222 - DEBUG - Capturando pantalla en C:\Users\def\Documents\OTWMusicSystem_Final\OTWMusicSystem_Final\otw_project\OTW_MUSIC_SYSTEM\screenshots\2040306023080222\spotify_not_fg_screenshot_2040306023080222_20250519_194059054506.png
2025-05-19 19:40:59,246 - Worker-20403060 - PlaylistPlayer.2040306023080222 - INFO - Captura de pantalla guardada: C:\Users\def\Documents\OTWMusicSystem_Final\OTWMusicSystem_Final\otw_project\OTW_MUSIC_SYSTEM\screenshots\2040306023080222\spotify_not_fg_screenshot_2040306023080222_20250519_194059054506.png
2025-05-19 19:41:10,172 - Worker-20403060 - PlaylistPlayer.2040306023080222 - INFO - Intentando abrir URL: https://open.spotify.com/artist/4iYKhDCuNXSSrli6AOH6cw (Intento 2/3)
2025-05-19 19:41:10,172 - Worker-20403060 - PlaylistPlayer.2040306023080222 - DEBUG - Forzando detención de Spotify (com.spotify.music).
2025-05-19 19:41:11,766 - Worker-20403060 - PlaylistPlayer.2040306023080222 - DEBUG - Presionando HOME.
2025-05-19 19:41:14,711 - Worker-20403060 - PlaylistPlayer.2040306023080222 - DEBUG - Ejecutando ADB intent para URL: https://open.spotify.com/artist/4iYKhDCuNXSSrli6AOH6cw
2025-05-19 19:41:17,562 - Worker-20403060 - PlaylistPlayer.2040306023080222 - DEBUG - Resultado ADB: stdout='Starting: Intent { act=android.intent.action.VIEW dat=https://open.spotify.com/... flg=0x10008000 }', stderr=''
2025-05-19 19:41:21,134 - Worker-20403060 - PlaylistPlayer.2040306023080222 - DEBUG - Esperando app estabilice...
2025-05-19 19:41:33,908 - Worker-20403060 - PlaylistPlayer.2040306023080222 - DEBUG - Verificando diálogo 'Abrir con'...
2025-05-19 19:41:47,123 - Worker-20403060 - PlaylistPlayer.2040306023080222 - DEBUG - No se detectó diálogo 'Abrir con' explícito.
2025-05-19 19:41:47,123 - Worker-20403060 - PlaylistPlayer.2040306023080222 - DEBUG - No se manejó diálogo 'Abrir con'.
2025-05-19 19:41:47,123 - Worker-20403060 - PlaylistPlayer.2040306023080222 - DEBUG - Verificando si Spotify está en primer plano...
2025-05-19 19:41:47,123 - Worker-20403060 - PlaylistPlayer.2040306023080222 - DEBUG - Intentando con comando dumpsys (1): adb -s 2040306023080222 shell dumpsys activity top
2025-05-19 19:41:49,090 - Worker-20403060 - PlaylistPlayer.2040306023080222 - WARNING - Spotify NO parece estar en primer plano.
2025-05-19 19:41:49,091 - Worker-20403060 - PlaylistPlayer.2040306023080222 - DEBUG - Capturando pantalla en C:\Users\def\Documents\OTWMusicSystem_Final\OTWMusicSystem_Final\otw_project\OTW_MUSIC_SYSTEM\screenshots\2040306023080222\spotify_not_foreground_screenshot_2040306023080222_20250519_194149091214.png
2025-05-19 19:41:49,507 - Worker-20403060 - PlaylistPlayer.2040306023080222 - INFO - Captura de pantalla guardada: C:\Users\def\Documents\OTWMusicSystem_Final\OTWMusicSystem_Final\otw_project\OTW_MUSIC_SYSTEM\screenshots\2040306023080222\spotify_not_foreground_screenshot_2040306023080222_20250519_194149091214.png
2025-05-19 19:41:49,507 - Worker-20403060 - PlaylistPlayer.2040306023080222 - WARNING - Spotify no en primer plano tras abrir https://open.spotify.com/artist/4iYKhDCuNXSSrli6AOH6cw.
2025-05-19 19:41:49,508 - Worker-20403060 - PlaylistPlayer.2040306023080222 - DEBUG - Capturando pantalla en C:\Users\def\Documents\OTWMusicSystem_Final\OTWMusicSystem_Final\otw_project\OTW_MUSIC_SYSTEM\screenshots\2040306023080222\spotify_not_fg_screenshot_2040306023080222_20250519_194149507964.png
2025-05-19 19:41:49,867 - Worker-20403060 - PlaylistPlayer.2040306023080222 - INFO - Captura de pantalla guardada: C:\Users\def\Documents\OTWMusicSystem_Final\OTWMusicSystem_Final\otw_project\OTW_MUSIC_SYSTEM\screenshots\2040306023080222\spotify_not_fg_screenshot_2040306023080222_20250519_194149507964.png
2025-05-19 19:41:58,623 - Worker-20403060 - PlaylistPlayer.2040306023080222 - INFO - Intentando abrir URL: https://open.spotify.com/artist/4iYKhDCuNXSSrli6AOH6cw (Intento 3/3)
2025-05-19 19:41:58,623 - Worker-20403060 - PlaylistPlayer.2040306023080222 - DEBUG - Forzando detención de Spotify (com.spotify.music).
2025-05-19 19:42:00,355 - Worker-20403060 - PlaylistPlayer.2040306023080222 - DEBUG - Presionando HOME.
