2025-05-19 18:47:02,438 - Worker-20403060 - PlaylistPlayer.2040306023080222 - INFO - Worker thread INICIADO. Logs en: C:\Users\def\Documents\OTWMusicSystem_Final\OTWMusicSystem_Final\otw_project\OTW_MUSIC_SYSTEM\logs\2040306023080222\playlist_player_20250519_184702.log
2025-05-19 18:47:02,438 - Worker-20403060 - PlaylistPlayer.2040306023080222 - INFO - Personalidad Creada (SLOW_MODE_FACTOR=1.75): ShortTimeout=11.3s, ActionDelay=[8.9-14.5]s, ShortPause=[24.0-64.5]s, MinTrackT=49s, MaxTrackT=138s, MinContentT=4m, MaxContentT=9m
2025-05-19 18:47:02,438 - Worker-20403060 - PlaylistPlayer.2040306023080222 - INFO - Intentando conectar a uiautomator2 (intento 1/3)...
2025-05-19 18:47:05,647 - Worker-20403060 - PlaylistPlayer.2040306023080222 - INFO - Conectado (Device: Studio_X5_Max, Android: N/A).
2025-05-19 18:47:05,990 - Worker-20403060 - PlaylistPlayer.2040306023080222 - INFO - Spotify (com.spotify.music v9.0.36.484) está instalado.
2025-05-19 18:47:05,990 - Worker-20403060 - PlaylistPlayer.2040306023080222 - INFO - Configuración inicial (kill Spotify y volver a Home).
2025-05-19 18:47:05,990 - Worker-20403060 - PlaylistPlayer.2040306023080222 - WARNING - Advertencia durante configuración inicial: 'Device' object has no attribute 'app_kill'
2025-05-19 18:47:05,990 - Worker-20403060 - PlaylistPlayer.2040306023080222 - DEBUG - Capturando pantalla en C:\Users\def\Documents\OTWMusicSystem_Final\OTWMusicSystem_Final\otw_project\OTW_MUSIC_SYSTEM\screenshots\2040306023080222\initial_setup_warn_screenshot_2040306023080222_20250519_184705990555.png
2025-05-19 18:47:07,300 - Worker-20403060 - PlaylistPlayer.2040306023080222 - INFO - Captura de pantalla guardada: C:\Users\def\Documents\OTWMusicSystem_Final\OTWMusicSystem_Final\otw_project\OTW_MUSIC_SYSTEM\screenshots\2040306023080222\initial_setup_warn_screenshot_2040306023080222_20250519_184705990555.png
2025-05-19 18:47:07,300 - Worker-20403060 - PlaylistPlayer.2040306023080222 - INFO - --- Iniciando Sesión de Interacción #1 ---
2025-05-19 18:47:07,300 - Worker-20403060 - PlaylistPlayer.2040306023080222 - INFO - Selección: Artista Clave -> https://open.spotify.com/artist/77slAN1w8sLCiCGwiZmNEF
2025-05-19 18:47:07,300 - Worker-20403060 - PlaylistPlayer.2040306023080222 - INFO - Iniciando interacción con ARTISTA: https://open.spotify.com/artist/77slAN1w8sLCiCGwiZmNEF (KEY ARTIST)
2025-05-19 18:47:07,300 - Worker-20403060 - PlaylistPlayer.2040306023080222 - INFO - Intentando abrir URL: https://open.spotify.com/artist/77slAN1w8sLCiCGwiZmNEF (Intento 1/3)
2025-05-19 18:47:07,300 - Worker-20403060 - PlaylistPlayer.2040306023080222 - DEBUG - Forzando detención de Spotify (com.spotify.music) antes de abrir URL.
2025-05-19 18:47:09,167 - Worker-20403060 - PlaylistPlayer.2040306023080222 - DEBUG - Presionando HOME.
2025-05-19 18:47:12,765 - Worker-20403060 - PlaylistPlayer.2040306023080222 - DEBUG - Ejecutando ADB intent para URL: https://open.spotify.com/artist/77slAN1w8sLCiCGwiZmNEF
2025-05-19 18:47:15,224 - Worker-20403060 - PlaylistPlayer.2040306023080222 - DEBUG - Resultado ADB 'am start': stdout='Starting: Intent { act=android.intent.action.VIEW dat=https://open.spotify.com/... flg=0x10008000 }', stderr=''
2025-05-19 18:47:18,896 - Worker-20403060 - PlaylistPlayer.2040306023080222 - DEBUG - Esperando que la app se abra y estabilice...
2025-05-19 18:47:32,080 - Worker-20403060 - PlaylistPlayer.2040306023080222 - DEBUG - Verificando diálogo 'Abrir con'...
2025-05-19 18:47:45,453 - Worker-20403060 - PlaylistPlayer.2040306023080222 - DEBUG - No se detectó diálogo 'Abrir con' explícito.
2025-05-19 18:47:45,454 - Worker-20403060 - PlaylistPlayer.2040306023080222 - DEBUG - No se manejó el diálogo 'Abrir con' o no apareció.
2025-05-19 18:47:45,454 - Worker-20403060 - PlaylistPlayer.2040306023080222 - DEBUG - Verificando si Spotify está en primer plano...
2025-05-19 18:47:45,454 - Worker-20403060 - PlaylistPlayer.2040306023080222 - DEBUG - Intentando con comando dumpsys (1): adb -s 2040306023080222 shell dumpsys activity top
2025-05-19 18:47:46,823 - Worker-20403060 - PlaylistPlayer.2040306023080222 - WARNING - Spotify NO parece estar en primer plano según dumpsys.
2025-05-19 18:47:46,823 - Worker-20403060 - PlaylistPlayer.2040306023080222 - DEBUG - Capturando pantalla en C:\Users\def\Documents\OTWMusicSystem_Final\OTWMusicSystem_Final\otw_project\OTW_MUSIC_SYSTEM\screenshots\2040306023080222\spotify_not_foreground_screenshot_2040306023080222_20250519_184746823597.png
2025-05-19 18:47:47,082 - Worker-20403060 - PlaylistPlayer.2040306023080222 - INFO - Captura de pantalla guardada: C:\Users\def\Documents\OTWMusicSystem_Final\OTWMusicSystem_Final\otw_project\OTW_MUSIC_SYSTEM\screenshots\2040306023080222\spotify_not_foreground_screenshot_2040306023080222_20250519_184746823597.png
2025-05-19 18:47:47,082 - Worker-20403060 - PlaylistPlayer.2040306023080222 - WARNING - Spotify no detectado en primer plano después de abrir https://open.spotify.com/artist/77slAN1w8sLCiCGwiZmNEF.
2025-05-19 18:47:47,084 - Worker-20403060 - PlaylistPlayer.2040306023080222 - DEBUG - Capturando pantalla en C:\Users\def\Documents\OTWMusicSystem_Final\OTWMusicSystem_Final\otw_project\OTW_MUSIC_SYSTEM\screenshots\2040306023080222\spotify_not_fg_after_open_77slAN1w8sLCiCGwiZmNEF_screenshot_2040306023080222_20250519_184747083293.png
2025-05-19 18:47:47,415 - Worker-20403060 - PlaylistPlayer.2040306023080222 - INFO - Captura de pantalla guardada: C:\Users\def\Documents\OTWMusicSystem_Final\OTWMusicSystem_Final\otw_project\OTW_MUSIC_SYSTEM\screenshots\2040306023080222\spotify_not_fg_after_open_77slAN1w8sLCiCGwiZmNEF_screenshot_2040306023080222_20250519_184747083293.png
2025-05-19 18:47:47,416 - Worker-20403060 - PlaylistPlayer.2040306023080222 - INFO - Pausa antes de reintentar apertura de URL debido a no foreground.
2025-05-19 18:47:59,442 - Worker-20403060 - PlaylistPlayer.2040306023080222 - INFO - Intentando abrir URL: https://open.spotify.com/artist/77slAN1w8sLCiCGwiZmNEF (Intento 2/3)
2025-05-19 18:47:59,442 - Worker-20403060 - PlaylistPlayer.2040306023080222 - DEBUG - Forzando detención de Spotify (com.spotify.music) antes de abrir URL.
2025-05-19 18:48:00,583 - Worker-20403060 - PlaylistPlayer.2040306023080222 - DEBUG - Presionando HOME.
2025-05-19 18:48:03,932 - Worker-20403060 - PlaylistPlayer.2040306023080222 - DEBUG - Ejecutando ADB intent para URL: https://open.spotify.com/artist/77slAN1w8sLCiCGwiZmNEF
2025-05-19 18:48:06,436 - Worker-20403060 - PlaylistPlayer.2040306023080222 - DEBUG - Resultado ADB 'am start': stdout='Starting: Intent { act=android.intent.action.VIEW dat=https://open.spotify.com/... flg=0x10008000 }', stderr=''
2025-05-19 18:48:08,909 - Worker-20403060 - PlaylistPlayer.2040306023080222 - DEBUG - Esperando que la app se abra y estabilice...
2025-05-19 18:48:20,078 - Worker-20403060 - PlaylistPlayer.2040306023080222 - DEBUG - Verificando diálogo 'Abrir con'...
2025-05-19 18:48:33,422 - Worker-20403060 - PlaylistPlayer.2040306023080222 - DEBUG - No se detectó diálogo 'Abrir con' explícito.
2025-05-19 18:48:33,422 - Worker-20403060 - PlaylistPlayer.2040306023080222 - DEBUG - No se manejó el diálogo 'Abrir con' o no apareció.
2025-05-19 18:48:33,422 - Worker-20403060 - PlaylistPlayer.2040306023080222 - DEBUG - Verificando si Spotify está en primer plano...
2025-05-19 18:48:33,422 - Worker-20403060 - PlaylistPlayer.2040306023080222 - DEBUG - Intentando con comando dumpsys (1): adb -s 2040306023080222 shell dumpsys activity top
2025-05-19 18:48:34,309 - Worker-20403060 - PlaylistPlayer.2040306023080222 - WARNING - Spotify NO parece estar en primer plano según dumpsys.
2025-05-19 18:48:34,310 - Worker-20403060 - PlaylistPlayer.2040306023080222 - DEBUG - Capturando pantalla en C:\Users\def\Documents\OTWMusicSystem_Final\OTWMusicSystem_Final\otw_project\OTW_MUSIC_SYSTEM\screenshots\2040306023080222\spotify_not_foreground_screenshot_2040306023080222_20250519_184834309752.png
2025-05-19 18:48:34,583 - Worker-20403060 - PlaylistPlayer.2040306023080222 - INFO - Captura de pantalla guardada: C:\Users\def\Documents\OTWMusicSystem_Final\OTWMusicSystem_Final\otw_project\OTW_MUSIC_SYSTEM\screenshots\2040306023080222\spotify_not_foreground_screenshot_2040306023080222_20250519_184834309752.png
2025-05-19 18:48:34,583 - Worker-20403060 - PlaylistPlayer.2040306023080222 - WARNING - Spotify no detectado en primer plano después de abrir https://open.spotify.com/artist/77slAN1w8sLCiCGwiZmNEF.
2025-05-19 18:48:34,584 - Worker-20403060 - PlaylistPlayer.2040306023080222 - DEBUG - Capturando pantalla en C:\Users\def\Documents\OTWMusicSystem_Final\OTWMusicSystem_Final\otw_project\OTW_MUSIC_SYSTEM\screenshots\2040306023080222\spotify_not_fg_after_open_77slAN1w8sLCiCGwiZmNEF_screenshot_2040306023080222_20250519_184834583950.png
2025-05-19 18:48:34,853 - Worker-20403060 - PlaylistPlayer.2040306023080222 - INFO - Captura de pantalla guardada: C:\Users\def\Documents\OTWMusicSystem_Final\OTWMusicSystem_Final\otw_project\OTW_MUSIC_SYSTEM\screenshots\2040306023080222\spotify_not_fg_after_open_77slAN1w8sLCiCGwiZmNEF_screenshot_2040306023080222_20250519_184834583950.png
2025-05-19 18:48:34,855 - Worker-20403060 - PlaylistPlayer.2040306023080222 - INFO - Pausa antes de reintentar apertura de URL debido a no foreground.
2025-05-19 18:48:44,834 - Worker-20403060 - PlaylistPlayer.2040306023080222 - INFO - Intentando abrir URL: https://open.spotify.com/artist/77slAN1w8sLCiCGwiZmNEF (Intento 3/3)
2025-05-19 18:48:44,834 - Worker-20403060 - PlaylistPlayer.2040306023080222 - DEBUG - Forzando detención de Spotify (com.spotify.music) antes de abrir URL.
2025-05-19 18:48:46,883 - Worker-20403060 - PlaylistPlayer.2040306023080222 - DEBUG - Presionando HOME.
2025-05-19 18:48:50,489 - Worker-20403060 - PlaylistPlayer.2040306023080222 - DEBUG - Ejecutando ADB intent para URL: https://open.spotify.com/artist/77slAN1w8sLCiCGwiZmNEF
2025-05-19 18:48:53,994 - Worker-20403060 - PlaylistPlayer.2040306023080222 - DEBUG - Resultado ADB 'am start': stdout='Starting: Intent { act=android.intent.action.VIEW dat=https://open.spotify.com/... flg=0x10008000 }', stderr=''
2025-05-19 18:48:56,364 - Worker-20403060 - PlaylistPlayer.2040306023080222 - DEBUG - Esperando que la app se abra y estabilice...
2025-05-19 18:49:07,435 - Worker-20403060 - PlaylistPlayer.2040306023080222 - DEBUG - Verificando diálogo 'Abrir con'...
2025-05-19 18:49:24,406 - Worker-20403060 - PlaylistPlayer.2040306023080222 - DEBUG - No se detectó diálogo 'Abrir con' explícito.
2025-05-19 18:49:24,406 - Worker-20403060 - PlaylistPlayer.2040306023080222 - DEBUG - No se manejó el diálogo 'Abrir con' o no apareció.
2025-05-19 18:49:24,406 - Worker-20403060 - PlaylistPlayer.2040306023080222 - DEBUG - Verificando si Spotify está en primer plano...
2025-05-19 18:49:24,406 - Worker-20403060 - PlaylistPlayer.2040306023080222 - DEBUG - Intentando con comando dumpsys (1): adb -s 2040306023080222 shell dumpsys activity top
2025-05-19 18:49:25,115 - Worker-20403060 - PlaylistPlayer.2040306023080222 - WARNING - Spotify NO parece estar en primer plano según dumpsys.
2025-05-19 18:49:25,115 - Worker-20403060 - PlaylistPlayer.2040306023080222 - DEBUG - Capturando pantalla en C:\Users\def\Documents\OTWMusicSystem_Final\OTWMusicSystem_Final\otw_project\OTW_MUSIC_SYSTEM\screenshots\2040306023080222\spotify_not_foreground_screenshot_2040306023080222_20250519_184925115927.png
2025-05-19 18:49:25,400 - Worker-20403060 - PlaylistPlayer.2040306023080222 - INFO - Captura de pantalla guardada: C:\Users\def\Documents\OTWMusicSystem_Final\OTWMusicSystem_Final\otw_project\OTW_MUSIC_SYSTEM\screenshots\2040306023080222\spotify_not_foreground_screenshot_2040306023080222_20250519_184925115927.png
2025-05-19 18:49:25,400 - Worker-20403060 - PlaylistPlayer.2040306023080222 - WARNING - Spotify no detectado en primer plano después de abrir https://open.spotify.com/artist/77slAN1w8sLCiCGwiZmNEF.
2025-05-19 18:49:25,401 - Worker-20403060 - PlaylistPlayer.2040306023080222 - DEBUG - Capturando pantalla en C:\Users\def\Documents\OTWMusicSystem_Final\OTWMusicSystem_Final\otw_project\OTW_MUSIC_SYSTEM\screenshots\2040306023080222\spotify_not_fg_after_open_77slAN1w8sLCiCGwiZmNEF_screenshot_2040306023080222_20250519_184925401086.png
2025-05-19 18:49:25,627 - Worker-20403060 - PlaylistPlayer.2040306023080222 - INFO - Captura de pantalla guardada: C:\Users\def\Documents\OTWMusicSystem_Final\OTWMusicSystem_Final\otw_project\OTW_MUSIC_SYSTEM\screenshots\2040306023080222\spotify_not_fg_after_open_77slAN1w8sLCiCGwiZmNEF_screenshot_2040306023080222_20250519_184925401086.png
2025-05-19 18:49:25,627 - Worker-20403060 - PlaylistPlayer.2040306023080222 - INFO - Pausa antes de reintentar apertura de URL debido a no foreground.
2025-05-19 18:49:32,738 - Worker-20403060 - PlaylistPlayer.2040306023080222 - INFO - Intentando abrir URL: https://open.spotify.com/artist/77slAN1w8sLCiCGwiZmNEF (Intento 4/3)
2025-05-19 18:49:32,739 - Worker-20403060 - PlaylistPlayer.2040306023080222 - ERROR - Máximos reintentos (3) alcanzados para abrir URL https://open.spotify.com/artist/77slAN1w8sLCiCGwiZmNEF
2025-05-19 18:49:32,740 - Worker-20403060 - PlaylistPlayer.2040306023080222 - DEBUG - Capturando pantalla en C:\Users\def\Documents\OTWMusicSystem_Final\OTWMusicSystem_Final\otw_project\OTW_MUSIC_SYSTEM\screenshots\2040306023080222\open_url_max_retries_fail_77slAN1w8sLCiCGwiZmNEF_screenshot_2040306023080222_20250519_184932739019.png
2025-05-19 18:49:32,918 - Worker-20403060 - PlaylistPlayer.2040306023080222 - INFO - Captura de pantalla guardada: C:\Users\def\Documents\OTWMusicSystem_Final\OTWMusicSystem_Final\otw_project\OTW_MUSIC_SYSTEM\screenshots\2040306023080222\open_url_max_retries_fail_77slAN1w8sLCiCGwiZmNEF_screenshot_2040306023080222_20250519_184932739019.png
2025-05-19 18:49:32,918 - Worker-20403060 - PlaylistPlayer.2040306023080222 - ERROR - No se pudo abrir la página del artista https://open.spotify.com/artist/77slAN1w8sLCiCGwiZmNEF. Terminando interacción.
2025-05-19 18:49:32,919 - Worker-20403060 - PlaylistPlayer.2040306023080222 - INFO - Sesión #1 completada. Pausa de 17.9s.
2025-05-19 18:49:50,840 - Worker-20403060 - PlaylistPlayer.2040306023080222 - INFO - --- Iniciando Sesión de Interacción #2 ---
2025-05-19 18:49:50,840 - Worker-20403060 - PlaylistPlayer.2040306023080222 - INFO - Selección: Artista Clave -> https://open.spotify.com/artist/3o9yGahQLPpDLMI6dABpIr
2025-05-19 18:49:50,841 - Worker-20403060 - PlaylistPlayer.2040306023080222 - INFO - Iniciando interacción con ARTISTA: https://open.spotify.com/artist/3o9yGahQLPpDLMI6dABpIr (KEY ARTIST)
2025-05-19 18:49:50,842 - Worker-20403060 - PlaylistPlayer.2040306023080222 - INFO - Intentando abrir URL: https://open.spotify.com/artist/3o9yGahQLPpDLMI6dABpIr (Intento 1/3)
2025-05-19 18:49:50,843 - Worker-20403060 - PlaylistPlayer.2040306023080222 - DEBUG - Forzando detención de Spotify (com.spotify.music) antes de abrir URL.
2025-05-19 18:49:53,158 - Worker-20403060 - PlaylistPlayer.2040306023080222 - DEBUG - Presionando HOME.
