2025-05-18 20:46:26,419 - AccountManager - INFO - Cargadas 10 cuentas desde el archivo
2025-05-18 20:46:26,420 - AccountManager - INFO - Cargados 250 proxies desde el archivo
2025-05-18 20:46:26,429 - AccountManager - INFO - AccountManager inicializado con 10 cuentas y 250 proxies
2025-05-18 20:46:26,431 - HumanBehavior - INFO - Perfiles de comportamiento cargados desde C:\Users\ceram\Downloads\OTWMusicSystem_Final\otw_project\OTW_MUSIC_SYSTEM\modules\..\config\behavior_profiles.json
2025-05-18 20:46:26,431 - HumanBehavior - INFO - HumanBehaviorSimulator inicializado con 4 perfiles
2025-05-18 20:46:26,617 - LoginManager - WARNING - Archivo de sesiones no encontrado: C:\Users\ceram\Downloads\OTWMusicSystem_Final\otw_project\OTW_MUSIC_SYSTEM\modules\..\data\sessions.json
2025-05-18 20:46:26,617 - LoginManager - INFO - LoginManager inicializado
2025-05-18 20:46:26,617 - LoginManager - DEBUG - Ruta de sesiones: C:\Users\ceram\Downloads\OTWMusicSystem_Final\otw_project\OTW_MUSIC_SYSTEM\modules\..\data\sessions.json
2025-05-18 20:46:26,618 - LoginManager - DEBUG - Ruta de plantillas: C:\Users\ceram\Downloads\OTWMusicSystem_Final\otw_project\OTW_MUSIC_SYSTEM\modules\..\templates
2025-05-18 20:46:26,618 - LoginManager - WARNING - Plantillas faltantes: login_submit.png, home_icon.png, library_icon.png
2025-05-18 20:46:26,618 - LoginManager - WARNING - Algunas funciones de reconocimiento visual pueden fallar
2025-05-18 20:46:26,684 - AndroidDevice - INFO - Dispositivos detectados: ['2040306023079082']
2025-05-18 20:46:38,396 - OTWMusicSystem - INFO - Configuración guardada en: C:\Users\ceram\Downloads\OTWMusicSystem_Final\otw_project\OTW_MUSIC_SYSTEM\config\config.json
2025-05-18 20:46:38,397 - OTWMusicSystem - INFO - Archivo tracks copiado a C:\Users\ceram\Downloads\OTWMusicSystem_Final\otw_project\OTW_MUSIC_SYSTEM\data\tracks.txt
2025-05-18 20:46:40,852 - OTWMusicSystem - INFO - Configuración guardada en: C:\Users\ceram\Downloads\OTWMusicSystem_Final\otw_project\OTW_MUSIC_SYSTEM\config\config.json
2025-05-18 20:46:40,853 - OTWMusicSystem - INFO - Archivo playlists copiado a C:\Users\ceram\Downloads\OTWMusicSystem_Final\otw_project\OTW_MUSIC_SYSTEM\data\playlists.txt
2025-05-18 20:46:43,897 - OTWMusicSystem - INFO - Configuración guardada en: C:\Users\ceram\Downloads\OTWMusicSystem_Final\otw_project\OTW_MUSIC_SYSTEM\config\config.json
2025-05-18 20:46:43,898 - OTWMusicSystem - INFO - Archivo artists copiado a C:\Users\ceram\Downloads\OTWMusicSystem_Final\otw_project\OTW_MUSIC_SYSTEM\data\artists.txt
2025-05-18 20:46:46,986 - OTWMusicSystem - INFO - Configuración guardada en: C:\Users\ceram\Downloads\OTWMusicSystem_Final\otw_project\OTW_MUSIC_SYSTEM\config\config.json
2025-05-18 20:46:46,987 - OTWMusicSystem - INFO - Archivo accounts copiado a C:\Users\ceram\Downloads\OTWMusicSystem_Final\otw_project\OTW_MUSIC_SYSTEM\data\accounts.txt
2025-05-18 20:46:49,436 - OTWMusicSystem - INFO - Configuración guardada en: C:\Users\ceram\Downloads\OTWMusicSystem_Final\otw_project\OTW_MUSIC_SYSTEM\config\config.json
2025-05-18 20:46:49,437 - OTWMusicSystem - INFO - Archivo proxies copiado a C:\Users\ceram\Downloads\OTWMusicSystem_Final\otw_project\OTW_MUSIC_SYSTEM\data\proxies.txt
2025-05-18 20:46:53,037 - AndroidDevice - INFO - Dispositivos detectados: ['2040306023079082']
2025-05-18 20:46:53,037 - LoginManager - INFO - Procesando login para 1 dispositivos: ['2040306023079082']
2025-05-18 20:46:53,037 - LoginManager - INFO - Procesando dispositivo 2040306023079082
2025-05-18 20:46:53,038 - LoginManager - INFO - Procesando login para dispositivo 2040306023079082
2025-05-18 20:46:53,039 - AccountManager - INFO - Cuenta napanycow@cream.pink asignada al dispositivo 2040306023079082
2025-05-18 20:46:53,039 - LoginManager - INFO - Cuenta obtenida para dispositivo 2040306023079082: napanycow@cream.pink
2025-05-18 20:46:53,047 - AccountManager - INFO - Proxy 149.6.162.10:80:fpelmuks-4:0lrxoh26it92 asignado a la cuenta napanycow@cream.pink en dispositivo 2040306023079082
2025-05-18 20:46:53,047 - LoginManager - INFO - Proxy obtenido para cuenta napanycow@cream.pink: 149.6.162.10:80:fpelmuks-4:0lrxoh26it92
2025-05-18 20:46:53,047 - LoginManager - DEBUG - Creando nuevo objeto AndroidDevice para 2040306023079082
2025-05-18 20:46:53,047 - AndroidDevice - INFO - Conectando al dispositivo 2040306023079082
2025-05-18 20:46:53,055 - uiautomator2.core - DEBUG - file u2.jar md5: 3564c56e4ef077f92c0fd32bcb42aea1
2025-05-18 20:46:53,183 - uiautomator2.core - DEBUG - file u2.jar already pushed
2025-05-18 20:46:53,183 - uiautomator2.core - DEBUG - http request GET /ping None
2025-05-18 20:46:53,194 - uiautomator2.core - DEBUG - forward tcp:60779 -> tcp:9008
2025-05-18 20:46:53,196 - urllib3.connectionpool - DEBUG - Starting new HTTP connection (1): 127.0.0.1:60779
2025-05-18 20:46:53,207 - uiautomator2.core - DEBUG - launch uiautomator with cmd: CLASSPATH=/data/local/tmp/u2.jar app_process / com.wetest.uia2.Main
2025-05-18 20:46:53,230 - uiautomator2.core - DEBUG - http request GET /ping None
2025-05-18 20:46:53,231 - uiautomator2.core - DEBUG - forward tcp:60779 -> tcp:9008
2025-05-18 20:46:53,232 - urllib3.connectionpool - DEBUG - Starting new HTTP connection (1): 127.0.0.1:60779
2025-05-18 20:46:53,738 - uiautomator2.core - DEBUG - http request GET /ping None
2025-05-18 20:46:53,749 - uiautomator2.core - DEBUG - forward tcp:60779 -> tcp:9008
2025-05-18 20:46:53,750 - urllib3.connectionpool - DEBUG - Starting new HTTP connection (1): 127.0.0.1:60779
2025-05-18 20:46:54,261 - uiautomator2.core - DEBUG - http request GET /ping None
2025-05-18 20:46:54,272 - uiautomator2.core - DEBUG - forward tcp:60779 -> tcp:9008
2025-05-18 20:46:54,273 - urllib3.connectionpool - DEBUG - Starting new HTTP connection (1): 127.0.0.1:60779
2025-05-18 20:46:54,292 - uiautomator2.core - DEBUG - MockAdbProcess: b'[server] INFO: [UiAutomator2Server] Starting Server'
2025-05-18 20:46:54,293 - uiautomator2.core - DEBUG - MockAdbProcess: b'\n'
2025-05-18 20:46:54,594 - uiautomator2.core - DEBUG - MockAdbProcess: b'SLF4J: Failed to load class "org.slf4j.impl.StaticLoggerBinder".'
2025-05-18 20:46:54,595 - uiautomator2.core - DEBUG - MockAdbProcess: b'\nSLF4J: Defaulting to no-operation (NOP) logger implementation\n'
2025-05-18 20:46:54,596 - uiautomator2.core - DEBUG - MockAdbProcess: b'SLF4J: See http://www.slf4j.org/codes.html#StaticLoggerBinder for further details.\n'
2025-05-18 20:46:54,779 - uiautomator2.core - DEBUG - http request GET /ping None
2025-05-18 20:46:54,779 - uiautomator2.core - DEBUG - forward tcp:60779 -> tcp:9008
2025-05-18 20:46:54,780 - urllib3.connectionpool - DEBUG - Starting new HTTP connection (1): 127.0.0.1:60779
2025-05-18 20:46:54,930 - uiautomator2.core - DEBUG - MockAdbProcess: b'[server] INFO: clipboardManager inited'
2025-05-18 20:46:54,930 - uiautomator2.core - DEBUG - MockAdbProcess: b'\n'
2025-05-18 20:46:54,936 - uiautomator2.core - DEBUG - MockAdbProcess: b'[server] INFO: tmpdir is /data/local/tmp/u2\n'
2025-05-18 20:46:54,960 - uiautomator2.core - DEBUG - MockAdbProcess: b'[server] INFO: http server listening on *:9008\n'
2025-05-18 20:46:55,291 - uiautomator2.core - DEBUG - http request GET /ping None
2025-05-18 20:46:55,301 - uiautomator2.core - DEBUG - forward tcp:60779 -> tcp:9008
2025-05-18 20:46:55,303 - urllib3.connectionpool - DEBUG - Starting new HTTP connection (1): 127.0.0.1:60779
2025-05-18 20:46:55,372 - urllib3.connectionpool - DEBUG - http://127.0.0.1:60779 "GET /ping HTTP/1.1" 200 4
2025-05-18 20:46:55,374 - uiautomator2.core - DEBUG - http request POST /jsonrpc/0 {'jsonrpc': '2.0', 'id': 1, 'method': 'deviceInfo', 'params': {}}
2025-05-18 20:46:55,374 - uiautomator2.core - DEBUG - forward tcp:60779 -> tcp:9008
2025-05-18 20:46:55,375 - urllib3.connectionpool - DEBUG - Starting new HTTP connection (1): 127.0.0.1:60779
2025-05-18 20:46:55,598 - urllib3.connectionpool - DEBUG - http://127.0.0.1:60779 "POST /jsonrpc/0 HTTP/1.1" 200 262
2025-05-18 20:46:55,880 - AndroidDevice - INFO - Información del dispositivo actualizada: BLU Studio X5 Max
2025-05-18 20:46:55,881 - AndroidDevice - INFO - Conectado al dispositivo 2040306023079082
2025-05-18 20:46:55,881 - LoginManager - DEBUG - Aplicaciones Spotify registradas: [{'package': 'com.spotify.music', 'name': 'Spotify Original', 'registered_date': '2025-05-18T20:42:50.006961', 'last_used': None, 'account': None}]
2025-05-18 20:46:55,881 - LoginManager - INFO - Seleccionada aplicación aleatoria para cuenta napanycow@cream.pink: com.spotify.music
2025-05-18 20:46:55,883 - LoginManager - ERROR - Error al configurar proxy: cannot import name 'configure_proxy_for_device' from 'scripts.set_proxy' (C:\Users\ceram\Downloads\OTWMusicSystem_Final\otw_project\OTW_MUSIC_SYSTEM\scripts\set_proxy.py)
2025-05-18 20:46:55,883 - LoginManager - DEBUG - Traceback (most recent call last):
  File "C:\Users\ceram\Downloads\OTWMusicSystem_Final\otw_project\OTW_MUSIC_SYSTEM\modules\login_manager.py", line 996, in process_login_for_device
    from scripts.set_proxy import configure_proxy_for_device
ImportError: cannot import name 'configure_proxy_for_device' from 'scripts.set_proxy' (C:\Users\ceram\Downloads\OTWMusicSystem_Final\otw_project\OTW_MUSIC_SYSTEM\scripts\set_proxy.py)

2025-05-18 20:46:55,884 - LoginManager - INFO - Iniciando proceso de login en dispositivo 2040306023079082 con cuenta napanycow@cream.pink
2025-05-18 20:46:55,884 - LoginManager - DEBUG - Cerrando com.spotify.music si está abierto
2025-05-18 20:46:55,884 - AndroidDevice - INFO - Deteniendo aplicación: com.spotify.music
2025-05-18 20:46:56,083 - AndroidDevice - INFO - Aplicación detenida: com.spotify.music
2025-05-18 20:46:57,177 - LoginManager - INFO - Abriendo Spotify (com.spotify.music) en dispositivo 2040306023079082
2025-05-18 20:46:57,177 - AndroidDevice - INFO - Iniciando aplicación: com.spotify.music
2025-05-18 20:47:01,290 - AndroidDevice - INFO - Aplicación iniciada: com.spotify.music
2025-05-18 20:47:01,290 - LoginManager - INFO - Spotify (com.spotify.music) abierto en dispositivo 2040306023079082
2025-05-18 20:47:01,291 - LoginManager - DEBUG - Esperando 5 segundos para que la aplicación se inicie completamente
2025-05-18 20:47:06,491 - LoginManager - DEBUG - Aplicación com.spotify.music está en primer plano
2025-05-18 20:47:06,491 - LoginManager - DEBUG - Capturando pantalla en C:\Users\ceram\Downloads\OTWMusicSystem_Final\otw_project\OTW_MUSIC_SYSTEM\modules\..\screenshots\login_start_2040306023079082_20250518_204706.png
2025-05-18 20:47:06,491 - uiautomator2.core - DEBUG - http request POST /jsonrpc/0 {'jsonrpc': '2.0', 'id': 1, 'method': 'takeScreenshot', 'params': (1, 80)}
2025-05-18 20:47:06,492 - uiautomator2.core - DEBUG - forward tcp:60779 -> tcp:9008
2025-05-18 20:47:06,493 - urllib3.connectionpool - DEBUG - Starting new HTTP connection (1): 127.0.0.1:60779
2025-05-18 20:47:06,531 - urllib3.connectionpool - DEBUG - http://127.0.0.1:60779 "POST /jsonrpc/0 HTTP/1.1" 200 39
2025-05-18 20:47:06,859 - PIL.Image - DEBUG - Importing BlpImagePlugin
2025-05-18 20:47:06,860 - PIL.Image - DEBUG - Importing BmpImagePlugin
2025-05-18 20:47:06,860 - PIL.Image - DEBUG - Importing BufrStubImagePlugin
2025-05-18 20:47:06,861 - PIL.Image - DEBUG - Importing CurImagePlugin
2025-05-18 20:47:06,862 - PIL.Image - DEBUG - Importing DcxImagePlugin
2025-05-18 20:47:06,863 - PIL.Image - DEBUG - Importing DdsImagePlugin
2025-05-18 20:47:06,867 - PIL.Image - DEBUG - Importing EpsImagePlugin
2025-05-18 20:47:06,867 - PIL.Image - DEBUG - Importing FitsImagePlugin
2025-05-18 20:47:06,868 - PIL.Image - DEBUG - Importing FliImagePlugin
2025-05-18 20:47:06,868 - PIL.Image - DEBUG - Importing FpxImagePlugin
2025-05-18 20:47:06,870 - PIL.Image - DEBUG - Image: failed to import FpxImagePlugin: No module named 'olefile'
2025-05-18 20:47:06,870 - PIL.Image - DEBUG - Importing FtexImagePlugin
2025-05-18 20:47:06,870 - PIL.Image - DEBUG - Importing GbrImagePlugin
2025-05-18 20:47:06,871 - PIL.Image - DEBUG - Importing GifImagePlugin
2025-05-18 20:47:06,871 - PIL.Image - DEBUG - Importing GribStubImagePlugin
2025-05-18 20:47:06,871 - PIL.Image - DEBUG - Importing Hdf5StubImagePlugin
2025-05-18 20:47:06,872 - PIL.Image - DEBUG - Importing IcnsImagePlugin
2025-05-18 20:47:06,874 - PIL.Image - DEBUG - Importing IcoImagePlugin
2025-05-18 20:47:06,874 - PIL.Image - DEBUG - Importing ImImagePlugin
2025-05-18 20:47:06,875 - PIL.Image - DEBUG - Importing ImtImagePlugin
2025-05-18 20:47:06,875 - PIL.Image - DEBUG - Importing IptcImagePlugin
2025-05-18 20:47:06,876 - PIL.Image - DEBUG - Importing JpegImagePlugin
2025-05-18 20:47:06,876 - PIL.Image - DEBUG - Importing Jpeg2KImagePlugin
2025-05-18 20:47:06,877 - PIL.Image - DEBUG - Importing McIdasImagePlugin
2025-05-18 20:47:06,877 - PIL.Image - DEBUG - Importing MicImagePlugin
2025-05-18 20:47:06,878 - PIL.Image - DEBUG - Image: failed to import MicImagePlugin: No module named 'olefile'
2025-05-18 20:47:06,878 - PIL.Image - DEBUG - Importing MpegImagePlugin
2025-05-18 20:47:06,879 - PIL.Image - DEBUG - Importing MpoImagePlugin
2025-05-18 20:47:06,883 - PIL.Image - DEBUG - Importing MspImagePlugin
2025-05-18 20:47:06,884 - PIL.Image - DEBUG - Importing PalmImagePlugin
2025-05-18 20:47:06,885 - PIL.Image - DEBUG - Importing PcdImagePlugin
2025-05-18 20:47:06,885 - PIL.Image - DEBUG - Importing PcxImagePlugin
2025-05-18 20:47:06,885 - PIL.Image - DEBUG - Importing PdfImagePlugin
2025-05-18 20:47:06,891 - PIL.Image - DEBUG - Importing PixarImagePlugin
2025-05-18 20:47:06,892 - PIL.Image - DEBUG - Importing PngImagePlugin
2025-05-18 20:47:06,892 - PIL.Image - DEBUG - Importing PpmImagePlugin
2025-05-18 20:47:06,892 - PIL.Image - DEBUG - Importing PsdImagePlugin
2025-05-18 20:47:06,893 - PIL.Image - DEBUG - Importing QoiImagePlugin
2025-05-18 20:47:06,893 - PIL.Image - DEBUG - Importing SgiImagePlugin
2025-05-18 20:47:06,894 - PIL.Image - DEBUG - Importing SpiderImagePlugin
2025-05-18 20:47:06,894 - PIL.Image - DEBUG - Importing SunImagePlugin
2025-05-18 20:47:06,895 - PIL.Image - DEBUG - Importing TgaImagePlugin
2025-05-18 20:47:06,895 - PIL.Image - DEBUG - Importing TiffImagePlugin
2025-05-18 20:47:06,895 - PIL.Image - DEBUG - Importing WebPImagePlugin
2025-05-18 20:47:06,897 - PIL.Image - DEBUG - Importing WmfImagePlugin
2025-05-18 20:47:06,898 - PIL.Image - DEBUG - Importing XbmImagePlugin
2025-05-18 20:47:06,899 - PIL.Image - DEBUG - Importing XpmImagePlugin
2025-05-18 20:47:06,900 - PIL.Image - DEBUG - Importing XVThumbImagePlugin
2025-05-18 20:47:06,901 - adbutils.screenshot - WARNING - screencap error: cannot identify image file <_io.BytesIO object at 0x0000028582036270>
2025-05-18 20:47:07,077 - adbutils.shell - DEBUG - get window size from 'wm size': WindowSize(width=480, height=960) False
2025-05-18 20:47:07,090 - LoginManager - DEBUG - Captura de pantalla exitosa: C:\Users\ceram\Downloads\OTWMusicSystem_Final\otw_project\OTW_MUSIC_SYSTEM\modules\..\screenshots\login_start_2040306023079082_20250518_204706.png
2025-05-18 20:47:07,091 - LoginManager - DEBUG - Buscando botón 'Log In' por plantilla
2025-05-18 20:47:07,091 - LoginManager - DEBUG - Esperando elemento: login_button.png
2025-05-18 20:47:07,091 - LoginManager - DEBUG - Intento 1/5
2025-05-18 20:47:07,091 - LoginManager - DEBUG - Capturando pantalla en C:\Users\ceram\Downloads\OTWMusicSystem_Final\otw_project\OTW_MUSIC_SYSTEM\modules\..\screenshots\login_screenshot_2040306023079082_20250518_204707.png
2025-05-18 20:47:07,091 - uiautomator2.core - DEBUG - http request POST /jsonrpc/0 {'jsonrpc': '2.0', 'id': 1, 'method': 'takeScreenshot', 'params': (1, 80)}
2025-05-18 20:47:07,103 - uiautomator2.core - DEBUG - forward tcp:60779 -> tcp:9008
2025-05-18 20:47:07,104 - urllib3.connectionpool - DEBUG - Starting new HTTP connection (1): 127.0.0.1:60779
2025-05-18 20:47:07,132 - urllib3.connectionpool - DEBUG - http://127.0.0.1:60779 "POST /jsonrpc/0 HTTP/1.1" 200 39
2025-05-18 20:47:07,453 - adbutils.screenshot - WARNING - screencap error: cannot identify image file <_io.BytesIO object at 0x00000285822781D0>
2025-05-18 20:47:07,658 - adbutils.shell - DEBUG - get window size from 'wm size': WindowSize(width=480, height=960) False
2025-05-18 20:47:07,670 - LoginManager - DEBUG - Captura de pantalla exitosa: C:\Users\ceram\Downloads\OTWMusicSystem_Final\otw_project\OTW_MUSIC_SYSTEM\modules\..\screenshots\login_screenshot_2040306023079082_20250518_204707.png
2025-05-18 20:47:07,672 - LoginManager - DEBUG - Buscando coincidencia con plantilla: login_button.png
2025-05-18 20:47:07,694 - LoginManager - DEBUG - Mejor coincidencia: 0.0000 (umbral: 0.7000)
2025-05-18 20:47:07,694 - LoginManager - DEBUG - No se encontró coincidencia por encima del umbral (0.7)
2025-05-18 20:47:07,694 - LoginManager - DEBUG - Elemento no encontrado, esperando 1s antes del siguiente intento
2025-05-18 20:47:08,695 - LoginManager - DEBUG - Intento 2/5
2025-05-18 20:47:08,695 - LoginManager - DEBUG - Capturando pantalla en C:\Users\ceram\Downloads\OTWMusicSystem_Final\otw_project\OTW_MUSIC_SYSTEM\modules\..\screenshots\login_screenshot_2040306023079082_20250518_204708.png
2025-05-18 20:47:08,695 - uiautomator2.core - DEBUG - http request POST /jsonrpc/0 {'jsonrpc': '2.0', 'id': 1, 'method': 'takeScreenshot', 'params': (1, 80)}
2025-05-18 20:47:08,706 - uiautomator2.core - DEBUG - forward tcp:60779 -> tcp:9008
2025-05-18 20:47:08,707 - urllib3.connectionpool - DEBUG - Starting new HTTP connection (1): 127.0.0.1:60779
2025-05-18 20:47:08,731 - urllib3.connectionpool - DEBUG - http://127.0.0.1:60779 "POST /jsonrpc/0 HTTP/1.1" 200 39
2025-05-18 20:47:09,047 - adbutils.screenshot - WARNING - screencap error: cannot identify image file <_io.BytesIO object at 0x0000028582204B80>
2025-05-18 20:47:09,261 - adbutils.shell - DEBUG - get window size from 'wm size': WindowSize(width=480, height=960) False
2025-05-18 20:47:09,279 - LoginManager - DEBUG - Captura de pantalla exitosa: C:\Users\ceram\Downloads\OTWMusicSystem_Final\otw_project\OTW_MUSIC_SYSTEM\modules\..\screenshots\login_screenshot_2040306023079082_20250518_204708.png
2025-05-18 20:47:09,280 - LoginManager - DEBUG - Buscando coincidencia con plantilla: login_button.png
2025-05-18 20:47:09,308 - LoginManager - DEBUG - Mejor coincidencia: 0.0000 (umbral: 0.7000)
2025-05-18 20:47:09,309 - LoginManager - DEBUG - No se encontró coincidencia por encima del umbral (0.7)
2025-05-18 20:47:09,309 - LoginManager - DEBUG - Elemento no encontrado, esperando 1s antes del siguiente intento
2025-05-18 20:47:10,309 - LoginManager - DEBUG - Intento 3/5
2025-05-18 20:47:10,309 - LoginManager - DEBUG - Capturando pantalla en C:\Users\ceram\Downloads\OTWMusicSystem_Final\otw_project\OTW_MUSIC_SYSTEM\modules\..\screenshots\login_screenshot_2040306023079082_20250518_204710.png
2025-05-18 20:47:10,310 - uiautomator2.core - DEBUG - http request POST /jsonrpc/0 {'jsonrpc': '2.0', 'id': 1, 'method': 'takeScreenshot', 'params': (1, 80)}
2025-05-18 20:47:10,310 - uiautomator2.core - DEBUG - forward tcp:60779 -> tcp:9008
2025-05-18 20:47:10,311 - urllib3.connectionpool - DEBUG - Starting new HTTP connection (1): 127.0.0.1:60779
2025-05-18 20:47:10,335 - urllib3.connectionpool - DEBUG - http://127.0.0.1:60779 "POST /jsonrpc/0 HTTP/1.1" 200 39
2025-05-18 20:47:10,689 - adbutils.screenshot - WARNING - screencap error: cannot identify image file <_io.BytesIO object at 0x00000285822781D0>
2025-05-18 20:47:10,872 - adbutils.shell - DEBUG - get window size from 'wm size': WindowSize(width=480, height=960) False
2025-05-18 20:47:10,884 - LoginManager - DEBUG - Captura de pantalla exitosa: C:\Users\ceram\Downloads\OTWMusicSystem_Final\otw_project\OTW_MUSIC_SYSTEM\modules\..\screenshots\login_screenshot_2040306023079082_20250518_204710.png
2025-05-18 20:47:10,885 - LoginManager - DEBUG - Buscando coincidencia con plantilla: login_button.png
2025-05-18 20:47:10,908 - LoginManager - DEBUG - Mejor coincidencia: 0.0000 (umbral: 0.7000)
2025-05-18 20:47:10,909 - LoginManager - DEBUG - No se encontró coincidencia por encima del umbral (0.7)
2025-05-18 20:47:10,909 - LoginManager - DEBUG - Elemento no encontrado, esperando 1s antes del siguiente intento
2025-05-18 20:47:11,910 - LoginManager - DEBUG - Intento 4/5
2025-05-18 20:47:11,910 - LoginManager - DEBUG - Capturando pantalla en C:\Users\ceram\Downloads\OTWMusicSystem_Final\otw_project\OTW_MUSIC_SYSTEM\modules\..\screenshots\login_screenshot_2040306023079082_20250518_204711.png
2025-05-18 20:47:11,910 - uiautomator2.core - DEBUG - http request POST /jsonrpc/0 {'jsonrpc': '2.0', 'id': 1, 'method': 'takeScreenshot', 'params': (1, 80)}
2025-05-18 20:47:11,920 - uiautomator2.core - DEBUG - forward tcp:60779 -> tcp:9008
2025-05-18 20:47:11,922 - urllib3.connectionpool - DEBUG - Starting new HTTP connection (1): 127.0.0.1:60779
2025-05-18 20:47:11,962 - urllib3.connectionpool - DEBUG - http://127.0.0.1:60779 "POST /jsonrpc/0 HTTP/1.1" 200 39
2025-05-18 20:47:12,296 - adbutils.screenshot - WARNING - screencap error: cannot identify image file <_io.BytesIO object at 0x00000285822781D0>
2025-05-18 20:47:12,454 - adbutils.shell - DEBUG - get window size from 'wm size': WindowSize(width=480, height=960) False
2025-05-18 20:47:12,467 - LoginManager - DEBUG - Captura de pantalla exitosa: C:\Users\ceram\Downloads\OTWMusicSystem_Final\otw_project\OTW_MUSIC_SYSTEM\modules\..\screenshots\login_screenshot_2040306023079082_20250518_204711.png
2025-05-18 20:47:12,468 - LoginManager - DEBUG - Buscando coincidencia con plantilla: login_button.png
2025-05-18 20:47:12,493 - LoginManager - DEBUG - Mejor coincidencia: 0.0000 (umbral: 0.7000)
2025-05-18 20:47:12,494 - LoginManager - DEBUG - No se encontró coincidencia por encima del umbral (0.7)
2025-05-18 20:47:12,494 - LoginManager - DEBUG - Elemento no encontrado, esperando 1s antes del siguiente intento
2025-05-18 20:47:13,495 - LoginManager - DEBUG - Intento 5/5
2025-05-18 20:47:13,495 - LoginManager - DEBUG - Capturando pantalla en C:\Users\ceram\Downloads\OTWMusicSystem_Final\otw_project\OTW_MUSIC_SYSTEM\modules\..\screenshots\login_screenshot_2040306023079082_20250518_204713.png
2025-05-18 20:47:13,495 - uiautomator2.core - DEBUG - http request POST /jsonrpc/0 {'jsonrpc': '2.0', 'id': 1, 'method': 'takeScreenshot', 'params': (1, 80)}
2025-05-18 20:47:13,496 - uiautomator2.core - DEBUG - forward tcp:60779 -> tcp:9008
2025-05-18 20:47:13,497 - urllib3.connectionpool - DEBUG - Starting new HTTP connection (1): 127.0.0.1:60779
2025-05-18 20:47:13,537 - urllib3.connectionpool - DEBUG - http://127.0.0.1:60779 "POST /jsonrpc/0 HTTP/1.1" 200 39
2025-05-18 20:47:13,876 - adbutils.screenshot - WARNING - screencap error: cannot identify image file <_io.BytesIO object at 0x0000028582276810>
2025-05-18 20:47:14,105 - adbutils.shell - DEBUG - get window size from 'wm size': WindowSize(width=480, height=960) False
2025-05-18 20:47:14,117 - LoginManager - DEBUG - Captura de pantalla exitosa: C:\Users\ceram\Downloads\OTWMusicSystem_Final\otw_project\OTW_MUSIC_SYSTEM\modules\..\screenshots\login_screenshot_2040306023079082_20250518_204713.png
2025-05-18 20:47:14,118 - LoginManager - DEBUG - Buscando coincidencia con plantilla: login_button.png
2025-05-18 20:47:14,141 - LoginManager - DEBUG - Mejor coincidencia: 0.0000 (umbral: 0.7000)
2025-05-18 20:47:14,141 - LoginManager - DEBUG - No se encontró coincidencia por encima del umbral (0.7)
2025-05-18 20:47:14,141 - LoginManager - DEBUG - Elemento no encontrado, esperando 1s antes del siguiente intento
2025-05-18 20:47:15,142 - LoginManager - WARNING - Elemento no encontrado después de 5 intentos
2025-05-18 20:47:15,142 - LoginManager - DEBUG - Buscando botón 'Log In' por texto
2025-05-18 20:47:15,143 - LoginManager - DEBUG - Buscando elemento con texto: 'Log In'
2025-05-18 20:47:15,143 - uiautomator2.core - DEBUG - http request POST /jsonrpc/0 {'jsonrpc': '2.0', 'id': 1, 'method': 'exist', 'params': ({'mask': 2, 'childOrSibling': [], 'childOrSiblingSelector': [], 'textContains': 'Log In'},)}
2025-05-18 20:47:15,143 - uiautomator2.core - DEBUG - forward tcp:60779 -> tcp:9008
2025-05-18 20:47:15,145 - urllib3.connectionpool - DEBUG - Starting new HTTP connection (1): 127.0.0.1:60779
2025-05-18 20:47:15,329 - urllib3.connectionpool - DEBUG - http://127.0.0.1:60779 "POST /jsonrpc/0 HTTP/1.1" 200 40
2025-05-18 20:47:15,330 - LoginManager - DEBUG - Elemento con texto 'Log In' no encontrado
2025-05-18 20:47:15,331 - LoginManager - DEBUG - Buscando elemento con texto: 'Iniciar sesión'
2025-05-18 20:47:15,331 - uiautomator2.core - DEBUG - http request POST /jsonrpc/0 {'jsonrpc': '2.0', 'id': 1, 'method': 'exist', 'params': ({'mask': 2, 'childOrSibling': [], 'childOrSiblingSelector': [], 'textContains': 'Iniciar sesión'},)}
2025-05-18 20:47:15,332 - uiautomator2.core - DEBUG - forward tcp:60779 -> tcp:9008
2025-05-18 20:47:15,333 - urllib3.connectionpool - DEBUG - Starting new HTTP connection (1): 127.0.0.1:60779
2025-05-18 20:47:15,405 - urllib3.connectionpool - DEBUG - http://127.0.0.1:60779 "POST /jsonrpc/0 HTTP/1.1" 200 40
2025-05-18 20:47:15,406 - LoginManager - DEBUG - Elemento con texto 'Iniciar sesión' no encontrado
2025-05-18 20:47:15,407 - LoginManager - DEBUG - Buscando elemento con texto: 'Login'
2025-05-18 20:47:15,407 - uiautomator2.core - DEBUG - http request POST /jsonrpc/0 {'jsonrpc': '2.0', 'id': 1, 'method': 'exist', 'params': ({'mask': 2, 'childOrSibling': [], 'childOrSiblingSelector': [], 'textContains': 'Login'},)}
2025-05-18 20:47:15,407 - uiautomator2.core - DEBUG - forward tcp:60779 -> tcp:9008
2025-05-18 20:47:15,409 - urllib3.connectionpool - DEBUG - Starting new HTTP connection (1): 127.0.0.1:60779
2025-05-18 20:47:15,469 - urllib3.connectionpool - DEBUG - http://127.0.0.1:60779 "POST /jsonrpc/0 HTTP/1.1" 200 40
2025-05-18 20:47:15,470 - LoginManager - DEBUG - Elemento con texto 'Login' no encontrado
2025-05-18 20:47:15,470 - LoginManager - DEBUG - Buscando elemento con texto: 'Sign In'
2025-05-18 20:47:15,470 - uiautomator2.core - DEBUG - http request POST /jsonrpc/0 {'jsonrpc': '2.0', 'id': 1, 'method': 'exist', 'params': ({'mask': 2, 'childOrSibling': [], 'childOrSiblingSelector': [], 'textContains': 'Sign In'},)}
2025-05-18 20:47:15,481 - uiautomator2.core - DEBUG - forward tcp:60779 -> tcp:9008
2025-05-18 20:47:15,482 - urllib3.connectionpool - DEBUG - Starting new HTTP connection (1): 127.0.0.1:60779
2025-05-18 20:47:15,550 - urllib3.connectionpool - DEBUG - http://127.0.0.1:60779 "POST /jsonrpc/0 HTTP/1.1" 200 40
2025-05-18 20:47:15,551 - LoginManager - DEBUG - Elemento con texto 'Sign In' no encontrado
2025-05-18 20:47:15,551 - LoginManager - DEBUG - Buscando botón 'Log In' por resource-id
2025-05-18 20:47:15,551 - LoginManager - DEBUG - Buscando elemento con resource-id: 'com.spotify.music:id/login_button'
2025-05-18 20:47:15,551 - uiautomator2.core - DEBUG - http request POST /jsonrpc/0 {'jsonrpc': '2.0', 'id': 1, 'method': 'exist', 'params': ({'mask': 2097152, 'childOrSibling': [], 'childOrSiblingSelector': [], 'resourceId': 'com.spotify.music:id/login_button'},)}
2025-05-18 20:47:15,562 - uiautomator2.core - DEBUG - forward tcp:60779 -> tcp:9008
2025-05-18 20:47:15,564 - urllib3.connectionpool - DEBUG - Starting new HTTP connection (1): 127.0.0.1:60779
2025-05-18 20:47:15,620 - urllib3.connectionpool - DEBUG - http://127.0.0.1:60779 "POST /jsonrpc/0 HTTP/1.1" 200 40
2025-05-18 20:47:15,621 - LoginManager - DEBUG - Elemento con resource-id 'com.spotify.music:id/login_button' no encontrado
2025-05-18 20:47:15,621 - LoginManager - DEBUG - Buscando elemento con resource-id: 'com.spotify.music:id/log_in_button'
2025-05-18 20:47:15,622 - uiautomator2.core - DEBUG - http request POST /jsonrpc/0 {'jsonrpc': '2.0', 'id': 1, 'method': 'exist', 'params': ({'mask': 2097152, 'childOrSibling': [], 'childOrSiblingSelector': [], 'resourceId': 'com.spotify.music:id/log_in_button'},)}
2025-05-18 20:47:15,632 - uiautomator2.core - DEBUG - forward tcp:60779 -> tcp:9008
2025-05-18 20:47:15,633 - urllib3.connectionpool - DEBUG - Starting new HTTP connection (1): 127.0.0.1:60779
2025-05-18 20:47:15,689 - urllib3.connectionpool - DEBUG - http://127.0.0.1:60779 "POST /jsonrpc/0 HTTP/1.1" 200 40
2025-05-18 20:47:15,690 - LoginManager - DEBUG - Elemento con resource-id 'com.spotify.music:id/log_in_button' no encontrado
2025-05-18 20:47:15,690 - LoginManager - ERROR - No se pudo encontrar el botón 'Log In' en dispositivo 2040306023079082
2025-05-18 20:47:15,690 - LoginManager - DEBUG - Capturando pantalla en C:\Users\ceram\Downloads\OTWMusicSystem_Final\otw_project\OTW_MUSIC_SYSTEM\modules\..\screenshots\login_button_not_found_2040306023079082_20250518_204715.png
2025-05-18 20:47:15,691 - uiautomator2.core - DEBUG - http request POST /jsonrpc/0 {'jsonrpc': '2.0', 'id': 1, 'method': 'takeScreenshot', 'params': (1, 80)}
2025-05-18 20:47:15,691 - uiautomator2.core - DEBUG - forward tcp:60779 -> tcp:9008
2025-05-18 20:47:15,693 - urllib3.connectionpool - DEBUG - Starting new HTTP connection (1): 127.0.0.1:60779
2025-05-18 20:47:15,719 - urllib3.connectionpool - DEBUG - http://127.0.0.1:60779 "POST /jsonrpc/0 HTTP/1.1" 200 39
2025-05-18 20:47:16,052 - adbutils.screenshot - WARNING - screencap error: cannot identify image file <_io.BytesIO object at 0x000002858227D270>
2025-05-18 20:47:16,220 - adbutils.shell - DEBUG - get window size from 'wm size': WindowSize(width=480, height=960) False
2025-05-18 20:47:16,232 - LoginManager - DEBUG - Captura de pantalla exitosa: C:\Users\ceram\Downloads\OTWMusicSystem_Final\otw_project\OTW_MUSIC_SYSTEM\modules\..\screenshots\login_button_not_found_2040306023079082_20250518_204715.png
2025-05-18 20:47:21,233 - LoginManager - INFO - Iniciando proceso de login en dispositivo 2040306023079082 con cuenta napanycow@cream.pink
2025-05-18 20:47:21,233 - LoginManager - DEBUG - Cerrando com.spotify.music si está abierto
2025-05-18 20:47:21,233 - AndroidDevice - INFO - Deteniendo aplicación: com.spotify.music
2025-05-18 20:47:21,432 - AndroidDevice - INFO - Aplicación detenida: com.spotify.music
2025-05-18 20:47:22,589 - LoginManager - INFO - Abriendo Spotify (com.spotify.music) en dispositivo 2040306023079082
2025-05-18 20:47:22,589 - AndroidDevice - INFO - Iniciando aplicación: com.spotify.music
