2025-05-23 16:19:23,882 - AccountManager - INFO - Cargadas 10 cuentas desde el archivo
2025-05-23 16:19:23,886 - AccountManager - INFO - Cargados 250 proxies desde el archivo
2025-05-23 16:19:23,940 - AccountManager - INFO - AccountManager inicializado con 10 cuentas y 500 proxies
2025-05-23 16:19:23,966 - HumanBehavior - INFO - Perfiles de comportamiento cargados desde C:\Users\def\Documents\OTWMusicSystem_Final\OTWMusicSystem_Final\otw_project\OTW_MUSIC_SYSTEM\modules\..\config\behavior_profiles.json
2025-05-23 16:19:23,969 - HumanBehavior - INFO - HumanBehaviorSimulator inicializado con 4 perfiles
2025-05-23 16:19:25,191 - LoginManager - DEBUG - Sesiones cargadas: 1 entradas
2025-05-23 16:19:25,203 - LoginManager - INFO - LoginManager inicializado
2025-05-23 16:19:25,207 - LoginManager - DEBUG - Ruta de sesiones: C:\Users\def\Documents\OTWMusicSystem_Final\OTWMusicSystem_Final\otw_project\OTW_MUSIC_SYSTEM\modules\..\data\sessions.json
2025-05-23 16:19:25,232 - LoginManager - DEBUG - Ruta de plantillas: C:\Users\def\Documents\OTWMusicSystem_Final\OTWMusicSystem_Final\otw_project\OTW_MUSIC_SYSTEM\modules\..\templates
2025-05-23 16:19:25,249 - LoginManager - WARNING - Plantillas faltantes: login_submit.png, home_icon.png, library_icon.png
2025-05-23 16:19:25,256 - LoginManager - WARNING - Algunas funciones de reconocimiento visual pueden fallar
2025-05-23 16:19:25,348 - HumanBehavior - INFO - Perfiles de comportamiento cargados desde C:\Users\def\Documents\OTWMusicSystem_Final\OTWMusicSystem_Final\otw_project\OTW_MUSIC_SYSTEM\modules\..\config\behavior_profiles.json
2025-05-23 16:19:25,349 - HumanBehavior - INFO - HumanBehaviorSimulator inicializado con 4 perfiles
2025-05-23 16:19:26,079 - AndroidDevice - INFO - Dispositivos detectados: ['1090339022029047', '2040306023079082', '2040306023079114', '2040306023080639', '2040306023081159', '2040306023081216', '2040306023081477', '2040306023082906', '2040306023082911', '2040306023082934', '2040306023083277', '2040306023095804', '2040306023096006', '2040306023097355', '2040306023098451', '24d13971', '4LJVPB6DUSIRMVUS', 'A00000V5902A1318870', 'DY49GQ7PFQCEKF6H', 'KF9HFUCE6XE6WSU8', 'O7SWFIH6AEGEY96H', 'P7NBHUMRBYRGY9KJ', 'PV6PCYR4EMLF8PRC']
2025-05-23 16:19:34,939 - OTWMusicSystem - INFO - Configuración guardada en: C:\Users\def\Documents\OTWMusicSystem_Final\OTWMusicSystem_Final\otw_project\OTW_MUSIC_SYSTEM\config\config.json
2025-05-23 16:19:34,972 - OTWMusicSystem - INFO - Archivo playlists copiado a C:\Users\def\Documents\OTWMusicSystem_Final\OTWMusicSystem_Final\otw_project\OTW_MUSIC_SYSTEM\data\playlists.txt
2025-05-23 16:19:40,588 - OTWMusicSystem - INFO - Configuración guardada en: C:\Users\def\Documents\OTWMusicSystem_Final\OTWMusicSystem_Final\otw_project\OTW_MUSIC_SYSTEM\config\config.json
2025-05-23 16:19:40,644 - OTWMusicSystem - INFO - Archivo proxies copiado a C:\Users\def\Documents\OTWMusicSystem_Final\OTWMusicSystem_Final\otw_project\OTW_MUSIC_SYSTEM\data\proxies.txt
2025-05-23 16:20:02,479 - OTWMusicSystem - INFO - --- Iniciando Playlist Player (Enhanced) ---
2025-05-23 16:20:02,586 - OTWMusicSystem - INFO - Backup de 'C:\Users\def\Documents\OTWMusicSystem_Final\OTWMusicSystem_Final\otw_project\OTW_MUSIC_SYSTEM\data\playlists.txt' a 'C:\Users\def\Documents\OTWMusicSystem_Final\OTWMusicSystem_Final\otw_project\OTW_MUSIC_SYSTEM\data\playlists.txt.bak' exitoso.
2025-05-23 16:20:02,627 - OTWMusicSystem - INFO - Cargados 185 links desde 'C:\Users\def\Documents\OTWMusicSystem_Final\OTWMusicSystem_Final\otw_project\OTW_MUSIC_SYSTEM\data\playlists.txt'. Filtrados 47 links fallidos.
2025-05-23 16:20:02,666 - OTWMusicSystem - INFO - Clasificados: 0 playlists, 1 artistas, 137 tracks
2025-05-23 16:20:02,699 - OTWMusicSystem - DEBUG - Obteniendo dispositivos conectados vía ADB...
2025-05-23 16:20:02,966 - OTWMusicSystem - INFO - Dispositivos ADB conectados y listos: ['1090339022029047', '2040306023079082', '2040306023079114', '2040306023080639', '2040306023081159', '2040306023081216', '2040306023081477', '2040306023082906', '2040306023082911', '2040306023082934', '2040306023083277', '2040306023095804', '2040306023096006', '2040306023097355', '2040306023098451', '24d13971', '4LJVPB6DUSIRMVUS', 'A00000V5902A1318870', 'DY49GQ7PFQCEKF6H', 'KF9HFUCE6XE6WSU8', 'O7SWFIH6AEGEY96H', 'P7NBHUMRBYRGY9KJ', 'PV6PCYR4EMLF8PRC']
2025-05-23 16:20:28,413 - OTWMusicSystem - WARNING - No Spotify packages found on 24d13971
2025-05-23 16:20:33,591 - OTWMusicSystem - ERROR - Error en worker thread: module 'human_behavior' has no attribute 'human_delay'
2025-05-23 16:20:34,300 - uiautomator2.core - DEBUG - file u2.jar md5: 3564c56e4ef077f92c0fd32bcb42aea1
2025-05-23 16:20:34,571 - uiautomator2.core - DEBUG - file u2.jar already pushed
2025-05-23 16:20:34,621 - uiautomator2.core - DEBUG - http request GET /ping None
2025-05-23 16:20:35,124 - OTWMusicSystem - ERROR - Error al escribir en session_summary.log: Unknown format code 'f' for object of type 'str'
