2025-05-24 03:14:10,915 - HumanBehavior - INFO - Perfiles de comportamiento cargados desde C:\Users\def\Documents\OTWMusicSystem_Final\OTWMusicSystem_Final\otw_project\OTW_MUSIC_SYSTEM\modules\..\config\behavior_profiles.json
2025-05-24 03:14:10,931 - HumanBehavior - INFO - HumanBehaviorSimulator inicializado con 4 perfiles
2025-05-24 03:14:12,165 - AccountManager - INFO - Cargadas 10 cuentas desde el archivo
2025-05-24 03:14:12,187 - AccountManager - INFO - Cargados 250 proxies desde el archivo
2025-05-24 03:14:12,268 - AccountManager - INFO - AccountManager inicializado con 10 cuentas y 500 proxies
2025-05-24 03:14:12,274 - LoginManager - INFO - LoginManager inicializado
2025-05-24 03:14:12,274 - LoginManager - WARNING - Plantillas faltantes: login_submit.png, home_icon.png, library_icon.png
2025-05-24 03:14:12,302 - LoginManager - WARNING - Algunas funciones de reconocimiento visual pueden fallar
2025-05-24 03:14:15,056 - HumanBehavior - INFO - Perfiles de comportamiento cargados desde C:\Users\def\Documents\OTWMusicSystem_Final\OTWMusicSystem_Final\otw_project\OTW_MUSIC_SYSTEM\modules\..\config\behavior_profiles.json
2025-05-24 03:14:15,093 - HumanBehavior - INFO - HumanBehaviorSimulator inicializado con 4 perfiles
2025-05-24 03:14:15,800 - AndroidDevice - INFO - Dispositivos detectados: ['1090339022029047', '2040306023079082', '2040306023079114', '2040306023080222', '2040306023080639', '2040306023081159', '2040306023081216', '2040306023081477', '2040306023082906', '2040306023082911', '2040306023082934', '2040306023083277', '2040306023095800', '2040306023095804', '2040306023096006', '2040306023097355', '2040306023098451', '24d13971', '4LJVPB6DUSIRMVUS', 'A00000V5902A1318870', 'DY49GQ7PFQCEKF6H', 'KF9HFUCE6XE6WSU8', 'O7SWFIH6AEGEY96H', 'P7NBHUMRBYRGY9KJ', 'PV6PCYR4EMLF8PRC']
2025-05-24 03:14:26,289 - OTWMusicSystem - INFO - Configuración guardada en: C:\Users\def\Documents\OTWMusicSystem_Final\OTWMusicSystem_Final\otw_project\OTW_MUSIC_SYSTEM\config\config.json
2025-05-24 03:14:26,331 - OTWMusicSystem - INFO - Archivo playlists copiado a C:\Users\def\Documents\OTWMusicSystem_Final\OTWMusicSystem_Final\otw_project\OTW_MUSIC_SYSTEM\data\playlists.txt
2025-05-24 03:14:35,655 - OTWMusicSystem - INFO - Configuración guardada en: C:\Users\def\Documents\OTWMusicSystem_Final\OTWMusicSystem_Final\otw_project\OTW_MUSIC_SYSTEM\config\config.json
2025-05-24 03:14:35,697 - OTWMusicSystem - INFO - Archivo proxies copiado a C:\Users\def\Documents\OTWMusicSystem_Final\OTWMusicSystem_Final\otw_project\OTW_MUSIC_SYSTEM\data\proxies.txt
2025-05-24 03:14:59,837 - OTWMusicSystem - INFO - --- Iniciando Playlist Player (Enhanced) ---
2025-05-24 03:14:59,869 - OTWMusicSystem - INFO - Backup de 'C:\Users\def\Documents\OTWMusicSystem_Final\OTWMusicSystem_Final\otw_project\OTW_MUSIC_SYSTEM\data\playlists.txt' a 'C:\Users\def\Documents\OTWMusicSystem_Final\OTWMusicSystem_Final\otw_project\OTW_MUSIC_SYSTEM\data\playlists.txt.bak' exitoso.
2025-05-24 03:14:59,879 - OTWMusicSystem - INFO - Cargados 185 links desde 'C:\Users\def\Documents\OTWMusicSystem_Final\OTWMusicSystem_Final\otw_project\OTW_MUSIC_SYSTEM\data\playlists.txt'. Filtrados 47 links fallidos.
2025-05-24 03:14:59,898 - OTWMusicSystem - INFO - Clasificados: 0 playlists, 1 artistas, 137 tracks
2025-05-24 03:14:59,995 - OTWMusicSystem - INFO - Dispositivos ADB conectados y listos: ['1090339022029047', '2040306023079082', '2040306023079114', '2040306023080222', '2040306023080639', '2040306023081159', '2040306023081216', '2040306023081477', '2040306023082906', '2040306023082911', '2040306023082934', '2040306023083277', '2040306023095800', '2040306023095804', '2040306023096006', '2040306023097355', '2040306023098451', '24d13971', '4LJVPB6DUSIRMVUS', 'A00000V5902A1318870', 'DY49GQ7PFQCEKF6H', 'KF9HFUCE6XE6WSU8', 'O7SWFIH6AEGEY96H', 'P7NBHUMRBYRGY9KJ', 'PV6PCYR4EMLF8PRC']
2025-05-24 03:15:00,330 - OTWMusicSystem - INFO - Clones Spotify detectados en 1090339022029047: ['com.spotify.musid', 'com.spotify.musie', 'com.spotify.musif', 'com.spotify.musig', 'com.spotify.musih', 'com.spotify.musii', 'com.spotify.musij', 'com.spotify.musik', 'com.spotify.musil', 'com.spotify.musim']
2025-05-24 03:15:00,636 - OTWMusicSystem - INFO - Clones Spotify detectados en 2040306023079082: ['com.spotify.musid', 'com.spotify.musie', 'com.spotify.musif', 'com.spotify.musig', 'com.spotify.musih', 'com.spotify.musii', 'com.spotify.musij', 'com.spotify.musik', 'com.spotify.musil', 'com.spotify.musim']
2025-05-24 03:15:01,006 - OTWMusicSystem - INFO - Clones Spotify detectados en 2040306023079114: ['com.spotify.musid', 'com.spotify.musie', 'com.spotify.musif', 'com.spotify.musig', 'com.spotify.musih', 'com.spotify.musii', 'com.spotify.musij', 'com.spotify.musik', 'com.spotify.musil', 'com.spotify.musim']
2025-05-24 03:15:01,369 - OTWMusicSystem - INFO - Clones Spotify detectados en 2040306023080222: ['com.spotify.musid', 'com.spotify.musie', 'com.spotify.musif', 'com.spotify.musig', 'com.spotify.musih', 'com.spotify.musii', 'com.spotify.musij', 'com.spotify.musik', 'com.spotify.musil', 'com.spotify.musim']
2025-05-24 03:15:01,892 - OTWMusicSystem - INFO - Clones Spotify detectados en 2040306023080639: ['com.spotify.musid', 'com.spotify.musie', 'com.spotify.musif', 'com.spotify.musig', 'com.spotify.musih', 'com.spotify.musii', 'com.spotify.musij', 'com.spotify.musik', 'com.spotify.musil', 'com.spotify.musim']
2025-05-24 03:15:02,330 - OTWMusicSystem - INFO - Clones Spotify detectados en 2040306023081159: ['com.spotify.musid', 'com.spotify.musie', 'com.spotify.musif', 'com.spotify.musig', 'com.spotify.musih', 'com.spotify.musii', 'com.spotify.musij', 'com.spotify.musik', 'com.spotify.musil', 'com.spotify.musim']
2025-05-24 03:15:02,728 - OTWMusicSystem - INFO - Clones Spotify detectados en 2040306023081216: ['com.spotify.musid', 'com.spotify.musie', 'com.spotify.musif', 'com.spotify.musig', 'com.spotify.musih', 'com.spotify.musii', 'com.spotify.musij', 'com.spotify.musik', 'com.spotify.musil', 'com.spotify.musim']
2025-05-24 03:15:03,291 - OTWMusicSystem - INFO - Clones Spotify detectados en 2040306023081477: ['com.spotify.musid', 'com.spotify.musie', 'com.spotify.musif', 'com.spotify.musig', 'com.spotify.musih', 'com.spotify.musii', 'com.spotify.musij', 'com.spotify.musik', 'com.spotify.musil', 'com.spotify.musim']
2025-05-24 03:15:03,755 - OTWMusicSystem - INFO - Clones Spotify detectados en 2040306023082906: ['com.spotify.musid', 'com.spotify.musie', 'com.spotify.musif', 'com.spotify.musim']
2025-05-24 03:15:04,535 - OTWMusicSystem - INFO - Clones Spotify detectados en 2040306023082911: ['com.spotify.musid', 'com.spotify.musie', 'com.spotify.musif', 'com.spotify.musig', 'com.spotify.musih', 'com.spotify.musii', 'com.spotify.musij', 'com.spotify.musik', 'com.spotify.musil', 'com.spotify.musim']
2025-05-24 03:15:05,055 - OTWMusicSystem - INFO - Clones Spotify detectados en 2040306023082934: ['com.spotify.musid', 'com.spotify.musie', 'com.spotify.musif', 'com.spotify.musig', 'com.spotify.musih', 'com.spotify.musii', 'com.spotify.musij', 'com.spotify.musik', 'com.spotify.musil', 'com.spotify.musim']
2025-05-24 03:15:05,877 - OTWMusicSystem - INFO - Clones Spotify detectados en 2040306023083277: ['com.spotify.musid', 'com.spotify.musie', 'com.spotify.musif', 'com.spotify.musig', 'com.spotify.musih', 'com.spotify.musii', 'com.spotify.musij', 'com.spotify.musik', 'com.spotify.musil', 'com.spotify.musim']
2025-05-24 03:15:06,442 - OTWMusicSystem - INFO - Clones Spotify detectados en 2040306023095800: ['com.spotify.musid', 'com.spotify.musie', 'com.spotify.musif', 'com.spotify.musig', 'com.spotify.musih', 'com.spotify.musii', 'com.spotify.musij', 'com.spotify.musik', 'com.spotify.musil', 'com.spotify.musim']
2025-05-24 03:15:06,889 - OTWMusicSystem - INFO - Clones Spotify detectados en 2040306023095804: ['com.spotify.musid', 'com.spotify.musie', 'com.spotify.musif', 'com.spotify.musig', 'com.spotify.musih', 'com.spotify.musii', 'com.spotify.musij', 'com.spotify.musik', 'com.spotify.musil', 'com.spotify.musim']
2025-05-24 03:15:07,410 - OTWMusicSystem - INFO - Clones Spotify detectados en 2040306023096006: ['com.spotify.musid', 'com.spotify.musie', 'com.spotify.musif', 'com.spotify.musig', 'com.spotify.musih', 'com.spotify.musii', 'com.spotify.musij', 'com.spotify.musik', 'com.spotify.musil', 'com.spotify.musim']
2025-05-24 03:15:07,720 - OTWMusicSystem - INFO - Clones Spotify detectados en 2040306023097355: ['com.spotify.musid', 'com.spotify.musie', 'com.spotify.musif', 'com.spotify.musig', 'com.spotify.musih', 'com.spotify.musii', 'com.spotify.musij', 'com.spotify.musik', 'com.spotify.musil', 'com.spotify.musim']
2025-05-24 03:15:08,019 - OTWMusicSystem - INFO - Clones Spotify detectados en 2040306023098451: ['com.spotify.musid', 'com.spotify.musie', 'com.spotify.musif', 'com.spotify.musig', 'com.spotify.musih', 'com.spotify.musii', 'com.spotify.musij', 'com.spotify.musik', 'com.spotify.musil', 'com.spotify.musim']
2025-05-24 03:15:09,179 - OTWMusicSystem - INFO - Clones Spotify detectados en 24d13971: []
2025-05-24 03:15:09,227 - OTWMusicSystem - WARNING - No Spotify packages found on 24d13971
2025-05-24 03:15:09,730 - OTWMusicSystem - INFO - Clones Spotify detectados en 4LJVPB6DUSIRMVUS: ['com.spotify.musid', 'com.spotify.musie', 'com.spotify.musif', 'com.spotify.musig', 'com.spotify.musih', 'com.spotify.musii', 'com.spotify.musij', 'com.spotify.musik', 'com.spotify.musil', 'com.spotify.musim']
2025-05-24 03:15:10,147 - OTWMusicSystem - INFO - Clones Spotify detectados en A00000V5902A1318870: ['com.spotify.musid', 'com.spotify.musie', 'com.spotify.musif', 'com.spotify.musig', 'com.spotify.musih', 'com.spotify.musii', 'com.spotify.musij', 'com.spotify.musik', 'com.spotify.musil', 'com.spotify.musim']
2025-05-24 03:15:10,646 - OTWMusicSystem - INFO - Clones Spotify detectados en DY49GQ7PFQCEKF6H: ['com.spotify.musid', 'com.spotify.musie', 'com.spotify.musif', 'com.spotify.musig', 'com.spotify.musih', 'com.spotify.musii', 'com.spotify.musij', 'com.spotify.musik', 'com.spotify.musil', 'com.spotify.musim']
2025-05-24 03:15:11,302 - OTWMusicSystem - INFO - Clones Spotify detectados en KF9HFUCE6XE6WSU8: ['com.spotify.musid', 'com.spotify.musie', 'com.spotify.musif', 'com.spotify.musig', 'com.spotify.musih', 'com.spotify.musii', 'com.spotify.musij', 'com.spotify.musik', 'com.spotify.musil', 'com.spotify.musim']
2025-05-24 03:15:11,695 - OTWMusicSystem - INFO - Clones Spotify detectados en O7SWFIH6AEGEY96H: ['com.spotify.musid', 'com.spotify.musie', 'com.spotify.musif', 'com.spotify.musig', 'com.spotify.musih', 'com.spotify.musii', 'com.spotify.musij', 'com.spotify.musik', 'com.spotify.musil', 'com.spotify.musim']
2025-05-24 03:15:12,127 - OTWMusicSystem - INFO - Clones Spotify detectados en P7NBHUMRBYRGY9KJ: ['com.spotify.musid', 'com.spotify.musie', 'com.spotify.musif', 'com.spotify.musig', 'com.spotify.musih', 'com.spotify.musii', 'com.spotify.musij', 'com.spotify.musik', 'com.spotify.musil', 'com.spotify.musim']
2025-05-24 03:15:12,501 - OTWMusicSystem - INFO - Clones Spotify detectados en PV6PCYR4EMLF8PRC: ['com.spotify.musid', 'com.spotify.musie', 'com.spotify.musif', 'com.spotify.musig', 'com.spotify.musih', 'com.spotify.musii', 'com.spotify.musij', 'com.spotify.musik', 'com.spotify.musil', 'com.spotify.musim']
2025-05-24 03:15:12,557 - OTWMusicSystem - ERROR - Error en worker thread: module 'human_behavior' has no attribute 'human_delay'
