2025-05-24 13:48:56,749 - HumanBehavior - INFO - Perfiles de comportamiento cargados desde C:\Users\def\Documents\OTWMusicSystem_Final\OTWMusicSystem_Final\otw_project\OTW_MUSIC_SYSTEM\modules\..\config\behavior_profiles.json
2025-05-24 13:48:56,771 - HumanBehavior - INFO - HumanBehaviorSimulator inicializado con 4 perfiles
2025-05-24 13:48:57,994 - AccountManager - INFO - Cargadas 10 cuentas desde el archivo
2025-05-24 13:48:58,005 - AccountManager - INFO - Cargados 250 proxies desde el archivo
2025-05-24 13:48:58,086 - AccountManager - INFO - AccountManager inicializado con 10 cuentas y 500 proxies
2025-05-24 13:48:58,094 - LoginManager - INFO - LoginManager inicializado
2025-05-24 13:48:58,095 - LoginManager - WARNING - Plantillas faltantes: login_submit.png, home_icon.png, library_icon.png
2025-05-24 13:48:58,096 - LoginManager - WARNING - Algunas funciones de reconocimiento visual pueden fallar
2025-05-24 13:49:01,225 - AndroidDevice - INFO - Dispositivos detectados: ['2040306023079114', '2040306023080222', '2040306023080639', '2040306023081159', '2040306023081216', '2040306023081477', '2040306023082906', '2040306023082911', '2040306023082934', '2040306023083277', '2040306023095800', '2040306023095804', '2040306023096006', '2040306023097355', '2040306023098451', '24d13971', '4LJVPB6DUSIRMVUS', 'A00000V5902A1318870', 'DY49GQ7PFQCEKF6H', 'KF9HFUCE6XE6WSU8', 'O7SWFIH6AEGEY96H', 'P7NBHUMRBYRGY9KJ', 'PV6PCYR4EMLF8PRC']
2025-05-24 13:49:12,149 - OTWMusicSystem - INFO - Configuración guardada en: C:\Users\def\Documents\OTWMusicSystem_Final\OTWMusicSystem_Final\otw_project\OTW_MUSIC_SYSTEM\config\config.json
2025-05-24 13:49:12,186 - OTWMusicSystem - INFO - Archivo playlists copiado a C:\Users\def\Documents\OTWMusicSystem_Final\OTWMusicSystem_Final\otw_project\OTW_MUSIC_SYSTEM\data\playlists.txt
2025-05-24 13:49:16,057 - OTWMusicSystem - INFO - Configuración guardada en: C:\Users\def\Documents\OTWMusicSystem_Final\OTWMusicSystem_Final\otw_project\OTW_MUSIC_SYSTEM\config\config.json
2025-05-24 13:49:16,084 - OTWMusicSystem - INFO - Archivo proxies copiado a C:\Users\def\Documents\OTWMusicSystem_Final\OTWMusicSystem_Final\otw_project\OTW_MUSIC_SYSTEM\data\proxies.txt
2025-05-24 13:54:23,460 - OTWMusicSystem - INFO - --- Iniciando Playlist Player (Enhanced) ---
2025-05-24 13:54:23,530 - OTWMusicSystem - INFO - Backup de 'C:\Users\def\Documents\OTWMusicSystem_Final\OTWMusicSystem_Final\otw_project\OTW_MUSIC_SYSTEM\data\playlists.txt' a 'C:\Users\def\Documents\OTWMusicSystem_Final\OTWMusicSystem_Final\otw_project\OTW_MUSIC_SYSTEM\data\playlists.txt.bak' exitoso.
2025-05-24 13:54:23,562 - OTWMusicSystem - INFO - Cargados 185 links desde 'C:\Users\def\Documents\OTWMusicSystem_Final\OTWMusicSystem_Final\otw_project\OTW_MUSIC_SYSTEM\data\playlists.txt'. Filtrados 47 links fallidos.
2025-05-24 13:54:23,573 - OTWMusicSystem - INFO - Clasificados: 0 playlists, 1 artistas, 137 tracks
2025-05-24 13:54:23,689 - OTWMusicSystem - INFO - Dispositivos ADB conectados y listos: ['2040306023079114', '2040306023080222', '2040306023080639', '2040306023081159', '2040306023081216', '2040306023081477', '2040306023082906', '2040306023082911', '2040306023082934', '2040306023083277', '2040306023095800', '2040306023095804', '2040306023096006', '2040306023097355', '2040306023098451', '24d13971', '4LJVPB6DUSIRMVUS', 'A00000V5902A1318870', 'DY49GQ7PFQCEKF6H', 'KF9HFUCE6XE6WSU8', 'O7SWFIH6AEGEY96H', 'P7NBHUMRBYRGY9KJ', 'PV6PCYR4EMLF8PRC']
2025-05-24 13:54:24,138 - OTWMusicSystem - INFO - Clones Spotify detectados en 2040306023079114: ['com.spotify.musid', 'com.spotify.musie', 'com.spotify.musif', 'com.spotify.musig', 'com.spotify.musih', 'com.spotify.musii', 'com.spotify.musij', 'com.spotify.musik', 'com.spotify.musil', 'com.spotify.musim']
2025-05-24 13:54:24,711 - OTWMusicSystem - INFO - Clones Spotify detectados en 2040306023080222: ['com.spotify.musid', 'com.spotify.musie', 'com.spotify.musif', 'com.spotify.musig', 'com.spotify.musih', 'com.spotify.musii', 'com.spotify.musij', 'com.spotify.musik', 'com.spotify.musil', 'com.spotify.musim']
2025-05-24 13:54:25,426 - OTWMusicSystem - INFO - Clones Spotify detectados en 2040306023080639: ['com.spotify.musid', 'com.spotify.musie', 'com.spotify.musif', 'com.spotify.musig', 'com.spotify.musih', 'com.spotify.musii', 'com.spotify.musij', 'com.spotify.musik', 'com.spotify.musil', 'com.spotify.musim']
2025-05-24 13:54:25,784 - OTWMusicSystem - INFO - Clones Spotify detectados en 2040306023081159: ['com.spotify.musid', 'com.spotify.musie', 'com.spotify.musif', 'com.spotify.musig', 'com.spotify.musih', 'com.spotify.musii', 'com.spotify.musij', 'com.spotify.musik', 'com.spotify.musil', 'com.spotify.musim']
2025-05-24 13:54:26,340 - OTWMusicSystem - INFO - Clones Spotify detectados en 2040306023081216: ['com.spotify.musid', 'com.spotify.musie', 'com.spotify.musif', 'com.spotify.musig', 'com.spotify.musih', 'com.spotify.musii', 'com.spotify.musij', 'com.spotify.musik', 'com.spotify.musil', 'com.spotify.musim']
2025-05-24 13:54:26,721 - OTWMusicSystem - INFO - Clones Spotify detectados en 2040306023081477: ['com.spotify.musid', 'com.spotify.musie', 'com.spotify.musif', 'com.spotify.musig', 'com.spotify.musih', 'com.spotify.musii', 'com.spotify.musij', 'com.spotify.musik', 'com.spotify.musil', 'com.spotify.musim']
2025-05-24 13:54:27,196 - OTWMusicSystem - INFO - Clones Spotify detectados en 2040306023082906: ['com.spotify.musid', 'com.spotify.musie', 'com.spotify.musif', 'com.spotify.musim']
2025-05-24 13:54:27,657 - OTWMusicSystem - INFO - Clones Spotify detectados en 2040306023082911: ['com.spotify.musid', 'com.spotify.musie', 'com.spotify.musif', 'com.spotify.musig', 'com.spotify.musih', 'com.spotify.musii', 'com.spotify.musij', 'com.spotify.musik', 'com.spotify.musil', 'com.spotify.musim']
2025-05-24 13:54:28,056 - OTWMusicSystem - INFO - Clones Spotify detectados en 2040306023082934: ['com.spotify.musid', 'com.spotify.musie', 'com.spotify.musif', 'com.spotify.musig', 'com.spotify.musih', 'com.spotify.musii', 'com.spotify.musij', 'com.spotify.musik', 'com.spotify.musil', 'com.spotify.musim']
2025-05-24 13:54:28,588 - OTWMusicSystem - INFO - Clones Spotify detectados en 2040306023083277: ['com.spotify.musid', 'com.spotify.musie', 'com.spotify.musif', 'com.spotify.musig', 'com.spotify.musih', 'com.spotify.musii', 'com.spotify.musij', 'com.spotify.musik', 'com.spotify.musil', 'com.spotify.musim']
2025-05-24 13:54:29,162 - OTWMusicSystem - INFO - Clones Spotify detectados en 2040306023095800: ['com.spotify.musid', 'com.spotify.musie', 'com.spotify.musif', 'com.spotify.musig', 'com.spotify.musih', 'com.spotify.musii', 'com.spotify.musij', 'com.spotify.musik', 'com.spotify.musil', 'com.spotify.musim']
2025-05-24 13:54:29,555 - OTWMusicSystem - INFO - Clones Spotify detectados en 2040306023095804: ['com.spotify.musid', 'com.spotify.musie', 'com.spotify.musif', 'com.spotify.musig', 'com.spotify.musih', 'com.spotify.musii', 'com.spotify.musij', 'com.spotify.musik', 'com.spotify.musil', 'com.spotify.musim']
2025-05-24 13:54:29,978 - OTWMusicSystem - INFO - Clones Spotify detectados en 2040306023096006: ['com.spotify.musid', 'com.spotify.musie', 'com.spotify.musif', 'com.spotify.musig', 'com.spotify.musih', 'com.spotify.musii', 'com.spotify.musij', 'com.spotify.musik', 'com.spotify.musil', 'com.spotify.musim']
2025-05-24 13:54:30,478 - OTWMusicSystem - INFO - Clones Spotify detectados en 2040306023097355: ['com.spotify.musid', 'com.spotify.musie', 'com.spotify.musif', 'com.spotify.musig', 'com.spotify.musih', 'com.spotify.musii', 'com.spotify.musij', 'com.spotify.musik', 'com.spotify.musil', 'com.spotify.musim']
2025-05-24 13:54:30,915 - OTWMusicSystem - INFO - Clones Spotify detectados en 2040306023098451: ['com.spotify.musid', 'com.spotify.musie', 'com.spotify.musif', 'com.spotify.musig', 'com.spotify.musih', 'com.spotify.musii', 'com.spotify.musij', 'com.spotify.musik', 'com.spotify.musil', 'com.spotify.musim']
2025-05-24 13:54:32,016 - OTWMusicSystem - INFO - Clones Spotify detectados en 24d13971: []
2025-05-24 13:54:32,036 - OTWMusicSystem - WARNING - No Spotify packages found on 24d13971
2025-05-24 13:54:32,451 - OTWMusicSystem - INFO - Clones Spotify detectados en 4LJVPB6DUSIRMVUS: ['com.spotify.musid', 'com.spotify.musie', 'com.spotify.musif', 'com.spotify.musig', 'com.spotify.musih', 'com.spotify.musii', 'com.spotify.musij', 'com.spotify.musik', 'com.spotify.musil', 'com.spotify.musim']
2025-05-24 13:54:32,837 - OTWMusicSystem - INFO - Clones Spotify detectados en A00000V5902A1318870: ['com.spotify.musid', 'com.spotify.musie', 'com.spotify.musif', 'com.spotify.musig', 'com.spotify.musih', 'com.spotify.musii', 'com.spotify.musij', 'com.spotify.musik', 'com.spotify.musil', 'com.spotify.musim']
2025-05-24 13:54:33,508 - OTWMusicSystem - INFO - Clones Spotify detectados en DY49GQ7PFQCEKF6H: ['com.spotify.musid', 'com.spotify.musie', 'com.spotify.musif', 'com.spotify.musig', 'com.spotify.musih', 'com.spotify.musii', 'com.spotify.musij', 'com.spotify.musik', 'com.spotify.musil', 'com.spotify.musim']
2025-05-24 13:54:33,959 - OTWMusicSystem - INFO - Clones Spotify detectados en KF9HFUCE6XE6WSU8: ['com.spotify.musid', 'com.spotify.musie', 'com.spotify.musif', 'com.spotify.musig', 'com.spotify.musih', 'com.spotify.musii', 'com.spotify.musij', 'com.spotify.musik', 'com.spotify.musil', 'com.spotify.musim']
2025-05-24 13:54:34,580 - OTWMusicSystem - INFO - Clones Spotify detectados en O7SWFIH6AEGEY96H: ['com.spotify.musid', 'com.spotify.musie', 'com.spotify.musif', 'com.spotify.musig', 'com.spotify.musih', 'com.spotify.musii', 'com.spotify.musij', 'com.spotify.musik', 'com.spotify.musil', 'com.spotify.musim']
2025-05-24 13:54:34,960 - OTWMusicSystem - INFO - Clones Spotify detectados en P7NBHUMRBYRGY9KJ: ['com.spotify.musid', 'com.spotify.musie', 'com.spotify.musif', 'com.spotify.musig', 'com.spotify.musih', 'com.spotify.musii', 'com.spotify.musij', 'com.spotify.musik', 'com.spotify.musil', 'com.spotify.musim']
2025-05-24 13:54:35,404 - OTWMusicSystem - INFO - Clones Spotify detectados en PV6PCYR4EMLF8PRC: ['com.spotify.musid', 'com.spotify.musie', 'com.spotify.musif', 'com.spotify.musig', 'com.spotify.musih', 'com.spotify.musii', 'com.spotify.musij', 'com.spotify.musik', 'com.spotify.musil', 'com.spotify.musim']
2025-05-24 13:56:59,345 - OTWMusicSystem - INFO - --- Finalizado ---
