2025-05-24 03:38:11,080 - HumanBehavior - INFO - Perfiles de comportamiento cargados desde C:\Users\def\Documents\OTWMusicSystem_Final\OTWMusicSystem_Final\otw_project\OTW_MUSIC_SYSTEM\modules\..\config\behavior_profiles.json
2025-05-24 03:38:11,095 - HumanBehavior - INFO - HumanBehaviorSimulator inicializado con 4 perfiles
2025-05-24 03:38:15,221 - AccountManager - INFO - Cargadas 10 cuentas desde el archivo
2025-05-24 03:38:15,290 - AccountManager - INFO - Cargados 250 proxies desde el archivo
2025-05-24 03:38:15,361 - AccountManager - INFO - AccountManager inicializado con 10 cuentas y 500 proxies
2025-05-24 03:38:15,370 - LoginManager - INFO - LoginManager inicializado
2025-05-24 03:38:15,371 - LoginManager - WARNING - Plantillas faltantes: login_submit.png, home_icon.png, library_icon.png
2025-05-24 03:38:15,372 - LoginManager - WARNING - Algunas funciones de reconocimiento visual pueden fallar
2025-05-24 03:38:17,654 - HumanBehavior - INFO - Perfiles de comportamiento cargados desde C:\Users\def\Documents\OTWMusicSystem_Final\OTWMusicSystem_Final\otw_project\OTW_MUSIC_SYSTEM\modules\..\config\behavior_profiles.json
2025-05-24 03:38:17,654 - HumanBehavior - INFO - HumanBehaviorSimulator inicializado con 4 perfiles
2025-05-24 03:38:18,274 - AndroidDevice - INFO - Dispositivos detectados: ['1090339022029047', '2040306023079082', '2040306023079114', '2040306023080222', '2040306023080639', '2040306023081159', '2040306023081216', '2040306023081477', '2040306023082906', '2040306023082911', '2040306023082934', '2040306023083277', '2040306023095800', '2040306023095804', '2040306023096006', '2040306023097355', '2040306023098451', '24d13971', '4LJVPB6DUSIRMVUS', 'A00000V5902A1318870', 'DY49GQ7PFQCEKF6H', 'KF9HFUCE6XE6WSU8', 'O7SWFIH6AEGEY96H', 'P7NBHUMRBYRGY9KJ', 'PV6PCYR4EMLF8PRC']
2025-05-24 03:38:27,283 - OTWMusicSystem - INFO - Configuración guardada en: C:\Users\def\Documents\OTWMusicSystem_Final\OTWMusicSystem_Final\otw_project\OTW_MUSIC_SYSTEM\config\config.json
2025-05-24 03:38:27,306 - OTWMusicSystem - INFO - Archivo playlists copiado a C:\Users\def\Documents\OTWMusicSystem_Final\OTWMusicSystem_Final\otw_project\OTW_MUSIC_SYSTEM\data\playlists.txt
2025-05-24 03:38:31,120 - OTWMusicSystem - INFO - Configuración guardada en: C:\Users\def\Documents\OTWMusicSystem_Final\OTWMusicSystem_Final\otw_project\OTW_MUSIC_SYSTEM\config\config.json
2025-05-24 03:38:31,154 - OTWMusicSystem - INFO - Archivo proxies copiado a C:\Users\def\Documents\OTWMusicSystem_Final\OTWMusicSystem_Final\otw_project\OTW_MUSIC_SYSTEM\data\proxies.txt
2025-05-24 03:38:43,998 - OTWMusicSystem - INFO - --- Iniciando Playlist Player (Enhanced) ---
2025-05-24 03:38:44,021 - OTWMusicSystem - INFO - Backup de 'C:\Users\def\Documents\OTWMusicSystem_Final\OTWMusicSystem_Final\otw_project\OTW_MUSIC_SYSTEM\data\playlists.txt' a 'C:\Users\def\Documents\OTWMusicSystem_Final\OTWMusicSystem_Final\otw_project\OTW_MUSIC_SYSTEM\data\playlists.txt.bak' exitoso.
2025-05-24 03:38:44,039 - OTWMusicSystem - INFO - Cargados 185 links desde 'C:\Users\def\Documents\OTWMusicSystem_Final\OTWMusicSystem_Final\otw_project\OTW_MUSIC_SYSTEM\data\playlists.txt'. Filtrados 47 links fallidos.
2025-05-24 03:38:44,041 - OTWMusicSystem - INFO - Clasificados: 0 playlists, 1 artistas, 137 tracks
2025-05-24 03:38:44,154 - OTWMusicSystem - INFO - Dispositivos ADB conectados y listos: ['1090339022029047', '2040306023079082', '2040306023079114', '2040306023080222', '2040306023080639', '2040306023081159', '2040306023081216', '2040306023081477', '2040306023082906', '2040306023082911', '2040306023082934', '2040306023083277', '2040306023095800', '2040306023095804', '2040306023096006', '2040306023097355', '2040306023098451', '24d13971', '4LJVPB6DUSIRMVUS', 'A00000V5902A1318870', 'DY49GQ7PFQCEKF6H', 'KF9HFUCE6XE6WSU8', 'O7SWFIH6AEGEY96H', 'P7NBHUMRBYRGY9KJ', 'PV6PCYR4EMLF8PRC']
2025-05-24 03:38:44,517 - OTWMusicSystem - INFO - Clones Spotify detectados en 1090339022029047: ['com.spotify.musid', 'com.spotify.musie', 'com.spotify.musif', 'com.spotify.musig', 'com.spotify.musih', 'com.spotify.musii', 'com.spotify.musij', 'com.spotify.musik', 'com.spotify.musil', 'com.spotify.musim']
2025-05-24 03:38:44,858 - OTWMusicSystem - INFO - Clones Spotify detectados en 2040306023079082: ['com.spotify.musid', 'com.spotify.musie', 'com.spotify.musif', 'com.spotify.musig', 'com.spotify.musih', 'com.spotify.musii', 'com.spotify.musij', 'com.spotify.musik', 'com.spotify.musil', 'com.spotify.musim']
2025-05-24 03:38:45,258 - OTWMusicSystem - INFO - Clones Spotify detectados en 2040306023079114: ['com.spotify.musid', 'com.spotify.musie', 'com.spotify.musif', 'com.spotify.musig', 'com.spotify.musih', 'com.spotify.musii', 'com.spotify.musij', 'com.spotify.musik', 'com.spotify.musil', 'com.spotify.musim']
2025-05-24 03:38:45,663 - OTWMusicSystem - INFO - Clones Spotify detectados en 2040306023080222: ['com.spotify.musid', 'com.spotify.musie', 'com.spotify.musif', 'com.spotify.musig', 'com.spotify.musih', 'com.spotify.musii', 'com.spotify.musij', 'com.spotify.musik', 'com.spotify.musil', 'com.spotify.musim']
2025-05-24 03:38:46,110 - OTWMusicSystem - INFO - Clones Spotify detectados en 2040306023080639: ['com.spotify.musid', 'com.spotify.musie', 'com.spotify.musif', 'com.spotify.musig', 'com.spotify.musih', 'com.spotify.musii', 'com.spotify.musij', 'com.spotify.musik', 'com.spotify.musil', 'com.spotify.musim']
2025-05-24 03:38:46,458 - OTWMusicSystem - INFO - Clones Spotify detectados en 2040306023081159: ['com.spotify.musid', 'com.spotify.musie', 'com.spotify.musif', 'com.spotify.musig', 'com.spotify.musih', 'com.spotify.musii', 'com.spotify.musij', 'com.spotify.musik', 'com.spotify.musil', 'com.spotify.musim']
2025-05-24 03:38:46,877 - OTWMusicSystem - INFO - Clones Spotify detectados en 2040306023081216: ['com.spotify.musid', 'com.spotify.musie', 'com.spotify.musif', 'com.spotify.musig', 'com.spotify.musih', 'com.spotify.musii', 'com.spotify.musij', 'com.spotify.musik', 'com.spotify.musil', 'com.spotify.musim']
2025-05-24 03:38:47,312 - OTWMusicSystem - INFO - Clones Spotify detectados en 2040306023081477: ['com.spotify.musid', 'com.spotify.musie', 'com.spotify.musif', 'com.spotify.musig', 'com.spotify.musih', 'com.spotify.musii', 'com.spotify.musij', 'com.spotify.musik', 'com.spotify.musil', 'com.spotify.musim']
2025-05-24 03:38:47,726 - OTWMusicSystem - INFO - Clones Spotify detectados en 2040306023082906: ['com.spotify.musid', 'com.spotify.musie', 'com.spotify.musif', 'com.spotify.musim']
2025-05-24 03:38:48,106 - OTWMusicSystem - INFO - Clones Spotify detectados en 2040306023082911: ['com.spotify.musid', 'com.spotify.musie', 'com.spotify.musif', 'com.spotify.musig', 'com.spotify.musih', 'com.spotify.musii', 'com.spotify.musij', 'com.spotify.musik', 'com.spotify.musil', 'com.spotify.musim']
2025-05-24 03:38:48,423 - OTWMusicSystem - INFO - Clones Spotify detectados en 2040306023082934: ['com.spotify.musid', 'com.spotify.musie', 'com.spotify.musif', 'com.spotify.musig', 'com.spotify.musih', 'com.spotify.musii', 'com.spotify.musij', 'com.spotify.musik', 'com.spotify.musil', 'com.spotify.musim']
2025-05-24 03:38:49,378 - OTWMusicSystem - INFO - Clones Spotify detectados en 2040306023083277: ['com.spotify.musid', 'com.spotify.musie', 'com.spotify.musif', 'com.spotify.musig', 'com.spotify.musih', 'com.spotify.musii', 'com.spotify.musij', 'com.spotify.musik', 'com.spotify.musil', 'com.spotify.musim']
2025-05-24 03:38:49,830 - OTWMusicSystem - INFO - Clones Spotify detectados en 2040306023095800: ['com.spotify.musid', 'com.spotify.musie', 'com.spotify.musif', 'com.spotify.musig', 'com.spotify.musih', 'com.spotify.musii', 'com.spotify.musij', 'com.spotify.musik', 'com.spotify.musil', 'com.spotify.musim']
2025-05-24 03:38:50,464 - OTWMusicSystem - INFO - Clones Spotify detectados en 2040306023095804: ['com.spotify.musid', 'com.spotify.musie', 'com.spotify.musif', 'com.spotify.musig', 'com.spotify.musih', 'com.spotify.musii', 'com.spotify.musij', 'com.spotify.musik', 'com.spotify.musil', 'com.spotify.musim']
2025-05-24 03:38:50,825 - OTWMusicSystem - INFO - Clones Spotify detectados en 2040306023096006: ['com.spotify.musid', 'com.spotify.musie', 'com.spotify.musif', 'com.spotify.musig', 'com.spotify.musih', 'com.spotify.musii', 'com.spotify.musij', 'com.spotify.musik', 'com.spotify.musil', 'com.spotify.musim']
2025-05-24 03:38:51,230 - OTWMusicSystem - INFO - Clones Spotify detectados en 2040306023097355: ['com.spotify.musid', 'com.spotify.musie', 'com.spotify.musif', 'com.spotify.musig', 'com.spotify.musih', 'com.spotify.musii', 'com.spotify.musij', 'com.spotify.musik', 'com.spotify.musil', 'com.spotify.musim']
2025-05-24 03:38:51,617 - OTWMusicSystem - INFO - Clones Spotify detectados en 2040306023098451: ['com.spotify.musid', 'com.spotify.musie', 'com.spotify.musif', 'com.spotify.musig', 'com.spotify.musih', 'com.spotify.musii', 'com.spotify.musij', 'com.spotify.musik', 'com.spotify.musil', 'com.spotify.musim']
2025-05-24 03:38:52,710 - OTWMusicSystem - INFO - Clones Spotify detectados en 24d13971: []
2025-05-24 03:38:52,720 - OTWMusicSystem - WARNING - No Spotify packages found on 24d13971
2025-05-24 03:38:53,155 - OTWMusicSystem - INFO - Clones Spotify detectados en 4LJVPB6DUSIRMVUS: ['com.spotify.musid', 'com.spotify.musie', 'com.spotify.musif', 'com.spotify.musig', 'com.spotify.musih', 'com.spotify.musii', 'com.spotify.musij', 'com.spotify.musik', 'com.spotify.musil', 'com.spotify.musim']
2025-05-24 03:38:53,581 - OTWMusicSystem - INFO - Clones Spotify detectados en A00000V5902A1318870: ['com.spotify.musid', 'com.spotify.musie', 'com.spotify.musif', 'com.spotify.musig', 'com.spotify.musih', 'com.spotify.musii', 'com.spotify.musij', 'com.spotify.musik', 'com.spotify.musil', 'com.spotify.musim']
2025-05-24 03:38:54,056 - OTWMusicSystem - INFO - Clones Spotify detectados en DY49GQ7PFQCEKF6H: ['com.spotify.musid', 'com.spotify.musie', 'com.spotify.musif', 'com.spotify.musig', 'com.spotify.musih', 'com.spotify.musii', 'com.spotify.musij', 'com.spotify.musik', 'com.spotify.musil', 'com.spotify.musim']
2025-05-24 03:38:54,511 - OTWMusicSystem - INFO - Clones Spotify detectados en KF9HFUCE6XE6WSU8: ['com.spotify.musid', 'com.spotify.musie', 'com.spotify.musif', 'com.spotify.musig', 'com.spotify.musih', 'com.spotify.musii', 'com.spotify.musij', 'com.spotify.musik', 'com.spotify.musil', 'com.spotify.musim']
2025-05-24 03:38:55,120 - OTWMusicSystem - INFO - Clones Spotify detectados en O7SWFIH6AEGEY96H: ['com.spotify.musid', 'com.spotify.musie', 'com.spotify.musif', 'com.spotify.musig', 'com.spotify.musih', 'com.spotify.musii', 'com.spotify.musij', 'com.spotify.musik', 'com.spotify.musil', 'com.spotify.musim']
2025-05-24 03:38:55,865 - OTWMusicSystem - INFO - Clones Spotify detectados en P7NBHUMRBYRGY9KJ: ['com.spotify.musid', 'com.spotify.musie', 'com.spotify.musif', 'com.spotify.musig', 'com.spotify.musih', 'com.spotify.musii', 'com.spotify.musij', 'com.spotify.musik', 'com.spotify.musil', 'com.spotify.musim']
2025-05-24 03:38:56,528 - OTWMusicSystem - INFO - Clones Spotify detectados en PV6PCYR4EMLF8PRC: ['com.spotify.musid', 'com.spotify.musie', 'com.spotify.musif', 'com.spotify.musig', 'com.spotify.musih', 'com.spotify.musii', 'com.spotify.musij', 'com.spotify.musik', 'com.spotify.musil', 'com.spotify.musim']
2025-05-24 03:41:37,327 - OTWMusicSystem - INFO - --- Finalizado ---
