2025-05-24 02:14:39,183 - HumanBehavior - INFO - Perfiles de comportamiento cargados desde C:\Users\def\Documents\OTWMusicSystem_Final\OTWMusicSystem_Final\otw_project\OTW_MUSIC_SYSTEM\modules\..\config\behavior_profiles.json
2025-05-24 02:14:39,186 - HumanBehavior - INFO - HumanBehaviorSimulator inicializado con 4 perfiles
2025-05-24 02:14:40,231 - AccountManager - INFO - Cargadas 10 cuentas desde el archivo
2025-05-24 02:14:40,254 - AccountManager - INFO - Cargados 250 proxies desde el archivo
2025-05-24 02:14:40,317 - AccountManager - INFO - AccountManager inicializado con 10 cuentas y 500 proxies
2025-05-24 02:14:40,378 - LoginManager - INFO - LoginManager inicializado
2025-05-24 02:14:40,388 - LoginManager - WARNING - Plantillas faltantes: login_submit.png, home_icon.png, library_icon.png
2025-05-24 02:14:40,420 - LoginManager - WARNING - Algunas funciones de reconocimiento visual pueden fallar
2025-05-24 02:14:44,003 - HumanBehavior - INFO - Perfiles de comportamiento cargados desde C:\Users\def\Documents\OTWMusicSystem_Final\OTWMusicSystem_Final\otw_project\OTW_MUSIC_SYSTEM\modules\..\config\behavior_profiles.json
2025-05-24 02:14:44,043 - HumanBehavior - INFO - HumanBehaviorSimulator inicializado con 4 perfiles
2025-05-24 02:14:44,968 - AndroidDevice - INFO - Dispositivos detectados: ['1090339022029047', '2040306023079082', '2040306023079114', '2040306023080222', '2040306023080639', '2040306023081159', '2040306023081216', '2040306023081477', '2040306023082906', '2040306023082911', '2040306023082934', '2040306023083277', '2040306023095800', '2040306023095804', '2040306023096006', '2040306023097355', '2040306023098451', '24d13971', '4LJVPB6DUSIRMVUS', 'A00000V5902A1318870', 'DY49GQ7PFQCEKF6H', 'KF9HFUCE6XE6WSU8', 'O7SWFIH6AEGEY96H', 'P7NBHUMRBYRGY9KJ', 'PV6PCYR4EMLF8PRC']
2025-05-24 02:15:22,771 - OTWMusicSystem - INFO - Configuración guardada en: C:\Users\def\Documents\OTWMusicSystem_Final\OTWMusicSystem_Final\otw_project\OTW_MUSIC_SYSTEM\config\config.json
2025-05-24 02:15:22,789 - OTWMusicSystem - INFO - Archivo playlists copiado a C:\Users\def\Documents\OTWMusicSystem_Final\OTWMusicSystem_Final\otw_project\OTW_MUSIC_SYSTEM\data\playlists.txt
2025-05-24 02:15:26,095 - OTWMusicSystem - INFO - Configuración guardada en: C:\Users\def\Documents\OTWMusicSystem_Final\OTWMusicSystem_Final\otw_project\OTW_MUSIC_SYSTEM\config\config.json
2025-05-24 02:15:26,114 - OTWMusicSystem - INFO - Archivo proxies copiado a C:\Users\def\Documents\OTWMusicSystem_Final\OTWMusicSystem_Final\otw_project\OTW_MUSIC_SYSTEM\data\proxies.txt
2025-05-24 02:15:41,401 - OTWMusicSystem - INFO - --- Iniciando Playlist Player (Enhanced) ---
2025-05-24 02:15:41,477 - OTWMusicSystem - INFO - Backup de 'C:\Users\def\Documents\OTWMusicSystem_Final\OTWMusicSystem_Final\otw_project\OTW_MUSIC_SYSTEM\data\playlists.txt' a 'C:\Users\def\Documents\OTWMusicSystem_Final\OTWMusicSystem_Final\otw_project\OTW_MUSIC_SYSTEM\data\playlists.txt.bak' exitoso.
2025-05-24 02:15:41,498 - OTWMusicSystem - INFO - Cargados 185 links desde 'C:\Users\def\Documents\OTWMusicSystem_Final\OTWMusicSystem_Final\otw_project\OTW_MUSIC_SYSTEM\data\playlists.txt'. Filtrados 47 links fallidos.
2025-05-24 02:15:41,498 - OTWMusicSystem - INFO - Clasificados: 0 playlists, 1 artistas, 137 tracks
2025-05-24 02:15:41,608 - OTWMusicSystem - INFO - Dispositivos ADB conectados y listos: ['1090339022029047', '2040306023079082', '2040306023079114', '2040306023080222', '2040306023080639', '2040306023081159', '2040306023081216', '2040306023081477', '2040306023082906', '2040306023082911', '2040306023082934', '2040306023083277', '2040306023095800', '2040306023095804', '2040306023096006', '2040306023097355', '2040306023098451', '24d13971', '4LJVPB6DUSIRMVUS', 'A00000V5902A1318870', 'DY49GQ7PFQCEKF6H', 'KF9HFUCE6XE6WSU8', 'O7SWFIH6AEGEY96H', 'P7NBHUMRBYRGY9KJ', 'PV6PCYR4EMLF8PRC']
2025-05-24 02:15:41,931 - OTWMusicSystem - WARNING - No Spotify packages found on 1090339022029047
2025-05-24 02:15:42,269 - OTWMusicSystem - WARNING - No Spotify packages found on 2040306023079082
2025-05-24 02:15:43,133 - OTWMusicSystem - WARNING - No Spotify packages found on 2040306023079114
2025-05-24 02:15:43,835 - OTWMusicSystem - WARNING - No Spotify packages found on 2040306023080222
2025-05-24 02:15:44,881 - OTWMusicSystem - WARNING - No Spotify packages found on 2040306023080639
2025-05-24 02:15:45,681 - OTWMusicSystem - WARNING - No Spotify packages found on 2040306023081159
2025-05-24 02:15:46,146 - OTWMusicSystem - WARNING - No Spotify packages found on 2040306023081216
2025-05-24 02:15:46,614 - OTWMusicSystem - WARNING - No Spotify packages found on 2040306023081477
2025-05-24 02:15:47,185 - OTWMusicSystem - WARNING - No Spotify packages found on 2040306023082906
2025-05-24 02:15:47,857 - OTWMusicSystem - WARNING - No Spotify packages found on 2040306023082911
2025-05-24 02:15:48,380 - OTWMusicSystem - WARNING - No Spotify packages found on 2040306023082934
2025-05-24 02:15:49,823 - OTWMusicSystem - WARNING - No Spotify packages found on 2040306023083277
2025-05-24 02:15:50,634 - OTWMusicSystem - WARNING - No Spotify packages found on 2040306023095800
2025-05-24 02:15:51,257 - OTWMusicSystem - WARNING - No Spotify packages found on 2040306023095804
2025-05-24 02:15:51,795 - OTWMusicSystem - WARNING - No Spotify packages found on 2040306023096006
2025-05-24 02:15:52,367 - OTWMusicSystem - WARNING - No Spotify packages found on 2040306023097355
2025-05-24 02:15:53,078 - OTWMusicSystem - WARNING - No Spotify packages found on 2040306023098451
2025-05-24 02:15:55,952 - OTWMusicSystem - WARNING - No Spotify packages found on 24d13971
2025-05-24 02:15:57,370 - OTWMusicSystem - WARNING - No Spotify packages found on 4LJVPB6DUSIRMVUS
2025-05-24 02:15:57,932 - OTWMusicSystem - WARNING - No Spotify packages found on A00000V5902A1318870
2025-05-24 02:15:58,365 - OTWMusicSystem - WARNING - No Spotify packages found on DY49GQ7PFQCEKF6H
2025-05-24 02:15:58,695 - OTWMusicSystem - WARNING - No Spotify packages found on KF9HFUCE6XE6WSU8
2025-05-24 02:15:59,098 - OTWMusicSystem - WARNING - No Spotify packages found on O7SWFIH6AEGEY96H
2025-05-24 02:15:59,621 - OTWMusicSystem - WARNING - No Spotify packages found on P7NBHUMRBYRGY9KJ
2025-05-24 02:16:00,075 - OTWMusicSystem - WARNING - No Spotify packages found on PV6PCYR4EMLF8PRC
2025-05-24 02:16:00,078 - OTWMusicSystem - INFO - --- Finalizado ---
