2025-05-24 14:08:21,054 - HumanBehavior - INFO - Perfiles de comportamiento cargados desde C:\Users\def\Documents\OTWMusicSystem_Final\OTWMusicSystem_Final\otw_project\OTW_MUSIC_SYSTEM\modules\..\config\behavior_profiles.json
2025-05-24 14:08:21,092 - HumanBehavior - INFO - HumanBehaviorSimulator inicializado con 4 perfiles
2025-05-24 14:08:22,646 - AccountManager - INFO - Cargadas 10 cuentas desde el archivo
2025-05-24 14:08:22,676 - AccountManager - INFO - Cargados 250 proxies desde el archivo
2025-05-24 14:08:22,765 - AccountManager - INFO - AccountManager inicializado con 10 cuentas y 500 proxies
2025-05-24 14:08:22,791 - LoginManager - INFO - LoginManager inicializado
2025-05-24 14:08:26,336 - AndroidDevice - INFO - Dispositivos detectados: ['1090339022029047', '2040306023079082', '2040306023079114', '2040306023079705', '2040306023080222', '2040306023080639', '2040306023081159', '2040306023081216', '2040306023081477', '2040306023082906', '2040306023082911', '2040306023082934', '2040306023083277', '2040306023095800', '2040306023095804', '2040306023096006', '2040306023097355', '2040306023098451', '24d13971', '4LJVPB6DUSIRMVUS', 'A00000V5902A1318870', 'DY49GQ7PFQCEKF6H', 'KF9HFUCE6XE6WSU8', 'O7SWFIH6AEGEY96H', 'P7NBHUMRBYRGY9KJ', 'PV6PCYR4EMLF8PRC']
2025-05-24 14:08:39,620 - OTWMusicSystem - INFO - Configuración guardada en: C:\Users\def\Documents\OTWMusicSystem_Final\OTWMusicSystem_Final\otw_project\OTW_MUSIC_SYSTEM\config\config.json
2025-05-24 14:08:39,646 - OTWMusicSystem - INFO - Archivo playlists copiado a C:\Users\def\Documents\OTWMusicSystem_Final\OTWMusicSystem_Final\otw_project\OTW_MUSIC_SYSTEM\data\playlists.txt
2025-05-24 14:08:42,283 - OTWMusicSystem - INFO - Configuración guardada en: C:\Users\def\Documents\OTWMusicSystem_Final\OTWMusicSystem_Final\otw_project\OTW_MUSIC_SYSTEM\config\config.json
2025-05-24 14:08:42,310 - OTWMusicSystem - INFO - Archivo proxies copiado a C:\Users\def\Documents\OTWMusicSystem_Final\OTWMusicSystem_Final\otw_project\OTW_MUSIC_SYSTEM\data\proxies.txt
2025-05-24 14:08:55,318 - OTWMusicSystem - INFO - --- Iniciando Playlist Player (Enhanced) ---
2025-05-24 14:08:58,877 - OTWMusicSystem - INFO - Backup de 'C:\Users\def\Documents\OTWMusicSystem_Final\OTWMusicSystem_Final\otw_project\OTW_MUSIC_SYSTEM\data\playlists.txt' a 'C:\Users\def\Documents\OTWMusicSystem_Final\OTWMusicSystem_Final\otw_project\OTW_MUSIC_SYSTEM\data\playlists.txt.bak' exitoso.
2025-05-24 14:08:58,930 - OTWMusicSystem - INFO - Cargados 185 links desde 'C:\Users\def\Documents\OTWMusicSystem_Final\OTWMusicSystem_Final\otw_project\OTW_MUSIC_SYSTEM\data\playlists.txt'. Filtrados 47 links fallidos.
2025-05-24 14:08:58,962 - OTWMusicSystem - INFO - Clasificados: 0 playlists, 1 artistas, 137 tracks
2025-05-24 14:09:00,523 - OTWMusicSystem - INFO - Dispositivos ADB conectados y listos: ['1090339022029047', '2040306023079082', '2040306023079114', '2040306023079705', '2040306023080222', '2040306023080639', '2040306023081159', '2040306023081216', '2040306023081477', '2040306023082906', '2040306023082911', '2040306023082934', '2040306023083277', '2040306023095800', '2040306023095804', '2040306023096006', '2040306023097355', '2040306023098451', '24d13971', '4LJVPB6DUSIRMVUS', 'A00000V5902A1318870', 'DY49GQ7PFQCEKF6H', 'KF9HFUCE6XE6WSU8', 'O7SWFIH6AEGEY96H', 'P7NBHUMRBYRGY9KJ', 'PV6PCYR4EMLF8PRC']
2025-05-24 14:09:03,809 - OTWMusicSystem - INFO - Clones Spotify detectados en 1090339022029047: ['com.spotify.musid', 'com.spotify.musie', 'com.spotify.musif', 'com.spotify.musig', 'com.spotify.musih', 'com.spotify.musii', 'com.spotify.musij', 'com.spotify.musik', 'com.spotify.musil', 'com.spotify.musim']
2025-05-24 14:09:05,896 - OTWMusicSystem - INFO - Clones Spotify detectados en 2040306023079082: ['com.spotify.musid', 'com.spotify.musie', 'com.spotify.musif', 'com.spotify.musig', 'com.spotify.musih', 'com.spotify.musii', 'com.spotify.musij', 'com.spotify.musik', 'com.spotify.musil', 'com.spotify.musim']
2025-05-24 14:09:06,304 - OTWMusicSystem - INFO - Clones Spotify detectados en 2040306023079114: ['com.spotify.musid', 'com.spotify.musie', 'com.spotify.musif', 'com.spotify.musig', 'com.spotify.musih', 'com.spotify.musii', 'com.spotify.musij', 'com.spotify.musik', 'com.spotify.musil', 'com.spotify.musim']
2025-05-24 14:09:06,645 - OTWMusicSystem - INFO - Clones Spotify detectados en 2040306023079705: ['com.spotify.musid', 'com.spotify.musie', 'com.spotify.musif', 'com.spotify.musig', 'com.spotify.musih', 'com.spotify.musii', 'com.spotify.musij', 'com.spotify.musik', 'com.spotify.musil', 'com.spotify.musim']
2025-05-24 14:09:07,245 - OTWMusicSystem - INFO - Clones Spotify detectados en 2040306023080222: ['com.spotify.musid', 'com.spotify.musie', 'com.spotify.musif', 'com.spotify.musig', 'com.spotify.musih', 'com.spotify.musii', 'com.spotify.musij', 'com.spotify.musik', 'com.spotify.musil', 'com.spotify.musim']
2025-05-24 14:09:07,801 - OTWMusicSystem - INFO - Clones Spotify detectados en 2040306023080639: ['com.spotify.musid', 'com.spotify.musie', 'com.spotify.musif', 'com.spotify.musig', 'com.spotify.musih', 'com.spotify.musii', 'com.spotify.musij', 'com.spotify.musik', 'com.spotify.musil', 'com.spotify.musim']
2025-05-24 14:09:08,139 - OTWMusicSystem - INFO - Clones Spotify detectados en 2040306023081159: ['com.spotify.musid', 'com.spotify.musie', 'com.spotify.musif', 'com.spotify.musig', 'com.spotify.musih', 'com.spotify.musii', 'com.spotify.musij', 'com.spotify.musik', 'com.spotify.musil', 'com.spotify.musim']
2025-05-24 14:09:08,635 - OTWMusicSystem - INFO - Clones Spotify detectados en 2040306023081216: ['com.spotify.musid', 'com.spotify.musie', 'com.spotify.musif', 'com.spotify.musig', 'com.spotify.musih', 'com.spotify.musii', 'com.spotify.musij', 'com.spotify.musik', 'com.spotify.musil', 'com.spotify.musim']
2025-05-24 14:09:08,954 - OTWMusicSystem - INFO - Clones Spotify detectados en 2040306023081477: ['com.spotify.musid', 'com.spotify.musie', 'com.spotify.musif', 'com.spotify.musig', 'com.spotify.musih', 'com.spotify.musii', 'com.spotify.musij', 'com.spotify.musik', 'com.spotify.musil', 'com.spotify.musim']
2025-05-24 14:09:10,719 - OTWMusicSystem - INFO - Clones Spotify detectados en 2040306023082906: ['com.spotify.musid', 'com.spotify.musie', 'com.spotify.musif', 'com.spotify.musim']
2025-05-24 14:09:14,877 - OTWMusicSystem - INFO - Clones Spotify detectados en 2040306023082911: ['com.spotify.musid', 'com.spotify.musie', 'com.spotify.musif', 'com.spotify.musig', 'com.spotify.musih', 'com.spotify.musii', 'com.spotify.musij', 'com.spotify.musik', 'com.spotify.musil', 'com.spotify.musim']
2025-05-24 14:09:16,826 - OTWMusicSystem - INFO - Clones Spotify detectados en 2040306023082934: ['com.spotify.musid', 'com.spotify.musie', 'com.spotify.musif', 'com.spotify.musig', 'com.spotify.musih', 'com.spotify.musii', 'com.spotify.musij', 'com.spotify.musik', 'com.spotify.musil', 'com.spotify.musim']
2025-05-24 14:09:17,399 - OTWMusicSystem - INFO - Clones Spotify detectados en 2040306023083277: ['com.spotify.musid', 'com.spotify.musie', 'com.spotify.musif', 'com.spotify.musig', 'com.spotify.musih', 'com.spotify.musii', 'com.spotify.musij', 'com.spotify.musik', 'com.spotify.musil', 'com.spotify.musim']
2025-05-24 14:09:17,931 - OTWMusicSystem - INFO - Clones Spotify detectados en 2040306023095800: ['com.spotify.musid', 'com.spotify.musie', 'com.spotify.musif', 'com.spotify.musig', 'com.spotify.musih', 'com.spotify.musii', 'com.spotify.musij', 'com.spotify.musik', 'com.spotify.musil', 'com.spotify.musim']
2025-05-24 14:09:18,377 - OTWMusicSystem - INFO - Clones Spotify detectados en 2040306023095804: ['com.spotify.musid', 'com.spotify.musie', 'com.spotify.musif', 'com.spotify.musig', 'com.spotify.musih', 'com.spotify.musii', 'com.spotify.musij', 'com.spotify.musik', 'com.spotify.musil', 'com.spotify.musim']
2025-05-24 14:09:18,719 - OTWMusicSystem - INFO - Clones Spotify detectados en 2040306023096006: ['com.spotify.musid', 'com.spotify.musie', 'com.spotify.musif', 'com.spotify.musig', 'com.spotify.musih', 'com.spotify.musii', 'com.spotify.musij', 'com.spotify.musik', 'com.spotify.musil', 'com.spotify.musim']
2025-05-24 14:09:19,049 - OTWMusicSystem - INFO - Clones Spotify detectados en 2040306023097355: ['com.spotify.musid', 'com.spotify.musie', 'com.spotify.musif', 'com.spotify.musig', 'com.spotify.musih', 'com.spotify.musii', 'com.spotify.musij', 'com.spotify.musik', 'com.spotify.musil', 'com.spotify.musim']
2025-05-24 14:09:19,404 - OTWMusicSystem - INFO - Clones Spotify detectados en 2040306023098451: ['com.spotify.musid', 'com.spotify.musie', 'com.spotify.musif', 'com.spotify.musig', 'com.spotify.musih', 'com.spotify.musii', 'com.spotify.musij', 'com.spotify.musik', 'com.spotify.musil', 'com.spotify.musim']
2025-05-24 14:09:20,425 - OTWMusicSystem - INFO - Clones Spotify detectados en 24d13971: []
2025-05-24 14:09:20,426 - OTWMusicSystem - WARNING - No Spotify packages found on 24d13971
2025-05-24 14:09:22,282 - OTWMusicSystem - INFO - Clones Spotify detectados en 4LJVPB6DUSIRMVUS: ['com.spotify.musid', 'com.spotify.musie', 'com.spotify.musif', 'com.spotify.musig', 'com.spotify.musih', 'com.spotify.musii', 'com.spotify.musij', 'com.spotify.musik', 'com.spotify.musil', 'com.spotify.musim']
2025-05-24 14:09:26,104 - OTWMusicSystem - INFO - Clones Spotify detectados en A00000V5902A1318870: ['com.spotify.musid', 'com.spotify.musie', 'com.spotify.musif', 'com.spotify.musig', 'com.spotify.musih', 'com.spotify.musii', 'com.spotify.musij', 'com.spotify.musik', 'com.spotify.musil', 'com.spotify.musim']
2025-05-24 14:09:28,198 - OTWMusicSystem - INFO - Clones Spotify detectados en DY49GQ7PFQCEKF6H: ['com.spotify.musid', 'com.spotify.musie', 'com.spotify.musif', 'com.spotify.musig', 'com.spotify.musih', 'com.spotify.musii', 'com.spotify.musij', 'com.spotify.musik', 'com.spotify.musil', 'com.spotify.musim']
2025-05-24 14:09:28,516 - OTWMusicSystem - INFO - Clones Spotify detectados en KF9HFUCE6XE6WSU8: ['com.spotify.musid', 'com.spotify.musie', 'com.spotify.musif', 'com.spotify.musig', 'com.spotify.musih', 'com.spotify.musii', 'com.spotify.musij', 'com.spotify.musik', 'com.spotify.musil', 'com.spotify.musim']
2025-05-24 14:09:28,839 - OTWMusicSystem - INFO - Clones Spotify detectados en O7SWFIH6AEGEY96H: ['com.spotify.musid', 'com.spotify.musie', 'com.spotify.musif', 'com.spotify.musig', 'com.spotify.musih', 'com.spotify.musii', 'com.spotify.musij', 'com.spotify.musik', 'com.spotify.musil', 'com.spotify.musim']
2025-05-24 14:09:29,505 - OTWMusicSystem - INFO - Clones Spotify detectados en P7NBHUMRBYRGY9KJ: ['com.spotify.musid', 'com.spotify.musie', 'com.spotify.musif', 'com.spotify.musig', 'com.spotify.musih', 'com.spotify.musii', 'com.spotify.musij', 'com.spotify.musik', 'com.spotify.musil', 'com.spotify.musim']
2025-05-24 14:09:29,884 - OTWMusicSystem - INFO - Clones Spotify detectados en PV6PCYR4EMLF8PRC: ['com.spotify.musid', 'com.spotify.musie', 'com.spotify.musif', 'com.spotify.musig', 'com.spotify.musih', 'com.spotify.musii', 'com.spotify.musij', 'com.spotify.musik', 'com.spotify.musil', 'com.spotify.musim']
2025-05-24 14:12:14,826 - OTWMusicSystem - INFO - --- Finalizado ---
