2025-05-24 02:30:18,809 - HumanBehavior - INFO - Perfiles de comportamiento cargados desde C:\Users\def\Documents\OTWMusicSystem_Final\OTWMusicSystem_Final\otw_project\OTW_MUSIC_SYSTEM\modules\..\config\behavior_profiles.json
2025-05-24 02:30:18,832 - HumanBehavior - INFO - HumanBehaviorSimulator inicializado con 4 perfiles
2025-05-24 02:30:20,079 - AccountManager - INFO - Cargadas 10 cuentas desde el archivo
2025-05-24 02:30:20,093 - AccountManager - INFO - Cargados 250 proxies desde el archivo
2025-05-24 02:30:20,156 - AccountManager - INFO - AccountManager inicializado con 10 cuentas y 500 proxies
2025-05-24 02:30:20,189 - LoginManager - INFO - LoginManager inicializado
2025-05-24 02:30:20,204 - LoginManager - WARNING - Plantillas faltantes: login_submit.png, home_icon.png, library_icon.png
2025-05-24 02:30:20,223 - LoginManager - WARNING - Algunas funciones de reconocimiento visual pueden fallar
2025-05-24 02:30:22,664 - HumanBehavior - INFO - Perfiles de comportamiento cargados desde C:\Users\def\Documents\OTWMusicSystem_Final\OTWMusicSystem_Final\otw_project\OTW_MUSIC_SYSTEM\modules\..\config\behavior_profiles.json
2025-05-24 02:30:22,678 - HumanBehavior - INFO - HumanBehaviorSimulator inicializado con 4 perfiles
2025-05-24 02:30:23,407 - AndroidDevice - INFO - Dispositivos detectados: ['1090339022029047', '2040306023079082', '2040306023079114', '2040306023080222', '2040306023080639', '2040306023081159', '2040306023081216', '2040306023081477', '2040306023082906', '2040306023082911', '2040306023082934', '2040306023083277', '2040306023095800', '2040306023095804', '2040306023096006', '2040306023097355', '2040306023098451', '24d13971', '4LJVPB6DUSIRMVUS', 'A00000V5902A1318870', 'DY49GQ7PFQCEKF6H', 'KF9HFUCE6XE6WSU8', 'O7SWFIH6AEGEY96H', 'P7NBHUMRBYRGY9KJ', 'PV6PCYR4EMLF8PRC']
2025-05-24 02:30:33,991 - OTWMusicSystem - INFO - Configuración guardada en: C:\Users\def\Documents\OTWMusicSystem_Final\OTWMusicSystem_Final\otw_project\OTW_MUSIC_SYSTEM\config\config.json
2025-05-24 02:30:34,029 - OTWMusicSystem - INFO - Archivo playlists copiado a C:\Users\def\Documents\OTWMusicSystem_Final\OTWMusicSystem_Final\otw_project\OTW_MUSIC_SYSTEM\data\playlists.txt
2025-05-24 02:30:37,294 - OTWMusicSystem - INFO - Configuración guardada en: C:\Users\def\Documents\OTWMusicSystem_Final\OTWMusicSystem_Final\otw_project\OTW_MUSIC_SYSTEM\config\config.json
2025-05-24 02:30:37,322 - OTWMusicSystem - INFO - Archivo proxies copiado a C:\Users\def\Documents\OTWMusicSystem_Final\OTWMusicSystem_Final\otw_project\OTW_MUSIC_SYSTEM\data\proxies.txt
2025-05-24 02:31:02,878 - OTWMusicSystem - INFO - --- Iniciando Playlist Player (Enhanced) ---
2025-05-24 02:31:02,898 - OTWMusicSystem - INFO - Backup de 'C:\Users\def\Documents\OTWMusicSystem_Final\OTWMusicSystem_Final\otw_project\OTW_MUSIC_SYSTEM\data\playlists.txt' a 'C:\Users\def\Documents\OTWMusicSystem_Final\OTWMusicSystem_Final\otw_project\OTW_MUSIC_SYSTEM\data\playlists.txt.bak' exitoso.
2025-05-24 02:31:02,910 - OTWMusicSystem - INFO - Cargados 185 links desde 'C:\Users\def\Documents\OTWMusicSystem_Final\OTWMusicSystem_Final\otw_project\OTW_MUSIC_SYSTEM\data\playlists.txt'. Filtrados 47 links fallidos.
2025-05-24 02:31:02,936 - OTWMusicSystem - INFO - Clasificados: 0 playlists, 1 artistas, 137 tracks
2025-05-24 02:31:03,055 - OTWMusicSystem - INFO - Dispositivos ADB conectados y listos: ['1090339022029047', '2040306023079082', '2040306023079114', '2040306023080222', '2040306023080639', '2040306023081159', '2040306023081216', '2040306023081477', '2040306023082906', '2040306023082911', '2040306023082934', '2040306023083277', '2040306023095800', '2040306023095804', '2040306023096006', '2040306023097355', '2040306023098451', '24d13971', '4LJVPB6DUSIRMVUS', 'A00000V5902A1318870', 'DY49GQ7PFQCEKF6H', 'KF9HFUCE6XE6WSU8', 'O7SWFIH6AEGEY96H', 'P7NBHUMRBYRGY9KJ', 'PV6PCYR4EMLF8PRC']
2025-05-24 02:31:03,357 - OTWMusicSystem - WARNING - No Spotify packages found on 1090339022029047
2025-05-24 02:31:03,679 - OTWMusicSystem - WARNING - No Spotify packages found on 2040306023079082
2025-05-24 02:31:04,027 - OTWMusicSystem - WARNING - No Spotify packages found on 2040306023079114
2025-05-24 02:31:04,328 - OTWMusicSystem - WARNING - No Spotify packages found on 2040306023080222
2025-05-24 02:31:04,825 - OTWMusicSystem - WARNING - No Spotify packages found on 2040306023080639
2025-05-24 02:31:05,143 - OTWMusicSystem - WARNING - No Spotify packages found on 2040306023081159
2025-05-24 02:31:05,502 - OTWMusicSystem - WARNING - No Spotify packages found on 2040306023081216
2025-05-24 02:31:05,841 - OTWMusicSystem - WARNING - No Spotify packages found on 2040306023081477
2025-05-24 02:31:06,173 - OTWMusicSystem - WARNING - No Spotify packages found on 2040306023082906
2025-05-24 02:31:06,566 - OTWMusicSystem - WARNING - No Spotify packages found on 2040306023082911
2025-05-24 02:31:06,866 - OTWMusicSystem - WARNING - No Spotify packages found on 2040306023082934
2025-05-24 02:31:08,035 - OTWMusicSystem - WARNING - No Spotify packages found on 2040306023083277
2025-05-24 02:31:08,435 - OTWMusicSystem - WARNING - No Spotify packages found on 2040306023095800
2025-05-24 02:31:08,763 - OTWMusicSystem - WARNING - No Spotify packages found on 2040306023095804
2025-05-24 02:31:09,121 - OTWMusicSystem - WARNING - No Spotify packages found on 2040306023096006
2025-05-24 02:31:09,474 - OTWMusicSystem - WARNING - No Spotify packages found on 2040306023097355
2025-05-24 02:31:09,792 - OTWMusicSystem - WARNING - No Spotify packages found on 2040306023098451
2025-05-24 02:31:10,885 - OTWMusicSystem - WARNING - No Spotify packages found on 24d13971
2025-05-24 02:31:11,206 - OTWMusicSystem - WARNING - No Spotify packages found on 4LJVPB6DUSIRMVUS
2025-05-24 02:31:11,510 - OTWMusicSystem - WARNING - No Spotify packages found on A00000V5902A1318870
2025-05-24 02:31:11,881 - OTWMusicSystem - WARNING - No Spotify packages found on DY49GQ7PFQCEKF6H
2025-05-24 02:31:12,180 - OTWMusicSystem - WARNING - No Spotify packages found on KF9HFUCE6XE6WSU8
2025-05-24 02:31:12,492 - OTWMusicSystem - WARNING - No Spotify packages found on O7SWFIH6AEGEY96H
2025-05-24 02:31:13,003 - OTWMusicSystem - WARNING - No Spotify packages found on P7NBHUMRBYRGY9KJ
2025-05-24 02:31:13,344 - OTWMusicSystem - WARNING - No Spotify packages found on PV6PCYR4EMLF8PRC
2025-05-24 02:31:13,368 - OTWMusicSystem - INFO - --- Finalizado ---
