2025-05-24 03:08:27,749 - HumanBehavior - INFO - Perfiles de comportamiento cargados desde C:\Users\def\Documents\OTWMusicSystem_Final\OTWMusicSystem_Final\otw_project\OTW_MUSIC_SYSTEM\modules\..\config\behavior_profiles.json
2025-05-24 03:08:27,759 - HumanBehavior - INFO - HumanBehaviorSimulator inicializado con 4 perfiles
2025-05-24 03:08:28,639 - AccountManager - INFO - Cargadas 10 cuentas desde el archivo
2025-05-24 03:08:28,648 - AccountManager - INFO - Cargados 250 proxies desde el archivo
2025-05-24 03:08:28,708 - AccountManager - INFO - AccountManager inicializado con 10 cuentas y 500 proxies
2025-05-24 03:08:28,729 - LoginManager - INFO - LoginManager inicializado
2025-05-24 03:08:28,730 - LoginManager - WARNING - Plantillas faltantes: login_submit.png, home_icon.png, library_icon.png
2025-05-24 03:08:28,751 - LoginManager - WARNING - Algunas funciones de reconocimiento visual pueden fallar
2025-05-24 03:08:32,029 - HumanBehavior - INFO - Perfiles de comportamiento cargados desde C:\Users\def\Documents\OTWMusicSystem_Final\OTWMusicSystem_Final\otw_project\OTW_MUSIC_SYSTEM\modules\..\config\behavior_profiles.json
2025-05-24 03:08:32,030 - HumanBehavior - INFO - HumanBehaviorSimulator inicializado con 4 perfiles
2025-05-24 03:08:33,299 - AndroidDevice - INFO - Dispositivos detectados: ['1090339022029047', '2040306023079082', '2040306023079114', '2040306023080222', '2040306023080639', '2040306023081159', '2040306023081216', '2040306023081477', '2040306023082906', '2040306023082911', '2040306023082934', '2040306023083277', '2040306023095800', '2040306023095804', '2040306023096006', '2040306023097355', '2040306023098451', '24d13971', '4LJVPB6DUSIRMVUS', 'A00000V5902A1318870', 'DY49GQ7PFQCEKF6H', 'KF9HFUCE6XE6WSU8', 'O7SWFIH6AEGEY96H', 'P7NBHUMRBYRGY9KJ', 'PV6PCYR4EMLF8PRC']
2025-05-24 03:08:42,064 - OTWMusicSystem - INFO - Configuración guardada en: C:\Users\def\Documents\OTWMusicSystem_Final\OTWMusicSystem_Final\otw_project\OTW_MUSIC_SYSTEM\config\config.json
2025-05-24 03:08:42,109 - OTWMusicSystem - INFO - Archivo playlists copiado a C:\Users\def\Documents\OTWMusicSystem_Final\OTWMusicSystem_Final\otw_project\OTW_MUSIC_SYSTEM\data\playlists.txt
2025-05-24 03:08:46,315 - OTWMusicSystem - INFO - Configuración guardada en: C:\Users\def\Documents\OTWMusicSystem_Final\OTWMusicSystem_Final\otw_project\OTW_MUSIC_SYSTEM\config\config.json
2025-05-24 03:08:46,363 - OTWMusicSystem - INFO - Archivo proxies copiado a C:\Users\def\Documents\OTWMusicSystem_Final\OTWMusicSystem_Final\otw_project\OTW_MUSIC_SYSTEM\data\proxies.txt
2025-05-24 03:09:04,364 - OTWMusicSystem - INFO - --- Iniciando Playlist Player (Enhanced) ---
2025-05-24 03:09:04,383 - OTWMusicSystem - INFO - Backup de 'C:\Users\def\Documents\OTWMusicSystem_Final\OTWMusicSystem_Final\otw_project\OTW_MUSIC_SYSTEM\data\playlists.txt' a 'C:\Users\def\Documents\OTWMusicSystem_Final\OTWMusicSystem_Final\otw_project\OTW_MUSIC_SYSTEM\data\playlists.txt.bak' exitoso.
2025-05-24 03:09:04,427 - OTWMusicSystem - INFO - Cargados 185 links desde 'C:\Users\def\Documents\OTWMusicSystem_Final\OTWMusicSystem_Final\otw_project\OTW_MUSIC_SYSTEM\data\playlists.txt'. Filtrados 47 links fallidos.
2025-05-24 03:09:04,457 - OTWMusicSystem - INFO - Clasificados: 0 playlists, 1 artistas, 137 tracks
2025-05-24 03:09:08,363 - OTWMusicSystem - INFO - Dispositivos ADB conectados y listos: ['1090339022029047', '2040306023079082', '2040306023079114', '2040306023080222', '2040306023080639', '2040306023081159', '2040306023081216', '2040306023081477', '2040306023082906', '2040306023082911', '2040306023082934', '2040306023083277', '2040306023095800', '2040306023095804', '2040306023096006', '2040306023097355', '2040306023098451', '24d13971', '4LJVPB6DUSIRMVUS', 'A00000V5902A1318870', 'DY49GQ7PFQCEKF6H', 'KF9HFUCE6XE6WSU8', 'O7SWFIH6AEGEY96H', 'P7NBHUMRBYRGY9KJ', 'PV6PCYR4EMLF8PRC']
2025-05-24 03:09:08,765 - OTWMusicSystem - WARNING - No Spotify packages found on 1090339022029047
2025-05-24 03:09:09,214 - OTWMusicSystem - WARNING - No Spotify packages found on 2040306023079082
2025-05-24 03:09:10,092 - OTWMusicSystem - WARNING - No Spotify packages found on 2040306023079114
2025-05-24 03:09:10,625 - OTWMusicSystem - WARNING - No Spotify packages found on 2040306023080222
2025-05-24 03:09:11,173 - OTWMusicSystem - WARNING - No Spotify packages found on 2040306023080639
2025-05-24 03:09:11,473 - OTWMusicSystem - WARNING - No Spotify packages found on 2040306023081159
2025-05-24 03:09:11,840 - OTWMusicSystem - WARNING - No Spotify packages found on 2040306023081216
2025-05-24 03:09:12,291 - OTWMusicSystem - WARNING - No Spotify packages found on 2040306023081477
2025-05-24 03:09:13,031 - OTWMusicSystem - WARNING - No Spotify packages found on 2040306023082906
2025-05-24 03:09:13,658 - OTWMusicSystem - WARNING - No Spotify packages found on 2040306023082911
2025-05-24 03:09:14,292 - OTWMusicSystem - WARNING - No Spotify packages found on 2040306023082934
2025-05-24 03:09:15,604 - OTWMusicSystem - WARNING - No Spotify packages found on 2040306023083277
2025-05-24 03:09:16,240 - OTWMusicSystem - WARNING - No Spotify packages found on 2040306023095800
2025-05-24 03:09:16,796 - OTWMusicSystem - WARNING - No Spotify packages found on 2040306023095804
2025-05-24 03:09:17,453 - OTWMusicSystem - WARNING - No Spotify packages found on 2040306023096006
2025-05-24 03:09:18,043 - OTWMusicSystem - WARNING - No Spotify packages found on 2040306023097355
2025-05-24 03:09:18,664 - OTWMusicSystem - WARNING - No Spotify packages found on 2040306023098451
2025-05-24 03:09:19,883 - OTWMusicSystem - WARNING - No Spotify packages found on 24d13971
2025-05-24 03:09:20,557 - OTWMusicSystem - WARNING - No Spotify packages found on 4LJVPB6DUSIRMVUS
2025-05-24 03:09:21,074 - OTWMusicSystem - WARNING - No Spotify packages found on A00000V5902A1318870
2025-05-24 03:09:21,725 - OTWMusicSystem - WARNING - No Spotify packages found on DY49GQ7PFQCEKF6H
2025-05-24 03:09:22,616 - OTWMusicSystem - WARNING - No Spotify packages found on KF9HFUCE6XE6WSU8
2025-05-24 03:09:23,630 - OTWMusicSystem - WARNING - No Spotify packages found on O7SWFIH6AEGEY96H
2025-05-24 03:09:24,305 - OTWMusicSystem - WARNING - No Spotify packages found on P7NBHUMRBYRGY9KJ
2025-05-24 03:09:25,331 - OTWMusicSystem - WARNING - No Spotify packages found on PV6PCYR4EMLF8PRC
2025-05-24 03:09:25,372 - OTWMusicSystem - INFO - --- Finalizado ---
