2025-05-24 13:57:59,192 - HumanBehavior - INFO - Perfiles de comportamiento cargados desde C:\Users\def\Documents\OTWMusicSystem_Final\OTWMusicSystem_Final\otw_project\OTW_MUSIC_SYSTEM\modules\..\config\behavior_profiles.json
2025-05-24 13:57:59,212 - HumanBehavior - INFO - HumanBehaviorSimulator inicializado con 4 perfiles
2025-05-24 13:58:01,477 - AccountManager - INFO - Cargadas 10 cuentas desde el archivo
2025-05-24 13:58:01,593 - AccountManager - INFO - Cargados 250 proxies desde el archivo
2025-05-24 13:58:01,843 - AccountManager - INFO - AccountManager inicializado con 10 cuentas y 500 proxies
2025-05-24 13:58:02,117 - LoginManager - INFO - LoginManager inicializado
2025-05-24 13:58:02,260 - LoginManager - WARNING - Plantillas faltantes: login_submit.png, home_icon.png, library_icon.png
2025-05-24 13:58:02,344 - LoginManager - WARNING - Algunas funciones de reconocimiento visual pueden fallar
2025-05-24 13:58:14,463 - AndroidDevice - INFO - Dispositivos detectados: ['1090339022029047', '2040306023079082', '2040306023079114', '2040306023079705', '2040306023080222', '2040306023080639', '2040306023081159', '2040306023081216', '2040306023081477', '2040306023082906', '2040306023082911', '2040306023082934', '2040306023083277', '2040306023095800', '2040306023095804', '2040306023096006', '2040306023097355', '2040306023098451', '24d13971', '4LJVPB6DUSIRMVUS', 'A00000V5902A1318870', 'DY49GQ7PFQCEKF6H', 'KF9HFUCE6XE6WSU8', 'O7SWFIH6AEGEY96H', 'P7NBHUMRBYRGY9KJ', 'PV6PCYR4EMLF8PRC']
2025-05-24 13:58:24,510 - OTWMusicSystem - INFO - Configuración guardada en: C:\Users\def\Documents\OTWMusicSystem_Final\OTWMusicSystem_Final\otw_project\OTW_MUSIC_SYSTEM\config\config.json
2025-05-24 13:58:24,524 - OTWMusicSystem - INFO - Archivo playlists copiado a C:\Users\def\Documents\OTWMusicSystem_Final\OTWMusicSystem_Final\otw_project\OTW_MUSIC_SYSTEM\data\playlists.txt
2025-05-24 13:58:27,440 - OTWMusicSystem - INFO - Configuración guardada en: C:\Users\def\Documents\OTWMusicSystem_Final\OTWMusicSystem_Final\otw_project\OTW_MUSIC_SYSTEM\config\config.json
2025-05-24 13:58:27,458 - OTWMusicSystem - INFO - Archivo proxies copiado a C:\Users\def\Documents\OTWMusicSystem_Final\OTWMusicSystem_Final\otw_project\OTW_MUSIC_SYSTEM\data\proxies.txt
2025-05-24 13:58:42,924 - OTWMusicSystem - INFO - --- Iniciando Playlist Player (Enhanced) ---
2025-05-24 13:58:42,977 - OTWMusicSystem - INFO - Backup de 'C:\Users\def\Documents\OTWMusicSystem_Final\OTWMusicSystem_Final\otw_project\OTW_MUSIC_SYSTEM\data\playlists.txt' a 'C:\Users\def\Documents\OTWMusicSystem_Final\OTWMusicSystem_Final\otw_project\OTW_MUSIC_SYSTEM\data\playlists.txt.bak' exitoso.
2025-05-24 13:58:43,021 - OTWMusicSystem - INFO - Cargados 185 links desde 'C:\Users\def\Documents\OTWMusicSystem_Final\OTWMusicSystem_Final\otw_project\OTW_MUSIC_SYSTEM\data\playlists.txt'. Filtrados 47 links fallidos.
2025-05-24 13:58:43,060 - OTWMusicSystem - INFO - Clasificados: 0 playlists, 1 artistas, 137 tracks
2025-05-24 13:58:43,354 - OTWMusicSystem - INFO - Dispositivos ADB conectados y listos: ['1090339022029047', '2040306023079082', '2040306023079114', '2040306023079705', '2040306023080222', '2040306023080639', '2040306023081159', '2040306023081216', '2040306023081477', '2040306023082906', '2040306023082911', '2040306023082934', '2040306023083277', '2040306023095800', '2040306023095804', '2040306023096006', '2040306023097355', '2040306023098451', '24d13971', '4LJVPB6DUSIRMVUS', 'A00000V5902A1318870', 'DY49GQ7PFQCEKF6H', 'KF9HFUCE6XE6WSU8', 'O7SWFIH6AEGEY96H', 'P7NBHUMRBYRGY9KJ', 'PV6PCYR4EMLF8PRC']
2025-05-24 13:58:44,453 - OTWMusicSystem - INFO - Clones Spotify detectados en 1090339022029047: ['com.spotify.musid', 'com.spotify.musie', 'com.spotify.musif', 'com.spotify.musig', 'com.spotify.musih', 'com.spotify.musii', 'com.spotify.musij', 'com.spotify.musik', 'com.spotify.musil', 'com.spotify.musim']
2025-05-24 13:58:48,304 - OTWMusicSystem - INFO - Clones Spotify detectados en 2040306023079082: ['com.spotify.musid', 'com.spotify.musie', 'com.spotify.musif', 'com.spotify.musig', 'com.spotify.musih', 'com.spotify.musii', 'com.spotify.musij', 'com.spotify.musik', 'com.spotify.musil', 'com.spotify.musim']
2025-05-24 13:58:56,521 - OTWMusicSystem - INFO - Clones Spotify detectados en 2040306023079114: ['com.spotify.musid', 'com.spotify.musie', 'com.spotify.musif', 'com.spotify.musig', 'com.spotify.musih', 'com.spotify.musii', 'com.spotify.musij', 'com.spotify.musik', 'com.spotify.musil', 'com.spotify.musim']
2025-05-24 13:59:02,464 - OTWMusicSystem - INFO - Clones Spotify detectados en 2040306023079705: ['com.spotify.musid', 'com.spotify.musie', 'com.spotify.musif', 'com.spotify.musig', 'com.spotify.musih', 'com.spotify.musii', 'com.spotify.musij', 'com.spotify.musik', 'com.spotify.musil', 'com.spotify.musim']
2025-05-24 13:59:02,918 - OTWMusicSystem - INFO - Clones Spotify detectados en 2040306023080222: ['com.spotify.musid', 'com.spotify.musie', 'com.spotify.musif', 'com.spotify.musig', 'com.spotify.musih', 'com.spotify.musii', 'com.spotify.musij', 'com.spotify.musik', 'com.spotify.musil', 'com.spotify.musim']
2025-05-24 13:59:07,604 - OTWMusicSystem - INFO - Clones Spotify detectados en 2040306023080639: ['com.spotify.musid', 'com.spotify.musie', 'com.spotify.musif', 'com.spotify.musig', 'com.spotify.musih', 'com.spotify.musii', 'com.spotify.musij', 'com.spotify.musik', 'com.spotify.musil', 'com.spotify.musim']
2025-05-24 13:59:14,835 - OTWMusicSystem - INFO - Clones Spotify detectados en 2040306023081159: ['com.spotify.musid', 'com.spotify.musie', 'com.spotify.musif', 'com.spotify.musig', 'com.spotify.musih', 'com.spotify.musii', 'com.spotify.musij', 'com.spotify.musik', 'com.spotify.musil', 'com.spotify.musim']
2025-05-24 13:59:17,743 - OTWMusicSystem - INFO - Clones Spotify detectados en 2040306023081216: ['com.spotify.musid', 'com.spotify.musie', 'com.spotify.musif', 'com.spotify.musig', 'com.spotify.musih', 'com.spotify.musii', 'com.spotify.musij', 'com.spotify.musik', 'com.spotify.musil', 'com.spotify.musim']
2025-05-24 13:59:18,269 - OTWMusicSystem - INFO - Clones Spotify detectados en 2040306023081477: ['com.spotify.musid', 'com.spotify.musie', 'com.spotify.musif', 'com.spotify.musig', 'com.spotify.musih', 'com.spotify.musii', 'com.spotify.musij', 'com.spotify.musik', 'com.spotify.musil', 'com.spotify.musim']
2025-05-24 13:59:19,039 - OTWMusicSystem - INFO - Clones Spotify detectados en 2040306023082906: ['com.spotify.musid', 'com.spotify.musie', 'com.spotify.musif', 'com.spotify.musim']
2025-05-24 13:59:19,914 - OTWMusicSystem - INFO - Clones Spotify detectados en 2040306023082911: ['com.spotify.musid', 'com.spotify.musie', 'com.spotify.musif', 'com.spotify.musig', 'com.spotify.musih', 'com.spotify.musii', 'com.spotify.musij', 'com.spotify.musik', 'com.spotify.musil', 'com.spotify.musim']
2025-05-24 13:59:20,445 - OTWMusicSystem - INFO - Clones Spotify detectados en 2040306023082934: ['com.spotify.musid', 'com.spotify.musie', 'com.spotify.musif', 'com.spotify.musig', 'com.spotify.musih', 'com.spotify.musii', 'com.spotify.musij', 'com.spotify.musik', 'com.spotify.musil', 'com.spotify.musim']
2025-05-24 13:59:23,868 - OTWMusicSystem - INFO - Clones Spotify detectados en 2040306023083277: ['com.spotify.musid', 'com.spotify.musie', 'com.spotify.musif', 'com.spotify.musig', 'com.spotify.musih', 'com.spotify.musii', 'com.spotify.musij', 'com.spotify.musik', 'com.spotify.musil', 'com.spotify.musim']
2025-05-24 13:59:31,944 - OTWMusicSystem - INFO - Clones Spotify detectados en 2040306023095800: ['com.spotify.musid', 'com.spotify.musie', 'com.spotify.musif', 'com.spotify.musig', 'com.spotify.musih', 'com.spotify.musii', 'com.spotify.musij', 'com.spotify.musik', 'com.spotify.musil', 'com.spotify.musim']
2025-05-24 13:59:35,911 - OTWMusicSystem - INFO - Clones Spotify detectados en 2040306023095804: ['com.spotify.musid', 'com.spotify.musie', 'com.spotify.musif', 'com.spotify.musig', 'com.spotify.musih', 'com.spotify.musii', 'com.spotify.musij', 'com.spotify.musik', 'com.spotify.musil', 'com.spotify.musim']
2025-05-24 13:59:36,562 - OTWMusicSystem - INFO - Clones Spotify detectados en 2040306023096006: ['com.spotify.musid', 'com.spotify.musie', 'com.spotify.musif', 'com.spotify.musig', 'com.spotify.musih', 'com.spotify.musii', 'com.spotify.musij', 'com.spotify.musik', 'com.spotify.musil', 'com.spotify.musim']
2025-05-24 13:59:37,140 - OTWMusicSystem - INFO - Clones Spotify detectados en 2040306023097355: ['com.spotify.musid', 'com.spotify.musie', 'com.spotify.musif', 'com.spotify.musig', 'com.spotify.musih', 'com.spotify.musii', 'com.spotify.musij', 'com.spotify.musik', 'com.spotify.musil', 'com.spotify.musim']
2025-05-24 13:59:37,839 - OTWMusicSystem - INFO - Clones Spotify detectados en 2040306023098451: ['com.spotify.musid', 'com.spotify.musie', 'com.spotify.musif', 'com.spotify.musig', 'com.spotify.musih', 'com.spotify.musii', 'com.spotify.musij', 'com.spotify.musik', 'com.spotify.musil', 'com.spotify.musim']
2025-05-24 13:59:43,330 - OTWMusicSystem - INFO - Clones Spotify detectados en 24d13971: []
2025-05-24 13:59:43,331 - OTWMusicSystem - WARNING - No Spotify packages found on 24d13971
2025-05-24 13:59:50,277 - OTWMusicSystem - INFO - Clones Spotify detectados en 4LJVPB6DUSIRMVUS: ['com.spotify.musid', 'com.spotify.musie', 'com.spotify.musif', 'com.spotify.musig', 'com.spotify.musih', 'com.spotify.musii', 'com.spotify.musij', 'com.spotify.musik', 'com.spotify.musil', 'com.spotify.musim']
2025-05-24 13:59:54,794 - OTWMusicSystem - INFO - Clones Spotify detectados en A00000V5902A1318870: ['com.spotify.musid', 'com.spotify.musie', 'com.spotify.musif', 'com.spotify.musig', 'com.spotify.musih', 'com.spotify.musii', 'com.spotify.musij', 'com.spotify.musik', 'com.spotify.musil', 'com.spotify.musim']
2025-05-24 13:59:55,467 - OTWMusicSystem - INFO - Clones Spotify detectados en DY49GQ7PFQCEKF6H: ['com.spotify.musid', 'com.spotify.musie', 'com.spotify.musif', 'com.spotify.musig', 'com.spotify.musih', 'com.spotify.musii', 'com.spotify.musij', 'com.spotify.musik', 'com.spotify.musil', 'com.spotify.musim']
2025-05-24 13:59:56,431 - OTWMusicSystem - INFO - Clones Spotify detectados en KF9HFUCE6XE6WSU8: ['com.spotify.musid', 'com.spotify.musie', 'com.spotify.musif', 'com.spotify.musig', 'com.spotify.musih', 'com.spotify.musii', 'com.spotify.musij', 'com.spotify.musik', 'com.spotify.musil', 'com.spotify.musim']
2025-05-24 14:00:02,028 - OTWMusicSystem - INFO - Clones Spotify detectados en O7SWFIH6AEGEY96H: ['com.spotify.musid', 'com.spotify.musie', 'com.spotify.musif', 'com.spotify.musig', 'com.spotify.musih', 'com.spotify.musii', 'com.spotify.musij', 'com.spotify.musik', 'com.spotify.musil', 'com.spotify.musim']
2025-05-24 14:00:15,169 - OTWMusicSystem - INFO - Clones Spotify detectados en P7NBHUMRBYRGY9KJ: ['com.spotify.musid', 'com.spotify.musie', 'com.spotify.musif', 'com.spotify.musig', 'com.spotify.musih', 'com.spotify.musii', 'com.spotify.musij', 'com.spotify.musik', 'com.spotify.musil', 'com.spotify.musim']
2025-05-24 14:00:22,057 - OTWMusicSystem - INFO - Clones Spotify detectados en PV6PCYR4EMLF8PRC: ['com.spotify.musid', 'com.spotify.musie', 'com.spotify.musif', 'com.spotify.musig', 'com.spotify.musih', 'com.spotify.musii', 'com.spotify.musij', 'com.spotify.musik', 'com.spotify.musil', 'com.spotify.musim']
2025-05-24 14:03:01,635 - OTWMusicSystem - INFO - --- Finalizado ---
