2025-05-24 02:20:37,105 - HumanBehavior - INFO - Perfiles de comportamiento cargados desde C:\Users\def\Documents\OTWMusicSystem_Final\OTWMusicSystem_Final\otw_project\OTW_MUSIC_SYSTEM\modules\..\config\behavior_profiles.json
2025-05-24 02:20:37,113 - HumanBehavior - INFO - HumanBehaviorSimulator inicializado con 4 perfiles
2025-05-24 02:20:40,607 - AccountManager - INFO - Cargadas 10 cuentas desde el archivo
2025-05-24 02:20:40,692 - AccountManager - INFO - Cargados 250 proxies desde el archivo
2025-05-24 02:20:40,787 - AccountManager - INFO - AccountManager inicializado con 10 cuentas y 500 proxies
2025-05-24 02:20:40,908 - LoginManager - INFO - LoginManager inicializado
2025-05-24 02:20:40,923 - LoginManager - WARNING - Plantillas faltantes: login_submit.png, home_icon.png, library_icon.png
2025-05-24 02:20:40,949 - LoginManager - WARNING - Algunas funciones de reconocimiento visual pueden fallar
2025-05-24 02:20:44,127 - HumanBehavior - INFO - Perfiles de comportamiento cargados desde C:\Users\def\Documents\OTWMusicSystem_Final\OTWMusicSystem_Final\otw_project\OTW_MUSIC_SYSTEM\modules\..\config\behavior_profiles.json
2025-05-24 02:20:44,130 - HumanBehavior - INFO - HumanBehaviorSimulator inicializado con 4 perfiles
2025-05-24 02:20:44,821 - AndroidDevice - INFO - Dispositivos detectados: ['1090339022029047', '2040306023079082', '2040306023079114', '2040306023080222', '2040306023080639', '2040306023081159', '2040306023081216', '2040306023081477', '2040306023082906', '2040306023082911', '2040306023082934', '2040306023083277', '2040306023095800', '2040306023095804', '2040306023096006', '2040306023097355', '2040306023098451', '24d13971', '4LJVPB6DUSIRMVUS', 'A00000V5902A1318870', 'DY49GQ7PFQCEKF6H', 'KF9HFUCE6XE6WSU8', 'O7SWFIH6AEGEY96H', 'P7NBHUMRBYRGY9KJ', 'PV6PCYR4EMLF8PRC']
2025-05-24 02:21:02,958 - OTWMusicSystem - INFO - Configuración guardada en: C:\Users\def\Documents\OTWMusicSystem_Final\OTWMusicSystem_Final\otw_project\OTW_MUSIC_SYSTEM\config\config.json
2025-05-24 02:21:03,007 - OTWMusicSystem - INFO - Archivo playlists copiado a C:\Users\def\Documents\OTWMusicSystem_Final\OTWMusicSystem_Final\otw_project\OTW_MUSIC_SYSTEM\data\playlists.txt
2025-05-24 02:21:06,294 - OTWMusicSystem - INFO - Configuración guardada en: C:\Users\def\Documents\OTWMusicSystem_Final\OTWMusicSystem_Final\otw_project\OTW_MUSIC_SYSTEM\config\config.json
2025-05-24 02:21:06,339 - OTWMusicSystem - INFO - Archivo proxies copiado a C:\Users\def\Documents\OTWMusicSystem_Final\OTWMusicSystem_Final\otw_project\OTW_MUSIC_SYSTEM\data\proxies.txt
2025-05-24 02:21:27,136 - OTWMusicSystem - INFO - --- Iniciando Playlist Player (Enhanced) ---
2025-05-24 02:21:27,193 - OTWMusicSystem - INFO - Backup de 'C:\Users\def\Documents\OTWMusicSystem_Final\OTWMusicSystem_Final\otw_project\OTW_MUSIC_SYSTEM\data\playlists.txt' a 'C:\Users\def\Documents\OTWMusicSystem_Final\OTWMusicSystem_Final\otw_project\OTW_MUSIC_SYSTEM\data\playlists.txt.bak' exitoso.
2025-05-24 02:21:27,202 - OTWMusicSystem - INFO - Cargados 185 links desde 'C:\Users\def\Documents\OTWMusicSystem_Final\OTWMusicSystem_Final\otw_project\OTW_MUSIC_SYSTEM\data\playlists.txt'. Filtrados 47 links fallidos.
2025-05-24 02:21:27,228 - OTWMusicSystem - INFO - Clasificados: 0 playlists, 1 artistas, 137 tracks
2025-05-24 02:21:27,405 - OTWMusicSystem - INFO - Dispositivos ADB conectados y listos: ['1090339022029047', '2040306023079082', '2040306023079114', '2040306023080222', '2040306023080639', '2040306023081159', '2040306023081216', '2040306023081477', '2040306023082906', '2040306023082911', '2040306023082934', '2040306023083277', '2040306023095800', '2040306023095804', '2040306023096006', '2040306023097355', '2040306023098451', '24d13971', '4LJVPB6DUSIRMVUS', 'A00000V5902A1318870', 'DY49GQ7PFQCEKF6H', 'KF9HFUCE6XE6WSU8', 'O7SWFIH6AEGEY96H', 'P7NBHUMRBYRGY9KJ', 'PV6PCYR4EMLF8PRC']
2025-05-24 02:21:28,086 - OTWMusicSystem - WARNING - No Spotify packages found on 1090339022029047
2025-05-24 02:21:28,734 - OTWMusicSystem - WARNING - No Spotify packages found on 2040306023079082
2025-05-24 02:21:30,125 - OTWMusicSystem - WARNING - No Spotify packages found on 2040306023079114
2025-05-24 02:21:30,784 - OTWMusicSystem - WARNING - No Spotify packages found on 2040306023080222
2025-05-24 02:21:31,663 - OTWMusicSystem - WARNING - No Spotify packages found on 2040306023080639
2025-05-24 02:21:32,227 - OTWMusicSystem - WARNING - No Spotify packages found on 2040306023081159
2025-05-24 02:21:32,876 - OTWMusicSystem - WARNING - No Spotify packages found on 2040306023081216
2025-05-24 02:21:33,532 - OTWMusicSystem - WARNING - No Spotify packages found on 2040306023081477
2025-05-24 02:21:34,120 - OTWMusicSystem - WARNING - No Spotify packages found on 2040306023082906
2025-05-24 02:21:34,558 - OTWMusicSystem - WARNING - No Spotify packages found on 2040306023082911
2025-05-24 02:21:35,029 - OTWMusicSystem - WARNING - No Spotify packages found on 2040306023082934
2025-05-24 02:21:36,287 - OTWMusicSystem - WARNING - No Spotify packages found on 2040306023083277
2025-05-24 02:21:37,151 - OTWMusicSystem - WARNING - No Spotify packages found on 2040306023095800
2025-05-24 02:21:37,974 - OTWMusicSystem - WARNING - No Spotify packages found on 2040306023095804
2025-05-24 02:21:38,916 - OTWMusicSystem - WARNING - No Spotify packages found on 2040306023096006
2025-05-24 02:21:39,677 - OTWMusicSystem - WARNING - No Spotify packages found on 2040306023097355
2025-05-24 02:21:40,372 - OTWMusicSystem - WARNING - No Spotify packages found on 2040306023098451
2025-05-24 02:21:41,804 - OTWMusicSystem - WARNING - No Spotify packages found on 24d13971
2025-05-24 02:21:42,623 - OTWMusicSystem - WARNING - No Spotify packages found on 4LJVPB6DUSIRMVUS
2025-05-24 02:21:43,251 - OTWMusicSystem - WARNING - No Spotify packages found on A00000V5902A1318870
2025-05-24 02:21:44,079 - OTWMusicSystem - WARNING - No Spotify packages found on DY49GQ7PFQCEKF6H
2025-05-24 02:21:45,714 - OTWMusicSystem - WARNING - No Spotify packages found on KF9HFUCE6XE6WSU8
2025-05-24 02:21:48,022 - OTWMusicSystem - WARNING - No Spotify packages found on O7SWFIH6AEGEY96H
2025-05-24 02:21:51,083 - OTWMusicSystem - WARNING - No Spotify packages found on P7NBHUMRBYRGY9KJ
2025-05-24 02:21:53,373 - OTWMusicSystem - WARNING - No Spotify packages found on PV6PCYR4EMLF8PRC
2025-05-24 02:21:53,485 - OTWMusicSystem - INFO - --- Finalizado ---
