2025-05-19 19:36:40,641 - Dummy-3 - PlaylistPlayerMain - INFO - Python version: 3.12.8
2025-05-19 19:36:40,643 - Dummy-3 - PlaylistPlayerMain - WARNING - Error al obtener versiones de herramientas: module 'uiautomator2' has no attribute '__version__'
2025-05-19 19:36:40,645 - Dummy-3 - PlaylistPlayerMain - INFO - --- Iniciando PlaylistPlayer en Modo Multi-Hilo (SLOW_MODE_FACTOR=1.75) ---
2025-05-19 19:36:40,647 - Dummy-3 - PlaylistPlayerMain - INFO - Cargados 185 links desde 'C:\Users\def\Documents\OTWMusicSystem_Final\OTWMusicSystem_Final\otw_project\OTW_MUSIC_SYSTEM\data\playlists.txt'
2025-05-19 19:36:40,651 - Dummy-3 - PlaylistPlayerMain - DEBUG - Ejemplos de links: ['https://open.spotify.com/playlist/3h6pIE4rE6z8OyxNMOqW8t?si=H8FB0OalRKGjeMjEXVgSJw', 'https://open.spotify.com/playlist/5XrvAtxjUWcbTNgLHc9hz2?si=8J8GtCkARCaiIlIOWzgMnA']
2025-05-19 19:36:40,656 - Dummy-3 - PlaylistPlayerMain - INFO - Total de links en playlists.txt: 185, Artistas Clave: 3
2025-05-19 19:36:40,659 - Dummy-3 - PlaylistPlayerMain - DEBUG - Obteniendo dispositivos conectados vía ADB...
2025-05-19 19:36:40,709 - Dummy-3 - PlaylistPlayerMain - INFO - Dispositivos ADB conectados y listos: ['2040306023079114', '2040306023079705', '2040306023080222', '2040306023080639', '2040306023080885', '2040306023081159', '2040306023081202', '2040306023081216', '2040306023081477', '2040306023082911', '2040306023083277', '2040306023095804', '2040306023096006', '2040306023097355', '2040306023098451', '4LJVPB6DUSIRMVUS', 'DY49GQ7PFQCEKF6H', 'KF9HFUCE6XE6WSU8', 'P7NBHUMRBYRGY9KJ']
2025-05-19 19:36:40,712 - Dummy-3 - PlaylistPlayerMain - INFO - Iniciando workers para 19 dispositivos: ['2040306023079114', '2040306023079705', '2040306023080222', '2040306023080639', '2040306023080885', '2040306023081159', '2040306023081202', '2040306023081216', '2040306023081477', '2040306023082911', '2040306023083277', '2040306023095804', '2040306023096006', '2040306023097355', '2040306023098451', '4LJVPB6DUSIRMVUS', 'DY49GQ7PFQCEKF6H', 'KF9HFUCE6XE6WSU8', 'P7NBHUMRBYRGY9KJ']
2025-05-19 19:36:40,716 - Dummy-3 - PlaylistPlayerMain - DEBUG - Esperando 12.8s antes de iniciar el siguiente worker.
2025-05-19 19:36:53,482 - Dummy-3 - PlaylistPlayerMain - DEBUG - Esperando 10.3s antes de iniciar el siguiente worker.
2025-05-19 19:37:03,766 - Dummy-3 - PlaylistPlayerMain - DEBUG - Esperando 14.7s antes de iniciar el siguiente worker.
2025-05-19 19:37:18,508 - Dummy-3 - PlaylistPlayerMain - DEBUG - Esperando 14.5s antes de iniciar el siguiente worker.
2025-05-19 19:37:33,009 - Dummy-3 - PlaylistPlayerMain - DEBUG - Esperando 11.2s antes de iniciar el siguiente worker.
2025-05-19 19:37:44,249 - Dummy-3 - PlaylistPlayerMain - DEBUG - Esperando 13.2s antes de iniciar el siguiente worker.
2025-05-19 19:37:57,408 - Dummy-3 - PlaylistPlayerMain - DEBUG - Esperando 9.8s antes de iniciar el siguiente worker.
2025-05-19 19:38:07,257 - Dummy-3 - PlaylistPlayerMain - DEBUG - Esperando 16.5s antes de iniciar el siguiente worker.
2025-05-19 19:38:24,103 - Dummy-3 - PlaylistPlayerMain - DEBUG - Esperando 16.7s antes de iniciar el siguiente worker.
2025-05-19 19:38:40,973 - Dummy-3 - PlaylistPlayerMain - DEBUG - Esperando 10.6s antes de iniciar el siguiente worker.
2025-05-19 19:38:51,565 - Dummy-3 - PlaylistPlayerMain - DEBUG - Esperando 12.8s antes de iniciar el siguiente worker.
2025-05-19 19:39:04,436 - Dummy-3 - PlaylistPlayerMain - DEBUG - Esperando 15.0s antes de iniciar el siguiente worker.
2025-05-19 19:39:19,587 - Dummy-3 - PlaylistPlayerMain - DEBUG - Esperando 15.1s antes de iniciar el siguiente worker.
2025-05-19 19:39:34,781 - Dummy-3 - PlaylistPlayerMain - DEBUG - Esperando 14.9s antes de iniciar el siguiente worker.
2025-05-19 19:39:49,731 - Dummy-3 - PlaylistPlayerMain - DEBUG - Esperando 17.3s antes de iniciar el siguiente worker.
2025-05-19 19:40:07,107 - Dummy-3 - PlaylistPlayerMain - DEBUG - Esperando 12.5s antes de iniciar el siguiente worker.
2025-05-19 19:40:19,648 - Dummy-3 - PlaylistPlayerMain - DEBUG - Esperando 14.8s antes de iniciar el siguiente worker.
2025-05-19 19:40:35,095 - Dummy-3 - PlaylistPlayerMain - DEBUG - Esperando 10.8s antes de iniciar el siguiente worker.
2025-05-19 19:40:46,328 - Dummy-3 - PlaylistPlayerMain - INFO - Todos los 19 workers iniciados. El script principal esperará...
2025-05-19 19:40:46,330 - Dummy-3 - PlaylistPlayerMain - DEBUG - Hilos activos (19/19): ['Worker-20403060', 'Worker-20403060', 'Worker-20403060', 'Worker-20403060', 'Worker-20403060', 'Worker-20403060', 'Worker-20403060', 'Worker-20403060', 'Worker-20403060', 'Worker-20403060', 'Worker-20403060', 'Worker-20403060', 'Worker-20403060', 'Worker-20403060', 'Worker-20403060', 'Worker-4LJVPB6D', 'Worker-DY49GQ7P', 'Worker-KF9HFUCE', 'Worker-P7NBHUMR']
2025-05-19 19:41:01,339 - Dummy-3 - PlaylistPlayerMain - DEBUG - Hilos activos (19/19): ['Worker-20403060', 'Worker-20403060', 'Worker-20403060', 'Worker-20403060', 'Worker-20403060', 'Worker-20403060', 'Worker-20403060', 'Worker-20403060', 'Worker-20403060', 'Worker-20403060', 'Worker-20403060', 'Worker-20403060', 'Worker-20403060', 'Worker-20403060', 'Worker-20403060', 'Worker-4LJVPB6D', 'Worker-DY49GQ7P', 'Worker-KF9HFUCE', 'Worker-P7NBHUMR']
2025-05-19 19:41:16,343 - Dummy-3 - PlaylistPlayerMain - DEBUG - Hilos activos (19/19): ['Worker-20403060', 'Worker-20403060', 'Worker-20403060', 'Worker-20403060', 'Worker-20403060', 'Worker-20403060', 'Worker-20403060', 'Worker-20403060', 'Worker-20403060', 'Worker-20403060', 'Worker-20403060', 'Worker-20403060', 'Worker-20403060', 'Worker-20403060', 'Worker-20403060', 'Worker-4LJVPB6D', 'Worker-DY49GQ7P', 'Worker-KF9HFUCE', 'Worker-P7NBHUMR']
2025-05-19 19:41:31,351 - Dummy-3 - PlaylistPlayerMain - DEBUG - Hilos activos (19/19): ['Worker-20403060', 'Worker-20403060', 'Worker-20403060', 'Worker-20403060', 'Worker-20403060', 'Worker-20403060', 'Worker-20403060', 'Worker-20403060', 'Worker-20403060', 'Worker-20403060', 'Worker-20403060', 'Worker-20403060', 'Worker-20403060', 'Worker-20403060', 'Worker-20403060', 'Worker-4LJVPB6D', 'Worker-DY49GQ7P', 'Worker-KF9HFUCE', 'Worker-P7NBHUMR']
2025-05-19 19:41:46,356 - Dummy-3 - PlaylistPlayerMain - DEBUG - Hilos activos (19/19): ['Worker-20403060', 'Worker-20403060', 'Worker-20403060', 'Worker-20403060', 'Worker-20403060', 'Worker-20403060', 'Worker-20403060', 'Worker-20403060', 'Worker-20403060', 'Worker-20403060', 'Worker-20403060', 'Worker-20403060', 'Worker-20403060', 'Worker-20403060', 'Worker-20403060', 'Worker-4LJVPB6D', 'Worker-DY49GQ7P', 'Worker-KF9HFUCE', 'Worker-P7NBHUMR']
2025-05-19 19:42:01,358 - Dummy-3 - PlaylistPlayerMain - DEBUG - Hilos activos (19/19): ['Worker-20403060', 'Worker-20403060', 'Worker-20403060', 'Worker-20403060', 'Worker-20403060', 'Worker-20403060', 'Worker-20403060', 'Worker-20403060', 'Worker-20403060', 'Worker-20403060', 'Worker-20403060', 'Worker-20403060', 'Worker-20403060', 'Worker-20403060', 'Worker-20403060', 'Worker-4LJVPB6D', 'Worker-DY49GQ7P', 'Worker-KF9HFUCE', 'Worker-P7NBHUMR']
