2025-05-19 18:54:31,859 - Dummy-3 - PlaylistPlayerMain - INFO - Python version: 3.12.8
2025-05-19 18:54:31,887 - Dummy-3 - PlaylistPlayerMain - WARNING - Error al obtener versiones de herramientas: module 'uiautomator2' has no attribute '__version__'
2025-05-19 18:54:31,928 - Dummy-3 - PlaylistPlayerMain - INFO - --- Iniciando PlaylistPlayer en Modo Multi-Hilo (SLOW_MODE_FACTOR=1.75) ---
2025-05-19 18:54:31,932 - Dummy-3 - PlaylistPlayerMain - INFO - Cargados 185 links desde 'C:\Users\def\Documents\OTWMusicSystem_Final\OTWMusicSystem_Final\otw_project\OTW_MUSIC_SYSTEM\data\playlists.txt'
2025-05-19 18:54:31,944 - Dummy-3 - PlaylistPlayerMain - DEBUG - Ejemplos de links: ['https://open.spotify.com/playlist/3h6pIE4rE6z8OyxNMOqW8t?si=H8FB0OalRKGjeMjEXVgSJw', 'https://open.spotify.com/playlist/5XrvAtxjUWcbTNgLHc9hz2?si=8J8GtCkARCaiIlIOWzgMnA']
2025-05-19 18:54:31,949 - Dummy-3 - PlaylistPlayerMain - INFO - Considerando 3 Artistas Clave.
2025-05-19 18:54:31,953 - Dummy-3 - PlaylistPlayerMain - INFO - Total de links únicos disponibles: 188
2025-05-19 18:54:31,955 - Dummy-3 - PlaylistPlayerMain - DEBUG - Obteniendo dispositivos conectados vía ADB...
2025-05-19 18:54:32,013 - Dummy-3 - PlaylistPlayerMain - INFO - Dispositivos ADB conectados y listos: ['2040306023079114', '2040306023079705', '2040306023080222', '2040306023080639', '2040306023080885', '2040306023081159', '2040306023081202', '2040306023081216', '2040306023081477', '2040306023082911', '2040306023083277', '2040306023095804', '2040306023096006', '2040306023097355', '2040306023098451', '4LJVPB6DUSIRMVUS', 'DY49GQ7PFQCEKF6H', 'KF9HFUCE6XE6WSU8', 'P7NBHUMRBYRGY9KJ']
2025-05-19 18:54:32,018 - Dummy-3 - PlaylistPlayerMain - INFO - Iniciando workers para 19 dispositivos: ['2040306023079114', '2040306023079705', '2040306023080222', '2040306023080639', '2040306023080885', '2040306023081159', '2040306023081202', '2040306023081216', '2040306023081477', '2040306023082911', '2040306023083277', '2040306023095804', '2040306023096006', '2040306023097355', '2040306023098451', '4LJVPB6DUSIRMVUS', 'DY49GQ7PFQCEKF6H', 'KF9HFUCE6XE6WSU8', 'P7NBHUMRBYRGY9KJ']
2025-05-19 18:54:32,022 - Dummy-3 - PlaylistPlayerMain - DEBUG - Esperando 9.9s antes de iniciar el siguiente worker.
2025-05-19 18:54:41,988 - Dummy-3 - PlaylistPlayerMain - DEBUG - Esperando 11.0s antes de iniciar el siguiente worker.
2025-05-19 18:54:52,990 - Dummy-3 - PlaylistPlayerMain - DEBUG - Esperando 8.7s antes de iniciar el siguiente worker.
2025-05-19 18:55:01,730 - Dummy-3 - PlaylistPlayerMain - DEBUG - Esperando 9.8s antes de iniciar el siguiente worker.
2025-05-19 18:55:11,519 - Dummy-3 - PlaylistPlayerMain - DEBUG - Esperando 9.7s antes de iniciar el siguiente worker.
2025-05-19 18:55:21,231 - Dummy-3 - PlaylistPlayerMain - DEBUG - Esperando 11.4s antes de iniciar el siguiente worker.
2025-05-19 18:55:32,616 - Dummy-3 - PlaylistPlayerMain - DEBUG - Esperando 11.7s antes de iniciar el siguiente worker.
2025-05-19 18:55:44,283 - Dummy-3 - PlaylistPlayerMain - DEBUG - Esperando 11.6s antes de iniciar el siguiente worker.
2025-05-19 18:55:55,864 - Dummy-3 - PlaylistPlayerMain - DEBUG - Esperando 10.2s antes de iniciar el siguiente worker.
2025-05-19 18:56:06,046 - Dummy-3 - PlaylistPlayerMain - DEBUG - Esperando 7.0s antes de iniciar el siguiente worker.
2025-05-19 18:56:13,056 - Dummy-3 - PlaylistPlayerMain - DEBUG - Esperando 11.7s antes de iniciar el siguiente worker.
2025-05-19 18:56:24,782 - Dummy-3 - PlaylistPlayerMain - DEBUG - Esperando 7.3s antes de iniciar el siguiente worker.
2025-05-19 18:56:32,127 - Dummy-3 - PlaylistPlayerMain - DEBUG - Esperando 7.5s antes de iniciar el siguiente worker.
2025-05-19 18:56:39,602 - Dummy-3 - PlaylistPlayerMain - DEBUG - Esperando 11.1s antes de iniciar el siguiente worker.
2025-05-19 18:56:50,755 - Dummy-3 - PlaylistPlayerMain - DEBUG - Esperando 5.8s antes de iniciar el siguiente worker.
2025-05-19 18:56:56,571 - Dummy-3 - PlaylistPlayerMain - DEBUG - Esperando 6.8s antes de iniciar el siguiente worker.
2025-05-19 18:57:03,403 - Dummy-3 - PlaylistPlayerMain - DEBUG - Esperando 7.1s antes de iniciar el siguiente worker.
2025-05-19 18:57:10,521 - Dummy-3 - PlaylistPlayerMain - DEBUG - Esperando 8.4s antes de iniciar el siguiente worker.
2025-05-19 18:57:18,967 - Dummy-3 - PlaylistPlayerMain - INFO - Todos los 19 workers iniciados. El script principal esperará...
2025-05-19 18:57:18,971 - Dummy-3 - PlaylistPlayerMain - DEBUG - Hilos activos (19/19): ['Worker-20403060', 'Worker-20403060', 'Worker-20403060', 'Worker-20403060', 'Worker-20403060', 'Worker-20403060', 'Worker-20403060', 'Worker-20403060', 'Worker-20403060', 'Worker-20403060', 'Worker-20403060', 'Worker-20403060', 'Worker-20403060', 'Worker-20403060', 'Worker-20403060', 'Worker-4LJVPB6D', 'Worker-DY49GQ7P', 'Worker-KF9HFUCE', 'Worker-P7NBHUMR']
2025-05-19 18:57:33,976 - Dummy-3 - PlaylistPlayerMain - DEBUG - Hilos activos (19/19): ['Worker-20403060', 'Worker-20403060', 'Worker-20403060', 'Worker-20403060', 'Worker-20403060', 'Worker-20403060', 'Worker-20403060', 'Worker-20403060', 'Worker-20403060', 'Worker-20403060', 'Worker-20403060', 'Worker-20403060', 'Worker-20403060', 'Worker-20403060', 'Worker-20403060', 'Worker-4LJVPB6D', 'Worker-DY49GQ7P', 'Worker-KF9HFUCE', 'Worker-P7NBHUMR']
2025-05-19 18:57:48,983 - Dummy-3 - PlaylistPlayerMain - DEBUG - Hilos activos (19/19): ['Worker-20403060', 'Worker-20403060', 'Worker-20403060', 'Worker-20403060', 'Worker-20403060', 'Worker-20403060', 'Worker-20403060', 'Worker-20403060', 'Worker-20403060', 'Worker-20403060', 'Worker-20403060', 'Worker-20403060', 'Worker-20403060', 'Worker-20403060', 'Worker-20403060', 'Worker-4LJVPB6D', 'Worker-DY49GQ7P', 'Worker-KF9HFUCE', 'Worker-P7NBHUMR']
2025-05-19 18:58:03,994 - Dummy-3 - PlaylistPlayerMain - DEBUG - Hilos activos (19/19): ['Worker-20403060', 'Worker-20403060', 'Worker-20403060', 'Worker-20403060', 'Worker-20403060', 'Worker-20403060', 'Worker-20403060', 'Worker-20403060', 'Worker-20403060', 'Worker-20403060', 'Worker-20403060', 'Worker-20403060', 'Worker-20403060', 'Worker-20403060', 'Worker-20403060', 'Worker-4LJVPB6D', 'Worker-DY49GQ7P', 'Worker-KF9HFUCE', 'Worker-P7NBHUMR']
2025-05-19 18:58:19,000 - Dummy-3 - PlaylistPlayerMain - DEBUG - Hilos activos (19/19): ['Worker-20403060', 'Worker-20403060', 'Worker-20403060', 'Worker-20403060', 'Worker-20403060', 'Worker-20403060', 'Worker-20403060', 'Worker-20403060', 'Worker-20403060', 'Worker-20403060', 'Worker-20403060', 'Worker-20403060', 'Worker-20403060', 'Worker-20403060', 'Worker-20403060', 'Worker-4LJVPB6D', 'Worker-DY49GQ7P', 'Worker-KF9HFUCE', 'Worker-P7NBHUMR']
2025-05-19 18:58:34,002 - Dummy-3 - PlaylistPlayerMain - DEBUG - Hilos activos (19/19): ['Worker-20403060', 'Worker-20403060', 'Worker-20403060', 'Worker-20403060', 'Worker-20403060', 'Worker-20403060', 'Worker-20403060', 'Worker-20403060', 'Worker-20403060', 'Worker-20403060', 'Worker-20403060', 'Worker-20403060', 'Worker-20403060', 'Worker-20403060', 'Worker-20403060', 'Worker-4LJVPB6D', 'Worker-DY49GQ7P', 'Worker-KF9HFUCE', 'Worker-P7NBHUMR']
2025-05-19 18:58:49,006 - Dummy-3 - PlaylistPlayerMain - DEBUG - Hilos activos (19/19): ['Worker-20403060', 'Worker-20403060', 'Worker-20403060', 'Worker-20403060', 'Worker-20403060', 'Worker-20403060', 'Worker-20403060', 'Worker-20403060', 'Worker-20403060', 'Worker-20403060', 'Worker-20403060', 'Worker-20403060', 'Worker-20403060', 'Worker-20403060', 'Worker-20403060', 'Worker-4LJVPB6D', 'Worker-DY49GQ7P', 'Worker-KF9HFUCE', 'Worker-P7NBHUMR']
2025-05-19 18:59:04,009 - Dummy-3 - PlaylistPlayerMain - DEBUG - Hilos activos (19/19): ['Worker-20403060', 'Worker-20403060', 'Worker-20403060', 'Worker-20403060', 'Worker-20403060', 'Worker-20403060', 'Worker-20403060', 'Worker-20403060', 'Worker-20403060', 'Worker-20403060', 'Worker-20403060', 'Worker-20403060', 'Worker-20403060', 'Worker-20403060', 'Worker-20403060', 'Worker-4LJVPB6D', 'Worker-DY49GQ7P', 'Worker-KF9HFUCE', 'Worker-P7NBHUMR']
2025-05-19 18:59:19,011 - Dummy-3 - PlaylistPlayerMain - DEBUG - Hilos activos (19/19): ['Worker-20403060', 'Worker-20403060', 'Worker-20403060', 'Worker-20403060', 'Worker-20403060', 'Worker-20403060', 'Worker-20403060', 'Worker-20403060', 'Worker-20403060', 'Worker-20403060', 'Worker-20403060', 'Worker-20403060', 'Worker-20403060', 'Worker-20403060', 'Worker-20403060', 'Worker-4LJVPB6D', 'Worker-DY49GQ7P', 'Worker-KF9HFUCE', 'Worker-P7NBHUMR']
2025-05-19 18:59:34,014 - Dummy-3 - PlaylistPlayerMain - DEBUG - Hilos activos (19/19): ['Worker-20403060', 'Worker-20403060', 'Worker-20403060', 'Worker-20403060', 'Worker-20403060', 'Worker-20403060', 'Worker-20403060', 'Worker-20403060', 'Worker-20403060', 'Worker-20403060', 'Worker-20403060', 'Worker-20403060', 'Worker-20403060', 'Worker-20403060', 'Worker-20403060', 'Worker-4LJVPB6D', 'Worker-DY49GQ7P', 'Worker-KF9HFUCE', 'Worker-P7NBHUMR']
2025-05-19 18:59:49,018 - Dummy-3 - PlaylistPlayerMain - DEBUG - Hilos activos (19/19): ['Worker-20403060', 'Worker-20403060', 'Worker-20403060', 'Worker-20403060', 'Worker-20403060', 'Worker-20403060', 'Worker-20403060', 'Worker-20403060', 'Worker-20403060', 'Worker-20403060', 'Worker-20403060', 'Worker-20403060', 'Worker-20403060', 'Worker-20403060', 'Worker-20403060', 'Worker-4LJVPB6D', 'Worker-DY49GQ7P', 'Worker-KF9HFUCE', 'Worker-P7NBHUMR']
2025-05-19 19:00:04,021 - Dummy-3 - PlaylistPlayerMain - DEBUG - Hilos activos (19/19): ['Worker-20403060', 'Worker-20403060', 'Worker-20403060', 'Worker-20403060', 'Worker-20403060', 'Worker-20403060', 'Worker-20403060', 'Worker-20403060', 'Worker-20403060', 'Worker-20403060', 'Worker-20403060', 'Worker-20403060', 'Worker-20403060', 'Worker-20403060', 'Worker-20403060', 'Worker-4LJVPB6D', 'Worker-DY49GQ7P', 'Worker-KF9HFUCE', 'Worker-P7NBHUMR']
2025-05-19 19:00:19,024 - Dummy-3 - PlaylistPlayerMain - DEBUG - Hilos activos (19/19): ['Worker-20403060', 'Worker-20403060', 'Worker-20403060', 'Worker-20403060', 'Worker-20403060', 'Worker-20403060', 'Worker-20403060', 'Worker-20403060', 'Worker-20403060', 'Worker-20403060', 'Worker-20403060', 'Worker-20403060', 'Worker-20403060', 'Worker-20403060', 'Worker-20403060', 'Worker-4LJVPB6D', 'Worker-DY49GQ7P', 'Worker-KF9HFUCE', 'Worker-P7NBHUMR']
