2025-05-19 19:39:49,732 - Worker-20403060 - PlaylistPlayer.2040306023098451 - INFO - Worker thread INICIADO. Logs en: C:\Users\def\Documents\OTWMusicSystem_Final\OTWMusicSystem_Final\otw_project\OTW_MUSIC_SYSTEM\logs\2040306023098451\playlist_player_20250519_193949.log
2025-05-19 19:39:49,733 - Worker-20403060 - PlaylistPlayer.2040306023098451 - INFO - Personalidad Creada (SLOW_MODE_FACTOR=1.75): InitPlaylistDur=[30-35]m, ArtistDur=[30-60]m, IndivTrackSessDur=[60-90]m, SingleTrackDur=[60-120]s, VisitArtistProb=0.64, PlayIndivTracksProb=0.43
2025-05-19 19:39:49,733 - Worker-20403060 - PlaylistPlayer.2040306023098451 - INFO - Conectando uiautomator2 (intento 1/3)...
2025-05-19 19:39:57,642 - Worker-20403060 - PlaylistPlayer.2040306023098451 - INFO - Conectado (Device: Studio_X5_Max, Android: N/A).
2025-05-19 19:39:57,866 - Worker-20403060 - PlaylistPlayer.2040306023098451 - INFO - Spotify (com.spotify.music v9.0.36.484) instalado.
2025-05-19 19:39:57,866 - Worker-20403060 - PlaylistPlayer.2040306023098451 - INFO - Setup inicial (kill Spotify, home).
2025-05-19 19:39:57,866 - Worker-20403060 - PlaylistPlayer.2040306023098451 - WARNING - Advertencia setup inicial: 'Device' object has no attribute 'app_kill'
2025-05-19 19:39:57,867 - Worker-20403060 - PlaylistPlayer.2040306023098451 - DEBUG - Capturando pantalla en C:\Users\def\Documents\OTWMusicSystem_Final\OTWMusicSystem_Final\otw_project\OTW_MUSIC_SYSTEM\screenshots\2040306023098451\init_setup_warn_screenshot_2040306023098451_20250519_193957866641.png
2025-05-19 19:39:58,945 - Worker-20403060 - PlaylistPlayer.2040306023098451 - INFO - Captura de pantalla guardada: C:\Users\def\Documents\OTWMusicSystem_Final\OTWMusicSystem_Final\otw_project\OTW_MUSIC_SYSTEM\screenshots\2040306023098451\init_setup_warn_screenshot_2040306023098451_20250519_193957866641.png
2025-05-19 19:39:58,945 - Worker-20403060 - PlaylistPlayer.2040306023098451 - INFO - --- Iniciando CICLO DE VIDA DE INTERACCIÓN #1 ---
2025-05-19 19:39:58,945 - Worker-20403060 - PlaylistPlayer.2040306023098451 - INFO - Fase 1: Playlist Inicial.
2025-05-19 19:39:58,946 - Worker-20403060 - PlaylistPlayer.2040306023098451 - INFO - Iniciando PLAYLIST: https://open.spotify.com/playlist/3h6pIE4rE6z8OyxNMOqW8t?si=H8FB0OalRKGjeMjEXVgSJw por ~34 min.
2025-05-19 19:39:58,946 - Worker-20403060 - PlaylistPlayer.2040306023098451 - INFO - Intentando abrir URL: https://open.spotify.com/playlist/3h6pIE4rE6z8OyxNMOqW8t?si=H8FB0OalRKGjeMjEXVgSJw (Intento 1/3)
2025-05-19 19:39:58,947 - Worker-20403060 - PlaylistPlayer.2040306023098451 - DEBUG - Forzando detención de Spotify (com.spotify.music).
2025-05-19 19:40:00,530 - Worker-20403060 - PlaylistPlayer.2040306023098451 - DEBUG - Presionando HOME.
2025-05-19 19:40:03,954 - Worker-20403060 - PlaylistPlayer.2040306023098451 - DEBUG - Ejecutando ADB intent para URL: https://open.spotify.com/playlist/3h6pIE4rE6z8OyxNMOqW8t?si=H8FB0OalRKGjeMjEXVgSJw
2025-05-19 19:40:06,766 - Worker-20403060 - PlaylistPlayer.2040306023098451 - DEBUG - Resultado ADB: stdout='Starting: Intent { act=android.intent.action.VIEW dat=https://open.spotify.com/... flg=0x10008000 }', stderr=''
2025-05-19 19:40:10,372 - Worker-20403060 - PlaylistPlayer.2040306023098451 - DEBUG - Esperando app estabilice...
2025-05-19 19:40:19,141 - Worker-20403060 - PlaylistPlayer.2040306023098451 - DEBUG - Verificando diálogo 'Abrir con'...
2025-05-19 19:40:32,782 - Worker-20403060 - PlaylistPlayer.2040306023098451 - DEBUG - No se detectó diálogo 'Abrir con' explícito.
2025-05-19 19:40:32,784 - Worker-20403060 - PlaylistPlayer.2040306023098451 - DEBUG - No se manejó diálogo 'Abrir con'.
2025-05-19 19:40:32,785 - Worker-20403060 - PlaylistPlayer.2040306023098451 - DEBUG - Verificando si Spotify está en primer plano...
2025-05-19 19:40:32,785 - Worker-20403060 - PlaylistPlayer.2040306023098451 - DEBUG - Intentando con comando dumpsys (1): adb -s 2040306023098451 shell dumpsys activity top
2025-05-19 19:40:35,687 - Worker-20403060 - PlaylistPlayer.2040306023098451 - WARNING - Spotify NO parece estar en primer plano.
2025-05-19 19:40:35,688 - Worker-20403060 - PlaylistPlayer.2040306023098451 - DEBUG - Capturando pantalla en C:\Users\def\Documents\OTWMusicSystem_Final\OTWMusicSystem_Final\otw_project\OTW_MUSIC_SYSTEM\screenshots\2040306023098451\spotify_not_foreground_screenshot_2040306023098451_20250519_194035687978.png
2025-05-19 19:40:36,668 - Worker-20403060 - PlaylistPlayer.2040306023098451 - INFO - Captura de pantalla guardada: C:\Users\def\Documents\OTWMusicSystem_Final\OTWMusicSystem_Final\otw_project\OTW_MUSIC_SYSTEM\screenshots\2040306023098451\spotify_not_foreground_screenshot_2040306023098451_20250519_194035687978.png
2025-05-19 19:40:36,668 - Worker-20403060 - PlaylistPlayer.2040306023098451 - WARNING - Spotify no en primer plano tras abrir https://open.spotify.com/playlist/3h6pIE4rE6z8OyxNMOqW8t?si=H8FB0OalRKGjeMjEXVgSJw.
2025-05-19 19:40:36,668 - Worker-20403060 - PlaylistPlayer.2040306023098451 - DEBUG - Capturando pantalla en C:\Users\def\Documents\OTWMusicSystem_Final\OTWMusicSystem_Final\otw_project\OTW_MUSIC_SYSTEM\screenshots\2040306023098451\spotify_not_fg_screenshot_2040306023098451_20250519_194036668568.png
2025-05-19 19:40:40,401 - Worker-20403060 - PlaylistPlayer.2040306023098451 - INFO - Captura de pantalla guardada: C:\Users\def\Documents\OTWMusicSystem_Final\OTWMusicSystem_Final\otw_project\OTW_MUSIC_SYSTEM\screenshots\2040306023098451\spotify_not_fg_screenshot_2040306023098451_20250519_194036668568.png
2025-05-19 19:40:47,451 - Worker-20403060 - PlaylistPlayer.2040306023098451 - INFO - Intentando abrir URL: https://open.spotify.com/playlist/3h6pIE4rE6z8OyxNMOqW8t?si=H8FB0OalRKGjeMjEXVgSJw (Intento 2/3)
2025-05-19 19:40:47,451 - Worker-20403060 - PlaylistPlayer.2040306023098451 - DEBUG - Forzando detención de Spotify (com.spotify.music).
2025-05-19 19:40:48,868 - Worker-20403060 - PlaylistPlayer.2040306023098451 - DEBUG - Presionando HOME.
2025-05-19 19:40:51,427 - Worker-20403060 - PlaylistPlayer.2040306023098451 - DEBUG - Ejecutando ADB intent para URL: https://open.spotify.com/playlist/3h6pIE4rE6z8OyxNMOqW8t?si=H8FB0OalRKGjeMjEXVgSJw
2025-05-19 19:40:53,472 - Worker-20403060 - PlaylistPlayer.2040306023098451 - DEBUG - Resultado ADB: stdout='Starting: Intent { act=android.intent.action.VIEW dat=https://open.spotify.com/... flg=0x10008000 }', stderr=''
2025-05-19 19:40:57,633 - Worker-20403060 - PlaylistPlayer.2040306023098451 - DEBUG - Esperando app estabilice...
2025-05-19 19:41:09,385 - Worker-20403060 - PlaylistPlayer.2040306023098451 - DEBUG - Verificando diálogo 'Abrir con'...
2025-05-19 19:41:25,952 - Worker-20403060 - PlaylistPlayer.2040306023098451 - DEBUG - No se detectó diálogo 'Abrir con' explícito.
2025-05-19 19:41:25,952 - Worker-20403060 - PlaylistPlayer.2040306023098451 - DEBUG - No se manejó diálogo 'Abrir con'.
2025-05-19 19:41:25,952 - Worker-20403060 - PlaylistPlayer.2040306023098451 - DEBUG - Verificando si Spotify está en primer plano...
2025-05-19 19:41:25,952 - Worker-20403060 - PlaylistPlayer.2040306023098451 - DEBUG - Intentando con comando dumpsys (1): adb -s 2040306023098451 shell dumpsys activity top
2025-05-19 19:41:27,016 - Worker-20403060 - PlaylistPlayer.2040306023098451 - WARNING - Spotify NO parece estar en primer plano.
2025-05-19 19:41:27,018 - Worker-20403060 - PlaylistPlayer.2040306023098451 - DEBUG - Capturando pantalla en C:\Users\def\Documents\OTWMusicSystem_Final\OTWMusicSystem_Final\otw_project\OTW_MUSIC_SYSTEM\screenshots\2040306023098451\spotify_not_foreground_screenshot_2040306023098451_20250519_194127017447.png
2025-05-19 19:41:27,355 - Worker-20403060 - PlaylistPlayer.2040306023098451 - INFO - Captura de pantalla guardada: C:\Users\def\Documents\OTWMusicSystem_Final\OTWMusicSystem_Final\otw_project\OTW_MUSIC_SYSTEM\screenshots\2040306023098451\spotify_not_foreground_screenshot_2040306023098451_20250519_194127017447.png
2025-05-19 19:41:27,356 - Worker-20403060 - PlaylistPlayer.2040306023098451 - WARNING - Spotify no en primer plano tras abrir https://open.spotify.com/playlist/3h6pIE4rE6z8OyxNMOqW8t?si=H8FB0OalRKGjeMjEXVgSJw.
2025-05-19 19:41:27,357 - Worker-20403060 - PlaylistPlayer.2040306023098451 - DEBUG - Capturando pantalla en C:\Users\def\Documents\OTWMusicSystem_Final\OTWMusicSystem_Final\otw_project\OTW_MUSIC_SYSTEM\screenshots\2040306023098451\spotify_not_fg_screenshot_2040306023098451_20250519_194127357220.png
2025-05-19 19:41:27,591 - Worker-20403060 - PlaylistPlayer.2040306023098451 - INFO - Captura de pantalla guardada: C:\Users\def\Documents\OTWMusicSystem_Final\OTWMusicSystem_Final\otw_project\OTW_MUSIC_SYSTEM\screenshots\2040306023098451\spotify_not_fg_screenshot_2040306023098451_20250519_194127357220.png
2025-05-19 19:41:36,708 - Worker-20403060 - PlaylistPlayer.2040306023098451 - INFO - Intentando abrir URL: https://open.spotify.com/playlist/3h6pIE4rE6z8OyxNMOqW8t?si=H8FB0OalRKGjeMjEXVgSJw (Intento 3/3)
2025-05-19 19:41:36,708 - Worker-20403060 - PlaylistPlayer.2040306023098451 - DEBUG - Forzando detención de Spotify (com.spotify.music).
2025-05-19 19:41:38,777 - Worker-20403060 - PlaylistPlayer.2040306023098451 - DEBUG - Presionando HOME.
2025-05-19 19:41:42,187 - Worker-20403060 - PlaylistPlayer.2040306023098451 - DEBUG - Ejecutando ADB intent para URL: https://open.spotify.com/playlist/3h6pIE4rE6z8OyxNMOqW8t?si=H8FB0OalRKGjeMjEXVgSJw
2025-05-19 19:41:44,780 - Worker-20403060 - PlaylistPlayer.2040306023098451 - DEBUG - Resultado ADB: stdout='Starting: Intent { act=android.intent.action.VIEW dat=https://open.spotify.com/... flg=0x10008000 }', stderr=''
2025-05-19 19:41:47,221 - Worker-20403060 - PlaylistPlayer.2040306023098451 - DEBUG - Esperando app estabilice...
2025-05-19 19:41:56,215 - Worker-20403060 - PlaylistPlayer.2040306023098451 - DEBUG - Verificando diálogo 'Abrir con'...
