2025-05-19 19:37:57,410 - Worker-20403060 - PlaylistPlayer.2040306023081202 - INFO - Worker thread INICIADO. Logs en: C:\Users\def\Documents\OTWMusicSystem_Final\OTWMusicSystem_Final\otw_project\OTW_MUSIC_SYSTEM\logs\2040306023081202\playlist_player_20250519_193757.log
2025-05-19 19:37:57,410 - Worker-20403060 - PlaylistPlayer.2040306023081202 - INFO - Personalidad Creada (SLOW_MODE_FACTOR=1.75): InitPlaylistDur=[30-35]m, ArtistDur=[30-60]m, IndivTrackSessDur=[60-90]m, SingleTrackDur=[60-120]s, VisitArtistProb=0.45, PlayIndivTracksProb=0.53
2025-05-19 19:37:57,410 - Worker-20403060 - PlaylistPlayer.2040306023081202 - INFO - Conectando uiautomator2 (intento 1/3)...
2025-05-19 19:37:59,865 - Worker-20403060 - PlaylistPlayer.2040306023081202 - INFO - Conectado (Device: Studio_X5_Max, Android: N/A).
2025-05-19 19:38:00,057 - Worker-20403060 - PlaylistPlayer.2040306023081202 - INFO - Spotify (com.spotify.music v9.0.36.484) instalado.
2025-05-19 19:38:00,057 - Worker-20403060 - PlaylistPlayer.2040306023081202 - INFO - Setup inicial (kill Spotify, home).
2025-05-19 19:38:00,057 - Worker-20403060 - PlaylistPlayer.2040306023081202 - WARNING - Advertencia setup inicial: 'Device' object has no attribute 'app_kill'
2025-05-19 19:38:00,058 - Worker-20403060 - PlaylistPlayer.2040306023081202 - DEBUG - Capturando pantalla en C:\Users\def\Documents\OTWMusicSystem_Final\OTWMusicSystem_Final\otw_project\OTW_MUSIC_SYSTEM\screenshots\2040306023081202\init_setup_warn_screenshot_2040306023081202_20250519_193800057683.png
2025-05-19 19:38:00,875 - Worker-20403060 - PlaylistPlayer.2040306023081202 - INFO - Captura de pantalla guardada: C:\Users\def\Documents\OTWMusicSystem_Final\OTWMusicSystem_Final\otw_project\OTW_MUSIC_SYSTEM\screenshots\2040306023081202\init_setup_warn_screenshot_2040306023081202_20250519_193800057683.png
2025-05-19 19:38:00,876 - Worker-20403060 - PlaylistPlayer.2040306023081202 - INFO - --- Iniciando CICLO DE VIDA DE INTERACCIÓN #1 ---
2025-05-19 19:38:00,876 - Worker-20403060 - PlaylistPlayer.2040306023081202 - INFO - Fase 1: Playlist Inicial.
2025-05-19 19:38:00,876 - Worker-20403060 - PlaylistPlayer.2040306023081202 - INFO - Iniciando PLAYLIST: https://open.spotify.com/playlist/5XrvAtxjUWcbTNgLHc9hz2?si=8J8GtCkARCaiIlIOWzgMnA por ~30 min.
2025-05-19 19:38:00,876 - Worker-20403060 - PlaylistPlayer.2040306023081202 - INFO - Intentando abrir URL: https://open.spotify.com/playlist/5XrvAtxjUWcbTNgLHc9hz2?si=8J8GtCkARCaiIlIOWzgMnA (Intento 1/3)
2025-05-19 19:38:00,876 - Worker-20403060 - PlaylistPlayer.2040306023081202 - DEBUG - Forzando detención de Spotify (com.spotify.music).
2025-05-19 19:38:02,612 - Worker-20403060 - PlaylistPlayer.2040306023081202 - DEBUG - Presionando HOME.
2025-05-19 19:38:05,791 - Worker-20403060 - PlaylistPlayer.2040306023081202 - DEBUG - Ejecutando ADB intent para URL: https://open.spotify.com/playlist/5XrvAtxjUWcbTNgLHc9hz2?si=8J8GtCkARCaiIlIOWzgMnA
2025-05-19 19:38:08,123 - Worker-20403060 - PlaylistPlayer.2040306023081202 - DEBUG - Resultado ADB: stdout='Starting: Intent { act=android.intent.action.VIEW dat=https://open.spotify.com/... flg=0x10008000 }', stderr=''
2025-05-19 19:38:10,791 - Worker-20403060 - PlaylistPlayer.2040306023081202 - DEBUG - Esperando app estabilice...
2025-05-19 19:38:23,475 - Worker-20403060 - PlaylistPlayer.2040306023081202 - DEBUG - Verificando diálogo 'Abrir con'...
2025-05-19 19:38:29,550 - Worker-20403060 - PlaylistPlayer.2040306023081202 - DEBUG - No se detectó diálogo 'Abrir con' explícito.
2025-05-19 19:38:29,550 - Worker-20403060 - PlaylistPlayer.2040306023081202 - DEBUG - No se manejó diálogo 'Abrir con'.
2025-05-19 19:38:29,550 - Worker-20403060 - PlaylistPlayer.2040306023081202 - DEBUG - Verificando si Spotify está en primer plano...
2025-05-19 19:38:29,550 - Worker-20403060 - PlaylistPlayer.2040306023081202 - DEBUG - Intentando con comando dumpsys (1): adb -s 2040306023081202 shell dumpsys activity top
2025-05-19 19:38:29,808 - Worker-20403060 - PlaylistPlayer.2040306023081202 - WARNING - Spotify NO parece estar en primer plano.
2025-05-19 19:38:29,809 - Worker-20403060 - PlaylistPlayer.2040306023081202 - DEBUG - Capturando pantalla en C:\Users\def\Documents\OTWMusicSystem_Final\OTWMusicSystem_Final\otw_project\OTW_MUSIC_SYSTEM\screenshots\2040306023081202\spotify_not_foreground_screenshot_2040306023081202_20250519_193829808977.png
2025-05-19 19:38:29,982 - Worker-20403060 - PlaylistPlayer.2040306023081202 - INFO - Captura de pantalla guardada: C:\Users\def\Documents\OTWMusicSystem_Final\OTWMusicSystem_Final\otw_project\OTW_MUSIC_SYSTEM\screenshots\2040306023081202\spotify_not_foreground_screenshot_2040306023081202_20250519_193829808977.png
2025-05-19 19:38:29,982 - Worker-20403060 - PlaylistPlayer.2040306023081202 - WARNING - Spotify no en primer plano tras abrir https://open.spotify.com/playlist/5XrvAtxjUWcbTNgLHc9hz2?si=8J8GtCkARCaiIlIOWzgMnA.
2025-05-19 19:38:29,983 - Worker-20403060 - PlaylistPlayer.2040306023081202 - DEBUG - Capturando pantalla en C:\Users\def\Documents\OTWMusicSystem_Final\OTWMusicSystem_Final\otw_project\OTW_MUSIC_SYSTEM\screenshots\2040306023081202\spotify_not_fg_screenshot_2040306023081202_20250519_193829983838.png
2025-05-19 19:38:30,175 - Worker-20403060 - PlaylistPlayer.2040306023081202 - INFO - Captura de pantalla guardada: C:\Users\def\Documents\OTWMusicSystem_Final\OTWMusicSystem_Final\otw_project\OTW_MUSIC_SYSTEM\screenshots\2040306023081202\spotify_not_fg_screenshot_2040306023081202_20250519_193829983838.png
2025-05-19 19:38:38,613 - Worker-20403060 - PlaylistPlayer.2040306023081202 - INFO - Intentando abrir URL: https://open.spotify.com/playlist/5XrvAtxjUWcbTNgLHc9hz2?si=8J8GtCkARCaiIlIOWzgMnA (Intento 2/3)
2025-05-19 19:38:38,613 - Worker-20403060 - PlaylistPlayer.2040306023081202 - DEBUG - Forzando detención de Spotify (com.spotify.music).
2025-05-19 19:38:39,715 - Worker-20403060 - PlaylistPlayer.2040306023081202 - DEBUG - Presionando HOME.
2025-05-19 19:38:42,620 - Worker-20403060 - PlaylistPlayer.2040306023081202 - DEBUG - Ejecutando ADB intent para URL: https://open.spotify.com/playlist/5XrvAtxjUWcbTNgLHc9hz2?si=8J8GtCkARCaiIlIOWzgMnA
2025-05-19 19:38:45,319 - Worker-20403060 - PlaylistPlayer.2040306023081202 - DEBUG - Resultado ADB: stdout='Starting: Intent { act=android.intent.action.VIEW dat=https://open.spotify.com/... flg=0x10008000 }', stderr=''
2025-05-19 19:38:48,537 - Worker-20403060 - PlaylistPlayer.2040306023081202 - DEBUG - Esperando app estabilice...
2025-05-19 19:39:01,715 - Worker-20403060 - PlaylistPlayer.2040306023081202 - DEBUG - Verificando diálogo 'Abrir con'...
2025-05-19 19:39:09,189 - Worker-20403060 - PlaylistPlayer.2040306023081202 - DEBUG - No se detectó diálogo 'Abrir con' explícito.
2025-05-19 19:39:09,189 - Worker-20403060 - PlaylistPlayer.2040306023081202 - DEBUG - No se manejó diálogo 'Abrir con'.
2025-05-19 19:39:09,189 - Worker-20403060 - PlaylistPlayer.2040306023081202 - DEBUG - Verificando si Spotify está en primer plano...
2025-05-19 19:39:09,189 - Worker-20403060 - PlaylistPlayer.2040306023081202 - DEBUG - Intentando con comando dumpsys (1): adb -s 2040306023081202 shell dumpsys activity top
2025-05-19 19:39:10,076 - Worker-20403060 - PlaylistPlayer.2040306023081202 - WARNING - Spotify NO parece estar en primer plano.
2025-05-19 19:39:10,078 - Worker-20403060 - PlaylistPlayer.2040306023081202 - DEBUG - Capturando pantalla en C:\Users\def\Documents\OTWMusicSystem_Final\OTWMusicSystem_Final\otw_project\OTW_MUSIC_SYSTEM\screenshots\2040306023081202\spotify_not_foreground_screenshot_2040306023081202_20250519_193910077798.png
2025-05-19 19:39:10,660 - Worker-20403060 - PlaylistPlayer.2040306023081202 - INFO - Captura de pantalla guardada: C:\Users\def\Documents\OTWMusicSystem_Final\OTWMusicSystem_Final\otw_project\OTW_MUSIC_SYSTEM\screenshots\2040306023081202\spotify_not_foreground_screenshot_2040306023081202_20250519_193910077798.png
2025-05-19 19:39:10,660 - Worker-20403060 - PlaylistPlayer.2040306023081202 - WARNING - Spotify no en primer plano tras abrir https://open.spotify.com/playlist/5XrvAtxjUWcbTNgLHc9hz2?si=8J8GtCkARCaiIlIOWzgMnA.
2025-05-19 19:39:10,661 - Worker-20403060 - PlaylistPlayer.2040306023081202 - DEBUG - Capturando pantalla en C:\Users\def\Documents\OTWMusicSystem_Final\OTWMusicSystem_Final\otw_project\OTW_MUSIC_SYSTEM\screenshots\2040306023081202\spotify_not_fg_screenshot_2040306023081202_20250519_193910660597.png
2025-05-19 19:39:11,217 - Worker-20403060 - PlaylistPlayer.2040306023081202 - INFO - Captura de pantalla guardada: C:\Users\def\Documents\OTWMusicSystem_Final\OTWMusicSystem_Final\otw_project\OTW_MUSIC_SYSTEM\screenshots\2040306023081202\spotify_not_fg_screenshot_2040306023081202_20250519_193910660597.png
2025-05-19 19:39:21,038 - Worker-20403060 - PlaylistPlayer.2040306023081202 - INFO - Intentando abrir URL: https://open.spotify.com/playlist/5XrvAtxjUWcbTNgLHc9hz2?si=8J8GtCkARCaiIlIOWzgMnA (Intento 3/3)
2025-05-19 19:39:21,038 - Worker-20403060 - PlaylistPlayer.2040306023081202 - DEBUG - Forzando detención de Spotify (com.spotify.music).
2025-05-19 19:39:22,336 - Worker-20403060 - PlaylistPlayer.2040306023081202 - DEBUG - Presionando HOME.
2025-05-19 19:39:26,021 - Worker-20403060 - PlaylistPlayer.2040306023081202 - DEBUG - Ejecutando ADB intent para URL: https://open.spotify.com/playlist/5XrvAtxjUWcbTNgLHc9hz2?si=8J8GtCkARCaiIlIOWzgMnA
2025-05-19 19:39:29,270 - Worker-20403060 - PlaylistPlayer.2040306023081202 - DEBUG - Resultado ADB: stdout='Starting: Intent { act=android.intent.action.VIEW dat=https://open.spotify.com/... flg=0x10008000 }', stderr=''
2025-05-19 19:39:31,987 - Worker-20403060 - PlaylistPlayer.2040306023081202 - DEBUG - Esperando app estabilice...
2025-05-19 19:39:45,727 - Worker-20403060 - PlaylistPlayer.2040306023081202 - DEBUG - Verificando diálogo 'Abrir con'...
2025-05-19 19:40:08,533 - Worker-20403060 - PlaylistPlayer.2040306023081202 - DEBUG - No se detectó diálogo 'Abrir con' explícito.
2025-05-19 19:40:08,533 - Worker-20403060 - PlaylistPlayer.2040306023081202 - DEBUG - No se manejó diálogo 'Abrir con'.
2025-05-19 19:40:08,533 - Worker-20403060 - PlaylistPlayer.2040306023081202 - DEBUG - Verificando si Spotify está en primer plano...
2025-05-19 19:40:08,534 - Worker-20403060 - PlaylistPlayer.2040306023081202 - DEBUG - Intentando con comando dumpsys (1): adb -s 2040306023081202 shell dumpsys activity top
2025-05-19 19:40:08,782 - Worker-20403060 - PlaylistPlayer.2040306023081202 - WARNING - Spotify NO parece estar en primer plano.
2025-05-19 19:40:08,782 - Worker-20403060 - PlaylistPlayer.2040306023081202 - DEBUG - Capturando pantalla en C:\Users\def\Documents\OTWMusicSystem_Final\OTWMusicSystem_Final\otw_project\OTW_MUSIC_SYSTEM\screenshots\2040306023081202\spotify_not_foreground_screenshot_2040306023081202_20250519_194008782903.png
2025-05-19 19:40:09,626 - Worker-20403060 - PlaylistPlayer.2040306023081202 - INFO - Captura de pantalla guardada: C:\Users\def\Documents\OTWMusicSystem_Final\OTWMusicSystem_Final\otw_project\OTW_MUSIC_SYSTEM\screenshots\2040306023081202\spotify_not_foreground_screenshot_2040306023081202_20250519_194008782903.png
2025-05-19 19:40:09,626 - Worker-20403060 - PlaylistPlayer.2040306023081202 - WARNING - Spotify no en primer plano tras abrir https://open.spotify.com/playlist/5XrvAtxjUWcbTNgLHc9hz2?si=8J8GtCkARCaiIlIOWzgMnA.
2025-05-19 19:40:09,626 - Worker-20403060 - PlaylistPlayer.2040306023081202 - DEBUG - Capturando pantalla en C:\Users\def\Documents\OTWMusicSystem_Final\OTWMusicSystem_Final\otw_project\OTW_MUSIC_SYSTEM\screenshots\2040306023081202\spotify_not_fg_screenshot_2040306023081202_20250519_194009626980.png
2025-05-19 19:40:09,821 - Worker-20403060 - PlaylistPlayer.2040306023081202 - INFO - Captura de pantalla guardada: C:\Users\def\Documents\OTWMusicSystem_Final\OTWMusicSystem_Final\otw_project\OTW_MUSIC_SYSTEM\screenshots\2040306023081202\spotify_not_fg_screenshot_2040306023081202_20250519_194009626980.png
2025-05-19 19:40:17,847 - Worker-20403060 - PlaylistPlayer.2040306023081202 - INFO - Intentando abrir URL: https://open.spotify.com/playlist/5XrvAtxjUWcbTNgLHc9hz2?si=8J8GtCkARCaiIlIOWzgMnA (Intento 4/3)
2025-05-19 19:40:17,847 - Worker-20403060 - PlaylistPlayer.2040306023081202 - ERROR - Máximos reintentos para URL https://open.spotify.com/playlist/5XrvAtxjUWcbTNgLHc9hz2?si=8J8GtCkARCaiIlIOWzgMnA
2025-05-19 19:40:17,848 - Worker-20403060 - PlaylistPlayer.2040306023081202 - DEBUG - Capturando pantalla en C:\Users\def\Documents\OTWMusicSystem_Final\OTWMusicSystem_Final\otw_project\OTW_MUSIC_SYSTEM\screenshots\2040306023081202\open_url_max_retries_screenshot_2040306023081202_20250519_194017847689.png
2025-05-19 19:40:18,176 - Worker-20403060 - PlaylistPlayer.2040306023081202 - INFO - Captura de pantalla guardada: C:\Users\def\Documents\OTWMusicSystem_Final\OTWMusicSystem_Final\otw_project\OTW_MUSIC_SYSTEM\screenshots\2040306023081202\open_url_max_retries_screenshot_2040306023081202_20250519_194017847689.png
2025-05-19 19:40:18,178 - Worker-20403060 - PlaylistPlayer.2040306023081202 - ERROR - No se pudo abrir playlist https://open.spotify.com/playlist/5XrvAtxjUWcbTNgLHc9hz2?si=8J8GtCkARCaiIlIOWzgMnA.
2025-05-19 19:40:29,938 - Worker-20403060 - PlaylistPlayer.2040306023081202 - INFO - Fase 2: Visita a Artista Clave.
2025-05-19 19:40:29,938 - Worker-20403060 - PlaylistPlayer.2040306023081202 - INFO - Iniciando ARTISTA: https://open.spotify.com/artist/3o9yGahQLPpDLMI6dABpIr por ~38 min. (KEY ARTIST)
2025-05-19 19:40:29,938 - Worker-20403060 - PlaylistPlayer.2040306023081202 - INFO - Intentando abrir URL: https://open.spotify.com/artist/3o9yGahQLPpDLMI6dABpIr (Intento 1/3)
2025-05-19 19:40:29,938 - Worker-20403060 - PlaylistPlayer.2040306023081202 - DEBUG - Forzando detención de Spotify (com.spotify.music).
2025-05-19 19:40:31,633 - Worker-20403060 - PlaylistPlayer.2040306023081202 - DEBUG - Presionando HOME.
2025-05-19 19:40:34,257 - Worker-20403060 - PlaylistPlayer.2040306023081202 - DEBUG - Ejecutando ADB intent para URL: https://open.spotify.com/artist/3o9yGahQLPpDLMI6dABpIr
2025-05-19 19:40:40,747 - Worker-20403060 - PlaylistPlayer.2040306023081202 - DEBUG - Resultado ADB: stdout='Starting: Intent { act=android.intent.action.VIEW dat=https://open.spotify.com/... flg=0x10008000 }', stderr=''
2025-05-19 19:40:44,607 - Worker-20403060 - PlaylistPlayer.2040306023081202 - DEBUG - Esperando app estabilice...
2025-05-19 19:40:56,596 - Worker-20403060 - PlaylistPlayer.2040306023081202 - DEBUG - Verificando diálogo 'Abrir con'...
2025-05-19 19:41:02,279 - Worker-20403060 - PlaylistPlayer.2040306023081202 - DEBUG - No se detectó diálogo 'Abrir con' explícito.
2025-05-19 19:41:02,280 - Worker-20403060 - PlaylistPlayer.2040306023081202 - DEBUG - No se manejó diálogo 'Abrir con'.
2025-05-19 19:41:02,280 - Worker-20403060 - PlaylistPlayer.2040306023081202 - DEBUG - Verificando si Spotify está en primer plano...
2025-05-19 19:41:02,281 - Worker-20403060 - PlaylistPlayer.2040306023081202 - DEBUG - Intentando con comando dumpsys (1): adb -s 2040306023081202 shell dumpsys activity top
2025-05-19 19:41:02,560 - Worker-20403060 - PlaylistPlayer.2040306023081202 - WARNING - Spotify NO parece estar en primer plano.
2025-05-19 19:41:02,561 - Worker-20403060 - PlaylistPlayer.2040306023081202 - DEBUG - Capturando pantalla en C:\Users\def\Documents\OTWMusicSystem_Final\OTWMusicSystem_Final\otw_project\OTW_MUSIC_SYSTEM\screenshots\2040306023081202\spotify_not_foreground_screenshot_2040306023081202_20250519_194102560849.png
2025-05-19 19:41:02,788 - Worker-20403060 - PlaylistPlayer.2040306023081202 - INFO - Captura de pantalla guardada: C:\Users\def\Documents\OTWMusicSystem_Final\OTWMusicSystem_Final\otw_project\OTW_MUSIC_SYSTEM\screenshots\2040306023081202\spotify_not_foreground_screenshot_2040306023081202_20250519_194102560849.png
2025-05-19 19:41:02,788 - Worker-20403060 - PlaylistPlayer.2040306023081202 - WARNING - Spotify no en primer plano tras abrir https://open.spotify.com/artist/3o9yGahQLPpDLMI6dABpIr.
2025-05-19 19:41:02,788 - Worker-20403060 - PlaylistPlayer.2040306023081202 - DEBUG - Capturando pantalla en C:\Users\def\Documents\OTWMusicSystem_Final\OTWMusicSystem_Final\otw_project\OTW_MUSIC_SYSTEM\screenshots\2040306023081202\spotify_not_fg_screenshot_2040306023081202_20250519_194102788490.png
2025-05-19 19:41:03,025 - Worker-20403060 - PlaylistPlayer.2040306023081202 - INFO - Captura de pantalla guardada: C:\Users\def\Documents\OTWMusicSystem_Final\OTWMusicSystem_Final\otw_project\OTW_MUSIC_SYSTEM\screenshots\2040306023081202\spotify_not_fg_screenshot_2040306023081202_20250519_194102788490.png
2025-05-19 19:41:10,935 - Worker-20403060 - PlaylistPlayer.2040306023081202 - INFO - Intentando abrir URL: https://open.spotify.com/artist/3o9yGahQLPpDLMI6dABpIr (Intento 2/3)
2025-05-19 19:41:10,935 - Worker-20403060 - PlaylistPlayer.2040306023081202 - DEBUG - Forzando detención de Spotify (com.spotify.music).
2025-05-19 19:41:13,010 - Worker-20403060 - PlaylistPlayer.2040306023081202 - DEBUG - Presionando HOME.
2025-05-19 19:41:15,879 - Worker-20403060 - PlaylistPlayer.2040306023081202 - DEBUG - Ejecutando ADB intent para URL: https://open.spotify.com/artist/3o9yGahQLPpDLMI6dABpIr
2025-05-19 19:41:18,644 - Worker-20403060 - PlaylistPlayer.2040306023081202 - DEBUG - Resultado ADB: stdout='Starting: Intent { act=android.intent.action.VIEW dat=https://open.spotify.com/... flg=0x10008000 }', stderr=''
2025-05-19 19:41:20,972 - Worker-20403060 - PlaylistPlayer.2040306023081202 - DEBUG - Esperando app estabilice...
2025-05-19 19:41:30,912 - Worker-20403060 - PlaylistPlayer.2040306023081202 - DEBUG - Verificando diálogo 'Abrir con'...
2025-05-19 19:41:39,458 - Worker-20403060 - PlaylistPlayer.2040306023081202 - DEBUG - No se detectó diálogo 'Abrir con' explícito.
2025-05-19 19:41:39,458 - Worker-20403060 - PlaylistPlayer.2040306023081202 - DEBUG - No se manejó diálogo 'Abrir con'.
2025-05-19 19:41:39,458 - Worker-20403060 - PlaylistPlayer.2040306023081202 - DEBUG - Verificando si Spotify está en primer plano...
2025-05-19 19:41:39,458 - Worker-20403060 - PlaylistPlayer.2040306023081202 - DEBUG - Intentando con comando dumpsys (1): adb -s 2040306023081202 shell dumpsys activity top
2025-05-19 19:41:40,042 - Worker-20403060 - PlaylistPlayer.2040306023081202 - WARNING - Spotify NO parece estar en primer plano.
2025-05-19 19:41:40,042 - Worker-20403060 - PlaylistPlayer.2040306023081202 - DEBUG - Capturando pantalla en C:\Users\def\Documents\OTWMusicSystem_Final\OTWMusicSystem_Final\otw_project\OTW_MUSIC_SYSTEM\screenshots\2040306023081202\spotify_not_foreground_screenshot_2040306023081202_20250519_194140042498.png
2025-05-19 19:41:40,463 - Worker-20403060 - PlaylistPlayer.2040306023081202 - INFO - Captura de pantalla guardada: C:\Users\def\Documents\OTWMusicSystem_Final\OTWMusicSystem_Final\otw_project\OTW_MUSIC_SYSTEM\screenshots\2040306023081202\spotify_not_foreground_screenshot_2040306023081202_20250519_194140042498.png
2025-05-19 19:41:40,463 - Worker-20403060 - PlaylistPlayer.2040306023081202 - WARNING - Spotify no en primer plano tras abrir https://open.spotify.com/artist/3o9yGahQLPpDLMI6dABpIr.
2025-05-19 19:41:40,466 - Worker-20403060 - PlaylistPlayer.2040306023081202 - DEBUG - Capturando pantalla en C:\Users\def\Documents\OTWMusicSystem_Final\OTWMusicSystem_Final\otw_project\OTW_MUSIC_SYSTEM\screenshots\2040306023081202\spotify_not_fg_screenshot_2040306023081202_20250519_194140465873.png
2025-05-19 19:41:40,757 - Worker-20403060 - PlaylistPlayer.2040306023081202 - INFO - Captura de pantalla guardada: C:\Users\def\Documents\OTWMusicSystem_Final\OTWMusicSystem_Final\otw_project\OTW_MUSIC_SYSTEM\screenshots\2040306023081202\spotify_not_fg_screenshot_2040306023081202_20250519_194140465873.png
2025-05-19 19:41:49,425 - Worker-20403060 - PlaylistPlayer.2040306023081202 - INFO - Intentando abrir URL: https://open.spotify.com/artist/3o9yGahQLPpDLMI6dABpIr (Intento 3/3)
2025-05-19 19:41:49,425 - Worker-20403060 - PlaylistPlayer.2040306023081202 - DEBUG - Forzando detención de Spotify (com.spotify.music).
2025-05-19 19:41:51,101 - Worker-20403060 - PlaylistPlayer.2040306023081202 - DEBUG - Presionando HOME.
2025-05-19 19:41:53,933 - Worker-20403060 - PlaylistPlayer.2040306023081202 - DEBUG - Ejecutando ADB intent para URL: https://open.spotify.com/artist/3o9yGahQLPpDLMI6dABpIr
2025-05-19 19:41:56,118 - Worker-20403060 - PlaylistPlayer.2040306023081202 - DEBUG - Resultado ADB: stdout='Starting: Intent { act=android.intent.action.VIEW dat=https://open.spotify.com/... flg=0x10008000 }', stderr=''
2025-05-19 19:42:00,089 - Worker-20403060 - PlaylistPlayer.2040306023081202 - DEBUG - Esperando app estabilice...
