2025-05-19 18:34:06,402 - Worker-20403060 - PlaylistPlayer.2040306023081202 - INFO - Worker thread INICIADO. Logs en: C:\Users\def\Documents\OTWMusicSystem_Final\OTWMusicSystem_Final\otw_project\OTW_MUSIC_SYSTEM\logs\2040306023081202\playlist_player_20250519_183406.log
2025-05-19 18:34:06,402 - Worker-20403060 - PlaylistPlayer.2040306023081202 - INFO - Personalidad Creada: FollowP=0.26, SearchP=0.11, MinTrackT=46s, MinContentT=3m
2025-05-19 18:34:06,402 - Worker-20403060 - PlaylistPlayer.2040306023081202 - INFO - Intentando conectar a uiautomator2 (intento 1/3)...
2025-05-19 18:34:20,855 - Worker-20403060 - PlaylistPlayer.2040306023081202 - DEBUG - Conexión u2 establecida preliminarmente.
2025-05-19 18:34:21,303 - Worker-20403060 - PlaylistPlayer.2040306023081202 - INFO - Conectado (Device: Studio_X5_Max, Android: N/A).
2025-05-19 18:34:21,586 - Worker-20403060 - PlaylistPlayer.2040306023081202 - INFO - Spotify (com.spotify.music v9.0.36.484) está instalado.
2025-05-19 18:34:21,586 - Worker-20403060 - PlaylistPlayer.2040306023081202 - INFO - Configuración inicial (kill Spotify y volver a Home).
2025-05-19 18:34:21,586 - Worker-20403060 - PlaylistPlayer.2040306023081202 - WARNING - Advertencia durante configuración inicial: 'Device' object has no attribute 'app_kill'
2025-05-19 18:34:21,587 - Worker-20403060 - PlaylistPlayer.2040306023081202 - DEBUG - Capturando pantalla en C:\Users\def\Documents\OTWMusicSystem_Final\OTWMusicSystem_Final\otw_project\OTW_MUSIC_SYSTEM\screenshots\2040306023081202\initial_setup_warn_screenshot_2040306023081202_20250519_183421586998.png
2025-05-19 18:34:22,911 - Worker-20403060 - PlaylistPlayer.2040306023081202 - INFO - Captura de pantalla guardada: C:\Users\def\Documents\OTWMusicSystem_Final\OTWMusicSystem_Final\otw_project\OTW_MUSIC_SYSTEM\screenshots\2040306023081202\initial_setup_warn_screenshot_2040306023081202_20250519_183421586998.png
2025-05-19 18:34:22,911 - Worker-20403060 - PlaylistPlayer.2040306023081202 - INFO - --- Iniciando Sesión de Interacción #1 ---
2025-05-19 18:34:22,911 - Worker-20403060 - PlaylistPlayer.2040306023081202 - INFO - Selección: Link (track) -> https://open.spotify.com/track/7Cn1w1bPLly5WlqYf30RNi?si=a28ee0841ed54d05
2025-05-19 18:34:22,911 - Worker-20403060 - PlaylistPlayer.2040306023081202 - INFO - Iniciando interacción con TRACK: https://open.spotify.com/track/7Cn1w1bPLly5WlqYf30RNi?si=a28ee0841ed54d05
2025-05-19 18:34:22,911 - Worker-20403060 - PlaylistPlayer.2040306023081202 - INFO - Intentando abrir URL: https://open.spotify.com/track/7Cn1w1bPLly5WlqYf30RNi?si=a28ee0841ed54d05 (Intento 1/3)
2025-05-19 18:34:22,911 - Worker-20403060 - PlaylistPlayer.2040306023081202 - DEBUG - Forzando detención de Spotify (com.spotify.music) antes de abrir URL.
2025-05-19 18:34:23,855 - Worker-20403060 - PlaylistPlayer.2040306023081202 - DEBUG - Presionando HOME.
2025-05-19 18:34:26,462 - Worker-20403060 - PlaylistPlayer.2040306023081202 - DEBUG - Ejecutando ADB intent para URL: https://open.spotify.com/track/7Cn1w1bPLly5WlqYf30RNi?si=a28ee0841ed54d05
2025-05-19 18:34:27,984 - Worker-20403060 - PlaylistPlayer.2040306023081202 - DEBUG - Resultado ADB 'am start': stdout='Starting: Intent { act=android.intent.action.VIEW dat=https://open.spotify.com/... flg=0x10008000 }', stderr=''
2025-05-19 18:34:29,652 - Worker-20403060 - PlaylistPlayer.2040306023081202 - DEBUG - Esperando que la app se abra y estabilice (5-8s)...
2025-05-19 18:34:36,472 - Worker-20403060 - PlaylistPlayer.2040306023081202 - DEBUG - Verificando diálogo 'Abrir con'...
2025-05-19 18:35:03,030 - Worker-20403060 - PlaylistPlayer.2040306023081202 - DEBUG - No se detectó diálogo 'Abrir con' explícito.
2025-05-19 18:35:03,030 - Worker-20403060 - PlaylistPlayer.2040306023081202 - DEBUG - No se manejó el diálogo 'Abrir con' o no apareció.
2025-05-19 18:35:03,030 - Worker-20403060 - PlaylistPlayer.2040306023081202 - DEBUG - Verificando si Spotify está en primer plano...
2025-05-19 18:35:03,030 - Worker-20403060 - PlaylistPlayer.2040306023081202 - DEBUG - Intentando con comando dumpsys (1): adb -s 2040306023081202 shell dumpsys activity top
2025-05-19 18:35:03,320 - Worker-20403060 - PlaylistPlayer.2040306023081202 - WARNING - Spotify NO parece estar en primer plano según dumpsys.
2025-05-19 18:35:03,320 - Worker-20403060 - PlaylistPlayer.2040306023081202 - DEBUG - Capturando pantalla en C:\Users\def\Documents\OTWMusicSystem_Final\OTWMusicSystem_Final\otw_project\OTW_MUSIC_SYSTEM\screenshots\2040306023081202\spotify_not_foreground_screenshot_2040306023081202_20250519_183503320417.png
2025-05-19 18:35:04,582 - Worker-20403060 - PlaylistPlayer.2040306023081202 - INFO - Captura de pantalla guardada: C:\Users\def\Documents\OTWMusicSystem_Final\OTWMusicSystem_Final\otw_project\OTW_MUSIC_SYSTEM\screenshots\2040306023081202\spotify_not_foreground_screenshot_2040306023081202_20250519_183503320417.png
2025-05-19 18:35:04,582 - Worker-20403060 - PlaylistPlayer.2040306023081202 - WARNING - Spotify no detectado en primer plano después de abrir https://open.spotify.com/track/7Cn1w1bPLly5WlqYf30RNi?si=a28ee0841ed54d05.
2025-05-19 18:35:04,582 - Worker-20403060 - PlaylistPlayer.2040306023081202 - DEBUG - Capturando pantalla en C:\Users\def\Documents\OTWMusicSystem_Final\OTWMusicSystem_Final\otw_project\OTW_MUSIC_SYSTEM\screenshots\2040306023081202\spotify_not_fg_after_open_7Cn1w1bPLly5WlqYf30RNi?si=a28ee0841ed54d05_screenshot_2040306023081202_20250519_183504582994.png
2025-05-19 18:35:04,704 - Worker-20403060 - PlaylistPlayer.2040306023081202 - ERROR - Error al capturar pantalla: [Errno 22] Invalid argument: 'C:\\Users\\def\\Documents\\OTWMusicSystem_Final\\OTWMusicSystem_Final\\otw_project\\OTW_MUSIC_SYSTEM\\screenshots\\2040306023081202\\spotify_not_fg_after_open_7Cn1w1bPLly5WlqYf30RNi?si=a28ee0841ed54d05_screenshot_2040306023081202_20250519_183504582994.png'
2025-05-19 18:35:04,705 - Worker-20403060 - PlaylistPlayer.2040306023081202 - INFO - Pausa antes de reintentar apertura de URL debido a no foreground (4.4s).
2025-05-19 18:35:10,071 - Worker-20403060 - PlaylistPlayer.2040306023081202 - INFO - Intentando abrir URL: https://open.spotify.com/track/7Cn1w1bPLly5WlqYf30RNi?si=a28ee0841ed54d05 (Intento 2/3)
2025-05-19 18:35:10,071 - Worker-20403060 - PlaylistPlayer.2040306023081202 - DEBUG - Forzando detención de Spotify (com.spotify.music) antes de abrir URL.
2025-05-19 18:35:11,467 - Worker-20403060 - PlaylistPlayer.2040306023081202 - DEBUG - Presionando HOME.
2025-05-19 18:35:13,706 - Worker-20403060 - PlaylistPlayer.2040306023081202 - DEBUG - Ejecutando ADB intent para URL: https://open.spotify.com/track/7Cn1w1bPLly5WlqYf30RNi?si=a28ee0841ed54d05
2025-05-19 18:35:15,549 - Worker-20403060 - PlaylistPlayer.2040306023081202 - DEBUG - Resultado ADB 'am start': stdout='Starting: Intent { act=android.intent.action.VIEW dat=https://open.spotify.com/... flg=0x10008000 }', stderr=''
2025-05-19 18:35:16,880 - Worker-20403060 - PlaylistPlayer.2040306023081202 - DEBUG - Esperando que la app se abra y estabilice (5-8s)...
2025-05-19 18:35:22,901 - Worker-20403060 - PlaylistPlayer.2040306023081202 - DEBUG - Verificando diálogo 'Abrir con'...
2025-05-19 18:36:21,994 - Worker-20403060 - PlaylistPlayer.2040306023081202 - DEBUG - No se detectó diálogo 'Abrir con' explícito.
2025-05-19 18:36:21,994 - Worker-20403060 - PlaylistPlayer.2040306023081202 - DEBUG - No se manejó el diálogo 'Abrir con' o no apareció.
2025-05-19 18:36:21,995 - Worker-20403060 - PlaylistPlayer.2040306023081202 - DEBUG - Verificando si Spotify está en primer plano...
2025-05-19 18:36:21,995 - Worker-20403060 - PlaylistPlayer.2040306023081202 - DEBUG - Intentando con comando dumpsys (1): adb -s 2040306023081202 shell dumpsys activity top
2025-05-19 18:36:22,230 - Worker-20403060 - PlaylistPlayer.2040306023081202 - WARNING - Spotify NO parece estar en primer plano según dumpsys.
2025-05-19 18:36:22,231 - Worker-20403060 - PlaylistPlayer.2040306023081202 - DEBUG - Capturando pantalla en C:\Users\def\Documents\OTWMusicSystem_Final\OTWMusicSystem_Final\otw_project\OTW_MUSIC_SYSTEM\screenshots\2040306023081202\spotify_not_foreground_screenshot_2040306023081202_20250519_183622231112.png
2025-05-19 18:36:23,085 - Worker-20403060 - PlaylistPlayer.2040306023081202 - INFO - Captura de pantalla guardada: C:\Users\def\Documents\OTWMusicSystem_Final\OTWMusicSystem_Final\otw_project\OTW_MUSIC_SYSTEM\screenshots\2040306023081202\spotify_not_foreground_screenshot_2040306023081202_20250519_183622231112.png
2025-05-19 18:36:23,085 - Worker-20403060 - PlaylistPlayer.2040306023081202 - WARNING - Spotify no detectado en primer plano después de abrir https://open.spotify.com/track/7Cn1w1bPLly5WlqYf30RNi?si=a28ee0841ed54d05.
2025-05-19 18:36:23,085 - Worker-20403060 - PlaylistPlayer.2040306023081202 - DEBUG - Capturando pantalla en C:\Users\def\Documents\OTWMusicSystem_Final\OTWMusicSystem_Final\otw_project\OTW_MUSIC_SYSTEM\screenshots\2040306023081202\spotify_not_fg_after_open_7Cn1w1bPLly5WlqYf30RNi?si=a28ee0841ed54d05_screenshot_2040306023081202_20250519_183623085719.png
2025-05-19 18:36:23,235 - Worker-20403060 - PlaylistPlayer.2040306023081202 - ERROR - Error al capturar pantalla: [Errno 22] Invalid argument: 'C:\\Users\\def\\Documents\\OTWMusicSystem_Final\\OTWMusicSystem_Final\\otw_project\\OTW_MUSIC_SYSTEM\\screenshots\\2040306023081202\\spotify_not_fg_after_open_7Cn1w1bPLly5WlqYf30RNi?si=a28ee0841ed54d05_screenshot_2040306023081202_20250519_183623085719.png'
2025-05-19 18:36:23,236 - Worker-20403060 - PlaylistPlayer.2040306023081202 - INFO - Pausa antes de reintentar apertura de URL debido a no foreground (7.0s).
2025-05-19 18:36:29,844 - Worker-20403060 - PlaylistPlayer.2040306023081202 - INFO - Intentando abrir URL: https://open.spotify.com/track/7Cn1w1bPLly5WlqYf30RNi?si=a28ee0841ed54d05 (Intento 3/3)
2025-05-19 18:36:29,844 - Worker-20403060 - PlaylistPlayer.2040306023081202 - DEBUG - Forzando detención de Spotify (com.spotify.music) antes de abrir URL.
2025-05-19 18:36:30,591 - Worker-20403060 - PlaylistPlayer.2040306023081202 - DEBUG - Presionando HOME.
2025-05-19 18:36:33,303 - Worker-20403060 - PlaylistPlayer.2040306023081202 - DEBUG - Ejecutando ADB intent para URL: https://open.spotify.com/track/7Cn1w1bPLly5WlqYf30RNi?si=a28ee0841ed54d05
2025-05-19 18:36:35,102 - Worker-20403060 - PlaylistPlayer.2040306023081202 - DEBUG - Resultado ADB 'am start': stdout='Starting: Intent { act=android.intent.action.VIEW dat=https://open.spotify.com/... flg=0x10008000 }', stderr=''
2025-05-19 18:36:36,940 - Worker-20403060 - PlaylistPlayer.2040306023081202 - DEBUG - Esperando que la app se abra y estabilice (5-8s)...
2025-05-19 18:36:43,182 - Worker-20403060 - PlaylistPlayer.2040306023081202 - DEBUG - Verificando diálogo 'Abrir con'...
2025-05-19 18:37:01,839 - Worker-20403060 - PlaylistPlayer.2040306023081202 - DEBUG - No se detectó diálogo 'Abrir con' explícito.
2025-05-19 18:37:01,840 - Worker-20403060 - PlaylistPlayer.2040306023081202 - DEBUG - No se manejó el diálogo 'Abrir con' o no apareció.
2025-05-19 18:37:01,840 - Worker-20403060 - PlaylistPlayer.2040306023081202 - DEBUG - Verificando si Spotify está en primer plano...
2025-05-19 18:37:01,840 - Worker-20403060 - PlaylistPlayer.2040306023081202 - DEBUG - Intentando con comando dumpsys (1): adb -s 2040306023081202 shell dumpsys activity top
2025-05-19 18:37:02,178 - Worker-20403060 - PlaylistPlayer.2040306023081202 - WARNING - Spotify NO parece estar en primer plano según dumpsys.
2025-05-19 18:37:02,179 - Worker-20403060 - PlaylistPlayer.2040306023081202 - DEBUG - Capturando pantalla en C:\Users\def\Documents\OTWMusicSystem_Final\OTWMusicSystem_Final\otw_project\OTW_MUSIC_SYSTEM\screenshots\2040306023081202\spotify_not_foreground_screenshot_2040306023081202_20250519_183702179309.png
2025-05-19 18:37:02,373 - Worker-20403060 - PlaylistPlayer.2040306023081202 - INFO - Captura de pantalla guardada: C:\Users\def\Documents\OTWMusicSystem_Final\OTWMusicSystem_Final\otw_project\OTW_MUSIC_SYSTEM\screenshots\2040306023081202\spotify_not_foreground_screenshot_2040306023081202_20250519_183702179309.png
2025-05-19 18:37:02,373 - Worker-20403060 - PlaylistPlayer.2040306023081202 - WARNING - Spotify no detectado en primer plano después de abrir https://open.spotify.com/track/7Cn1w1bPLly5WlqYf30RNi?si=a28ee0841ed54d05.
2025-05-19 18:37:02,374 - Worker-20403060 - PlaylistPlayer.2040306023081202 - DEBUG - Capturando pantalla en C:\Users\def\Documents\OTWMusicSystem_Final\OTWMusicSystem_Final\otw_project\OTW_MUSIC_SYSTEM\screenshots\2040306023081202\spotify_not_fg_after_open_7Cn1w1bPLly5WlqYf30RNi?si=a28ee0841ed54d05_screenshot_2040306023081202_20250519_183702373740.png
2025-05-19 18:37:02,511 - Worker-20403060 - PlaylistPlayer.2040306023081202 - ERROR - Error al capturar pantalla: [Errno 22] Invalid argument: 'C:\\Users\\def\\Documents\\OTWMusicSystem_Final\\OTWMusicSystem_Final\\otw_project\\OTW_MUSIC_SYSTEM\\screenshots\\2040306023081202\\spotify_not_fg_after_open_7Cn1w1bPLly5WlqYf30RNi?si=a28ee0841ed54d05_screenshot_2040306023081202_20250519_183702373740.png'
2025-05-19 18:37:02,511 - Worker-20403060 - PlaylistPlayer.2040306023081202 - INFO - Pausa antes de reintentar apertura de URL debido a no foreground (4.6s).
2025-05-19 18:37:08,983 - Worker-20403060 - PlaylistPlayer.2040306023081202 - INFO - Intentando abrir URL: https://open.spotify.com/track/7Cn1w1bPLly5WlqYf30RNi?si=a28ee0841ed54d05 (Intento 4/3)
2025-05-19 18:37:08,983 - Worker-20403060 - PlaylistPlayer.2040306023081202 - ERROR - Máximos reintentos (3) alcanzados para abrir URL https://open.spotify.com/track/7Cn1w1bPLly5WlqYf30RNi?si=a28ee0841ed54d05
2025-05-19 18:37:08,983 - Worker-20403060 - PlaylistPlayer.2040306023081202 - DEBUG - Capturando pantalla en C:\Users\def\Documents\OTWMusicSystem_Final\OTWMusicSystem_Final\otw_project\OTW_MUSIC_SYSTEM\screenshots\2040306023081202\open_url_max_retries_fail_7Cn1w1bPLly5WlqYf30RNi?si=a28ee0841ed54d05_screenshot_2040306023081202_20250519_183708983803.png
2025-05-19 18:37:09,113 - Worker-20403060 - PlaylistPlayer.2040306023081202 - ERROR - Error al capturar pantalla: [Errno 22] Invalid argument: 'C:\\Users\\def\\Documents\\OTWMusicSystem_Final\\OTWMusicSystem_Final\\otw_project\\OTW_MUSIC_SYSTEM\\screenshots\\2040306023081202\\open_url_max_retries_fail_7Cn1w1bPLly5WlqYf30RNi?si=a28ee0841ed54d05_screenshot_2040306023081202_20250519_183708983803.png'
2025-05-19 18:37:09,113 - Worker-20403060 - PlaylistPlayer.2040306023081202 - ERROR - No se pudo abrir el track https://open.spotify.com/track/7Cn1w1bPLly5WlqYf30RNi?si=a28ee0841ed54d05. Terminando interacción.
2025-05-19 18:37:09,114 - Worker-20403060 - PlaylistPlayer.2040306023081202 - INFO - Decidiendo realizar una búsqueda aleatoria...
2025-05-19 18:37:09,114 - Worker-20403060 - PlaylistPlayer.2040306023081202 - DEBUG - Pausa de 7.1s antes de la búsqueda.
2025-05-19 18:37:16,249 - Worker-20403060 - PlaylistPlayer.2040306023081202 - INFO - Iniciando simulación de BÚSQUEDA.
2025-05-19 18:37:16,249 - Worker-20403060 - PlaylistPlayer.2040306023081202 - DEBUG - Intentando Pestaña Búsqueda (sel 1): {'descriptionMatches': '(?i)Search|Buscar', 'className': 'android.widget.Button'}
2025-05-19 18:37:18,511 - Worker-20403060 - PlaylistPlayer.2040306023081202 - DEBUG - Intentando Pestaña Búsqueda (sel 2): {'descriptionMatches': '(?i)Search|Buscar', 'className': 'android.widget.TextView'}
2025-05-19 18:37:20,735 - Worker-20403060 - PlaylistPlayer.2040306023081202 - DEBUG - Intentando Pestaña Búsqueda (sel 3): {'resourceId': 'com.spotify.music:id/search_tab'}
2025-05-19 18:37:22,907 - Worker-20403060 - PlaylistPlayer.2040306023081202 - DEBUG - Intentando Pestaña Búsqueda (sel 4): {'textMatches': '(?i)Search|Buscar'}
2025-05-19 18:37:25,106 - Worker-20403060 - PlaylistPlayer.2040306023081202 - WARNING - No se encontró o no se pudo clickear la Pestaña de Búsqueda. Saltando búsqueda.
2025-05-19 18:37:25,106 - Worker-20403060 - PlaylistPlayer.2040306023081202 - DEBUG - Capturando pantalla en C:\Users\def\Documents\OTWMusicSystem_Final\OTWMusicSystem_Final\otw_project\OTW_MUSIC_SYSTEM\screenshots\2040306023081202\search_tab_fail_screenshot_2040306023081202_20250519_183725106652.png
2025-05-19 18:37:25,288 - Worker-20403060 - PlaylistPlayer.2040306023081202 - INFO - Captura de pantalla guardada: C:\Users\def\Documents\OTWMusicSystem_Final\OTWMusicSystem_Final\otw_project\OTW_MUSIC_SYSTEM\screenshots\2040306023081202\search_tab_fail_screenshot_2040306023081202_20250519_183725106652.png
2025-05-19 18:37:25,288 - Worker-20403060 - PlaylistPlayer.2040306023081202 - INFO - Sesión #1 completada. Pausa de 9.3s.
2025-05-19 18:37:34,561 - Worker-20403060 - PlaylistPlayer.2040306023081202 - INFO - --- Iniciando Sesión de Interacción #2 ---
2025-05-19 18:37:34,562 - Worker-20403060 - PlaylistPlayer.2040306023081202 - INFO - Selección: Link (track) -> https://open.spotify.com/track/5MOphoHNoKEoGhj1d6DhCk?si=1091a62edfb14c99
2025-05-19 18:37:34,562 - Worker-20403060 - PlaylistPlayer.2040306023081202 - INFO - Iniciando interacción con TRACK: https://open.spotify.com/track/5MOphoHNoKEoGhj1d6DhCk?si=1091a62edfb14c99
2025-05-19 18:37:34,562 - Worker-20403060 - PlaylistPlayer.2040306023081202 - INFO - Intentando abrir URL: https://open.spotify.com/track/5MOphoHNoKEoGhj1d6DhCk?si=1091a62edfb14c99 (Intento 1/3)
2025-05-19 18:37:34,562 - Worker-20403060 - PlaylistPlayer.2040306023081202 - DEBUG - Forzando detención de Spotify (com.spotify.music) antes de abrir URL.
2025-05-19 18:37:35,970 - Worker-20403060 - PlaylistPlayer.2040306023081202 - DEBUG - Presionando HOME.
2025-05-19 18:37:38,142 - Worker-20403060 - PlaylistPlayer.2040306023081202 - DEBUG - Ejecutando ADB intent para URL: https://open.spotify.com/track/5MOphoHNoKEoGhj1d6DhCk?si=1091a62edfb14c99
2025-05-19 18:37:39,693 - Worker-20403060 - PlaylistPlayer.2040306023081202 - DEBUG - Resultado ADB 'am start': stdout='Starting: Intent { act=android.intent.action.VIEW dat=https://open.spotify.com/... flg=0x10008000 }', stderr=''
2025-05-19 18:37:41,858 - Worker-20403060 - PlaylistPlayer.2040306023081202 - DEBUG - Esperando que la app se abra y estabilice (5-8s)...
2025-05-19 18:37:48,527 - Worker-20403060 - PlaylistPlayer.2040306023081202 - DEBUG - Verificando diálogo 'Abrir con'...
2025-05-19 18:38:27,730 - Worker-20403060 - PlaylistPlayer.2040306023081202 - DEBUG - No se detectó diálogo 'Abrir con' explícito.
2025-05-19 18:38:27,730 - Worker-20403060 - PlaylistPlayer.2040306023081202 - DEBUG - No se manejó el diálogo 'Abrir con' o no apareció.
2025-05-19 18:38:27,730 - Worker-20403060 - PlaylistPlayer.2040306023081202 - DEBUG - Verificando si Spotify está en primer plano...
2025-05-19 18:38:27,730 - Worker-20403060 - PlaylistPlayer.2040306023081202 - DEBUG - Intentando con comando dumpsys (1): adb -s 2040306023081202 shell dumpsys activity top
2025-05-19 18:38:28,008 - Worker-20403060 - PlaylistPlayer.2040306023081202 - WARNING - Spotify NO parece estar en primer plano según dumpsys.
2025-05-19 18:38:28,009 - Worker-20403060 - PlaylistPlayer.2040306023081202 - DEBUG - Capturando pantalla en C:\Users\def\Documents\OTWMusicSystem_Final\OTWMusicSystem_Final\otw_project\OTW_MUSIC_SYSTEM\screenshots\2040306023081202\spotify_not_foreground_screenshot_2040306023081202_20250519_183828009362.png
2025-05-19 18:38:29,143 - Worker-20403060 - PlaylistPlayer.2040306023081202 - INFO - Captura de pantalla guardada: C:\Users\def\Documents\OTWMusicSystem_Final\OTWMusicSystem_Final\otw_project\OTW_MUSIC_SYSTEM\screenshots\2040306023081202\spotify_not_foreground_screenshot_2040306023081202_20250519_183828009362.png
2025-05-19 18:38:29,144 - Worker-20403060 - PlaylistPlayer.2040306023081202 - WARNING - Spotify no detectado en primer plano después de abrir https://open.spotify.com/track/5MOphoHNoKEoGhj1d6DhCk?si=1091a62edfb14c99.
2025-05-19 18:38:29,144 - Worker-20403060 - PlaylistPlayer.2040306023081202 - DEBUG - Capturando pantalla en C:\Users\def\Documents\OTWMusicSystem_Final\OTWMusicSystem_Final\otw_project\OTW_MUSIC_SYSTEM\screenshots\2040306023081202\spotify_not_fg_after_open_5MOphoHNoKEoGhj1d6DhCk?si=1091a62edfb14c99_screenshot_2040306023081202_20250519_183829144055.png
2025-05-19 18:38:29,268 - Worker-20403060 - PlaylistPlayer.2040306023081202 - ERROR - Error al capturar pantalla: [Errno 22] Invalid argument: 'C:\\Users\\def\\Documents\\OTWMusicSystem_Final\\OTWMusicSystem_Final\\otw_project\\OTW_MUSIC_SYSTEM\\screenshots\\2040306023081202\\spotify_not_fg_after_open_5MOphoHNoKEoGhj1d6DhCk?si=1091a62edfb14c99_screenshot_2040306023081202_20250519_183829144055.png'
2025-05-19 18:38:29,269 - Worker-20403060 - PlaylistPlayer.2040306023081202 - INFO - Pausa antes de reintentar apertura de URL debido a no foreground (4.7s).
2025-05-19 18:38:33,299 - Worker-20403060 - PlaylistPlayer.2040306023081202 - INFO - Intentando abrir URL: https://open.spotify.com/track/5MOphoHNoKEoGhj1d6DhCk?si=1091a62edfb14c99 (Intento 2/3)
2025-05-19 18:38:33,299 - Worker-20403060 - PlaylistPlayer.2040306023081202 - DEBUG - Forzando detención de Spotify (com.spotify.music) antes de abrir URL.
2025-05-19 18:38:34,207 - Worker-20403060 - PlaylistPlayer.2040306023081202 - DEBUG - Presionando HOME.
2025-05-19 18:38:36,741 - Worker-20403060 - PlaylistPlayer.2040306023081202 - DEBUG - Ejecutando ADB intent para URL: https://open.spotify.com/track/5MOphoHNoKEoGhj1d6DhCk?si=1091a62edfb14c99
2025-05-19 18:38:37,873 - Worker-20403060 - PlaylistPlayer.2040306023081202 - DEBUG - Resultado ADB 'am start': stdout='Starting: Intent { act=android.intent.action.VIEW dat=https://open.spotify.com/... flg=0x10008000 }', stderr=''
2025-05-19 18:38:40,143 - Worker-20403060 - PlaylistPlayer.2040306023081202 - DEBUG - Esperando que la app se abra y estabilice (5-8s)...
2025-05-19 18:38:45,632 - Worker-20403060 - PlaylistPlayer.2040306023081202 - DEBUG - Verificando diálogo 'Abrir con'...
2025-05-19 18:39:10,308 - Worker-20403060 - PlaylistPlayer.2040306023081202 - DEBUG - No se detectó diálogo 'Abrir con' explícito.
2025-05-19 18:39:10,308 - Worker-20403060 - PlaylistPlayer.2040306023081202 - DEBUG - No se manejó el diálogo 'Abrir con' o no apareció.
2025-05-19 18:39:10,308 - Worker-20403060 - PlaylistPlayer.2040306023081202 - DEBUG - Verificando si Spotify está en primer plano...
2025-05-19 18:39:10,309 - Worker-20403060 - PlaylistPlayer.2040306023081202 - DEBUG - Intentando con comando dumpsys (1): adb -s 2040306023081202 shell dumpsys activity top
2025-05-19 18:39:10,550 - Worker-20403060 - PlaylistPlayer.2040306023081202 - WARNING - Spotify NO parece estar en primer plano según dumpsys.
2025-05-19 18:39:10,550 - Worker-20403060 - PlaylistPlayer.2040306023081202 - DEBUG - Capturando pantalla en C:\Users\def\Documents\OTWMusicSystem_Final\OTWMusicSystem_Final\otw_project\OTW_MUSIC_SYSTEM\screenshots\2040306023081202\spotify_not_foreground_screenshot_2040306023081202_20250519_183910550357.png
2025-05-19 18:39:11,428 - Worker-20403060 - PlaylistPlayer.2040306023081202 - INFO - Captura de pantalla guardada: C:\Users\def\Documents\OTWMusicSystem_Final\OTWMusicSystem_Final\otw_project\OTW_MUSIC_SYSTEM\screenshots\2040306023081202\spotify_not_foreground_screenshot_2040306023081202_20250519_183910550357.png
2025-05-19 18:39:11,428 - Worker-20403060 - PlaylistPlayer.2040306023081202 - WARNING - Spotify no detectado en primer plano después de abrir https://open.spotify.com/track/5MOphoHNoKEoGhj1d6DhCk?si=1091a62edfb14c99.
2025-05-19 18:39:11,429 - Worker-20403060 - PlaylistPlayer.2040306023081202 - DEBUG - Capturando pantalla en C:\Users\def\Documents\OTWMusicSystem_Final\OTWMusicSystem_Final\otw_project\OTW_MUSIC_SYSTEM\screenshots\2040306023081202\spotify_not_fg_after_open_5MOphoHNoKEoGhj1d6DhCk?si=1091a62edfb14c99_screenshot_2040306023081202_20250519_183911429017.png
2025-05-19 18:39:11,549 - Worker-20403060 - PlaylistPlayer.2040306023081202 - ERROR - Error al capturar pantalla: [Errno 22] Invalid argument: 'C:\\Users\\def\\Documents\\OTWMusicSystem_Final\\OTWMusicSystem_Final\\otw_project\\OTW_MUSIC_SYSTEM\\screenshots\\2040306023081202\\spotify_not_fg_after_open_5MOphoHNoKEoGhj1d6DhCk?si=1091a62edfb14c99_screenshot_2040306023081202_20250519_183911429017.png'
2025-05-19 18:39:11,550 - Worker-20403060 - PlaylistPlayer.2040306023081202 - INFO - Pausa antes de reintentar apertura de URL debido a no foreground (6.9s).
2025-05-19 18:39:17,213 - Worker-20403060 - PlaylistPlayer.2040306023081202 - INFO - Intentando abrir URL: https://open.spotify.com/track/5MOphoHNoKEoGhj1d6DhCk?si=1091a62edfb14c99 (Intento 3/3)
2025-05-19 18:39:17,213 - Worker-20403060 - PlaylistPlayer.2040306023081202 - DEBUG - Forzando detención de Spotify (com.spotify.music) antes de abrir URL.
2025-05-19 18:39:18,502 - Worker-20403060 - PlaylistPlayer.2040306023081202 - DEBUG - Presionando HOME.
2025-05-19 18:39:20,691 - Worker-20403060 - PlaylistPlayer.2040306023081202 - DEBUG - Ejecutando ADB intent para URL: https://open.spotify.com/track/5MOphoHNoKEoGhj1d6DhCk?si=1091a62edfb14c99
2025-05-19 18:39:21,922 - Worker-20403060 - PlaylistPlayer.2040306023081202 - DEBUG - Resultado ADB 'am start': stdout='Starting: Intent { act=android.intent.action.VIEW dat=https://open.spotify.com/... flg=0x10008000 }', stderr=''
2025-05-19 18:39:23,717 - Worker-20403060 - PlaylistPlayer.2040306023081202 - DEBUG - Esperando que la app se abra y estabilice (5-8s)...
2025-05-19 18:39:31,269 - Worker-20403060 - PlaylistPlayer.2040306023081202 - DEBUG - Verificando diálogo 'Abrir con'...
2025-05-19 18:39:51,337 - Worker-20403060 - PlaylistPlayer.2040306023081202 - DEBUG - No se detectó diálogo 'Abrir con' explícito.
2025-05-19 18:39:51,337 - Worker-20403060 - PlaylistPlayer.2040306023081202 - DEBUG - No se manejó el diálogo 'Abrir con' o no apareció.
2025-05-19 18:39:51,337 - Worker-20403060 - PlaylistPlayer.2040306023081202 - DEBUG - Verificando si Spotify está en primer plano...
2025-05-19 18:39:51,338 - Worker-20403060 - PlaylistPlayer.2040306023081202 - DEBUG - Intentando con comando dumpsys (1): adb -s 2040306023081202 shell dumpsys activity top
2025-05-19 18:39:51,534 - Worker-20403060 - PlaylistPlayer.2040306023081202 - WARNING - Spotify NO parece estar en primer plano según dumpsys.
2025-05-19 18:39:51,534 - Worker-20403060 - PlaylistPlayer.2040306023081202 - DEBUG - Capturando pantalla en C:\Users\def\Documents\OTWMusicSystem_Final\OTWMusicSystem_Final\otw_project\OTW_MUSIC_SYSTEM\screenshots\2040306023081202\spotify_not_foreground_screenshot_2040306023081202_20250519_183951534191.png
2025-05-19 18:39:51,672 - Worker-20403060 - PlaylistPlayer.2040306023081202 - INFO - Captura de pantalla guardada: C:\Users\def\Documents\OTWMusicSystem_Final\OTWMusicSystem_Final\otw_project\OTW_MUSIC_SYSTEM\screenshots\2040306023081202\spotify_not_foreground_screenshot_2040306023081202_20250519_183951534191.png
2025-05-19 18:39:51,672 - Worker-20403060 - PlaylistPlayer.2040306023081202 - WARNING - Spotify no detectado en primer plano después de abrir https://open.spotify.com/track/5MOphoHNoKEoGhj1d6DhCk?si=1091a62edfb14c99.
2025-05-19 18:39:51,672 - Worker-20403060 - PlaylistPlayer.2040306023081202 - DEBUG - Capturando pantalla en C:\Users\def\Documents\OTWMusicSystem_Final\OTWMusicSystem_Final\otw_project\OTW_MUSIC_SYSTEM\screenshots\2040306023081202\spotify_not_fg_after_open_5MOphoHNoKEoGhj1d6DhCk?si=1091a62edfb14c99_screenshot_2040306023081202_20250519_183951672375.png
2025-05-19 18:39:51,822 - Worker-20403060 - PlaylistPlayer.2040306023081202 - ERROR - Error al capturar pantalla: [Errno 22] Invalid argument: 'C:\\Users\\def\\Documents\\OTWMusicSystem_Final\\OTWMusicSystem_Final\\otw_project\\OTW_MUSIC_SYSTEM\\screenshots\\2040306023081202\\spotify_not_fg_after_open_5MOphoHNoKEoGhj1d6DhCk?si=1091a62edfb14c99_screenshot_2040306023081202_20250519_183951672375.png'
2025-05-19 18:39:51,823 - Worker-20403060 - PlaylistPlayer.2040306023081202 - INFO - Pausa antes de reintentar apertura de URL debido a no foreground (6.9s).
2025-05-19 18:39:56,641 - Worker-20403060 - PlaylistPlayer.2040306023081202 - INFO - Intentando abrir URL: https://open.spotify.com/track/5MOphoHNoKEoGhj1d6DhCk?si=1091a62edfb14c99 (Intento 4/3)
2025-05-19 18:39:56,641 - Worker-20403060 - PlaylistPlayer.2040306023081202 - ERROR - Máximos reintentos (3) alcanzados para abrir URL https://open.spotify.com/track/5MOphoHNoKEoGhj1d6DhCk?si=1091a62edfb14c99
2025-05-19 18:39:56,642 - Worker-20403060 - PlaylistPlayer.2040306023081202 - DEBUG - Capturando pantalla en C:\Users\def\Documents\OTWMusicSystem_Final\OTWMusicSystem_Final\otw_project\OTW_MUSIC_SYSTEM\screenshots\2040306023081202\open_url_max_retries_fail_5MOphoHNoKEoGhj1d6DhCk?si=1091a62edfb14c99_screenshot_2040306023081202_20250519_183956641510.png
2025-05-19 18:39:56,854 - Worker-20403060 - PlaylistPlayer.2040306023081202 - ERROR - Error al capturar pantalla: [Errno 22] Invalid argument: 'C:\\Users\\def\\Documents\\OTWMusicSystem_Final\\OTWMusicSystem_Final\\otw_project\\OTW_MUSIC_SYSTEM\\screenshots\\2040306023081202\\open_url_max_retries_fail_5MOphoHNoKEoGhj1d6DhCk?si=1091a62edfb14c99_screenshot_2040306023081202_20250519_183956641510.png'
2025-05-19 18:39:56,854 - Worker-20403060 - PlaylistPlayer.2040306023081202 - ERROR - No se pudo abrir el track https://open.spotify.com/track/5MOphoHNoKEoGhj1d6DhCk?si=1091a62edfb14c99. Terminando interacción.
2025-05-19 18:39:56,854 - Worker-20403060 - PlaylistPlayer.2040306023081202 - INFO - Sesión #2 completada. Pausa de 9.0s.
2025-05-19 18:40:05,891 - Worker-20403060 - PlaylistPlayer.2040306023081202 - INFO - --- Iniciando Sesión de Interacción #3 ---
2025-05-19 18:40:05,892 - Worker-20403060 - PlaylistPlayer.2040306023081202 - INFO - Selección: Link (track) -> https://open.spotify.com/track/4qHOYIBnr7eeWrmc94Ev4w?si=b577717278df430e
2025-05-19 18:40:05,892 - Worker-20403060 - PlaylistPlayer.2040306023081202 - INFO - Iniciando interacción con TRACK: https://open.spotify.com/track/4qHOYIBnr7eeWrmc94Ev4w?si=b577717278df430e
2025-05-19 18:40:05,892 - Worker-20403060 - PlaylistPlayer.2040306023081202 - INFO - Intentando abrir URL: https://open.spotify.com/track/4qHOYIBnr7eeWrmc94Ev4w?si=b577717278df430e (Intento 1/3)
2025-05-19 18:40:05,892 - Worker-20403060 - PlaylistPlayer.2040306023081202 - DEBUG - Forzando detención de Spotify (com.spotify.music) antes de abrir URL.
2025-05-19 18:40:06,926 - Worker-20403060 - PlaylistPlayer.2040306023081202 - DEBUG - Presionando HOME.
2025-05-19 18:40:09,302 - Worker-20403060 - PlaylistPlayer.2040306023081202 - DEBUG - Ejecutando ADB intent para URL: https://open.spotify.com/track/4qHOYIBnr7eeWrmc94Ev4w?si=b577717278df430e
2025-05-19 18:40:10,441 - Worker-20403060 - PlaylistPlayer.2040306023081202 - DEBUG - Resultado ADB 'am start': stdout='Starting: Intent { act=android.intent.action.VIEW dat=https://open.spotify.com/... flg=0x10008000 }', stderr=''
2025-05-19 18:40:11,753 - Worker-20403060 - PlaylistPlayer.2040306023081202 - DEBUG - Esperando que la app se abra y estabilice (5-8s)...
2025-05-19 18:40:18,485 - Worker-20403060 - PlaylistPlayer.2040306023081202 - DEBUG - Verificando diálogo 'Abrir con'...
2025-05-19 18:40:54,895 - Worker-20403060 - PlaylistPlayer.2040306023081202 - DEBUG - No se detectó diálogo 'Abrir con' explícito.
2025-05-19 18:40:54,895 - Worker-20403060 - PlaylistPlayer.2040306023081202 - DEBUG - No se manejó el diálogo 'Abrir con' o no apareció.
2025-05-19 18:40:54,895 - Worker-20403060 - PlaylistPlayer.2040306023081202 - DEBUG - Verificando si Spotify está en primer plano...
2025-05-19 18:40:54,896 - Worker-20403060 - PlaylistPlayer.2040306023081202 - DEBUG - Intentando con comando dumpsys (1): adb -s 2040306023081202 shell dumpsys activity top
2025-05-19 18:40:55,142 - Worker-20403060 - PlaylistPlayer.2040306023081202 - WARNING - Spotify NO parece estar en primer plano según dumpsys.
2025-05-19 18:40:55,142 - Worker-20403060 - PlaylistPlayer.2040306023081202 - DEBUG - Capturando pantalla en C:\Users\def\Documents\OTWMusicSystem_Final\OTWMusicSystem_Final\otw_project\OTW_MUSIC_SYSTEM\screenshots\2040306023081202\spotify_not_foreground_screenshot_2040306023081202_20250519_184055142261.png
2025-05-19 18:40:56,307 - Worker-20403060 - PlaylistPlayer.2040306023081202 - INFO - Captura de pantalla guardada: C:\Users\def\Documents\OTWMusicSystem_Final\OTWMusicSystem_Final\otw_project\OTW_MUSIC_SYSTEM\screenshots\2040306023081202\spotify_not_foreground_screenshot_2040306023081202_20250519_184055142261.png
2025-05-19 18:40:56,307 - Worker-20403060 - PlaylistPlayer.2040306023081202 - WARNING - Spotify no detectado en primer plano después de abrir https://open.spotify.com/track/4qHOYIBnr7eeWrmc94Ev4w?si=b577717278df430e.
2025-05-19 18:40:56,308 - Worker-20403060 - PlaylistPlayer.2040306023081202 - DEBUG - Capturando pantalla en C:\Users\def\Documents\OTWMusicSystem_Final\OTWMusicSystem_Final\otw_project\OTW_MUSIC_SYSTEM\screenshots\2040306023081202\spotify_not_fg_after_open_4qHOYIBnr7eeWrmc94Ev4w?si=b577717278df430e_screenshot_2040306023081202_20250519_184056308175.png
2025-05-19 18:40:56,415 - Worker-20403060 - PlaylistPlayer.2040306023081202 - ERROR - Error al capturar pantalla: [Errno 22] Invalid argument: 'C:\\Users\\def\\Documents\\OTWMusicSystem_Final\\OTWMusicSystem_Final\\otw_project\\OTW_MUSIC_SYSTEM\\screenshots\\2040306023081202\\spotify_not_fg_after_open_4qHOYIBnr7eeWrmc94Ev4w?si=b577717278df430e_screenshot_2040306023081202_20250519_184056308175.png'
2025-05-19 18:40:56,416 - Worker-20403060 - PlaylistPlayer.2040306023081202 - INFO - Pausa antes de reintentar apertura de URL debido a no foreground (5.7s).
2025-05-19 18:41:02,993 - Worker-20403060 - PlaylistPlayer.2040306023081202 - INFO - Intentando abrir URL: https://open.spotify.com/track/4qHOYIBnr7eeWrmc94Ev4w?si=b577717278df430e (Intento 2/3)
2025-05-19 18:41:02,993 - Worker-20403060 - PlaylistPlayer.2040306023081202 - DEBUG - Forzando detención de Spotify (com.spotify.music) antes de abrir URL.
2025-05-19 18:41:03,820 - Worker-20403060 - PlaylistPlayer.2040306023081202 - DEBUG - Presionando HOME.
2025-05-19 18:41:05,916 - Worker-20403060 - PlaylistPlayer.2040306023081202 - DEBUG - Ejecutando ADB intent para URL: https://open.spotify.com/track/4qHOYIBnr7eeWrmc94Ev4w?si=b577717278df430e
2025-05-19 18:41:07,795 - Worker-20403060 - PlaylistPlayer.2040306023081202 - DEBUG - Resultado ADB 'am start': stdout='Starting: Intent { act=android.intent.action.VIEW dat=https://open.spotify.com/... flg=0x10008000 }', stderr=''
2025-05-19 18:41:09,191 - Worker-20403060 - PlaylistPlayer.2040306023081202 - DEBUG - Esperando que la app se abra y estabilice (5-8s)...
2025-05-19 18:41:16,020 - Worker-20403060 - PlaylistPlayer.2040306023081202 - DEBUG - Verificando diálogo 'Abrir con'...
2025-05-19 18:41:35,219 - Worker-20403060 - PlaylistPlayer.2040306023081202 - DEBUG - No se detectó diálogo 'Abrir con' explícito.
2025-05-19 18:41:35,219 - Worker-20403060 - PlaylistPlayer.2040306023081202 - DEBUG - No se manejó el diálogo 'Abrir con' o no apareció.
2025-05-19 18:41:35,219 - Worker-20403060 - PlaylistPlayer.2040306023081202 - DEBUG - Verificando si Spotify está en primer plano...
2025-05-19 18:41:35,220 - Worker-20403060 - PlaylistPlayer.2040306023081202 - DEBUG - Intentando con comando dumpsys (1): adb -s 2040306023081202 shell dumpsys activity top
2025-05-19 18:41:35,405 - Worker-20403060 - PlaylistPlayer.2040306023081202 - WARNING - Spotify NO parece estar en primer plano según dumpsys.
2025-05-19 18:41:35,405 - Worker-20403060 - PlaylistPlayer.2040306023081202 - DEBUG - Capturando pantalla en C:\Users\def\Documents\OTWMusicSystem_Final\OTWMusicSystem_Final\otw_project\OTW_MUSIC_SYSTEM\screenshots\2040306023081202\spotify_not_foreground_screenshot_2040306023081202_20250519_184135405253.png
2025-05-19 18:41:35,539 - Worker-20403060 - PlaylistPlayer.2040306023081202 - INFO - Captura de pantalla guardada: C:\Users\def\Documents\OTWMusicSystem_Final\OTWMusicSystem_Final\otw_project\OTW_MUSIC_SYSTEM\screenshots\2040306023081202\spotify_not_foreground_screenshot_2040306023081202_20250519_184135405253.png
2025-05-19 18:41:35,540 - Worker-20403060 - PlaylistPlayer.2040306023081202 - WARNING - Spotify no detectado en primer plano después de abrir https://open.spotify.com/track/4qHOYIBnr7eeWrmc94Ev4w?si=b577717278df430e.
2025-05-19 18:41:35,541 - Worker-20403060 - PlaylistPlayer.2040306023081202 - DEBUG - Capturando pantalla en C:\Users\def\Documents\OTWMusicSystem_Final\OTWMusicSystem_Final\otw_project\OTW_MUSIC_SYSTEM\screenshots\2040306023081202\spotify_not_fg_after_open_4qHOYIBnr7eeWrmc94Ev4w?si=b577717278df430e_screenshot_2040306023081202_20250519_184135540841.png
2025-05-19 18:41:35,644 - Worker-20403060 - PlaylistPlayer.2040306023081202 - ERROR - Error al capturar pantalla: [Errno 22] Invalid argument: 'C:\\Users\\def\\Documents\\OTWMusicSystem_Final\\OTWMusicSystem_Final\\otw_project\\OTW_MUSIC_SYSTEM\\screenshots\\2040306023081202\\spotify_not_fg_after_open_4qHOYIBnr7eeWrmc94Ev4w?si=b577717278df430e_screenshot_2040306023081202_20250519_184135540841.png'
2025-05-19 18:41:35,645 - Worker-20403060 - PlaylistPlayer.2040306023081202 - INFO - Pausa antes de reintentar apertura de URL debido a no foreground (4.4s).
2025-05-19 18:41:41,190 - Worker-20403060 - PlaylistPlayer.2040306023081202 - INFO - Intentando abrir URL: https://open.spotify.com/track/4qHOYIBnr7eeWrmc94Ev4w?si=b577717278df430e (Intento 3/3)
2025-05-19 18:41:41,190 - Worker-20403060 - PlaylistPlayer.2040306023081202 - DEBUG - Forzando detención de Spotify (com.spotify.music) antes de abrir URL.
2025-05-19 18:41:42,025 - Worker-20403060 - PlaylistPlayer.2040306023081202 - DEBUG - Presionando HOME.
2025-05-19 18:41:44,339 - Worker-20403060 - PlaylistPlayer.2040306023081202 - DEBUG - Ejecutando ADB intent para URL: https://open.spotify.com/track/4qHOYIBnr7eeWrmc94Ev4w?si=b577717278df430e
2025-05-19 18:41:46,044 - Worker-20403060 - PlaylistPlayer.2040306023081202 - DEBUG - Resultado ADB 'am start': stdout='Starting: Intent { act=android.intent.action.VIEW dat=https://open.spotify.com/... flg=0x10008000 }', stderr=''
2025-05-19 18:41:48,193 - Worker-20403060 - PlaylistPlayer.2040306023081202 - DEBUG - Esperando que la app se abra y estabilice (5-8s)...
2025-05-19 18:41:54,934 - Worker-20403060 - PlaylistPlayer.2040306023081202 - DEBUG - Verificando diálogo 'Abrir con'...
2025-05-19 18:42:31,141 - Worker-20403060 - PlaylistPlayer.2040306023081202 - DEBUG - No se detectó diálogo 'Abrir con' explícito.
2025-05-19 18:42:31,141 - Worker-20403060 - PlaylistPlayer.2040306023081202 - DEBUG - No se manejó el diálogo 'Abrir con' o no apareció.
2025-05-19 18:42:31,141 - Worker-20403060 - PlaylistPlayer.2040306023081202 - DEBUG - Verificando si Spotify está en primer plano...
2025-05-19 18:42:31,141 - Worker-20403060 - PlaylistPlayer.2040306023081202 - DEBUG - Intentando con comando dumpsys (1): adb -s 2040306023081202 shell dumpsys activity top
2025-05-19 18:42:31,387 - Worker-20403060 - PlaylistPlayer.2040306023081202 - WARNING - Spotify NO parece estar en primer plano según dumpsys.
2025-05-19 18:42:31,388 - Worker-20403060 - PlaylistPlayer.2040306023081202 - DEBUG - Capturando pantalla en C:\Users\def\Documents\OTWMusicSystem_Final\OTWMusicSystem_Final\otw_project\OTW_MUSIC_SYSTEM\screenshots\2040306023081202\spotify_not_foreground_screenshot_2040306023081202_20250519_184231387546.png
2025-05-19 18:42:32,179 - Worker-20403060 - PlaylistPlayer.2040306023081202 - INFO - Captura de pantalla guardada: C:\Users\def\Documents\OTWMusicSystem_Final\OTWMusicSystem_Final\otw_project\OTW_MUSIC_SYSTEM\screenshots\2040306023081202\spotify_not_foreground_screenshot_2040306023081202_20250519_184231387546.png
2025-05-19 18:42:32,179 - Worker-20403060 - PlaylistPlayer.2040306023081202 - WARNING - Spotify no detectado en primer plano después de abrir https://open.spotify.com/track/4qHOYIBnr7eeWrmc94Ev4w?si=b577717278df430e.
2025-05-19 18:42:32,179 - Worker-20403060 - PlaylistPlayer.2040306023081202 - DEBUG - Capturando pantalla en C:\Users\def\Documents\OTWMusicSystem_Final\OTWMusicSystem_Final\otw_project\OTW_MUSIC_SYSTEM\screenshots\2040306023081202\spotify_not_fg_after_open_4qHOYIBnr7eeWrmc94Ev4w?si=b577717278df430e_screenshot_2040306023081202_20250519_184232179185.png
2025-05-19 18:42:32,269 - Worker-20403060 - PlaylistPlayer.2040306023081202 - ERROR - Error al capturar pantalla: [Errno 22] Invalid argument: 'C:\\Users\\def\\Documents\\OTWMusicSystem_Final\\OTWMusicSystem_Final\\otw_project\\OTW_MUSIC_SYSTEM\\screenshots\\2040306023081202\\spotify_not_fg_after_open_4qHOYIBnr7eeWrmc94Ev4w?si=b577717278df430e_screenshot_2040306023081202_20250519_184232179185.png'
2025-05-19 18:42:32,269 - Worker-20403060 - PlaylistPlayer.2040306023081202 - INFO - Pausa antes de reintentar apertura de URL debido a no foreground (6.5s).
2025-05-19 18:42:39,190 - Worker-20403060 - PlaylistPlayer.2040306023081202 - INFO - Intentando abrir URL: https://open.spotify.com/track/4qHOYIBnr7eeWrmc94Ev4w?si=b577717278df430e (Intento 4/3)
2025-05-19 18:42:39,190 - Worker-20403060 - PlaylistPlayer.2040306023081202 - ERROR - Máximos reintentos (3) alcanzados para abrir URL https://open.spotify.com/track/4qHOYIBnr7eeWrmc94Ev4w?si=b577717278df430e
2025-05-19 18:42:39,191 - Worker-20403060 - PlaylistPlayer.2040306023081202 - DEBUG - Capturando pantalla en C:\Users\def\Documents\OTWMusicSystem_Final\OTWMusicSystem_Final\otw_project\OTW_MUSIC_SYSTEM\screenshots\2040306023081202\open_url_max_retries_fail_4qHOYIBnr7eeWrmc94Ev4w?si=b577717278df430e_screenshot_2040306023081202_20250519_184239190680.png
2025-05-19 18:42:39,379 - Worker-20403060 - PlaylistPlayer.2040306023081202 - ERROR - Error al capturar pantalla: [Errno 22] Invalid argument: 'C:\\Users\\def\\Documents\\OTWMusicSystem_Final\\OTWMusicSystem_Final\\otw_project\\OTW_MUSIC_SYSTEM\\screenshots\\2040306023081202\\open_url_max_retries_fail_4qHOYIBnr7eeWrmc94Ev4w?si=b577717278df430e_screenshot_2040306023081202_20250519_184239190680.png'
2025-05-19 18:42:39,379 - Worker-20403060 - PlaylistPlayer.2040306023081202 - ERROR - No se pudo abrir el track https://open.spotify.com/track/4qHOYIBnr7eeWrmc94Ev4w?si=b577717278df430e. Terminando interacción.
2025-05-19 18:42:39,380 - Worker-20403060 - PlaylistPlayer.2040306023081202 - INFO - Sesión #3 completada. Pausa de 7.7s.
2025-05-19 18:42:47,112 - Worker-20403060 - PlaylistPlayer.2040306023081202 - INFO - --- Iniciando Sesión de Interacción #4 ---
2025-05-19 18:42:47,112 - Worker-20403060 - PlaylistPlayer.2040306023081202 - INFO - Selección: Link (track) -> https://open.spotify.com/track/1VRzG9fgK6kPljy3faYJ21?si=020dd609011448f3
2025-05-19 18:42:47,112 - Worker-20403060 - PlaylistPlayer.2040306023081202 - INFO - Iniciando interacción con TRACK: https://open.spotify.com/track/1VRzG9fgK6kPljy3faYJ21?si=020dd609011448f3
2025-05-19 18:42:47,112 - Worker-20403060 - PlaylistPlayer.2040306023081202 - INFO - Intentando abrir URL: https://open.spotify.com/track/1VRzG9fgK6kPljy3faYJ21?si=020dd609011448f3 (Intento 1/3)
2025-05-19 18:42:47,112 - Worker-20403060 - PlaylistPlayer.2040306023081202 - DEBUG - Forzando detención de Spotify (com.spotify.music) antes de abrir URL.
2025-05-19 18:42:48,028 - Worker-20403060 - PlaylistPlayer.2040306023081202 - DEBUG - Presionando HOME.
2025-05-19 18:42:50,334 - Worker-20403060 - PlaylistPlayer.2040306023081202 - DEBUG - Ejecutando ADB intent para URL: https://open.spotify.com/track/1VRzG9fgK6kPljy3faYJ21?si=020dd609011448f3
2025-05-19 18:42:51,922 - Worker-20403060 - PlaylistPlayer.2040306023081202 - DEBUG - Resultado ADB 'am start': stdout='Starting: Intent { act=android.intent.action.VIEW dat=https://open.spotify.com/... flg=0x10008000 }', stderr=''
2025-05-19 18:42:54,356 - Worker-20403060 - PlaylistPlayer.2040306023081202 - DEBUG - Esperando que la app se abra y estabilice (5-8s)...
2025-05-19 18:43:02,302 - Worker-20403060 - PlaylistPlayer.2040306023081202 - DEBUG - Verificando diálogo 'Abrir con'...
2025-05-19 18:43:47,435 - Worker-20403060 - PlaylistPlayer.2040306023081202 - DEBUG - No se detectó diálogo 'Abrir con' explícito.
2025-05-19 18:43:47,435 - Worker-20403060 - PlaylistPlayer.2040306023081202 - DEBUG - No se manejó el diálogo 'Abrir con' o no apareció.
2025-05-19 18:43:47,435 - Worker-20403060 - PlaylistPlayer.2040306023081202 - DEBUG - Verificando si Spotify está en primer plano...
2025-05-19 18:43:47,435 - Worker-20403060 - PlaylistPlayer.2040306023081202 - DEBUG - Intentando con comando dumpsys (1): adb -s 2040306023081202 shell dumpsys activity top
2025-05-19 18:43:47,790 - Worker-20403060 - PlaylistPlayer.2040306023081202 - WARNING - Spotify NO parece estar en primer plano según dumpsys.
2025-05-19 18:43:47,791 - Worker-20403060 - PlaylistPlayer.2040306023081202 - DEBUG - Capturando pantalla en C:\Users\def\Documents\OTWMusicSystem_Final\OTWMusicSystem_Final\otw_project\OTW_MUSIC_SYSTEM\screenshots\2040306023081202\spotify_not_foreground_screenshot_2040306023081202_20250519_184347790888.png
2025-05-19 18:43:48,976 - Worker-20403060 - PlaylistPlayer.2040306023081202 - INFO - Captura de pantalla guardada: C:\Users\def\Documents\OTWMusicSystem_Final\OTWMusicSystem_Final\otw_project\OTW_MUSIC_SYSTEM\screenshots\2040306023081202\spotify_not_foreground_screenshot_2040306023081202_20250519_184347790888.png
2025-05-19 18:43:48,977 - Worker-20403060 - PlaylistPlayer.2040306023081202 - WARNING - Spotify no detectado en primer plano después de abrir https://open.spotify.com/track/1VRzG9fgK6kPljy3faYJ21?si=020dd609011448f3.
2025-05-19 18:43:48,977 - Worker-20403060 - PlaylistPlayer.2040306023081202 - DEBUG - Capturando pantalla en C:\Users\def\Documents\OTWMusicSystem_Final\OTWMusicSystem_Final\otw_project\OTW_MUSIC_SYSTEM\screenshots\2040306023081202\spotify_not_fg_after_open_1VRzG9fgK6kPljy3faYJ21?si=020dd609011448f3_screenshot_2040306023081202_20250519_184348977313.png
2025-05-19 18:43:49,111 - Worker-20403060 - PlaylistPlayer.2040306023081202 - ERROR - Error al capturar pantalla: [Errno 22] Invalid argument: 'C:\\Users\\def\\Documents\\OTWMusicSystem_Final\\OTWMusicSystem_Final\\otw_project\\OTW_MUSIC_SYSTEM\\screenshots\\2040306023081202\\spotify_not_fg_after_open_1VRzG9fgK6kPljy3faYJ21?si=020dd609011448f3_screenshot_2040306023081202_20250519_184348977313.png'
2025-05-19 18:43:49,112 - Worker-20403060 - PlaylistPlayer.2040306023081202 - INFO - Pausa antes de reintentar apertura de URL debido a no foreground (4.6s).
2025-05-19 18:43:54,991 - Worker-20403060 - PlaylistPlayer.2040306023081202 - INFO - Intentando abrir URL: https://open.spotify.com/track/1VRzG9fgK6kPljy3faYJ21?si=020dd609011448f3 (Intento 2/3)
2025-05-19 18:43:54,991 - Worker-20403060 - PlaylistPlayer.2040306023081202 - DEBUG - Forzando detención de Spotify (com.spotify.music) antes de abrir URL.
2025-05-19 18:43:56,037 - Worker-20403060 - PlaylistPlayer.2040306023081202 - DEBUG - Presionando HOME.
2025-05-19 18:43:58,601 - Worker-20403060 - PlaylistPlayer.2040306023081202 - DEBUG - Ejecutando ADB intent para URL: https://open.spotify.com/track/1VRzG9fgK6kPljy3faYJ21?si=020dd609011448f3
2025-05-19 18:44:00,309 - Worker-20403060 - PlaylistPlayer.2040306023081202 - DEBUG - Resultado ADB 'am start': stdout='Starting: Intent { act=android.intent.action.VIEW dat=https://open.spotify.com/... flg=0x10008000 }', stderr=''
2025-05-19 18:44:02,399 - Worker-20403060 - PlaylistPlayer.2040306023081202 - DEBUG - Esperando que la app se abra y estabilice (5-8s)...
2025-05-19 18:44:09,636 - Worker-20403060 - PlaylistPlayer.2040306023081202 - DEBUG - Verificando diálogo 'Abrir con'...
2025-05-19 18:44:29,362 - Worker-20403060 - PlaylistPlayer.2040306023081202 - DEBUG - No se detectó diálogo 'Abrir con' explícito.
2025-05-19 18:44:29,362 - Worker-20403060 - PlaylistPlayer.2040306023081202 - DEBUG - No se manejó el diálogo 'Abrir con' o no apareció.
2025-05-19 18:44:29,363 - Worker-20403060 - PlaylistPlayer.2040306023081202 - DEBUG - Verificando si Spotify está en primer plano...
2025-05-19 18:44:29,363 - Worker-20403060 - PlaylistPlayer.2040306023081202 - DEBUG - Intentando con comando dumpsys (1): adb -s 2040306023081202 shell dumpsys activity top
2025-05-19 18:44:29,566 - Worker-20403060 - PlaylistPlayer.2040306023081202 - WARNING - Spotify NO parece estar en primer plano según dumpsys.
2025-05-19 18:44:29,567 - Worker-20403060 - PlaylistPlayer.2040306023081202 - DEBUG - Capturando pantalla en C:\Users\def\Documents\OTWMusicSystem_Final\OTWMusicSystem_Final\otw_project\OTW_MUSIC_SYSTEM\screenshots\2040306023081202\spotify_not_foreground_screenshot_2040306023081202_20250519_184429566518.png
2025-05-19 18:44:29,787 - Worker-20403060 - PlaylistPlayer.2040306023081202 - INFO - Captura de pantalla guardada: C:\Users\def\Documents\OTWMusicSystem_Final\OTWMusicSystem_Final\otw_project\OTW_MUSIC_SYSTEM\screenshots\2040306023081202\spotify_not_foreground_screenshot_2040306023081202_20250519_184429566518.png
2025-05-19 18:44:29,787 - Worker-20403060 - PlaylistPlayer.2040306023081202 - WARNING - Spotify no detectado en primer plano después de abrir https://open.spotify.com/track/1VRzG9fgK6kPljy3faYJ21?si=020dd609011448f3.
2025-05-19 18:44:29,788 - Worker-20403060 - PlaylistPlayer.2040306023081202 - DEBUG - Capturando pantalla en C:\Users\def\Documents\OTWMusicSystem_Final\OTWMusicSystem_Final\otw_project\OTW_MUSIC_SYSTEM\screenshots\2040306023081202\spotify_not_fg_after_open_1VRzG9fgK6kPljy3faYJ21?si=020dd609011448f3_screenshot_2040306023081202_20250519_184429787754.png
2025-05-19 18:44:30,018 - Worker-20403060 - PlaylistPlayer.2040306023081202 - ERROR - Error al capturar pantalla: [Errno 22] Invalid argument: 'C:\\Users\\def\\Documents\\OTWMusicSystem_Final\\OTWMusicSystem_Final\\otw_project\\OTW_MUSIC_SYSTEM\\screenshots\\2040306023081202\\spotify_not_fg_after_open_1VRzG9fgK6kPljy3faYJ21?si=020dd609011448f3_screenshot_2040306023081202_20250519_184429787754.png'
2025-05-19 18:44:30,025 - Worker-20403060 - PlaylistPlayer.2040306023081202 - INFO - Pausa antes de reintentar apertura de URL debido a no foreground (6.6s).
2025-05-19 18:44:34,678 - Worker-20403060 - PlaylistPlayer.2040306023081202 - INFO - Intentando abrir URL: https://open.spotify.com/track/1VRzG9fgK6kPljy3faYJ21?si=020dd609011448f3 (Intento 3/3)
2025-05-19 18:44:34,678 - Worker-20403060 - PlaylistPlayer.2040306023081202 - DEBUG - Forzando detención de Spotify (com.spotify.music) antes de abrir URL.
2025-05-19 18:44:35,553 - Worker-20403060 - PlaylistPlayer.2040306023081202 - DEBUG - Presionando HOME.
2025-05-19 18:44:37,993 - Worker-20403060 - PlaylistPlayer.2040306023081202 - DEBUG - Ejecutando ADB intent para URL: https://open.spotify.com/track/1VRzG9fgK6kPljy3faYJ21?si=020dd609011448f3
2025-05-19 18:44:39,317 - Worker-20403060 - PlaylistPlayer.2040306023081202 - DEBUG - Resultado ADB 'am start': stdout='Starting: Intent { act=android.intent.action.VIEW dat=https://open.spotify.com/... flg=0x10008000 }', stderr=''
2025-05-19 18:44:41,612 - Worker-20403060 - PlaylistPlayer.2040306023081202 - DEBUG - Esperando que la app se abra y estabilice (5-8s)...
2025-05-19 18:44:46,976 - Worker-20403060 - PlaylistPlayer.2040306023081202 - DEBUG - Verificando diálogo 'Abrir con'...
