2025-05-19 18:47:30,282 - Worker-20403060 - PlaylistPlayer.2040306023081202 - INFO - Worker thread INICIADO. Logs en: C:\Users\def\Documents\OTWMusicSystem_Final\OTWMusicSystem_Final\otw_project\OTW_MUSIC_SYSTEM\logs\2040306023081202\playlist_player_20250519_184730.log
2025-05-19 18:47:30,282 - Worker-20403060 - PlaylistPlayer.2040306023081202 - INFO - Personalidad Creada (SLOW_MODE_FACTOR=1.75): ShortTimeout=12.3s, ActionDelay=[8.4-15.3]s, ShortPause=[27.2-78.5]s, MinTrackT=65s, MaxTrackT=179s, MinContentT=4m, MaxContentT=8m
2025-05-19 18:47:30,282 - Worker-20403060 - PlaylistPlayer.2040306023081202 - INFO - Intentando conectar a uiautomator2 (intento 1/3)...
2025-05-19 18:47:32,908 - Worker-20403060 - PlaylistPlayer.2040306023081202 - INFO - Conectado (Device: Studio_X5_Max, Android: N/A).
2025-05-19 18:47:33,136 - Worker-20403060 - PlaylistPlayer.2040306023081202 - INFO - Spotify (com.spotify.music v9.0.36.484) está instalado.
2025-05-19 18:47:33,136 - Worker-20403060 - PlaylistPlayer.2040306023081202 - INFO - Configuración inicial (kill Spotify y volver a Home).
2025-05-19 18:47:33,136 - Worker-20403060 - PlaylistPlayer.2040306023081202 - WARNING - Advertencia durante configuración inicial: 'Device' object has no attribute 'app_kill'
2025-05-19 18:47:33,137 - Worker-20403060 - PlaylistPlayer.2040306023081202 - DEBUG - Capturando pantalla en C:\Users\def\Documents\OTWMusicSystem_Final\OTWMusicSystem_Final\otw_project\OTW_MUSIC_SYSTEM\screenshots\2040306023081202\initial_setup_warn_screenshot_2040306023081202_20250519_184733136732.png
2025-05-19 18:47:33,916 - Worker-20403060 - PlaylistPlayer.2040306023081202 - INFO - Captura de pantalla guardada: C:\Users\def\Documents\OTWMusicSystem_Final\OTWMusicSystem_Final\otw_project\OTW_MUSIC_SYSTEM\screenshots\2040306023081202\initial_setup_warn_screenshot_2040306023081202_20250519_184733136732.png
2025-05-19 18:47:33,916 - Worker-20403060 - PlaylistPlayer.2040306023081202 - INFO - --- Iniciando Sesión de Interacción #1 ---
2025-05-19 18:47:33,916 - Worker-20403060 - PlaylistPlayer.2040306023081202 - INFO - Selección: Artista Clave -> https://open.spotify.com/artist/4iYKhDCuNXSSrli6AOH6cw
2025-05-19 18:47:33,917 - Worker-20403060 - PlaylistPlayer.2040306023081202 - INFO - Iniciando interacción con ARTISTA: https://open.spotify.com/artist/4iYKhDCuNXSSrli6AOH6cw (KEY ARTIST)
2025-05-19 18:47:33,917 - Worker-20403060 - PlaylistPlayer.2040306023081202 - INFO - Intentando abrir URL: https://open.spotify.com/artist/4iYKhDCuNXSSrli6AOH6cw (Intento 1/3)
2025-05-19 18:47:33,917 - Worker-20403060 - PlaylistPlayer.2040306023081202 - DEBUG - Forzando detención de Spotify (com.spotify.music) antes de abrir URL.
2025-05-19 18:47:35,869 - Worker-20403060 - PlaylistPlayer.2040306023081202 - DEBUG - Presionando HOME.
2025-05-19 18:47:38,425 - Worker-20403060 - PlaylistPlayer.2040306023081202 - DEBUG - Ejecutando ADB intent para URL: https://open.spotify.com/artist/4iYKhDCuNXSSrli6AOH6cw
2025-05-19 18:47:40,348 - Worker-20403060 - PlaylistPlayer.2040306023081202 - DEBUG - Resultado ADB 'am start': stdout='Starting: Intent { act=android.intent.action.VIEW dat=https://open.spotify.com/... flg=0x10008000 }', stderr=''
2025-05-19 18:47:43,360 - Worker-20403060 - PlaylistPlayer.2040306023081202 - DEBUG - Esperando que la app se abra y estabilice...
2025-05-19 18:47:56,259 - Worker-20403060 - PlaylistPlayer.2040306023081202 - DEBUG - Verificando diálogo 'Abrir con'...
2025-05-19 18:48:02,367 - Worker-20403060 - PlaylistPlayer.2040306023081202 - DEBUG - No se detectó diálogo 'Abrir con' explícito.
2025-05-19 18:48:02,367 - Worker-20403060 - PlaylistPlayer.2040306023081202 - DEBUG - No se manejó el diálogo 'Abrir con' o no apareció.
2025-05-19 18:48:02,368 - Worker-20403060 - PlaylistPlayer.2040306023081202 - DEBUG - Verificando si Spotify está en primer plano...
2025-05-19 18:48:02,368 - Worker-20403060 - PlaylistPlayer.2040306023081202 - DEBUG - Intentando con comando dumpsys (1): adb -s 2040306023081202 shell dumpsys activity top
2025-05-19 18:48:02,671 - Worker-20403060 - PlaylistPlayer.2040306023081202 - WARNING - Spotify NO parece estar en primer plano según dumpsys.
2025-05-19 18:48:02,671 - Worker-20403060 - PlaylistPlayer.2040306023081202 - DEBUG - Capturando pantalla en C:\Users\def\Documents\OTWMusicSystem_Final\OTWMusicSystem_Final\otw_project\OTW_MUSIC_SYSTEM\screenshots\2040306023081202\spotify_not_foreground_screenshot_2040306023081202_20250519_184802671231.png
2025-05-19 18:48:02,947 - Worker-20403060 - PlaylistPlayer.2040306023081202 - INFO - Captura de pantalla guardada: C:\Users\def\Documents\OTWMusicSystem_Final\OTWMusicSystem_Final\otw_project\OTW_MUSIC_SYSTEM\screenshots\2040306023081202\spotify_not_foreground_screenshot_2040306023081202_20250519_184802671231.png
2025-05-19 18:48:02,947 - Worker-20403060 - PlaylistPlayer.2040306023081202 - WARNING - Spotify no detectado en primer plano después de abrir https://open.spotify.com/artist/4iYKhDCuNXSSrli6AOH6cw.
2025-05-19 18:48:02,948 - Worker-20403060 - PlaylistPlayer.2040306023081202 - DEBUG - Capturando pantalla en C:\Users\def\Documents\OTWMusicSystem_Final\OTWMusicSystem_Final\otw_project\OTW_MUSIC_SYSTEM\screenshots\2040306023081202\spotify_not_fg_after_open_4iYKhDCuNXSSrli6AOH6cw_screenshot_2040306023081202_20250519_184802948280.png
2025-05-19 18:48:03,303 - Worker-20403060 - PlaylistPlayer.2040306023081202 - INFO - Captura de pantalla guardada: C:\Users\def\Documents\OTWMusicSystem_Final\OTWMusicSystem_Final\otw_project\OTW_MUSIC_SYSTEM\screenshots\2040306023081202\spotify_not_fg_after_open_4iYKhDCuNXSSrli6AOH6cw_screenshot_2040306023081202_20250519_184802948280.png
2025-05-19 18:48:03,303 - Worker-20403060 - PlaylistPlayer.2040306023081202 - INFO - Pausa antes de reintentar apertura de URL debido a no foreground.
2025-05-19 18:48:11,667 - Worker-20403060 - PlaylistPlayer.2040306023081202 - INFO - Intentando abrir URL: https://open.spotify.com/artist/4iYKhDCuNXSSrli6AOH6cw (Intento 2/3)
2025-05-19 18:48:11,667 - Worker-20403060 - PlaylistPlayer.2040306023081202 - DEBUG - Forzando detención de Spotify (com.spotify.music) antes de abrir URL.
2025-05-19 18:48:12,808 - Worker-20403060 - PlaylistPlayer.2040306023081202 - DEBUG - Presionando HOME.
2025-05-19 18:48:15,555 - Worker-20403060 - PlaylistPlayer.2040306023081202 - DEBUG - Ejecutando ADB intent para URL: https://open.spotify.com/artist/4iYKhDCuNXSSrli6AOH6cw
2025-05-19 18:48:17,897 - Worker-20403060 - PlaylistPlayer.2040306023081202 - DEBUG - Resultado ADB 'am start': stdout='Starting: Intent { act=android.intent.action.VIEW dat=https://open.spotify.com/... flg=0x10008000 }', stderr=''
2025-05-19 18:48:20,598 - Worker-20403060 - PlaylistPlayer.2040306023081202 - DEBUG - Esperando que la app se abra y estabilice...
2025-05-19 18:48:29,912 - Worker-20403060 - PlaylistPlayer.2040306023081202 - DEBUG - Verificando diálogo 'Abrir con'...
2025-05-19 18:48:38,041 - Worker-20403060 - PlaylistPlayer.2040306023081202 - DEBUG - No se detectó diálogo 'Abrir con' explícito.
2025-05-19 18:48:38,042 - Worker-20403060 - PlaylistPlayer.2040306023081202 - DEBUG - No se manejó el diálogo 'Abrir con' o no apareció.
2025-05-19 18:48:38,042 - Worker-20403060 - PlaylistPlayer.2040306023081202 - DEBUG - Verificando si Spotify está en primer plano...
2025-05-19 18:48:38,043 - Worker-20403060 - PlaylistPlayer.2040306023081202 - DEBUG - Intentando con comando dumpsys (1): adb -s 2040306023081202 shell dumpsys activity top
2025-05-19 18:48:38,279 - Worker-20403060 - PlaylistPlayer.2040306023081202 - WARNING - Spotify NO parece estar en primer plano según dumpsys.
2025-05-19 18:48:38,280 - Worker-20403060 - PlaylistPlayer.2040306023081202 - DEBUG - Capturando pantalla en C:\Users\def\Documents\OTWMusicSystem_Final\OTWMusicSystem_Final\otw_project\OTW_MUSIC_SYSTEM\screenshots\2040306023081202\spotify_not_foreground_screenshot_2040306023081202_20250519_184838280244.png
2025-05-19 18:48:38,501 - Worker-20403060 - PlaylistPlayer.2040306023081202 - INFO - Captura de pantalla guardada: C:\Users\def\Documents\OTWMusicSystem_Final\OTWMusicSystem_Final\otw_project\OTW_MUSIC_SYSTEM\screenshots\2040306023081202\spotify_not_foreground_screenshot_2040306023081202_20250519_184838280244.png
2025-05-19 18:48:38,502 - Worker-20403060 - PlaylistPlayer.2040306023081202 - WARNING - Spotify no detectado en primer plano después de abrir https://open.spotify.com/artist/4iYKhDCuNXSSrli6AOH6cw.
2025-05-19 18:48:38,502 - Worker-20403060 - PlaylistPlayer.2040306023081202 - DEBUG - Capturando pantalla en C:\Users\def\Documents\OTWMusicSystem_Final\OTWMusicSystem_Final\otw_project\OTW_MUSIC_SYSTEM\screenshots\2040306023081202\spotify_not_fg_after_open_4iYKhDCuNXSSrli6AOH6cw_screenshot_2040306023081202_20250519_184838502269.png
2025-05-19 18:48:38,719 - Worker-20403060 - PlaylistPlayer.2040306023081202 - INFO - Captura de pantalla guardada: C:\Users\def\Documents\OTWMusicSystem_Final\OTWMusicSystem_Final\otw_project\OTW_MUSIC_SYSTEM\screenshots\2040306023081202\spotify_not_fg_after_open_4iYKhDCuNXSSrli6AOH6cw_screenshot_2040306023081202_20250519_184838502269.png
2025-05-19 18:48:38,719 - Worker-20403060 - PlaylistPlayer.2040306023081202 - INFO - Pausa antes de reintentar apertura de URL debido a no foreground.
2025-05-19 18:48:46,091 - Worker-20403060 - PlaylistPlayer.2040306023081202 - INFO - Intentando abrir URL: https://open.spotify.com/artist/4iYKhDCuNXSSrli6AOH6cw (Intento 3/3)
2025-05-19 18:48:46,091 - Worker-20403060 - PlaylistPlayer.2040306023081202 - DEBUG - Forzando detención de Spotify (com.spotify.music) antes de abrir URL.
2025-05-19 18:48:47,896 - Worker-20403060 - PlaylistPlayer.2040306023081202 - DEBUG - Presionando HOME.
2025-05-19 18:48:51,661 - Worker-20403060 - PlaylistPlayer.2040306023081202 - DEBUG - Ejecutando ADB intent para URL: https://open.spotify.com/artist/4iYKhDCuNXSSrli6AOH6cw
2025-05-19 18:48:53,815 - Worker-20403060 - PlaylistPlayer.2040306023081202 - DEBUG - Resultado ADB 'am start': stdout='Starting: Intent { act=android.intent.action.VIEW dat=https://open.spotify.com/... flg=0x10008000 }', stderr=''
2025-05-19 18:48:57,547 - Worker-20403060 - PlaylistPlayer.2040306023081202 - DEBUG - Esperando que la app se abra y estabilice...
2025-05-19 18:49:09,122 - Worker-20403060 - PlaylistPlayer.2040306023081202 - DEBUG - Verificando diálogo 'Abrir con'...
2025-05-19 18:49:14,730 - Worker-20403060 - PlaylistPlayer.2040306023081202 - DEBUG - No se detectó diálogo 'Abrir con' explícito.
2025-05-19 18:49:14,730 - Worker-20403060 - PlaylistPlayer.2040306023081202 - DEBUG - No se manejó el diálogo 'Abrir con' o no apareció.
2025-05-19 18:49:14,730 - Worker-20403060 - PlaylistPlayer.2040306023081202 - DEBUG - Verificando si Spotify está en primer plano...
2025-05-19 18:49:14,730 - Worker-20403060 - PlaylistPlayer.2040306023081202 - DEBUG - Intentando con comando dumpsys (1): adb -s 2040306023081202 shell dumpsys activity top
2025-05-19 18:49:14,937 - Worker-20403060 - PlaylistPlayer.2040306023081202 - WARNING - Spotify NO parece estar en primer plano según dumpsys.
2025-05-19 18:49:14,938 - Worker-20403060 - PlaylistPlayer.2040306023081202 - DEBUG - Capturando pantalla en C:\Users\def\Documents\OTWMusicSystem_Final\OTWMusicSystem_Final\otw_project\OTW_MUSIC_SYSTEM\screenshots\2040306023081202\spotify_not_foreground_screenshot_2040306023081202_20250519_184914937573.png
2025-05-19 18:49:15,119 - Worker-20403060 - PlaylistPlayer.2040306023081202 - INFO - Captura de pantalla guardada: C:\Users\def\Documents\OTWMusicSystem_Final\OTWMusicSystem_Final\otw_project\OTW_MUSIC_SYSTEM\screenshots\2040306023081202\spotify_not_foreground_screenshot_2040306023081202_20250519_184914937573.png
2025-05-19 18:49:15,119 - Worker-20403060 - PlaylistPlayer.2040306023081202 - WARNING - Spotify no detectado en primer plano después de abrir https://open.spotify.com/artist/4iYKhDCuNXSSrli6AOH6cw.
2025-05-19 18:49:15,120 - Worker-20403060 - PlaylistPlayer.2040306023081202 - DEBUG - Capturando pantalla en C:\Users\def\Documents\OTWMusicSystem_Final\OTWMusicSystem_Final\otw_project\OTW_MUSIC_SYSTEM\screenshots\2040306023081202\spotify_not_fg_after_open_4iYKhDCuNXSSrli6AOH6cw_screenshot_2040306023081202_20250519_184915119541.png
2025-05-19 18:49:15,337 - Worker-20403060 - PlaylistPlayer.2040306023081202 - INFO - Captura de pantalla guardada: C:\Users\def\Documents\OTWMusicSystem_Final\OTWMusicSystem_Final\otw_project\OTW_MUSIC_SYSTEM\screenshots\2040306023081202\spotify_not_fg_after_open_4iYKhDCuNXSSrli6AOH6cw_screenshot_2040306023081202_20250519_184915119541.png
2025-05-19 18:49:15,337 - Worker-20403060 - PlaylistPlayer.2040306023081202 - INFO - Pausa antes de reintentar apertura de URL debido a no foreground.
2025-05-19 18:49:24,902 - Worker-20403060 - PlaylistPlayer.2040306023081202 - INFO - Intentando abrir URL: https://open.spotify.com/artist/4iYKhDCuNXSSrli6AOH6cw (Intento 4/3)
2025-05-19 18:49:24,902 - Worker-20403060 - PlaylistPlayer.2040306023081202 - ERROR - Máximos reintentos (3) alcanzados para abrir URL https://open.spotify.com/artist/4iYKhDCuNXSSrli6AOH6cw
2025-05-19 18:49:24,902 - Worker-20403060 - PlaylistPlayer.2040306023081202 - DEBUG - Capturando pantalla en C:\Users\def\Documents\OTWMusicSystem_Final\OTWMusicSystem_Final\otw_project\OTW_MUSIC_SYSTEM\screenshots\2040306023081202\open_url_max_retries_fail_4iYKhDCuNXSSrli6AOH6cw_screenshot_2040306023081202_20250519_184924902431.png
2025-05-19 18:49:25,172 - Worker-20403060 - PlaylistPlayer.2040306023081202 - INFO - Captura de pantalla guardada: C:\Users\def\Documents\OTWMusicSystem_Final\OTWMusicSystem_Final\otw_project\OTW_MUSIC_SYSTEM\screenshots\2040306023081202\open_url_max_retries_fail_4iYKhDCuNXSSrli6AOH6cw_screenshot_2040306023081202_20250519_184924902431.png
2025-05-19 18:49:25,172 - Worker-20403060 - PlaylistPlayer.2040306023081202 - ERROR - No se pudo abrir la página del artista https://open.spotify.com/artist/4iYKhDCuNXSSrli6AOH6cw. Terminando interacción.
2025-05-19 18:49:25,173 - Worker-20403060 - PlaylistPlayer.2040306023081202 - INFO - Sesión #1 completada. Pausa de 21.8s.
2025-05-19 18:49:46,971 - Worker-20403060 - PlaylistPlayer.2040306023081202 - INFO - --- Iniciando Sesión de Interacción #2 ---
2025-05-19 18:49:46,971 - Worker-20403060 - PlaylistPlayer.2040306023081202 - INFO - Selección: Link (track) -> https://open.spotify.com/track/0f1q2Pa2zZzyRvCU4UThzS?si=c8ffc75cde624284
2025-05-19 18:49:46,971 - Worker-20403060 - PlaylistPlayer.2040306023081202 - INFO - Iniciando interacción con TRACK: https://open.spotify.com/track/0f1q2Pa2zZzyRvCU4UThzS?si=c8ffc75cde624284
2025-05-19 18:49:46,972 - Worker-20403060 - PlaylistPlayer.2040306023081202 - INFO - Intentando abrir URL: https://open.spotify.com/track/0f1q2Pa2zZzyRvCU4UThzS?si=c8ffc75cde624284 (Intento 1/3)
2025-05-19 18:49:46,972 - Worker-20403060 - PlaylistPlayer.2040306023081202 - DEBUG - Forzando detención de Spotify (com.spotify.music) antes de abrir URL.
2025-05-19 18:49:49,215 - Worker-20403060 - PlaylistPlayer.2040306023081202 - DEBUG - Presionando HOME.
2025-05-19 18:49:52,100 - Worker-20403060 - PlaylistPlayer.2040306023081202 - DEBUG - Ejecutando ADB intent para URL: https://open.spotify.com/track/0f1q2Pa2zZzyRvCU4UThzS?si=c8ffc75cde624284
