2025-05-19 19:40:35,096 - Worker-KF9HFUCE - PlaylistPlayer.KF9HFUCE6XE6WSU8 - INFO - Worker thread INICIADO. Logs en: C:\Users\def\Documents\OTWMusicSystem_Final\OTWMusicSystem_Final\otw_project\OTW_MUSIC_SYSTEM\logs\KF9HFUCE6XE6WSU8\playlist_player_20250519_194035.log
2025-05-19 19:40:35,096 - Worker-KF9HFUCE - PlaylistPlayer.KF9HFUCE6XE6WSU8 - INFO - Personalidad Creada (SLOW_MODE_FACTOR=1.75): InitPlaylistDur=[30-35]m, ArtistDur=[30-60]m, IndivTrackSessDur=[60-90]m, SingleTrackDur=[60-120]s, VisitArtistProb=0.68, PlayIndivTracksProb=0.43
2025-05-19 19:40:35,097 - Worker-KF9HFUCE - PlaylistPlayer.KF9HFUCE6XE6WSU8 - INFO - Conectando uiautomator2 (intento 1/3)...
2025-05-19 19:40:41,138 - Worker-KF9HFUCE - PlaylistPlayer.KF9HFUCE6XE6WSU8 - INFO - Conectado (Device: U319AA, Android: N/A).
2025-05-19 19:40:41,273 - Worker-KF9HFUCE - PlaylistPlayer.KF9HFUCE6XE6WSU8 - INFO - Spotify (com.spotify.music v9.0.36.484) instalado.
2025-05-19 19:40:41,273 - Worker-KF9HFUCE - PlaylistPlayer.KF9HFUCE6XE6WSU8 - INFO - Setup inicial (kill Spotify, home).
2025-05-19 19:40:41,273 - Worker-KF9HFUCE - PlaylistPlayer.KF9HFUCE6XE6WSU8 - WARNING - Advertencia setup inicial: 'Device' object has no attribute 'app_kill'
2025-05-19 19:40:41,274 - Worker-KF9HFUCE - PlaylistPlayer.KF9HFUCE6XE6WSU8 - DEBUG - Capturando pantalla en C:\Users\def\Documents\OTWMusicSystem_Final\OTWMusicSystem_Final\otw_project\OTW_MUSIC_SYSTEM\screenshots\KF9HFUCE6XE6WSU8\init_setup_warn_screenshot_KF9HFUCE6XE6WSU8_20250519_194041274256.png
2025-05-19 19:40:42,154 - Worker-KF9HFUCE - PlaylistPlayer.KF9HFUCE6XE6WSU8 - INFO - Captura de pantalla guardada: C:\Users\def\Documents\OTWMusicSystem_Final\OTWMusicSystem_Final\otw_project\OTW_MUSIC_SYSTEM\screenshots\KF9HFUCE6XE6WSU8\init_setup_warn_screenshot_KF9HFUCE6XE6WSU8_20250519_194041274256.png
2025-05-19 19:40:42,154 - Worker-KF9HFUCE - PlaylistPlayer.KF9HFUCE6XE6WSU8 - INFO - --- Iniciando CICLO DE VIDA DE INTERACCIÓN #1 ---
2025-05-19 19:40:42,155 - Worker-KF9HFUCE - PlaylistPlayer.KF9HFUCE6XE6WSU8 - INFO - Fase 1: Playlist Inicial.
2025-05-19 19:40:42,155 - Worker-KF9HFUCE - PlaylistPlayer.KF9HFUCE6XE6WSU8 - INFO - Iniciando PLAYLIST: https://open.spotify.com/playlist/1jNkvpdVy0DtpabdXexqLg?si=Jnx5VeI4RtSq-M6_Fy4OMg por ~34 min.
2025-05-19 19:40:42,155 - Worker-KF9HFUCE - PlaylistPlayer.KF9HFUCE6XE6WSU8 - INFO - Intentando abrir URL: https://open.spotify.com/playlist/1jNkvpdVy0DtpabdXexqLg?si=Jnx5VeI4RtSq-M6_Fy4OMg (Intento 1/3)
2025-05-19 19:40:42,155 - Worker-KF9HFUCE - PlaylistPlayer.KF9HFUCE6XE6WSU8 - DEBUG - Forzando detención de Spotify (com.spotify.music).
2025-05-19 19:40:43,445 - Worker-KF9HFUCE - PlaylistPlayer.KF9HFUCE6XE6WSU8 - DEBUG - Presionando HOME.
2025-05-19 19:40:46,864 - Worker-KF9HFUCE - PlaylistPlayer.KF9HFUCE6XE6WSU8 - DEBUG - Ejecutando ADB intent para URL: https://open.spotify.com/playlist/1jNkvpdVy0DtpabdXexqLg?si=Jnx5VeI4RtSq-M6_Fy4OMg
2025-05-19 19:40:49,828 - Worker-KF9HFUCE - PlaylistPlayer.KF9HFUCE6XE6WSU8 - DEBUG - Resultado ADB: stdout='Starting: Intent { act=android.intent.action.VIEW dat=https://open.spotify.com/... flg=0x10008000 }', stderr=''
2025-05-19 19:40:53,521 - Worker-KF9HFUCE - PlaylistPlayer.KF9HFUCE6XE6WSU8 - DEBUG - Esperando app estabilice...
2025-05-19 19:41:04,677 - Worker-KF9HFUCE - PlaylistPlayer.KF9HFUCE6XE6WSU8 - DEBUG - Verificando diálogo 'Abrir con'...
2025-05-19 19:41:07,924 - Worker-KF9HFUCE - PlaylistPlayer.KF9HFUCE6XE6WSU8 - INFO - Diálogo 'Abrir con' o similar detectado.
2025-05-19 19:41:07,925 - Worker-KF9HFUCE - PlaylistPlayer.KF9HFUCE6XE6WSU8 - DEBUG - Capturando pantalla en C:\Users\def\Documents\OTWMusicSystem_Final\OTWMusicSystem_Final\otw_project\OTW_MUSIC_SYSTEM\screenshots\KF9HFUCE6XE6WSU8\open_with_dialog_screenshot_KF9HFUCE6XE6WSU8_20250519_194107924777.png
2025-05-19 19:41:08,120 - Worker-KF9HFUCE - PlaylistPlayer.KF9HFUCE6XE6WSU8 - INFO - Captura de pantalla guardada: C:\Users\def\Documents\OTWMusicSystem_Final\OTWMusicSystem_Final\otw_project\OTW_MUSIC_SYSTEM\screenshots\KF9HFUCE6XE6WSU8\open_with_dialog_screenshot_KF9HFUCE6XE6WSU8_20250519_194107924777.png
2025-05-19 19:41:11,605 - Worker-KF9HFUCE - PlaylistPlayer.KF9HFUCE6XE6WSU8 - INFO - Clickeado 'Spotify (text1)'.
2025-05-19 19:41:15,020 - Worker-KF9HFUCE - PlaylistPlayer.KF9HFUCE6XE6WSU8 - INFO - Confirmación '(?i)Always' encontrada.
2025-05-19 19:41:18,974 - Worker-KF9HFUCE - PlaylistPlayer.KF9HFUCE6XE6WSU8 - INFO - Clickeado 'Confirmación '(?i)Always''.
2025-05-19 19:41:22,726 - Worker-KF9HFUCE - PlaylistPlayer.KF9HFUCE6XE6WSU8 - INFO - Diálogo 'Abrir con' manejado.
2025-05-19 19:41:28,331 - Worker-KF9HFUCE - PlaylistPlayer.KF9HFUCE6XE6WSU8 - DEBUG - Verificando si Spotify está en primer plano...
2025-05-19 19:41:28,333 - Worker-KF9HFUCE - PlaylistPlayer.KF9HFUCE6XE6WSU8 - DEBUG - Intentando con comando dumpsys (1): adb -s KF9HFUCE6XE6WSU8 shell dumpsys activity top
2025-05-19 19:41:29,415 - Worker-KF9HFUCE - PlaylistPlayer.KF9HFUCE6XE6WSU8 - WARNING - Spotify NO parece estar en primer plano.
2025-05-19 19:41:29,415 - Worker-KF9HFUCE - PlaylistPlayer.KF9HFUCE6XE6WSU8 - DEBUG - Capturando pantalla en C:\Users\def\Documents\OTWMusicSystem_Final\OTWMusicSystem_Final\otw_project\OTW_MUSIC_SYSTEM\screenshots\KF9HFUCE6XE6WSU8\spotify_not_foreground_screenshot_KF9HFUCE6XE6WSU8_20250519_194129415501.png
2025-05-19 19:41:29,942 - Worker-KF9HFUCE - PlaylistPlayer.KF9HFUCE6XE6WSU8 - INFO - Captura de pantalla guardada: C:\Users\def\Documents\OTWMusicSystem_Final\OTWMusicSystem_Final\otw_project\OTW_MUSIC_SYSTEM\screenshots\KF9HFUCE6XE6WSU8\spotify_not_foreground_screenshot_KF9HFUCE6XE6WSU8_20250519_194129415501.png
2025-05-19 19:41:29,942 - Worker-KF9HFUCE - PlaylistPlayer.KF9HFUCE6XE6WSU8 - WARNING - Spotify no en primer plano tras abrir https://open.spotify.com/playlist/1jNkvpdVy0DtpabdXexqLg?si=Jnx5VeI4RtSq-M6_Fy4OMg.
2025-05-19 19:41:29,942 - Worker-KF9HFUCE - PlaylistPlayer.KF9HFUCE6XE6WSU8 - DEBUG - Capturando pantalla en C:\Users\def\Documents\OTWMusicSystem_Final\OTWMusicSystem_Final\otw_project\OTW_MUSIC_SYSTEM\screenshots\KF9HFUCE6XE6WSU8\spotify_not_fg_screenshot_KF9HFUCE6XE6WSU8_20250519_194129942260.png
2025-05-19 19:41:30,414 - Worker-KF9HFUCE - PlaylistPlayer.KF9HFUCE6XE6WSU8 - INFO - Captura de pantalla guardada: C:\Users\def\Documents\OTWMusicSystem_Final\OTWMusicSystem_Final\otw_project\OTW_MUSIC_SYSTEM\screenshots\KF9HFUCE6XE6WSU8\spotify_not_fg_screenshot_KF9HFUCE6XE6WSU8_20250519_194129942260.png
2025-05-19 19:41:38,240 - Worker-KF9HFUCE - PlaylistPlayer.KF9HFUCE6XE6WSU8 - INFO - Intentando abrir URL: https://open.spotify.com/playlist/1jNkvpdVy0DtpabdXexqLg?si=Jnx5VeI4RtSq-M6_Fy4OMg (Intento 2/3)
2025-05-19 19:41:38,240 - Worker-KF9HFUCE - PlaylistPlayer.KF9HFUCE6XE6WSU8 - DEBUG - Forzando detención de Spotify (com.spotify.music).
2025-05-19 19:41:39,775 - Worker-KF9HFUCE - PlaylistPlayer.KF9HFUCE6XE6WSU8 - DEBUG - Presionando HOME.
2025-05-19 19:41:42,840 - Worker-KF9HFUCE - PlaylistPlayer.KF9HFUCE6XE6WSU8 - DEBUG - Ejecutando ADB intent para URL: https://open.spotify.com/playlist/1jNkvpdVy0DtpabdXexqLg?si=Jnx5VeI4RtSq-M6_Fy4OMg
2025-05-19 19:41:45,400 - Worker-KF9HFUCE - PlaylistPlayer.KF9HFUCE6XE6WSU8 - DEBUG - Resultado ADB: stdout='Starting: Intent { act=android.intent.action.VIEW dat=https://open.spotify.com/... flg=0x10008000 }', stderr=''
2025-05-19 19:41:49,547 - Worker-KF9HFUCE - PlaylistPlayer.KF9HFUCE6XE6WSU8 - DEBUG - Esperando app estabilice...
2025-05-19 19:41:58,341 - Worker-KF9HFUCE - PlaylistPlayer.KF9HFUCE6XE6WSU8 - DEBUG - Verificando diálogo 'Abrir con'...
