2025-05-19 18:35:05,247 - Worker-KF9HFUCE - PlaylistPlayer.KF9HFUCE6XE6WSU8 - INFO - Worker thread INICIADO. Logs en: C:\Users\def\Documents\OTWMusicSystem_Final\OTWMusicSystem_Final\otw_project\OTW_MUSIC_SYSTEM\logs\KF9HFUCE6XE6WSU8\playlist_player_20250519_183505.log
2025-05-19 18:35:05,247 - Worker-KF9HFUCE - PlaylistPlayer.KF9HFUCE6XE6WSU8 - INFO - Personalidad Creada: FollowP=0.43, SearchP=0.13, MinTrackT=34s, MinContentT=4m
2025-05-19 18:35:05,247 - Worker-KF9HFUCE - PlaylistPlayer.KF9HFUCE6XE6WSU8 - INFO - Intentando conectar a uiautomator2 (intento 1/3)...
2025-05-19 18:35:16,032 - Worker-KF9HFUCE - PlaylistPlayer.KF9HFUCE6XE6WSU8 - DEBUG - Conexión u2 establecida preliminarmente.
2025-05-19 18:35:16,265 - Worker-KF9HFUCE - PlaylistPlayer.KF9HFUCE6XE6WSU8 - INFO - Conectado (Device: U319AA, Android: N/A).
2025-05-19 18:35:16,422 - Worker-KF9HFUCE - PlaylistPlayer.KF9HFUCE6XE6WSU8 - INFO - Spotify (com.spotify.music v9.0.36.484) está instalado.
2025-05-19 18:35:16,422 - Worker-KF9HFUCE - PlaylistPlayer.KF9HFUCE6XE6WSU8 - INFO - Configuración inicial (kill Spotify y volver a Home).
2025-05-19 18:35:16,422 - Worker-KF9HFUCE - PlaylistPlayer.KF9HFUCE6XE6WSU8 - WARNING - Advertencia durante configuración inicial: 'Device' object has no attribute 'app_kill'
2025-05-19 18:35:16,423 - Worker-KF9HFUCE - PlaylistPlayer.KF9HFUCE6XE6WSU8 - DEBUG - Capturando pantalla en C:\Users\def\Documents\OTWMusicSystem_Final\OTWMusicSystem_Final\otw_project\OTW_MUSIC_SYSTEM\screenshots\KF9HFUCE6XE6WSU8\initial_setup_warn_screenshot_KF9HFUCE6XE6WSU8_20250519_183516423039.png
2025-05-19 18:35:17,967 - Worker-KF9HFUCE - PlaylistPlayer.KF9HFUCE6XE6WSU8 - INFO - Captura de pantalla guardada: C:\Users\def\Documents\OTWMusicSystem_Final\OTWMusicSystem_Final\otw_project\OTW_MUSIC_SYSTEM\screenshots\KF9HFUCE6XE6WSU8\initial_setup_warn_screenshot_KF9HFUCE6XE6WSU8_20250519_183516423039.png
2025-05-19 18:35:17,967 - Worker-KF9HFUCE - PlaylistPlayer.KF9HFUCE6XE6WSU8 - INFO - --- Iniciando Sesión de Interacción #1 ---
2025-05-19 18:35:17,967 - Worker-KF9HFUCE - PlaylistPlayer.KF9HFUCE6XE6WSU8 - INFO - Selección: Link (track) -> https://open.spotify.com/track/2Ltbaup04b0VtVCQv8nQUD?si=4ac66c9df6904be4
2025-05-19 18:35:17,968 - Worker-KF9HFUCE - PlaylistPlayer.KF9HFUCE6XE6WSU8 - INFO - Iniciando interacción con TRACK: https://open.spotify.com/track/2Ltbaup04b0VtVCQv8nQUD?si=4ac66c9df6904be4
2025-05-19 18:35:17,968 - Worker-KF9HFUCE - PlaylistPlayer.KF9HFUCE6XE6WSU8 - INFO - Intentando abrir URL: https://open.spotify.com/track/2Ltbaup04b0VtVCQv8nQUD?si=4ac66c9df6904be4 (Intento 1/3)
2025-05-19 18:35:17,968 - Worker-KF9HFUCE - PlaylistPlayer.KF9HFUCE6XE6WSU8 - DEBUG - Forzando detención de Spotify (com.spotify.music) antes de abrir URL.
2025-05-19 18:35:19,182 - Worker-KF9HFUCE - PlaylistPlayer.KF9HFUCE6XE6WSU8 - DEBUG - Presionando HOME.
2025-05-19 18:35:21,423 - Worker-KF9HFUCE - PlaylistPlayer.KF9HFUCE6XE6WSU8 - DEBUG - Ejecutando ADB intent para URL: https://open.spotify.com/track/2Ltbaup04b0VtVCQv8nQUD?si=4ac66c9df6904be4
2025-05-19 18:35:23,141 - Worker-KF9HFUCE - PlaylistPlayer.KF9HFUCE6XE6WSU8 - DEBUG - Resultado ADB 'am start': stdout='Starting: Intent { act=android.intent.action.VIEW dat=https://open.spotify.com/... flg=0x10008000 }', stderr=''
2025-05-19 18:35:25,480 - Worker-KF9HFUCE - PlaylistPlayer.KF9HFUCE6XE6WSU8 - DEBUG - Esperando que la app se abra y estabilice (5-8s)...
2025-05-19 18:35:32,070 - Worker-KF9HFUCE - PlaylistPlayer.KF9HFUCE6XE6WSU8 - DEBUG - Verificando diálogo 'Abrir con'...
2025-05-19 18:35:47,896 - Worker-KF9HFUCE - PlaylistPlayer.KF9HFUCE6XE6WSU8 - DEBUG - No se detectó diálogo 'Abrir con' explícito.
2025-05-19 18:35:47,897 - Worker-KF9HFUCE - PlaylistPlayer.KF9HFUCE6XE6WSU8 - DEBUG - No se manejó el diálogo 'Abrir con' o no apareció.
2025-05-19 18:35:47,897 - Worker-KF9HFUCE - PlaylistPlayer.KF9HFUCE6XE6WSU8 - DEBUG - Verificando si Spotify está en primer plano...
2025-05-19 18:35:47,897 - Worker-KF9HFUCE - PlaylistPlayer.KF9HFUCE6XE6WSU8 - DEBUG - Intentando con comando dumpsys (1): adb -s KF9HFUCE6XE6WSU8 shell dumpsys activity top
2025-05-19 18:35:48,765 - Worker-KF9HFUCE - PlaylistPlayer.KF9HFUCE6XE6WSU8 - WARNING - Spotify NO parece estar en primer plano según dumpsys.
2025-05-19 18:35:48,766 - Worker-KF9HFUCE - PlaylistPlayer.KF9HFUCE6XE6WSU8 - DEBUG - Capturando pantalla en C:\Users\def\Documents\OTWMusicSystem_Final\OTWMusicSystem_Final\otw_project\OTW_MUSIC_SYSTEM\screenshots\KF9HFUCE6XE6WSU8\spotify_not_foreground_screenshot_KF9HFUCE6XE6WSU8_20250519_183548765527.png
2025-05-19 18:35:49,430 - Worker-KF9HFUCE - PlaylistPlayer.KF9HFUCE6XE6WSU8 - INFO - Captura de pantalla guardada: C:\Users\def\Documents\OTWMusicSystem_Final\OTWMusicSystem_Final\otw_project\OTW_MUSIC_SYSTEM\screenshots\KF9HFUCE6XE6WSU8\spotify_not_foreground_screenshot_KF9HFUCE6XE6WSU8_20250519_183548765527.png
2025-05-19 18:35:49,430 - Worker-KF9HFUCE - PlaylistPlayer.KF9HFUCE6XE6WSU8 - WARNING - Spotify no detectado en primer plano después de abrir https://open.spotify.com/track/2Ltbaup04b0VtVCQv8nQUD?si=4ac66c9df6904be4.
2025-05-19 18:35:49,431 - Worker-KF9HFUCE - PlaylistPlayer.KF9HFUCE6XE6WSU8 - DEBUG - Capturando pantalla en C:\Users\def\Documents\OTWMusicSystem_Final\OTWMusicSystem_Final\otw_project\OTW_MUSIC_SYSTEM\screenshots\KF9HFUCE6XE6WSU8\spotify_not_fg_after_open_2Ltbaup04b0VtVCQv8nQUD?si=4ac66c9df6904be4_screenshot_KF9HFUCE6XE6WSU8_20250519_183549430662.png
2025-05-19 18:35:50,248 - Worker-KF9HFUCE - PlaylistPlayer.KF9HFUCE6XE6WSU8 - ERROR - Error al capturar pantalla: [Errno 22] Invalid argument: 'C:\\Users\\def\\Documents\\OTWMusicSystem_Final\\OTWMusicSystem_Final\\otw_project\\OTW_MUSIC_SYSTEM\\screenshots\\KF9HFUCE6XE6WSU8\\spotify_not_fg_after_open_2Ltbaup04b0VtVCQv8nQUD?si=4ac66c9df6904be4_screenshot_KF9HFUCE6XE6WSU8_20250519_183549430662.png'
2025-05-19 18:35:50,249 - Worker-KF9HFUCE - PlaylistPlayer.KF9HFUCE6XE6WSU8 - INFO - Pausa antes de reintentar apertura de URL debido a no foreground (5.4s).
2025-05-19 18:35:55,949 - Worker-KF9HFUCE - PlaylistPlayer.KF9HFUCE6XE6WSU8 - INFO - Intentando abrir URL: https://open.spotify.com/track/2Ltbaup04b0VtVCQv8nQUD?si=4ac66c9df6904be4 (Intento 2/3)
2025-05-19 18:35:55,949 - Worker-KF9HFUCE - PlaylistPlayer.KF9HFUCE6XE6WSU8 - DEBUG - Forzando detención de Spotify (com.spotify.music) antes de abrir URL.
2025-05-19 18:35:57,312 - Worker-KF9HFUCE - PlaylistPlayer.KF9HFUCE6XE6WSU8 - DEBUG - Presionando HOME.
2025-05-19 18:35:59,295 - Worker-KF9HFUCE - PlaylistPlayer.KF9HFUCE6XE6WSU8 - DEBUG - Ejecutando ADB intent para URL: https://open.spotify.com/track/2Ltbaup04b0VtVCQv8nQUD?si=4ac66c9df6904be4
2025-05-19 18:36:01,519 - Worker-KF9HFUCE - PlaylistPlayer.KF9HFUCE6XE6WSU8 - DEBUG - Resultado ADB 'am start': stdout='Starting: Intent { act=android.intent.action.VIEW dat=https://open.spotify.com/... flg=0x10008000 }', stderr=''
2025-05-19 18:36:03,298 - Worker-KF9HFUCE - PlaylistPlayer.KF9HFUCE6XE6WSU8 - DEBUG - Esperando que la app se abra y estabilice (5-8s)...
2025-05-19 18:36:11,077 - Worker-KF9HFUCE - PlaylistPlayer.KF9HFUCE6XE6WSU8 - DEBUG - Verificando diálogo 'Abrir con'...
2025-05-19 18:36:53,871 - Worker-KF9HFUCE - PlaylistPlayer.KF9HFUCE6XE6WSU8 - DEBUG - No se detectó diálogo 'Abrir con' explícito.
2025-05-19 18:36:53,871 - Worker-KF9HFUCE - PlaylistPlayer.KF9HFUCE6XE6WSU8 - DEBUG - No se manejó el diálogo 'Abrir con' o no apareció.
2025-05-19 18:36:53,871 - Worker-KF9HFUCE - PlaylistPlayer.KF9HFUCE6XE6WSU8 - DEBUG - Verificando si Spotify está en primer plano...
2025-05-19 18:36:53,872 - Worker-KF9HFUCE - PlaylistPlayer.KF9HFUCE6XE6WSU8 - DEBUG - Intentando con comando dumpsys (1): adb -s KF9HFUCE6XE6WSU8 shell dumpsys activity top
2025-05-19 18:36:54,370 - Worker-KF9HFUCE - PlaylistPlayer.KF9HFUCE6XE6WSU8 - WARNING - Spotify NO parece estar en primer plano según dumpsys.
2025-05-19 18:36:54,371 - Worker-KF9HFUCE - PlaylistPlayer.KF9HFUCE6XE6WSU8 - DEBUG - Capturando pantalla en C:\Users\def\Documents\OTWMusicSystem_Final\OTWMusicSystem_Final\otw_project\OTW_MUSIC_SYSTEM\screenshots\KF9HFUCE6XE6WSU8\spotify_not_foreground_screenshot_KF9HFUCE6XE6WSU8_20250519_183654371402.png
2025-05-19 18:36:56,080 - Worker-KF9HFUCE - PlaylistPlayer.KF9HFUCE6XE6WSU8 - INFO - Captura de pantalla guardada: C:\Users\def\Documents\OTWMusicSystem_Final\OTWMusicSystem_Final\otw_project\OTW_MUSIC_SYSTEM\screenshots\KF9HFUCE6XE6WSU8\spotify_not_foreground_screenshot_KF9HFUCE6XE6WSU8_20250519_183654371402.png
2025-05-19 18:36:56,080 - Worker-KF9HFUCE - PlaylistPlayer.KF9HFUCE6XE6WSU8 - WARNING - Spotify no detectado en primer plano después de abrir https://open.spotify.com/track/2Ltbaup04b0VtVCQv8nQUD?si=4ac66c9df6904be4.
2025-05-19 18:36:56,081 - Worker-KF9HFUCE - PlaylistPlayer.KF9HFUCE6XE6WSU8 - DEBUG - Capturando pantalla en C:\Users\def\Documents\OTWMusicSystem_Final\OTWMusicSystem_Final\otw_project\OTW_MUSIC_SYSTEM\screenshots\KF9HFUCE6XE6WSU8\spotify_not_fg_after_open_2Ltbaup04b0VtVCQv8nQUD?si=4ac66c9df6904be4_screenshot_KF9HFUCE6XE6WSU8_20250519_183656080847.png
2025-05-19 18:36:56,379 - Worker-KF9HFUCE - PlaylistPlayer.KF9HFUCE6XE6WSU8 - ERROR - Error al capturar pantalla: [Errno 22] Invalid argument: 'C:\\Users\\def\\Documents\\OTWMusicSystem_Final\\OTWMusicSystem_Final\\otw_project\\OTW_MUSIC_SYSTEM\\screenshots\\KF9HFUCE6XE6WSU8\\spotify_not_fg_after_open_2Ltbaup04b0VtVCQv8nQUD?si=4ac66c9df6904be4_screenshot_KF9HFUCE6XE6WSU8_20250519_183656080847.png'
2025-05-19 18:36:56,380 - Worker-KF9HFUCE - PlaylistPlayer.KF9HFUCE6XE6WSU8 - INFO - Pausa antes de reintentar apertura de URL debido a no foreground (5.4s).
2025-05-19 18:37:01,862 - Worker-KF9HFUCE - PlaylistPlayer.KF9HFUCE6XE6WSU8 - INFO - Intentando abrir URL: https://open.spotify.com/track/2Ltbaup04b0VtVCQv8nQUD?si=4ac66c9df6904be4 (Intento 3/3)
2025-05-19 18:37:01,862 - Worker-KF9HFUCE - PlaylistPlayer.KF9HFUCE6XE6WSU8 - DEBUG - Forzando detención de Spotify (com.spotify.music) antes de abrir URL.
2025-05-19 18:37:03,113 - Worker-KF9HFUCE - PlaylistPlayer.KF9HFUCE6XE6WSU8 - DEBUG - Presionando HOME.
2025-05-19 18:37:05,141 - Worker-KF9HFUCE - PlaylistPlayer.KF9HFUCE6XE6WSU8 - DEBUG - Ejecutando ADB intent para URL: https://open.spotify.com/track/2Ltbaup04b0VtVCQv8nQUD?si=4ac66c9df6904be4
2025-05-19 18:37:06,443 - Worker-KF9HFUCE - PlaylistPlayer.KF9HFUCE6XE6WSU8 - DEBUG - Resultado ADB 'am start': stdout='Starting: Intent { act=android.intent.action.VIEW dat=https://open.spotify.com/... flg=0x10008000 }', stderr=''
2025-05-19 18:37:08,624 - Worker-KF9HFUCE - PlaylistPlayer.KF9HFUCE6XE6WSU8 - DEBUG - Esperando que la app se abra y estabilice (5-8s)...
2025-05-19 18:37:14,011 - Worker-KF9HFUCE - PlaylistPlayer.KF9HFUCE6XE6WSU8 - DEBUG - Verificando diálogo 'Abrir con'...
2025-05-19 18:37:31,354 - Worker-KF9HFUCE - PlaylistPlayer.KF9HFUCE6XE6WSU8 - DEBUG - No se detectó diálogo 'Abrir con' explícito.
2025-05-19 18:37:31,354 - Worker-KF9HFUCE - PlaylistPlayer.KF9HFUCE6XE6WSU8 - DEBUG - No se manejó el diálogo 'Abrir con' o no apareció.
2025-05-19 18:37:31,354 - Worker-KF9HFUCE - PlaylistPlayer.KF9HFUCE6XE6WSU8 - DEBUG - Verificando si Spotify está en primer plano...
2025-05-19 18:37:31,354 - Worker-KF9HFUCE - PlaylistPlayer.KF9HFUCE6XE6WSU8 - DEBUG - Intentando con comando dumpsys (1): adb -s KF9HFUCE6XE6WSU8 shell dumpsys activity top
2025-05-19 18:37:31,951 - Worker-KF9HFUCE - PlaylistPlayer.KF9HFUCE6XE6WSU8 - WARNING - Spotify NO parece estar en primer plano según dumpsys.
2025-05-19 18:37:31,951 - Worker-KF9HFUCE - PlaylistPlayer.KF9HFUCE6XE6WSU8 - DEBUG - Capturando pantalla en C:\Users\def\Documents\OTWMusicSystem_Final\OTWMusicSystem_Final\otw_project\OTW_MUSIC_SYSTEM\screenshots\KF9HFUCE6XE6WSU8\spotify_not_foreground_screenshot_KF9HFUCE6XE6WSU8_20250519_183731951919.png
2025-05-19 18:37:32,584 - Worker-KF9HFUCE - PlaylistPlayer.KF9HFUCE6XE6WSU8 - INFO - Captura de pantalla guardada: C:\Users\def\Documents\OTWMusicSystem_Final\OTWMusicSystem_Final\otw_project\OTW_MUSIC_SYSTEM\screenshots\KF9HFUCE6XE6WSU8\spotify_not_foreground_screenshot_KF9HFUCE6XE6WSU8_20250519_183731951919.png
2025-05-19 18:37:32,585 - Worker-KF9HFUCE - PlaylistPlayer.KF9HFUCE6XE6WSU8 - WARNING - Spotify no detectado en primer plano después de abrir https://open.spotify.com/track/2Ltbaup04b0VtVCQv8nQUD?si=4ac66c9df6904be4.
2025-05-19 18:37:32,585 - Worker-KF9HFUCE - PlaylistPlayer.KF9HFUCE6XE6WSU8 - DEBUG - Capturando pantalla en C:\Users\def\Documents\OTWMusicSystem_Final\OTWMusicSystem_Final\otw_project\OTW_MUSIC_SYSTEM\screenshots\KF9HFUCE6XE6WSU8\spotify_not_fg_after_open_2Ltbaup04b0VtVCQv8nQUD?si=4ac66c9df6904be4_screenshot_KF9HFUCE6XE6WSU8_20250519_183732585137.png
2025-05-19 18:37:33,044 - Worker-KF9HFUCE - PlaylistPlayer.KF9HFUCE6XE6WSU8 - ERROR - Error al capturar pantalla: [Errno 22] Invalid argument: 'C:\\Users\\def\\Documents\\OTWMusicSystem_Final\\OTWMusicSystem_Final\\otw_project\\OTW_MUSIC_SYSTEM\\screenshots\\KF9HFUCE6XE6WSU8\\spotify_not_fg_after_open_2Ltbaup04b0VtVCQv8nQUD?si=4ac66c9df6904be4_screenshot_KF9HFUCE6XE6WSU8_20250519_183732585137.png'
2025-05-19 18:37:33,045 - Worker-KF9HFUCE - PlaylistPlayer.KF9HFUCE6XE6WSU8 - INFO - Pausa antes de reintentar apertura de URL debido a no foreground (4.4s).
2025-05-19 18:37:38,599 - Worker-KF9HFUCE - PlaylistPlayer.KF9HFUCE6XE6WSU8 - INFO - Intentando abrir URL: https://open.spotify.com/track/2Ltbaup04b0VtVCQv8nQUD?si=4ac66c9df6904be4 (Intento 4/3)
2025-05-19 18:37:38,599 - Worker-KF9HFUCE - PlaylistPlayer.KF9HFUCE6XE6WSU8 - ERROR - Máximos reintentos (3) alcanzados para abrir URL https://open.spotify.com/track/2Ltbaup04b0VtVCQv8nQUD?si=4ac66c9df6904be4
2025-05-19 18:37:38,599 - Worker-KF9HFUCE - PlaylistPlayer.KF9HFUCE6XE6WSU8 - DEBUG - Capturando pantalla en C:\Users\def\Documents\OTWMusicSystem_Final\OTWMusicSystem_Final\otw_project\OTW_MUSIC_SYSTEM\screenshots\KF9HFUCE6XE6WSU8\open_url_max_retries_fail_2Ltbaup04b0VtVCQv8nQUD?si=4ac66c9df6904be4_screenshot_KF9HFUCE6XE6WSU8_20250519_183738599078.png
2025-05-19 18:37:38,972 - Worker-KF9HFUCE - PlaylistPlayer.KF9HFUCE6XE6WSU8 - ERROR - Error al capturar pantalla: [Errno 22] Invalid argument: 'C:\\Users\\def\\Documents\\OTWMusicSystem_Final\\OTWMusicSystem_Final\\otw_project\\OTW_MUSIC_SYSTEM\\screenshots\\KF9HFUCE6XE6WSU8\\open_url_max_retries_fail_2Ltbaup04b0VtVCQv8nQUD?si=4ac66c9df6904be4_screenshot_KF9HFUCE6XE6WSU8_20250519_183738599078.png'
2025-05-19 18:37:38,973 - Worker-KF9HFUCE - PlaylistPlayer.KF9HFUCE6XE6WSU8 - ERROR - No se pudo abrir el track https://open.spotify.com/track/2Ltbaup04b0VtVCQv8nQUD?si=4ac66c9df6904be4. Terminando interacción.
2025-05-19 18:37:38,973 - Worker-KF9HFUCE - PlaylistPlayer.KF9HFUCE6XE6WSU8 - INFO - Sesión #1 completada. Pausa de 11.5s.
2025-05-19 18:37:50,491 - Worker-KF9HFUCE - PlaylistPlayer.KF9HFUCE6XE6WSU8 - INFO - --- Iniciando Sesión de Interacción #2 ---
2025-05-19 18:37:50,491 - Worker-KF9HFUCE - PlaylistPlayer.KF9HFUCE6XE6WSU8 - INFO - Selección: Link (track) -> https://open.spotify.com/track/5COlf8w89sc1sN0RY7t2lo?si=7c36375c9b7446e7
2025-05-19 18:37:50,491 - Worker-KF9HFUCE - PlaylistPlayer.KF9HFUCE6XE6WSU8 - INFO - Iniciando interacción con TRACK: https://open.spotify.com/track/5COlf8w89sc1sN0RY7t2lo?si=7c36375c9b7446e7
2025-05-19 18:37:50,491 - Worker-KF9HFUCE - PlaylistPlayer.KF9HFUCE6XE6WSU8 - INFO - Intentando abrir URL: https://open.spotify.com/track/5COlf8w89sc1sN0RY7t2lo?si=7c36375c9b7446e7 (Intento 1/3)
2025-05-19 18:37:50,491 - Worker-KF9HFUCE - PlaylistPlayer.KF9HFUCE6XE6WSU8 - DEBUG - Forzando detención de Spotify (com.spotify.music) antes de abrir URL.
2025-05-19 18:37:51,504 - Worker-KF9HFUCE - PlaylistPlayer.KF9HFUCE6XE6WSU8 - DEBUG - Presionando HOME.
2025-05-19 18:37:53,517 - Worker-KF9HFUCE - PlaylistPlayer.KF9HFUCE6XE6WSU8 - DEBUG - Ejecutando ADB intent para URL: https://open.spotify.com/track/5COlf8w89sc1sN0RY7t2lo?si=7c36375c9b7446e7
2025-05-19 18:37:55,286 - Worker-KF9HFUCE - PlaylistPlayer.KF9HFUCE6XE6WSU8 - DEBUG - Resultado ADB 'am start': stdout='Starting: Intent { act=android.intent.action.VIEW dat=https://open.spotify.com/... flg=0x10008000 }', stderr=''
2025-05-19 18:37:57,292 - Worker-KF9HFUCE - PlaylistPlayer.KF9HFUCE6XE6WSU8 - DEBUG - Esperando que la app se abra y estabilice (5-8s)...
2025-05-19 18:38:03,271 - Worker-KF9HFUCE - PlaylistPlayer.KF9HFUCE6XE6WSU8 - DEBUG - Verificando diálogo 'Abrir con'...
2025-05-19 18:38:22,485 - Worker-KF9HFUCE - PlaylistPlayer.KF9HFUCE6XE6WSU8 - DEBUG - No se detectó diálogo 'Abrir con' explícito.
2025-05-19 18:38:22,485 - Worker-KF9HFUCE - PlaylistPlayer.KF9HFUCE6XE6WSU8 - DEBUG - No se manejó el diálogo 'Abrir con' o no apareció.
2025-05-19 18:38:22,486 - Worker-KF9HFUCE - PlaylistPlayer.KF9HFUCE6XE6WSU8 - DEBUG - Verificando si Spotify está en primer plano...
2025-05-19 18:38:22,486 - Worker-KF9HFUCE - PlaylistPlayer.KF9HFUCE6XE6WSU8 - DEBUG - Intentando con comando dumpsys (1): adb -s KF9HFUCE6XE6WSU8 shell dumpsys activity top
2025-05-19 18:38:22,984 - Worker-KF9HFUCE - PlaylistPlayer.KF9HFUCE6XE6WSU8 - WARNING - Spotify NO parece estar en primer plano según dumpsys.
2025-05-19 18:38:22,984 - Worker-KF9HFUCE - PlaylistPlayer.KF9HFUCE6XE6WSU8 - DEBUG - Capturando pantalla en C:\Users\def\Documents\OTWMusicSystem_Final\OTWMusicSystem_Final\otw_project\OTW_MUSIC_SYSTEM\screenshots\KF9HFUCE6XE6WSU8\spotify_not_foreground_screenshot_KF9HFUCE6XE6WSU8_20250519_183822984263.png
2025-05-19 18:38:23,780 - Worker-KF9HFUCE - PlaylistPlayer.KF9HFUCE6XE6WSU8 - INFO - Captura de pantalla guardada: C:\Users\def\Documents\OTWMusicSystem_Final\OTWMusicSystem_Final\otw_project\OTW_MUSIC_SYSTEM\screenshots\KF9HFUCE6XE6WSU8\spotify_not_foreground_screenshot_KF9HFUCE6XE6WSU8_20250519_183822984263.png
2025-05-19 18:38:23,780 - Worker-KF9HFUCE - PlaylistPlayer.KF9HFUCE6XE6WSU8 - WARNING - Spotify no detectado en primer plano después de abrir https://open.spotify.com/track/5COlf8w89sc1sN0RY7t2lo?si=7c36375c9b7446e7.
2025-05-19 18:38:23,781 - Worker-KF9HFUCE - PlaylistPlayer.KF9HFUCE6XE6WSU8 - DEBUG - Capturando pantalla en C:\Users\def\Documents\OTWMusicSystem_Final\OTWMusicSystem_Final\otw_project\OTW_MUSIC_SYSTEM\screenshots\KF9HFUCE6XE6WSU8\spotify_not_fg_after_open_5COlf8w89sc1sN0RY7t2lo?si=7c36375c9b7446e7_screenshot_KF9HFUCE6XE6WSU8_20250519_183823780848.png
2025-05-19 18:38:24,475 - Worker-KF9HFUCE - PlaylistPlayer.KF9HFUCE6XE6WSU8 - ERROR - Error al capturar pantalla: [Errno 22] Invalid argument: 'C:\\Users\\def\\Documents\\OTWMusicSystem_Final\\OTWMusicSystem_Final\\otw_project\\OTW_MUSIC_SYSTEM\\screenshots\\KF9HFUCE6XE6WSU8\\spotify_not_fg_after_open_5COlf8w89sc1sN0RY7t2lo?si=7c36375c9b7446e7_screenshot_KF9HFUCE6XE6WSU8_20250519_183823780848.png'
2025-05-19 18:38:24,478 - Worker-KF9HFUCE - PlaylistPlayer.KF9HFUCE6XE6WSU8 - INFO - Pausa antes de reintentar apertura de URL debido a no foreground (4.9s).
2025-05-19 18:38:29,610 - Worker-KF9HFUCE - PlaylistPlayer.KF9HFUCE6XE6WSU8 - INFO - Intentando abrir URL: https://open.spotify.com/track/5COlf8w89sc1sN0RY7t2lo?si=7c36375c9b7446e7 (Intento 2/3)
2025-05-19 18:38:29,610 - Worker-KF9HFUCE - PlaylistPlayer.KF9HFUCE6XE6WSU8 - DEBUG - Forzando detención de Spotify (com.spotify.music) antes de abrir URL.
2025-05-19 18:38:30,939 - Worker-KF9HFUCE - PlaylistPlayer.KF9HFUCE6XE6WSU8 - DEBUG - Presionando HOME.
2025-05-19 18:38:33,188 - Worker-KF9HFUCE - PlaylistPlayer.KF9HFUCE6XE6WSU8 - DEBUG - Ejecutando ADB intent para URL: https://open.spotify.com/track/5COlf8w89sc1sN0RY7t2lo?si=7c36375c9b7446e7
2025-05-19 18:38:34,950 - Worker-KF9HFUCE - PlaylistPlayer.KF9HFUCE6XE6WSU8 - DEBUG - Resultado ADB 'am start': stdout='Starting: Intent { act=android.intent.action.VIEW dat=https://open.spotify.com/... flg=0x10008000 }', stderr=''
2025-05-19 18:38:36,948 - Worker-KF9HFUCE - PlaylistPlayer.KF9HFUCE6XE6WSU8 - DEBUG - Esperando que la app se abra y estabilice (5-8s)...
2025-05-19 18:38:44,291 - Worker-KF9HFUCE - PlaylistPlayer.KF9HFUCE6XE6WSU8 - DEBUG - Verificando diálogo 'Abrir con'...
2025-05-19 18:39:00,838 - Worker-KF9HFUCE - PlaylistPlayer.KF9HFUCE6XE6WSU8 - DEBUG - No se detectó diálogo 'Abrir con' explícito.
2025-05-19 18:39:00,838 - Worker-KF9HFUCE - PlaylistPlayer.KF9HFUCE6XE6WSU8 - DEBUG - No se manejó el diálogo 'Abrir con' o no apareció.
2025-05-19 18:39:00,838 - Worker-KF9HFUCE - PlaylistPlayer.KF9HFUCE6XE6WSU8 - DEBUG - Verificando si Spotify está en primer plano...
2025-05-19 18:39:00,839 - Worker-KF9HFUCE - PlaylistPlayer.KF9HFUCE6XE6WSU8 - DEBUG - Intentando con comando dumpsys (1): adb -s KF9HFUCE6XE6WSU8 shell dumpsys activity top
2025-05-19 18:39:01,921 - Worker-KF9HFUCE - PlaylistPlayer.KF9HFUCE6XE6WSU8 - WARNING - Spotify NO parece estar en primer plano según dumpsys.
2025-05-19 18:39:01,922 - Worker-KF9HFUCE - PlaylistPlayer.KF9HFUCE6XE6WSU8 - DEBUG - Capturando pantalla en C:\Users\def\Documents\OTWMusicSystem_Final\OTWMusicSystem_Final\otw_project\OTW_MUSIC_SYSTEM\screenshots\KF9HFUCE6XE6WSU8\spotify_not_foreground_screenshot_KF9HFUCE6XE6WSU8_20250519_183901922286.png
2025-05-19 18:39:02,129 - Worker-KF9HFUCE - PlaylistPlayer.KF9HFUCE6XE6WSU8 - INFO - Captura de pantalla guardada: C:\Users\def\Documents\OTWMusicSystem_Final\OTWMusicSystem_Final\otw_project\OTW_MUSIC_SYSTEM\screenshots\KF9HFUCE6XE6WSU8\spotify_not_foreground_screenshot_KF9HFUCE6XE6WSU8_20250519_183901922286.png
2025-05-19 18:39:02,130 - Worker-KF9HFUCE - PlaylistPlayer.KF9HFUCE6XE6WSU8 - WARNING - Spotify no detectado en primer plano después de abrir https://open.spotify.com/track/5COlf8w89sc1sN0RY7t2lo?si=7c36375c9b7446e7.
2025-05-19 18:39:02,130 - Worker-KF9HFUCE - PlaylistPlayer.KF9HFUCE6XE6WSU8 - DEBUG - Capturando pantalla en C:\Users\def\Documents\OTWMusicSystem_Final\OTWMusicSystem_Final\otw_project\OTW_MUSIC_SYSTEM\screenshots\KF9HFUCE6XE6WSU8\spotify_not_fg_after_open_5COlf8w89sc1sN0RY7t2lo?si=7c36375c9b7446e7_screenshot_KF9HFUCE6XE6WSU8_20250519_183902130566.png
2025-05-19 18:39:02,275 - Worker-KF9HFUCE - PlaylistPlayer.KF9HFUCE6XE6WSU8 - ERROR - Error al capturar pantalla: [Errno 22] Invalid argument: 'C:\\Users\\def\\Documents\\OTWMusicSystem_Final\\OTWMusicSystem_Final\\otw_project\\OTW_MUSIC_SYSTEM\\screenshots\\KF9HFUCE6XE6WSU8\\spotify_not_fg_after_open_5COlf8w89sc1sN0RY7t2lo?si=7c36375c9b7446e7_screenshot_KF9HFUCE6XE6WSU8_20250519_183902130566.png'
2025-05-19 18:39:02,276 - Worker-KF9HFUCE - PlaylistPlayer.KF9HFUCE6XE6WSU8 - INFO - Pausa antes de reintentar apertura de URL debido a no foreground (5.8s).
2025-05-19 18:39:06,488 - Worker-KF9HFUCE - PlaylistPlayer.KF9HFUCE6XE6WSU8 - INFO - Intentando abrir URL: https://open.spotify.com/track/5COlf8w89sc1sN0RY7t2lo?si=7c36375c9b7446e7 (Intento 3/3)
2025-05-19 18:39:06,488 - Worker-KF9HFUCE - PlaylistPlayer.KF9HFUCE6XE6WSU8 - DEBUG - Forzando detención de Spotify (com.spotify.music) antes de abrir URL.
2025-05-19 18:39:07,826 - Worker-KF9HFUCE - PlaylistPlayer.KF9HFUCE6XE6WSU8 - DEBUG - Presionando HOME.
2025-05-19 18:39:09,758 - Worker-KF9HFUCE - PlaylistPlayer.KF9HFUCE6XE6WSU8 - DEBUG - Ejecutando ADB intent para URL: https://open.spotify.com/track/5COlf8w89sc1sN0RY7t2lo?si=7c36375c9b7446e7
2025-05-19 18:39:11,399 - Worker-KF9HFUCE - PlaylistPlayer.KF9HFUCE6XE6WSU8 - DEBUG - Resultado ADB 'am start': stdout='Starting: Intent { act=android.intent.action.VIEW dat=https://open.spotify.com/... flg=0x10008000 }', stderr=''
2025-05-19 18:39:12,611 - Worker-KF9HFUCE - PlaylistPlayer.KF9HFUCE6XE6WSU8 - DEBUG - Esperando que la app se abra y estabilice (5-8s)...
2025-05-19 18:39:19,957 - Worker-KF9HFUCE - PlaylistPlayer.KF9HFUCE6XE6WSU8 - DEBUG - Verificando diálogo 'Abrir con'...
2025-05-19 18:39:37,607 - Worker-KF9HFUCE - PlaylistPlayer.KF9HFUCE6XE6WSU8 - DEBUG - No se detectó diálogo 'Abrir con' explícito.
2025-05-19 18:39:37,608 - Worker-KF9HFUCE - PlaylistPlayer.KF9HFUCE6XE6WSU8 - DEBUG - No se manejó el diálogo 'Abrir con' o no apareció.
2025-05-19 18:39:37,608 - Worker-KF9HFUCE - PlaylistPlayer.KF9HFUCE6XE6WSU8 - DEBUG - Verificando si Spotify está en primer plano...
2025-05-19 18:39:37,608 - Worker-KF9HFUCE - PlaylistPlayer.KF9HFUCE6XE6WSU8 - DEBUG - Intentando con comando dumpsys (1): adb -s KF9HFUCE6XE6WSU8 shell dumpsys activity top
2025-05-19 18:39:38,464 - Worker-KF9HFUCE - PlaylistPlayer.KF9HFUCE6XE6WSU8 - WARNING - Spotify NO parece estar en primer plano según dumpsys.
2025-05-19 18:39:38,465 - Worker-KF9HFUCE - PlaylistPlayer.KF9HFUCE6XE6WSU8 - DEBUG - Capturando pantalla en C:\Users\def\Documents\OTWMusicSystem_Final\OTWMusicSystem_Final\otw_project\OTW_MUSIC_SYSTEM\screenshots\KF9HFUCE6XE6WSU8\spotify_not_foreground_screenshot_KF9HFUCE6XE6WSU8_20250519_183938464709.png
2025-05-19 18:39:38,649 - Worker-KF9HFUCE - PlaylistPlayer.KF9HFUCE6XE6WSU8 - INFO - Captura de pantalla guardada: C:\Users\def\Documents\OTWMusicSystem_Final\OTWMusicSystem_Final\otw_project\OTW_MUSIC_SYSTEM\screenshots\KF9HFUCE6XE6WSU8\spotify_not_foreground_screenshot_KF9HFUCE6XE6WSU8_20250519_183938464709.png
2025-05-19 18:39:38,649 - Worker-KF9HFUCE - PlaylistPlayer.KF9HFUCE6XE6WSU8 - WARNING - Spotify no detectado en primer plano después de abrir https://open.spotify.com/track/5COlf8w89sc1sN0RY7t2lo?si=7c36375c9b7446e7.
2025-05-19 18:39:38,649 - Worker-KF9HFUCE - PlaylistPlayer.KF9HFUCE6XE6WSU8 - DEBUG - Capturando pantalla en C:\Users\def\Documents\OTWMusicSystem_Final\OTWMusicSystem_Final\otw_project\OTW_MUSIC_SYSTEM\screenshots\KF9HFUCE6XE6WSU8\spotify_not_fg_after_open_5COlf8w89sc1sN0RY7t2lo?si=7c36375c9b7446e7_screenshot_KF9HFUCE6XE6WSU8_20250519_183938649777.png
2025-05-19 18:39:38,788 - Worker-KF9HFUCE - PlaylistPlayer.KF9HFUCE6XE6WSU8 - ERROR - Error al capturar pantalla: [Errno 22] Invalid argument: 'C:\\Users\\def\\Documents\\OTWMusicSystem_Final\\OTWMusicSystem_Final\\otw_project\\OTW_MUSIC_SYSTEM\\screenshots\\KF9HFUCE6XE6WSU8\\spotify_not_fg_after_open_5COlf8w89sc1sN0RY7t2lo?si=7c36375c9b7446e7_screenshot_KF9HFUCE6XE6WSU8_20250519_183938649777.png'
2025-05-19 18:39:38,796 - Worker-KF9HFUCE - PlaylistPlayer.KF9HFUCE6XE6WSU8 - INFO - Pausa antes de reintentar apertura de URL debido a no foreground (6.4s).
2025-05-19 18:39:43,094 - Worker-KF9HFUCE - PlaylistPlayer.KF9HFUCE6XE6WSU8 - INFO - Intentando abrir URL: https://open.spotify.com/track/5COlf8w89sc1sN0RY7t2lo?si=7c36375c9b7446e7 (Intento 4/3)
2025-05-19 18:39:43,094 - Worker-KF9HFUCE - PlaylistPlayer.KF9HFUCE6XE6WSU8 - ERROR - Máximos reintentos (3) alcanzados para abrir URL https://open.spotify.com/track/5COlf8w89sc1sN0RY7t2lo?si=7c36375c9b7446e7
2025-05-19 18:39:43,094 - Worker-KF9HFUCE - PlaylistPlayer.KF9HFUCE6XE6WSU8 - DEBUG - Capturando pantalla en C:\Users\def\Documents\OTWMusicSystem_Final\OTWMusicSystem_Final\otw_project\OTW_MUSIC_SYSTEM\screenshots\KF9HFUCE6XE6WSU8\open_url_max_retries_fail_5COlf8w89sc1sN0RY7t2lo?si=7c36375c9b7446e7_screenshot_KF9HFUCE6XE6WSU8_20250519_183943094530.png
2025-05-19 18:39:43,238 - Worker-KF9HFUCE - PlaylistPlayer.KF9HFUCE6XE6WSU8 - ERROR - Error al capturar pantalla: [Errno 22] Invalid argument: 'C:\\Users\\def\\Documents\\OTWMusicSystem_Final\\OTWMusicSystem_Final\\otw_project\\OTW_MUSIC_SYSTEM\\screenshots\\KF9HFUCE6XE6WSU8\\open_url_max_retries_fail_5COlf8w89sc1sN0RY7t2lo?si=7c36375c9b7446e7_screenshot_KF9HFUCE6XE6WSU8_20250519_183943094530.png'
2025-05-19 18:39:43,239 - Worker-KF9HFUCE - PlaylistPlayer.KF9HFUCE6XE6WSU8 - ERROR - No se pudo abrir el track https://open.spotify.com/track/5COlf8w89sc1sN0RY7t2lo?si=7c36375c9b7446e7. Terminando interacción.
2025-05-19 18:39:43,239 - Worker-KF9HFUCE - PlaylistPlayer.KF9HFUCE6XE6WSU8 - INFO - Sesión #2 completada. Pausa de 6.3s.
2025-05-19 18:39:49,561 - Worker-KF9HFUCE - PlaylistPlayer.KF9HFUCE6XE6WSU8 - INFO - --- Iniciando Sesión de Interacción #3 ---
2025-05-19 18:39:49,561 - Worker-KF9HFUCE - PlaylistPlayer.KF9HFUCE6XE6WSU8 - INFO - Selección: Link (track) -> https://open.spotify.com/track/2cKGcpQwQJrN2Q7ptQgNcQ?si=7f68fabf73ed4016
2025-05-19 18:39:49,561 - Worker-KF9HFUCE - PlaylistPlayer.KF9HFUCE6XE6WSU8 - INFO - Iniciando interacción con TRACK: https://open.spotify.com/track/2cKGcpQwQJrN2Q7ptQgNcQ?si=7f68fabf73ed4016
2025-05-19 18:39:49,561 - Worker-KF9HFUCE - PlaylistPlayer.KF9HFUCE6XE6WSU8 - INFO - Intentando abrir URL: https://open.spotify.com/track/2cKGcpQwQJrN2Q7ptQgNcQ?si=7f68fabf73ed4016 (Intento 1/3)
2025-05-19 18:39:49,561 - Worker-KF9HFUCE - PlaylistPlayer.KF9HFUCE6XE6WSU8 - DEBUG - Forzando detención de Spotify (com.spotify.music) antes de abrir URL.
2025-05-19 18:39:50,783 - Worker-KF9HFUCE - PlaylistPlayer.KF9HFUCE6XE6WSU8 - DEBUG - Presionando HOME.
2025-05-19 18:39:52,651 - Worker-KF9HFUCE - PlaylistPlayer.KF9HFUCE6XE6WSU8 - DEBUG - Ejecutando ADB intent para URL: https://open.spotify.com/track/2cKGcpQwQJrN2Q7ptQgNcQ?si=7f68fabf73ed4016
2025-05-19 18:39:54,252 - Worker-KF9HFUCE - PlaylistPlayer.KF9HFUCE6XE6WSU8 - DEBUG - Resultado ADB 'am start': stdout='Starting: Intent { act=android.intent.action.VIEW dat=https://open.spotify.com/... flg=0x10008000 }', stderr=''
2025-05-19 18:39:56,115 - Worker-KF9HFUCE - PlaylistPlayer.KF9HFUCE6XE6WSU8 - DEBUG - Esperando que la app se abra y estabilice (5-8s)...
2025-05-19 18:40:02,564 - Worker-KF9HFUCE - PlaylistPlayer.KF9HFUCE6XE6WSU8 - DEBUG - Verificando diálogo 'Abrir con'...
2025-05-19 18:40:23,628 - Worker-KF9HFUCE - PlaylistPlayer.KF9HFUCE6XE6WSU8 - DEBUG - No se detectó diálogo 'Abrir con' explícito.
2025-05-19 18:40:23,628 - Worker-KF9HFUCE - PlaylistPlayer.KF9HFUCE6XE6WSU8 - DEBUG - No se manejó el diálogo 'Abrir con' o no apareció.
2025-05-19 18:40:23,628 - Worker-KF9HFUCE - PlaylistPlayer.KF9HFUCE6XE6WSU8 - DEBUG - Verificando si Spotify está en primer plano...
2025-05-19 18:40:23,628 - Worker-KF9HFUCE - PlaylistPlayer.KF9HFUCE6XE6WSU8 - DEBUG - Intentando con comando dumpsys (1): adb -s KF9HFUCE6XE6WSU8 shell dumpsys activity top
2025-05-19 18:40:24,089 - Worker-KF9HFUCE - PlaylistPlayer.KF9HFUCE6XE6WSU8 - WARNING - Spotify NO parece estar en primer plano según dumpsys.
2025-05-19 18:40:24,089 - Worker-KF9HFUCE - PlaylistPlayer.KF9HFUCE6XE6WSU8 - DEBUG - Capturando pantalla en C:\Users\def\Documents\OTWMusicSystem_Final\OTWMusicSystem_Final\otw_project\OTW_MUSIC_SYSTEM\screenshots\KF9HFUCE6XE6WSU8\spotify_not_foreground_screenshot_KF9HFUCE6XE6WSU8_20250519_184024089931.png
2025-05-19 18:40:24,454 - Worker-KF9HFUCE - PlaylistPlayer.KF9HFUCE6XE6WSU8 - INFO - Captura de pantalla guardada: C:\Users\def\Documents\OTWMusicSystem_Final\OTWMusicSystem_Final\otw_project\OTW_MUSIC_SYSTEM\screenshots\KF9HFUCE6XE6WSU8\spotify_not_foreground_screenshot_KF9HFUCE6XE6WSU8_20250519_184024089931.png
2025-05-19 18:40:24,454 - Worker-KF9HFUCE - PlaylistPlayer.KF9HFUCE6XE6WSU8 - WARNING - Spotify no detectado en primer plano después de abrir https://open.spotify.com/track/2cKGcpQwQJrN2Q7ptQgNcQ?si=7f68fabf73ed4016.
2025-05-19 18:40:24,454 - Worker-KF9HFUCE - PlaylistPlayer.KF9HFUCE6XE6WSU8 - DEBUG - Capturando pantalla en C:\Users\def\Documents\OTWMusicSystem_Final\OTWMusicSystem_Final\otw_project\OTW_MUSIC_SYSTEM\screenshots\KF9HFUCE6XE6WSU8\spotify_not_fg_after_open_2cKGcpQwQJrN2Q7ptQgNcQ?si=7f68fabf73ed4016_screenshot_KF9HFUCE6XE6WSU8_20250519_184024454909.png
2025-05-19 18:40:24,865 - Worker-KF9HFUCE - PlaylistPlayer.KF9HFUCE6XE6WSU8 - ERROR - Error al capturar pantalla: [Errno 22] Invalid argument: 'C:\\Users\\def\\Documents\\OTWMusicSystem_Final\\OTWMusicSystem_Final\\otw_project\\OTW_MUSIC_SYSTEM\\screenshots\\KF9HFUCE6XE6WSU8\\spotify_not_fg_after_open_2cKGcpQwQJrN2Q7ptQgNcQ?si=7f68fabf73ed4016_screenshot_KF9HFUCE6XE6WSU8_20250519_184024454909.png'
2025-05-19 18:40:24,866 - Worker-KF9HFUCE - PlaylistPlayer.KF9HFUCE6XE6WSU8 - INFO - Pausa antes de reintentar apertura de URL debido a no foreground (4.9s).
2025-05-19 18:40:31,302 - Worker-KF9HFUCE - PlaylistPlayer.KF9HFUCE6XE6WSU8 - INFO - Intentando abrir URL: https://open.spotify.com/track/2cKGcpQwQJrN2Q7ptQgNcQ?si=7f68fabf73ed4016 (Intento 2/3)
2025-05-19 18:40:31,302 - Worker-KF9HFUCE - PlaylistPlayer.KF9HFUCE6XE6WSU8 - DEBUG - Forzando detención de Spotify (com.spotify.music) antes de abrir URL.
2025-05-19 18:40:32,276 - Worker-KF9HFUCE - PlaylistPlayer.KF9HFUCE6XE6WSU8 - DEBUG - Presionando HOME.
2025-05-19 18:40:34,748 - Worker-KF9HFUCE - PlaylistPlayer.KF9HFUCE6XE6WSU8 - DEBUG - Ejecutando ADB intent para URL: https://open.spotify.com/track/2cKGcpQwQJrN2Q7ptQgNcQ?si=7f68fabf73ed4016
2025-05-19 18:40:35,835 - Worker-KF9HFUCE - PlaylistPlayer.KF9HFUCE6XE6WSU8 - DEBUG - Resultado ADB 'am start': stdout='Starting: Intent { act=android.intent.action.VIEW dat=https://open.spotify.com/... flg=0x10008000 }', stderr=''
2025-05-19 18:40:38,269 - Worker-KF9HFUCE - PlaylistPlayer.KF9HFUCE6XE6WSU8 - DEBUG - Esperando que la app se abra y estabilice (5-8s)...
2025-05-19 18:40:45,855 - Worker-KF9HFUCE - PlaylistPlayer.KF9HFUCE6XE6WSU8 - DEBUG - Verificando diálogo 'Abrir con'...
2025-05-19 18:41:00,127 - Worker-KF9HFUCE - PlaylistPlayer.KF9HFUCE6XE6WSU8 - DEBUG - No se detectó diálogo 'Abrir con' explícito.
2025-05-19 18:41:00,127 - Worker-KF9HFUCE - PlaylistPlayer.KF9HFUCE6XE6WSU8 - DEBUG - No se manejó el diálogo 'Abrir con' o no apareció.
2025-05-19 18:41:00,127 - Worker-KF9HFUCE - PlaylistPlayer.KF9HFUCE6XE6WSU8 - DEBUG - Verificando si Spotify está en primer plano...
2025-05-19 18:41:00,128 - Worker-KF9HFUCE - PlaylistPlayer.KF9HFUCE6XE6WSU8 - DEBUG - Intentando con comando dumpsys (1): adb -s KF9HFUCE6XE6WSU8 shell dumpsys activity top
2025-05-19 18:41:00,978 - Worker-KF9HFUCE - PlaylistPlayer.KF9HFUCE6XE6WSU8 - WARNING - Spotify NO parece estar en primer plano según dumpsys.
2025-05-19 18:41:00,979 - Worker-KF9HFUCE - PlaylistPlayer.KF9HFUCE6XE6WSU8 - DEBUG - Capturando pantalla en C:\Users\def\Documents\OTWMusicSystem_Final\OTWMusicSystem_Final\otw_project\OTW_MUSIC_SYSTEM\screenshots\KF9HFUCE6XE6WSU8\spotify_not_foreground_screenshot_KF9HFUCE6XE6WSU8_20250519_184100978907.png
2025-05-19 18:41:01,235 - Worker-KF9HFUCE - PlaylistPlayer.KF9HFUCE6XE6WSU8 - INFO - Captura de pantalla guardada: C:\Users\def\Documents\OTWMusicSystem_Final\OTWMusicSystem_Final\otw_project\OTW_MUSIC_SYSTEM\screenshots\KF9HFUCE6XE6WSU8\spotify_not_foreground_screenshot_KF9HFUCE6XE6WSU8_20250519_184100978907.png
2025-05-19 18:41:01,236 - Worker-KF9HFUCE - PlaylistPlayer.KF9HFUCE6XE6WSU8 - WARNING - Spotify no detectado en primer plano después de abrir https://open.spotify.com/track/2cKGcpQwQJrN2Q7ptQgNcQ?si=7f68fabf73ed4016.
2025-05-19 18:41:01,236 - Worker-KF9HFUCE - PlaylistPlayer.KF9HFUCE6XE6WSU8 - DEBUG - Capturando pantalla en C:\Users\def\Documents\OTWMusicSystem_Final\OTWMusicSystem_Final\otw_project\OTW_MUSIC_SYSTEM\screenshots\KF9HFUCE6XE6WSU8\spotify_not_fg_after_open_2cKGcpQwQJrN2Q7ptQgNcQ?si=7f68fabf73ed4016_screenshot_KF9HFUCE6XE6WSU8_20250519_184101236095.png
2025-05-19 18:41:01,393 - Worker-KF9HFUCE - PlaylistPlayer.KF9HFUCE6XE6WSU8 - ERROR - Error al capturar pantalla: [Errno 22] Invalid argument: 'C:\\Users\\def\\Documents\\OTWMusicSystem_Final\\OTWMusicSystem_Final\\otw_project\\OTW_MUSIC_SYSTEM\\screenshots\\KF9HFUCE6XE6WSU8\\spotify_not_fg_after_open_2cKGcpQwQJrN2Q7ptQgNcQ?si=7f68fabf73ed4016_screenshot_KF9HFUCE6XE6WSU8_20250519_184101236095.png'
2025-05-19 18:41:01,394 - Worker-KF9HFUCE - PlaylistPlayer.KF9HFUCE6XE6WSU8 - INFO - Pausa antes de reintentar apertura de URL debido a no foreground (6.4s).
2025-05-19 18:41:06,485 - Worker-KF9HFUCE - PlaylistPlayer.KF9HFUCE6XE6WSU8 - INFO - Intentando abrir URL: https://open.spotify.com/track/2cKGcpQwQJrN2Q7ptQgNcQ?si=7f68fabf73ed4016 (Intento 3/3)
2025-05-19 18:41:06,485 - Worker-KF9HFUCE - PlaylistPlayer.KF9HFUCE6XE6WSU8 - DEBUG - Forzando detención de Spotify (com.spotify.music) antes de abrir URL.
2025-05-19 18:41:07,636 - Worker-KF9HFUCE - PlaylistPlayer.KF9HFUCE6XE6WSU8 - DEBUG - Presionando HOME.
2025-05-19 18:41:10,187 - Worker-KF9HFUCE - PlaylistPlayer.KF9HFUCE6XE6WSU8 - DEBUG - Ejecutando ADB intent para URL: https://open.spotify.com/track/2cKGcpQwQJrN2Q7ptQgNcQ?si=7f68fabf73ed4016
2025-05-19 18:41:11,704 - Worker-KF9HFUCE - PlaylistPlayer.KF9HFUCE6XE6WSU8 - DEBUG - Resultado ADB 'am start': stdout='Starting: Intent { act=android.intent.action.VIEW dat=https://open.spotify.com/... flg=0x10008000 }', stderr=''
2025-05-19 18:41:13,588 - Worker-KF9HFUCE - PlaylistPlayer.KF9HFUCE6XE6WSU8 - DEBUG - Esperando que la app se abra y estabilice (5-8s)...
2025-05-19 18:41:18,627 - Worker-KF9HFUCE - PlaylistPlayer.KF9HFUCE6XE6WSU8 - DEBUG - Verificando diálogo 'Abrir con'...
2025-05-19 18:41:33,990 - Worker-KF9HFUCE - PlaylistPlayer.KF9HFUCE6XE6WSU8 - DEBUG - No se detectó diálogo 'Abrir con' explícito.
2025-05-19 18:41:33,990 - Worker-KF9HFUCE - PlaylistPlayer.KF9HFUCE6XE6WSU8 - DEBUG - No se manejó el diálogo 'Abrir con' o no apareció.
2025-05-19 18:41:33,991 - Worker-KF9HFUCE - PlaylistPlayer.KF9HFUCE6XE6WSU8 - DEBUG - Verificando si Spotify está en primer plano...
2025-05-19 18:41:33,991 - Worker-KF9HFUCE - PlaylistPlayer.KF9HFUCE6XE6WSU8 - DEBUG - Intentando con comando dumpsys (1): adb -s KF9HFUCE6XE6WSU8 shell dumpsys activity top
2025-05-19 18:41:34,871 - Worker-KF9HFUCE - PlaylistPlayer.KF9HFUCE6XE6WSU8 - WARNING - Spotify NO parece estar en primer plano según dumpsys.
2025-05-19 18:41:34,872 - Worker-KF9HFUCE - PlaylistPlayer.KF9HFUCE6XE6WSU8 - DEBUG - Capturando pantalla en C:\Users\def\Documents\OTWMusicSystem_Final\OTWMusicSystem_Final\otw_project\OTW_MUSIC_SYSTEM\screenshots\KF9HFUCE6XE6WSU8\spotify_not_foreground_screenshot_KF9HFUCE6XE6WSU8_20250519_184134872059.png
2025-05-19 18:41:35,105 - Worker-KF9HFUCE - PlaylistPlayer.KF9HFUCE6XE6WSU8 - INFO - Captura de pantalla guardada: C:\Users\def\Documents\OTWMusicSystem_Final\OTWMusicSystem_Final\otw_project\OTW_MUSIC_SYSTEM\screenshots\KF9HFUCE6XE6WSU8\spotify_not_foreground_screenshot_KF9HFUCE6XE6WSU8_20250519_184134872059.png
2025-05-19 18:41:35,105 - Worker-KF9HFUCE - PlaylistPlayer.KF9HFUCE6XE6WSU8 - WARNING - Spotify no detectado en primer plano después de abrir https://open.spotify.com/track/2cKGcpQwQJrN2Q7ptQgNcQ?si=7f68fabf73ed4016.
2025-05-19 18:41:35,105 - Worker-KF9HFUCE - PlaylistPlayer.KF9HFUCE6XE6WSU8 - DEBUG - Capturando pantalla en C:\Users\def\Documents\OTWMusicSystem_Final\OTWMusicSystem_Final\otw_project\OTW_MUSIC_SYSTEM\screenshots\KF9HFUCE6XE6WSU8\spotify_not_fg_after_open_2cKGcpQwQJrN2Q7ptQgNcQ?si=7f68fabf73ed4016_screenshot_KF9HFUCE6XE6WSU8_20250519_184135105679.png
2025-05-19 18:41:35,261 - Worker-KF9HFUCE - PlaylistPlayer.KF9HFUCE6XE6WSU8 - ERROR - Error al capturar pantalla: [Errno 22] Invalid argument: 'C:\\Users\\def\\Documents\\OTWMusicSystem_Final\\OTWMusicSystem_Final\\otw_project\\OTW_MUSIC_SYSTEM\\screenshots\\KF9HFUCE6XE6WSU8\\spotify_not_fg_after_open_2cKGcpQwQJrN2Q7ptQgNcQ?si=7f68fabf73ed4016_screenshot_KF9HFUCE6XE6WSU8_20250519_184135105679.png'
2025-05-19 18:41:35,262 - Worker-KF9HFUCE - PlaylistPlayer.KF9HFUCE6XE6WSU8 - INFO - Pausa antes de reintentar apertura de URL debido a no foreground (4.9s).
2025-05-19 18:41:39,351 - Worker-KF9HFUCE - PlaylistPlayer.KF9HFUCE6XE6WSU8 - INFO - Intentando abrir URL: https://open.spotify.com/track/2cKGcpQwQJrN2Q7ptQgNcQ?si=7f68fabf73ed4016 (Intento 4/3)
2025-05-19 18:41:39,351 - Worker-KF9HFUCE - PlaylistPlayer.KF9HFUCE6XE6WSU8 - ERROR - Máximos reintentos (3) alcanzados para abrir URL https://open.spotify.com/track/2cKGcpQwQJrN2Q7ptQgNcQ?si=7f68fabf73ed4016
2025-05-19 18:41:39,351 - Worker-KF9HFUCE - PlaylistPlayer.KF9HFUCE6XE6WSU8 - DEBUG - Capturando pantalla en C:\Users\def\Documents\OTWMusicSystem_Final\OTWMusicSystem_Final\otw_project\OTW_MUSIC_SYSTEM\screenshots\KF9HFUCE6XE6WSU8\open_url_max_retries_fail_2cKGcpQwQJrN2Q7ptQgNcQ?si=7f68fabf73ed4016_screenshot_KF9HFUCE6XE6WSU8_20250519_184139351223.png
2025-05-19 18:41:39,536 - Worker-KF9HFUCE - PlaylistPlayer.KF9HFUCE6XE6WSU8 - ERROR - Error al capturar pantalla: [Errno 22] Invalid argument: 'C:\\Users\\def\\Documents\\OTWMusicSystem_Final\\OTWMusicSystem_Final\\otw_project\\OTW_MUSIC_SYSTEM\\screenshots\\KF9HFUCE6XE6WSU8\\open_url_max_retries_fail_2cKGcpQwQJrN2Q7ptQgNcQ?si=7f68fabf73ed4016_screenshot_KF9HFUCE6XE6WSU8_20250519_184139351223.png'
2025-05-19 18:41:39,537 - Worker-KF9HFUCE - PlaylistPlayer.KF9HFUCE6XE6WSU8 - ERROR - No se pudo abrir el track https://open.spotify.com/track/2cKGcpQwQJrN2Q7ptQgNcQ?si=7f68fabf73ed4016. Terminando interacción.
2025-05-19 18:41:39,537 - Worker-KF9HFUCE - PlaylistPlayer.KF9HFUCE6XE6WSU8 - INFO - Sesión #3 completada. Pausa de 9.4s.
2025-05-19 18:41:48,963 - Worker-KF9HFUCE - PlaylistPlayer.KF9HFUCE6XE6WSU8 - INFO - --- Iniciando Sesión de Interacción #4 ---
2025-05-19 18:41:48,963 - Worker-KF9HFUCE - PlaylistPlayer.KF9HFUCE6XE6WSU8 - INFO - Selección: Link (track) -> https://open.spotify.com/track/3LzfZMcI6GKmqxsP7AxBZ9?si=72e5d0d42fec4de1
2025-05-19 18:41:48,963 - Worker-KF9HFUCE - PlaylistPlayer.KF9HFUCE6XE6WSU8 - INFO - Iniciando interacción con TRACK: https://open.spotify.com/track/3LzfZMcI6GKmqxsP7AxBZ9?si=72e5d0d42fec4de1
2025-05-19 18:41:48,963 - Worker-KF9HFUCE - PlaylistPlayer.KF9HFUCE6XE6WSU8 - INFO - Intentando abrir URL: https://open.spotify.com/track/3LzfZMcI6GKmqxsP7AxBZ9?si=72e5d0d42fec4de1 (Intento 1/3)
2025-05-19 18:41:48,963 - Worker-KF9HFUCE - PlaylistPlayer.KF9HFUCE6XE6WSU8 - DEBUG - Forzando detención de Spotify (com.spotify.music) antes de abrir URL.
2025-05-19 18:41:50,039 - Worker-KF9HFUCE - PlaylistPlayer.KF9HFUCE6XE6WSU8 - DEBUG - Presionando HOME.
2025-05-19 18:41:52,302 - Worker-KF9HFUCE - PlaylistPlayer.KF9HFUCE6XE6WSU8 - DEBUG - Ejecutando ADB intent para URL: https://open.spotify.com/track/3LzfZMcI6GKmqxsP7AxBZ9?si=72e5d0d42fec4de1
2025-05-19 18:41:53,813 - Worker-KF9HFUCE - PlaylistPlayer.KF9HFUCE6XE6WSU8 - DEBUG - Resultado ADB 'am start': stdout='Starting: Intent { act=android.intent.action.VIEW dat=https://open.spotify.com/... flg=0x10008000 }', stderr=''
2025-05-19 18:41:55,944 - Worker-KF9HFUCE - PlaylistPlayer.KF9HFUCE6XE6WSU8 - DEBUG - Esperando que la app se abra y estabilice (5-8s)...
2025-05-19 18:42:02,406 - Worker-KF9HFUCE - PlaylistPlayer.KF9HFUCE6XE6WSU8 - DEBUG - Verificando diálogo 'Abrir con'...
2025-05-19 18:42:23,293 - Worker-KF9HFUCE - PlaylistPlayer.KF9HFUCE6XE6WSU8 - DEBUG - No se detectó diálogo 'Abrir con' explícito.
2025-05-19 18:42:23,293 - Worker-KF9HFUCE - PlaylistPlayer.KF9HFUCE6XE6WSU8 - DEBUG - No se manejó el diálogo 'Abrir con' o no apareció.
2025-05-19 18:42:23,293 - Worker-KF9HFUCE - PlaylistPlayer.KF9HFUCE6XE6WSU8 - DEBUG - Verificando si Spotify está en primer plano...
2025-05-19 18:42:23,293 - Worker-KF9HFUCE - PlaylistPlayer.KF9HFUCE6XE6WSU8 - DEBUG - Intentando con comando dumpsys (1): adb -s KF9HFUCE6XE6WSU8 shell dumpsys activity top
2025-05-19 18:42:23,980 - Worker-KF9HFUCE - PlaylistPlayer.KF9HFUCE6XE6WSU8 - WARNING - Spotify NO parece estar en primer plano según dumpsys.
2025-05-19 18:42:23,981 - Worker-KF9HFUCE - PlaylistPlayer.KF9HFUCE6XE6WSU8 - DEBUG - Capturando pantalla en C:\Users\def\Documents\OTWMusicSystem_Final\OTWMusicSystem_Final\otw_project\OTW_MUSIC_SYSTEM\screenshots\KF9HFUCE6XE6WSU8\spotify_not_foreground_screenshot_KF9HFUCE6XE6WSU8_20250519_184223980535.png
2025-05-19 18:42:24,867 - Worker-KF9HFUCE - PlaylistPlayer.KF9HFUCE6XE6WSU8 - INFO - Captura de pantalla guardada: C:\Users\def\Documents\OTWMusicSystem_Final\OTWMusicSystem_Final\otw_project\OTW_MUSIC_SYSTEM\screenshots\KF9HFUCE6XE6WSU8\spotify_not_foreground_screenshot_KF9HFUCE6XE6WSU8_20250519_184223980535.png
2025-05-19 18:42:24,867 - Worker-KF9HFUCE - PlaylistPlayer.KF9HFUCE6XE6WSU8 - WARNING - Spotify no detectado en primer plano después de abrir https://open.spotify.com/track/3LzfZMcI6GKmqxsP7AxBZ9?si=72e5d0d42fec4de1.
2025-05-19 18:42:24,868 - Worker-KF9HFUCE - PlaylistPlayer.KF9HFUCE6XE6WSU8 - DEBUG - Capturando pantalla en C:\Users\def\Documents\OTWMusicSystem_Final\OTWMusicSystem_Final\otw_project\OTW_MUSIC_SYSTEM\screenshots\KF9HFUCE6XE6WSU8\spotify_not_fg_after_open_3LzfZMcI6GKmqxsP7AxBZ9?si=72e5d0d42fec4de1_screenshot_KF9HFUCE6XE6WSU8_20250519_184224867782.png
2025-05-19 18:42:25,378 - Worker-KF9HFUCE - PlaylistPlayer.KF9HFUCE6XE6WSU8 - ERROR - Error al capturar pantalla: [Errno 22] Invalid argument: 'C:\\Users\\def\\Documents\\OTWMusicSystem_Final\\OTWMusicSystem_Final\\otw_project\\OTW_MUSIC_SYSTEM\\screenshots\\KF9HFUCE6XE6WSU8\\spotify_not_fg_after_open_3LzfZMcI6GKmqxsP7AxBZ9?si=72e5d0d42fec4de1_screenshot_KF9HFUCE6XE6WSU8_20250519_184224867782.png'
2025-05-19 18:42:25,379 - Worker-KF9HFUCE - PlaylistPlayer.KF9HFUCE6XE6WSU8 - INFO - Pausa antes de reintentar apertura de URL debido a no foreground (4.3s).
2025-05-19 18:42:29,919 - Worker-KF9HFUCE - PlaylistPlayer.KF9HFUCE6XE6WSU8 - INFO - Intentando abrir URL: https://open.spotify.com/track/3LzfZMcI6GKmqxsP7AxBZ9?si=72e5d0d42fec4de1 (Intento 2/3)
2025-05-19 18:42:29,919 - Worker-KF9HFUCE - PlaylistPlayer.KF9HFUCE6XE6WSU8 - DEBUG - Forzando detención de Spotify (com.spotify.music) antes de abrir URL.
2025-05-19 18:42:30,971 - Worker-KF9HFUCE - PlaylistPlayer.KF9HFUCE6XE6WSU8 - DEBUG - Presionando HOME.
2025-05-19 18:42:32,439 - Worker-KF9HFUCE - PlaylistPlayer.KF9HFUCE6XE6WSU8 - DEBUG - Ejecutando ADB intent para URL: https://open.spotify.com/track/3LzfZMcI6GKmqxsP7AxBZ9?si=72e5d0d42fec4de1
2025-05-19 18:42:33,844 - Worker-KF9HFUCE - PlaylistPlayer.KF9HFUCE6XE6WSU8 - DEBUG - Resultado ADB 'am start': stdout='Starting: Intent { act=android.intent.action.VIEW dat=https://open.spotify.com/... flg=0x10008000 }', stderr=''
2025-05-19 18:42:36,279 - Worker-KF9HFUCE - PlaylistPlayer.KF9HFUCE6XE6WSU8 - DEBUG - Esperando que la app se abra y estabilice (5-8s)...
2025-05-19 18:42:41,369 - Worker-KF9HFUCE - PlaylistPlayer.KF9HFUCE6XE6WSU8 - DEBUG - Verificando diálogo 'Abrir con'...
2025-05-19 18:42:59,905 - Worker-KF9HFUCE - PlaylistPlayer.KF9HFUCE6XE6WSU8 - DEBUG - No se detectó diálogo 'Abrir con' explícito.
2025-05-19 18:42:59,905 - Worker-KF9HFUCE - PlaylistPlayer.KF9HFUCE6XE6WSU8 - DEBUG - No se manejó el diálogo 'Abrir con' o no apareció.
2025-05-19 18:42:59,905 - Worker-KF9HFUCE - PlaylistPlayer.KF9HFUCE6XE6WSU8 - DEBUG - Verificando si Spotify está en primer plano...
2025-05-19 18:42:59,905 - Worker-KF9HFUCE - PlaylistPlayer.KF9HFUCE6XE6WSU8 - DEBUG - Intentando con comando dumpsys (1): adb -s KF9HFUCE6XE6WSU8 shell dumpsys activity top
2025-05-19 18:43:00,314 - Worker-KF9HFUCE - PlaylistPlayer.KF9HFUCE6XE6WSU8 - WARNING - Spotify NO parece estar en primer plano según dumpsys.
2025-05-19 18:43:00,315 - Worker-KF9HFUCE - PlaylistPlayer.KF9HFUCE6XE6WSU8 - DEBUG - Capturando pantalla en C:\Users\def\Documents\OTWMusicSystem_Final\OTWMusicSystem_Final\otw_project\OTW_MUSIC_SYSTEM\screenshots\KF9HFUCE6XE6WSU8\spotify_not_foreground_screenshot_KF9HFUCE6XE6WSU8_20250519_184300314556.png
2025-05-19 18:43:00,512 - Worker-KF9HFUCE - PlaylistPlayer.KF9HFUCE6XE6WSU8 - INFO - Captura de pantalla guardada: C:\Users\def\Documents\OTWMusicSystem_Final\OTWMusicSystem_Final\otw_project\OTW_MUSIC_SYSTEM\screenshots\KF9HFUCE6XE6WSU8\spotify_not_foreground_screenshot_KF9HFUCE6XE6WSU8_20250519_184300314556.png
2025-05-19 18:43:00,512 - Worker-KF9HFUCE - PlaylistPlayer.KF9HFUCE6XE6WSU8 - WARNING - Spotify no detectado en primer plano después de abrir https://open.spotify.com/track/3LzfZMcI6GKmqxsP7AxBZ9?si=72e5d0d42fec4de1.
2025-05-19 18:43:00,513 - Worker-KF9HFUCE - PlaylistPlayer.KF9HFUCE6XE6WSU8 - DEBUG - Capturando pantalla en C:\Users\def\Documents\OTWMusicSystem_Final\OTWMusicSystem_Final\otw_project\OTW_MUSIC_SYSTEM\screenshots\KF9HFUCE6XE6WSU8\spotify_not_fg_after_open_3LzfZMcI6GKmqxsP7AxBZ9?si=72e5d0d42fec4de1_screenshot_KF9HFUCE6XE6WSU8_20250519_184300512912.png
2025-05-19 18:43:00,659 - Worker-KF9HFUCE - PlaylistPlayer.KF9HFUCE6XE6WSU8 - ERROR - Error al capturar pantalla: [Errno 22] Invalid argument: 'C:\\Users\\def\\Documents\\OTWMusicSystem_Final\\OTWMusicSystem_Final\\otw_project\\OTW_MUSIC_SYSTEM\\screenshots\\KF9HFUCE6XE6WSU8\\spotify_not_fg_after_open_3LzfZMcI6GKmqxsP7AxBZ9?si=72e5d0d42fec4de1_screenshot_KF9HFUCE6XE6WSU8_20250519_184300512912.png'
2025-05-19 18:43:00,659 - Worker-KF9HFUCE - PlaylistPlayer.KF9HFUCE6XE6WSU8 - INFO - Pausa antes de reintentar apertura de URL debido a no foreground (5.5s).
2025-05-19 18:43:06,541 - Worker-KF9HFUCE - PlaylistPlayer.KF9HFUCE6XE6WSU8 - INFO - Intentando abrir URL: https://open.spotify.com/track/3LzfZMcI6GKmqxsP7AxBZ9?si=72e5d0d42fec4de1 (Intento 3/3)
2025-05-19 18:43:06,541 - Worker-KF9HFUCE - PlaylistPlayer.KF9HFUCE6XE6WSU8 - DEBUG - Forzando detención de Spotify (com.spotify.music) antes de abrir URL.
2025-05-19 18:43:07,296 - Worker-KF9HFUCE - PlaylistPlayer.KF9HFUCE6XE6WSU8 - DEBUG - Presionando HOME.
2025-05-19 18:43:09,503 - Worker-KF9HFUCE - PlaylistPlayer.KF9HFUCE6XE6WSU8 - DEBUG - Ejecutando ADB intent para URL: https://open.spotify.com/track/3LzfZMcI6GKmqxsP7AxBZ9?si=72e5d0d42fec4de1
2025-05-19 18:43:11,360 - Worker-KF9HFUCE - PlaylistPlayer.KF9HFUCE6XE6WSU8 - DEBUG - Resultado ADB 'am start': stdout='Starting: Intent { act=android.intent.action.VIEW dat=https://open.spotify.com/... flg=0x10008000 }', stderr=''
2025-05-19 18:43:13,083 - Worker-KF9HFUCE - PlaylistPlayer.KF9HFUCE6XE6WSU8 - DEBUG - Esperando que la app se abra y estabilice (5-8s)...
2025-05-19 18:43:19,558 - Worker-KF9HFUCE - PlaylistPlayer.KF9HFUCE6XE6WSU8 - DEBUG - Verificando diálogo 'Abrir con'...
2025-05-19 18:43:37,560 - Worker-KF9HFUCE - PlaylistPlayer.KF9HFUCE6XE6WSU8 - DEBUG - No se detectó diálogo 'Abrir con' explícito.
2025-05-19 18:43:37,560 - Worker-KF9HFUCE - PlaylistPlayer.KF9HFUCE6XE6WSU8 - DEBUG - No se manejó el diálogo 'Abrir con' o no apareció.
2025-05-19 18:43:37,560 - Worker-KF9HFUCE - PlaylistPlayer.KF9HFUCE6XE6WSU8 - DEBUG - Verificando si Spotify está en primer plano...
2025-05-19 18:43:37,560 - Worker-KF9HFUCE - PlaylistPlayer.KF9HFUCE6XE6WSU8 - DEBUG - Intentando con comando dumpsys (1): adb -s KF9HFUCE6XE6WSU8 shell dumpsys activity top
2025-05-19 18:43:38,360 - Worker-KF9HFUCE - PlaylistPlayer.KF9HFUCE6XE6WSU8 - WARNING - Spotify NO parece estar en primer plano según dumpsys.
2025-05-19 18:43:38,362 - Worker-KF9HFUCE - PlaylistPlayer.KF9HFUCE6XE6WSU8 - DEBUG - Capturando pantalla en C:\Users\def\Documents\OTWMusicSystem_Final\OTWMusicSystem_Final\otw_project\OTW_MUSIC_SYSTEM\screenshots\KF9HFUCE6XE6WSU8\spotify_not_foreground_screenshot_KF9HFUCE6XE6WSU8_20250519_184338360680.png
2025-05-19 18:43:38,553 - Worker-KF9HFUCE - PlaylistPlayer.KF9HFUCE6XE6WSU8 - INFO - Captura de pantalla guardada: C:\Users\def\Documents\OTWMusicSystem_Final\OTWMusicSystem_Final\otw_project\OTW_MUSIC_SYSTEM\screenshots\KF9HFUCE6XE6WSU8\spotify_not_foreground_screenshot_KF9HFUCE6XE6WSU8_20250519_184338360680.png
2025-05-19 18:43:38,553 - Worker-KF9HFUCE - PlaylistPlayer.KF9HFUCE6XE6WSU8 - WARNING - Spotify no detectado en primer plano después de abrir https://open.spotify.com/track/3LzfZMcI6GKmqxsP7AxBZ9?si=72e5d0d42fec4de1.
2025-05-19 18:43:38,554 - Worker-KF9HFUCE - PlaylistPlayer.KF9HFUCE6XE6WSU8 - DEBUG - Capturando pantalla en C:\Users\def\Documents\OTWMusicSystem_Final\OTWMusicSystem_Final\otw_project\OTW_MUSIC_SYSTEM\screenshots\KF9HFUCE6XE6WSU8\spotify_not_fg_after_open_3LzfZMcI6GKmqxsP7AxBZ9?si=72e5d0d42fec4de1_screenshot_KF9HFUCE6XE6WSU8_20250519_184338553982.png
2025-05-19 18:43:38,694 - Worker-KF9HFUCE - PlaylistPlayer.KF9HFUCE6XE6WSU8 - ERROR - Error al capturar pantalla: [Errno 22] Invalid argument: 'C:\\Users\\def\\Documents\\OTWMusicSystem_Final\\OTWMusicSystem_Final\\otw_project\\OTW_MUSIC_SYSTEM\\screenshots\\KF9HFUCE6XE6WSU8\\spotify_not_fg_after_open_3LzfZMcI6GKmqxsP7AxBZ9?si=72e5d0d42fec4de1_screenshot_KF9HFUCE6XE6WSU8_20250519_184338553982.png'
2025-05-19 18:43:38,694 - Worker-KF9HFUCE - PlaylistPlayer.KF9HFUCE6XE6WSU8 - INFO - Pausa antes de reintentar apertura de URL debido a no foreground (5.7s).
2025-05-19 18:43:43,124 - Worker-KF9HFUCE - PlaylistPlayer.KF9HFUCE6XE6WSU8 - INFO - Intentando abrir URL: https://open.spotify.com/track/3LzfZMcI6GKmqxsP7AxBZ9?si=72e5d0d42fec4de1 (Intento 4/3)
2025-05-19 18:43:43,124 - Worker-KF9HFUCE - PlaylistPlayer.KF9HFUCE6XE6WSU8 - ERROR - Máximos reintentos (3) alcanzados para abrir URL https://open.spotify.com/track/3LzfZMcI6GKmqxsP7AxBZ9?si=72e5d0d42fec4de1
2025-05-19 18:43:43,124 - Worker-KF9HFUCE - PlaylistPlayer.KF9HFUCE6XE6WSU8 - DEBUG - Capturando pantalla en C:\Users\def\Documents\OTWMusicSystem_Final\OTWMusicSystem_Final\otw_project\OTW_MUSIC_SYSTEM\screenshots\KF9HFUCE6XE6WSU8\open_url_max_retries_fail_3LzfZMcI6GKmqxsP7AxBZ9?si=72e5d0d42fec4de1_screenshot_KF9HFUCE6XE6WSU8_20250519_184343124130.png
2025-05-19 18:43:43,263 - Worker-KF9HFUCE - PlaylistPlayer.KF9HFUCE6XE6WSU8 - ERROR - Error al capturar pantalla: [Errno 22] Invalid argument: 'C:\\Users\\def\\Documents\\OTWMusicSystem_Final\\OTWMusicSystem_Final\\otw_project\\OTW_MUSIC_SYSTEM\\screenshots\\KF9HFUCE6XE6WSU8\\open_url_max_retries_fail_3LzfZMcI6GKmqxsP7AxBZ9?si=72e5d0d42fec4de1_screenshot_KF9HFUCE6XE6WSU8_20250519_184343124130.png'
2025-05-19 18:43:43,264 - Worker-KF9HFUCE - PlaylistPlayer.KF9HFUCE6XE6WSU8 - ERROR - No se pudo abrir el track https://open.spotify.com/track/3LzfZMcI6GKmqxsP7AxBZ9?si=72e5d0d42fec4de1. Terminando interacción.
2025-05-19 18:43:43,264 - Worker-KF9HFUCE - PlaylistPlayer.KF9HFUCE6XE6WSU8 - INFO - Sesión #4 completada. Pausa de 11.6s.
2025-05-19 18:43:54,848 - Worker-KF9HFUCE - PlaylistPlayer.KF9HFUCE6XE6WSU8 - INFO - --- Iniciando Sesión de Interacción #5 ---
2025-05-19 18:43:54,848 - Worker-KF9HFUCE - PlaylistPlayer.KF9HFUCE6XE6WSU8 - INFO - Selección: Link (track) -> https://open.spotify.com/track/3PcZgpGscGOrMxyTCWcxlw?si=3ad3e5235a7d4531
2025-05-19 18:43:54,848 - Worker-KF9HFUCE - PlaylistPlayer.KF9HFUCE6XE6WSU8 - INFO - Iniciando interacción con TRACK: https://open.spotify.com/track/3PcZgpGscGOrMxyTCWcxlw?si=3ad3e5235a7d4531
2025-05-19 18:43:54,848 - Worker-KF9HFUCE - PlaylistPlayer.KF9HFUCE6XE6WSU8 - INFO - Intentando abrir URL: https://open.spotify.com/track/3PcZgpGscGOrMxyTCWcxlw?si=3ad3e5235a7d4531 (Intento 1/3)
2025-05-19 18:43:54,848 - Worker-KF9HFUCE - PlaylistPlayer.KF9HFUCE6XE6WSU8 - DEBUG - Forzando detención de Spotify (com.spotify.music) antes de abrir URL.
2025-05-19 18:43:55,566 - Worker-KF9HFUCE - PlaylistPlayer.KF9HFUCE6XE6WSU8 - DEBUG - Presionando HOME.
2025-05-19 18:43:57,757 - Worker-KF9HFUCE - PlaylistPlayer.KF9HFUCE6XE6WSU8 - DEBUG - Ejecutando ADB intent para URL: https://open.spotify.com/track/3PcZgpGscGOrMxyTCWcxlw?si=3ad3e5235a7d4531
2025-05-19 18:43:59,285 - Worker-KF9HFUCE - PlaylistPlayer.KF9HFUCE6XE6WSU8 - DEBUG - Resultado ADB 'am start': stdout='Starting: Intent { act=android.intent.action.VIEW dat=https://open.spotify.com/... flg=0x10008000 }', stderr=''
2025-05-19 18:44:00,893 - Worker-KF9HFUCE - PlaylistPlayer.KF9HFUCE6XE6WSU8 - DEBUG - Esperando que la app se abra y estabilice (5-8s)...
2025-05-19 18:44:08,441 - Worker-KF9HFUCE - PlaylistPlayer.KF9HFUCE6XE6WSU8 - DEBUG - Verificando diálogo 'Abrir con'...
