2025-05-22 02:07:05,224 - Worker-20403060 - PlaylistPlayer.2040306023081477 - INFO - Worker thread INICIADO. Logs en: C:\Users\def\Documents\OTWMusicSystem_Final\OTWMusicSystem_Final\otw_project\OTW_MUSIC_SYSTEM\logs\2040306023081477\playlist_player_20250522_020705.log
2025-05-22 02:07:05,225 - Worker-20403060 - PlaylistPlayer.2040306023081477 - INFO - Personalidad Creada (SLOW_MODE_FACTOR=1.75):
  TotalSessionDur: [45-150]m
  InitPlaylistDur: [30-120]m
  ArtistPlayDur: [10-30]m, Songs: [3-6]
  TrackSessionDur: [25-70]m, SingleTrack: [65-135]s
  Probs: LikePlaylist=0.81, Shuffle=0.82, SwitchPlaylist=0.46
  VisitArtist=0.52, FollowArtist=0.85, ExploreTracks=0.51, Search=0.07
2025-05-22 02:07:05,230 - Worker-20403060 - PlaylistPlayer.2040306023081477 - INFO - Conectando uiautomator2 (intento 1/3)...
2025-05-22 02:07:11,661 - Worker-20403060 - PlaylistPlayer.2040306023081477 - INFO - Conectado (Device: Studio_X5_Max, Android: N/A).
2025-05-22 02:07:12,344 - Worker-20403060 - PlaylistPlayer.2040306023081477 - INFO - Spotify (com.spotify.music v8.9.60.560) instalado.
2025-05-22 02:07:12,344 - Worker-20403060 - PlaylistPlayer.2040306023081477 - INFO - Setup inicial (kill Spotify, home).
2025-05-22 02:07:12,345 - Worker-20403060 - PlaylistPlayer.2040306023081477 - WARNING - Advertencia setup inicial: 'Device' object has no attribute 'app_kill'
2025-05-22 02:07:12,345 - Worker-20403060 - PlaylistPlayer.2040306023081477 - DEBUG - Capturando pantalla en C:\Users\def\Documents\OTWMusicSystem_Final\OTWMusicSystem_Final\otw_project\OTW_MUSIC_SYSTEM\screenshots\2040306023081477\init_setup_warn_screenshot_2040306023081477_20250522_020712345415.png
2025-05-22 02:07:15,329 - Worker-20403060 - PlaylistPlayer.2040306023081477 - INFO - Captura de pantalla guardada: C:\Users\def\Documents\OTWMusicSystem_Final\OTWMusicSystem_Final\otw_project\OTW_MUSIC_SYSTEM\screenshots\2040306023081477\init_setup_warn_screenshot_2040306023081477_20250522_020712345415.png
2025-05-22 02:07:15,329 - Worker-20403060 - PlaylistPlayer.2040306023081477 - INFO - --- Iniciando GRAN SESIÓN DE ESCUCHA #1 (Duración objetivo: ~100.0 min) ---
2025-05-22 02:07:15,329 - Worker-20403060 - PlaylistPlayer.2040306023081477 - INFO - Fase 1: Reproducción de Playlist Inicial Larga.
2025-05-22 02:07:15,330 - Worker-20403060 - PlaylistPlayer.2040306023081477 - INFO - Iniciando PLAYLIST: https://open.spotify.com/playlist/3h6pIE4rE6z8OyxNMOqW8t?si=H8FB0OalRKGjeMjEXVgSJw por ~96 min.
2025-05-22 02:07:15,330 - Worker-20403060 - PlaylistPlayer.2040306023081477 - INFO - Intentando abrir URL: https://open.spotify.com/playlist/3h6pIE4rE6z8OyxNMOqW8t?si=H8FB0OalRKGjeMjEXVgSJw (Intento 1/3)
2025-05-22 02:07:15,330 - Worker-20403060 - PlaylistPlayer.2040306023081477 - DEBUG - Forzando detención de Spotify (com.spotify.music).
2025-05-22 02:07:17,083 - Worker-20403060 - PlaylistPlayer.2040306023081477 - DEBUG - Presionando HOME.
2025-05-22 02:07:20,409 - Worker-20403060 - PlaylistPlayer.2040306023081477 - DEBUG - Ejecutando ADB intent para URL: https://open.spotify.com/playlist/3h6pIE4rE6z8OyxNMOqW8t?si=H8FB0OalRKGjeMjEXVgSJw
2025-05-22 02:07:24,507 - Worker-20403060 - PlaylistPlayer.2040306023081477 - DEBUG - Resultado ADB: stdout='Starting: Intent { act=android.intent.action.VIEW dat=https://open.spotify.com/... flg=0x10008000 }', stderr=''
2025-05-22 02:07:26,676 - Worker-20403060 - PlaylistPlayer.2040306023081477 - DEBUG - Esperando app estabilice...
2025-05-22 02:07:37,925 - Worker-20403060 - PlaylistPlayer.2040306023081477 - DEBUG - Verificando diálogo 'Abrir con'...
2025-05-22 02:07:47,245 - Worker-20403060 - PlaylistPlayer.2040306023081477 - DEBUG - No se detectó diálogo 'Abrir con' explícito.
2025-05-22 02:07:47,245 - Worker-20403060 - PlaylistPlayer.2040306023081477 - DEBUG - No se manejó diálogo 'Abrir con'.
2025-05-22 02:07:47,245 - Worker-20403060 - PlaylistPlayer.2040306023081477 - DEBUG - Verificando si Spotify está en primer plano...
2025-05-22 02:07:47,245 - Worker-20403060 - PlaylistPlayer.2040306023081477 - DEBUG - Intentando con comando dumpsys (1): adb -s 2040306023081477 shell dumpsys activity top
2025-05-22 02:07:49,187 - Worker-20403060 - PlaylistPlayer.2040306023081477 - WARNING - Spotify NO parece estar en primer plano.
2025-05-22 02:07:49,189 - Worker-20403060 - PlaylistPlayer.2040306023081477 - DEBUG - Capturando pantalla en C:\Users\def\Documents\OTWMusicSystem_Final\OTWMusicSystem_Final\otw_project\OTW_MUSIC_SYSTEM\screenshots\2040306023081477\spotify_not_foreground_screenshot_2040306023081477_20250522_020749188065.png
2025-05-22 02:07:49,768 - Worker-20403060 - PlaylistPlayer.2040306023081477 - INFO - Captura de pantalla guardada: C:\Users\def\Documents\OTWMusicSystem_Final\OTWMusicSystem_Final\otw_project\OTW_MUSIC_SYSTEM\screenshots\2040306023081477\spotify_not_foreground_screenshot_2040306023081477_20250522_020749188065.png
2025-05-22 02:07:49,769 - Worker-20403060 - PlaylistPlayer.2040306023081477 - WARNING - Spotify no en primer plano tras abrir https://open.spotify.com/playlist/3h6pIE4rE6z8OyxNMOqW8t?si=H8FB0OalRKGjeMjEXVgSJw.
2025-05-22 02:07:49,770 - Worker-20403060 - PlaylistPlayer.2040306023081477 - DEBUG - Capturando pantalla en C:\Users\def\Documents\OTWMusicSystem_Final\OTWMusicSystem_Final\otw_project\OTW_MUSIC_SYSTEM\screenshots\2040306023081477\spotify_not_fg_screenshot_2040306023081477_20250522_020749769375.png
2025-05-22 02:07:50,693 - Worker-20403060 - PlaylistPlayer.2040306023081477 - INFO - Captura de pantalla guardada: C:\Users\def\Documents\OTWMusicSystem_Final\OTWMusicSystem_Final\otw_project\OTW_MUSIC_SYSTEM\screenshots\2040306023081477\spotify_not_fg_screenshot_2040306023081477_20250522_020749769375.png
2025-05-22 02:08:00,572 - Worker-20403060 - PlaylistPlayer.2040306023081477 - INFO - Intentando abrir URL: https://open.spotify.com/playlist/3h6pIE4rE6z8OyxNMOqW8t?si=H8FB0OalRKGjeMjEXVgSJw (Intento 2/3)
2025-05-22 02:08:00,572 - Worker-20403060 - PlaylistPlayer.2040306023081477 - DEBUG - Forzando detención de Spotify (com.spotify.music).
2025-05-22 02:08:02,573 - Worker-20403060 - PlaylistPlayer.2040306023081477 - DEBUG - Presionando HOME.
2025-05-22 02:08:06,144 - Worker-20403060 - PlaylistPlayer.2040306023081477 - DEBUG - Ejecutando ADB intent para URL: https://open.spotify.com/playlist/3h6pIE4rE6z8OyxNMOqW8t?si=H8FB0OalRKGjeMjEXVgSJw
2025-05-22 02:08:10,222 - Worker-20403060 - PlaylistPlayer.2040306023081477 - DEBUG - Resultado ADB: stdout='Starting: Intent { act=android.intent.action.VIEW dat=https://open.spotify.com/... flg=0x10008000 }', stderr=''
2025-05-22 02:08:12,604 - Worker-20403060 - PlaylistPlayer.2040306023081477 - DEBUG - Esperando app estabilice...
2025-05-22 02:08:25,888 - Worker-20403060 - PlaylistPlayer.2040306023081477 - DEBUG - Verificando diálogo 'Abrir con'...
2025-05-22 02:08:39,122 - Worker-20403060 - PlaylistPlayer.2040306023081477 - DEBUG - No se detectó diálogo 'Abrir con' explícito.
2025-05-22 02:08:39,123 - Worker-20403060 - PlaylistPlayer.2040306023081477 - DEBUG - No se manejó diálogo 'Abrir con'.
2025-05-22 02:08:39,123 - Worker-20403060 - PlaylistPlayer.2040306023081477 - DEBUG - Verificando si Spotify está en primer plano...
2025-05-22 02:08:39,123 - Worker-20403060 - PlaylistPlayer.2040306023081477 - DEBUG - Intentando con comando dumpsys (1): adb -s 2040306023081477 shell dumpsys activity top
2025-05-22 02:08:41,089 - Worker-20403060 - PlaylistPlayer.2040306023081477 - WARNING - Spotify NO parece estar en primer plano.
2025-05-22 02:08:41,090 - Worker-20403060 - PlaylistPlayer.2040306023081477 - DEBUG - Capturando pantalla en C:\Users\def\Documents\OTWMusicSystem_Final\OTWMusicSystem_Final\otw_project\OTW_MUSIC_SYSTEM\screenshots\2040306023081477\spotify_not_foreground_screenshot_2040306023081477_20250522_020841089771.png
2025-05-22 02:08:41,634 - Worker-20403060 - PlaylistPlayer.2040306023081477 - INFO - Captura de pantalla guardada: C:\Users\def\Documents\OTWMusicSystem_Final\OTWMusicSystem_Final\otw_project\OTW_MUSIC_SYSTEM\screenshots\2040306023081477\spotify_not_foreground_screenshot_2040306023081477_20250522_020841089771.png
2025-05-22 02:08:41,634 - Worker-20403060 - PlaylistPlayer.2040306023081477 - WARNING - Spotify no en primer plano tras abrir https://open.spotify.com/playlist/3h6pIE4rE6z8OyxNMOqW8t?si=H8FB0OalRKGjeMjEXVgSJw.
2025-05-22 02:08:41,635 - Worker-20403060 - PlaylistPlayer.2040306023081477 - DEBUG - Capturando pantalla en C:\Users\def\Documents\OTWMusicSystem_Final\OTWMusicSystem_Final\otw_project\OTW_MUSIC_SYSTEM\screenshots\2040306023081477\spotify_not_fg_screenshot_2040306023081477_20250522_020841634873.png
2025-05-22 02:08:42,035 - Worker-20403060 - PlaylistPlayer.2040306023081477 - INFO - Captura de pantalla guardada: C:\Users\def\Documents\OTWMusicSystem_Final\OTWMusicSystem_Final\otw_project\OTW_MUSIC_SYSTEM\screenshots\2040306023081477\spotify_not_fg_screenshot_2040306023081477_20250522_020841634873.png
