2025-05-19 18:47:46,190 - Worker-20403060 - PlaylistPlayer.2040306023081477 - INFO - Worker thread INICIADO. Logs en: C:\Users\def\Documents\OTWMusicSystem_Final\OTWMusicSystem_Final\otw_project\OTW_MUSIC_SYSTEM\logs\2040306023081477\playlist_player_20250519_184746.log
2025-05-19 18:47:46,196 - Worker-20403060 - PlaylistPlayer.2040306023081477 - INFO - Personalidad Creada (SLOW_MODE_FACTOR=1.75): ShortTimeout=12.4s, ActionDelay=[8.4-19.1]s, ShortPause=[34.7-72.4]s, MinTrackT=64s, MaxTrackT=130s, MinContentT=5m, MaxContentT=8m
2025-05-19 18:47:46,196 - Worker-20403060 - PlaylistPlayer.2040306023081477 - INFO - Intentando conectar a uiautomator2 (intento 1/3)...
2025-05-19 18:47:54,466 - Worker-20403060 - PlaylistPlayer.2040306023081477 - INFO - Conectado (Device: Studio_X5_Max, Android: N/A).
2025-05-19 18:47:54,786 - Worker-20403060 - PlaylistPlayer.2040306023081477 - INFO - Spotify (com.spotify.music v9.0.36.484) está instalado.
2025-05-19 18:47:54,786 - Worker-20403060 - PlaylistPlayer.2040306023081477 - INFO - Configuración inicial (kill Spotify y volver a Home).
2025-05-19 18:47:54,786 - Worker-20403060 - PlaylistPlayer.2040306023081477 - WARNING - Advertencia durante configuración inicial: 'Device' object has no attribute 'app_kill'
2025-05-19 18:47:54,787 - Worker-20403060 - PlaylistPlayer.2040306023081477 - DEBUG - Capturando pantalla en C:\Users\def\Documents\OTWMusicSystem_Final\OTWMusicSystem_Final\otw_project\OTW_MUSIC_SYSTEM\screenshots\2040306023081477\initial_setup_warn_screenshot_2040306023081477_20250519_184754786556.png
2025-05-19 18:47:56,192 - Worker-20403060 - PlaylistPlayer.2040306023081477 - INFO - Captura de pantalla guardada: C:\Users\def\Documents\OTWMusicSystem_Final\OTWMusicSystem_Final\otw_project\OTW_MUSIC_SYSTEM\screenshots\2040306023081477\initial_setup_warn_screenshot_2040306023081477_20250519_184754786556.png
2025-05-19 18:47:56,192 - Worker-20403060 - PlaylistPlayer.2040306023081477 - INFO - --- Iniciando Sesión de Interacción #1 ---
2025-05-19 18:47:56,193 - Worker-20403060 - PlaylistPlayer.2040306023081477 - INFO - Selección: Artista Clave -> https://open.spotify.com/artist/77slAN1w8sLCiCGwiZmNEF
2025-05-19 18:47:56,193 - Worker-20403060 - PlaylistPlayer.2040306023081477 - INFO - Iniciando interacción con ARTISTA: https://open.spotify.com/artist/77slAN1w8sLCiCGwiZmNEF (KEY ARTIST)
2025-05-19 18:47:56,194 - Worker-20403060 - PlaylistPlayer.2040306023081477 - INFO - Intentando abrir URL: https://open.spotify.com/artist/77slAN1w8sLCiCGwiZmNEF (Intento 1/3)
2025-05-19 18:47:56,194 - Worker-20403060 - PlaylistPlayer.2040306023081477 - DEBUG - Forzando detención de Spotify (com.spotify.music) antes de abrir URL.
2025-05-19 18:47:58,348 - Worker-20403060 - PlaylistPlayer.2040306023081477 - DEBUG - Presionando HOME.
2025-05-19 18:48:00,313 - Worker-20403060 - PlaylistPlayer.2040306023081477 - DEBUG - Ejecutando ADB intent para URL: https://open.spotify.com/artist/77slAN1w8sLCiCGwiZmNEF
2025-05-19 18:48:03,060 - Worker-20403060 - PlaylistPlayer.2040306023081477 - DEBUG - Resultado ADB 'am start': stdout='Starting: Intent { act=android.intent.action.VIEW dat=https://open.spotify.com/... flg=0x10008000 }', stderr=''
2025-05-19 18:48:06,663 - Worker-20403060 - PlaylistPlayer.2040306023081477 - DEBUG - Esperando que la app se abra y estabilice...
2025-05-19 18:48:17,301 - Worker-20403060 - PlaylistPlayer.2040306023081477 - DEBUG - Verificando diálogo 'Abrir con'...
2025-05-19 18:48:33,348 - Worker-20403060 - PlaylistPlayer.2040306023081477 - DEBUG - No se detectó diálogo 'Abrir con' explícito.
2025-05-19 18:48:33,348 - Worker-20403060 - PlaylistPlayer.2040306023081477 - DEBUG - No se manejó el diálogo 'Abrir con' o no apareció.
2025-05-19 18:48:33,348 - Worker-20403060 - PlaylistPlayer.2040306023081477 - DEBUG - Verificando si Spotify está en primer plano...
2025-05-19 18:48:33,348 - Worker-20403060 - PlaylistPlayer.2040306023081477 - DEBUG - Intentando con comando dumpsys (1): adb -s 2040306023081477 shell dumpsys activity top
2025-05-19 18:48:35,047 - Worker-20403060 - PlaylistPlayer.2040306023081477 - WARNING - Spotify NO parece estar en primer plano según dumpsys.
2025-05-19 18:48:35,047 - Worker-20403060 - PlaylistPlayer.2040306023081477 - DEBUG - Capturando pantalla en C:\Users\def\Documents\OTWMusicSystem_Final\OTWMusicSystem_Final\otw_project\OTW_MUSIC_SYSTEM\screenshots\2040306023081477\spotify_not_foreground_screenshot_2040306023081477_20250519_184835047509.png
2025-05-19 18:48:35,221 - Worker-20403060 - PlaylistPlayer.2040306023081477 - INFO - Captura de pantalla guardada: C:\Users\def\Documents\OTWMusicSystem_Final\OTWMusicSystem_Final\otw_project\OTW_MUSIC_SYSTEM\screenshots\2040306023081477\spotify_not_foreground_screenshot_2040306023081477_20250519_184835047509.png
2025-05-19 18:48:35,221 - Worker-20403060 - PlaylistPlayer.2040306023081477 - WARNING - Spotify no detectado en primer plano después de abrir https://open.spotify.com/artist/77slAN1w8sLCiCGwiZmNEF.
2025-05-19 18:48:35,221 - Worker-20403060 - PlaylistPlayer.2040306023081477 - DEBUG - Capturando pantalla en C:\Users\def\Documents\OTWMusicSystem_Final\OTWMusicSystem_Final\otw_project\OTW_MUSIC_SYSTEM\screenshots\2040306023081477\spotify_not_fg_after_open_77slAN1w8sLCiCGwiZmNEF_screenshot_2040306023081477_20250519_184835221300.png
2025-05-19 18:48:35,514 - Worker-20403060 - PlaylistPlayer.2040306023081477 - INFO - Captura de pantalla guardada: C:\Users\def\Documents\OTWMusicSystem_Final\OTWMusicSystem_Final\otw_project\OTW_MUSIC_SYSTEM\screenshots\2040306023081477\spotify_not_fg_after_open_77slAN1w8sLCiCGwiZmNEF_screenshot_2040306023081477_20250519_184835221300.png
2025-05-19 18:48:35,514 - Worker-20403060 - PlaylistPlayer.2040306023081477 - INFO - Pausa antes de reintentar apertura de URL debido a no foreground.
2025-05-19 18:48:45,577 - Worker-20403060 - PlaylistPlayer.2040306023081477 - INFO - Intentando abrir URL: https://open.spotify.com/artist/77slAN1w8sLCiCGwiZmNEF (Intento 2/3)
2025-05-19 18:48:45,577 - Worker-20403060 - PlaylistPlayer.2040306023081477 - DEBUG - Forzando detención de Spotify (com.spotify.music) antes de abrir URL.
2025-05-19 18:48:47,516 - Worker-20403060 - PlaylistPlayer.2040306023081477 - DEBUG - Presionando HOME.
2025-05-19 18:48:51,052 - Worker-20403060 - PlaylistPlayer.2040306023081477 - DEBUG - Ejecutando ADB intent para URL: https://open.spotify.com/artist/77slAN1w8sLCiCGwiZmNEF
2025-05-19 18:48:54,532 - Worker-20403060 - PlaylistPlayer.2040306023081477 - DEBUG - Resultado ADB 'am start': stdout='Starting: Intent { act=android.intent.action.VIEW dat=https://open.spotify.com/... flg=0x10008000 }', stderr=''
2025-05-19 18:48:57,408 - Worker-20403060 - PlaylistPlayer.2040306023081477 - DEBUG - Esperando que la app se abra y estabilice...
2025-05-19 18:49:06,482 - Worker-20403060 - PlaylistPlayer.2040306023081477 - DEBUG - Verificando diálogo 'Abrir con'...
2025-05-19 18:49:25,182 - Worker-20403060 - PlaylistPlayer.2040306023081477 - DEBUG - No se detectó diálogo 'Abrir con' explícito.
2025-05-19 18:49:25,182 - Worker-20403060 - PlaylistPlayer.2040306023081477 - DEBUG - No se manejó el diálogo 'Abrir con' o no apareció.
2025-05-19 18:49:25,182 - Worker-20403060 - PlaylistPlayer.2040306023081477 - DEBUG - Verificando si Spotify está en primer plano...
2025-05-19 18:49:25,182 - Worker-20403060 - PlaylistPlayer.2040306023081477 - DEBUG - Intentando con comando dumpsys (1): adb -s 2040306023081477 shell dumpsys activity top
2025-05-19 18:49:26,865 - Worker-20403060 - PlaylistPlayer.2040306023081477 - WARNING - Spotify NO parece estar en primer plano según dumpsys.
2025-05-19 18:49:26,865 - Worker-20403060 - PlaylistPlayer.2040306023081477 - DEBUG - Capturando pantalla en C:\Users\def\Documents\OTWMusicSystem_Final\OTWMusicSystem_Final\otw_project\OTW_MUSIC_SYSTEM\screenshots\2040306023081477\spotify_not_foreground_screenshot_2040306023081477_20250519_184926865038.png
2025-05-19 18:49:27,122 - Worker-20403060 - PlaylistPlayer.2040306023081477 - INFO - Captura de pantalla guardada: C:\Users\def\Documents\OTWMusicSystem_Final\OTWMusicSystem_Final\otw_project\OTW_MUSIC_SYSTEM\screenshots\2040306023081477\spotify_not_foreground_screenshot_2040306023081477_20250519_184926865038.png
2025-05-19 18:49:27,122 - Worker-20403060 - PlaylistPlayer.2040306023081477 - WARNING - Spotify no detectado en primer plano después de abrir https://open.spotify.com/artist/77slAN1w8sLCiCGwiZmNEF.
2025-05-19 18:49:27,123 - Worker-20403060 - PlaylistPlayer.2040306023081477 - DEBUG - Capturando pantalla en C:\Users\def\Documents\OTWMusicSystem_Final\OTWMusicSystem_Final\otw_project\OTW_MUSIC_SYSTEM\screenshots\2040306023081477\spotify_not_fg_after_open_77slAN1w8sLCiCGwiZmNEF_screenshot_2040306023081477_20250519_184927122512.png
2025-05-19 18:49:27,377 - Worker-20403060 - PlaylistPlayer.2040306023081477 - INFO - Captura de pantalla guardada: C:\Users\def\Documents\OTWMusicSystem_Final\OTWMusicSystem_Final\otw_project\OTW_MUSIC_SYSTEM\screenshots\2040306023081477\spotify_not_fg_after_open_77slAN1w8sLCiCGwiZmNEF_screenshot_2040306023081477_20250519_184927122512.png
2025-05-19 18:49:27,377 - Worker-20403060 - PlaylistPlayer.2040306023081477 - INFO - Pausa antes de reintentar apertura de URL debido a no foreground.
2025-05-19 18:49:37,147 - Worker-20403060 - PlaylistPlayer.2040306023081477 - INFO - Intentando abrir URL: https://open.spotify.com/artist/77slAN1w8sLCiCGwiZmNEF (Intento 3/3)
2025-05-19 18:49:37,147 - Worker-20403060 - PlaylistPlayer.2040306023081477 - DEBUG - Forzando detención de Spotify (com.spotify.music) antes de abrir URL.
2025-05-19 18:49:39,049 - Worker-20403060 - PlaylistPlayer.2040306023081477 - DEBUG - Presionando HOME.
2025-05-19 18:49:42,352 - Worker-20403060 - PlaylistPlayer.2040306023081477 - DEBUG - Ejecutando ADB intent para URL: https://open.spotify.com/artist/77slAN1w8sLCiCGwiZmNEF
2025-05-19 18:49:45,640 - Worker-20403060 - PlaylistPlayer.2040306023081477 - DEBUG - Resultado ADB 'am start': stdout='Starting: Intent { act=android.intent.action.VIEW dat=https://open.spotify.com/... flg=0x10008000 }', stderr=''
2025-05-19 18:49:49,256 - Worker-20403060 - PlaylistPlayer.2040306023081477 - DEBUG - Esperando que la app se abra y estabilice...
