2025-05-19 18:34:15,615 - Worker-20403060 - PlaylistPlayer.2040306023081477 - INFO - Worker thread INICIADO. Logs en: C:\Users\def\Documents\OTWMusicSystem_Final\OTWMusicSystem_Final\otw_project\OTW_MUSIC_SYSTEM\logs\2040306023081477\playlist_player_20250519_183415.log
2025-05-19 18:34:15,615 - Worker-20403060 - PlaylistPlayer.2040306023081477 - INFO - Personalidad Creada: FollowP=0.63, SearchP=0.19, MinTrackT=74s, MinContentT=5m
2025-05-19 18:34:15,615 - Worker-20403060 - PlaylistPlayer.2040306023081477 - INFO - Intentando conectar a uiautomator2 (intento 1/3)...
2025-05-19 18:34:30,626 - Worker-20403060 - PlaylistPlayer.2040306023081477 - DEBUG - Conexión u2 establecida preliminarmente.
2025-05-19 18:34:31,541 - Worker-20403060 - PlaylistPlayer.2040306023081477 - INFO - Conectado (Device: Studio_X5_Max, Android: N/A).
2025-05-19 18:34:32,393 - Worker-20403060 - PlaylistPlayer.2040306023081477 - INFO - Spotify (com.spotify.music v9.0.36.484) está instalado.
2025-05-19 18:34:32,394 - Worker-20403060 - PlaylistPlayer.2040306023081477 - INFO - Configuración inicial (kill Spotify y volver a Home).
2025-05-19 18:34:32,394 - Worker-20403060 - PlaylistPlayer.2040306023081477 - WARNING - Advertencia durante configuración inicial: 'Device' object has no attribute 'app_kill'
2025-05-19 18:34:32,394 - Worker-20403060 - PlaylistPlayer.2040306023081477 - DEBUG - Capturando pantalla en C:\Users\def\Documents\OTWMusicSystem_Final\OTWMusicSystem_Final\otw_project\OTW_MUSIC_SYSTEM\screenshots\2040306023081477\initial_setup_warn_screenshot_2040306023081477_20250519_183432394429.png
2025-05-19 18:34:36,169 - Worker-20403060 - PlaylistPlayer.2040306023081477 - INFO - Captura de pantalla guardada: C:\Users\def\Documents\OTWMusicSystem_Final\OTWMusicSystem_Final\otw_project\OTW_MUSIC_SYSTEM\screenshots\2040306023081477\initial_setup_warn_screenshot_2040306023081477_20250519_183432394429.png
2025-05-19 18:34:36,169 - Worker-20403060 - PlaylistPlayer.2040306023081477 - INFO - --- Iniciando Sesión de Interacción #1 ---
2025-05-19 18:34:36,169 - Worker-20403060 - PlaylistPlayer.2040306023081477 - INFO - Selección: Link (track) -> https://open.spotify.com/track/5QAme8wugnxgTfxqTz7Fk4?si=3f2aac2176dc4932
2025-05-19 18:34:36,169 - Worker-20403060 - PlaylistPlayer.2040306023081477 - INFO - Iniciando interacción con TRACK: https://open.spotify.com/track/5QAme8wugnxgTfxqTz7Fk4?si=3f2aac2176dc4932
2025-05-19 18:34:36,169 - Worker-20403060 - PlaylistPlayer.2040306023081477 - INFO - Intentando abrir URL: https://open.spotify.com/track/5QAme8wugnxgTfxqTz7Fk4?si=3f2aac2176dc4932 (Intento 1/3)
2025-05-19 18:34:36,170 - Worker-20403060 - PlaylistPlayer.2040306023081477 - DEBUG - Forzando detención de Spotify (com.spotify.music) antes de abrir URL.
2025-05-19 18:34:37,475 - Worker-20403060 - PlaylistPlayer.2040306023081477 - DEBUG - Presionando HOME.
2025-05-19 18:34:39,510 - Worker-20403060 - PlaylistPlayer.2040306023081477 - DEBUG - Ejecutando ADB intent para URL: https://open.spotify.com/track/5QAme8wugnxgTfxqTz7Fk4?si=3f2aac2176dc4932
2025-05-19 18:34:41,145 - Worker-20403060 - PlaylistPlayer.2040306023081477 - DEBUG - Resultado ADB 'am start': stdout='Starting: Intent { act=android.intent.action.VIEW dat=https://open.spotify.com/... flg=0x10008000 }', stderr=''
2025-05-19 18:34:43,395 - Worker-20403060 - PlaylistPlayer.2040306023081477 - DEBUG - Esperando que la app se abra y estabilice (5-8s)...
2025-05-19 18:34:49,700 - Worker-20403060 - PlaylistPlayer.2040306023081477 - DEBUG - Verificando diálogo 'Abrir con'...
2025-05-19 18:35:52,272 - Worker-20403060 - PlaylistPlayer.2040306023081477 - DEBUG - No se detectó diálogo 'Abrir con' explícito.
2025-05-19 18:35:52,273 - Worker-20403060 - PlaylistPlayer.2040306023081477 - DEBUG - No se manejó el diálogo 'Abrir con' o no apareció.
2025-05-19 18:35:52,273 - Worker-20403060 - PlaylistPlayer.2040306023081477 - DEBUG - Verificando si Spotify está en primer plano...
2025-05-19 18:35:52,273 - Worker-20403060 - PlaylistPlayer.2040306023081477 - DEBUG - Intentando con comando dumpsys (1): adb -s 2040306023081477 shell dumpsys activity top
2025-05-19 18:35:54,471 - Worker-20403060 - PlaylistPlayer.2040306023081477 - WARNING - Spotify NO parece estar en primer plano según dumpsys.
2025-05-19 18:35:54,471 - Worker-20403060 - PlaylistPlayer.2040306023081477 - DEBUG - Capturando pantalla en C:\Users\def\Documents\OTWMusicSystem_Final\OTWMusicSystem_Final\otw_project\OTW_MUSIC_SYSTEM\screenshots\2040306023081477\spotify_not_foreground_screenshot_2040306023081477_20250519_183554471144.png
2025-05-19 18:35:57,090 - Worker-20403060 - PlaylistPlayer.2040306023081477 - INFO - Captura de pantalla guardada: C:\Users\def\Documents\OTWMusicSystem_Final\OTWMusicSystem_Final\otw_project\OTW_MUSIC_SYSTEM\screenshots\2040306023081477\spotify_not_foreground_screenshot_2040306023081477_20250519_183554471144.png
2025-05-19 18:35:57,090 - Worker-20403060 - PlaylistPlayer.2040306023081477 - WARNING - Spotify no detectado en primer plano después de abrir https://open.spotify.com/track/5QAme8wugnxgTfxqTz7Fk4?si=3f2aac2176dc4932.
2025-05-19 18:35:57,091 - Worker-20403060 - PlaylistPlayer.2040306023081477 - DEBUG - Capturando pantalla en C:\Users\def\Documents\OTWMusicSystem_Final\OTWMusicSystem_Final\otw_project\OTW_MUSIC_SYSTEM\screenshots\2040306023081477\spotify_not_fg_after_open_5QAme8wugnxgTfxqTz7Fk4?si=3f2aac2176dc4932_screenshot_2040306023081477_20250519_183557091014.png
2025-05-19 18:35:57,442 - Worker-20403060 - PlaylistPlayer.2040306023081477 - ERROR - Error al capturar pantalla: [Errno 22] Invalid argument: 'C:\\Users\\def\\Documents\\OTWMusicSystem_Final\\OTWMusicSystem_Final\\otw_project\\OTW_MUSIC_SYSTEM\\screenshots\\2040306023081477\\spotify_not_fg_after_open_5QAme8wugnxgTfxqTz7Fk4?si=3f2aac2176dc4932_screenshot_2040306023081477_20250519_183557091014.png'
2025-05-19 18:35:57,442 - Worker-20403060 - PlaylistPlayer.2040306023081477 - INFO - Pausa antes de reintentar apertura de URL debido a no foreground (6.5s).
2025-05-19 18:36:01,982 - Worker-20403060 - PlaylistPlayer.2040306023081477 - INFO - Intentando abrir URL: https://open.spotify.com/track/5QAme8wugnxgTfxqTz7Fk4?si=3f2aac2176dc4932 (Intento 2/3)
2025-05-19 18:36:01,982 - Worker-20403060 - PlaylistPlayer.2040306023081477 - DEBUG - Forzando detención de Spotify (com.spotify.music) antes de abrir URL.
2025-05-19 18:36:03,816 - Worker-20403060 - PlaylistPlayer.2040306023081477 - DEBUG - Presionando HOME.
2025-05-19 18:36:06,441 - Worker-20403060 - PlaylistPlayer.2040306023081477 - DEBUG - Ejecutando ADB intent para URL: https://open.spotify.com/track/5QAme8wugnxgTfxqTz7Fk4?si=3f2aac2176dc4932
2025-05-19 18:36:07,617 - Worker-20403060 - PlaylistPlayer.2040306023081477 - DEBUG - Resultado ADB 'am start': stdout='Starting: Intent { act=android.intent.action.VIEW dat=https://open.spotify.com/... flg=0x10008000 }', stderr=''
2025-05-19 18:36:08,978 - Worker-20403060 - PlaylistPlayer.2040306023081477 - DEBUG - Esperando que la app se abra y estabilice (5-8s)...
2025-05-19 18:36:15,437 - Worker-20403060 - PlaylistPlayer.2040306023081477 - DEBUG - Verificando diálogo 'Abrir con'...
2025-05-19 18:37:08,923 - Worker-20403060 - PlaylistPlayer.2040306023081477 - DEBUG - No se detectó diálogo 'Abrir con' explícito.
2025-05-19 18:37:08,923 - Worker-20403060 - PlaylistPlayer.2040306023081477 - DEBUG - No se manejó el diálogo 'Abrir con' o no apareció.
2025-05-19 18:37:08,923 - Worker-20403060 - PlaylistPlayer.2040306023081477 - DEBUG - Verificando si Spotify está en primer plano...
2025-05-19 18:37:08,923 - Worker-20403060 - PlaylistPlayer.2040306023081477 - DEBUG - Intentando con comando dumpsys (1): adb -s 2040306023081477 shell dumpsys activity top
2025-05-19 18:37:11,177 - Worker-20403060 - PlaylistPlayer.2040306023081477 - WARNING - Spotify NO parece estar en primer plano según dumpsys.
2025-05-19 18:37:11,177 - Worker-20403060 - PlaylistPlayer.2040306023081477 - DEBUG - Capturando pantalla en C:\Users\def\Documents\OTWMusicSystem_Final\OTWMusicSystem_Final\otw_project\OTW_MUSIC_SYSTEM\screenshots\2040306023081477\spotify_not_foreground_screenshot_2040306023081477_20250519_183711177271.png
2025-05-19 18:37:12,786 - Worker-20403060 - PlaylistPlayer.2040306023081477 - INFO - Captura de pantalla guardada: C:\Users\def\Documents\OTWMusicSystem_Final\OTWMusicSystem_Final\otw_project\OTW_MUSIC_SYSTEM\screenshots\2040306023081477\spotify_not_foreground_screenshot_2040306023081477_20250519_183711177271.png
2025-05-19 18:37:12,786 - Worker-20403060 - PlaylistPlayer.2040306023081477 - WARNING - Spotify no detectado en primer plano después de abrir https://open.spotify.com/track/5QAme8wugnxgTfxqTz7Fk4?si=3f2aac2176dc4932.
2025-05-19 18:37:12,787 - Worker-20403060 - PlaylistPlayer.2040306023081477 - DEBUG - Capturando pantalla en C:\Users\def\Documents\OTWMusicSystem_Final\OTWMusicSystem_Final\otw_project\OTW_MUSIC_SYSTEM\screenshots\2040306023081477\spotify_not_fg_after_open_5QAme8wugnxgTfxqTz7Fk4?si=3f2aac2176dc4932_screenshot_2040306023081477_20250519_183712786751.png
2025-05-19 18:37:12,964 - Worker-20403060 - PlaylistPlayer.2040306023081477 - ERROR - Error al capturar pantalla: [Errno 22] Invalid argument: 'C:\\Users\\def\\Documents\\OTWMusicSystem_Final\\OTWMusicSystem_Final\\otw_project\\OTW_MUSIC_SYSTEM\\screenshots\\2040306023081477\\spotify_not_fg_after_open_5QAme8wugnxgTfxqTz7Fk4?si=3f2aac2176dc4932_screenshot_2040306023081477_20250519_183712786751.png'
2025-05-19 18:37:12,964 - Worker-20403060 - PlaylistPlayer.2040306023081477 - INFO - Pausa antes de reintentar apertura de URL debido a no foreground (4.4s).
2025-05-19 18:37:19,653 - Worker-20403060 - PlaylistPlayer.2040306023081477 - INFO - Intentando abrir URL: https://open.spotify.com/track/5QAme8wugnxgTfxqTz7Fk4?si=3f2aac2176dc4932 (Intento 3/3)
2025-05-19 18:37:19,654 - Worker-20403060 - PlaylistPlayer.2040306023081477 - DEBUG - Forzando detención de Spotify (com.spotify.music) antes de abrir URL.
2025-05-19 18:37:20,716 - Worker-20403060 - PlaylistPlayer.2040306023081477 - DEBUG - Presionando HOME.
2025-05-19 18:37:23,175 - Worker-20403060 - PlaylistPlayer.2040306023081477 - DEBUG - Ejecutando ADB intent para URL: https://open.spotify.com/track/5QAme8wugnxgTfxqTz7Fk4?si=3f2aac2176dc4932
2025-05-19 18:37:24,631 - Worker-20403060 - PlaylistPlayer.2040306023081477 - DEBUG - Resultado ADB 'am start': stdout='Starting: Intent { act=android.intent.action.VIEW dat=https://open.spotify.com/... flg=0x10008000 }', stderr=''
2025-05-19 18:37:26,172 - Worker-20403060 - PlaylistPlayer.2040306023081477 - DEBUG - Esperando que la app se abra y estabilice (5-8s)...
2025-05-19 18:37:32,713 - Worker-20403060 - PlaylistPlayer.2040306023081477 - DEBUG - Verificando diálogo 'Abrir con'...
2025-05-19 18:38:14,656 - Worker-20403060 - PlaylistPlayer.2040306023081477 - DEBUG - No se detectó diálogo 'Abrir con' explícito.
2025-05-19 18:38:14,656 - Worker-20403060 - PlaylistPlayer.2040306023081477 - DEBUG - No se manejó el diálogo 'Abrir con' o no apareció.
2025-05-19 18:38:14,656 - Worker-20403060 - PlaylistPlayer.2040306023081477 - DEBUG - Verificando si Spotify está en primer plano...
2025-05-19 18:38:14,656 - Worker-20403060 - PlaylistPlayer.2040306023081477 - DEBUG - Intentando con comando dumpsys (1): adb -s 2040306023081477 shell dumpsys activity top
2025-05-19 18:38:19,238 - Worker-20403060 - PlaylistPlayer.2040306023081477 - WARNING - Spotify NO parece estar en primer plano según dumpsys.
2025-05-19 18:38:19,239 - Worker-20403060 - PlaylistPlayer.2040306023081477 - DEBUG - Capturando pantalla en C:\Users\def\Documents\OTWMusicSystem_Final\OTWMusicSystem_Final\otw_project\OTW_MUSIC_SYSTEM\screenshots\2040306023081477\spotify_not_foreground_screenshot_2040306023081477_20250519_183819238874.png
2025-05-19 18:38:20,481 - Worker-20403060 - PlaylistPlayer.2040306023081477 - INFO - Captura de pantalla guardada: C:\Users\def\Documents\OTWMusicSystem_Final\OTWMusicSystem_Final\otw_project\OTW_MUSIC_SYSTEM\screenshots\2040306023081477\spotify_not_foreground_screenshot_2040306023081477_20250519_183819238874.png
2025-05-19 18:38:20,481 - Worker-20403060 - PlaylistPlayer.2040306023081477 - WARNING - Spotify no detectado en primer plano después de abrir https://open.spotify.com/track/5QAme8wugnxgTfxqTz7Fk4?si=3f2aac2176dc4932.
2025-05-19 18:38:20,482 - Worker-20403060 - PlaylistPlayer.2040306023081477 - DEBUG - Capturando pantalla en C:\Users\def\Documents\OTWMusicSystem_Final\OTWMusicSystem_Final\otw_project\OTW_MUSIC_SYSTEM\screenshots\2040306023081477\spotify_not_fg_after_open_5QAme8wugnxgTfxqTz7Fk4?si=3f2aac2176dc4932_screenshot_2040306023081477_20250519_183820482415.png
2025-05-19 18:38:20,612 - Worker-20403060 - PlaylistPlayer.2040306023081477 - ERROR - Error al capturar pantalla: [Errno 22] Invalid argument: 'C:\\Users\\def\\Documents\\OTWMusicSystem_Final\\OTWMusicSystem_Final\\otw_project\\OTW_MUSIC_SYSTEM\\screenshots\\2040306023081477\\spotify_not_fg_after_open_5QAme8wugnxgTfxqTz7Fk4?si=3f2aac2176dc4932_screenshot_2040306023081477_20250519_183820482415.png'
2025-05-19 18:38:20,612 - Worker-20403060 - PlaylistPlayer.2040306023081477 - INFO - Pausa antes de reintentar apertura de URL debido a no foreground (5.2s).
2025-05-19 18:38:25,537 - Worker-20403060 - PlaylistPlayer.2040306023081477 - INFO - Intentando abrir URL: https://open.spotify.com/track/5QAme8wugnxgTfxqTz7Fk4?si=3f2aac2176dc4932 (Intento 4/3)
2025-05-19 18:38:25,537 - Worker-20403060 - PlaylistPlayer.2040306023081477 - ERROR - Máximos reintentos (3) alcanzados para abrir URL https://open.spotify.com/track/5QAme8wugnxgTfxqTz7Fk4?si=3f2aac2176dc4932
2025-05-19 18:38:25,537 - Worker-20403060 - PlaylistPlayer.2040306023081477 - DEBUG - Capturando pantalla en C:\Users\def\Documents\OTWMusicSystem_Final\OTWMusicSystem_Final\otw_project\OTW_MUSIC_SYSTEM\screenshots\2040306023081477\open_url_max_retries_fail_5QAme8wugnxgTfxqTz7Fk4?si=3f2aac2176dc4932_screenshot_2040306023081477_20250519_183825537328.png
2025-05-19 18:38:25,676 - Worker-20403060 - PlaylistPlayer.2040306023081477 - ERROR - Error al capturar pantalla: [Errno 22] Invalid argument: 'C:\\Users\\def\\Documents\\OTWMusicSystem_Final\\OTWMusicSystem_Final\\otw_project\\OTW_MUSIC_SYSTEM\\screenshots\\2040306023081477\\open_url_max_retries_fail_5QAme8wugnxgTfxqTz7Fk4?si=3f2aac2176dc4932_screenshot_2040306023081477_20250519_183825537328.png'
2025-05-19 18:38:25,677 - Worker-20403060 - PlaylistPlayer.2040306023081477 - ERROR - No se pudo abrir el track https://open.spotify.com/track/5QAme8wugnxgTfxqTz7Fk4?si=3f2aac2176dc4932. Terminando interacción.
2025-05-19 18:38:25,677 - Worker-20403060 - PlaylistPlayer.2040306023081477 - INFO - Sesión #1 completada. Pausa de 8.4s.
2025-05-19 18:38:34,028 - Worker-20403060 - PlaylistPlayer.2040306023081477 - INFO - --- Iniciando Sesión de Interacción #2 ---
2025-05-19 18:38:34,028 - Worker-20403060 - PlaylistPlayer.2040306023081477 - INFO - Selección: Link (track) -> https://open.spotify.com/track/56n5POxGEe6mw3MZrHwx9Q?si=b5a4661dae674cc8
2025-05-19 18:38:34,028 - Worker-20403060 - PlaylistPlayer.2040306023081477 - INFO - Iniciando interacción con TRACK: https://open.spotify.com/track/56n5POxGEe6mw3MZrHwx9Q?si=b5a4661dae674cc8
2025-05-19 18:38:34,029 - Worker-20403060 - PlaylistPlayer.2040306023081477 - INFO - Intentando abrir URL: https://open.spotify.com/track/56n5POxGEe6mw3MZrHwx9Q?si=b5a4661dae674cc8 (Intento 1/3)
2025-05-19 18:38:34,029 - Worker-20403060 - PlaylistPlayer.2040306023081477 - DEBUG - Forzando detención de Spotify (com.spotify.music) antes de abrir URL.
2025-05-19 18:38:35,229 - Worker-20403060 - PlaylistPlayer.2040306023081477 - DEBUG - Presionando HOME.
2025-05-19 18:38:37,225 - Worker-20403060 - PlaylistPlayer.2040306023081477 - DEBUG - Ejecutando ADB intent para URL: https://open.spotify.com/track/56n5POxGEe6mw3MZrHwx9Q?si=b5a4661dae674cc8
2025-05-19 18:38:38,322 - Worker-20403060 - PlaylistPlayer.2040306023081477 - DEBUG - Resultado ADB 'am start': stdout='Starting: Intent { act=android.intent.action.VIEW dat=https://open.spotify.com/... flg=0x10008000 }', stderr=''
2025-05-19 18:38:39,825 - Worker-20403060 - PlaylistPlayer.2040306023081477 - DEBUG - Esperando que la app se abra y estabilice (5-8s)...
2025-05-19 18:38:47,188 - Worker-20403060 - PlaylistPlayer.2040306023081477 - DEBUG - Verificando diálogo 'Abrir con'...
2025-05-19 18:40:10,893 - Worker-20403060 - PlaylistPlayer.2040306023081477 - DEBUG - No se detectó diálogo 'Abrir con' explícito.
2025-05-19 18:40:10,893 - Worker-20403060 - PlaylistPlayer.2040306023081477 - DEBUG - No se manejó el diálogo 'Abrir con' o no apareció.
2025-05-19 18:40:10,893 - Worker-20403060 - PlaylistPlayer.2040306023081477 - DEBUG - Verificando si Spotify está en primer plano...
2025-05-19 18:40:10,894 - Worker-20403060 - PlaylistPlayer.2040306023081477 - DEBUG - Intentando con comando dumpsys (1): adb -s 2040306023081477 shell dumpsys activity top
2025-05-19 18:40:13,128 - Worker-20403060 - PlaylistPlayer.2040306023081477 - WARNING - Spotify NO parece estar en primer plano según dumpsys.
2025-05-19 18:40:13,129 - Worker-20403060 - PlaylistPlayer.2040306023081477 - DEBUG - Capturando pantalla en C:\Users\def\Documents\OTWMusicSystem_Final\OTWMusicSystem_Final\otw_project\OTW_MUSIC_SYSTEM\screenshots\2040306023081477\spotify_not_foreground_screenshot_2040306023081477_20250519_184013128894.png
2025-05-19 18:40:19,102 - Worker-20403060 - PlaylistPlayer.2040306023081477 - INFO - Captura de pantalla guardada: C:\Users\def\Documents\OTWMusicSystem_Final\OTWMusicSystem_Final\otw_project\OTW_MUSIC_SYSTEM\screenshots\2040306023081477\spotify_not_foreground_screenshot_2040306023081477_20250519_184013128894.png
2025-05-19 18:40:19,103 - Worker-20403060 - PlaylistPlayer.2040306023081477 - WARNING - Spotify no detectado en primer plano después de abrir https://open.spotify.com/track/56n5POxGEe6mw3MZrHwx9Q?si=b5a4661dae674cc8.
2025-05-19 18:40:19,103 - Worker-20403060 - PlaylistPlayer.2040306023081477 - DEBUG - Capturando pantalla en C:\Users\def\Documents\OTWMusicSystem_Final\OTWMusicSystem_Final\otw_project\OTW_MUSIC_SYSTEM\screenshots\2040306023081477\spotify_not_fg_after_open_56n5POxGEe6mw3MZrHwx9Q?si=b5a4661dae674cc8_screenshot_2040306023081477_20250519_184019103286.png
2025-05-19 18:40:19,763 - Worker-20403060 - PlaylistPlayer.2040306023081477 - ERROR - Error al capturar pantalla: [Errno 22] Invalid argument: 'C:\\Users\\def\\Documents\\OTWMusicSystem_Final\\OTWMusicSystem_Final\\otw_project\\OTW_MUSIC_SYSTEM\\screenshots\\2040306023081477\\spotify_not_fg_after_open_56n5POxGEe6mw3MZrHwx9Q?si=b5a4661dae674cc8_screenshot_2040306023081477_20250519_184019103286.png'
2025-05-19 18:40:19,763 - Worker-20403060 - PlaylistPlayer.2040306023081477 - INFO - Pausa antes de reintentar apertura de URL debido a no foreground (5.4s).
2025-05-19 18:40:25,650 - Worker-20403060 - PlaylistPlayer.2040306023081477 - INFO - Intentando abrir URL: https://open.spotify.com/track/56n5POxGEe6mw3MZrHwx9Q?si=b5a4661dae674cc8 (Intento 2/3)
2025-05-19 18:40:25,650 - Worker-20403060 - PlaylistPlayer.2040306023081477 - DEBUG - Forzando detención de Spotify (com.spotify.music) antes de abrir URL.
2025-05-19 18:40:27,286 - Worker-20403060 - PlaylistPlayer.2040306023081477 - DEBUG - Presionando HOME.
2025-05-19 18:40:29,386 - Worker-20403060 - PlaylistPlayer.2040306023081477 - DEBUG - Ejecutando ADB intent para URL: https://open.spotify.com/track/56n5POxGEe6mw3MZrHwx9Q?si=b5a4661dae674cc8
2025-05-19 18:40:31,068 - Worker-20403060 - PlaylistPlayer.2040306023081477 - DEBUG - Resultado ADB 'am start': stdout='Starting: Intent { act=android.intent.action.VIEW dat=https://open.spotify.com/... flg=0x10008000 }', stderr=''
2025-05-19 18:40:33,109 - Worker-20403060 - PlaylistPlayer.2040306023081477 - DEBUG - Esperando que la app se abra y estabilice (5-8s)...
2025-05-19 18:40:38,929 - Worker-20403060 - PlaylistPlayer.2040306023081477 - DEBUG - Verificando diálogo 'Abrir con'...
2025-05-19 18:41:25,779 - Worker-20403060 - PlaylistPlayer.2040306023081477 - DEBUG - No se detectó diálogo 'Abrir con' explícito.
2025-05-19 18:41:25,779 - Worker-20403060 - PlaylistPlayer.2040306023081477 - DEBUG - No se manejó el diálogo 'Abrir con' o no apareció.
2025-05-19 18:41:25,779 - Worker-20403060 - PlaylistPlayer.2040306023081477 - DEBUG - Verificando si Spotify está en primer plano...
2025-05-19 18:41:25,780 - Worker-20403060 - PlaylistPlayer.2040306023081477 - DEBUG - Intentando con comando dumpsys (1): adb -s 2040306023081477 shell dumpsys activity top
2025-05-19 18:41:26,818 - Worker-20403060 - PlaylistPlayer.2040306023081477 - WARNING - Spotify NO parece estar en primer plano según dumpsys.
2025-05-19 18:41:26,819 - Worker-20403060 - PlaylistPlayer.2040306023081477 - DEBUG - Capturando pantalla en C:\Users\def\Documents\OTWMusicSystem_Final\OTWMusicSystem_Final\otw_project\OTW_MUSIC_SYSTEM\screenshots\2040306023081477\spotify_not_foreground_screenshot_2040306023081477_20250519_184126818653.png
2025-05-19 18:41:31,617 - Worker-20403060 - PlaylistPlayer.2040306023081477 - INFO - Captura de pantalla guardada: C:\Users\def\Documents\OTWMusicSystem_Final\OTWMusicSystem_Final\otw_project\OTW_MUSIC_SYSTEM\screenshots\2040306023081477\spotify_not_foreground_screenshot_2040306023081477_20250519_184126818653.png
2025-05-19 18:41:31,617 - Worker-20403060 - PlaylistPlayer.2040306023081477 - WARNING - Spotify no detectado en primer plano después de abrir https://open.spotify.com/track/56n5POxGEe6mw3MZrHwx9Q?si=b5a4661dae674cc8.
2025-05-19 18:41:31,618 - Worker-20403060 - PlaylistPlayer.2040306023081477 - DEBUG - Capturando pantalla en C:\Users\def\Documents\OTWMusicSystem_Final\OTWMusicSystem_Final\otw_project\OTW_MUSIC_SYSTEM\screenshots\2040306023081477\spotify_not_fg_after_open_56n5POxGEe6mw3MZrHwx9Q?si=b5a4661dae674cc8_screenshot_2040306023081477_20250519_184131617976.png
2025-05-19 18:41:32,429 - Worker-20403060 - PlaylistPlayer.2040306023081477 - ERROR - Error al capturar pantalla: [Errno 22] Invalid argument: 'C:\\Users\\def\\Documents\\OTWMusicSystem_Final\\OTWMusicSystem_Final\\otw_project\\OTW_MUSIC_SYSTEM\\screenshots\\2040306023081477\\spotify_not_fg_after_open_56n5POxGEe6mw3MZrHwx9Q?si=b5a4661dae674cc8_screenshot_2040306023081477_20250519_184131617976.png'
2025-05-19 18:41:32,430 - Worker-20403060 - PlaylistPlayer.2040306023081477 - INFO - Pausa antes de reintentar apertura de URL debido a no foreground (5.3s).
2025-05-19 18:41:38,112 - Worker-20403060 - PlaylistPlayer.2040306023081477 - INFO - Intentando abrir URL: https://open.spotify.com/track/56n5POxGEe6mw3MZrHwx9Q?si=b5a4661dae674cc8 (Intento 3/3)
2025-05-19 18:41:38,112 - Worker-20403060 - PlaylistPlayer.2040306023081477 - DEBUG - Forzando detención de Spotify (com.spotify.music) antes de abrir URL.
2025-05-19 18:41:39,173 - Worker-20403060 - PlaylistPlayer.2040306023081477 - DEBUG - Presionando HOME.
2025-05-19 18:41:41,589 - Worker-20403060 - PlaylistPlayer.2040306023081477 - DEBUG - Ejecutando ADB intent para URL: https://open.spotify.com/track/56n5POxGEe6mw3MZrHwx9Q?si=b5a4661dae674cc8
2025-05-19 18:41:43,530 - Worker-20403060 - PlaylistPlayer.2040306023081477 - DEBUG - Resultado ADB 'am start': stdout='Starting: Intent { act=android.intent.action.VIEW dat=https://open.spotify.com/... flg=0x10008000 }', stderr=''
2025-05-19 18:41:46,002 - Worker-20403060 - PlaylistPlayer.2040306023081477 - DEBUG - Esperando que la app se abra y estabilice (5-8s)...
2025-05-19 18:41:53,260 - Worker-20403060 - PlaylistPlayer.2040306023081477 - DEBUG - Verificando diálogo 'Abrir con'...
2025-05-19 18:42:53,930 - Worker-20403060 - PlaylistPlayer.2040306023081477 - DEBUG - No se detectó diálogo 'Abrir con' explícito.
2025-05-19 18:42:53,930 - Worker-20403060 - PlaylistPlayer.2040306023081477 - DEBUG - No se manejó el diálogo 'Abrir con' o no apareció.
2025-05-19 18:42:53,930 - Worker-20403060 - PlaylistPlayer.2040306023081477 - DEBUG - Verificando si Spotify está en primer plano...
2025-05-19 18:42:53,931 - Worker-20403060 - PlaylistPlayer.2040306023081477 - DEBUG - Intentando con comando dumpsys (1): adb -s 2040306023081477 shell dumpsys activity top
2025-05-19 18:42:55,228 - Worker-20403060 - PlaylistPlayer.2040306023081477 - WARNING - Spotify NO parece estar en primer plano según dumpsys.
2025-05-19 18:42:55,228 - Worker-20403060 - PlaylistPlayer.2040306023081477 - DEBUG - Capturando pantalla en C:\Users\def\Documents\OTWMusicSystem_Final\OTWMusicSystem_Final\otw_project\OTW_MUSIC_SYSTEM\screenshots\2040306023081477\spotify_not_foreground_screenshot_2040306023081477_20250519_184255228352.png
2025-05-19 18:42:58,617 - Worker-20403060 - PlaylistPlayer.2040306023081477 - INFO - Captura de pantalla guardada: C:\Users\def\Documents\OTWMusicSystem_Final\OTWMusicSystem_Final\otw_project\OTW_MUSIC_SYSTEM\screenshots\2040306023081477\spotify_not_foreground_screenshot_2040306023081477_20250519_184255228352.png
2025-05-19 18:42:58,617 - Worker-20403060 - PlaylistPlayer.2040306023081477 - WARNING - Spotify no detectado en primer plano después de abrir https://open.spotify.com/track/56n5POxGEe6mw3MZrHwx9Q?si=b5a4661dae674cc8.
2025-05-19 18:42:58,618 - Worker-20403060 - PlaylistPlayer.2040306023081477 - DEBUG - Capturando pantalla en C:\Users\def\Documents\OTWMusicSystem_Final\OTWMusicSystem_Final\otw_project\OTW_MUSIC_SYSTEM\screenshots\2040306023081477\spotify_not_fg_after_open_56n5POxGEe6mw3MZrHwx9Q?si=b5a4661dae674cc8_screenshot_2040306023081477_20250519_184258617955.png
2025-05-19 18:42:59,101 - Worker-20403060 - PlaylistPlayer.2040306023081477 - ERROR - Error al capturar pantalla: [Errno 22] Invalid argument: 'C:\\Users\\def\\Documents\\OTWMusicSystem_Final\\OTWMusicSystem_Final\\otw_project\\OTW_MUSIC_SYSTEM\\screenshots\\2040306023081477\\spotify_not_fg_after_open_56n5POxGEe6mw3MZrHwx9Q?si=b5a4661dae674cc8_screenshot_2040306023081477_20250519_184258617955.png'
2025-05-19 18:42:59,101 - Worker-20403060 - PlaylistPlayer.2040306023081477 - INFO - Pausa antes de reintentar apertura de URL debido a no foreground (4.2s).
2025-05-19 18:43:05,681 - Worker-20403060 - PlaylistPlayer.2040306023081477 - INFO - Intentando abrir URL: https://open.spotify.com/track/56n5POxGEe6mw3MZrHwx9Q?si=b5a4661dae674cc8 (Intento 4/3)
2025-05-19 18:43:05,681 - Worker-20403060 - PlaylistPlayer.2040306023081477 - ERROR - Máximos reintentos (3) alcanzados para abrir URL https://open.spotify.com/track/56n5POxGEe6mw3MZrHwx9Q?si=b5a4661dae674cc8
2025-05-19 18:43:05,682 - Worker-20403060 - PlaylistPlayer.2040306023081477 - DEBUG - Capturando pantalla en C:\Users\def\Documents\OTWMusicSystem_Final\OTWMusicSystem_Final\otw_project\OTW_MUSIC_SYSTEM\screenshots\2040306023081477\open_url_max_retries_fail_56n5POxGEe6mw3MZrHwx9Q?si=b5a4661dae674cc8_screenshot_2040306023081477_20250519_184305681831.png
2025-05-19 18:43:06,112 - Worker-20403060 - PlaylistPlayer.2040306023081477 - ERROR - Error al capturar pantalla: [Errno 22] Invalid argument: 'C:\\Users\\def\\Documents\\OTWMusicSystem_Final\\OTWMusicSystem_Final\\otw_project\\OTW_MUSIC_SYSTEM\\screenshots\\2040306023081477\\open_url_max_retries_fail_56n5POxGEe6mw3MZrHwx9Q?si=b5a4661dae674cc8_screenshot_2040306023081477_20250519_184305681831.png'
2025-05-19 18:43:06,112 - Worker-20403060 - PlaylistPlayer.2040306023081477 - ERROR - No se pudo abrir el track https://open.spotify.com/track/56n5POxGEe6mw3MZrHwx9Q?si=b5a4661dae674cc8. Terminando interacción.
2025-05-19 18:43:06,112 - Worker-20403060 - PlaylistPlayer.2040306023081477 - INFO - Sesión #2 completada. Pausa de 5.9s.
2025-05-19 18:43:11,984 - Worker-20403060 - PlaylistPlayer.2040306023081477 - INFO - --- Iniciando Sesión de Interacción #3 ---
2025-05-19 18:43:11,984 - Worker-20403060 - PlaylistPlayer.2040306023081477 - INFO - Selección: Link (track) -> https://open.spotify.com/track/77QnahFmpYVkEdl4wIOovy?si=7e2fe73d60b940c3
2025-05-19 18:43:11,984 - Worker-20403060 - PlaylistPlayer.2040306023081477 - INFO - Iniciando interacción con TRACK: https://open.spotify.com/track/77QnahFmpYVkEdl4wIOovy?si=7e2fe73d60b940c3
2025-05-19 18:43:11,984 - Worker-20403060 - PlaylistPlayer.2040306023081477 - INFO - Intentando abrir URL: https://open.spotify.com/track/77QnahFmpYVkEdl4wIOovy?si=7e2fe73d60b940c3 (Intento 1/3)
2025-05-19 18:43:11,985 - Worker-20403060 - PlaylistPlayer.2040306023081477 - DEBUG - Forzando detención de Spotify (com.spotify.music) antes de abrir URL.
2025-05-19 18:43:13,609 - Worker-20403060 - PlaylistPlayer.2040306023081477 - DEBUG - Presionando HOME.
2025-05-19 18:43:16,104 - Worker-20403060 - PlaylistPlayer.2040306023081477 - DEBUG - Ejecutando ADB intent para URL: https://open.spotify.com/track/77QnahFmpYVkEdl4wIOovy?si=7e2fe73d60b940c3
2025-05-19 18:43:18,338 - Worker-20403060 - PlaylistPlayer.2040306023081477 - DEBUG - Resultado ADB 'am start': stdout='Starting: Intent { act=android.intent.action.VIEW dat=https://open.spotify.com/... flg=0x10008000 }', stderr=''
2025-05-19 18:43:19,788 - Worker-20403060 - PlaylistPlayer.2040306023081477 - DEBUG - Esperando que la app se abra y estabilice (5-8s)...
2025-05-19 18:43:26,773 - Worker-20403060 - PlaylistPlayer.2040306023081477 - DEBUG - Verificando diálogo 'Abrir con'...
2025-05-19 18:44:00,248 - Worker-20403060 - PlaylistPlayer.2040306023081477 - DEBUG - No se detectó diálogo 'Abrir con' explícito.
2025-05-19 18:44:00,248 - Worker-20403060 - PlaylistPlayer.2040306023081477 - DEBUG - No se manejó el diálogo 'Abrir con' o no apareció.
2025-05-19 18:44:00,248 - Worker-20403060 - PlaylistPlayer.2040306023081477 - DEBUG - Verificando si Spotify está en primer plano...
2025-05-19 18:44:00,248 - Worker-20403060 - PlaylistPlayer.2040306023081477 - DEBUG - Intentando con comando dumpsys (1): adb -s 2040306023081477 shell dumpsys activity top
2025-05-19 18:44:03,259 - Worker-20403060 - PlaylistPlayer.2040306023081477 - WARNING - Spotify NO parece estar en primer plano según dumpsys.
2025-05-19 18:44:03,259 - Worker-20403060 - PlaylistPlayer.2040306023081477 - DEBUG - Capturando pantalla en C:\Users\def\Documents\OTWMusicSystem_Final\OTWMusicSystem_Final\otw_project\OTW_MUSIC_SYSTEM\screenshots\2040306023081477\spotify_not_foreground_screenshot_2040306023081477_20250519_184403259647.png
2025-05-19 18:44:07,158 - Worker-20403060 - PlaylistPlayer.2040306023081477 - INFO - Captura de pantalla guardada: C:\Users\def\Documents\OTWMusicSystem_Final\OTWMusicSystem_Final\otw_project\OTW_MUSIC_SYSTEM\screenshots\2040306023081477\spotify_not_foreground_screenshot_2040306023081477_20250519_184403259647.png
2025-05-19 18:44:07,158 - Worker-20403060 - PlaylistPlayer.2040306023081477 - WARNING - Spotify no detectado en primer plano después de abrir https://open.spotify.com/track/77QnahFmpYVkEdl4wIOovy?si=7e2fe73d60b940c3.
2025-05-19 18:44:07,158 - Worker-20403060 - PlaylistPlayer.2040306023081477 - DEBUG - Capturando pantalla en C:\Users\def\Documents\OTWMusicSystem_Final\OTWMusicSystem_Final\otw_project\OTW_MUSIC_SYSTEM\screenshots\2040306023081477\spotify_not_fg_after_open_77QnahFmpYVkEdl4wIOovy?si=7e2fe73d60b940c3_screenshot_2040306023081477_20250519_184407158380.png
2025-05-19 18:44:07,491 - Worker-20403060 - PlaylistPlayer.2040306023081477 - ERROR - Error al capturar pantalla: [Errno 22] Invalid argument: 'C:\\Users\\def\\Documents\\OTWMusicSystem_Final\\OTWMusicSystem_Final\\otw_project\\OTW_MUSIC_SYSTEM\\screenshots\\2040306023081477\\spotify_not_fg_after_open_77QnahFmpYVkEdl4wIOovy?si=7e2fe73d60b940c3_screenshot_2040306023081477_20250519_184407158380.png'
2025-05-19 18:44:07,491 - Worker-20403060 - PlaylistPlayer.2040306023081477 - INFO - Pausa antes de reintentar apertura de URL debido a no foreground (6.7s).
2025-05-19 18:44:12,770 - Worker-20403060 - PlaylistPlayer.2040306023081477 - INFO - Intentando abrir URL: https://open.spotify.com/track/77QnahFmpYVkEdl4wIOovy?si=7e2fe73d60b940c3 (Intento 2/3)
2025-05-19 18:44:12,770 - Worker-20403060 - PlaylistPlayer.2040306023081477 - DEBUG - Forzando detención de Spotify (com.spotify.music) antes de abrir URL.
2025-05-19 18:44:15,032 - Worker-20403060 - PlaylistPlayer.2040306023081477 - DEBUG - Presionando HOME.
2025-05-19 18:44:17,606 - Worker-20403060 - PlaylistPlayer.2040306023081477 - DEBUG - Ejecutando ADB intent para URL: https://open.spotify.com/track/77QnahFmpYVkEdl4wIOovy?si=7e2fe73d60b940c3
2025-05-19 18:44:19,562 - Worker-20403060 - PlaylistPlayer.2040306023081477 - DEBUG - Resultado ADB 'am start': stdout='Starting: Intent { act=android.intent.action.VIEW dat=https://open.spotify.com/... flg=0x10008000 }', stderr=''
2025-05-19 18:44:20,922 - Worker-20403060 - PlaylistPlayer.2040306023081477 - DEBUG - Esperando que la app se abra y estabilice (5-8s)...
2025-05-19 18:44:26,737 - Worker-20403060 - PlaylistPlayer.2040306023081477 - DEBUG - Verificando diálogo 'Abrir con'...
