2025-05-19 19:38:24,106 - Worker-20403060 - PlaylistPlayer.2040306023081477 - INFO - Worker thread INICIADO. Logs en: C:\Users\def\Documents\OTWMusicSystem_Final\OTWMusicSystem_Final\otw_project\OTW_MUSIC_SYSTEM\logs\2040306023081477\playlist_player_20250519_193824.log
2025-05-19 19:38:24,107 - Worker-20403060 - PlaylistPlayer.2040306023081477 - INFO - Personalidad Creada (SLOW_MODE_FACTOR=1.75): InitPlaylistDur=[30-35]m, ArtistDur=[30-60]m, IndivTrackSessDur=[60-90]m, SingleTrackDur=[60-120]s, VisitArtistProb=0.51, PlayIndivTracksProb=0.52
2025-05-19 19:38:24,107 - Worker-20403060 - PlaylistPlayer.2040306023081477 - INFO - Conectando uiautomator2 (intento 1/3)...
2025-05-19 19:38:36,547 - Worker-20403060 - PlaylistPlayer.2040306023081477 - INFO - Conectado (Device: Studio_X5_Max, Android: N/A).
2025-05-19 19:38:37,419 - Worker-20403060 - PlaylistPlayer.2040306023081477 - INFO - Spotify (com.spotify.music v9.0.36.484) instalado.
2025-05-19 19:38:37,419 - Worker-20403060 - PlaylistPlayer.2040306023081477 - INFO - Setup inicial (kill Spotify, home).
2025-05-19 19:38:37,419 - Worker-20403060 - PlaylistPlayer.2040306023081477 - WARNING - Advertencia setup inicial: 'Device' object has no attribute 'app_kill'
2025-05-19 19:38:37,419 - Worker-20403060 - PlaylistPlayer.2040306023081477 - DEBUG - Capturando pantalla en C:\Users\def\Documents\OTWMusicSystem_Final\OTWMusicSystem_Final\otw_project\OTW_MUSIC_SYSTEM\screenshots\2040306023081477\init_setup_warn_screenshot_2040306023081477_20250519_193837419880.png
2025-05-19 19:38:40,550 - Worker-20403060 - PlaylistPlayer.2040306023081477 - INFO - Captura de pantalla guardada: C:\Users\def\Documents\OTWMusicSystem_Final\OTWMusicSystem_Final\otw_project\OTW_MUSIC_SYSTEM\screenshots\2040306023081477\init_setup_warn_screenshot_2040306023081477_20250519_193837419880.png
2025-05-19 19:38:40,550 - Worker-20403060 - PlaylistPlayer.2040306023081477 - INFO - --- Iniciando CICLO DE VIDA DE INTERACCIÓN #1 ---
2025-05-19 19:38:40,551 - Worker-20403060 - PlaylistPlayer.2040306023081477 - INFO - Fase 1: Playlist Inicial.
2025-05-19 19:38:40,551 - Worker-20403060 - PlaylistPlayer.2040306023081477 - INFO - Iniciando PLAYLIST: https://open.spotify.com/playlist/1jNkvpdVy0DtpabdXexqLg?si=Jnx5VeI4RtSq-M6_Fy4OMg por ~30 min.
2025-05-19 19:38:40,551 - Worker-20403060 - PlaylistPlayer.2040306023081477 - INFO - Intentando abrir URL: https://open.spotify.com/playlist/1jNkvpdVy0DtpabdXexqLg?si=Jnx5VeI4RtSq-M6_Fy4OMg (Intento 1/3)
2025-05-19 19:38:40,552 - Worker-20403060 - PlaylistPlayer.2040306023081477 - DEBUG - Forzando detención de Spotify (com.spotify.music).
2025-05-19 19:38:42,235 - Worker-20403060 - PlaylistPlayer.2040306023081477 - DEBUG - Presionando HOME.
2025-05-19 19:38:45,094 - Worker-20403060 - PlaylistPlayer.2040306023081477 - DEBUG - Ejecutando ADB intent para URL: https://open.spotify.com/playlist/1jNkvpdVy0DtpabdXexqLg?si=Jnx5VeI4RtSq-M6_Fy4OMg
2025-05-19 19:38:50,266 - Worker-20403060 - PlaylistPlayer.2040306023081477 - DEBUG - Resultado ADB: stdout='Starting: Intent { act=android.intent.action.VIEW dat=https://open.spotify.com/... flg=0x10008000 }', stderr=''
2025-05-19 19:38:53,520 - Worker-20403060 - PlaylistPlayer.2040306023081477 - DEBUG - Esperando app estabilice...
2025-05-19 19:39:03,266 - Worker-20403060 - PlaylistPlayer.2040306023081477 - DEBUG - Verificando diálogo 'Abrir con'...
2025-05-19 19:39:19,438 - Worker-20403060 - PlaylistPlayer.2040306023081477 - DEBUG - No se detectó diálogo 'Abrir con' explícito.
2025-05-19 19:39:19,439 - Worker-20403060 - PlaylistPlayer.2040306023081477 - DEBUG - No se manejó diálogo 'Abrir con'.
2025-05-19 19:39:19,439 - Worker-20403060 - PlaylistPlayer.2040306023081477 - DEBUG - Verificando si Spotify está en primer plano...
2025-05-19 19:39:19,439 - Worker-20403060 - PlaylistPlayer.2040306023081477 - DEBUG - Intentando con comando dumpsys (1): adb -s 2040306023081477 shell dumpsys activity top
2025-05-19 19:39:21,004 - Worker-20403060 - PlaylistPlayer.2040306023081477 - WARNING - Spotify NO parece estar en primer plano.
2025-05-19 19:39:21,007 - Worker-20403060 - PlaylistPlayer.2040306023081477 - DEBUG - Capturando pantalla en C:\Users\def\Documents\OTWMusicSystem_Final\OTWMusicSystem_Final\otw_project\OTW_MUSIC_SYSTEM\screenshots\2040306023081477\spotify_not_foreground_screenshot_2040306023081477_20250519_193921005203.png
2025-05-19 19:39:21,854 - Worker-20403060 - PlaylistPlayer.2040306023081477 - INFO - Captura de pantalla guardada: C:\Users\def\Documents\OTWMusicSystem_Final\OTWMusicSystem_Final\otw_project\OTW_MUSIC_SYSTEM\screenshots\2040306023081477\spotify_not_foreground_screenshot_2040306023081477_20250519_193921005203.png
2025-05-19 19:39:21,854 - Worker-20403060 - PlaylistPlayer.2040306023081477 - WARNING - Spotify no en primer plano tras abrir https://open.spotify.com/playlist/1jNkvpdVy0DtpabdXexqLg?si=Jnx5VeI4RtSq-M6_Fy4OMg.
2025-05-19 19:39:21,855 - Worker-20403060 - PlaylistPlayer.2040306023081477 - DEBUG - Capturando pantalla en C:\Users\def\Documents\OTWMusicSystem_Final\OTWMusicSystem_Final\otw_project\OTW_MUSIC_SYSTEM\screenshots\2040306023081477\spotify_not_fg_screenshot_2040306023081477_20250519_193921854939.png
2025-05-19 19:39:23,101 - Worker-20403060 - PlaylistPlayer.2040306023081477 - INFO - Captura de pantalla guardada: C:\Users\def\Documents\OTWMusicSystem_Final\OTWMusicSystem_Final\otw_project\OTW_MUSIC_SYSTEM\screenshots\2040306023081477\spotify_not_fg_screenshot_2040306023081477_20250519_193921854939.png
2025-05-19 19:39:31,530 - Worker-20403060 - PlaylistPlayer.2040306023081477 - INFO - Intentando abrir URL: https://open.spotify.com/playlist/1jNkvpdVy0DtpabdXexqLg?si=Jnx5VeI4RtSq-M6_Fy4OMg (Intento 2/3)
2025-05-19 19:39:31,530 - Worker-20403060 - PlaylistPlayer.2040306023081477 - DEBUG - Forzando detención de Spotify (com.spotify.music).
2025-05-19 19:39:35,032 - Worker-20403060 - PlaylistPlayer.2040306023081477 - DEBUG - Presionando HOME.
2025-05-19 19:39:37,691 - Worker-20403060 - PlaylistPlayer.2040306023081477 - DEBUG - Ejecutando ADB intent para URL: https://open.spotify.com/playlist/1jNkvpdVy0DtpabdXexqLg?si=Jnx5VeI4RtSq-M6_Fy4OMg
2025-05-19 19:39:41,285 - Worker-20403060 - PlaylistPlayer.2040306023081477 - DEBUG - Resultado ADB: stdout='Starting: Intent { act=android.intent.action.VIEW dat=https://open.spotify.com/... flg=0x10008000 }', stderr=''
2025-05-19 19:39:44,300 - Worker-20403060 - PlaylistPlayer.2040306023081477 - DEBUG - Esperando app estabilice...
2025-05-19 19:39:54,694 - Worker-20403060 - PlaylistPlayer.2040306023081477 - DEBUG - Verificando diálogo 'Abrir con'...
2025-05-19 19:40:04,953 - Worker-20403060 - PlaylistPlayer.2040306023081477 - DEBUG - No se detectó diálogo 'Abrir con' explícito.
2025-05-19 19:40:04,953 - Worker-20403060 - PlaylistPlayer.2040306023081477 - DEBUG - No se manejó diálogo 'Abrir con'.
2025-05-19 19:40:04,953 - Worker-20403060 - PlaylistPlayer.2040306023081477 - DEBUG - Verificando si Spotify está en primer plano...
2025-05-19 19:40:04,954 - Worker-20403060 - PlaylistPlayer.2040306023081477 - DEBUG - Intentando con comando dumpsys (1): adb -s 2040306023081477 shell dumpsys activity top
2025-05-19 19:40:06,895 - Worker-20403060 - PlaylistPlayer.2040306023081477 - WARNING - Spotify NO parece estar en primer plano.
2025-05-19 19:40:06,896 - Worker-20403060 - PlaylistPlayer.2040306023081477 - DEBUG - Capturando pantalla en C:\Users\def\Documents\OTWMusicSystem_Final\OTWMusicSystem_Final\otw_project\OTW_MUSIC_SYSTEM\screenshots\2040306023081477\spotify_not_foreground_screenshot_2040306023081477_20250519_194006895677.png
2025-05-19 19:40:07,255 - Worker-20403060 - PlaylistPlayer.2040306023081477 - INFO - Captura de pantalla guardada: C:\Users\def\Documents\OTWMusicSystem_Final\OTWMusicSystem_Final\otw_project\OTW_MUSIC_SYSTEM\screenshots\2040306023081477\spotify_not_foreground_screenshot_2040306023081477_20250519_194006895677.png
2025-05-19 19:40:07,256 - Worker-20403060 - PlaylistPlayer.2040306023081477 - WARNING - Spotify no en primer plano tras abrir https://open.spotify.com/playlist/1jNkvpdVy0DtpabdXexqLg?si=Jnx5VeI4RtSq-M6_Fy4OMg.
2025-05-19 19:40:07,257 - Worker-20403060 - PlaylistPlayer.2040306023081477 - DEBUG - Capturando pantalla en C:\Users\def\Documents\OTWMusicSystem_Final\OTWMusicSystem_Final\otw_project\OTW_MUSIC_SYSTEM\screenshots\2040306023081477\spotify_not_fg_screenshot_2040306023081477_20250519_194007256772.png
2025-05-19 19:40:07,762 - Worker-20403060 - PlaylistPlayer.2040306023081477 - INFO - Captura de pantalla guardada: C:\Users\def\Documents\OTWMusicSystem_Final\OTWMusicSystem_Final\otw_project\OTW_MUSIC_SYSTEM\screenshots\2040306023081477\spotify_not_fg_screenshot_2040306023081477_20250519_194007256772.png
2025-05-19 19:40:17,270 - Worker-20403060 - PlaylistPlayer.2040306023081477 - INFO - Intentando abrir URL: https://open.spotify.com/playlist/1jNkvpdVy0DtpabdXexqLg?si=Jnx5VeI4RtSq-M6_Fy4OMg (Intento 3/3)
2025-05-19 19:40:17,270 - Worker-20403060 - PlaylistPlayer.2040306023081477 - DEBUG - Forzando detención de Spotify (com.spotify.music).
2025-05-19 19:40:19,479 - Worker-20403060 - PlaylistPlayer.2040306023081477 - DEBUG - Presionando HOME.
2025-05-19 19:40:23,434 - Worker-20403060 - PlaylistPlayer.2040306023081477 - DEBUG - Ejecutando ADB intent para URL: https://open.spotify.com/playlist/1jNkvpdVy0DtpabdXexqLg?si=Jnx5VeI4RtSq-M6_Fy4OMg
2025-05-19 19:40:26,830 - Worker-20403060 - PlaylistPlayer.2040306023081477 - DEBUG - Resultado ADB: stdout='Starting: Intent { act=android.intent.action.VIEW dat=https://open.spotify.com/... flg=0x10008000 }', stderr=''
2025-05-19 19:40:29,659 - Worker-20403060 - PlaylistPlayer.2040306023081477 - DEBUG - Esperando app estabilice...
2025-05-19 19:40:41,178 - Worker-20403060 - PlaylistPlayer.2040306023081477 - DEBUG - Verificando diálogo 'Abrir con'...
2025-05-19 19:40:51,579 - Worker-20403060 - PlaylistPlayer.2040306023081477 - DEBUG - No se detectó diálogo 'Abrir con' explícito.
2025-05-19 19:40:51,579 - Worker-20403060 - PlaylistPlayer.2040306023081477 - DEBUG - No se manejó diálogo 'Abrir con'.
2025-05-19 19:40:51,579 - Worker-20403060 - PlaylistPlayer.2040306023081477 - DEBUG - Verificando si Spotify está en primer plano...
2025-05-19 19:40:51,580 - Worker-20403060 - PlaylistPlayer.2040306023081477 - DEBUG - Intentando con comando dumpsys (1): adb -s 2040306023081477 shell dumpsys activity top
2025-05-19 19:40:53,237 - Worker-20403060 - PlaylistPlayer.2040306023081477 - WARNING - Spotify NO parece estar en primer plano.
2025-05-19 19:40:53,237 - Worker-20403060 - PlaylistPlayer.2040306023081477 - DEBUG - Capturando pantalla en C:\Users\def\Documents\OTWMusicSystem_Final\OTWMusicSystem_Final\otw_project\OTW_MUSIC_SYSTEM\screenshots\2040306023081477\spotify_not_foreground_screenshot_2040306023081477_20250519_194053237136.png
2025-05-19 19:40:53,833 - Worker-20403060 - PlaylistPlayer.2040306023081477 - INFO - Captura de pantalla guardada: C:\Users\def\Documents\OTWMusicSystem_Final\OTWMusicSystem_Final\otw_project\OTW_MUSIC_SYSTEM\screenshots\2040306023081477\spotify_not_foreground_screenshot_2040306023081477_20250519_194053237136.png
2025-05-19 19:40:53,833 - Worker-20403060 - PlaylistPlayer.2040306023081477 - WARNING - Spotify no en primer plano tras abrir https://open.spotify.com/playlist/1jNkvpdVy0DtpabdXexqLg?si=Jnx5VeI4RtSq-M6_Fy4OMg.
2025-05-19 19:40:53,835 - Worker-20403060 - PlaylistPlayer.2040306023081477 - DEBUG - Capturando pantalla en C:\Users\def\Documents\OTWMusicSystem_Final\OTWMusicSystem_Final\otw_project\OTW_MUSIC_SYSTEM\screenshots\2040306023081477\spotify_not_fg_screenshot_2040306023081477_20250519_194053834162.png
2025-05-19 19:40:54,277 - Worker-20403060 - PlaylistPlayer.2040306023081477 - INFO - Captura de pantalla guardada: C:\Users\def\Documents\OTWMusicSystem_Final\OTWMusicSystem_Final\otw_project\OTW_MUSIC_SYSTEM\screenshots\2040306023081477\spotify_not_fg_screenshot_2040306023081477_20250519_194053834162.png
2025-05-19 19:41:01,946 - Worker-20403060 - PlaylistPlayer.2040306023081477 - INFO - Intentando abrir URL: https://open.spotify.com/playlist/1jNkvpdVy0DtpabdXexqLg?si=Jnx5VeI4RtSq-M6_Fy4OMg (Intento 4/3)
2025-05-19 19:41:01,946 - Worker-20403060 - PlaylistPlayer.2040306023081477 - ERROR - Máximos reintentos para URL https://open.spotify.com/playlist/1jNkvpdVy0DtpabdXexqLg?si=Jnx5VeI4RtSq-M6_Fy4OMg
2025-05-19 19:41:01,946 - Worker-20403060 - PlaylistPlayer.2040306023081477 - DEBUG - Capturando pantalla en C:\Users\def\Documents\OTWMusicSystem_Final\OTWMusicSystem_Final\otw_project\OTW_MUSIC_SYSTEM\screenshots\2040306023081477\open_url_max_retries_screenshot_2040306023081477_20250519_194101946362.png
2025-05-19 19:41:02,313 - Worker-20403060 - PlaylistPlayer.2040306023081477 - INFO - Captura de pantalla guardada: C:\Users\def\Documents\OTWMusicSystem_Final\OTWMusicSystem_Final\otw_project\OTW_MUSIC_SYSTEM\screenshots\2040306023081477\open_url_max_retries_screenshot_2040306023081477_20250519_194101946362.png
2025-05-19 19:41:02,313 - Worker-20403060 - PlaylistPlayer.2040306023081477 - ERROR - No se pudo abrir playlist https://open.spotify.com/playlist/1jNkvpdVy0DtpabdXexqLg?si=Jnx5VeI4RtSq-M6_Fy4OMg.
2025-05-19 19:41:16,269 - Worker-20403060 - PlaylistPlayer.2040306023081477 - INFO - Fase 2: Visita a Artista Clave.
2025-05-19 19:41:16,269 - Worker-20403060 - PlaylistPlayer.2040306023081477 - INFO - Iniciando ARTISTA: https://open.spotify.com/artist/77slAN1w8sLCiCGwiZmNEF por ~37 min. (KEY ARTIST)
2025-05-19 19:41:16,270 - Worker-20403060 - PlaylistPlayer.2040306023081477 - INFO - Intentando abrir URL: https://open.spotify.com/artist/77slAN1w8sLCiCGwiZmNEF (Intento 1/3)
2025-05-19 19:41:16,270 - Worker-20403060 - PlaylistPlayer.2040306023081477 - DEBUG - Forzando detención de Spotify (com.spotify.music).
2025-05-19 19:41:17,955 - Worker-20403060 - PlaylistPlayer.2040306023081477 - DEBUG - Presionando HOME.
2025-05-19 19:41:21,651 - Worker-20403060 - PlaylistPlayer.2040306023081477 - DEBUG - Ejecutando ADB intent para URL: https://open.spotify.com/artist/77slAN1w8sLCiCGwiZmNEF
2025-05-19 19:41:24,181 - Worker-20403060 - PlaylistPlayer.2040306023081477 - DEBUG - Resultado ADB: stdout='Starting: Intent { act=android.intent.action.VIEW dat=https://open.spotify.com/... flg=0x10008000 }', stderr=''
2025-05-19 19:41:27,964 - Worker-20403060 - PlaylistPlayer.2040306023081477 - DEBUG - Esperando app estabilice...
2025-05-19 19:41:41,701 - Worker-20403060 - PlaylistPlayer.2040306023081477 - DEBUG - Verificando diálogo 'Abrir con'...
2025-05-19 19:42:02,218 - Worker-20403060 - PlaylistPlayer.2040306023081477 - DEBUG - No se detectó diálogo 'Abrir con' explícito.
2025-05-19 19:42:02,218 - Worker-20403060 - PlaylistPlayer.2040306023081477 - DEBUG - No se manejó diálogo 'Abrir con'.
2025-05-19 19:42:02,220 - Worker-20403060 - PlaylistPlayer.2040306023081477 - DEBUG - Verificando si Spotify está en primer plano...
2025-05-19 19:42:02,220 - Worker-20403060 - PlaylistPlayer.2040306023081477 - DEBUG - Intentando con comando dumpsys (1): adb -s 2040306023081477 shell dumpsys activity top
