2025-05-19 18:56:32,133 - Worker-20403060 - PlaylistPlayer.2040306023096006 - INFO - Worker thread INICIADO. Logs en: C:\Users\def\Documents\OTWMusicSystem_Final\OTWMusicSystem_Final\otw_project\OTW_MUSIC_SYSTEM\logs\2040306023096006\playlist_player_20250519_185632.log
2025-05-19 18:56:32,133 - Worker-20403060 - PlaylistPlayer.2040306023096006 - INFO - Personalidad Creada (SLOW_MODE_FACTOR=1.75): ShortTimeout=10.3s, ActionDelay=[10.2-16.5]s, ShortPause=[31.6-64.6]s, MinTrackT=50s, MaxTrackT=120s, MinContentT=4m, MaxContentT=8m
2025-05-19 18:56:32,134 - Worker-20403060 - PlaylistPlayer.2040306023096006 - INFO - Intentando conectar a uiautomator2 (intento 1/3)...
2025-05-19 18:56:49,179 - Worker-20403060 - PlaylistPlayer.2040306023096006 - INFO - Conectado (Device: Studio_X5_Max, Android: N/A).
2025-05-19 18:56:49,438 - Worker-20403060 - PlaylistPlayer.2040306023096006 - INFO - Spotify (com.spotify.music v9.0.36.252) está instalado.
2025-05-19 18:56:49,438 - Worker-20403060 - PlaylistPlayer.2040306023096006 - INFO - Configuración inicial (kill Spotify y volver a Home).
2025-05-19 18:56:49,438 - Worker-20403060 - PlaylistPlayer.2040306023096006 - WARNING - Advertencia durante configuración inicial: 'Device' object has no attribute 'app_kill'
2025-05-19 18:56:49,438 - Worker-20403060 - PlaylistPlayer.2040306023096006 - DEBUG - Capturando pantalla en C:\Users\def\Documents\OTWMusicSystem_Final\OTWMusicSystem_Final\otw_project\OTW_MUSIC_SYSTEM\screenshots\2040306023096006\initial_setup_warn_screenshot_2040306023096006_20250519_185649438478.png
2025-05-19 18:56:50,488 - Worker-20403060 - PlaylistPlayer.2040306023096006 - INFO - Captura de pantalla guardada: C:\Users\def\Documents\OTWMusicSystem_Final\OTWMusicSystem_Final\otw_project\OTW_MUSIC_SYSTEM\screenshots\2040306023096006\initial_setup_warn_screenshot_2040306023096006_20250519_185649438478.png
2025-05-19 18:56:50,489 - Worker-20403060 - PlaylistPlayer.2040306023096006 - INFO - --- Iniciando Sesión de Interacción #1 ---
2025-05-19 18:56:50,489 - Worker-20403060 - PlaylistPlayer.2040306023096006 - INFO - Selección: Link (track) -> https://open.spotify.com/track/35wWTFOD2011nPh15xyo7e?si=e931b3c974994e45
2025-05-19 18:56:50,489 - Worker-20403060 - PlaylistPlayer.2040306023096006 - INFO - Iniciando interacción con TRACK: https://open.spotify.com/track/35wWTFOD2011nPh15xyo7e?si=e931b3c974994e45
2025-05-19 18:56:50,489 - Worker-20403060 - PlaylistPlayer.2040306023096006 - INFO - Intentando abrir URL: https://open.spotify.com/track/35wWTFOD2011nPh15xyo7e?si=e931b3c974994e45 (Intento 1/3)
2025-05-19 18:56:50,489 - Worker-20403060 - PlaylistPlayer.2040306023096006 - DEBUG - Forzando detención de Spotify (com.spotify.music) antes de abrir URL.
2025-05-19 18:56:51,977 - Worker-20403060 - PlaylistPlayer.2040306023096006 - DEBUG - Presionando HOME.
2025-05-19 18:56:54,368 - Worker-20403060 - PlaylistPlayer.2040306023096006 - DEBUG - Ejecutando ADB intent para URL: https://open.spotify.com/track/35wWTFOD2011nPh15xyo7e?si=e931b3c974994e45
2025-05-19 18:56:57,448 - Worker-20403060 - PlaylistPlayer.2040306023096006 - DEBUG - Resultado ADB 'am start': stdout='Starting: Intent { act=android.intent.action.VIEW dat=https://open.spotify.com/... flg=0x10008000 }', stderr=''
2025-05-19 18:57:00,500 - Worker-20403060 - PlaylistPlayer.2040306023096006 - DEBUG - Esperando que la app se abra y estabilice...
2025-05-19 18:57:13,248 - Worker-20403060 - PlaylistPlayer.2040306023096006 - DEBUG - Verificando diálogo 'Abrir con'...
2025-05-19 18:57:17,954 - Worker-20403060 - PlaylistPlayer.2040306023096006 - INFO - Diálogo 'Abrir con' o similar detectado.
2025-05-19 18:57:17,955 - Worker-20403060 - PlaylistPlayer.2040306023096006 - DEBUG - Capturando pantalla en C:\Users\def\Documents\OTWMusicSystem_Final\OTWMusicSystem_Final\otw_project\OTW_MUSIC_SYSTEM\screenshots\2040306023096006\open_with_dialog_screenshot_2040306023096006_20250519_185717954598.png
2025-05-19 18:57:18,176 - Worker-20403060 - PlaylistPlayer.2040306023096006 - INFO - Captura de pantalla guardada: C:\Users\def\Documents\OTWMusicSystem_Final\OTWMusicSystem_Final\otw_project\OTW_MUSIC_SYSTEM\screenshots\2040306023096006\open_with_dialog_screenshot_2040306023096006_20250519_185717954598.png
2025-05-19 18:57:31,463 - Worker-20403060 - PlaylistPlayer.2040306023096006 - WARNING - Diálogo detectado pero 'Spotify' no pudo ser clickeado.
2025-05-19 18:57:31,464 - Worker-20403060 - PlaylistPlayer.2040306023096006 - DEBUG - Capturando pantalla en C:\Users\def\Documents\OTWMusicSystem_Final\OTWMusicSystem_Final\otw_project\OTW_MUSIC_SYSTEM\screenshots\2040306023096006\open_with_spotify_not_clicked_screenshot_2040306023096006_20250519_185731463569.png
2025-05-19 18:57:32,550 - Worker-20403060 - PlaylistPlayer.2040306023096006 - INFO - Captura de pantalla guardada: C:\Users\def\Documents\OTWMusicSystem_Final\OTWMusicSystem_Final\otw_project\OTW_MUSIC_SYSTEM\screenshots\2040306023096006\open_with_spotify_not_clicked_screenshot_2040306023096006_20250519_185731463569.png
2025-05-19 18:57:32,550 - Worker-20403060 - PlaylistPlayer.2040306023096006 - DEBUG - No se manejó el diálogo 'Abrir con' o no apareció.
2025-05-19 18:57:32,550 - Worker-20403060 - PlaylistPlayer.2040306023096006 - DEBUG - Verificando si Spotify está en primer plano...
2025-05-19 18:57:32,550 - Worker-20403060 - PlaylistPlayer.2040306023096006 - DEBUG - Intentando con comando dumpsys (1): adb -s 2040306023096006 shell dumpsys activity top
2025-05-19 18:57:33,940 - Worker-20403060 - PlaylistPlayer.2040306023096006 - WARNING - Spotify NO parece estar en primer plano según dumpsys.
2025-05-19 18:57:33,941 - Worker-20403060 - PlaylistPlayer.2040306023096006 - DEBUG - Capturando pantalla en C:\Users\def\Documents\OTWMusicSystem_Final\OTWMusicSystem_Final\otw_project\OTW_MUSIC_SYSTEM\screenshots\2040306023096006\spotify_not_foreground_screenshot_2040306023096006_20250519_185733940937.png
2025-05-19 18:57:34,273 - Worker-20403060 - PlaylistPlayer.2040306023096006 - INFO - Captura de pantalla guardada: C:\Users\def\Documents\OTWMusicSystem_Final\OTWMusicSystem_Final\otw_project\OTW_MUSIC_SYSTEM\screenshots\2040306023096006\spotify_not_foreground_screenshot_2040306023096006_20250519_185733940937.png
2025-05-19 18:57:34,274 - Worker-20403060 - PlaylistPlayer.2040306023096006 - WARNING - Spotify no detectado en primer plano después de abrir https://open.spotify.com/track/35wWTFOD2011nPh15xyo7e?si=e931b3c974994e45.
2025-05-19 18:57:34,275 - Worker-20403060 - PlaylistPlayer.2040306023096006 - DEBUG - Capturando pantalla en C:\Users\def\Documents\OTWMusicSystem_Final\OTWMusicSystem_Final\otw_project\OTW_MUSIC_SYSTEM\screenshots\2040306023096006\spotify_not_fg_after_open_35wWTFOD2011nPh15xyo7e?si=e931b3c974994e45_screenshot_2040306023096006_20250519_185734274601.png
2025-05-19 18:57:34,771 - Worker-20403060 - PlaylistPlayer.2040306023096006 - ERROR - Error al capturar pantalla: [Errno 22] Invalid argument: 'C:\\Users\\def\\Documents\\OTWMusicSystem_Final\\OTWMusicSystem_Final\\otw_project\\OTW_MUSIC_SYSTEM\\screenshots\\2040306023096006\\spotify_not_fg_after_open_35wWTFOD2011nPh15xyo7e?si=e931b3c974994e45_screenshot_2040306023096006_20250519_185734274601.png'
2025-05-19 18:57:34,771 - Worker-20403060 - PlaylistPlayer.2040306023096006 - INFO - Pausa antes de reintentar apertura de URL debido a no foreground.
2025-05-19 18:57:44,438 - Worker-20403060 - PlaylistPlayer.2040306023096006 - INFO - Intentando abrir URL: https://open.spotify.com/track/35wWTFOD2011nPh15xyo7e?si=e931b3c974994e45 (Intento 2/3)
2025-05-19 18:57:44,438 - Worker-20403060 - PlaylistPlayer.2040306023096006 - DEBUG - Forzando detención de Spotify (com.spotify.music) antes de abrir URL.
2025-05-19 18:57:46,630 - Worker-20403060 - PlaylistPlayer.2040306023096006 - DEBUG - Presionando HOME.
2025-05-19 18:57:49,488 - Worker-20403060 - PlaylistPlayer.2040306023096006 - DEBUG - Ejecutando ADB intent para URL: https://open.spotify.com/track/35wWTFOD2011nPh15xyo7e?si=e931b3c974994e45
2025-05-19 18:57:52,119 - Worker-20403060 - PlaylistPlayer.2040306023096006 - DEBUG - Resultado ADB 'am start': stdout='Starting: Intent { act=android.intent.action.VIEW dat=https://open.spotify.com/... flg=0x10008000 }', stderr=''
2025-05-19 18:57:55,248 - Worker-20403060 - PlaylistPlayer.2040306023096006 - DEBUG - Esperando que la app se abra y estabilice...
2025-05-19 18:58:04,071 - Worker-20403060 - PlaylistPlayer.2040306023096006 - DEBUG - Verificando diálogo 'Abrir con'...
2025-05-19 18:58:05,482 - Worker-20403060 - PlaylistPlayer.2040306023096006 - INFO - Diálogo 'Abrir con' o similar detectado.
2025-05-19 18:58:05,482 - Worker-20403060 - PlaylistPlayer.2040306023096006 - DEBUG - Capturando pantalla en C:\Users\def\Documents\OTWMusicSystem_Final\OTWMusicSystem_Final\otw_project\OTW_MUSIC_SYSTEM\screenshots\2040306023096006\open_with_dialog_screenshot_2040306023096006_20250519_185805482915.png
2025-05-19 18:58:06,486 - Worker-20403060 - PlaylistPlayer.2040306023096006 - INFO - Captura de pantalla guardada: C:\Users\def\Documents\OTWMusicSystem_Final\OTWMusicSystem_Final\otw_project\OTW_MUSIC_SYSTEM\screenshots\2040306023096006\open_with_dialog_screenshot_2040306023096006_20250519_185805482915.png
2025-05-19 18:58:23,499 - Worker-20403060 - PlaylistPlayer.2040306023096006 - WARNING - Diálogo detectado pero 'Spotify' no pudo ser clickeado.
2025-05-19 18:58:23,500 - Worker-20403060 - PlaylistPlayer.2040306023096006 - DEBUG - Capturando pantalla en C:\Users\def\Documents\OTWMusicSystem_Final\OTWMusicSystem_Final\otw_project\OTW_MUSIC_SYSTEM\screenshots\2040306023096006\open_with_spotify_not_clicked_screenshot_2040306023096006_20250519_185823499630.png
2025-05-19 18:58:23,921 - Worker-20403060 - PlaylistPlayer.2040306023096006 - INFO - Captura de pantalla guardada: C:\Users\def\Documents\OTWMusicSystem_Final\OTWMusicSystem_Final\otw_project\OTW_MUSIC_SYSTEM\screenshots\2040306023096006\open_with_spotify_not_clicked_screenshot_2040306023096006_20250519_185823499630.png
2025-05-19 18:58:23,921 - Worker-20403060 - PlaylistPlayer.2040306023096006 - DEBUG - No se manejó el diálogo 'Abrir con' o no apareció.
2025-05-19 18:58:23,921 - Worker-20403060 - PlaylistPlayer.2040306023096006 - DEBUG - Verificando si Spotify está en primer plano...
2025-05-19 18:58:23,921 - Worker-20403060 - PlaylistPlayer.2040306023096006 - DEBUG - Intentando con comando dumpsys (1): adb -s 2040306023096006 shell dumpsys activity top
2025-05-19 18:58:24,746 - Worker-20403060 - PlaylistPlayer.2040306023096006 - WARNING - Spotify NO parece estar en primer plano según dumpsys.
2025-05-19 18:58:24,746 - Worker-20403060 - PlaylistPlayer.2040306023096006 - DEBUG - Capturando pantalla en C:\Users\def\Documents\OTWMusicSystem_Final\OTWMusicSystem_Final\otw_project\OTW_MUSIC_SYSTEM\screenshots\2040306023096006\spotify_not_foreground_screenshot_2040306023096006_20250519_185824746480.png
2025-05-19 18:58:24,930 - Worker-20403060 - PlaylistPlayer.2040306023096006 - INFO - Captura de pantalla guardada: C:\Users\def\Documents\OTWMusicSystem_Final\OTWMusicSystem_Final\otw_project\OTW_MUSIC_SYSTEM\screenshots\2040306023096006\spotify_not_foreground_screenshot_2040306023096006_20250519_185824746480.png
2025-05-19 18:58:24,930 - Worker-20403060 - PlaylistPlayer.2040306023096006 - WARNING - Spotify no detectado en primer plano después de abrir https://open.spotify.com/track/35wWTFOD2011nPh15xyo7e?si=e931b3c974994e45.
2025-05-19 18:58:24,931 - Worker-20403060 - PlaylistPlayer.2040306023096006 - DEBUG - Capturando pantalla en C:\Users\def\Documents\OTWMusicSystem_Final\OTWMusicSystem_Final\otw_project\OTW_MUSIC_SYSTEM\screenshots\2040306023096006\spotify_not_fg_after_open_35wWTFOD2011nPh15xyo7e?si=e931b3c974994e45_screenshot_2040306023096006_20250519_185824931086.png
2025-05-19 18:58:25,062 - Worker-20403060 - PlaylistPlayer.2040306023096006 - ERROR - Error al capturar pantalla: [Errno 22] Invalid argument: 'C:\\Users\\def\\Documents\\OTWMusicSystem_Final\\OTWMusicSystem_Final\\otw_project\\OTW_MUSIC_SYSTEM\\screenshots\\2040306023096006\\spotify_not_fg_after_open_35wWTFOD2011nPh15xyo7e?si=e931b3c974994e45_screenshot_2040306023096006_20250519_185824931086.png'
2025-05-19 18:58:25,062 - Worker-20403060 - PlaylistPlayer.2040306023096006 - INFO - Pausa antes de reintentar apertura de URL debido a no foreground.
2025-05-19 18:58:35,455 - Worker-20403060 - PlaylistPlayer.2040306023096006 - INFO - Intentando abrir URL: https://open.spotify.com/track/35wWTFOD2011nPh15xyo7e?si=e931b3c974994e45 (Intento 3/3)
2025-05-19 18:58:35,455 - Worker-20403060 - PlaylistPlayer.2040306023096006 - DEBUG - Forzando detención de Spotify (com.spotify.music) antes de abrir URL.
2025-05-19 18:58:36,991 - Worker-20403060 - PlaylistPlayer.2040306023096006 - DEBUG - Presionando HOME.
2025-05-19 18:58:40,169 - Worker-20403060 - PlaylistPlayer.2040306023096006 - DEBUG - Ejecutando ADB intent para URL: https://open.spotify.com/track/35wWTFOD2011nPh15xyo7e?si=e931b3c974994e45
2025-05-19 18:58:41,948 - Worker-20403060 - PlaylistPlayer.2040306023096006 - DEBUG - Resultado ADB 'am start': stdout='Starting: Intent { act=android.intent.action.VIEW dat=https://open.spotify.com/... flg=0x10008000 }', stderr=''
2025-05-19 18:58:45,907 - Worker-20403060 - PlaylistPlayer.2040306023096006 - DEBUG - Esperando que la app se abra y estabilice...
2025-05-19 18:58:57,919 - Worker-20403060 - PlaylistPlayer.2040306023096006 - DEBUG - Verificando diálogo 'Abrir con'...
2025-05-19 18:59:01,611 - Worker-20403060 - PlaylistPlayer.2040306023096006 - INFO - Diálogo 'Abrir con' o similar detectado.
2025-05-19 18:59:01,611 - Worker-20403060 - PlaylistPlayer.2040306023096006 - DEBUG - Capturando pantalla en C:\Users\def\Documents\OTWMusicSystem_Final\OTWMusicSystem_Final\otw_project\OTW_MUSIC_SYSTEM\screenshots\2040306023096006\open_with_dialog_screenshot_2040306023096006_20250519_185901611792.png
2025-05-19 18:59:02,054 - Worker-20403060 - PlaylistPlayer.2040306023096006 - INFO - Captura de pantalla guardada: C:\Users\def\Documents\OTWMusicSystem_Final\OTWMusicSystem_Final\otw_project\OTW_MUSIC_SYSTEM\screenshots\2040306023096006\open_with_dialog_screenshot_2040306023096006_20250519_185901611792.png
2025-05-19 18:59:14,863 - Worker-20403060 - PlaylistPlayer.2040306023096006 - WARNING - Diálogo detectado pero 'Spotify' no pudo ser clickeado.
2025-05-19 18:59:14,863 - Worker-20403060 - PlaylistPlayer.2040306023096006 - DEBUG - Capturando pantalla en C:\Users\def\Documents\OTWMusicSystem_Final\OTWMusicSystem_Final\otw_project\OTW_MUSIC_SYSTEM\screenshots\2040306023096006\open_with_spotify_not_clicked_screenshot_2040306023096006_20250519_185914863293.png
2025-05-19 18:59:15,066 - Worker-20403060 - PlaylistPlayer.2040306023096006 - INFO - Captura de pantalla guardada: C:\Users\def\Documents\OTWMusicSystem_Final\OTWMusicSystem_Final\otw_project\OTW_MUSIC_SYSTEM\screenshots\2040306023096006\open_with_spotify_not_clicked_screenshot_2040306023096006_20250519_185914863293.png
2025-05-19 18:59:15,066 - Worker-20403060 - PlaylistPlayer.2040306023096006 - DEBUG - No se manejó el diálogo 'Abrir con' o no apareció.
2025-05-19 18:59:15,066 - Worker-20403060 - PlaylistPlayer.2040306023096006 - DEBUG - Verificando si Spotify está en primer plano...
2025-05-19 18:59:15,066 - Worker-20403060 - PlaylistPlayer.2040306023096006 - DEBUG - Intentando con comando dumpsys (1): adb -s 2040306023096006 shell dumpsys activity top
2025-05-19 18:59:18,304 - Worker-20403060 - PlaylistPlayer.2040306023096006 - WARNING - Spotify NO parece estar en primer plano según dumpsys.
2025-05-19 18:59:18,304 - Worker-20403060 - PlaylistPlayer.2040306023096006 - DEBUG - Capturando pantalla en C:\Users\def\Documents\OTWMusicSystem_Final\OTWMusicSystem_Final\otw_project\OTW_MUSIC_SYSTEM\screenshots\2040306023096006\spotify_not_foreground_screenshot_2040306023096006_20250519_185918304676.png
2025-05-19 18:59:18,470 - Worker-20403060 - PlaylistPlayer.2040306023096006 - INFO - Captura de pantalla guardada: C:\Users\def\Documents\OTWMusicSystem_Final\OTWMusicSystem_Final\otw_project\OTW_MUSIC_SYSTEM\screenshots\2040306023096006\spotify_not_foreground_screenshot_2040306023096006_20250519_185918304676.png
2025-05-19 18:59:18,470 - Worker-20403060 - PlaylistPlayer.2040306023096006 - WARNING - Spotify no detectado en primer plano después de abrir https://open.spotify.com/track/35wWTFOD2011nPh15xyo7e?si=e931b3c974994e45.
2025-05-19 18:59:18,470 - Worker-20403060 - PlaylistPlayer.2040306023096006 - DEBUG - Capturando pantalla en C:\Users\def\Documents\OTWMusicSystem_Final\OTWMusicSystem_Final\otw_project\OTW_MUSIC_SYSTEM\screenshots\2040306023096006\spotify_not_fg_after_open_35wWTFOD2011nPh15xyo7e?si=e931b3c974994e45_screenshot_2040306023096006_20250519_185918470801.png
2025-05-19 18:59:18,597 - Worker-20403060 - PlaylistPlayer.2040306023096006 - ERROR - Error al capturar pantalla: [Errno 22] Invalid argument: 'C:\\Users\\def\\Documents\\OTWMusicSystem_Final\\OTWMusicSystem_Final\\otw_project\\OTW_MUSIC_SYSTEM\\screenshots\\2040306023096006\\spotify_not_fg_after_open_35wWTFOD2011nPh15xyo7e?si=e931b3c974994e45_screenshot_2040306023096006_20250519_185918470801.png'
2025-05-19 18:59:18,598 - Worker-20403060 - PlaylistPlayer.2040306023096006 - INFO - Pausa antes de reintentar apertura de URL debido a no foreground.
2025-05-19 18:59:27,208 - Worker-20403060 - PlaylistPlayer.2040306023096006 - INFO - Intentando abrir URL: https://open.spotify.com/track/35wWTFOD2011nPh15xyo7e?si=e931b3c974994e45 (Intento 4/3)
2025-05-19 18:59:27,208 - Worker-20403060 - PlaylistPlayer.2040306023096006 - ERROR - Máximos reintentos (3) alcanzados para abrir URL https://open.spotify.com/track/35wWTFOD2011nPh15xyo7e?si=e931b3c974994e45
2025-05-19 18:59:27,208 - Worker-20403060 - PlaylistPlayer.2040306023096006 - DEBUG - Capturando pantalla en C:\Users\def\Documents\OTWMusicSystem_Final\OTWMusicSystem_Final\otw_project\OTW_MUSIC_SYSTEM\screenshots\2040306023096006\open_url_max_retries_fail_35wWTFOD2011nPh15xyo7e?si=e931b3c974994e45_screenshot_2040306023096006_20250519_185927208022.png
2025-05-19 18:59:27,339 - Worker-20403060 - PlaylistPlayer.2040306023096006 - ERROR - Error al capturar pantalla: [Errno 22] Invalid argument: 'C:\\Users\\def\\Documents\\OTWMusicSystem_Final\\OTWMusicSystem_Final\\otw_project\\OTW_MUSIC_SYSTEM\\screenshots\\2040306023096006\\open_url_max_retries_fail_35wWTFOD2011nPh15xyo7e?si=e931b3c974994e45_screenshot_2040306023096006_20250519_185927208022.png'
2025-05-19 18:59:27,339 - Worker-20403060 - PlaylistPlayer.2040306023096006 - ERROR - No se pudo abrir el track https://open.spotify.com/track/35wWTFOD2011nPh15xyo7e?si=e931b3c974994e45. Terminando interacción.
2025-05-19 18:59:27,339 - Worker-20403060 - PlaylistPlayer.2040306023096006 - INFO - Sesión #1 completada. Pausa de 22.5s.
2025-05-19 18:59:49,886 - Worker-20403060 - PlaylistPlayer.2040306023096006 - INFO - --- Iniciando Sesión de Interacción #2 ---
2025-05-19 18:59:49,887 - Worker-20403060 - PlaylistPlayer.2040306023096006 - INFO - Selección: Link (track) -> https://open.spotify.com/track/6XK4Gjr7y9CDxJ4GXBpEKa?si=8fce5cdcc1e54315
2025-05-19 18:59:49,887 - Worker-20403060 - PlaylistPlayer.2040306023096006 - INFO - Iniciando interacción con TRACK: https://open.spotify.com/track/6XK4Gjr7y9CDxJ4GXBpEKa?si=8fce5cdcc1e54315
2025-05-19 18:59:49,887 - Worker-20403060 - PlaylistPlayer.2040306023096006 - INFO - Intentando abrir URL: https://open.spotify.com/track/6XK4Gjr7y9CDxJ4GXBpEKa?si=8fce5cdcc1e54315 (Intento 1/3)
2025-05-19 18:59:49,887 - Worker-20403060 - PlaylistPlayer.2040306023096006 - DEBUG - Forzando detención de Spotify (com.spotify.music) antes de abrir URL.
2025-05-19 18:59:51,468 - Worker-20403060 - PlaylistPlayer.2040306023096006 - DEBUG - Presionando HOME.
2025-05-19 18:59:54,620 - Worker-20403060 - PlaylistPlayer.2040306023096006 - DEBUG - Ejecutando ADB intent para URL: https://open.spotify.com/track/6XK4Gjr7y9CDxJ4GXBpEKa?si=8fce5cdcc1e54315
2025-05-19 18:59:56,948 - Worker-20403060 - PlaylistPlayer.2040306023096006 - DEBUG - Resultado ADB 'am start': stdout='Starting: Intent { act=android.intent.action.VIEW dat=https://open.spotify.com/... flg=0x10008000 }', stderr=''
2025-05-19 19:00:00,636 - Worker-20403060 - PlaylistPlayer.2040306023096006 - DEBUG - Esperando que la app se abra y estabilice...
2025-05-19 19:00:10,696 - Worker-20403060 - PlaylistPlayer.2040306023096006 - DEBUG - Verificando diálogo 'Abrir con'...
2025-05-19 19:00:13,230 - Worker-20403060 - PlaylistPlayer.2040306023096006 - INFO - Diálogo 'Abrir con' o similar detectado.
2025-05-19 19:00:13,231 - Worker-20403060 - PlaylistPlayer.2040306023096006 - DEBUG - Capturando pantalla en C:\Users\def\Documents\OTWMusicSystem_Final\OTWMusicSystem_Final\otw_project\OTW_MUSIC_SYSTEM\screenshots\2040306023096006\open_with_dialog_screenshot_2040306023096006_20250519_190013231136.png
2025-05-19 19:00:13,528 - Worker-20403060 - PlaylistPlayer.2040306023096006 - INFO - Captura de pantalla guardada: C:\Users\def\Documents\OTWMusicSystem_Final\OTWMusicSystem_Final\otw_project\OTW_MUSIC_SYSTEM\screenshots\2040306023096006\open_with_dialog_screenshot_2040306023096006_20250519_190013231136.png
2025-05-19 19:00:15,975 - Worker-20403060 - PlaylistPlayer.2040306023096006 - WARNING - Diálogo detectado pero 'Spotify' no pudo ser clickeado.
2025-05-19 19:00:15,976 - Worker-20403060 - PlaylistPlayer.2040306023096006 - DEBUG - Capturando pantalla en C:\Users\def\Documents\OTWMusicSystem_Final\OTWMusicSystem_Final\otw_project\OTW_MUSIC_SYSTEM\screenshots\2040306023096006\open_with_spotify_not_clicked_screenshot_2040306023096006_20250519_190015975682.png
2025-05-19 19:00:16,132 - Worker-20403060 - PlaylistPlayer.2040306023096006 - INFO - Captura de pantalla guardada: C:\Users\def\Documents\OTWMusicSystem_Final\OTWMusicSystem_Final\otw_project\OTW_MUSIC_SYSTEM\screenshots\2040306023096006\open_with_spotify_not_clicked_screenshot_2040306023096006_20250519_190015975682.png
2025-05-19 19:00:16,132 - Worker-20403060 - PlaylistPlayer.2040306023096006 - DEBUG - No se manejó el diálogo 'Abrir con' o no apareció.
2025-05-19 19:00:16,132 - Worker-20403060 - PlaylistPlayer.2040306023096006 - DEBUG - Verificando si Spotify está en primer plano...
2025-05-19 19:00:16,132 - Worker-20403060 - PlaylistPlayer.2040306023096006 - DEBUG - Intentando con comando dumpsys (1): adb -s 2040306023096006 shell dumpsys activity top
2025-05-19 19:00:19,690 - Worker-20403060 - PlaylistPlayer.2040306023096006 - WARNING - Spotify NO parece estar en primer plano según dumpsys.
2025-05-19 19:00:19,690 - Worker-20403060 - PlaylistPlayer.2040306023096006 - DEBUG - Capturando pantalla en C:\Users\def\Documents\OTWMusicSystem_Final\OTWMusicSystem_Final\otw_project\OTW_MUSIC_SYSTEM\screenshots\2040306023096006\spotify_not_foreground_screenshot_2040306023096006_20250519_190019690665.png
2025-05-19 19:00:19,876 - Worker-20403060 - PlaylistPlayer.2040306023096006 - INFO - Captura de pantalla guardada: C:\Users\def\Documents\OTWMusicSystem_Final\OTWMusicSystem_Final\otw_project\OTW_MUSIC_SYSTEM\screenshots\2040306023096006\spotify_not_foreground_screenshot_2040306023096006_20250519_190019690665.png
2025-05-19 19:00:19,877 - Worker-20403060 - PlaylistPlayer.2040306023096006 - WARNING - Spotify no detectado en primer plano después de abrir https://open.spotify.com/track/6XK4Gjr7y9CDxJ4GXBpEKa?si=8fce5cdcc1e54315.
2025-05-19 19:00:19,877 - Worker-20403060 - PlaylistPlayer.2040306023096006 - DEBUG - Capturando pantalla en C:\Users\def\Documents\OTWMusicSystem_Final\OTWMusicSystem_Final\otw_project\OTW_MUSIC_SYSTEM\screenshots\2040306023096006\spotify_not_fg_after_open_6XK4Gjr7y9CDxJ4GXBpEKa?si=8fce5cdcc1e54315_screenshot_2040306023096006_20250519_190019877286.png
2025-05-19 19:00:20,012 - Worker-20403060 - PlaylistPlayer.2040306023096006 - ERROR - Error al capturar pantalla: [Errno 22] Invalid argument: 'C:\\Users\\def\\Documents\\OTWMusicSystem_Final\\OTWMusicSystem_Final\\otw_project\\OTW_MUSIC_SYSTEM\\screenshots\\2040306023096006\\spotify_not_fg_after_open_6XK4Gjr7y9CDxJ4GXBpEKa?si=8fce5cdcc1e54315_screenshot_2040306023096006_20250519_190019877286.png'
2025-05-19 19:00:20,013 - Worker-20403060 - PlaylistPlayer.2040306023096006 - INFO - Pausa antes de reintentar apertura de URL debido a no foreground.
2025-05-19 19:00:31,944 - Worker-20403060 - PlaylistPlayer.2040306023096006 - INFO - Intentando abrir URL: https://open.spotify.com/track/6XK4Gjr7y9CDxJ4GXBpEKa?si=8fce5cdcc1e54315 (Intento 2/3)
2025-05-19 19:00:31,944 - Worker-20403060 - PlaylistPlayer.2040306023096006 - DEBUG - Forzando detención de Spotify (com.spotify.music) antes de abrir URL.
