2025-05-22 02:08:19,939 - Worker-20403060 - PlaylistPlayer.2040306023096006 - INFO - Worker thread INICIADO. Logs en: C:\Users\def\Documents\OTWMusicSystem_Final\OTWMusicSystem_Final\otw_project\OTW_MUSIC_SYSTEM\logs\2040306023096006\playlist_player_20250522_020819.log
2025-05-22 02:08:19,940 - Worker-20403060 - PlaylistPlayer.2040306023096006 - INFO - Personalidad Creada (SLOW_MODE_FACTOR=1.75):
  TotalSessionDur: [45-150]m
  InitPlaylistDur: [30-120]m
  ArtistPlayDur: [10-30]m, Songs: [3-6]
  TrackSessionDur: [25-70]m, SingleTrack: [65-135]s
  Probs: LikePlaylist=0.74, Shuffle=0.70, SwitchPlaylist=0.26
  VisitArtist=0.47, FollowArtist=0.89, ExploreTracks=0.52, Search=0.09
2025-05-22 02:08:19,947 - Worker-20403060 - PlaylistPlayer.2040306023096006 - INFO - Conectando uiautomator2 (intento 1/3)...
2025-05-22 02:08:30,367 - Worker-20403060 - PlaylistPlayer.2040306023096006 - INFO - Conectado (Device: Studio_X5_Max, Android: N/A).
2025-05-22 02:08:31,539 - Worker-20403060 - PlaylistPlayer.2040306023096006 - INFO - Spotify (com.spotify.music v8.9.60.560) instalado.
2025-05-22 02:08:31,539 - Worker-20403060 - PlaylistPlayer.2040306023096006 - INFO - Setup inicial (kill Spotify, home).
2025-05-22 02:08:31,539 - Worker-20403060 - PlaylistPlayer.2040306023096006 - WARNING - Advertencia setup inicial: 'Device' object has no attribute 'app_kill'
2025-05-22 02:08:31,539 - Worker-20403060 - PlaylistPlayer.2040306023096006 - DEBUG - Capturando pantalla en C:\Users\def\Documents\OTWMusicSystem_Final\OTWMusicSystem_Final\otw_project\OTW_MUSIC_SYSTEM\screenshots\2040306023096006\init_setup_warn_screenshot_2040306023096006_20250522_020831539531.png
2025-05-22 02:08:34,557 - Worker-20403060 - PlaylistPlayer.2040306023096006 - INFO - Captura de pantalla guardada: C:\Users\def\Documents\OTWMusicSystem_Final\OTWMusicSystem_Final\otw_project\OTW_MUSIC_SYSTEM\screenshots\2040306023096006\init_setup_warn_screenshot_2040306023096006_20250522_020831539531.png
2025-05-22 02:08:34,557 - Worker-20403060 - PlaylistPlayer.2040306023096006 - INFO - --- Iniciando GRAN SESIÓN DE ESCUCHA #1 (Duración objetivo: ~46.0 min) ---
2025-05-22 02:08:34,558 - Worker-20403060 - PlaylistPlayer.2040306023096006 - INFO - Fase 1: Reproducción de Playlist Inicial Larga.
2025-05-22 02:08:34,558 - Worker-20403060 - PlaylistPlayer.2040306023096006 - INFO - Iniciando PLAYLIST: https://open.spotify.com/playlist/5XrvAtxjUWcbTNgLHc9hz2?si=8J8GtCkARCaiIlIOWzgMnA por ~80 min.
2025-05-22 02:08:34,558 - Worker-20403060 - PlaylistPlayer.2040306023096006 - INFO - Intentando abrir URL: https://open.spotify.com/playlist/5XrvAtxjUWcbTNgLHc9hz2?si=8J8GtCkARCaiIlIOWzgMnA (Intento 1/3)
2025-05-22 02:08:34,558 - Worker-20403060 - PlaylistPlayer.2040306023096006 - DEBUG - Forzando detención de Spotify (com.spotify.music).
2025-05-22 02:08:36,660 - Worker-20403060 - PlaylistPlayer.2040306023096006 - DEBUG - Presionando HOME.
2025-05-22 02:08:39,393 - Worker-20403060 - PlaylistPlayer.2040306023096006 - DEBUG - Ejecutando ADB intent para URL: https://open.spotify.com/playlist/5XrvAtxjUWcbTNgLHc9hz2?si=8J8GtCkARCaiIlIOWzgMnA
2025-05-22 02:08:42,223 - Worker-20403060 - PlaylistPlayer.2040306023096006 - DEBUG - Resultado ADB: stdout='Starting: Intent { act=android.intent.action.VIEW dat=https://open.spotify.com/... flg=0x10008000 }', stderr=''
2025-05-22 02:08:45,978 - Worker-20403060 - PlaylistPlayer.2040306023096006 - DEBUG - Esperando app estabilice...
