2025-05-19 18:34:40,688 - Worker-20403060 - PlaylistPlayer.2040306023096006 - INFO - Worker thread INICIADO. Logs en: C:\Users\def\Documents\OTWMusicSystem_Final\OTWMusicSystem_Final\otw_project\OTW_MUSIC_SYSTEM\logs\2040306023096006\playlist_player_20250519_183440.log
2025-05-19 18:34:40,688 - Worker-20403060 - PlaylistPlayer.2040306023096006 - INFO - Personalidad Creada: FollowP=0.72, SearchP=0.10, MinTrackT=75s, MinContentT=4m
2025-05-19 18:34:40,689 - Worker-20403060 - PlaylistPlayer.2040306023096006 - INFO - Intentando conectar a uiautomator2 (intento 1/3)...
2025-05-19 18:34:45,711 - Worker-20403060 - PlaylistPlayer.2040306023096006 - DEBUG - Conexión u2 establecida preliminarmente.
2025-05-19 18:34:46,039 - Worker-20403060 - PlaylistPlayer.2040306023096006 - INFO - Conectado (Device: Studio_X5_Max, Android: N/A).
2025-05-19 18:34:46,330 - Worker-20403060 - PlaylistPlayer.2040306023096006 - INFO - Spotify (com.spotify.music v9.0.36.252) está instalado.
2025-05-19 18:34:46,330 - Worker-20403060 - PlaylistPlayer.2040306023096006 - INFO - Configuración inicial (kill Spotify y volver a Home).
2025-05-19 18:34:46,330 - Worker-20403060 - PlaylistPlayer.2040306023096006 - WARNING - Advertencia durante configuración inicial: 'Device' object has no attribute 'app_kill'
2025-05-19 18:34:46,331 - Worker-20403060 - PlaylistPlayer.2040306023096006 - DEBUG - Capturando pantalla en C:\Users\def\Documents\OTWMusicSystem_Final\OTWMusicSystem_Final\otw_project\OTW_MUSIC_SYSTEM\screenshots\2040306023096006\initial_setup_warn_screenshot_2040306023096006_20250519_183446331073.png
2025-05-19 18:34:48,002 - Worker-20403060 - PlaylistPlayer.2040306023096006 - INFO - Captura de pantalla guardada: C:\Users\def\Documents\OTWMusicSystem_Final\OTWMusicSystem_Final\otw_project\OTW_MUSIC_SYSTEM\screenshots\2040306023096006\initial_setup_warn_screenshot_2040306023096006_20250519_183446331073.png
2025-05-19 18:34:48,002 - Worker-20403060 - PlaylistPlayer.2040306023096006 - INFO - --- Iniciando Sesión de Interacción #1 ---
2025-05-19 18:34:48,003 - Worker-20403060 - PlaylistPlayer.2040306023096006 - INFO - Selección: Link (track) -> https://open.spotify.com/track/2Bh8zkphL3WXfay99qTUVI?si=424bfb88481848f1
2025-05-19 18:34:48,003 - Worker-20403060 - PlaylistPlayer.2040306023096006 - INFO - Iniciando interacción con TRACK: https://open.spotify.com/track/2Bh8zkphL3WXfay99qTUVI?si=424bfb88481848f1
2025-05-19 18:34:48,003 - Worker-20403060 - PlaylistPlayer.2040306023096006 - INFO - Intentando abrir URL: https://open.spotify.com/track/2Bh8zkphL3WXfay99qTUVI?si=424bfb88481848f1 (Intento 1/3)
2025-05-19 18:34:48,003 - Worker-20403060 - PlaylistPlayer.2040306023096006 - DEBUG - Forzando detención de Spotify (com.spotify.music) antes de abrir URL.
2025-05-19 18:34:49,239 - Worker-20403060 - PlaylistPlayer.2040306023096006 - DEBUG - Presionando HOME.
2025-05-19 18:34:51,518 - Worker-20403060 - PlaylistPlayer.2040306023096006 - DEBUG - Ejecutando ADB intent para URL: https://open.spotify.com/track/2Bh8zkphL3WXfay99qTUVI?si=424bfb88481848f1
2025-05-19 18:34:53,153 - Worker-20403060 - PlaylistPlayer.2040306023096006 - DEBUG - Resultado ADB 'am start': stdout='Starting: Intent { act=android.intent.action.VIEW dat=https://open.spotify.com/... flg=0x10008000 }', stderr=''
2025-05-19 18:34:55,648 - Worker-20403060 - PlaylistPlayer.2040306023096006 - DEBUG - Esperando que la app se abra y estabilice (5-8s)...
2025-05-19 18:35:01,418 - Worker-20403060 - PlaylistPlayer.2040306023096006 - DEBUG - Verificando diálogo 'Abrir con'...
2025-05-19 18:35:53,581 - Worker-20403060 - PlaylistPlayer.2040306023096006 - DEBUG - No se detectó diálogo 'Abrir con' explícito.
2025-05-19 18:35:53,581 - Worker-20403060 - PlaylistPlayer.2040306023096006 - DEBUG - No se manejó el diálogo 'Abrir con' o no apareció.
2025-05-19 18:35:53,581 - Worker-20403060 - PlaylistPlayer.2040306023096006 - DEBUG - Verificando si Spotify está en primer plano...
2025-05-19 18:35:53,581 - Worker-20403060 - PlaylistPlayer.2040306023096006 - DEBUG - Intentando con comando dumpsys (1): adb -s 2040306023096006 shell dumpsys activity top
2025-05-19 18:35:55,680 - Worker-20403060 - PlaylistPlayer.2040306023096006 - WARNING - Spotify NO parece estar en primer plano según dumpsys.
2025-05-19 18:35:55,680 - Worker-20403060 - PlaylistPlayer.2040306023096006 - DEBUG - Capturando pantalla en C:\Users\def\Documents\OTWMusicSystem_Final\OTWMusicSystem_Final\otw_project\OTW_MUSIC_SYSTEM\screenshots\2040306023096006\spotify_not_foreground_screenshot_2040306023096006_20250519_183555680390.png
2025-05-19 18:35:58,825 - Worker-20403060 - PlaylistPlayer.2040306023096006 - INFO - Captura de pantalla guardada: C:\Users\def\Documents\OTWMusicSystem_Final\OTWMusicSystem_Final\otw_project\OTW_MUSIC_SYSTEM\screenshots\2040306023096006\spotify_not_foreground_screenshot_2040306023096006_20250519_183555680390.png
2025-05-19 18:35:58,826 - Worker-20403060 - PlaylistPlayer.2040306023096006 - WARNING - Spotify no detectado en primer plano después de abrir https://open.spotify.com/track/2Bh8zkphL3WXfay99qTUVI?si=424bfb88481848f1.
2025-05-19 18:35:58,826 - Worker-20403060 - PlaylistPlayer.2040306023096006 - DEBUG - Capturando pantalla en C:\Users\def\Documents\OTWMusicSystem_Final\OTWMusicSystem_Final\otw_project\OTW_MUSIC_SYSTEM\screenshots\2040306023096006\spotify_not_fg_after_open_2Bh8zkphL3WXfay99qTUVI?si=424bfb88481848f1_screenshot_2040306023096006_20250519_183558826181.png
2025-05-19 18:35:59,196 - Worker-20403060 - PlaylistPlayer.2040306023096006 - ERROR - Error al capturar pantalla: [Errno 22] Invalid argument: 'C:\\Users\\def\\Documents\\OTWMusicSystem_Final\\OTWMusicSystem_Final\\otw_project\\OTW_MUSIC_SYSTEM\\screenshots\\2040306023096006\\spotify_not_fg_after_open_2Bh8zkphL3WXfay99qTUVI?si=424bfb88481848f1_screenshot_2040306023096006_20250519_183558826181.png'
2025-05-19 18:35:59,196 - Worker-20403060 - PlaylistPlayer.2040306023096006 - INFO - Pausa antes de reintentar apertura de URL debido a no foreground (6.5s).
2025-05-19 18:36:03,642 - Worker-20403060 - PlaylistPlayer.2040306023096006 - INFO - Intentando abrir URL: https://open.spotify.com/track/2Bh8zkphL3WXfay99qTUVI?si=424bfb88481848f1 (Intento 2/3)
2025-05-19 18:36:03,642 - Worker-20403060 - PlaylistPlayer.2040306023096006 - DEBUG - Forzando detención de Spotify (com.spotify.music) antes de abrir URL.
2025-05-19 18:36:04,668 - Worker-20403060 - PlaylistPlayer.2040306023096006 - DEBUG - Presionando HOME.
2025-05-19 18:36:07,008 - Worker-20403060 - PlaylistPlayer.2040306023096006 - DEBUG - Ejecutando ADB intent para URL: https://open.spotify.com/track/2Bh8zkphL3WXfay99qTUVI?si=424bfb88481848f1
2025-05-19 18:36:08,100 - Worker-20403060 - PlaylistPlayer.2040306023096006 - DEBUG - Resultado ADB 'am start': stdout='Starting: Intent { act=android.intent.action.VIEW dat=https://open.spotify.com/... flg=0x10008000 }', stderr=''
2025-05-19 18:36:09,734 - Worker-20403060 - PlaylistPlayer.2040306023096006 - DEBUG - Esperando que la app se abra y estabilice (5-8s)...
2025-05-19 18:36:17,120 - Worker-20403060 - PlaylistPlayer.2040306023096006 - DEBUG - Verificando diálogo 'Abrir con'...
2025-05-19 18:36:20,556 - Worker-20403060 - PlaylistPlayer.2040306023096006 - INFO - Diálogo 'Abrir con' o similar detectado.
2025-05-19 18:36:20,557 - Worker-20403060 - PlaylistPlayer.2040306023096006 - DEBUG - Capturando pantalla en C:\Users\def\Documents\OTWMusicSystem_Final\OTWMusicSystem_Final\otw_project\OTW_MUSIC_SYSTEM\screenshots\2040306023096006\open_with_dialog_screenshot_2040306023096006_20250519_183620556907.png
2025-05-19 18:36:21,152 - Worker-20403060 - PlaylistPlayer.2040306023096006 - INFO - Captura de pantalla guardada: C:\Users\def\Documents\OTWMusicSystem_Final\OTWMusicSystem_Final\otw_project\OTW_MUSIC_SYSTEM\screenshots\2040306023096006\open_with_dialog_screenshot_2040306023096006_20250519_183620556907.png
2025-05-19 18:36:40,131 - Worker-20403060 - PlaylistPlayer.2040306023096006 - WARNING - Diálogo detectado pero 'Spotify' no pudo ser clickeado.
2025-05-19 18:36:40,132 - Worker-20403060 - PlaylistPlayer.2040306023096006 - DEBUG - Capturando pantalla en C:\Users\def\Documents\OTWMusicSystem_Final\OTWMusicSystem_Final\otw_project\OTW_MUSIC_SYSTEM\screenshots\2040306023096006\open_with_spotify_not_clicked_screenshot_2040306023096006_20250519_183640132289.png
2025-05-19 18:36:40,364 - Worker-20403060 - PlaylistPlayer.2040306023096006 - INFO - Captura de pantalla guardada: C:\Users\def\Documents\OTWMusicSystem_Final\OTWMusicSystem_Final\otw_project\OTW_MUSIC_SYSTEM\screenshots\2040306023096006\open_with_spotify_not_clicked_screenshot_2040306023096006_20250519_183640132289.png
2025-05-19 18:36:40,364 - Worker-20403060 - PlaylistPlayer.2040306023096006 - DEBUG - No se manejó el diálogo 'Abrir con' o no apareció.
2025-05-19 18:36:40,365 - Worker-20403060 - PlaylistPlayer.2040306023096006 - DEBUG - Verificando si Spotify está en primer plano...
2025-05-19 18:36:40,365 - Worker-20403060 - PlaylistPlayer.2040306023096006 - DEBUG - Intentando con comando dumpsys (1): adb -s 2040306023096006 shell dumpsys activity top
2025-05-19 18:36:42,116 - Worker-20403060 - PlaylistPlayer.2040306023096006 - WARNING - Spotify NO parece estar en primer plano según dumpsys.
2025-05-19 18:36:42,116 - Worker-20403060 - PlaylistPlayer.2040306023096006 - DEBUG - Capturando pantalla en C:\Users\def\Documents\OTWMusicSystem_Final\OTWMusicSystem_Final\otw_project\OTW_MUSIC_SYSTEM\screenshots\2040306023096006\spotify_not_foreground_screenshot_2040306023096006_20250519_183642116428.png
2025-05-19 18:36:42,510 - Worker-20403060 - PlaylistPlayer.2040306023096006 - INFO - Captura de pantalla guardada: C:\Users\def\Documents\OTWMusicSystem_Final\OTWMusicSystem_Final\otw_project\OTW_MUSIC_SYSTEM\screenshots\2040306023096006\spotify_not_foreground_screenshot_2040306023096006_20250519_183642116428.png
2025-05-19 18:36:42,510 - Worker-20403060 - PlaylistPlayer.2040306023096006 - WARNING - Spotify no detectado en primer plano después de abrir https://open.spotify.com/track/2Bh8zkphL3WXfay99qTUVI?si=424bfb88481848f1.
2025-05-19 18:36:42,511 - Worker-20403060 - PlaylistPlayer.2040306023096006 - DEBUG - Capturando pantalla en C:\Users\def\Documents\OTWMusicSystem_Final\OTWMusicSystem_Final\otw_project\OTW_MUSIC_SYSTEM\screenshots\2040306023096006\spotify_not_fg_after_open_2Bh8zkphL3WXfay99qTUVI?si=424bfb88481848f1_screenshot_2040306023096006_20250519_183642511243.png
2025-05-19 18:36:42,698 - Worker-20403060 - PlaylistPlayer.2040306023096006 - ERROR - Error al capturar pantalla: [Errno 22] Invalid argument: 'C:\\Users\\def\\Documents\\OTWMusicSystem_Final\\OTWMusicSystem_Final\\otw_project\\OTW_MUSIC_SYSTEM\\screenshots\\2040306023096006\\spotify_not_fg_after_open_2Bh8zkphL3WXfay99qTUVI?si=424bfb88481848f1_screenshot_2040306023096006_20250519_183642511243.png'
2025-05-19 18:36:42,699 - Worker-20403060 - PlaylistPlayer.2040306023096006 - INFO - Pausa antes de reintentar apertura de URL debido a no foreground (6.5s).
2025-05-19 18:36:49,267 - Worker-20403060 - PlaylistPlayer.2040306023096006 - INFO - Intentando abrir URL: https://open.spotify.com/track/2Bh8zkphL3WXfay99qTUVI?si=424bfb88481848f1 (Intento 3/3)
2025-05-19 18:36:49,267 - Worker-20403060 - PlaylistPlayer.2040306023096006 - DEBUG - Forzando detención de Spotify (com.spotify.music) antes de abrir URL.
2025-05-19 18:36:50,625 - Worker-20403060 - PlaylistPlayer.2040306023096006 - DEBUG - Presionando HOME.
2025-05-19 18:36:52,609 - Worker-20403060 - PlaylistPlayer.2040306023096006 - DEBUG - Ejecutando ADB intent para URL: https://open.spotify.com/track/2Bh8zkphL3WXfay99qTUVI?si=424bfb88481848f1
2025-05-19 18:36:53,644 - Worker-20403060 - PlaylistPlayer.2040306023096006 - DEBUG - Resultado ADB 'am start': stdout='Starting: Intent { act=android.intent.action.VIEW dat=https://open.spotify.com/... flg=0x10008000 }', stderr=''
2025-05-19 18:36:56,100 - Worker-20403060 - PlaylistPlayer.2040306023096006 - DEBUG - Esperando que la app se abra y estabilice (5-8s)...
2025-05-19 18:37:02,046 - Worker-20403060 - PlaylistPlayer.2040306023096006 - DEBUG - Verificando diálogo 'Abrir con'...
2025-05-19 18:37:04,611 - Worker-20403060 - PlaylistPlayer.2040306023096006 - INFO - Diálogo 'Abrir con' o similar detectado.
2025-05-19 18:37:04,611 - Worker-20403060 - PlaylistPlayer.2040306023096006 - DEBUG - Capturando pantalla en C:\Users\def\Documents\OTWMusicSystem_Final\OTWMusicSystem_Final\otw_project\OTW_MUSIC_SYSTEM\screenshots\2040306023096006\open_with_dialog_screenshot_2040306023096006_20250519_183704611192.png
2025-05-19 18:37:04,984 - Worker-20403060 - PlaylistPlayer.2040306023096006 - INFO - Captura de pantalla guardada: C:\Users\def\Documents\OTWMusicSystem_Final\OTWMusicSystem_Final\otw_project\OTW_MUSIC_SYSTEM\screenshots\2040306023096006\open_with_dialog_screenshot_2040306023096006_20250519_183704611192.png
2025-05-19 18:37:23,832 - Worker-20403060 - PlaylistPlayer.2040306023096006 - WARNING - Diálogo detectado pero 'Spotify' no pudo ser clickeado.
2025-05-19 18:37:23,833 - Worker-20403060 - PlaylistPlayer.2040306023096006 - DEBUG - Capturando pantalla en C:\Users\def\Documents\OTWMusicSystem_Final\OTWMusicSystem_Final\otw_project\OTW_MUSIC_SYSTEM\screenshots\2040306023096006\open_with_spotify_not_clicked_screenshot_2040306023096006_20250519_183723832786.png
2025-05-19 18:37:24,270 - Worker-20403060 - PlaylistPlayer.2040306023096006 - INFO - Captura de pantalla guardada: C:\Users\def\Documents\OTWMusicSystem_Final\OTWMusicSystem_Final\otw_project\OTW_MUSIC_SYSTEM\screenshots\2040306023096006\open_with_spotify_not_clicked_screenshot_2040306023096006_20250519_183723832786.png
2025-05-19 18:37:24,271 - Worker-20403060 - PlaylistPlayer.2040306023096006 - DEBUG - No se manejó el diálogo 'Abrir con' o no apareció.
2025-05-19 18:37:24,271 - Worker-20403060 - PlaylistPlayer.2040306023096006 - DEBUG - Verificando si Spotify está en primer plano...
2025-05-19 18:37:24,271 - Worker-20403060 - PlaylistPlayer.2040306023096006 - DEBUG - Intentando con comando dumpsys (1): adb -s 2040306023096006 shell dumpsys activity top
2025-05-19 18:37:26,408 - Worker-20403060 - PlaylistPlayer.2040306023096006 - WARNING - Spotify NO parece estar en primer plano según dumpsys.
2025-05-19 18:37:26,409 - Worker-20403060 - PlaylistPlayer.2040306023096006 - DEBUG - Capturando pantalla en C:\Users\def\Documents\OTWMusicSystem_Final\OTWMusicSystem_Final\otw_project\OTW_MUSIC_SYSTEM\screenshots\2040306023096006\spotify_not_foreground_screenshot_2040306023096006_20250519_183726408761.png
2025-05-19 18:37:26,644 - Worker-20403060 - PlaylistPlayer.2040306023096006 - INFO - Captura de pantalla guardada: C:\Users\def\Documents\OTWMusicSystem_Final\OTWMusicSystem_Final\otw_project\OTW_MUSIC_SYSTEM\screenshots\2040306023096006\spotify_not_foreground_screenshot_2040306023096006_20250519_183726408761.png
2025-05-19 18:37:26,644 - Worker-20403060 - PlaylistPlayer.2040306023096006 - WARNING - Spotify no detectado en primer plano después de abrir https://open.spotify.com/track/2Bh8zkphL3WXfay99qTUVI?si=424bfb88481848f1.
2025-05-19 18:37:26,646 - Worker-20403060 - PlaylistPlayer.2040306023096006 - DEBUG - Capturando pantalla en C:\Users\def\Documents\OTWMusicSystem_Final\OTWMusicSystem_Final\otw_project\OTW_MUSIC_SYSTEM\screenshots\2040306023096006\spotify_not_fg_after_open_2Bh8zkphL3WXfay99qTUVI?si=424bfb88481848f1_screenshot_2040306023096006_20250519_183726645480.png
2025-05-19 18:37:26,868 - Worker-20403060 - PlaylistPlayer.2040306023096006 - ERROR - Error al capturar pantalla: [Errno 22] Invalid argument: 'C:\\Users\\def\\Documents\\OTWMusicSystem_Final\\OTWMusicSystem_Final\\otw_project\\OTW_MUSIC_SYSTEM\\screenshots\\2040306023096006\\spotify_not_fg_after_open_2Bh8zkphL3WXfay99qTUVI?si=424bfb88481848f1_screenshot_2040306023096006_20250519_183726645480.png'
2025-05-19 18:37:26,869 - Worker-20403060 - PlaylistPlayer.2040306023096006 - INFO - Pausa antes de reintentar apertura de URL debido a no foreground (4.7s).
2025-05-19 18:37:33,820 - Worker-20403060 - PlaylistPlayer.2040306023096006 - INFO - Intentando abrir URL: https://open.spotify.com/track/2Bh8zkphL3WXfay99qTUVI?si=424bfb88481848f1 (Intento 4/3)
2025-05-19 18:37:33,820 - Worker-20403060 - PlaylistPlayer.2040306023096006 - ERROR - Máximos reintentos (3) alcanzados para abrir URL https://open.spotify.com/track/2Bh8zkphL3WXfay99qTUVI?si=424bfb88481848f1
2025-05-19 18:37:33,820 - Worker-20403060 - PlaylistPlayer.2040306023096006 - DEBUG - Capturando pantalla en C:\Users\def\Documents\OTWMusicSystem_Final\OTWMusicSystem_Final\otw_project\OTW_MUSIC_SYSTEM\screenshots\2040306023096006\open_url_max_retries_fail_2Bh8zkphL3WXfay99qTUVI?si=424bfb88481848f1_screenshot_2040306023096006_20250519_183733820413.png
2025-05-19 18:37:34,210 - Worker-20403060 - PlaylistPlayer.2040306023096006 - ERROR - Error al capturar pantalla: [Errno 22] Invalid argument: 'C:\\Users\\def\\Documents\\OTWMusicSystem_Final\\OTWMusicSystem_Final\\otw_project\\OTW_MUSIC_SYSTEM\\screenshots\\2040306023096006\\open_url_max_retries_fail_2Bh8zkphL3WXfay99qTUVI?si=424bfb88481848f1_screenshot_2040306023096006_20250519_183733820413.png'
2025-05-19 18:37:34,211 - Worker-20403060 - PlaylistPlayer.2040306023096006 - ERROR - No se pudo abrir el track https://open.spotify.com/track/2Bh8zkphL3WXfay99qTUVI?si=424bfb88481848f1. Terminando interacción.
2025-05-19 18:37:34,211 - Worker-20403060 - PlaylistPlayer.2040306023096006 - INFO - Sesión #1 completada. Pausa de 8.1s.
2025-05-19 18:37:42,310 - Worker-20403060 - PlaylistPlayer.2040306023096006 - INFO - --- Iniciando Sesión de Interacción #2 ---
2025-05-19 18:37:42,310 - Worker-20403060 - PlaylistPlayer.2040306023096006 - INFO - Selección: Link (track) -> https://open.spotify.com/track/1JumThE4gWEdKp778Q1xRo?si=fb4dc1a5daee4c6d
2025-05-19 18:37:42,311 - Worker-20403060 - PlaylistPlayer.2040306023096006 - INFO - Iniciando interacción con TRACK: https://open.spotify.com/track/1JumThE4gWEdKp778Q1xRo?si=fb4dc1a5daee4c6d
2025-05-19 18:37:42,311 - Worker-20403060 - PlaylistPlayer.2040306023096006 - INFO - Intentando abrir URL: https://open.spotify.com/track/1JumThE4gWEdKp778Q1xRo?si=fb4dc1a5daee4c6d (Intento 1/3)
2025-05-19 18:37:42,311 - Worker-20403060 - PlaylistPlayer.2040306023096006 - DEBUG - Forzando detención de Spotify (com.spotify.music) antes de abrir URL.
2025-05-19 18:37:43,629 - Worker-20403060 - PlaylistPlayer.2040306023096006 - DEBUG - Presionando HOME.
2025-05-19 18:37:45,693 - Worker-20403060 - PlaylistPlayer.2040306023096006 - DEBUG - Ejecutando ADB intent para URL: https://open.spotify.com/track/1JumThE4gWEdKp778Q1xRo?si=fb4dc1a5daee4c6d
2025-05-19 18:37:46,945 - Worker-20403060 - PlaylistPlayer.2040306023096006 - DEBUG - Resultado ADB 'am start': stdout='Starting: Intent { act=android.intent.action.VIEW dat=https://open.spotify.com/... flg=0x10008000 }', stderr=''
2025-05-19 18:37:49,039 - Worker-20403060 - PlaylistPlayer.2040306023096006 - DEBUG - Esperando que la app se abra y estabilice (5-8s)...
2025-05-19 18:37:55,967 - Worker-20403060 - PlaylistPlayer.2040306023096006 - DEBUG - Verificando diálogo 'Abrir con'...
2025-05-19 18:38:00,309 - Worker-20403060 - PlaylistPlayer.2040306023096006 - INFO - Diálogo 'Abrir con' o similar detectado.
2025-05-19 18:38:00,310 - Worker-20403060 - PlaylistPlayer.2040306023096006 - DEBUG - Capturando pantalla en C:\Users\def\Documents\OTWMusicSystem_Final\OTWMusicSystem_Final\otw_project\OTW_MUSIC_SYSTEM\screenshots\2040306023096006\open_with_dialog_screenshot_2040306023096006_20250519_183800310483.png
2025-05-19 18:38:00,652 - Worker-20403060 - PlaylistPlayer.2040306023096006 - INFO - Captura de pantalla guardada: C:\Users\def\Documents\OTWMusicSystem_Final\OTWMusicSystem_Final\otw_project\OTW_MUSIC_SYSTEM\screenshots\2040306023096006\open_with_dialog_screenshot_2040306023096006_20250519_183800310483.png
2025-05-19 18:38:18,356 - Worker-20403060 - PlaylistPlayer.2040306023096006 - WARNING - Diálogo detectado pero 'Spotify' no pudo ser clickeado.
2025-05-19 18:38:18,356 - Worker-20403060 - PlaylistPlayer.2040306023096006 - DEBUG - Capturando pantalla en C:\Users\def\Documents\OTWMusicSystem_Final\OTWMusicSystem_Final\otw_project\OTW_MUSIC_SYSTEM\screenshots\2040306023096006\open_with_spotify_not_clicked_screenshot_2040306023096006_20250519_183818356091.png
2025-05-19 18:38:18,940 - Worker-20403060 - PlaylistPlayer.2040306023096006 - INFO - Captura de pantalla guardada: C:\Users\def\Documents\OTWMusicSystem_Final\OTWMusicSystem_Final\otw_project\OTW_MUSIC_SYSTEM\screenshots\2040306023096006\open_with_spotify_not_clicked_screenshot_2040306023096006_20250519_183818356091.png
2025-05-19 18:38:18,940 - Worker-20403060 - PlaylistPlayer.2040306023096006 - DEBUG - No se manejó el diálogo 'Abrir con' o no apareció.
2025-05-19 18:38:18,940 - Worker-20403060 - PlaylistPlayer.2040306023096006 - DEBUG - Verificando si Spotify está en primer plano...
2025-05-19 18:38:18,940 - Worker-20403060 - PlaylistPlayer.2040306023096006 - DEBUG - Intentando con comando dumpsys (1): adb -s 2040306023096006 shell dumpsys activity top
2025-05-19 18:38:20,101 - Worker-20403060 - PlaylistPlayer.2040306023096006 - WARNING - Spotify NO parece estar en primer plano según dumpsys.
2025-05-19 18:38:20,102 - Worker-20403060 - PlaylistPlayer.2040306023096006 - DEBUG - Capturando pantalla en C:\Users\def\Documents\OTWMusicSystem_Final\OTWMusicSystem_Final\otw_project\OTW_MUSIC_SYSTEM\screenshots\2040306023096006\spotify_not_foreground_screenshot_2040306023096006_20250519_183820102270.png
2025-05-19 18:38:20,639 - Worker-20403060 - PlaylistPlayer.2040306023096006 - INFO - Captura de pantalla guardada: C:\Users\def\Documents\OTWMusicSystem_Final\OTWMusicSystem_Final\otw_project\OTW_MUSIC_SYSTEM\screenshots\2040306023096006\spotify_not_foreground_screenshot_2040306023096006_20250519_183820102270.png
2025-05-19 18:38:20,639 - Worker-20403060 - PlaylistPlayer.2040306023096006 - WARNING - Spotify no detectado en primer plano después de abrir https://open.spotify.com/track/1JumThE4gWEdKp778Q1xRo?si=fb4dc1a5daee4c6d.
2025-05-19 18:38:20,640 - Worker-20403060 - PlaylistPlayer.2040306023096006 - DEBUG - Capturando pantalla en C:\Users\def\Documents\OTWMusicSystem_Final\OTWMusicSystem_Final\otw_project\OTW_MUSIC_SYSTEM\screenshots\2040306023096006\spotify_not_fg_after_open_1JumThE4gWEdKp778Q1xRo?si=fb4dc1a5daee4c6d_screenshot_2040306023096006_20250519_183820640260.png
2025-05-19 18:38:21,108 - Worker-20403060 - PlaylistPlayer.2040306023096006 - ERROR - Error al capturar pantalla: [Errno 22] Invalid argument: 'C:\\Users\\def\\Documents\\OTWMusicSystem_Final\\OTWMusicSystem_Final\\otw_project\\OTW_MUSIC_SYSTEM\\screenshots\\2040306023096006\\spotify_not_fg_after_open_1JumThE4gWEdKp778Q1xRo?si=fb4dc1a5daee4c6d_screenshot_2040306023096006_20250519_183820640260.png'
2025-05-19 18:38:21,109 - Worker-20403060 - PlaylistPlayer.2040306023096006 - INFO - Pausa antes de reintentar apertura de URL debido a no foreground (6.2s).
2025-05-19 18:38:27,199 - Worker-20403060 - PlaylistPlayer.2040306023096006 - INFO - Intentando abrir URL: https://open.spotify.com/track/1JumThE4gWEdKp778Q1xRo?si=fb4dc1a5daee4c6d (Intento 2/3)
2025-05-19 18:38:27,199 - Worker-20403060 - PlaylistPlayer.2040306023096006 - DEBUG - Forzando detención de Spotify (com.spotify.music) antes de abrir URL.
2025-05-19 18:38:28,878 - Worker-20403060 - PlaylistPlayer.2040306023096006 - DEBUG - Presionando HOME.
2025-05-19 18:38:30,230 - Worker-20403060 - PlaylistPlayer.2040306023096006 - DEBUG - Ejecutando ADB intent para URL: https://open.spotify.com/track/1JumThE4gWEdKp778Q1xRo?si=fb4dc1a5daee4c6d
2025-05-19 18:38:31,462 - Worker-20403060 - PlaylistPlayer.2040306023096006 - DEBUG - Resultado ADB 'am start': stdout='Starting: Intent { act=android.intent.action.VIEW dat=https://open.spotify.com/... flg=0x10008000 }', stderr=''
2025-05-19 18:38:33,743 - Worker-20403060 - PlaylistPlayer.2040306023096006 - DEBUG - Esperando que la app se abra y estabilice (5-8s)...
2025-05-19 18:38:40,066 - Worker-20403060 - PlaylistPlayer.2040306023096006 - DEBUG - Verificando diálogo 'Abrir con'...
2025-05-19 18:38:43,732 - Worker-20403060 - PlaylistPlayer.2040306023096006 - INFO - Diálogo 'Abrir con' o similar detectado.
2025-05-19 18:38:43,732 - Worker-20403060 - PlaylistPlayer.2040306023096006 - DEBUG - Capturando pantalla en C:\Users\def\Documents\OTWMusicSystem_Final\OTWMusicSystem_Final\otw_project\OTW_MUSIC_SYSTEM\screenshots\2040306023096006\open_with_dialog_screenshot_2040306023096006_20250519_183843732472.png
2025-05-19 18:38:44,019 - Worker-20403060 - PlaylistPlayer.2040306023096006 - INFO - Captura de pantalla guardada: C:\Users\def\Documents\OTWMusicSystem_Final\OTWMusicSystem_Final\otw_project\OTW_MUSIC_SYSTEM\screenshots\2040306023096006\open_with_dialog_screenshot_2040306023096006_20250519_183843732472.png
2025-05-19 18:39:03,411 - Worker-20403060 - PlaylistPlayer.2040306023096006 - WARNING - Diálogo detectado pero 'Spotify' no pudo ser clickeado.
2025-05-19 18:39:03,412 - Worker-20403060 - PlaylistPlayer.2040306023096006 - DEBUG - Capturando pantalla en C:\Users\def\Documents\OTWMusicSystem_Final\OTWMusicSystem_Final\otw_project\OTW_MUSIC_SYSTEM\screenshots\2040306023096006\open_with_spotify_not_clicked_screenshot_2040306023096006_20250519_183903412314.png
2025-05-19 18:39:03,768 - Worker-20403060 - PlaylistPlayer.2040306023096006 - INFO - Captura de pantalla guardada: C:\Users\def\Documents\OTWMusicSystem_Final\OTWMusicSystem_Final\otw_project\OTW_MUSIC_SYSTEM\screenshots\2040306023096006\open_with_spotify_not_clicked_screenshot_2040306023096006_20250519_183903412314.png
2025-05-19 18:39:03,768 - Worker-20403060 - PlaylistPlayer.2040306023096006 - DEBUG - No se manejó el diálogo 'Abrir con' o no apareció.
2025-05-19 18:39:03,768 - Worker-20403060 - PlaylistPlayer.2040306023096006 - DEBUG - Verificando si Spotify está en primer plano...
2025-05-19 18:39:03,768 - Worker-20403060 - PlaylistPlayer.2040306023096006 - DEBUG - Intentando con comando dumpsys (1): adb -s 2040306023096006 shell dumpsys activity top
2025-05-19 18:39:04,910 - Worker-20403060 - PlaylistPlayer.2040306023096006 - WARNING - Spotify NO parece estar en primer plano según dumpsys.
2025-05-19 18:39:04,911 - Worker-20403060 - PlaylistPlayer.2040306023096006 - DEBUG - Capturando pantalla en C:\Users\def\Documents\OTWMusicSystem_Final\OTWMusicSystem_Final\otw_project\OTW_MUSIC_SYSTEM\screenshots\2040306023096006\spotify_not_foreground_screenshot_2040306023096006_20250519_183904910985.png
2025-05-19 18:39:05,283 - Worker-20403060 - PlaylistPlayer.2040306023096006 - INFO - Captura de pantalla guardada: C:\Users\def\Documents\OTWMusicSystem_Final\OTWMusicSystem_Final\otw_project\OTW_MUSIC_SYSTEM\screenshots\2040306023096006\spotify_not_foreground_screenshot_2040306023096006_20250519_183904910985.png
2025-05-19 18:39:05,283 - Worker-20403060 - PlaylistPlayer.2040306023096006 - WARNING - Spotify no detectado en primer plano después de abrir https://open.spotify.com/track/1JumThE4gWEdKp778Q1xRo?si=fb4dc1a5daee4c6d.
2025-05-19 18:39:05,284 - Worker-20403060 - PlaylistPlayer.2040306023096006 - DEBUG - Capturando pantalla en C:\Users\def\Documents\OTWMusicSystem_Final\OTWMusicSystem_Final\otw_project\OTW_MUSIC_SYSTEM\screenshots\2040306023096006\spotify_not_fg_after_open_1JumThE4gWEdKp778Q1xRo?si=fb4dc1a5daee4c6d_screenshot_2040306023096006_20250519_183905283749.png
2025-05-19 18:39:05,487 - Worker-20403060 - PlaylistPlayer.2040306023096006 - ERROR - Error al capturar pantalla: [Errno 22] Invalid argument: 'C:\\Users\\def\\Documents\\OTWMusicSystem_Final\\OTWMusicSystem_Final\\otw_project\\OTW_MUSIC_SYSTEM\\screenshots\\2040306023096006\\spotify_not_fg_after_open_1JumThE4gWEdKp778Q1xRo?si=fb4dc1a5daee4c6d_screenshot_2040306023096006_20250519_183905283749.png'
2025-05-19 18:39:05,487 - Worker-20403060 - PlaylistPlayer.2040306023096006 - INFO - Pausa antes de reintentar apertura de URL debido a no foreground (5.6s).
2025-05-19 18:39:12,071 - Worker-20403060 - PlaylistPlayer.2040306023096006 - INFO - Intentando abrir URL: https://open.spotify.com/track/1JumThE4gWEdKp778Q1xRo?si=fb4dc1a5daee4c6d (Intento 3/3)
2025-05-19 18:39:12,071 - Worker-20403060 - PlaylistPlayer.2040306023096006 - DEBUG - Forzando detención de Spotify (com.spotify.music) antes de abrir URL.
2025-05-19 18:39:13,328 - Worker-20403060 - PlaylistPlayer.2040306023096006 - DEBUG - Presionando HOME.
2025-05-19 18:39:15,241 - Worker-20403060 - PlaylistPlayer.2040306023096006 - DEBUG - Ejecutando ADB intent para URL: https://open.spotify.com/track/1JumThE4gWEdKp778Q1xRo?si=fb4dc1a5daee4c6d
2025-05-19 18:39:16,887 - Worker-20403060 - PlaylistPlayer.2040306023096006 - DEBUG - Resultado ADB 'am start': stdout='Starting: Intent { act=android.intent.action.VIEW dat=https://open.spotify.com/... flg=0x10008000 }', stderr=''
2025-05-19 18:39:19,082 - Worker-20403060 - PlaylistPlayer.2040306023096006 - DEBUG - Esperando que la app se abra y estabilice (5-8s)...
2025-05-19 18:39:25,518 - Worker-20403060 - PlaylistPlayer.2040306023096006 - DEBUG - Verificando diálogo 'Abrir con'...
2025-05-19 18:39:29,378 - Worker-20403060 - PlaylistPlayer.2040306023096006 - INFO - Diálogo 'Abrir con' o similar detectado.
2025-05-19 18:39:29,378 - Worker-20403060 - PlaylistPlayer.2040306023096006 - DEBUG - Capturando pantalla en C:\Users\def\Documents\OTWMusicSystem_Final\OTWMusicSystem_Final\otw_project\OTW_MUSIC_SYSTEM\screenshots\2040306023096006\open_with_dialog_screenshot_2040306023096006_20250519_183929378029.png
2025-05-19 18:39:29,563 - Worker-20403060 - PlaylistPlayer.2040306023096006 - INFO - Captura de pantalla guardada: C:\Users\def\Documents\OTWMusicSystem_Final\OTWMusicSystem_Final\otw_project\OTW_MUSIC_SYSTEM\screenshots\2040306023096006\open_with_dialog_screenshot_2040306023096006_20250519_183929378029.png
2025-05-19 18:39:48,328 - Worker-20403060 - PlaylistPlayer.2040306023096006 - WARNING - Diálogo detectado pero 'Spotify' no pudo ser clickeado.
2025-05-19 18:39:48,328 - Worker-20403060 - PlaylistPlayer.2040306023096006 - DEBUG - Capturando pantalla en C:\Users\def\Documents\OTWMusicSystem_Final\OTWMusicSystem_Final\otw_project\OTW_MUSIC_SYSTEM\screenshots\2040306023096006\open_with_spotify_not_clicked_screenshot_2040306023096006_20250519_183948328297.png
2025-05-19 18:39:49,003 - Worker-20403060 - PlaylistPlayer.2040306023096006 - INFO - Captura de pantalla guardada: C:\Users\def\Documents\OTWMusicSystem_Final\OTWMusicSystem_Final\otw_project\OTW_MUSIC_SYSTEM\screenshots\2040306023096006\open_with_spotify_not_clicked_screenshot_2040306023096006_20250519_183948328297.png
2025-05-19 18:39:49,004 - Worker-20403060 - PlaylistPlayer.2040306023096006 - DEBUG - No se manejó el diálogo 'Abrir con' o no apareció.
2025-05-19 18:39:49,004 - Worker-20403060 - PlaylistPlayer.2040306023096006 - DEBUG - Verificando si Spotify está en primer plano...
2025-05-19 18:39:49,004 - Worker-20403060 - PlaylistPlayer.2040306023096006 - DEBUG - Intentando con comando dumpsys (1): adb -s 2040306023096006 shell dumpsys activity top
2025-05-19 18:39:49,737 - Worker-20403060 - PlaylistPlayer.2040306023096006 - WARNING - Spotify NO parece estar en primer plano según dumpsys.
2025-05-19 18:39:49,738 - Worker-20403060 - PlaylistPlayer.2040306023096006 - DEBUG - Capturando pantalla en C:\Users\def\Documents\OTWMusicSystem_Final\OTWMusicSystem_Final\otw_project\OTW_MUSIC_SYSTEM\screenshots\2040306023096006\spotify_not_foreground_screenshot_2040306023096006_20250519_183949738308.png
2025-05-19 18:39:49,904 - Worker-20403060 - PlaylistPlayer.2040306023096006 - INFO - Captura de pantalla guardada: C:\Users\def\Documents\OTWMusicSystem_Final\OTWMusicSystem_Final\otw_project\OTW_MUSIC_SYSTEM\screenshots\2040306023096006\spotify_not_foreground_screenshot_2040306023096006_20250519_183949738308.png
2025-05-19 18:39:49,904 - Worker-20403060 - PlaylistPlayer.2040306023096006 - WARNING - Spotify no detectado en primer plano después de abrir https://open.spotify.com/track/1JumThE4gWEdKp778Q1xRo?si=fb4dc1a5daee4c6d.
2025-05-19 18:39:49,905 - Worker-20403060 - PlaylistPlayer.2040306023096006 - DEBUG - Capturando pantalla en C:\Users\def\Documents\OTWMusicSystem_Final\OTWMusicSystem_Final\otw_project\OTW_MUSIC_SYSTEM\screenshots\2040306023096006\spotify_not_fg_after_open_1JumThE4gWEdKp778Q1xRo?si=fb4dc1a5daee4c6d_screenshot_2040306023096006_20250519_183949905275.png
2025-05-19 18:39:50,031 - Worker-20403060 - PlaylistPlayer.2040306023096006 - ERROR - Error al capturar pantalla: [Errno 22] Invalid argument: 'C:\\Users\\def\\Documents\\OTWMusicSystem_Final\\OTWMusicSystem_Final\\otw_project\\OTW_MUSIC_SYSTEM\\screenshots\\2040306023096006\\spotify_not_fg_after_open_1JumThE4gWEdKp778Q1xRo?si=fb4dc1a5daee4c6d_screenshot_2040306023096006_20250519_183949905275.png'
2025-05-19 18:39:50,031 - Worker-20403060 - PlaylistPlayer.2040306023096006 - INFO - Pausa antes de reintentar apertura de URL debido a no foreground (5.0s).
2025-05-19 18:39:54,610 - Worker-20403060 - PlaylistPlayer.2040306023096006 - INFO - Intentando abrir URL: https://open.spotify.com/track/1JumThE4gWEdKp778Q1xRo?si=fb4dc1a5daee4c6d (Intento 4/3)
2025-05-19 18:39:54,610 - Worker-20403060 - PlaylistPlayer.2040306023096006 - ERROR - Máximos reintentos (3) alcanzados para abrir URL https://open.spotify.com/track/1JumThE4gWEdKp778Q1xRo?si=fb4dc1a5daee4c6d
2025-05-19 18:39:54,611 - Worker-20403060 - PlaylistPlayer.2040306023096006 - DEBUG - Capturando pantalla en C:\Users\def\Documents\OTWMusicSystem_Final\OTWMusicSystem_Final\otw_project\OTW_MUSIC_SYSTEM\screenshots\2040306023096006\open_url_max_retries_fail_1JumThE4gWEdKp778Q1xRo?si=fb4dc1a5daee4c6d_screenshot_2040306023096006_20250519_183954610792.png
2025-05-19 18:39:54,842 - Worker-20403060 - PlaylistPlayer.2040306023096006 - ERROR - Error al capturar pantalla: [Errno 22] Invalid argument: 'C:\\Users\\def\\Documents\\OTWMusicSystem_Final\\OTWMusicSystem_Final\\otw_project\\OTW_MUSIC_SYSTEM\\screenshots\\2040306023096006\\open_url_max_retries_fail_1JumThE4gWEdKp778Q1xRo?si=fb4dc1a5daee4c6d_screenshot_2040306023096006_20250519_183954610792.png'
2025-05-19 18:39:54,842 - Worker-20403060 - PlaylistPlayer.2040306023096006 - ERROR - No se pudo abrir el track https://open.spotify.com/track/1JumThE4gWEdKp778Q1xRo?si=fb4dc1a5daee4c6d. Terminando interacción.
2025-05-19 18:39:54,842 - Worker-20403060 - PlaylistPlayer.2040306023096006 - INFO - Decidiendo realizar una búsqueda aleatoria...
2025-05-19 18:39:54,842 - Worker-20403060 - PlaylistPlayer.2040306023096006 - DEBUG - Pausa de 12.2s antes de la búsqueda.
2025-05-19 18:40:07,079 - Worker-20403060 - PlaylistPlayer.2040306023096006 - INFO - Iniciando simulación de BÚSQUEDA.
2025-05-19 18:40:07,079 - Worker-20403060 - PlaylistPlayer.2040306023096006 - DEBUG - Intentando Pestaña Búsqueda (sel 1): {'descriptionMatches': '(?i)Search|Buscar', 'className': 'android.widget.Button'}
2025-05-19 18:40:10,073 - Worker-20403060 - PlaylistPlayer.2040306023096006 - DEBUG - Intentando Pestaña Búsqueda (sel 2): {'descriptionMatches': '(?i)Search|Buscar', 'className': 'android.widget.TextView'}
2025-05-19 18:40:13,159 - Worker-20403060 - PlaylistPlayer.2040306023096006 - DEBUG - Intentando Pestaña Búsqueda (sel 3): {'resourceId': 'com.spotify.music:id/search_tab'}
2025-05-19 18:40:16,245 - Worker-20403060 - PlaylistPlayer.2040306023096006 - DEBUG - Intentando Pestaña Búsqueda (sel 4): {'textMatches': '(?i)Search|Buscar'}
2025-05-19 18:40:19,277 - Worker-20403060 - PlaylistPlayer.2040306023096006 - WARNING - No se encontró o no se pudo clickear la Pestaña de Búsqueda. Saltando búsqueda.
2025-05-19 18:40:19,277 - Worker-20403060 - PlaylistPlayer.2040306023096006 - DEBUG - Capturando pantalla en C:\Users\def\Documents\OTWMusicSystem_Final\OTWMusicSystem_Final\otw_project\OTW_MUSIC_SYSTEM\screenshots\2040306023096006\search_tab_fail_screenshot_2040306023096006_20250519_184019277808.png
2025-05-19 18:40:19,451 - Worker-20403060 - PlaylistPlayer.2040306023096006 - INFO - Captura de pantalla guardada: C:\Users\def\Documents\OTWMusicSystem_Final\OTWMusicSystem_Final\otw_project\OTW_MUSIC_SYSTEM\screenshots\2040306023096006\search_tab_fail_screenshot_2040306023096006_20250519_184019277808.png
2025-05-19 18:40:19,451 - Worker-20403060 - PlaylistPlayer.2040306023096006 - INFO - Sesión #2 completada. Pausa de 4.8s.
2025-05-19 18:40:24,280 - Worker-20403060 - PlaylistPlayer.2040306023096006 - INFO - --- Iniciando Sesión de Interacción #3 ---
2025-05-19 18:40:24,280 - Worker-20403060 - PlaylistPlayer.2040306023096006 - INFO - Selección: Link (track) -> https://open.spotify.com/track/6E7w7OT5uLffRah11oPuq0?si=048081b10d914ab0
2025-05-19 18:40:24,280 - Worker-20403060 - PlaylistPlayer.2040306023096006 - INFO - Iniciando interacción con TRACK: https://open.spotify.com/track/6E7w7OT5uLffRah11oPuq0?si=048081b10d914ab0
2025-05-19 18:40:24,281 - Worker-20403060 - PlaylistPlayer.2040306023096006 - INFO - Intentando abrir URL: https://open.spotify.com/track/6E7w7OT5uLffRah11oPuq0?si=048081b10d914ab0 (Intento 1/3)
2025-05-19 18:40:24,281 - Worker-20403060 - PlaylistPlayer.2040306023096006 - DEBUG - Forzando detención de Spotify (com.spotify.music) antes de abrir URL.
2025-05-19 18:40:25,172 - Worker-20403060 - PlaylistPlayer.2040306023096006 - DEBUG - Presionando HOME.
2025-05-19 18:40:27,607 - Worker-20403060 - PlaylistPlayer.2040306023096006 - DEBUG - Ejecutando ADB intent para URL: https://open.spotify.com/track/6E7w7OT5uLffRah11oPuq0?si=048081b10d914ab0
2025-05-19 18:40:28,679 - Worker-20403060 - PlaylistPlayer.2040306023096006 - DEBUG - Resultado ADB 'am start': stdout='Starting: Intent { act=android.intent.action.VIEW dat=https://open.spotify.com/... flg=0x10008000 }', stderr=''
2025-05-19 18:40:30,526 - Worker-20403060 - PlaylistPlayer.2040306023096006 - DEBUG - Esperando que la app se abra y estabilice (5-8s)...
2025-05-19 18:40:38,252 - Worker-20403060 - PlaylistPlayer.2040306023096006 - DEBUG - Verificando diálogo 'Abrir con'...
2025-05-19 18:41:16,860 - Worker-20403060 - PlaylistPlayer.2040306023096006 - DEBUG - No se detectó diálogo 'Abrir con' explícito.
2025-05-19 18:41:16,860 - Worker-20403060 - PlaylistPlayer.2040306023096006 - DEBUG - No se manejó el diálogo 'Abrir con' o no apareció.
2025-05-19 18:41:16,860 - Worker-20403060 - PlaylistPlayer.2040306023096006 - DEBUG - Verificando si Spotify está en primer plano...
2025-05-19 18:41:16,861 - Worker-20403060 - PlaylistPlayer.2040306023096006 - DEBUG - Intentando con comando dumpsys (1): adb -s 2040306023096006 shell dumpsys activity top
2025-05-19 18:41:18,949 - Worker-20403060 - PlaylistPlayer.2040306023096006 - WARNING - Spotify NO parece estar en primer plano según dumpsys.
2025-05-19 18:41:18,950 - Worker-20403060 - PlaylistPlayer.2040306023096006 - DEBUG - Capturando pantalla en C:\Users\def\Documents\OTWMusicSystem_Final\OTWMusicSystem_Final\otw_project\OTW_MUSIC_SYSTEM\screenshots\2040306023096006\spotify_not_foreground_screenshot_2040306023096006_20250519_184118949839.png
2025-05-19 18:41:20,553 - Worker-20403060 - PlaylistPlayer.2040306023096006 - INFO - Captura de pantalla guardada: C:\Users\def\Documents\OTWMusicSystem_Final\OTWMusicSystem_Final\otw_project\OTW_MUSIC_SYSTEM\screenshots\2040306023096006\spotify_not_foreground_screenshot_2040306023096006_20250519_184118949839.png
2025-05-19 18:41:20,553 - Worker-20403060 - PlaylistPlayer.2040306023096006 - WARNING - Spotify no detectado en primer plano después de abrir https://open.spotify.com/track/6E7w7OT5uLffRah11oPuq0?si=048081b10d914ab0.
2025-05-19 18:41:20,554 - Worker-20403060 - PlaylistPlayer.2040306023096006 - DEBUG - Capturando pantalla en C:\Users\def\Documents\OTWMusicSystem_Final\OTWMusicSystem_Final\otw_project\OTW_MUSIC_SYSTEM\screenshots\2040306023096006\spotify_not_fg_after_open_6E7w7OT5uLffRah11oPuq0?si=048081b10d914ab0_screenshot_2040306023096006_20250519_184120553834.png
2025-05-19 18:41:20,756 - Worker-20403060 - PlaylistPlayer.2040306023096006 - ERROR - Error al capturar pantalla: [Errno 22] Invalid argument: 'C:\\Users\\def\\Documents\\OTWMusicSystem_Final\\OTWMusicSystem_Final\\otw_project\\OTW_MUSIC_SYSTEM\\screenshots\\2040306023096006\\spotify_not_fg_after_open_6E7w7OT5uLffRah11oPuq0?si=048081b10d914ab0_screenshot_2040306023096006_20250519_184120553834.png'
2025-05-19 18:41:20,757 - Worker-20403060 - PlaylistPlayer.2040306023096006 - INFO - Pausa antes de reintentar apertura de URL debido a no foreground (5.5s).
2025-05-19 18:41:27,153 - Worker-20403060 - PlaylistPlayer.2040306023096006 - INFO - Intentando abrir URL: https://open.spotify.com/track/6E7w7OT5uLffRah11oPuq0?si=048081b10d914ab0 (Intento 2/3)
2025-05-19 18:41:27,153 - Worker-20403060 - PlaylistPlayer.2040306023096006 - DEBUG - Forzando detención de Spotify (com.spotify.music) antes de abrir URL.
2025-05-19 18:41:28,135 - Worker-20403060 - PlaylistPlayer.2040306023096006 - DEBUG - Presionando HOME.
2025-05-19 18:41:30,100 - Worker-20403060 - PlaylistPlayer.2040306023096006 - DEBUG - Ejecutando ADB intent para URL: https://open.spotify.com/track/6E7w7OT5uLffRah11oPuq0?si=048081b10d914ab0
2025-05-19 18:41:31,769 - Worker-20403060 - PlaylistPlayer.2040306023096006 - DEBUG - Resultado ADB 'am start': stdout='Starting: Intent { act=android.intent.action.VIEW dat=https://open.spotify.com/... flg=0x10008000 }', stderr=''
2025-05-19 18:41:33,762 - Worker-20403060 - PlaylistPlayer.2040306023096006 - DEBUG - Esperando que la app se abra y estabilice (5-8s)...
2025-05-19 18:41:38,912 - Worker-20403060 - PlaylistPlayer.2040306023096006 - DEBUG - Verificando diálogo 'Abrir con'...
2025-05-19 18:41:42,003 - Worker-20403060 - PlaylistPlayer.2040306023096006 - INFO - Diálogo 'Abrir con' o similar detectado.
2025-05-19 18:41:42,003 - Worker-20403060 - PlaylistPlayer.2040306023096006 - DEBUG - Capturando pantalla en C:\Users\def\Documents\OTWMusicSystem_Final\OTWMusicSystem_Final\otw_project\OTW_MUSIC_SYSTEM\screenshots\2040306023096006\open_with_dialog_screenshot_2040306023096006_20250519_184142003660.png
2025-05-19 18:41:42,292 - Worker-20403060 - PlaylistPlayer.2040306023096006 - INFO - Captura de pantalla guardada: C:\Users\def\Documents\OTWMusicSystem_Final\OTWMusicSystem_Final\otw_project\OTW_MUSIC_SYSTEM\screenshots\2040306023096006\open_with_dialog_screenshot_2040306023096006_20250519_184142003660.png
2025-05-19 18:42:05,720 - Worker-20403060 - PlaylistPlayer.2040306023096006 - WARNING - Diálogo detectado pero 'Spotify' no pudo ser clickeado.
2025-05-19 18:42:05,720 - Worker-20403060 - PlaylistPlayer.2040306023096006 - DEBUG - Capturando pantalla en C:\Users\def\Documents\OTWMusicSystem_Final\OTWMusicSystem_Final\otw_project\OTW_MUSIC_SYSTEM\screenshots\2040306023096006\open_with_spotify_not_clicked_screenshot_2040306023096006_20250519_184205720871.png
2025-05-19 18:42:06,235 - Worker-20403060 - PlaylistPlayer.2040306023096006 - INFO - Captura de pantalla guardada: C:\Users\def\Documents\OTWMusicSystem_Final\OTWMusicSystem_Final\otw_project\OTW_MUSIC_SYSTEM\screenshots\2040306023096006\open_with_spotify_not_clicked_screenshot_2040306023096006_20250519_184205720871.png
2025-05-19 18:42:06,236 - Worker-20403060 - PlaylistPlayer.2040306023096006 - DEBUG - No se manejó el diálogo 'Abrir con' o no apareció.
2025-05-19 18:42:06,236 - Worker-20403060 - PlaylistPlayer.2040306023096006 - DEBUG - Verificando si Spotify está en primer plano...
2025-05-19 18:42:06,236 - Worker-20403060 - PlaylistPlayer.2040306023096006 - DEBUG - Intentando con comando dumpsys (1): adb -s 2040306023096006 shell dumpsys activity top
2025-05-19 18:42:09,180 - Worker-20403060 - PlaylistPlayer.2040306023096006 - WARNING - Spotify NO parece estar en primer plano según dumpsys.
2025-05-19 18:42:09,180 - Worker-20403060 - PlaylistPlayer.2040306023096006 - DEBUG - Capturando pantalla en C:\Users\def\Documents\OTWMusicSystem_Final\OTWMusicSystem_Final\otw_project\OTW_MUSIC_SYSTEM\screenshots\2040306023096006\spotify_not_foreground_screenshot_2040306023096006_20250519_184209180904.png
2025-05-19 18:42:09,319 - Worker-20403060 - PlaylistPlayer.2040306023096006 - INFO - Captura de pantalla guardada: C:\Users\def\Documents\OTWMusicSystem_Final\OTWMusicSystem_Final\otw_project\OTW_MUSIC_SYSTEM\screenshots\2040306023096006\spotify_not_foreground_screenshot_2040306023096006_20250519_184209180904.png
2025-05-19 18:42:09,319 - Worker-20403060 - PlaylistPlayer.2040306023096006 - WARNING - Spotify no detectado en primer plano después de abrir https://open.spotify.com/track/6E7w7OT5uLffRah11oPuq0?si=048081b10d914ab0.
2025-05-19 18:42:09,319 - Worker-20403060 - PlaylistPlayer.2040306023096006 - DEBUG - Capturando pantalla en C:\Users\def\Documents\OTWMusicSystem_Final\OTWMusicSystem_Final\otw_project\OTW_MUSIC_SYSTEM\screenshots\2040306023096006\spotify_not_fg_after_open_6E7w7OT5uLffRah11oPuq0?si=048081b10d914ab0_screenshot_2040306023096006_20250519_184209319940.png
2025-05-19 18:42:09,431 - Worker-20403060 - PlaylistPlayer.2040306023096006 - ERROR - Error al capturar pantalla: [Errno 22] Invalid argument: 'C:\\Users\\def\\Documents\\OTWMusicSystem_Final\\OTWMusicSystem_Final\\otw_project\\OTW_MUSIC_SYSTEM\\screenshots\\2040306023096006\\spotify_not_fg_after_open_6E7w7OT5uLffRah11oPuq0?si=048081b10d914ab0_screenshot_2040306023096006_20250519_184209319940.png'
2025-05-19 18:42:09,436 - Worker-20403060 - PlaylistPlayer.2040306023096006 - INFO - Pausa antes de reintentar apertura de URL debido a no foreground (4.2s).
2025-05-19 18:42:16,248 - Worker-20403060 - PlaylistPlayer.2040306023096006 - INFO - Intentando abrir URL: https://open.spotify.com/track/6E7w7OT5uLffRah11oPuq0?si=048081b10d914ab0 (Intento 3/3)
2025-05-19 18:42:16,248 - Worker-20403060 - PlaylistPlayer.2040306023096006 - DEBUG - Forzando detención de Spotify (com.spotify.music) antes de abrir URL.
2025-05-19 18:42:17,395 - Worker-20403060 - PlaylistPlayer.2040306023096006 - DEBUG - Presionando HOME.
2025-05-19 18:42:19,503 - Worker-20403060 - PlaylistPlayer.2040306023096006 - DEBUG - Ejecutando ADB intent para URL: https://open.spotify.com/track/6E7w7OT5uLffRah11oPuq0?si=048081b10d914ab0
2025-05-19 18:42:20,979 - Worker-20403060 - PlaylistPlayer.2040306023096006 - DEBUG - Resultado ADB 'am start': stdout='Starting: Intent { act=android.intent.action.VIEW dat=https://open.spotify.com/... flg=0x10008000 }', stderr=''
2025-05-19 18:42:23,374 - Worker-20403060 - PlaylistPlayer.2040306023096006 - DEBUG - Esperando que la app se abra y estabilice (5-8s)...
2025-05-19 18:42:28,767 - Worker-20403060 - PlaylistPlayer.2040306023096006 - DEBUG - Verificando diálogo 'Abrir con'...
2025-05-19 18:42:31,144 - Worker-20403060 - PlaylistPlayer.2040306023096006 - INFO - Diálogo 'Abrir con' o similar detectado.
2025-05-19 18:42:31,144 - Worker-20403060 - PlaylistPlayer.2040306023096006 - DEBUG - Capturando pantalla en C:\Users\def\Documents\OTWMusicSystem_Final\OTWMusicSystem_Final\otw_project\OTW_MUSIC_SYSTEM\screenshots\2040306023096006\open_with_dialog_screenshot_2040306023096006_20250519_184231144131.png
2025-05-19 18:42:31,562 - Worker-20403060 - PlaylistPlayer.2040306023096006 - INFO - Captura de pantalla guardada: C:\Users\def\Documents\OTWMusicSystem_Final\OTWMusicSystem_Final\otw_project\OTW_MUSIC_SYSTEM\screenshots\2040306023096006\open_with_dialog_screenshot_2040306023096006_20250519_184231144131.png
2025-05-19 18:42:53,062 - Worker-20403060 - PlaylistPlayer.2040306023096006 - WARNING - Diálogo detectado pero 'Spotify' no pudo ser clickeado.
2025-05-19 18:42:53,063 - Worker-20403060 - PlaylistPlayer.2040306023096006 - DEBUG - Capturando pantalla en C:\Users\def\Documents\OTWMusicSystem_Final\OTWMusicSystem_Final\otw_project\OTW_MUSIC_SYSTEM\screenshots\2040306023096006\open_with_spotify_not_clicked_screenshot_2040306023096006_20250519_184253063033.png
2025-05-19 18:42:53,347 - Worker-20403060 - PlaylistPlayer.2040306023096006 - INFO - Captura de pantalla guardada: C:\Users\def\Documents\OTWMusicSystem_Final\OTWMusicSystem_Final\otw_project\OTW_MUSIC_SYSTEM\screenshots\2040306023096006\open_with_spotify_not_clicked_screenshot_2040306023096006_20250519_184253063033.png
2025-05-19 18:42:53,347 - Worker-20403060 - PlaylistPlayer.2040306023096006 - DEBUG - No se manejó el diálogo 'Abrir con' o no apareció.
2025-05-19 18:42:53,347 - Worker-20403060 - PlaylistPlayer.2040306023096006 - DEBUG - Verificando si Spotify está en primer plano...
2025-05-19 18:42:53,347 - Worker-20403060 - PlaylistPlayer.2040306023096006 - DEBUG - Intentando con comando dumpsys (1): adb -s 2040306023096006 shell dumpsys activity top
2025-05-19 18:42:54,277 - Worker-20403060 - PlaylistPlayer.2040306023096006 - WARNING - Spotify NO parece estar en primer plano según dumpsys.
2025-05-19 18:42:54,278 - Worker-20403060 - PlaylistPlayer.2040306023096006 - DEBUG - Capturando pantalla en C:\Users\def\Documents\OTWMusicSystem_Final\OTWMusicSystem_Final\otw_project\OTW_MUSIC_SYSTEM\screenshots\2040306023096006\spotify_not_foreground_screenshot_2040306023096006_20250519_184254277620.png
2025-05-19 18:42:54,562 - Worker-20403060 - PlaylistPlayer.2040306023096006 - INFO - Captura de pantalla guardada: C:\Users\def\Documents\OTWMusicSystem_Final\OTWMusicSystem_Final\otw_project\OTW_MUSIC_SYSTEM\screenshots\2040306023096006\spotify_not_foreground_screenshot_2040306023096006_20250519_184254277620.png
2025-05-19 18:42:54,562 - Worker-20403060 - PlaylistPlayer.2040306023096006 - WARNING - Spotify no detectado en primer plano después de abrir https://open.spotify.com/track/6E7w7OT5uLffRah11oPuq0?si=048081b10d914ab0.
2025-05-19 18:42:54,563 - Worker-20403060 - PlaylistPlayer.2040306023096006 - DEBUG - Capturando pantalla en C:\Users\def\Documents\OTWMusicSystem_Final\OTWMusicSystem_Final\otw_project\OTW_MUSIC_SYSTEM\screenshots\2040306023096006\spotify_not_fg_after_open_6E7w7OT5uLffRah11oPuq0?si=048081b10d914ab0_screenshot_2040306023096006_20250519_184254563102.png
2025-05-19 18:42:54,729 - Worker-20403060 - PlaylistPlayer.2040306023096006 - ERROR - Error al capturar pantalla: [Errno 22] Invalid argument: 'C:\\Users\\def\\Documents\\OTWMusicSystem_Final\\OTWMusicSystem_Final\\otw_project\\OTW_MUSIC_SYSTEM\\screenshots\\2040306023096006\\spotify_not_fg_after_open_6E7w7OT5uLffRah11oPuq0?si=048081b10d914ab0_screenshot_2040306023096006_20250519_184254563102.png'
2025-05-19 18:42:54,729 - Worker-20403060 - PlaylistPlayer.2040306023096006 - INFO - Pausa antes de reintentar apertura de URL debido a no foreground (6.2s).
2025-05-19 18:42:59,607 - Worker-20403060 - PlaylistPlayer.2040306023096006 - INFO - Intentando abrir URL: https://open.spotify.com/track/6E7w7OT5uLffRah11oPuq0?si=048081b10d914ab0 (Intento 4/3)
2025-05-19 18:42:59,607 - Worker-20403060 - PlaylistPlayer.2040306023096006 - ERROR - Máximos reintentos (3) alcanzados para abrir URL https://open.spotify.com/track/6E7w7OT5uLffRah11oPuq0?si=048081b10d914ab0
2025-05-19 18:42:59,608 - Worker-20403060 - PlaylistPlayer.2040306023096006 - DEBUG - Capturando pantalla en C:\Users\def\Documents\OTWMusicSystem_Final\OTWMusicSystem_Final\otw_project\OTW_MUSIC_SYSTEM\screenshots\2040306023096006\open_url_max_retries_fail_6E7w7OT5uLffRah11oPuq0?si=048081b10d914ab0_screenshot_2040306023096006_20250519_184259607585.png
2025-05-19 18:42:59,753 - Worker-20403060 - PlaylistPlayer.2040306023096006 - ERROR - Error al capturar pantalla: [Errno 22] Invalid argument: 'C:\\Users\\def\\Documents\\OTWMusicSystem_Final\\OTWMusicSystem_Final\\otw_project\\OTW_MUSIC_SYSTEM\\screenshots\\2040306023096006\\open_url_max_retries_fail_6E7w7OT5uLffRah11oPuq0?si=048081b10d914ab0_screenshot_2040306023096006_20250519_184259607585.png'
2025-05-19 18:42:59,753 - Worker-20403060 - PlaylistPlayer.2040306023096006 - ERROR - No se pudo abrir el track https://open.spotify.com/track/6E7w7OT5uLffRah11oPuq0?si=048081b10d914ab0. Terminando interacción.
2025-05-19 18:42:59,754 - Worker-20403060 - PlaylistPlayer.2040306023096006 - INFO - Sesión #3 completada. Pausa de 5.3s.
2025-05-19 18:43:05,063 - Worker-20403060 - PlaylistPlayer.2040306023096006 - INFO - --- Iniciando Sesión de Interacción #4 ---
2025-05-19 18:43:05,063 - Worker-20403060 - PlaylistPlayer.2040306023096006 - INFO - Selección: Link (track) -> https://open.spotify.com/track/6swvZmgs64s3lVEUtqTwRX?si=ab028a4aaeb74472
2025-05-19 18:43:05,063 - Worker-20403060 - PlaylistPlayer.2040306023096006 - INFO - Iniciando interacción con TRACK: https://open.spotify.com/track/6swvZmgs64s3lVEUtqTwRX?si=ab028a4aaeb74472
2025-05-19 18:43:05,063 - Worker-20403060 - PlaylistPlayer.2040306023096006 - INFO - Intentando abrir URL: https://open.spotify.com/track/6swvZmgs64s3lVEUtqTwRX?si=ab028a4aaeb74472 (Intento 1/3)
2025-05-19 18:43:05,064 - Worker-20403060 - PlaylistPlayer.2040306023096006 - DEBUG - Forzando detención de Spotify (com.spotify.music) antes de abrir URL.
2025-05-19 18:43:05,944 - Worker-20403060 - PlaylistPlayer.2040306023096006 - DEBUG - Presionando HOME.
2025-05-19 18:43:08,470 - Worker-20403060 - PlaylistPlayer.2040306023096006 - DEBUG - Ejecutando ADB intent para URL: https://open.spotify.com/track/6swvZmgs64s3lVEUtqTwRX?si=ab028a4aaeb74472
2025-05-19 18:43:10,382 - Worker-20403060 - PlaylistPlayer.2040306023096006 - DEBUG - Resultado ADB 'am start': stdout='Starting: Intent { act=android.intent.action.VIEW dat=https://open.spotify.com/... flg=0x10008000 }', stderr=''
2025-05-19 18:43:12,801 - Worker-20403060 - PlaylistPlayer.2040306023096006 - DEBUG - Esperando que la app se abra y estabilice (5-8s)...
2025-05-19 18:43:18,089 - Worker-20403060 - PlaylistPlayer.2040306023096006 - DEBUG - Verificando diálogo 'Abrir con'...
2025-05-19 18:43:19,408 - Worker-20403060 - PlaylistPlayer.2040306023096006 - INFO - Diálogo 'Abrir con' o similar detectado.
2025-05-19 18:43:19,408 - Worker-20403060 - PlaylistPlayer.2040306023096006 - DEBUG - Capturando pantalla en C:\Users\def\Documents\OTWMusicSystem_Final\OTWMusicSystem_Final\otw_project\OTW_MUSIC_SYSTEM\screenshots\2040306023096006\open_with_dialog_screenshot_2040306023096006_20250519_184319408026.png
2025-05-19 18:43:19,930 - Worker-20403060 - PlaylistPlayer.2040306023096006 - INFO - Captura de pantalla guardada: C:\Users\def\Documents\OTWMusicSystem_Final\OTWMusicSystem_Final\otw_project\OTW_MUSIC_SYSTEM\screenshots\2040306023096006\open_with_dialog_screenshot_2040306023096006_20250519_184319408026.png
2025-05-19 18:43:41,830 - Worker-20403060 - PlaylistPlayer.2040306023096006 - WARNING - Diálogo detectado pero 'Spotify' no pudo ser clickeado.
2025-05-19 18:43:41,831 - Worker-20403060 - PlaylistPlayer.2040306023096006 - DEBUG - Capturando pantalla en C:\Users\def\Documents\OTWMusicSystem_Final\OTWMusicSystem_Final\otw_project\OTW_MUSIC_SYSTEM\screenshots\2040306023096006\open_with_spotify_not_clicked_screenshot_2040306023096006_20250519_184341830624.png
2025-05-19 18:43:42,241 - Worker-20403060 - PlaylistPlayer.2040306023096006 - INFO - Captura de pantalla guardada: C:\Users\def\Documents\OTWMusicSystem_Final\OTWMusicSystem_Final\otw_project\OTW_MUSIC_SYSTEM\screenshots\2040306023096006\open_with_spotify_not_clicked_screenshot_2040306023096006_20250519_184341830624.png
2025-05-19 18:43:42,241 - Worker-20403060 - PlaylistPlayer.2040306023096006 - DEBUG - No se manejó el diálogo 'Abrir con' o no apareció.
2025-05-19 18:43:42,242 - Worker-20403060 - PlaylistPlayer.2040306023096006 - DEBUG - Verificando si Spotify está en primer plano...
2025-05-19 18:43:42,242 - Worker-20403060 - PlaylistPlayer.2040306023096006 - DEBUG - Intentando con comando dumpsys (1): adb -s 2040306023096006 shell dumpsys activity top
2025-05-19 18:43:43,211 - Worker-20403060 - PlaylistPlayer.2040306023096006 - WARNING - Spotify NO parece estar en primer plano según dumpsys.
2025-05-19 18:43:43,212 - Worker-20403060 - PlaylistPlayer.2040306023096006 - DEBUG - Capturando pantalla en C:\Users\def\Documents\OTWMusicSystem_Final\OTWMusicSystem_Final\otw_project\OTW_MUSIC_SYSTEM\screenshots\2040306023096006\spotify_not_foreground_screenshot_2040306023096006_20250519_184343212124.png
2025-05-19 18:43:43,776 - Worker-20403060 - PlaylistPlayer.2040306023096006 - INFO - Captura de pantalla guardada: C:\Users\def\Documents\OTWMusicSystem_Final\OTWMusicSystem_Final\otw_project\OTW_MUSIC_SYSTEM\screenshots\2040306023096006\spotify_not_foreground_screenshot_2040306023096006_20250519_184343212124.png
2025-05-19 18:43:43,776 - Worker-20403060 - PlaylistPlayer.2040306023096006 - WARNING - Spotify no detectado en primer plano después de abrir https://open.spotify.com/track/6swvZmgs64s3lVEUtqTwRX?si=ab028a4aaeb74472.
2025-05-19 18:43:43,777 - Worker-20403060 - PlaylistPlayer.2040306023096006 - DEBUG - Capturando pantalla en C:\Users\def\Documents\OTWMusicSystem_Final\OTWMusicSystem_Final\otw_project\OTW_MUSIC_SYSTEM\screenshots\2040306023096006\spotify_not_fg_after_open_6swvZmgs64s3lVEUtqTwRX?si=ab028a4aaeb74472_screenshot_2040306023096006_20250519_184343776761.png
2025-05-19 18:43:44,192 - Worker-20403060 - PlaylistPlayer.2040306023096006 - ERROR - Error al capturar pantalla: [Errno 22] Invalid argument: 'C:\\Users\\def\\Documents\\OTWMusicSystem_Final\\OTWMusicSystem_Final\\otw_project\\OTW_MUSIC_SYSTEM\\screenshots\\2040306023096006\\spotify_not_fg_after_open_6swvZmgs64s3lVEUtqTwRX?si=ab028a4aaeb74472_screenshot_2040306023096006_20250519_184343776761.png'
2025-05-19 18:43:44,192 - Worker-20403060 - PlaylistPlayer.2040306023096006 - INFO - Pausa antes de reintentar apertura de URL debido a no foreground (6.0s).
2025-05-19 18:43:51,187 - Worker-20403060 - PlaylistPlayer.2040306023096006 - INFO - Intentando abrir URL: https://open.spotify.com/track/6swvZmgs64s3lVEUtqTwRX?si=ab028a4aaeb74472 (Intento 2/3)
2025-05-19 18:43:51,187 - Worker-20403060 - PlaylistPlayer.2040306023096006 - DEBUG - Forzando detención de Spotify (com.spotify.music) antes de abrir URL.
2025-05-19 18:43:52,820 - Worker-20403060 - PlaylistPlayer.2040306023096006 - DEBUG - Presionando HOME.
2025-05-19 18:43:54,806 - Worker-20403060 - PlaylistPlayer.2040306023096006 - DEBUG - Ejecutando ADB intent para URL: https://open.spotify.com/track/6swvZmgs64s3lVEUtqTwRX?si=ab028a4aaeb74472
2025-05-19 18:43:56,767 - Worker-20403060 - PlaylistPlayer.2040306023096006 - DEBUG - Resultado ADB 'am start': stdout='Starting: Intent { act=android.intent.action.VIEW dat=https://open.spotify.com/... flg=0x10008000 }', stderr=''
2025-05-19 18:43:59,015 - Worker-20403060 - PlaylistPlayer.2040306023096006 - DEBUG - Esperando que la app se abra y estabilice (5-8s)...
2025-05-19 18:44:04,026 - Worker-20403060 - PlaylistPlayer.2040306023096006 - DEBUG - Verificando diálogo 'Abrir con'...
2025-05-19 18:44:06,751 - Worker-20403060 - PlaylistPlayer.2040306023096006 - INFO - Diálogo 'Abrir con' o similar detectado.
2025-05-19 18:44:06,752 - Worker-20403060 - PlaylistPlayer.2040306023096006 - DEBUG - Capturando pantalla en C:\Users\def\Documents\OTWMusicSystem_Final\OTWMusicSystem_Final\otw_project\OTW_MUSIC_SYSTEM\screenshots\2040306023096006\open_with_dialog_screenshot_2040306023096006_20250519_184406752120.png
2025-05-19 18:44:07,269 - Worker-20403060 - PlaylistPlayer.2040306023096006 - INFO - Captura de pantalla guardada: C:\Users\def\Documents\OTWMusicSystem_Final\OTWMusicSystem_Final\otw_project\OTW_MUSIC_SYSTEM\screenshots\2040306023096006\open_with_dialog_screenshot_2040306023096006_20250519_184406752120.png
2025-05-19 18:44:28,571 - Worker-20403060 - PlaylistPlayer.2040306023096006 - WARNING - Diálogo detectado pero 'Spotify' no pudo ser clickeado.
2025-05-19 18:44:28,571 - Worker-20403060 - PlaylistPlayer.2040306023096006 - DEBUG - Capturando pantalla en C:\Users\def\Documents\OTWMusicSystem_Final\OTWMusicSystem_Final\otw_project\OTW_MUSIC_SYSTEM\screenshots\2040306023096006\open_with_spotify_not_clicked_screenshot_2040306023096006_20250519_184428571052.png
2025-05-19 18:44:29,092 - Worker-20403060 - PlaylistPlayer.2040306023096006 - INFO - Captura de pantalla guardada: C:\Users\def\Documents\OTWMusicSystem_Final\OTWMusicSystem_Final\otw_project\OTW_MUSIC_SYSTEM\screenshots\2040306023096006\open_with_spotify_not_clicked_screenshot_2040306023096006_20250519_184428571052.png
2025-05-19 18:44:29,093 - Worker-20403060 - PlaylistPlayer.2040306023096006 - DEBUG - No se manejó el diálogo 'Abrir con' o no apareció.
2025-05-19 18:44:29,093 - Worker-20403060 - PlaylistPlayer.2040306023096006 - DEBUG - Verificando si Spotify está en primer plano...
2025-05-19 18:44:29,093 - Worker-20403060 - PlaylistPlayer.2040306023096006 - DEBUG - Intentando con comando dumpsys (1): adb -s 2040306023096006 shell dumpsys activity top
2025-05-19 18:44:30,391 - Worker-20403060 - PlaylistPlayer.2040306023096006 - WARNING - Spotify NO parece estar en primer plano según dumpsys.
2025-05-19 18:44:30,392 - Worker-20403060 - PlaylistPlayer.2040306023096006 - DEBUG - Capturando pantalla en C:\Users\def\Documents\OTWMusicSystem_Final\OTWMusicSystem_Final\otw_project\OTW_MUSIC_SYSTEM\screenshots\2040306023096006\spotify_not_foreground_screenshot_2040306023096006_20250519_184430391581.png
2025-05-19 18:44:30,583 - Worker-20403060 - PlaylistPlayer.2040306023096006 - INFO - Captura de pantalla guardada: C:\Users\def\Documents\OTWMusicSystem_Final\OTWMusicSystem_Final\otw_project\OTW_MUSIC_SYSTEM\screenshots\2040306023096006\spotify_not_foreground_screenshot_2040306023096006_20250519_184430391581.png
2025-05-19 18:44:30,583 - Worker-20403060 - PlaylistPlayer.2040306023096006 - WARNING - Spotify no detectado en primer plano después de abrir https://open.spotify.com/track/6swvZmgs64s3lVEUtqTwRX?si=ab028a4aaeb74472.
2025-05-19 18:44:30,584 - Worker-20403060 - PlaylistPlayer.2040306023096006 - DEBUG - Capturando pantalla en C:\Users\def\Documents\OTWMusicSystem_Final\OTWMusicSystem_Final\otw_project\OTW_MUSIC_SYSTEM\screenshots\2040306023096006\spotify_not_fg_after_open_6swvZmgs64s3lVEUtqTwRX?si=ab028a4aaeb74472_screenshot_2040306023096006_20250519_184430583569.png
2025-05-19 18:44:30,759 - Worker-20403060 - PlaylistPlayer.2040306023096006 - ERROR - Error al capturar pantalla: [Errno 22] Invalid argument: 'C:\\Users\\def\\Documents\\OTWMusicSystem_Final\\OTWMusicSystem_Final\\otw_project\\OTW_MUSIC_SYSTEM\\screenshots\\2040306023096006\\spotify_not_fg_after_open_6swvZmgs64s3lVEUtqTwRX?si=ab028a4aaeb74472_screenshot_2040306023096006_20250519_184430583569.png'
2025-05-19 18:44:30,759 - Worker-20403060 - PlaylistPlayer.2040306023096006 - INFO - Pausa antes de reintentar apertura de URL debido a no foreground (6.6s).
2025-05-19 18:44:37,457 - Worker-20403060 - PlaylistPlayer.2040306023096006 - INFO - Intentando abrir URL: https://open.spotify.com/track/6swvZmgs64s3lVEUtqTwRX?si=ab028a4aaeb74472 (Intento 3/3)
2025-05-19 18:44:37,457 - Worker-20403060 - PlaylistPlayer.2040306023096006 - DEBUG - Forzando detención de Spotify (com.spotify.music) antes de abrir URL.
2025-05-19 18:44:38,663 - Worker-20403060 - PlaylistPlayer.2040306023096006 - DEBUG - Presionando HOME.
2025-05-19 18:44:40,808 - Worker-20403060 - PlaylistPlayer.2040306023096006 - DEBUG - Ejecutando ADB intent para URL: https://open.spotify.com/track/6swvZmgs64s3lVEUtqTwRX?si=ab028a4aaeb74472
2025-05-19 18:44:41,894 - Worker-20403060 - PlaylistPlayer.2040306023096006 - DEBUG - Resultado ADB 'am start': stdout='Starting: Intent { act=android.intent.action.VIEW dat=https://open.spotify.com/... flg=0x10008000 }', stderr=''
2025-05-19 18:44:43,307 - Worker-20403060 - PlaylistPlayer.2040306023096006 - DEBUG - Esperando que la app se abra y estabilice (5-8s)...
2025-05-19 18:44:51,148 - Worker-20403060 - PlaylistPlayer.2040306023096006 - DEBUG - Verificando diálogo 'Abrir con'...
2025-05-19 18:44:54,696 - Worker-20403060 - PlaylistPlayer.2040306023096006 - INFO - Diálogo 'Abrir con' o similar detectado.
2025-05-19 18:44:54,697 - Worker-20403060 - PlaylistPlayer.2040306023096006 - DEBUG - Capturando pantalla en C:\Users\def\Documents\OTWMusicSystem_Final\OTWMusicSystem_Final\otw_project\OTW_MUSIC_SYSTEM\screenshots\2040306023096006\open_with_dialog_screenshot_2040306023096006_20250519_184454697258.png
2025-05-19 18:44:55,315 - Worker-20403060 - PlaylistPlayer.2040306023096006 - INFO - Captura de pantalla guardada: C:\Users\def\Documents\OTWMusicSystem_Final\OTWMusicSystem_Final\otw_project\OTW_MUSIC_SYSTEM\screenshots\2040306023096006\open_with_dialog_screenshot_2040306023096006_20250519_184454697258.png
