2025-05-19 18:48:23,253 - Worker-20403060 - PlaylistPlayer.2040306023096006 - INFO - Worker thread INICIADO. Logs en: C:\Users\def\Documents\OTWMusicSystem_Final\OTWMusicSystem_Final\otw_project\OTW_MUSIC_SYSTEM\logs\2040306023096006\playlist_player_20250519_184823.log
2025-05-19 18:48:23,253 - Worker-20403060 - PlaylistPlayer.2040306023096006 - INFO - Personalidad Creada (SLOW_MODE_FACTOR=1.75): ShortTimeout=9.8s, ActionDelay=[9.6-18.5]s, ShortPause=[26.3-47.0]s, MinTrackT=64s, MaxTrackT=100s, MinContentT=4m, MaxContentT=9m
2025-05-19 18:48:23,253 - Worker-20403060 - PlaylistPlayer.2040306023096006 - INFO - Intentando conectar a uiautomator2 (intento 1/3)...
2025-05-19 18:48:26,918 - Worker-20403060 - PlaylistPlayer.2040306023096006 - INFO - Conectado (Device: Studio_X5_Max, Android: N/A).
2025-05-19 18:48:27,143 - Worker-20403060 - PlaylistPlayer.2040306023096006 - INFO - Spotify (com.spotify.music v9.0.36.252) está instalado.
2025-05-19 18:48:27,143 - Worker-20403060 - PlaylistPlayer.2040306023096006 - INFO - Configuración inicial (kill Spotify y volver a Home).
2025-05-19 18:48:27,144 - Worker-20403060 - PlaylistPlayer.2040306023096006 - WARNING - Advertencia durante configuración inicial: 'Device' object has no attribute 'app_kill'
2025-05-19 18:48:27,144 - Worker-20403060 - PlaylistPlayer.2040306023096006 - DEBUG - Capturando pantalla en C:\Users\def\Documents\OTWMusicSystem_Final\OTWMusicSystem_Final\otw_project\OTW_MUSIC_SYSTEM\screenshots\2040306023096006\initial_setup_warn_screenshot_2040306023096006_20250519_184827144073.png
2025-05-19 18:48:28,352 - Worker-20403060 - PlaylistPlayer.2040306023096006 - INFO - Captura de pantalla guardada: C:\Users\def\Documents\OTWMusicSystem_Final\OTWMusicSystem_Final\otw_project\OTW_MUSIC_SYSTEM\screenshots\2040306023096006\initial_setup_warn_screenshot_2040306023096006_20250519_184827144073.png
2025-05-19 18:48:28,352 - Worker-20403060 - PlaylistPlayer.2040306023096006 - INFO - --- Iniciando Sesión de Interacción #1 ---
2025-05-19 18:48:28,352 - Worker-20403060 - PlaylistPlayer.2040306023096006 - INFO - Selección: Link (track) -> https://open.spotify.com/track/6Jmal8Eur6b1qCqqlGn0oF?si=522f399a76ac4a59
2025-05-19 18:48:28,352 - Worker-20403060 - PlaylistPlayer.2040306023096006 - INFO - Iniciando interacción con TRACK: https://open.spotify.com/track/6Jmal8Eur6b1qCqqlGn0oF?si=522f399a76ac4a59
2025-05-19 18:48:28,352 - Worker-20403060 - PlaylistPlayer.2040306023096006 - INFO - Intentando abrir URL: https://open.spotify.com/track/6Jmal8Eur6b1qCqqlGn0oF?si=522f399a76ac4a59 (Intento 1/3)
2025-05-19 18:48:28,352 - Worker-20403060 - PlaylistPlayer.2040306023096006 - DEBUG - Forzando detención de Spotify (com.spotify.music) antes de abrir URL.
2025-05-19 18:48:29,491 - Worker-20403060 - PlaylistPlayer.2040306023096006 - DEBUG - Presionando HOME.
2025-05-19 18:48:32,665 - Worker-20403060 - PlaylistPlayer.2040306023096006 - DEBUG - Ejecutando ADB intent para URL: https://open.spotify.com/track/6Jmal8Eur6b1qCqqlGn0oF?si=522f399a76ac4a59
2025-05-19 18:48:35,929 - Worker-20403060 - PlaylistPlayer.2040306023096006 - DEBUG - Resultado ADB 'am start': stdout='Starting: Intent { act=android.intent.action.VIEW dat=https://open.spotify.com/... flg=0x10008000 }', stderr=''
2025-05-19 18:48:38,707 - Worker-20403060 - PlaylistPlayer.2040306023096006 - DEBUG - Esperando que la app se abra y estabilice...
2025-05-19 18:48:51,810 - Worker-20403060 - PlaylistPlayer.2040306023096006 - DEBUG - Verificando diálogo 'Abrir con'...
2025-05-19 18:49:27,173 - Worker-20403060 - PlaylistPlayer.2040306023096006 - DEBUG - No se detectó diálogo 'Abrir con' explícito.
2025-05-19 18:49:27,173 - Worker-20403060 - PlaylistPlayer.2040306023096006 - DEBUG - No se manejó el diálogo 'Abrir con' o no apareció.
2025-05-19 18:49:27,173 - Worker-20403060 - PlaylistPlayer.2040306023096006 - DEBUG - Verificando si Spotify está en primer plano...
2025-05-19 18:49:27,173 - Worker-20403060 - PlaylistPlayer.2040306023096006 - DEBUG - Intentando con comando dumpsys (1): adb -s 2040306023096006 shell dumpsys activity top
2025-05-19 18:49:30,245 - Worker-20403060 - PlaylistPlayer.2040306023096006 - WARNING - Spotify NO parece estar en primer plano según dumpsys.
2025-05-19 18:49:30,246 - Worker-20403060 - PlaylistPlayer.2040306023096006 - DEBUG - Capturando pantalla en C:\Users\def\Documents\OTWMusicSystem_Final\OTWMusicSystem_Final\otw_project\OTW_MUSIC_SYSTEM\screenshots\2040306023096006\spotify_not_foreground_screenshot_2040306023096006_20250519_184930245787.png
2025-05-19 18:49:31,802 - Worker-20403060 - PlaylistPlayer.2040306023096006 - INFO - Captura de pantalla guardada: C:\Users\def\Documents\OTWMusicSystem_Final\OTWMusicSystem_Final\otw_project\OTW_MUSIC_SYSTEM\screenshots\2040306023096006\spotify_not_foreground_screenshot_2040306023096006_20250519_184930245787.png
2025-05-19 18:49:31,802 - Worker-20403060 - PlaylistPlayer.2040306023096006 - WARNING - Spotify no detectado en primer plano después de abrir https://open.spotify.com/track/6Jmal8Eur6b1qCqqlGn0oF?si=522f399a76ac4a59.
2025-05-19 18:49:31,803 - Worker-20403060 - PlaylistPlayer.2040306023096006 - DEBUG - Capturando pantalla en C:\Users\def\Documents\OTWMusicSystem_Final\OTWMusicSystem_Final\otw_project\OTW_MUSIC_SYSTEM\screenshots\2040306023096006\spotify_not_fg_after_open_6Jmal8Eur6b1qCqqlGn0oF?si=522f399a76ac4a59_screenshot_2040306023096006_20250519_184931803214.png
2025-05-19 18:49:31,957 - Worker-20403060 - PlaylistPlayer.2040306023096006 - ERROR - Error al capturar pantalla: [Errno 22] Invalid argument: 'C:\\Users\\def\\Documents\\OTWMusicSystem_Final\\OTWMusicSystem_Final\\otw_project\\OTW_MUSIC_SYSTEM\\screenshots\\2040306023096006\\spotify_not_fg_after_open_6Jmal8Eur6b1qCqqlGn0oF?si=522f399a76ac4a59_screenshot_2040306023096006_20250519_184931803214.png'
2025-05-19 18:49:31,957 - Worker-20403060 - PlaylistPlayer.2040306023096006 - INFO - Pausa antes de reintentar apertura de URL debido a no foreground.
2025-05-19 18:49:39,736 - Worker-20403060 - PlaylistPlayer.2040306023096006 - INFO - Intentando abrir URL: https://open.spotify.com/track/6Jmal8Eur6b1qCqqlGn0oF?si=522f399a76ac4a59 (Intento 2/3)
2025-05-19 18:49:39,736 - Worker-20403060 - PlaylistPlayer.2040306023096006 - DEBUG - Forzando detención de Spotify (com.spotify.music) antes de abrir URL.
2025-05-19 18:49:41,957 - Worker-20403060 - PlaylistPlayer.2040306023096006 - DEBUG - Presionando HOME.
2025-05-19 18:49:44,989 - Worker-20403060 - PlaylistPlayer.2040306023096006 - DEBUG - Ejecutando ADB intent para URL: https://open.spotify.com/track/6Jmal8Eur6b1qCqqlGn0oF?si=522f399a76ac4a59
2025-05-19 18:49:47,508 - Worker-20403060 - PlaylistPlayer.2040306023096006 - DEBUG - Resultado ADB 'am start': stdout='Starting: Intent { act=android.intent.action.VIEW dat=https://open.spotify.com/... flg=0x10008000 }', stderr=''
2025-05-19 18:49:51,247 - Worker-20403060 - PlaylistPlayer.2040306023096006 - DEBUG - Esperando que la app se abra y estabilice...
