2025-05-19 18:33:58,182 - Worker-20403060 - PlaylistPlayer.2040306023080885 - INFO - Worker thread INICIADO. Logs en: C:\Users\def\Documents\OTWMusicSystem_Final\OTWMusicSystem_Final\otw_project\OTW_MUSIC_SYSTEM\logs\2040306023080885\playlist_player_20250519_183358.log
2025-05-19 18:33:58,183 - Worker-20403060 - PlaylistPlayer.2040306023080885 - INFO - Personalidad Creada: FollowP=0.49, SearchP=0.17, MinTrackT=81s, MinContentT=4m
2025-05-19 18:33:58,183 - Worker-20403060 - PlaylistPlayer.2040306023080885 - INFO - Intentando conectar a uiautomator2 (intento 1/3)...
2025-05-19 18:34:15,762 - Worker-20403060 - PlaylistPlayer.2040306023080885 - DEBUG - Conexión u2 establecida preliminarmente.
2025-05-19 18:34:16,000 - Worker-20403060 - PlaylistPlayer.2040306023080885 - INFO - Conectado (Device: Studio_X5_Max, Android: N/A).
2025-05-19 18:34:16,223 - Worker-20403060 - PlaylistPlayer.2040306023080885 - INFO - Spotify (com.spotify.music v9.0.24.601) está instalado.
2025-05-19 18:34:16,223 - Worker-20403060 - PlaylistPlayer.2040306023080885 - INFO - Configuración inicial (kill Spotify y volver a Home).
2025-05-19 18:34:16,223 - Worker-20403060 - PlaylistPlayer.2040306023080885 - WARNING - Advertencia durante configuración inicial: 'Device' object has no attribute 'app_kill'
2025-05-19 18:34:16,224 - Worker-20403060 - PlaylistPlayer.2040306023080885 - DEBUG - Capturando pantalla en C:\Users\def\Documents\OTWMusicSystem_Final\OTWMusicSystem_Final\otw_project\OTW_MUSIC_SYSTEM\screenshots\2040306023080885\initial_setup_warn_screenshot_2040306023080885_20250519_183416223929.png
2025-05-19 18:34:16,979 - Worker-20403060 - PlaylistPlayer.2040306023080885 - INFO - Captura de pantalla guardada: C:\Users\def\Documents\OTWMusicSystem_Final\OTWMusicSystem_Final\otw_project\OTW_MUSIC_SYSTEM\screenshots\2040306023080885\initial_setup_warn_screenshot_2040306023080885_20250519_183416223929.png
2025-05-19 18:34:16,980 - Worker-20403060 - PlaylistPlayer.2040306023080885 - INFO - --- Iniciando Sesión de Interacción #1 ---
2025-05-19 18:34:16,980 - Worker-20403060 - PlaylistPlayer.2040306023080885 - INFO - Selección: Link (track) -> https://open.spotify.com/track/6E7w7OT5uLffRah11oPuq0?si=048081b10d914ab0
2025-05-19 18:34:16,980 - Worker-20403060 - PlaylistPlayer.2040306023080885 - INFO - Iniciando interacción con TRACK: https://open.spotify.com/track/6E7w7OT5uLffRah11oPuq0?si=048081b10d914ab0
2025-05-19 18:34:16,980 - Worker-20403060 - PlaylistPlayer.2040306023080885 - INFO - Intentando abrir URL: https://open.spotify.com/track/6E7w7OT5uLffRah11oPuq0?si=048081b10d914ab0 (Intento 1/3)
2025-05-19 18:34:16,980 - Worker-20403060 - PlaylistPlayer.2040306023080885 - DEBUG - Forzando detención de Spotify (com.spotify.music) antes de abrir URL.
2025-05-19 18:34:17,918 - Worker-20403060 - PlaylistPlayer.2040306023080885 - DEBUG - Presionando HOME.
2025-05-19 18:34:20,407 - Worker-20403060 - PlaylistPlayer.2040306023080885 - DEBUG - Ejecutando ADB intent para URL: https://open.spotify.com/track/6E7w7OT5uLffRah11oPuq0?si=048081b10d914ab0
2025-05-19 18:34:21,887 - Worker-20403060 - PlaylistPlayer.2040306023080885 - DEBUG - Resultado ADB 'am start': stdout='Starting: Intent { act=android.intent.action.VIEW dat=https://open.spotify.com/... flg=0x10008000 }', stderr=''
2025-05-19 18:34:24,176 - Worker-20403060 - PlaylistPlayer.2040306023080885 - DEBUG - Esperando que la app se abra y estabilice (5-8s)...
2025-05-19 18:34:31,762 - Worker-20403060 - PlaylistPlayer.2040306023080885 - DEBUG - Verificando diálogo 'Abrir con'...
2025-05-19 18:34:36,965 - Worker-20403060 - PlaylistPlayer.2040306023080885 - INFO - Diálogo 'Abrir con' o similar detectado.
2025-05-19 18:34:36,966 - Worker-20403060 - PlaylistPlayer.2040306023080885 - DEBUG - Capturando pantalla en C:\Users\def\Documents\OTWMusicSystem_Final\OTWMusicSystem_Final\otw_project\OTW_MUSIC_SYSTEM\screenshots\2040306023080885\open_with_dialog_screenshot_2040306023080885_20250519_183436966219.png
2025-05-19 18:34:37,558 - Worker-20403060 - PlaylistPlayer.2040306023080885 - INFO - Captura de pantalla guardada: C:\Users\def\Documents\OTWMusicSystem_Final\OTWMusicSystem_Final\otw_project\OTW_MUSIC_SYSTEM\screenshots\2040306023080885\open_with_dialog_screenshot_2040306023080885_20250519_183436966219.png
2025-05-19 18:34:42,659 - Worker-20403060 - PlaylistPlayer.2040306023080885 - INFO - Clickeado 'Spotify (general)' en diálogo 'Abrir con'.
2025-05-19 18:34:55,280 - Worker-20403060 - PlaylistPlayer.2040306023080885 - INFO - Spotify seleccionado en chooser, pero botón de confirmación no encontrado/clickeado.
2025-05-19 18:34:55,280 - Worker-20403060 - PlaylistPlayer.2040306023080885 - INFO - Diálogo 'Abrir con' manejado. Esperando un poco más (2-4s)...
2025-05-19 18:34:58,098 - Worker-20403060 - PlaylistPlayer.2040306023080885 - DEBUG - Verificando si Spotify está en primer plano...
2025-05-19 18:34:58,098 - Worker-20403060 - PlaylistPlayer.2040306023080885 - DEBUG - Intentando con comando dumpsys (1): adb -s 2040306023080885 shell dumpsys activity top
2025-05-19 18:34:58,494 - Worker-20403060 - PlaylistPlayer.2040306023080885 - WARNING - Spotify NO parece estar en primer plano según dumpsys.
2025-05-19 18:34:58,495 - Worker-20403060 - PlaylistPlayer.2040306023080885 - DEBUG - Capturando pantalla en C:\Users\def\Documents\OTWMusicSystem_Final\OTWMusicSystem_Final\otw_project\OTW_MUSIC_SYSTEM\screenshots\2040306023080885\spotify_not_foreground_screenshot_2040306023080885_20250519_183458494688.png
2025-05-19 18:34:59,156 - Worker-20403060 - PlaylistPlayer.2040306023080885 - INFO - Captura de pantalla guardada: C:\Users\def\Documents\OTWMusicSystem_Final\OTWMusicSystem_Final\otw_project\OTW_MUSIC_SYSTEM\screenshots\2040306023080885\spotify_not_foreground_screenshot_2040306023080885_20250519_183458494688.png
2025-05-19 18:34:59,157 - Worker-20403060 - PlaylistPlayer.2040306023080885 - WARNING - Spotify no detectado en primer plano después de abrir https://open.spotify.com/track/6E7w7OT5uLffRah11oPuq0?si=048081b10d914ab0.
2025-05-19 18:34:59,157 - Worker-20403060 - PlaylistPlayer.2040306023080885 - DEBUG - Capturando pantalla en C:\Users\def\Documents\OTWMusicSystem_Final\OTWMusicSystem_Final\otw_project\OTW_MUSIC_SYSTEM\screenshots\2040306023080885\spotify_not_fg_after_open_6E7w7OT5uLffRah11oPuq0?si=048081b10d914ab0_screenshot_2040306023080885_20250519_183459157112.png
2025-05-19 18:34:59,724 - Worker-20403060 - PlaylistPlayer.2040306023080885 - ERROR - Error al capturar pantalla: [Errno 22] Invalid argument: 'C:\\Users\\def\\Documents\\OTWMusicSystem_Final\\OTWMusicSystem_Final\\otw_project\\OTW_MUSIC_SYSTEM\\screenshots\\2040306023080885\\spotify_not_fg_after_open_6E7w7OT5uLffRah11oPuq0?si=048081b10d914ab0_screenshot_2040306023080885_20250519_183459157112.png'
2025-05-19 18:34:59,725 - Worker-20403060 - PlaylistPlayer.2040306023080885 - INFO - Pausa antes de reintentar apertura de URL debido a no foreground (5.2s).
2025-05-19 18:35:04,599 - Worker-20403060 - PlaylistPlayer.2040306023080885 - INFO - Intentando abrir URL: https://open.spotify.com/track/6E7w7OT5uLffRah11oPuq0?si=048081b10d914ab0 (Intento 2/3)
2025-05-19 18:35:04,599 - Worker-20403060 - PlaylistPlayer.2040306023080885 - DEBUG - Forzando detención de Spotify (com.spotify.music) antes de abrir URL.
2025-05-19 18:35:05,807 - Worker-20403060 - PlaylistPlayer.2040306023080885 - DEBUG - Presionando HOME.
2025-05-19 18:35:07,853 - Worker-20403060 - PlaylistPlayer.2040306023080885 - DEBUG - Ejecutando ADB intent para URL: https://open.spotify.com/track/6E7w7OT5uLffRah11oPuq0?si=048081b10d914ab0
2025-05-19 18:35:09,396 - Worker-20403060 - PlaylistPlayer.2040306023080885 - DEBUG - Resultado ADB 'am start': stdout='Starting: Intent { act=android.intent.action.VIEW dat=https://open.spotify.com/... flg=0x10008000 }', stderr=''
2025-05-19 18:35:11,606 - Worker-20403060 - PlaylistPlayer.2040306023080885 - DEBUG - Esperando que la app se abra y estabilice (5-8s)...
2025-05-19 18:35:19,204 - Worker-20403060 - PlaylistPlayer.2040306023080885 - DEBUG - Verificando diálogo 'Abrir con'...
2025-05-19 18:35:24,346 - Worker-20403060 - PlaylistPlayer.2040306023080885 - INFO - Diálogo 'Abrir con' o similar detectado.
2025-05-19 18:35:24,347 - Worker-20403060 - PlaylistPlayer.2040306023080885 - DEBUG - Capturando pantalla en C:\Users\def\Documents\OTWMusicSystem_Final\OTWMusicSystem_Final\otw_project\OTW_MUSIC_SYSTEM\screenshots\2040306023080885\open_with_dialog_screenshot_2040306023080885_20250519_183524347272.png
2025-05-19 18:35:24,926 - Worker-20403060 - PlaylistPlayer.2040306023080885 - INFO - Captura de pantalla guardada: C:\Users\def\Documents\OTWMusicSystem_Final\OTWMusicSystem_Final\otw_project\OTW_MUSIC_SYSTEM\screenshots\2040306023080885\open_with_dialog_screenshot_2040306023080885_20250519_183524347272.png
2025-05-19 18:35:29,962 - Worker-20403060 - PlaylistPlayer.2040306023080885 - INFO - Clickeado 'Spotify (general)' en diálogo 'Abrir con'.
2025-05-19 18:35:42,599 - Worker-20403060 - PlaylistPlayer.2040306023080885 - INFO - Spotify seleccionado en chooser, pero botón de confirmación no encontrado/clickeado.
2025-05-19 18:35:42,599 - Worker-20403060 - PlaylistPlayer.2040306023080885 - INFO - Diálogo 'Abrir con' manejado. Esperando un poco más (2-4s)...
2025-05-19 18:35:45,998 - Worker-20403060 - PlaylistPlayer.2040306023080885 - DEBUG - Verificando si Spotify está en primer plano...
2025-05-19 18:35:45,998 - Worker-20403060 - PlaylistPlayer.2040306023080885 - DEBUG - Intentando con comando dumpsys (1): adb -s 2040306023080885 shell dumpsys activity top
2025-05-19 18:35:46,299 - Worker-20403060 - PlaylistPlayer.2040306023080885 - WARNING - Spotify NO parece estar en primer plano según dumpsys.
2025-05-19 18:35:46,300 - Worker-20403060 - PlaylistPlayer.2040306023080885 - DEBUG - Capturando pantalla en C:\Users\def\Documents\OTWMusicSystem_Final\OTWMusicSystem_Final\otw_project\OTW_MUSIC_SYSTEM\screenshots\2040306023080885\spotify_not_foreground_screenshot_2040306023080885_20250519_183546299917.png
2025-05-19 18:35:47,013 - Worker-20403060 - PlaylistPlayer.2040306023080885 - INFO - Captura de pantalla guardada: C:\Users\def\Documents\OTWMusicSystem_Final\OTWMusicSystem_Final\otw_project\OTW_MUSIC_SYSTEM\screenshots\2040306023080885\spotify_not_foreground_screenshot_2040306023080885_20250519_183546299917.png
2025-05-19 18:35:47,014 - Worker-20403060 - PlaylistPlayer.2040306023080885 - WARNING - Spotify no detectado en primer plano después de abrir https://open.spotify.com/track/6E7w7OT5uLffRah11oPuq0?si=048081b10d914ab0.
2025-05-19 18:35:47,014 - Worker-20403060 - PlaylistPlayer.2040306023080885 - DEBUG - Capturando pantalla en C:\Users\def\Documents\OTWMusicSystem_Final\OTWMusicSystem_Final\otw_project\OTW_MUSIC_SYSTEM\screenshots\2040306023080885\spotify_not_fg_after_open_6E7w7OT5uLffRah11oPuq0?si=048081b10d914ab0_screenshot_2040306023080885_20250519_183547014155.png
2025-05-19 18:35:47,601 - Worker-20403060 - PlaylistPlayer.2040306023080885 - ERROR - Error al capturar pantalla: [Errno 22] Invalid argument: 'C:\\Users\\def\\Documents\\OTWMusicSystem_Final\\OTWMusicSystem_Final\\otw_project\\OTW_MUSIC_SYSTEM\\screenshots\\2040306023080885\\spotify_not_fg_after_open_6E7w7OT5uLffRah11oPuq0?si=048081b10d914ab0_screenshot_2040306023080885_20250519_183547014155.png'
2025-05-19 18:35:47,602 - Worker-20403060 - PlaylistPlayer.2040306023080885 - INFO - Pausa antes de reintentar apertura de URL debido a no foreground (5.9s).
2025-05-19 18:35:53,329 - Worker-20403060 - PlaylistPlayer.2040306023080885 - INFO - Intentando abrir URL: https://open.spotify.com/track/6E7w7OT5uLffRah11oPuq0?si=048081b10d914ab0 (Intento 3/3)
2025-05-19 18:35:53,329 - Worker-20403060 - PlaylistPlayer.2040306023080885 - DEBUG - Forzando detención de Spotify (com.spotify.music) antes de abrir URL.
2025-05-19 18:35:54,157 - Worker-20403060 - PlaylistPlayer.2040306023080885 - DEBUG - Presionando HOME.
2025-05-19 18:35:56,634 - Worker-20403060 - PlaylistPlayer.2040306023080885 - DEBUG - Ejecutando ADB intent para URL: https://open.spotify.com/track/6E7w7OT5uLffRah11oPuq0?si=048081b10d914ab0
2025-05-19 18:35:58,330 - Worker-20403060 - PlaylistPlayer.2040306023080885 - DEBUG - Resultado ADB 'am start': stdout='Starting: Intent { act=android.intent.action.VIEW dat=https://open.spotify.com/... flg=0x10008000 }', stderr=''
2025-05-19 18:36:00,388 - Worker-20403060 - PlaylistPlayer.2040306023080885 - DEBUG - Esperando que la app se abra y estabilice (5-8s)...
2025-05-19 18:36:08,369 - Worker-20403060 - PlaylistPlayer.2040306023080885 - DEBUG - Verificando diálogo 'Abrir con'...
2025-05-19 18:36:13,707 - Worker-20403060 - PlaylistPlayer.2040306023080885 - INFO - Diálogo 'Abrir con' o similar detectado.
2025-05-19 18:36:13,707 - Worker-20403060 - PlaylistPlayer.2040306023080885 - DEBUG - Capturando pantalla en C:\Users\def\Documents\OTWMusicSystem_Final\OTWMusicSystem_Final\otw_project\OTW_MUSIC_SYSTEM\screenshots\2040306023080885\open_with_dialog_screenshot_2040306023080885_20250519_183613707219.png
2025-05-19 18:36:14,507 - Worker-20403060 - PlaylistPlayer.2040306023080885 - INFO - Captura de pantalla guardada: C:\Users\def\Documents\OTWMusicSystem_Final\OTWMusicSystem_Final\otw_project\OTW_MUSIC_SYSTEM\screenshots\2040306023080885\open_with_dialog_screenshot_2040306023080885_20250519_183613707219.png
2025-05-19 18:36:20,278 - Worker-20403060 - PlaylistPlayer.2040306023080885 - INFO - Clickeado 'Spotify (general)' en diálogo 'Abrir con'.
2025-05-19 18:36:33,476 - Worker-20403060 - PlaylistPlayer.2040306023080885 - INFO - Spotify seleccionado en chooser, pero botón de confirmación no encontrado/clickeado.
2025-05-19 18:36:33,476 - Worker-20403060 - PlaylistPlayer.2040306023080885 - INFO - Diálogo 'Abrir con' manejado. Esperando un poco más (2-4s)...
2025-05-19 18:36:36,318 - Worker-20403060 - PlaylistPlayer.2040306023080885 - DEBUG - Verificando si Spotify está en primer plano...
2025-05-19 18:36:36,318 - Worker-20403060 - PlaylistPlayer.2040306023080885 - DEBUG - Intentando con comando dumpsys (1): adb -s 2040306023080885 shell dumpsys activity top
2025-05-19 18:36:36,592 - Worker-20403060 - PlaylistPlayer.2040306023080885 - WARNING - Spotify NO parece estar en primer plano según dumpsys.
2025-05-19 18:36:36,592 - Worker-20403060 - PlaylistPlayer.2040306023080885 - DEBUG - Capturando pantalla en C:\Users\def\Documents\OTWMusicSystem_Final\OTWMusicSystem_Final\otw_project\OTW_MUSIC_SYSTEM\screenshots\2040306023080885\spotify_not_foreground_screenshot_2040306023080885_20250519_183636592594.png
2025-05-19 18:36:37,125 - Worker-20403060 - PlaylistPlayer.2040306023080885 - INFO - Captura de pantalla guardada: C:\Users\def\Documents\OTWMusicSystem_Final\OTWMusicSystem_Final\otw_project\OTW_MUSIC_SYSTEM\screenshots\2040306023080885\spotify_not_foreground_screenshot_2040306023080885_20250519_183636592594.png
2025-05-19 18:36:37,126 - Worker-20403060 - PlaylistPlayer.2040306023080885 - WARNING - Spotify no detectado en primer plano después de abrir https://open.spotify.com/track/6E7w7OT5uLffRah11oPuq0?si=048081b10d914ab0.
2025-05-19 18:36:37,126 - Worker-20403060 - PlaylistPlayer.2040306023080885 - DEBUG - Capturando pantalla en C:\Users\def\Documents\OTWMusicSystem_Final\OTWMusicSystem_Final\otw_project\OTW_MUSIC_SYSTEM\screenshots\2040306023080885\spotify_not_fg_after_open_6E7w7OT5uLffRah11oPuq0?si=048081b10d914ab0_screenshot_2040306023080885_20250519_183637126289.png
2025-05-19 18:36:37,687 - Worker-20403060 - PlaylistPlayer.2040306023080885 - ERROR - Error al capturar pantalla: [Errno 22] Invalid argument: 'C:\\Users\\def\\Documents\\OTWMusicSystem_Final\\OTWMusicSystem_Final\\otw_project\\OTW_MUSIC_SYSTEM\\screenshots\\2040306023080885\\spotify_not_fg_after_open_6E7w7OT5uLffRah11oPuq0?si=048081b10d914ab0_screenshot_2040306023080885_20250519_183637126289.png'
2025-05-19 18:36:37,687 - Worker-20403060 - PlaylistPlayer.2040306023080885 - INFO - Pausa antes de reintentar apertura de URL debido a no foreground (5.9s).
2025-05-19 18:36:43,880 - Worker-20403060 - PlaylistPlayer.2040306023080885 - INFO - Intentando abrir URL: https://open.spotify.com/track/6E7w7OT5uLffRah11oPuq0?si=048081b10d914ab0 (Intento 4/3)
2025-05-19 18:36:43,880 - Worker-20403060 - PlaylistPlayer.2040306023080885 - ERROR - Máximos reintentos (3) alcanzados para abrir URL https://open.spotify.com/track/6E7w7OT5uLffRah11oPuq0?si=048081b10d914ab0
2025-05-19 18:36:43,880 - Worker-20403060 - PlaylistPlayer.2040306023080885 - DEBUG - Capturando pantalla en C:\Users\def\Documents\OTWMusicSystem_Final\OTWMusicSystem_Final\otw_project\OTW_MUSIC_SYSTEM\screenshots\2040306023080885\open_url_max_retries_fail_6E7w7OT5uLffRah11oPuq0?si=048081b10d914ab0_screenshot_2040306023080885_20250519_183643880484.png
2025-05-19 18:36:44,560 - Worker-20403060 - PlaylistPlayer.2040306023080885 - ERROR - Error al capturar pantalla: [Errno 22] Invalid argument: 'C:\\Users\\def\\Documents\\OTWMusicSystem_Final\\OTWMusicSystem_Final\\otw_project\\OTW_MUSIC_SYSTEM\\screenshots\\2040306023080885\\open_url_max_retries_fail_6E7w7OT5uLffRah11oPuq0?si=048081b10d914ab0_screenshot_2040306023080885_20250519_183643880484.png'
2025-05-19 18:36:44,560 - Worker-20403060 - PlaylistPlayer.2040306023080885 - ERROR - No se pudo abrir el track https://open.spotify.com/track/6E7w7OT5uLffRah11oPuq0?si=048081b10d914ab0. Terminando interacción.
2025-05-19 18:36:44,560 - Worker-20403060 - PlaylistPlayer.2040306023080885 - INFO - Sesión #1 completada. Pausa de 6.1s.
2025-05-19 18:36:50,685 - Worker-20403060 - PlaylistPlayer.2040306023080885 - INFO - --- Iniciando Sesión de Interacción #2 ---
2025-05-19 18:36:50,696 - Worker-20403060 - PlaylistPlayer.2040306023080885 - INFO - Selección: Link (track) -> https://open.spotify.com/track/2FAslAIJWS7FyRWSBfTAub?si=1c748d229a3b4d2c
2025-05-19 18:36:50,723 - Worker-20403060 - PlaylistPlayer.2040306023080885 - INFO - Iniciando interacción con TRACK: https://open.spotify.com/track/2FAslAIJWS7FyRWSBfTAub?si=1c748d229a3b4d2c
2025-05-19 18:36:50,724 - Worker-20403060 - PlaylistPlayer.2040306023080885 - INFO - Intentando abrir URL: https://open.spotify.com/track/2FAslAIJWS7FyRWSBfTAub?si=1c748d229a3b4d2c (Intento 1/3)
2025-05-19 18:36:50,724 - Worker-20403060 - PlaylistPlayer.2040306023080885 - DEBUG - Forzando detención de Spotify (com.spotify.music) antes de abrir URL.
2025-05-19 18:36:52,103 - Worker-20403060 - PlaylistPlayer.2040306023080885 - DEBUG - Presionando HOME.
2025-05-19 18:36:54,170 - Worker-20403060 - PlaylistPlayer.2040306023080885 - DEBUG - Ejecutando ADB intent para URL: https://open.spotify.com/track/2FAslAIJWS7FyRWSBfTAub?si=1c748d229a3b4d2c
2025-05-19 18:36:56,016 - Worker-20403060 - PlaylistPlayer.2040306023080885 - DEBUG - Resultado ADB 'am start': stdout='Starting: Intent { act=android.intent.action.VIEW dat=https://open.spotify.com/... flg=0x10008000 }', stderr=''
2025-05-19 18:36:57,513 - Worker-20403060 - PlaylistPlayer.2040306023080885 - DEBUG - Esperando que la app se abra y estabilice (5-8s)...
2025-05-19 18:37:03,337 - Worker-20403060 - PlaylistPlayer.2040306023080885 - DEBUG - Verificando diálogo 'Abrir con'...
2025-05-19 18:37:08,286 - Worker-20403060 - PlaylistPlayer.2040306023080885 - INFO - Diálogo 'Abrir con' o similar detectado.
2025-05-19 18:37:08,286 - Worker-20403060 - PlaylistPlayer.2040306023080885 - DEBUG - Capturando pantalla en C:\Users\def\Documents\OTWMusicSystem_Final\OTWMusicSystem_Final\otw_project\OTW_MUSIC_SYSTEM\screenshots\2040306023080885\open_with_dialog_screenshot_2040306023080885_20250519_183708286790.png
2025-05-19 18:37:08,758 - Worker-20403060 - PlaylistPlayer.2040306023080885 - INFO - Captura de pantalla guardada: C:\Users\def\Documents\OTWMusicSystem_Final\OTWMusicSystem_Final\otw_project\OTW_MUSIC_SYSTEM\screenshots\2040306023080885\open_with_dialog_screenshot_2040306023080885_20250519_183708286790.png
2025-05-19 18:37:14,305 - Worker-20403060 - PlaylistPlayer.2040306023080885 - INFO - Clickeado 'Spotify (general)' en diálogo 'Abrir con'.
2025-05-19 18:37:27,763 - Worker-20403060 - PlaylistPlayer.2040306023080885 - INFO - Spotify seleccionado en chooser, pero botón de confirmación no encontrado/clickeado.
2025-05-19 18:37:27,763 - Worker-20403060 - PlaylistPlayer.2040306023080885 - INFO - Diálogo 'Abrir con' manejado. Esperando un poco más (2-4s)...
2025-05-19 18:37:31,242 - Worker-20403060 - PlaylistPlayer.2040306023080885 - DEBUG - Verificando si Spotify está en primer plano...
2025-05-19 18:37:31,242 - Worker-20403060 - PlaylistPlayer.2040306023080885 - DEBUG - Intentando con comando dumpsys (1): adb -s 2040306023080885 shell dumpsys activity top
2025-05-19 18:37:31,439 - Worker-20403060 - PlaylistPlayer.2040306023080885 - WARNING - Spotify NO parece estar en primer plano según dumpsys.
2025-05-19 18:37:31,439 - Worker-20403060 - PlaylistPlayer.2040306023080885 - DEBUG - Capturando pantalla en C:\Users\def\Documents\OTWMusicSystem_Final\OTWMusicSystem_Final\otw_project\OTW_MUSIC_SYSTEM\screenshots\2040306023080885\spotify_not_foreground_screenshot_2040306023080885_20250519_183731439150.png
2025-05-19 18:37:32,007 - Worker-20403060 - PlaylistPlayer.2040306023080885 - INFO - Captura de pantalla guardada: C:\Users\def\Documents\OTWMusicSystem_Final\OTWMusicSystem_Final\otw_project\OTW_MUSIC_SYSTEM\screenshots\2040306023080885\spotify_not_foreground_screenshot_2040306023080885_20250519_183731439150.png
2025-05-19 18:37:32,007 - Worker-20403060 - PlaylistPlayer.2040306023080885 - WARNING - Spotify no detectado en primer plano después de abrir https://open.spotify.com/track/2FAslAIJWS7FyRWSBfTAub?si=1c748d229a3b4d2c.
2025-05-19 18:37:32,008 - Worker-20403060 - PlaylistPlayer.2040306023080885 - DEBUG - Capturando pantalla en C:\Users\def\Documents\OTWMusicSystem_Final\OTWMusicSystem_Final\otw_project\OTW_MUSIC_SYSTEM\screenshots\2040306023080885\spotify_not_fg_after_open_2FAslAIJWS7FyRWSBfTAub?si=1c748d229a3b4d2c_screenshot_2040306023080885_20250519_183732008161.png
2025-05-19 18:37:32,609 - Worker-20403060 - PlaylistPlayer.2040306023080885 - ERROR - Error al capturar pantalla: [Errno 22] Invalid argument: 'C:\\Users\\def\\Documents\\OTWMusicSystem_Final\\OTWMusicSystem_Final\\otw_project\\OTW_MUSIC_SYSTEM\\screenshots\\2040306023080885\\spotify_not_fg_after_open_2FAslAIJWS7FyRWSBfTAub?si=1c748d229a3b4d2c_screenshot_2040306023080885_20250519_183732008161.png'
2025-05-19 18:37:32,609 - Worker-20403060 - PlaylistPlayer.2040306023080885 - INFO - Pausa antes de reintentar apertura de URL debido a no foreground (6.0s).
2025-05-19 18:37:39,428 - Worker-20403060 - PlaylistPlayer.2040306023080885 - INFO - Intentando abrir URL: https://open.spotify.com/track/2FAslAIJWS7FyRWSBfTAub?si=1c748d229a3b4d2c (Intento 2/3)
2025-05-19 18:37:39,429 - Worker-20403060 - PlaylistPlayer.2040306023080885 - DEBUG - Forzando detención de Spotify (com.spotify.music) antes de abrir URL.
2025-05-19 18:37:40,493 - Worker-20403060 - PlaylistPlayer.2040306023080885 - DEBUG - Presionando HOME.
2025-05-19 18:37:42,781 - Worker-20403060 - PlaylistPlayer.2040306023080885 - DEBUG - Ejecutando ADB intent para URL: https://open.spotify.com/track/2FAslAIJWS7FyRWSBfTAub?si=1c748d229a3b4d2c
2025-05-19 18:37:44,177 - Worker-20403060 - PlaylistPlayer.2040306023080885 - DEBUG - Resultado ADB 'am start': stdout='Starting: Intent { act=android.intent.action.VIEW dat=https://open.spotify.com/... flg=0x10008000 }', stderr=''
2025-05-19 18:37:45,610 - Worker-20403060 - PlaylistPlayer.2040306023080885 - DEBUG - Esperando que la app se abra y estabilice (5-8s)...
2025-05-19 18:37:51,797 - Worker-20403060 - PlaylistPlayer.2040306023080885 - DEBUG - Verificando diálogo 'Abrir con'...
2025-05-19 18:37:56,919 - Worker-20403060 - PlaylistPlayer.2040306023080885 - INFO - Diálogo 'Abrir con' o similar detectado.
2025-05-19 18:37:56,920 - Worker-20403060 - PlaylistPlayer.2040306023080885 - DEBUG - Capturando pantalla en C:\Users\def\Documents\OTWMusicSystem_Final\OTWMusicSystem_Final\otw_project\OTW_MUSIC_SYSTEM\screenshots\2040306023080885\open_with_dialog_screenshot_2040306023080885_20250519_183756920240.png
2025-05-19 18:37:57,529 - Worker-20403060 - PlaylistPlayer.2040306023080885 - INFO - Captura de pantalla guardada: C:\Users\def\Documents\OTWMusicSystem_Final\OTWMusicSystem_Final\otw_project\OTW_MUSIC_SYSTEM\screenshots\2040306023080885\open_with_dialog_screenshot_2040306023080885_20250519_183756920240.png
2025-05-19 18:38:02,724 - Worker-20403060 - PlaylistPlayer.2040306023080885 - INFO - Clickeado 'Spotify (general)' en diálogo 'Abrir con'.
2025-05-19 18:38:14,865 - Worker-20403060 - PlaylistPlayer.2040306023080885 - INFO - Spotify seleccionado en chooser, pero botón de confirmación no encontrado/clickeado.
2025-05-19 18:38:14,865 - Worker-20403060 - PlaylistPlayer.2040306023080885 - INFO - Diálogo 'Abrir con' manejado. Esperando un poco más (2-4s)...
2025-05-19 18:38:18,604 - Worker-20403060 - PlaylistPlayer.2040306023080885 - DEBUG - Verificando si Spotify está en primer plano...
2025-05-19 18:38:18,604 - Worker-20403060 - PlaylistPlayer.2040306023080885 - DEBUG - Intentando con comando dumpsys (1): adb -s 2040306023080885 shell dumpsys activity top
2025-05-19 18:38:18,799 - Worker-20403060 - PlaylistPlayer.2040306023080885 - WARNING - Spotify NO parece estar en primer plano según dumpsys.
2025-05-19 18:38:18,800 - Worker-20403060 - PlaylistPlayer.2040306023080885 - DEBUG - Capturando pantalla en C:\Users\def\Documents\OTWMusicSystem_Final\OTWMusicSystem_Final\otw_project\OTW_MUSIC_SYSTEM\screenshots\2040306023080885\spotify_not_foreground_screenshot_2040306023080885_20250519_183818799710.png
2025-05-19 18:38:19,414 - Worker-20403060 - PlaylistPlayer.2040306023080885 - INFO - Captura de pantalla guardada: C:\Users\def\Documents\OTWMusicSystem_Final\OTWMusicSystem_Final\otw_project\OTW_MUSIC_SYSTEM\screenshots\2040306023080885\spotify_not_foreground_screenshot_2040306023080885_20250519_183818799710.png
2025-05-19 18:38:19,414 - Worker-20403060 - PlaylistPlayer.2040306023080885 - WARNING - Spotify no detectado en primer plano después de abrir https://open.spotify.com/track/2FAslAIJWS7FyRWSBfTAub?si=1c748d229a3b4d2c.
2025-05-19 18:38:19,414 - Worker-20403060 - PlaylistPlayer.2040306023080885 - DEBUG - Capturando pantalla en C:\Users\def\Documents\OTWMusicSystem_Final\OTWMusicSystem_Final\otw_project\OTW_MUSIC_SYSTEM\screenshots\2040306023080885\spotify_not_fg_after_open_2FAslAIJWS7FyRWSBfTAub?si=1c748d229a3b4d2c_screenshot_2040306023080885_20250519_183819414364.png
2025-05-19 18:38:19,893 - Worker-20403060 - PlaylistPlayer.2040306023080885 - ERROR - Error al capturar pantalla: [Errno 22] Invalid argument: 'C:\\Users\\def\\Documents\\OTWMusicSystem_Final\\OTWMusicSystem_Final\\otw_project\\OTW_MUSIC_SYSTEM\\screenshots\\2040306023080885\\spotify_not_fg_after_open_2FAslAIJWS7FyRWSBfTAub?si=1c748d229a3b4d2c_screenshot_2040306023080885_20250519_183819414364.png'
2025-05-19 18:38:19,894 - Worker-20403060 - PlaylistPlayer.2040306023080885 - INFO - Pausa antes de reintentar apertura de URL debido a no foreground (4.2s).
2025-05-19 18:38:26,269 - Worker-20403060 - PlaylistPlayer.2040306023080885 - INFO - Intentando abrir URL: https://open.spotify.com/track/2FAslAIJWS7FyRWSBfTAub?si=1c748d229a3b4d2c (Intento 3/3)
2025-05-19 18:38:26,269 - Worker-20403060 - PlaylistPlayer.2040306023080885 - DEBUG - Forzando detención de Spotify (com.spotify.music) antes de abrir URL.
2025-05-19 18:38:27,508 - Worker-20403060 - PlaylistPlayer.2040306023080885 - DEBUG - Presionando HOME.
2025-05-19 18:38:29,878 - Worker-20403060 - PlaylistPlayer.2040306023080885 - DEBUG - Ejecutando ADB intent para URL: https://open.spotify.com/track/2FAslAIJWS7FyRWSBfTAub?si=1c748d229a3b4d2c
2025-05-19 18:38:31,062 - Worker-20403060 - PlaylistPlayer.2040306023080885 - DEBUG - Resultado ADB 'am start': stdout='Starting: Intent { act=android.intent.action.VIEW dat=https://open.spotify.com/... flg=0x10008000 }', stderr=''
2025-05-19 18:38:33,217 - Worker-20403060 - PlaylistPlayer.2040306023080885 - DEBUG - Esperando que la app se abra y estabilice (5-8s)...
2025-05-19 18:38:39,441 - Worker-20403060 - PlaylistPlayer.2040306023080885 - DEBUG - Verificando diálogo 'Abrir con'...
2025-05-19 18:38:44,617 - Worker-20403060 - PlaylistPlayer.2040306023080885 - INFO - Diálogo 'Abrir con' o similar detectado.
2025-05-19 18:38:44,618 - Worker-20403060 - PlaylistPlayer.2040306023080885 - DEBUG - Capturando pantalla en C:\Users\def\Documents\OTWMusicSystem_Final\OTWMusicSystem_Final\otw_project\OTW_MUSIC_SYSTEM\screenshots\2040306023080885\open_with_dialog_screenshot_2040306023080885_20250519_183844618101.png
2025-05-19 18:38:45,200 - Worker-20403060 - PlaylistPlayer.2040306023080885 - INFO - Captura de pantalla guardada: C:\Users\def\Documents\OTWMusicSystem_Final\OTWMusicSystem_Final\otw_project\OTW_MUSIC_SYSTEM\screenshots\2040306023080885\open_with_dialog_screenshot_2040306023080885_20250519_183844618101.png
2025-05-19 18:38:49,951 - Worker-20403060 - PlaylistPlayer.2040306023080885 - INFO - Clickeado 'Spotify (general)' en diálogo 'Abrir con'.
2025-05-19 18:39:02,818 - Worker-20403060 - PlaylistPlayer.2040306023080885 - INFO - Spotify seleccionado en chooser, pero botón de confirmación no encontrado/clickeado.
2025-05-19 18:39:02,819 - Worker-20403060 - PlaylistPlayer.2040306023080885 - INFO - Diálogo 'Abrir con' manejado. Esperando un poco más (2-4s)...
2025-05-19 18:39:05,167 - Worker-20403060 - PlaylistPlayer.2040306023080885 - DEBUG - Verificando si Spotify está en primer plano...
2025-05-19 18:39:05,167 - Worker-20403060 - PlaylistPlayer.2040306023080885 - DEBUG - Intentando con comando dumpsys (1): adb -s 2040306023080885 shell dumpsys activity top
2025-05-19 18:39:05,436 - Worker-20403060 - PlaylistPlayer.2040306023080885 - WARNING - Spotify NO parece estar en primer plano según dumpsys.
2025-05-19 18:39:05,436 - Worker-20403060 - PlaylistPlayer.2040306023080885 - DEBUG - Capturando pantalla en C:\Users\def\Documents\OTWMusicSystem_Final\OTWMusicSystem_Final\otw_project\OTW_MUSIC_SYSTEM\screenshots\2040306023080885\spotify_not_foreground_screenshot_2040306023080885_20250519_183905436028.png
2025-05-19 18:39:05,988 - Worker-20403060 - PlaylistPlayer.2040306023080885 - INFO - Captura de pantalla guardada: C:\Users\def\Documents\OTWMusicSystem_Final\OTWMusicSystem_Final\otw_project\OTW_MUSIC_SYSTEM\screenshots\2040306023080885\spotify_not_foreground_screenshot_2040306023080885_20250519_183905436028.png
2025-05-19 18:39:05,988 - Worker-20403060 - PlaylistPlayer.2040306023080885 - WARNING - Spotify no detectado en primer plano después de abrir https://open.spotify.com/track/2FAslAIJWS7FyRWSBfTAub?si=1c748d229a3b4d2c.
2025-05-19 18:39:05,989 - Worker-20403060 - PlaylistPlayer.2040306023080885 - DEBUG - Capturando pantalla en C:\Users\def\Documents\OTWMusicSystem_Final\OTWMusicSystem_Final\otw_project\OTW_MUSIC_SYSTEM\screenshots\2040306023080885\spotify_not_fg_after_open_2FAslAIJWS7FyRWSBfTAub?si=1c748d229a3b4d2c_screenshot_2040306023080885_20250519_183905989403.png
2025-05-19 18:39:06,566 - Worker-20403060 - PlaylistPlayer.2040306023080885 - ERROR - Error al capturar pantalla: [Errno 22] Invalid argument: 'C:\\Users\\def\\Documents\\OTWMusicSystem_Final\\OTWMusicSystem_Final\\otw_project\\OTW_MUSIC_SYSTEM\\screenshots\\2040306023080885\\spotify_not_fg_after_open_2FAslAIJWS7FyRWSBfTAub?si=1c748d229a3b4d2c_screenshot_2040306023080885_20250519_183905989403.png'
2025-05-19 18:39:06,566 - Worker-20403060 - PlaylistPlayer.2040306023080885 - INFO - Pausa antes de reintentar apertura de URL debido a no foreground (4.6s).
2025-05-19 18:39:11,220 - Worker-20403060 - PlaylistPlayer.2040306023080885 - INFO - Intentando abrir URL: https://open.spotify.com/track/2FAslAIJWS7FyRWSBfTAub?si=1c748d229a3b4d2c (Intento 4/3)
2025-05-19 18:39:11,220 - Worker-20403060 - PlaylistPlayer.2040306023080885 - ERROR - Máximos reintentos (3) alcanzados para abrir URL https://open.spotify.com/track/2FAslAIJWS7FyRWSBfTAub?si=1c748d229a3b4d2c
2025-05-19 18:39:11,221 - Worker-20403060 - PlaylistPlayer.2040306023080885 - DEBUG - Capturando pantalla en C:\Users\def\Documents\OTWMusicSystem_Final\OTWMusicSystem_Final\otw_project\OTW_MUSIC_SYSTEM\screenshots\2040306023080885\open_url_max_retries_fail_2FAslAIJWS7FyRWSBfTAub?si=1c748d229a3b4d2c_screenshot_2040306023080885_20250519_183911220933.png
2025-05-19 18:39:11,742 - Worker-20403060 - PlaylistPlayer.2040306023080885 - ERROR - Error al capturar pantalla: [Errno 22] Invalid argument: 'C:\\Users\\def\\Documents\\OTWMusicSystem_Final\\OTWMusicSystem_Final\\otw_project\\OTW_MUSIC_SYSTEM\\screenshots\\2040306023080885\\open_url_max_retries_fail_2FAslAIJWS7FyRWSBfTAub?si=1c748d229a3b4d2c_screenshot_2040306023080885_20250519_183911220933.png'
2025-05-19 18:39:11,742 - Worker-20403060 - PlaylistPlayer.2040306023080885 - ERROR - No se pudo abrir el track https://open.spotify.com/track/2FAslAIJWS7FyRWSBfTAub?si=1c748d229a3b4d2c. Terminando interacción.
2025-05-19 18:39:11,742 - Worker-20403060 - PlaylistPlayer.2040306023080885 - INFO - Sesión #2 completada. Pausa de 10.1s.
2025-05-19 18:39:21,841 - Worker-20403060 - PlaylistPlayer.2040306023080885 - INFO - --- Iniciando Sesión de Interacción #3 ---
2025-05-19 18:39:21,841 - Worker-20403060 - PlaylistPlayer.2040306023080885 - INFO - Selección: Link (track) -> https://open.spotify.com/track/3XfnpskwSDhZlonjEhyNfw?si=e9ea9266e3584eac
2025-05-19 18:39:21,841 - Worker-20403060 - PlaylistPlayer.2040306023080885 - INFO - Iniciando interacción con TRACK: https://open.spotify.com/track/3XfnpskwSDhZlonjEhyNfw?si=e9ea9266e3584eac
2025-05-19 18:39:21,841 - Worker-20403060 - PlaylistPlayer.2040306023080885 - INFO - Intentando abrir URL: https://open.spotify.com/track/3XfnpskwSDhZlonjEhyNfw?si=e9ea9266e3584eac (Intento 1/3)
2025-05-19 18:39:21,841 - Worker-20403060 - PlaylistPlayer.2040306023080885 - DEBUG - Forzando detención de Spotify (com.spotify.music) antes de abrir URL.
2025-05-19 18:39:22,969 - Worker-20403060 - PlaylistPlayer.2040306023080885 - DEBUG - Presionando HOME.
2025-05-19 18:39:25,194 - Worker-20403060 - PlaylistPlayer.2040306023080885 - DEBUG - Ejecutando ADB intent para URL: https://open.spotify.com/track/3XfnpskwSDhZlonjEhyNfw?si=e9ea9266e3584eac
2025-05-19 18:39:26,649 - Worker-20403060 - PlaylistPlayer.2040306023080885 - DEBUG - Resultado ADB 'am start': stdout='Starting: Intent { act=android.intent.action.VIEW dat=https://open.spotify.com/... flg=0x10008000 }', stderr=''
2025-05-19 18:39:28,154 - Worker-20403060 - PlaylistPlayer.2040306023080885 - DEBUG - Esperando que la app se abra y estabilice (5-8s)...
2025-05-19 18:39:35,991 - Worker-20403060 - PlaylistPlayer.2040306023080885 - DEBUG - Verificando diálogo 'Abrir con'...
2025-05-19 18:39:41,113 - Worker-20403060 - PlaylistPlayer.2040306023080885 - INFO - Diálogo 'Abrir con' o similar detectado.
2025-05-19 18:39:41,113 - Worker-20403060 - PlaylistPlayer.2040306023080885 - DEBUG - Capturando pantalla en C:\Users\def\Documents\OTWMusicSystem_Final\OTWMusicSystem_Final\otw_project\OTW_MUSIC_SYSTEM\screenshots\2040306023080885\open_with_dialog_screenshot_2040306023080885_20250519_183941113704.png
2025-05-19 18:39:41,845 - Worker-20403060 - PlaylistPlayer.2040306023080885 - INFO - Captura de pantalla guardada: C:\Users\def\Documents\OTWMusicSystem_Final\OTWMusicSystem_Final\otw_project\OTW_MUSIC_SYSTEM\screenshots\2040306023080885\open_with_dialog_screenshot_2040306023080885_20250519_183941113704.png
2025-05-19 18:39:46,543 - Worker-20403060 - PlaylistPlayer.2040306023080885 - INFO - Clickeado 'Spotify (general)' en diálogo 'Abrir con'.
2025-05-19 18:39:59,262 - Worker-20403060 - PlaylistPlayer.2040306023080885 - INFO - Spotify seleccionado en chooser, pero botón de confirmación no encontrado/clickeado.
2025-05-19 18:39:59,263 - Worker-20403060 - PlaylistPlayer.2040306023080885 - INFO - Diálogo 'Abrir con' manejado. Esperando un poco más (2-4s)...
2025-05-19 18:40:01,801 - Worker-20403060 - PlaylistPlayer.2040306023080885 - DEBUG - Verificando si Spotify está en primer plano...
2025-05-19 18:40:01,801 - Worker-20403060 - PlaylistPlayer.2040306023080885 - DEBUG - Intentando con comando dumpsys (1): adb -s 2040306023080885 shell dumpsys activity top
2025-05-19 18:40:02,021 - Worker-20403060 - PlaylistPlayer.2040306023080885 - WARNING - Spotify NO parece estar en primer plano según dumpsys.
2025-05-19 18:40:02,022 - Worker-20403060 - PlaylistPlayer.2040306023080885 - DEBUG - Capturando pantalla en C:\Users\def\Documents\OTWMusicSystem_Final\OTWMusicSystem_Final\otw_project\OTW_MUSIC_SYSTEM\screenshots\2040306023080885\spotify_not_foreground_screenshot_2040306023080885_20250519_184002022458.png
2025-05-19 18:40:02,563 - Worker-20403060 - PlaylistPlayer.2040306023080885 - INFO - Captura de pantalla guardada: C:\Users\def\Documents\OTWMusicSystem_Final\OTWMusicSystem_Final\otw_project\OTW_MUSIC_SYSTEM\screenshots\2040306023080885\spotify_not_foreground_screenshot_2040306023080885_20250519_184002022458.png
2025-05-19 18:40:02,564 - Worker-20403060 - PlaylistPlayer.2040306023080885 - WARNING - Spotify no detectado en primer plano después de abrir https://open.spotify.com/track/3XfnpskwSDhZlonjEhyNfw?si=e9ea9266e3584eac.
2025-05-19 18:40:02,564 - Worker-20403060 - PlaylistPlayer.2040306023080885 - DEBUG - Capturando pantalla en C:\Users\def\Documents\OTWMusicSystem_Final\OTWMusicSystem_Final\otw_project\OTW_MUSIC_SYSTEM\screenshots\2040306023080885\spotify_not_fg_after_open_3XfnpskwSDhZlonjEhyNfw?si=e9ea9266e3584eac_screenshot_2040306023080885_20250519_184002564005.png
2025-05-19 18:40:03,106 - Worker-20403060 - PlaylistPlayer.2040306023080885 - ERROR - Error al capturar pantalla: [Errno 22] Invalid argument: 'C:\\Users\\def\\Documents\\OTWMusicSystem_Final\\OTWMusicSystem_Final\\otw_project\\OTW_MUSIC_SYSTEM\\screenshots\\2040306023080885\\spotify_not_fg_after_open_3XfnpskwSDhZlonjEhyNfw?si=e9ea9266e3584eac_screenshot_2040306023080885_20250519_184002564005.png'
2025-05-19 18:40:03,106 - Worker-20403060 - PlaylistPlayer.2040306023080885 - INFO - Pausa antes de reintentar apertura de URL debido a no foreground (6.8s).
2025-05-19 18:40:08,763 - Worker-20403060 - PlaylistPlayer.2040306023080885 - INFO - Intentando abrir URL: https://open.spotify.com/track/3XfnpskwSDhZlonjEhyNfw?si=e9ea9266e3584eac (Intento 2/3)
2025-05-19 18:40:08,763 - Worker-20403060 - PlaylistPlayer.2040306023080885 - DEBUG - Forzando detención de Spotify (com.spotify.music) antes de abrir URL.
2025-05-19 18:40:09,824 - Worker-20403060 - PlaylistPlayer.2040306023080885 - DEBUG - Presionando HOME.
2025-05-19 18:40:12,037 - Worker-20403060 - PlaylistPlayer.2040306023080885 - DEBUG - Ejecutando ADB intent para URL: https://open.spotify.com/track/3XfnpskwSDhZlonjEhyNfw?si=e9ea9266e3584eac
2025-05-19 18:40:13,710 - Worker-20403060 - PlaylistPlayer.2040306023080885 - DEBUG - Resultado ADB 'am start': stdout='Starting: Intent { act=android.intent.action.VIEW dat=https://open.spotify.com/... flg=0x10008000 }', stderr=''
2025-05-19 18:40:15,850 - Worker-20403060 - PlaylistPlayer.2040306023080885 - DEBUG - Esperando que la app se abra y estabilice (5-8s)...
2025-05-19 18:40:21,172 - Worker-20403060 - PlaylistPlayer.2040306023080885 - DEBUG - Verificando diálogo 'Abrir con'...
2025-05-19 18:40:26,277 - Worker-20403060 - PlaylistPlayer.2040306023080885 - INFO - Diálogo 'Abrir con' o similar detectado.
2025-05-19 18:40:26,277 - Worker-20403060 - PlaylistPlayer.2040306023080885 - DEBUG - Capturando pantalla en C:\Users\def\Documents\OTWMusicSystem_Final\OTWMusicSystem_Final\otw_project\OTW_MUSIC_SYSTEM\screenshots\2040306023080885\open_with_dialog_screenshot_2040306023080885_20250519_184026277864.png
2025-05-19 18:40:26,863 - Worker-20403060 - PlaylistPlayer.2040306023080885 - INFO - Captura de pantalla guardada: C:\Users\def\Documents\OTWMusicSystem_Final\OTWMusicSystem_Final\otw_project\OTW_MUSIC_SYSTEM\screenshots\2040306023080885\open_with_dialog_screenshot_2040306023080885_20250519_184026277864.png
2025-05-19 18:40:31,439 - Worker-20403060 - PlaylistPlayer.2040306023080885 - INFO - Clickeado 'Spotify (general)' en diálogo 'Abrir con'.
2025-05-19 18:40:43,790 - Worker-20403060 - PlaylistPlayer.2040306023080885 - INFO - Spotify seleccionado en chooser, pero botón de confirmación no encontrado/clickeado.
2025-05-19 18:40:43,790 - Worker-20403060 - PlaylistPlayer.2040306023080885 - INFO - Diálogo 'Abrir con' manejado. Esperando un poco más (2-4s)...
2025-05-19 18:40:45,811 - Worker-20403060 - PlaylistPlayer.2040306023080885 - DEBUG - Verificando si Spotify está en primer plano...
2025-05-19 18:40:45,811 - Worker-20403060 - PlaylistPlayer.2040306023080885 - DEBUG - Intentando con comando dumpsys (1): adb -s 2040306023080885 shell dumpsys activity top
2025-05-19 18:40:46,029 - Worker-20403060 - PlaylistPlayer.2040306023080885 - WARNING - Spotify NO parece estar en primer plano según dumpsys.
2025-05-19 18:40:46,030 - Worker-20403060 - PlaylistPlayer.2040306023080885 - DEBUG - Capturando pantalla en C:\Users\def\Documents\OTWMusicSystem_Final\OTWMusicSystem_Final\otw_project\OTW_MUSIC_SYSTEM\screenshots\2040306023080885\spotify_not_foreground_screenshot_2040306023080885_20250519_184046029780.png
2025-05-19 18:40:46,726 - Worker-20403060 - PlaylistPlayer.2040306023080885 - INFO - Captura de pantalla guardada: C:\Users\def\Documents\OTWMusicSystem_Final\OTWMusicSystem_Final\otw_project\OTW_MUSIC_SYSTEM\screenshots\2040306023080885\spotify_not_foreground_screenshot_2040306023080885_20250519_184046029780.png
2025-05-19 18:40:46,726 - Worker-20403060 - PlaylistPlayer.2040306023080885 - WARNING - Spotify no detectado en primer plano después de abrir https://open.spotify.com/track/3XfnpskwSDhZlonjEhyNfw?si=e9ea9266e3584eac.
2025-05-19 18:40:46,727 - Worker-20403060 - PlaylistPlayer.2040306023080885 - DEBUG - Capturando pantalla en C:\Users\def\Documents\OTWMusicSystem_Final\OTWMusicSystem_Final\otw_project\OTW_MUSIC_SYSTEM\screenshots\2040306023080885\spotify_not_fg_after_open_3XfnpskwSDhZlonjEhyNfw?si=e9ea9266e3584eac_screenshot_2040306023080885_20250519_184046726718.png
2025-05-19 18:40:47,322 - Worker-20403060 - PlaylistPlayer.2040306023080885 - ERROR - Error al capturar pantalla: [Errno 22] Invalid argument: 'C:\\Users\\def\\Documents\\OTWMusicSystem_Final\\OTWMusicSystem_Final\\otw_project\\OTW_MUSIC_SYSTEM\\screenshots\\2040306023080885\\spotify_not_fg_after_open_3XfnpskwSDhZlonjEhyNfw?si=e9ea9266e3584eac_screenshot_2040306023080885_20250519_184046726718.png'
2025-05-19 18:40:47,322 - Worker-20403060 - PlaylistPlayer.2040306023080885 - INFO - Pausa antes de reintentar apertura de URL debido a no foreground (4.5s).
2025-05-19 18:40:51,672 - Worker-20403060 - PlaylistPlayer.2040306023080885 - INFO - Intentando abrir URL: https://open.spotify.com/track/3XfnpskwSDhZlonjEhyNfw?si=e9ea9266e3584eac (Intento 3/3)
2025-05-19 18:40:51,672 - Worker-20403060 - PlaylistPlayer.2040306023080885 - DEBUG - Forzando detención de Spotify (com.spotify.music) antes de abrir URL.
2025-05-19 18:40:52,662 - Worker-20403060 - PlaylistPlayer.2040306023080885 - DEBUG - Presionando HOME.
2025-05-19 18:40:55,212 - Worker-20403060 - PlaylistPlayer.2040306023080885 - DEBUG - Ejecutando ADB intent para URL: https://open.spotify.com/track/3XfnpskwSDhZlonjEhyNfw?si=e9ea9266e3584eac
2025-05-19 18:40:57,090 - Worker-20403060 - PlaylistPlayer.2040306023080885 - DEBUG - Resultado ADB 'am start': stdout='Starting: Intent { act=android.intent.action.VIEW dat=https://open.spotify.com/... flg=0x10008000 }', stderr=''
2025-05-19 18:40:59,501 - Worker-20403060 - PlaylistPlayer.2040306023080885 - DEBUG - Esperando que la app se abra y estabilice (5-8s)...
2025-05-19 18:41:07,163 - Worker-20403060 - PlaylistPlayer.2040306023080885 - DEBUG - Verificando diálogo 'Abrir con'...
2025-05-19 18:41:12,245 - Worker-20403060 - PlaylistPlayer.2040306023080885 - INFO - Diálogo 'Abrir con' o similar detectado.
2025-05-19 18:41:12,245 - Worker-20403060 - PlaylistPlayer.2040306023080885 - DEBUG - Capturando pantalla en C:\Users\def\Documents\OTWMusicSystem_Final\OTWMusicSystem_Final\otw_project\OTW_MUSIC_SYSTEM\screenshots\2040306023080885\open_with_dialog_screenshot_2040306023080885_20250519_184112245852.png
2025-05-19 18:41:12,812 - Worker-20403060 - PlaylistPlayer.2040306023080885 - INFO - Captura de pantalla guardada: C:\Users\def\Documents\OTWMusicSystem_Final\OTWMusicSystem_Final\otw_project\OTW_MUSIC_SYSTEM\screenshots\2040306023080885\open_with_dialog_screenshot_2040306023080885_20250519_184112245852.png
2025-05-19 18:41:17,800 - Worker-20403060 - PlaylistPlayer.2040306023080885 - INFO - Clickeado 'Spotify (general)' en diálogo 'Abrir con'.
2025-05-19 18:41:30,859 - Worker-20403060 - PlaylistPlayer.2040306023080885 - INFO - Spotify seleccionado en chooser, pero botón de confirmación no encontrado/clickeado.
2025-05-19 18:41:30,859 - Worker-20403060 - PlaylistPlayer.2040306023080885 - INFO - Diálogo 'Abrir con' manejado. Esperando un poco más (2-4s)...
2025-05-19 18:41:34,261 - Worker-20403060 - PlaylistPlayer.2040306023080885 - DEBUG - Verificando si Spotify está en primer plano...
2025-05-19 18:41:34,261 - Worker-20403060 - PlaylistPlayer.2040306023080885 - DEBUG - Intentando con comando dumpsys (1): adb -s 2040306023080885 shell dumpsys activity top
2025-05-19 18:41:34,467 - Worker-20403060 - PlaylistPlayer.2040306023080885 - WARNING - Spotify NO parece estar en primer plano según dumpsys.
2025-05-19 18:41:34,468 - Worker-20403060 - PlaylistPlayer.2040306023080885 - DEBUG - Capturando pantalla en C:\Users\def\Documents\OTWMusicSystem_Final\OTWMusicSystem_Final\otw_project\OTW_MUSIC_SYSTEM\screenshots\2040306023080885\spotify_not_foreground_screenshot_2040306023080885_20250519_184134467538.png
2025-05-19 18:41:35,046 - Worker-20403060 - PlaylistPlayer.2040306023080885 - INFO - Captura de pantalla guardada: C:\Users\def\Documents\OTWMusicSystem_Final\OTWMusicSystem_Final\otw_project\OTW_MUSIC_SYSTEM\screenshots\2040306023080885\spotify_not_foreground_screenshot_2040306023080885_20250519_184134467538.png
2025-05-19 18:41:35,046 - Worker-20403060 - PlaylistPlayer.2040306023080885 - WARNING - Spotify no detectado en primer plano después de abrir https://open.spotify.com/track/3XfnpskwSDhZlonjEhyNfw?si=e9ea9266e3584eac.
2025-05-19 18:41:35,046 - Worker-20403060 - PlaylistPlayer.2040306023080885 - DEBUG - Capturando pantalla en C:\Users\def\Documents\OTWMusicSystem_Final\OTWMusicSystem_Final\otw_project\OTW_MUSIC_SYSTEM\screenshots\2040306023080885\spotify_not_fg_after_open_3XfnpskwSDhZlonjEhyNfw?si=e9ea9266e3584eac_screenshot_2040306023080885_20250519_184135046657.png
2025-05-19 18:41:35,616 - Worker-20403060 - PlaylistPlayer.2040306023080885 - ERROR - Error al capturar pantalla: [Errno 22] Invalid argument: 'C:\\Users\\def\\Documents\\OTWMusicSystem_Final\\OTWMusicSystem_Final\\otw_project\\OTW_MUSIC_SYSTEM\\screenshots\\2040306023080885\\spotify_not_fg_after_open_3XfnpskwSDhZlonjEhyNfw?si=e9ea9266e3584eac_screenshot_2040306023080885_20250519_184135046657.png'
2025-05-19 18:41:35,620 - Worker-20403060 - PlaylistPlayer.2040306023080885 - INFO - Pausa antes de reintentar apertura de URL debido a no foreground (4.8s).
2025-05-19 18:41:41,151 - Worker-20403060 - PlaylistPlayer.2040306023080885 - INFO - Intentando abrir URL: https://open.spotify.com/track/3XfnpskwSDhZlonjEhyNfw?si=e9ea9266e3584eac (Intento 4/3)
2025-05-19 18:41:41,151 - Worker-20403060 - PlaylistPlayer.2040306023080885 - ERROR - Máximos reintentos (3) alcanzados para abrir URL https://open.spotify.com/track/3XfnpskwSDhZlonjEhyNfw?si=e9ea9266e3584eac
2025-05-19 18:41:41,152 - Worker-20403060 - PlaylistPlayer.2040306023080885 - DEBUG - Capturando pantalla en C:\Users\def\Documents\OTWMusicSystem_Final\OTWMusicSystem_Final\otw_project\OTW_MUSIC_SYSTEM\screenshots\2040306023080885\open_url_max_retries_fail_3XfnpskwSDhZlonjEhyNfw?si=e9ea9266e3584eac_screenshot_2040306023080885_20250519_184141151539.png
2025-05-19 18:41:41,718 - Worker-20403060 - PlaylistPlayer.2040306023080885 - ERROR - Error al capturar pantalla: [Errno 22] Invalid argument: 'C:\\Users\\def\\Documents\\OTWMusicSystem_Final\\OTWMusicSystem_Final\\otw_project\\OTW_MUSIC_SYSTEM\\screenshots\\2040306023080885\\open_url_max_retries_fail_3XfnpskwSDhZlonjEhyNfw?si=e9ea9266e3584eac_screenshot_2040306023080885_20250519_184141151539.png'
2025-05-19 18:41:41,719 - Worker-20403060 - PlaylistPlayer.2040306023080885 - ERROR - No se pudo abrir el track https://open.spotify.com/track/3XfnpskwSDhZlonjEhyNfw?si=e9ea9266e3584eac. Terminando interacción.
2025-05-19 18:41:41,719 - Worker-20403060 - PlaylistPlayer.2040306023080885 - INFO - Sesión #3 completada. Pausa de 7.3s.
2025-05-19 18:41:48,978 - Worker-20403060 - PlaylistPlayer.2040306023080885 - INFO - --- Iniciando Sesión de Interacción #4 ---
2025-05-19 18:41:48,978 - Worker-20403060 - PlaylistPlayer.2040306023080885 - INFO - Selección: Link (track) -> https://open.spotify.com/track/5or9LcgUYTjivDDoc7oTV9?si=cbe4827b93674048
2025-05-19 18:41:48,978 - Worker-20403060 - PlaylistPlayer.2040306023080885 - INFO - Iniciando interacción con TRACK: https://open.spotify.com/track/5or9LcgUYTjivDDoc7oTV9?si=cbe4827b93674048
2025-05-19 18:41:48,978 - Worker-20403060 - PlaylistPlayer.2040306023080885 - INFO - Intentando abrir URL: https://open.spotify.com/track/5or9LcgUYTjivDDoc7oTV9?si=cbe4827b93674048 (Intento 1/3)
2025-05-19 18:41:48,979 - Worker-20403060 - PlaylistPlayer.2040306023080885 - DEBUG - Forzando detención de Spotify (com.spotify.music) antes de abrir URL.
2025-05-19 18:41:50,230 - Worker-20403060 - PlaylistPlayer.2040306023080885 - DEBUG - Presionando HOME.
2025-05-19 18:41:52,835 - Worker-20403060 - PlaylistPlayer.2040306023080885 - DEBUG - Ejecutando ADB intent para URL: https://open.spotify.com/track/5or9LcgUYTjivDDoc7oTV9?si=cbe4827b93674048
2025-05-19 18:41:53,973 - Worker-20403060 - PlaylistPlayer.2040306023080885 - DEBUG - Resultado ADB 'am start': stdout='Starting: Intent { act=android.intent.action.VIEW dat=https://open.spotify.com/... flg=0x10008000 }', stderr=''
2025-05-19 18:41:55,602 - Worker-20403060 - PlaylistPlayer.2040306023080885 - DEBUG - Esperando que la app se abra y estabilice (5-8s)...
2025-05-19 18:42:00,691 - Worker-20403060 - PlaylistPlayer.2040306023080885 - DEBUG - Verificando diálogo 'Abrir con'...
2025-05-19 18:42:05,992 - Worker-20403060 - PlaylistPlayer.2040306023080885 - INFO - Diálogo 'Abrir con' o similar detectado.
2025-05-19 18:42:05,994 - Worker-20403060 - PlaylistPlayer.2040306023080885 - DEBUG - Capturando pantalla en C:\Users\def\Documents\OTWMusicSystem_Final\OTWMusicSystem_Final\otw_project\OTW_MUSIC_SYSTEM\screenshots\2040306023080885\open_with_dialog_screenshot_2040306023080885_20250519_184205993025.png
2025-05-19 18:42:06,654 - Worker-20403060 - PlaylistPlayer.2040306023080885 - INFO - Captura de pantalla guardada: C:\Users\def\Documents\OTWMusicSystem_Final\OTWMusicSystem_Final\otw_project\OTW_MUSIC_SYSTEM\screenshots\2040306023080885\open_with_dialog_screenshot_2040306023080885_20250519_184205993025.png
2025-05-19 18:42:11,574 - Worker-20403060 - PlaylistPlayer.2040306023080885 - INFO - Clickeado 'Spotify (general)' en diálogo 'Abrir con'.
2025-05-19 18:42:24,532 - Worker-20403060 - PlaylistPlayer.2040306023080885 - INFO - Spotify seleccionado en chooser, pero botón de confirmación no encontrado/clickeado.
2025-05-19 18:42:24,532 - Worker-20403060 - PlaylistPlayer.2040306023080885 - INFO - Diálogo 'Abrir con' manejado. Esperando un poco más (2-4s)...
2025-05-19 18:42:26,882 - Worker-20403060 - PlaylistPlayer.2040306023080885 - DEBUG - Verificando si Spotify está en primer plano...
2025-05-19 18:42:26,882 - Worker-20403060 - PlaylistPlayer.2040306023080885 - DEBUG - Intentando con comando dumpsys (1): adb -s 2040306023080885 shell dumpsys activity top
2025-05-19 18:42:27,121 - Worker-20403060 - PlaylistPlayer.2040306023080885 - WARNING - Spotify NO parece estar en primer plano según dumpsys.
2025-05-19 18:42:27,122 - Worker-20403060 - PlaylistPlayer.2040306023080885 - DEBUG - Capturando pantalla en C:\Users\def\Documents\OTWMusicSystem_Final\OTWMusicSystem_Final\otw_project\OTW_MUSIC_SYSTEM\screenshots\2040306023080885\spotify_not_foreground_screenshot_2040306023080885_20250519_184227122368.png
2025-05-19 18:42:27,659 - Worker-20403060 - PlaylistPlayer.2040306023080885 - INFO - Captura de pantalla guardada: C:\Users\def\Documents\OTWMusicSystem_Final\OTWMusicSystem_Final\otw_project\OTW_MUSIC_SYSTEM\screenshots\2040306023080885\spotify_not_foreground_screenshot_2040306023080885_20250519_184227122368.png
2025-05-19 18:42:27,659 - Worker-20403060 - PlaylistPlayer.2040306023080885 - WARNING - Spotify no detectado en primer plano después de abrir https://open.spotify.com/track/5or9LcgUYTjivDDoc7oTV9?si=cbe4827b93674048.
2025-05-19 18:42:27,660 - Worker-20403060 - PlaylistPlayer.2040306023080885 - DEBUG - Capturando pantalla en C:\Users\def\Documents\OTWMusicSystem_Final\OTWMusicSystem_Final\otw_project\OTW_MUSIC_SYSTEM\screenshots\2040306023080885\spotify_not_fg_after_open_5or9LcgUYTjivDDoc7oTV9?si=cbe4827b93674048_screenshot_2040306023080885_20250519_184227659587.png
2025-05-19 18:42:28,243 - Worker-20403060 - PlaylistPlayer.2040306023080885 - ERROR - Error al capturar pantalla: [Errno 22] Invalid argument: 'C:\\Users\\def\\Documents\\OTWMusicSystem_Final\\OTWMusicSystem_Final\\otw_project\\OTW_MUSIC_SYSTEM\\screenshots\\2040306023080885\\spotify_not_fg_after_open_5or9LcgUYTjivDDoc7oTV9?si=cbe4827b93674048_screenshot_2040306023080885_20250519_184227659587.png'
2025-05-19 18:42:28,243 - Worker-20403060 - PlaylistPlayer.2040306023080885 - INFO - Pausa antes de reintentar apertura de URL debido a no foreground (5.0s).
2025-05-19 18:42:35,033 - Worker-20403060 - PlaylistPlayer.2040306023080885 - INFO - Intentando abrir URL: https://open.spotify.com/track/5or9LcgUYTjivDDoc7oTV9?si=cbe4827b93674048 (Intento 2/3)
2025-05-19 18:42:35,034 - Worker-20403060 - PlaylistPlayer.2040306023080885 - DEBUG - Forzando detención de Spotify (com.spotify.music) antes de abrir URL.
2025-05-19 18:42:36,150 - Worker-20403060 - PlaylistPlayer.2040306023080885 - DEBUG - Presionando HOME.
2025-05-19 18:42:38,610 - Worker-20403060 - PlaylistPlayer.2040306023080885 - DEBUG - Ejecutando ADB intent para URL: https://open.spotify.com/track/5or9LcgUYTjivDDoc7oTV9?si=cbe4827b93674048
2025-05-19 18:42:40,003 - Worker-20403060 - PlaylistPlayer.2040306023080885 - DEBUG - Resultado ADB 'am start': stdout='Starting: Intent { act=android.intent.action.VIEW dat=https://open.spotify.com/... flg=0x10008000 }', stderr=''
2025-05-19 18:42:41,650 - Worker-20403060 - PlaylistPlayer.2040306023080885 - DEBUG - Esperando que la app se abra y estabilice (5-8s)...
2025-05-19 18:42:49,223 - Worker-20403060 - PlaylistPlayer.2040306023080885 - DEBUG - Verificando diálogo 'Abrir con'...
2025-05-19 18:42:54,405 - Worker-20403060 - PlaylistPlayer.2040306023080885 - INFO - Diálogo 'Abrir con' o similar detectado.
2025-05-19 18:42:54,405 - Worker-20403060 - PlaylistPlayer.2040306023080885 - DEBUG - Capturando pantalla en C:\Users\def\Documents\OTWMusicSystem_Final\OTWMusicSystem_Final\otw_project\OTW_MUSIC_SYSTEM\screenshots\2040306023080885\open_with_dialog_screenshot_2040306023080885_20250519_184254405274.png
2025-05-19 18:42:54,956 - Worker-20403060 - PlaylistPlayer.2040306023080885 - INFO - Captura de pantalla guardada: C:\Users\def\Documents\OTWMusicSystem_Final\OTWMusicSystem_Final\otw_project\OTW_MUSIC_SYSTEM\screenshots\2040306023080885\open_with_dialog_screenshot_2040306023080885_20250519_184254405274.png
2025-05-19 18:42:59,630 - Worker-20403060 - PlaylistPlayer.2040306023080885 - INFO - Clickeado 'Spotify (general)' en diálogo 'Abrir con'.
2025-05-19 18:43:12,454 - Worker-20403060 - PlaylistPlayer.2040306023080885 - INFO - Spotify seleccionado en chooser, pero botón de confirmación no encontrado/clickeado.
2025-05-19 18:43:12,454 - Worker-20403060 - PlaylistPlayer.2040306023080885 - INFO - Diálogo 'Abrir con' manejado. Esperando un poco más (2-4s)...
2025-05-19 18:43:15,150 - Worker-20403060 - PlaylistPlayer.2040306023080885 - DEBUG - Verificando si Spotify está en primer plano...
2025-05-19 18:43:15,151 - Worker-20403060 - PlaylistPlayer.2040306023080885 - DEBUG - Intentando con comando dumpsys (1): adb -s 2040306023080885 shell dumpsys activity top
2025-05-19 18:43:15,395 - Worker-20403060 - PlaylistPlayer.2040306023080885 - WARNING - Spotify NO parece estar en primer plano según dumpsys.
2025-05-19 18:43:15,395 - Worker-20403060 - PlaylistPlayer.2040306023080885 - DEBUG - Capturando pantalla en C:\Users\def\Documents\OTWMusicSystem_Final\OTWMusicSystem_Final\otw_project\OTW_MUSIC_SYSTEM\screenshots\2040306023080885\spotify_not_foreground_screenshot_2040306023080885_20250519_184315395718.png
2025-05-19 18:43:16,025 - Worker-20403060 - PlaylistPlayer.2040306023080885 - INFO - Captura de pantalla guardada: C:\Users\def\Documents\OTWMusicSystem_Final\OTWMusicSystem_Final\otw_project\OTW_MUSIC_SYSTEM\screenshots\2040306023080885\spotify_not_foreground_screenshot_2040306023080885_20250519_184315395718.png
2025-05-19 18:43:16,025 - Worker-20403060 - PlaylistPlayer.2040306023080885 - WARNING - Spotify no detectado en primer plano después de abrir https://open.spotify.com/track/5or9LcgUYTjivDDoc7oTV9?si=cbe4827b93674048.
2025-05-19 18:43:16,026 - Worker-20403060 - PlaylistPlayer.2040306023080885 - DEBUG - Capturando pantalla en C:\Users\def\Documents\OTWMusicSystem_Final\OTWMusicSystem_Final\otw_project\OTW_MUSIC_SYSTEM\screenshots\2040306023080885\spotify_not_fg_after_open_5or9LcgUYTjivDDoc7oTV9?si=cbe4827b93674048_screenshot_2040306023080885_20250519_184316026183.png
2025-05-19 18:43:16,662 - Worker-20403060 - PlaylistPlayer.2040306023080885 - ERROR - Error al capturar pantalla: [Errno 22] Invalid argument: 'C:\\Users\\def\\Documents\\OTWMusicSystem_Final\\OTWMusicSystem_Final\\otw_project\\OTW_MUSIC_SYSTEM\\screenshots\\2040306023080885\\spotify_not_fg_after_open_5or9LcgUYTjivDDoc7oTV9?si=cbe4827b93674048_screenshot_2040306023080885_20250519_184316026183.png'
2025-05-19 18:43:16,662 - Worker-20403060 - PlaylistPlayer.2040306023080885 - INFO - Pausa antes de reintentar apertura de URL debido a no foreground (4.6s).
2025-05-19 18:43:23,315 - Worker-20403060 - PlaylistPlayer.2040306023080885 - INFO - Intentando abrir URL: https://open.spotify.com/track/5or9LcgUYTjivDDoc7oTV9?si=cbe4827b93674048 (Intento 3/3)
2025-05-19 18:43:23,315 - Worker-20403060 - PlaylistPlayer.2040306023080885 - DEBUG - Forzando detención de Spotify (com.spotify.music) antes de abrir URL.
2025-05-19 18:43:24,344 - Worker-20403060 - PlaylistPlayer.2040306023080885 - DEBUG - Presionando HOME.
2025-05-19 18:43:26,607 - Worker-20403060 - PlaylistPlayer.2040306023080885 - DEBUG - Ejecutando ADB intent para URL: https://open.spotify.com/track/5or9LcgUYTjivDDoc7oTV9?si=cbe4827b93674048
2025-05-19 18:43:28,054 - Worker-20403060 - PlaylistPlayer.2040306023080885 - DEBUG - Resultado ADB 'am start': stdout='Starting: Intent { act=android.intent.action.VIEW dat=https://open.spotify.com/... flg=0x10008000 }', stderr=''
2025-05-19 18:43:29,621 - Worker-20403060 - PlaylistPlayer.2040306023080885 - DEBUG - Esperando que la app se abra y estabilice (5-8s)...
2025-05-19 18:43:35,340 - Worker-20403060 - PlaylistPlayer.2040306023080885 - DEBUG - Verificando diálogo 'Abrir con'...
2025-05-19 18:43:40,588 - Worker-20403060 - PlaylistPlayer.2040306023080885 - INFO - Diálogo 'Abrir con' o similar detectado.
2025-05-19 18:43:40,589 - Worker-20403060 - PlaylistPlayer.2040306023080885 - DEBUG - Capturando pantalla en C:\Users\def\Documents\OTWMusicSystem_Final\OTWMusicSystem_Final\otw_project\OTW_MUSIC_SYSTEM\screenshots\2040306023080885\open_with_dialog_screenshot_2040306023080885_20250519_184340588527.png
2025-05-19 18:43:41,180 - Worker-20403060 - PlaylistPlayer.2040306023080885 - INFO - Captura de pantalla guardada: C:\Users\def\Documents\OTWMusicSystem_Final\OTWMusicSystem_Final\otw_project\OTW_MUSIC_SYSTEM\screenshots\2040306023080885\open_with_dialog_screenshot_2040306023080885_20250519_184340588527.png
2025-05-19 18:43:46,212 - Worker-20403060 - PlaylistPlayer.2040306023080885 - INFO - Clickeado 'Spotify (general)' en diálogo 'Abrir con'.
2025-05-19 18:43:58,584 - Worker-20403060 - PlaylistPlayer.2040306023080885 - INFO - Spotify seleccionado en chooser, pero botón de confirmación no encontrado/clickeado.
2025-05-19 18:43:58,584 - Worker-20403060 - PlaylistPlayer.2040306023080885 - INFO - Diálogo 'Abrir con' manejado. Esperando un poco más (2-4s)...
2025-05-19 18:44:01,515 - Worker-20403060 - PlaylistPlayer.2040306023080885 - DEBUG - Verificando si Spotify está en primer plano...
2025-05-19 18:44:01,515 - Worker-20403060 - PlaylistPlayer.2040306023080885 - DEBUG - Intentando con comando dumpsys (1): adb -s 2040306023080885 shell dumpsys activity top
2025-05-19 18:44:01,740 - Worker-20403060 - PlaylistPlayer.2040306023080885 - WARNING - Spotify NO parece estar en primer plano según dumpsys.
2025-05-19 18:44:01,741 - Worker-20403060 - PlaylistPlayer.2040306023080885 - DEBUG - Capturando pantalla en C:\Users\def\Documents\OTWMusicSystem_Final\OTWMusicSystem_Final\otw_project\OTW_MUSIC_SYSTEM\screenshots\2040306023080885\spotify_not_foreground_screenshot_2040306023080885_20250519_184401740678.png
2025-05-19 18:44:02,354 - Worker-20403060 - PlaylistPlayer.2040306023080885 - INFO - Captura de pantalla guardada: C:\Users\def\Documents\OTWMusicSystem_Final\OTWMusicSystem_Final\otw_project\OTW_MUSIC_SYSTEM\screenshots\2040306023080885\spotify_not_foreground_screenshot_2040306023080885_20250519_184401740678.png
2025-05-19 18:44:02,354 - Worker-20403060 - PlaylistPlayer.2040306023080885 - WARNING - Spotify no detectado en primer plano después de abrir https://open.spotify.com/track/5or9LcgUYTjivDDoc7oTV9?si=cbe4827b93674048.
2025-05-19 18:44:02,354 - Worker-20403060 - PlaylistPlayer.2040306023080885 - DEBUG - Capturando pantalla en C:\Users\def\Documents\OTWMusicSystem_Final\OTWMusicSystem_Final\otw_project\OTW_MUSIC_SYSTEM\screenshots\2040306023080885\spotify_not_fg_after_open_5or9LcgUYTjivDDoc7oTV9?si=cbe4827b93674048_screenshot_2040306023080885_20250519_184402354392.png
2025-05-19 18:44:02,983 - Worker-20403060 - PlaylistPlayer.2040306023080885 - ERROR - Error al capturar pantalla: [Errno 22] Invalid argument: 'C:\\Users\\def\\Documents\\OTWMusicSystem_Final\\OTWMusicSystem_Final\\otw_project\\OTW_MUSIC_SYSTEM\\screenshots\\2040306023080885\\spotify_not_fg_after_open_5or9LcgUYTjivDDoc7oTV9?si=cbe4827b93674048_screenshot_2040306023080885_20250519_184402354392.png'
2025-05-19 18:44:02,984 - Worker-20403060 - PlaylistPlayer.2040306023080885 - INFO - Pausa antes de reintentar apertura de URL debido a no foreground (4.9s).
2025-05-19 18:44:08,755 - Worker-20403060 - PlaylistPlayer.2040306023080885 - INFO - Intentando abrir URL: https://open.spotify.com/track/5or9LcgUYTjivDDoc7oTV9?si=cbe4827b93674048 (Intento 4/3)
2025-05-19 18:44:08,755 - Worker-20403060 - PlaylistPlayer.2040306023080885 - ERROR - Máximos reintentos (3) alcanzados para abrir URL https://open.spotify.com/track/5or9LcgUYTjivDDoc7oTV9?si=cbe4827b93674048
2025-05-19 18:44:08,755 - Worker-20403060 - PlaylistPlayer.2040306023080885 - DEBUG - Capturando pantalla en C:\Users\def\Documents\OTWMusicSystem_Final\OTWMusicSystem_Final\otw_project\OTW_MUSIC_SYSTEM\screenshots\2040306023080885\open_url_max_retries_fail_5or9LcgUYTjivDDoc7oTV9?si=cbe4827b93674048_screenshot_2040306023080885_20250519_184408755029.png
2025-05-19 18:44:09,539 - Worker-20403060 - PlaylistPlayer.2040306023080885 - ERROR - Error al capturar pantalla: [Errno 22] Invalid argument: 'C:\\Users\\def\\Documents\\OTWMusicSystem_Final\\OTWMusicSystem_Final\\otw_project\\OTW_MUSIC_SYSTEM\\screenshots\\2040306023080885\\open_url_max_retries_fail_5or9LcgUYTjivDDoc7oTV9?si=cbe4827b93674048_screenshot_2040306023080885_20250519_184408755029.png'
2025-05-19 18:44:09,539 - Worker-20403060 - PlaylistPlayer.2040306023080885 - ERROR - No se pudo abrir el track https://open.spotify.com/track/5or9LcgUYTjivDDoc7oTV9?si=cbe4827b93674048. Terminando interacción.
2025-05-19 18:44:09,539 - Worker-20403060 - PlaylistPlayer.2040306023080885 - INFO - Sesión #4 completada. Pausa de 12.7s.
2025-05-19 18:44:22,273 - Worker-20403060 - PlaylistPlayer.2040306023080885 - INFO - --- Iniciando Sesión de Interacción #5 ---
2025-05-19 18:44:22,273 - Worker-20403060 - PlaylistPlayer.2040306023080885 - INFO - Selección: Link (track) -> https://open.spotify.com/track/71Urz9JmYoaedvlo76DHY7?si=12838fe90f0f44da
2025-05-19 18:44:22,273 - Worker-20403060 - PlaylistPlayer.2040306023080885 - INFO - Iniciando interacción con TRACK: https://open.spotify.com/track/71Urz9JmYoaedvlo76DHY7?si=12838fe90f0f44da
2025-05-19 18:44:22,273 - Worker-20403060 - PlaylistPlayer.2040306023080885 - INFO - Intentando abrir URL: https://open.spotify.com/track/71Urz9JmYoaedvlo76DHY7?si=12838fe90f0f44da (Intento 1/3)
2025-05-19 18:44:22,273 - Worker-20403060 - PlaylistPlayer.2040306023080885 - DEBUG - Forzando detención de Spotify (com.spotify.music) antes de abrir URL.
2025-05-19 18:44:23,498 - Worker-20403060 - PlaylistPlayer.2040306023080885 - DEBUG - Presionando HOME.
2025-05-19 18:44:26,098 - Worker-20403060 - PlaylistPlayer.2040306023080885 - DEBUG - Ejecutando ADB intent para URL: https://open.spotify.com/track/71Urz9JmYoaedvlo76DHY7?si=12838fe90f0f44da
2025-05-19 18:44:27,703 - Worker-20403060 - PlaylistPlayer.2040306023080885 - DEBUG - Resultado ADB 'am start': stdout='Starting: Intent { act=android.intent.action.VIEW dat=https://open.spotify.com/... flg=0x10008000 }', stderr=''
2025-05-19 18:44:30,142 - Worker-20403060 - PlaylistPlayer.2040306023080885 - DEBUG - Esperando que la app se abra y estabilice (5-8s)...
2025-05-19 18:44:36,648 - Worker-20403060 - PlaylistPlayer.2040306023080885 - DEBUG - Verificando diálogo 'Abrir con'...
2025-05-19 18:44:41,828 - Worker-20403060 - PlaylistPlayer.2040306023080885 - INFO - Diálogo 'Abrir con' o similar detectado.
2025-05-19 18:44:41,828 - Worker-20403060 - PlaylistPlayer.2040306023080885 - DEBUG - Capturando pantalla en C:\Users\def\Documents\OTWMusicSystem_Final\OTWMusicSystem_Final\otw_project\OTW_MUSIC_SYSTEM\screenshots\2040306023080885\open_with_dialog_screenshot_2040306023080885_20250519_184441828345.png
2025-05-19 18:44:42,452 - Worker-20403060 - PlaylistPlayer.2040306023080885 - INFO - Captura de pantalla guardada: C:\Users\def\Documents\OTWMusicSystem_Final\OTWMusicSystem_Final\otw_project\OTW_MUSIC_SYSTEM\screenshots\2040306023080885\open_with_dialog_screenshot_2040306023080885_20250519_184441828345.png
2025-05-19 18:44:47,915 - Worker-20403060 - PlaylistPlayer.2040306023080885 - INFO - Clickeado 'Spotify (general)' en diálogo 'Abrir con'.
2025-05-19 18:45:00,901 - Worker-20403060 - PlaylistPlayer.2040306023080885 - INFO - Spotify seleccionado en chooser, pero botón de confirmación no encontrado/clickeado.
2025-05-19 18:45:00,901 - Worker-20403060 - PlaylistPlayer.2040306023080885 - INFO - Diálogo 'Abrir con' manejado. Esperando un poco más (2-4s)...
