2025-05-22 02:05:51,325 - Worker-20403060 - PlaylistPlayer.2040306023080885 - INFO - Worker thread INICIADO. Logs en: C:\Users\def\Documents\OTWMusicSystem_Final\OTWMusicSystem_Final\otw_project\OTW_MUSIC_SYSTEM\logs\2040306023080885\playlist_player_20250522_020551.log
2025-05-22 02:05:51,326 - Worker-20403060 - PlaylistPlayer.2040306023080885 - INFO - Personalidad Creada (SLOW_MODE_FACTOR=1.75):
  TotalSessionDur: [45-150]m
  InitPlaylistDur: [30-120]m
  ArtistPlayDur: [10-30]m, Songs: [3-6]
  TrackSessionDur: [25-70]m, SingleTrack: [65-135]s
  Probs: LikePlaylist=0.80, Shuffle=0.94, SwitchPlaylist=0.44
  VisitArtist=0.65, FollowArtist=0.90, ExploreTracks=0.44, Search=0.13
2025-05-22 02:05:51,329 - Worker-20403060 - PlaylistPlayer.2040306023080885 - INFO - Conectando uiautomator2 (intento 1/3)...
2025-05-22 02:05:55,180 - Worker-20403060 - PlaylistPlayer.2040306023080885 - INFO - Conectado (Device: Studio_X5_Max, Android: N/A).
2025-05-22 02:05:55,506 - Worker-20403060 - PlaylistPlayer.2040306023080885 - INFO - Spotify (com.spotify.music v8.9.60.560) instalado.
2025-05-22 02:05:55,507 - Worker-20403060 - PlaylistPlayer.2040306023080885 - INFO - Setup inicial (kill Spotify, home).
2025-05-22 02:05:55,508 - Worker-20403060 - PlaylistPlayer.2040306023080885 - WARNING - Advertencia setup inicial: 'Device' object has no attribute 'app_kill'
2025-05-22 02:05:55,509 - Worker-20403060 - PlaylistPlayer.2040306023080885 - DEBUG - Capturando pantalla en C:\Users\def\Documents\OTWMusicSystem_Final\OTWMusicSystem_Final\otw_project\OTW_MUSIC_SYSTEM\screenshots\2040306023080885\init_setup_warn_screenshot_2040306023080885_20250522_020555508966.png
2025-05-22 02:05:56,510 - Worker-20403060 - PlaylistPlayer.2040306023080885 - INFO - Captura de pantalla guardada: C:\Users\def\Documents\OTWMusicSystem_Final\OTWMusicSystem_Final\otw_project\OTW_MUSIC_SYSTEM\screenshots\2040306023080885\init_setup_warn_screenshot_2040306023080885_20250522_020555508966.png
2025-05-22 02:05:56,510 - Worker-20403060 - PlaylistPlayer.2040306023080885 - INFO - --- Iniciando GRAN SESIÓN DE ESCUCHA #1 (Duración objetivo: ~118.0 min) ---
2025-05-22 02:05:56,511 - Worker-20403060 - PlaylistPlayer.2040306023080885 - INFO - Fase 1: Reproducción de Playlist Inicial Larga.
2025-05-22 02:05:56,511 - Worker-20403060 - PlaylistPlayer.2040306023080885 - INFO - Iniciando PLAYLIST: https://open.spotify.com/playlist/3h6pIE4rE6z8OyxNMOqW8t?si=H8FB0OalRKGjeMjEXVgSJw por ~33 min.
2025-05-22 02:05:56,511 - Worker-20403060 - PlaylistPlayer.2040306023080885 - INFO - Intentando abrir URL: https://open.spotify.com/playlist/3h6pIE4rE6z8OyxNMOqW8t?si=H8FB0OalRKGjeMjEXVgSJw (Intento 1/3)
2025-05-22 02:05:56,512 - Worker-20403060 - PlaylistPlayer.2040306023080885 - DEBUG - Forzando detención de Spotify (com.spotify.music).
2025-05-22 02:05:58,623 - Worker-20403060 - PlaylistPlayer.2040306023080885 - DEBUG - Presionando HOME.
2025-05-22 02:06:00,686 - Worker-20403060 - PlaylistPlayer.2040306023080885 - DEBUG - Ejecutando ADB intent para URL: https://open.spotify.com/playlist/3h6pIE4rE6z8OyxNMOqW8t?si=H8FB0OalRKGjeMjEXVgSJw
2025-05-22 02:06:02,815 - Worker-20403060 - PlaylistPlayer.2040306023080885 - DEBUG - Resultado ADB: stdout='Starting: Intent { act=android.intent.action.VIEW dat=https://open.spotify.com/... flg=0x10008000 }', stderr=''
2025-05-22 02:06:05,430 - Worker-20403060 - PlaylistPlayer.2040306023080885 - DEBUG - Esperando app estabilice...
2025-05-22 02:06:15,678 - Worker-20403060 - PlaylistPlayer.2040306023080885 - DEBUG - Verificando diálogo 'Abrir con'...
2025-05-22 02:06:21,306 - Worker-20403060 - PlaylistPlayer.2040306023080885 - INFO - Diálogo 'Abrir con' o similar detectado.
2025-05-22 02:06:21,307 - Worker-20403060 - PlaylistPlayer.2040306023080885 - DEBUG - Capturando pantalla en C:\Users\def\Documents\OTWMusicSystem_Final\OTWMusicSystem_Final\otw_project\OTW_MUSIC_SYSTEM\screenshots\2040306023080885\open_with_dialog_screenshot_2040306023080885_20250522_020621307309.png
2025-05-22 02:06:22,450 - Worker-20403060 - PlaylistPlayer.2040306023080885 - INFO - Captura de pantalla guardada: C:\Users\def\Documents\OTWMusicSystem_Final\OTWMusicSystem_Final\otw_project\OTW_MUSIC_SYSTEM\screenshots\2040306023080885\open_with_dialog_screenshot_2040306023080885_20250522_020621307309.png
2025-05-22 02:06:28,767 - Worker-20403060 - PlaylistPlayer.2040306023080885 - INFO - Clickeado 'Spotify (general)'.
2025-05-22 02:06:48,779 - Worker-20403060 - PlaylistPlayer.2040306023080885 - INFO - Spotify seleccionado, pero botón confirmación no encontrado/clickeado.
2025-05-22 02:06:48,780 - Worker-20403060 - PlaylistPlayer.2040306023080885 - INFO - Diálogo 'Abrir con' manejado.
2025-05-22 02:06:53,342 - Worker-20403060 - PlaylistPlayer.2040306023080885 - DEBUG - Verificando si Spotify está en primer plano...
2025-05-22 02:06:53,342 - Worker-20403060 - PlaylistPlayer.2040306023080885 - DEBUG - Intentando con comando dumpsys (1): adb -s 2040306023080885 shell dumpsys activity top
2025-05-22 02:06:53,746 - Worker-20403060 - PlaylistPlayer.2040306023080885 - WARNING - Spotify NO parece estar en primer plano.
2025-05-22 02:06:53,747 - Worker-20403060 - PlaylistPlayer.2040306023080885 - DEBUG - Capturando pantalla en C:\Users\def\Documents\OTWMusicSystem_Final\OTWMusicSystem_Final\otw_project\OTW_MUSIC_SYSTEM\screenshots\2040306023080885\spotify_not_foreground_screenshot_2040306023080885_20250522_020653746556.png
2025-05-22 02:06:54,408 - Worker-20403060 - PlaylistPlayer.2040306023080885 - INFO - Captura de pantalla guardada: C:\Users\def\Documents\OTWMusicSystem_Final\OTWMusicSystem_Final\otw_project\OTW_MUSIC_SYSTEM\screenshots\2040306023080885\spotify_not_foreground_screenshot_2040306023080885_20250522_020653746556.png
2025-05-22 02:06:54,408 - Worker-20403060 - PlaylistPlayer.2040306023080885 - WARNING - Spotify no en primer plano tras abrir https://open.spotify.com/playlist/3h6pIE4rE6z8OyxNMOqW8t?si=H8FB0OalRKGjeMjEXVgSJw.
2025-05-22 02:06:54,409 - Worker-20403060 - PlaylistPlayer.2040306023080885 - DEBUG - Capturando pantalla en C:\Users\def\Documents\OTWMusicSystem_Final\OTWMusicSystem_Final\otw_project\OTW_MUSIC_SYSTEM\screenshots\2040306023080885\spotify_not_fg_screenshot_2040306023080885_20250522_020654408716.png
2025-05-22 02:06:55,035 - Worker-20403060 - PlaylistPlayer.2040306023080885 - INFO - Captura de pantalla guardada: C:\Users\def\Documents\OTWMusicSystem_Final\OTWMusicSystem_Final\otw_project\OTW_MUSIC_SYSTEM\screenshots\2040306023080885\spotify_not_fg_screenshot_2040306023080885_20250522_020654408716.png
2025-05-22 02:07:04,101 - Worker-20403060 - PlaylistPlayer.2040306023080885 - INFO - Intentando abrir URL: https://open.spotify.com/playlist/3h6pIE4rE6z8OyxNMOqW8t?si=H8FB0OalRKGjeMjEXVgSJw (Intento 2/3)
2025-05-22 02:07:04,102 - Worker-20403060 - PlaylistPlayer.2040306023080885 - DEBUG - Forzando detención de Spotify (com.spotify.music).
2025-05-22 02:07:06,378 - Worker-20403060 - PlaylistPlayer.2040306023080885 - DEBUG - Presionando HOME.
2025-05-22 02:07:08,968 - Worker-20403060 - PlaylistPlayer.2040306023080885 - DEBUG - Ejecutando ADB intent para URL: https://open.spotify.com/playlist/3h6pIE4rE6z8OyxNMOqW8t?si=H8FB0OalRKGjeMjEXVgSJw
2025-05-22 02:07:11,498 - Worker-20403060 - PlaylistPlayer.2040306023080885 - DEBUG - Resultado ADB: stdout='Starting: Intent { act=android.intent.action.VIEW dat=https://open.spotify.com/... flg=0x10008000 }', stderr=''
2025-05-22 02:07:14,029 - Worker-20403060 - PlaylistPlayer.2040306023080885 - DEBUG - Esperando app estabilice...
2025-05-22 02:07:26,628 - Worker-20403060 - PlaylistPlayer.2040306023080885 - DEBUG - Verificando diálogo 'Abrir con'...
2025-05-22 02:07:31,777 - Worker-20403060 - PlaylistPlayer.2040306023080885 - INFO - Diálogo 'Abrir con' o similar detectado.
2025-05-22 02:07:31,777 - Worker-20403060 - PlaylistPlayer.2040306023080885 - DEBUG - Capturando pantalla en C:\Users\def\Documents\OTWMusicSystem_Final\OTWMusicSystem_Final\otw_project\OTW_MUSIC_SYSTEM\screenshots\2040306023080885\open_with_dialog_screenshot_2040306023080885_20250522_020731777416.png
2025-05-22 02:07:32,676 - Worker-20403060 - PlaylistPlayer.2040306023080885 - INFO - Captura de pantalla guardada: C:\Users\def\Documents\OTWMusicSystem_Final\OTWMusicSystem_Final\otw_project\OTW_MUSIC_SYSTEM\screenshots\2040306023080885\open_with_dialog_screenshot_2040306023080885_20250522_020731777416.png
2025-05-22 02:07:39,695 - Worker-20403060 - PlaylistPlayer.2040306023080885 - INFO - Clickeado 'Spotify (general)'.
2025-05-22 02:08:00,416 - Worker-20403060 - PlaylistPlayer.2040306023080885 - INFO - Spotify seleccionado, pero botón confirmación no encontrado/clickeado.
2025-05-22 02:08:00,416 - Worker-20403060 - PlaylistPlayer.2040306023080885 - INFO - Diálogo 'Abrir con' manejado.
2025-05-22 02:08:04,103 - Worker-20403060 - PlaylistPlayer.2040306023080885 - DEBUG - Verificando si Spotify está en primer plano...
2025-05-22 02:08:04,103 - Worker-20403060 - PlaylistPlayer.2040306023080885 - DEBUG - Intentando con comando dumpsys (1): adb -s 2040306023080885 shell dumpsys activity top
2025-05-22 02:08:04,612 - Worker-20403060 - PlaylistPlayer.2040306023080885 - WARNING - Spotify NO parece estar en primer plano.
2025-05-22 02:08:04,613 - Worker-20403060 - PlaylistPlayer.2040306023080885 - DEBUG - Capturando pantalla en C:\Users\def\Documents\OTWMusicSystem_Final\OTWMusicSystem_Final\otw_project\OTW_MUSIC_SYSTEM\screenshots\2040306023080885\spotify_not_foreground_screenshot_2040306023080885_20250522_020804613390.png
2025-05-22 02:08:05,377 - Worker-20403060 - PlaylistPlayer.2040306023080885 - INFO - Captura de pantalla guardada: C:\Users\def\Documents\OTWMusicSystem_Final\OTWMusicSystem_Final\otw_project\OTW_MUSIC_SYSTEM\screenshots\2040306023080885\spotify_not_foreground_screenshot_2040306023080885_20250522_020804613390.png
2025-05-22 02:08:05,377 - Worker-20403060 - PlaylistPlayer.2040306023080885 - WARNING - Spotify no en primer plano tras abrir https://open.spotify.com/playlist/3h6pIE4rE6z8OyxNMOqW8t?si=H8FB0OalRKGjeMjEXVgSJw.
2025-05-22 02:08:05,377 - Worker-20403060 - PlaylistPlayer.2040306023080885 - DEBUG - Capturando pantalla en C:\Users\def\Documents\OTWMusicSystem_Final\OTWMusicSystem_Final\otw_project\OTW_MUSIC_SYSTEM\screenshots\2040306023080885\spotify_not_fg_screenshot_2040306023080885_20250522_020805377229.png
2025-05-22 02:08:06,066 - Worker-20403060 - PlaylistPlayer.2040306023080885 - INFO - Captura de pantalla guardada: C:\Users\def\Documents\OTWMusicSystem_Final\OTWMusicSystem_Final\otw_project\OTW_MUSIC_SYSTEM\screenshots\2040306023080885\spotify_not_fg_screenshot_2040306023080885_20250522_020805377229.png
2025-05-22 02:08:15,670 - Worker-20403060 - PlaylistPlayer.2040306023080885 - INFO - Intentando abrir URL: https://open.spotify.com/playlist/3h6pIE4rE6z8OyxNMOqW8t?si=H8FB0OalRKGjeMjEXVgSJw (Intento 3/3)
2025-05-22 02:08:15,671 - Worker-20403060 - PlaylistPlayer.2040306023080885 - DEBUG - Forzando detención de Spotify (com.spotify.music).
2025-05-22 02:08:17,527 - Worker-20403060 - PlaylistPlayer.2040306023080885 - DEBUG - Presionando HOME.
2025-05-22 02:08:21,025 - Worker-20403060 - PlaylistPlayer.2040306023080885 - DEBUG - Ejecutando ADB intent para URL: https://open.spotify.com/playlist/3h6pIE4rE6z8OyxNMOqW8t?si=H8FB0OalRKGjeMjEXVgSJw
2025-05-22 02:08:24,652 - Worker-20403060 - PlaylistPlayer.2040306023080885 - DEBUG - Resultado ADB: stdout='Starting: Intent { act=android.intent.action.VIEW dat=https://open.spotify.com/... flg=0x10008000 }', stderr=''
2025-05-22 02:08:28,525 - Worker-20403060 - PlaylistPlayer.2040306023080885 - DEBUG - Esperando app estabilice...
2025-05-22 02:08:39,844 - Worker-20403060 - PlaylistPlayer.2040306023080885 - DEBUG - Verificando diálogo 'Abrir con'...
2025-05-22 02:08:45,380 - Worker-20403060 - PlaylistPlayer.2040306023080885 - INFO - Diálogo 'Abrir con' o similar detectado.
2025-05-22 02:08:45,380 - Worker-20403060 - PlaylistPlayer.2040306023080885 - DEBUG - Capturando pantalla en C:\Users\def\Documents\OTWMusicSystem_Final\OTWMusicSystem_Final\otw_project\OTW_MUSIC_SYSTEM\screenshots\2040306023080885\open_with_dialog_screenshot_2040306023080885_20250522_020845380925.png
2025-05-22 02:08:46,331 - Worker-20403060 - PlaylistPlayer.2040306023080885 - INFO - Captura de pantalla guardada: C:\Users\def\Documents\OTWMusicSystem_Final\OTWMusicSystem_Final\otw_project\OTW_MUSIC_SYSTEM\screenshots\2040306023080885\open_with_dialog_screenshot_2040306023080885_20250522_020845380925.png
