2025-05-19 18:55:11,521 - Worker-20403060 - PlaylistPlayer.2040306023080885 - INFO - Worker thread INICIADO. Logs en: C:\Users\def\Documents\OTWMusicSystem_Final\OTWMusicSystem_Final\otw_project\OTW_MUSIC_SYSTEM\logs\2040306023080885\playlist_player_20250519_185511.log
2025-05-19 18:55:11,522 - Worker-20403060 - PlaylistPlayer.2040306023080885 - INFO - Personalidad Creada (SLOW_MODE_FACTOR=1.75): ShortTimeout=13.0s, ActionDelay=[8.2-19.1]s, ShortPause=[32.7-50.5]s, MinTrackT=62s, MaxTrackT=155s, MinContentT=4m, MaxContentT=6m
2025-05-19 18:55:11,523 - Worker-20403060 - PlaylistPlayer.2040306023080885 - INFO - Intentando conectar a uiautomator2 (intento 1/3)...
2025-05-19 18:55:14,548 - Worker-20403060 - PlaylistPlayer.2040306023080885 - INFO - Conectado (Device: Studio_X5_Max, Android: N/A).
2025-05-19 18:55:15,018 - Worker-20403060 - PlaylistPlayer.2040306023080885 - INFO - Spotify (com.spotify.music v9.0.24.601) está instalado.
2025-05-19 18:55:15,018 - Worker-20403060 - PlaylistPlayer.2040306023080885 - INFO - Configuración inicial (kill Spotify y volver a Home).
2025-05-19 18:55:15,018 - Worker-20403060 - PlaylistPlayer.2040306023080885 - WARNING - Advertencia durante configuración inicial: 'Device' object has no attribute 'app_kill'
2025-05-19 18:55:15,018 - Worker-20403060 - PlaylistPlayer.2040306023080885 - DEBUG - Capturando pantalla en C:\Users\def\Documents\OTWMusicSystem_Final\OTWMusicSystem_Final\otw_project\OTW_MUSIC_SYSTEM\screenshots\2040306023080885\initial_setup_warn_screenshot_2040306023080885_20250519_185515018724.png
2025-05-19 18:55:16,961 - Worker-20403060 - PlaylistPlayer.2040306023080885 - INFO - Captura de pantalla guardada: C:\Users\def\Documents\OTWMusicSystem_Final\OTWMusicSystem_Final\otw_project\OTW_MUSIC_SYSTEM\screenshots\2040306023080885\initial_setup_warn_screenshot_2040306023080885_20250519_185515018724.png
2025-05-19 18:55:16,961 - Worker-20403060 - PlaylistPlayer.2040306023080885 - INFO - --- Iniciando Sesión de Interacción #1 ---
2025-05-19 18:55:16,961 - Worker-20403060 - PlaylistPlayer.2040306023080885 - INFO - Selección: Link (track) -> https://open.spotify.com/track/4s097BVg9TQhmCkqrnZYG2?si=7fbb5ef27032407e
2025-05-19 18:55:16,961 - Worker-20403060 - PlaylistPlayer.2040306023080885 - INFO - Iniciando interacción con TRACK: https://open.spotify.com/track/4s097BVg9TQhmCkqrnZYG2?si=7fbb5ef27032407e
2025-05-19 18:55:16,962 - Worker-20403060 - PlaylistPlayer.2040306023080885 - INFO - Intentando abrir URL: https://open.spotify.com/track/4s097BVg9TQhmCkqrnZYG2?si=7fbb5ef27032407e (Intento 1/3)
2025-05-19 18:55:16,962 - Worker-20403060 - PlaylistPlayer.2040306023080885 - DEBUG - Forzando detención de Spotify (com.spotify.music) antes de abrir URL.
2025-05-19 18:55:18,917 - Worker-20403060 - PlaylistPlayer.2040306023080885 - DEBUG - Presionando HOME.
2025-05-19 18:55:21,492 - Worker-20403060 - PlaylistPlayer.2040306023080885 - DEBUG - Ejecutando ADB intent para URL: https://open.spotify.com/track/4s097BVg9TQhmCkqrnZYG2?si=7fbb5ef27032407e
2025-05-19 18:55:24,589 - Worker-20403060 - PlaylistPlayer.2040306023080885 - DEBUG - Resultado ADB 'am start': stdout='Starting: Intent { act=android.intent.action.VIEW dat=https://open.spotify.com/... flg=0x10008000 }', stderr=''
2025-05-19 18:55:28,959 - Worker-20403060 - PlaylistPlayer.2040306023080885 - DEBUG - Esperando que la app se abra y estabilice...
2025-05-19 18:55:40,038 - Worker-20403060 - PlaylistPlayer.2040306023080885 - DEBUG - Verificando diálogo 'Abrir con'...
2025-05-19 18:55:45,507 - Worker-20403060 - PlaylistPlayer.2040306023080885 - INFO - Diálogo 'Abrir con' o similar detectado.
2025-05-19 18:55:45,508 - Worker-20403060 - PlaylistPlayer.2040306023080885 - DEBUG - Capturando pantalla en C:\Users\def\Documents\OTWMusicSystem_Final\OTWMusicSystem_Final\otw_project\OTW_MUSIC_SYSTEM\screenshots\2040306023080885\open_with_dialog_screenshot_2040306023080885_20250519_185545507936.png
2025-05-19 18:55:46,112 - Worker-20403060 - PlaylistPlayer.2040306023080885 - INFO - Captura de pantalla guardada: C:\Users\def\Documents\OTWMusicSystem_Final\OTWMusicSystem_Final\otw_project\OTW_MUSIC_SYSTEM\screenshots\2040306023080885\open_with_dialog_screenshot_2040306023080885_20250519_185545507936.png
2025-05-19 18:55:51,693 - Worker-20403060 - PlaylistPlayer.2040306023080885 - INFO - Clickeado 'Spotify (general)' en diálogo 'Abrir con'.
2025-05-19 18:56:05,877 - Worker-20403060 - PlaylistPlayer.2040306023080885 - INFO - Spotify seleccionado en chooser, pero botón de confirmación no encontrado/clickeado.
2025-05-19 18:56:05,877 - Worker-20403060 - PlaylistPlayer.2040306023080885 - INFO - Diálogo 'Abrir con' manejado. Esperando un poco más...
2025-05-19 18:56:11,862 - Worker-20403060 - PlaylistPlayer.2040306023080885 - DEBUG - Verificando si Spotify está en primer plano...
2025-05-19 18:56:11,862 - Worker-20403060 - PlaylistPlayer.2040306023080885 - DEBUG - Intentando con comando dumpsys (1): adb -s 2040306023080885 shell dumpsys activity top
2025-05-19 18:56:12,296 - Worker-20403060 - PlaylistPlayer.2040306023080885 - WARNING - Spotify NO parece estar en primer plano según dumpsys.
2025-05-19 18:56:12,296 - Worker-20403060 - PlaylistPlayer.2040306023080885 - DEBUG - Capturando pantalla en C:\Users\def\Documents\OTWMusicSystem_Final\OTWMusicSystem_Final\otw_project\OTW_MUSIC_SYSTEM\screenshots\2040306023080885\spotify_not_foreground_screenshot_2040306023080885_20250519_185612296676.png
2025-05-19 18:56:12,891 - Worker-20403060 - PlaylistPlayer.2040306023080885 - INFO - Captura de pantalla guardada: C:\Users\def\Documents\OTWMusicSystem_Final\OTWMusicSystem_Final\otw_project\OTW_MUSIC_SYSTEM\screenshots\2040306023080885\spotify_not_foreground_screenshot_2040306023080885_20250519_185612296676.png
2025-05-19 18:56:12,891 - Worker-20403060 - PlaylistPlayer.2040306023080885 - WARNING - Spotify no detectado en primer plano después de abrir https://open.spotify.com/track/4s097BVg9TQhmCkqrnZYG2?si=7fbb5ef27032407e.
2025-05-19 18:56:12,892 - Worker-20403060 - PlaylistPlayer.2040306023080885 - DEBUG - Capturando pantalla en C:\Users\def\Documents\OTWMusicSystem_Final\OTWMusicSystem_Final\otw_project\OTW_MUSIC_SYSTEM\screenshots\2040306023080885\spotify_not_fg_after_open_4s097BVg9TQhmCkqrnZYG2?si=7fbb5ef27032407e_screenshot_2040306023080885_20250519_185612892481.png
2025-05-19 18:56:13,440 - Worker-20403060 - PlaylistPlayer.2040306023080885 - ERROR - Error al capturar pantalla: [Errno 22] Invalid argument: 'C:\\Users\\def\\Documents\\OTWMusicSystem_Final\\OTWMusicSystem_Final\\otw_project\\OTW_MUSIC_SYSTEM\\screenshots\\2040306023080885\\spotify_not_fg_after_open_4s097BVg9TQhmCkqrnZYG2?si=7fbb5ef27032407e_screenshot_2040306023080885_20250519_185612892481.png'
2025-05-19 18:56:13,440 - Worker-20403060 - PlaylistPlayer.2040306023080885 - INFO - Pausa antes de reintentar apertura de URL debido a no foreground.
2025-05-19 18:56:22,492 - Worker-20403060 - PlaylistPlayer.2040306023080885 - INFO - Intentando abrir URL: https://open.spotify.com/track/4s097BVg9TQhmCkqrnZYG2?si=7fbb5ef27032407e (Intento 2/3)
2025-05-19 18:56:22,492 - Worker-20403060 - PlaylistPlayer.2040306023080885 - DEBUG - Forzando detención de Spotify (com.spotify.music) antes de abrir URL.
2025-05-19 18:56:24,172 - Worker-20403060 - PlaylistPlayer.2040306023080885 - DEBUG - Presionando HOME.
2025-05-19 18:56:27,921 - Worker-20403060 - PlaylistPlayer.2040306023080885 - DEBUG - Ejecutando ADB intent para URL: https://open.spotify.com/track/4s097BVg9TQhmCkqrnZYG2?si=7fbb5ef27032407e
2025-05-19 18:56:30,641 - Worker-20403060 - PlaylistPlayer.2040306023080885 - DEBUG - Resultado ADB 'am start': stdout='Starting: Intent { act=android.intent.action.VIEW dat=https://open.spotify.com/... flg=0x10008000 }', stderr=''
2025-05-19 18:56:34,893 - Worker-20403060 - PlaylistPlayer.2040306023080885 - DEBUG - Esperando que la app se abra y estabilice...
2025-05-19 18:56:45,946 - Worker-20403060 - PlaylistPlayer.2040306023080885 - DEBUG - Verificando diálogo 'Abrir con'...
2025-05-19 18:56:51,066 - Worker-20403060 - PlaylistPlayer.2040306023080885 - INFO - Diálogo 'Abrir con' o similar detectado.
2025-05-19 18:56:51,067 - Worker-20403060 - PlaylistPlayer.2040306023080885 - DEBUG - Capturando pantalla en C:\Users\def\Documents\OTWMusicSystem_Final\OTWMusicSystem_Final\otw_project\OTW_MUSIC_SYSTEM\screenshots\2040306023080885\open_with_dialog_screenshot_2040306023080885_20250519_185651067134.png
2025-05-19 18:56:51,639 - Worker-20403060 - PlaylistPlayer.2040306023080885 - INFO - Captura de pantalla guardada: C:\Users\def\Documents\OTWMusicSystem_Final\OTWMusicSystem_Final\otw_project\OTW_MUSIC_SYSTEM\screenshots\2040306023080885\open_with_dialog_screenshot_2040306023080885_20250519_185651067134.png
2025-05-19 18:56:58,232 - Worker-20403060 - PlaylistPlayer.2040306023080885 - INFO - Clickeado 'Spotify (general)' en diálogo 'Abrir con'.
2025-05-19 18:57:13,183 - Worker-20403060 - PlaylistPlayer.2040306023080885 - INFO - Spotify seleccionado en chooser, pero botón de confirmación no encontrado/clickeado.
2025-05-19 18:57:13,183 - Worker-20403060 - PlaylistPlayer.2040306023080885 - INFO - Diálogo 'Abrir con' manejado. Esperando un poco más...
2025-05-19 18:57:19,877 - Worker-20403060 - PlaylistPlayer.2040306023080885 - DEBUG - Verificando si Spotify está en primer plano...
2025-05-19 18:57:19,877 - Worker-20403060 - PlaylistPlayer.2040306023080885 - DEBUG - Intentando con comando dumpsys (1): adb -s 2040306023080885 shell dumpsys activity top
2025-05-19 18:57:20,072 - Worker-20403060 - PlaylistPlayer.2040306023080885 - WARNING - Spotify NO parece estar en primer plano según dumpsys.
2025-05-19 18:57:20,073 - Worker-20403060 - PlaylistPlayer.2040306023080885 - DEBUG - Capturando pantalla en C:\Users\def\Documents\OTWMusicSystem_Final\OTWMusicSystem_Final\otw_project\OTW_MUSIC_SYSTEM\screenshots\2040306023080885\spotify_not_foreground_screenshot_2040306023080885_20250519_185720073153.png
2025-05-19 18:57:20,619 - Worker-20403060 - PlaylistPlayer.2040306023080885 - INFO - Captura de pantalla guardada: C:\Users\def\Documents\OTWMusicSystem_Final\OTWMusicSystem_Final\otw_project\OTW_MUSIC_SYSTEM\screenshots\2040306023080885\spotify_not_foreground_screenshot_2040306023080885_20250519_185720073153.png
2025-05-19 18:57:20,619 - Worker-20403060 - PlaylistPlayer.2040306023080885 - WARNING - Spotify no detectado en primer plano después de abrir https://open.spotify.com/track/4s097BVg9TQhmCkqrnZYG2?si=7fbb5ef27032407e.
2025-05-19 18:57:20,620 - Worker-20403060 - PlaylistPlayer.2040306023080885 - DEBUG - Capturando pantalla en C:\Users\def\Documents\OTWMusicSystem_Final\OTWMusicSystem_Final\otw_project\OTW_MUSIC_SYSTEM\screenshots\2040306023080885\spotify_not_fg_after_open_4s097BVg9TQhmCkqrnZYG2?si=7fbb5ef27032407e_screenshot_2040306023080885_20250519_185720620034.png
2025-05-19 18:57:21,182 - Worker-20403060 - PlaylistPlayer.2040306023080885 - ERROR - Error al capturar pantalla: [Errno 22] Invalid argument: 'C:\\Users\\def\\Documents\\OTWMusicSystem_Final\\OTWMusicSystem_Final\\otw_project\\OTW_MUSIC_SYSTEM\\screenshots\\2040306023080885\\spotify_not_fg_after_open_4s097BVg9TQhmCkqrnZYG2?si=7fbb5ef27032407e_screenshot_2040306023080885_20250519_185720620034.png'
2025-05-19 18:57:21,182 - Worker-20403060 - PlaylistPlayer.2040306023080885 - INFO - Pausa antes de reintentar apertura de URL debido a no foreground.
2025-05-19 18:57:31,801 - Worker-20403060 - PlaylistPlayer.2040306023080885 - INFO - Intentando abrir URL: https://open.spotify.com/track/4s097BVg9TQhmCkqrnZYG2?si=7fbb5ef27032407e (Intento 3/3)
2025-05-19 18:57:31,801 - Worker-20403060 - PlaylistPlayer.2040306023080885 - DEBUG - Forzando detención de Spotify (com.spotify.music) antes de abrir URL.
2025-05-19 18:57:33,960 - Worker-20403060 - PlaylistPlayer.2040306023080885 - DEBUG - Presionando HOME.
2025-05-19 18:57:37,346 - Worker-20403060 - PlaylistPlayer.2040306023080885 - DEBUG - Ejecutando ADB intent para URL: https://open.spotify.com/track/4s097BVg9TQhmCkqrnZYG2?si=7fbb5ef27032407e
2025-05-19 18:57:40,109 - Worker-20403060 - PlaylistPlayer.2040306023080885 - DEBUG - Resultado ADB 'am start': stdout='Starting: Intent { act=android.intent.action.VIEW dat=https://open.spotify.com/... flg=0x10008000 }', stderr=''
2025-05-19 18:57:42,378 - Worker-20403060 - PlaylistPlayer.2040306023080885 - DEBUG - Esperando que la app se abra y estabilice...
2025-05-19 18:57:55,116 - Worker-20403060 - PlaylistPlayer.2040306023080885 - DEBUG - Verificando diálogo 'Abrir con'...
2025-05-19 18:58:00,274 - Worker-20403060 - PlaylistPlayer.2040306023080885 - INFO - Diálogo 'Abrir con' o similar detectado.
2025-05-19 18:58:00,274 - Worker-20403060 - PlaylistPlayer.2040306023080885 - DEBUG - Capturando pantalla en C:\Users\def\Documents\OTWMusicSystem_Final\OTWMusicSystem_Final\otw_project\OTW_MUSIC_SYSTEM\screenshots\2040306023080885\open_with_dialog_screenshot_2040306023080885_20250519_185800274042.png
2025-05-19 18:58:00,838 - Worker-20403060 - PlaylistPlayer.2040306023080885 - INFO - Captura de pantalla guardada: C:\Users\def\Documents\OTWMusicSystem_Final\OTWMusicSystem_Final\otw_project\OTW_MUSIC_SYSTEM\screenshots\2040306023080885\open_with_dialog_screenshot_2040306023080885_20250519_185800274042.png
2025-05-19 18:58:06,374 - Worker-20403060 - PlaylistPlayer.2040306023080885 - INFO - Clickeado 'Spotify (general)' en diálogo 'Abrir con'.
2025-05-19 18:58:20,145 - Worker-20403060 - PlaylistPlayer.2040306023080885 - INFO - Spotify seleccionado en chooser, pero botón de confirmación no encontrado/clickeado.
2025-05-19 18:58:20,145 - Worker-20403060 - PlaylistPlayer.2040306023080885 - INFO - Diálogo 'Abrir con' manejado. Esperando un poco más...
2025-05-19 18:58:25,809 - Worker-20403060 - PlaylistPlayer.2040306023080885 - DEBUG - Verificando si Spotify está en primer plano...
2025-05-19 18:58:25,809 - Worker-20403060 - PlaylistPlayer.2040306023080885 - DEBUG - Intentando con comando dumpsys (1): adb -s 2040306023080885 shell dumpsys activity top
2025-05-19 18:58:26,043 - Worker-20403060 - PlaylistPlayer.2040306023080885 - WARNING - Spotify NO parece estar en primer plano según dumpsys.
2025-05-19 18:58:26,044 - Worker-20403060 - PlaylistPlayer.2040306023080885 - DEBUG - Capturando pantalla en C:\Users\def\Documents\OTWMusicSystem_Final\OTWMusicSystem_Final\otw_project\OTW_MUSIC_SYSTEM\screenshots\2040306023080885\spotify_not_foreground_screenshot_2040306023080885_20250519_185826043637.png
2025-05-19 18:58:26,635 - Worker-20403060 - PlaylistPlayer.2040306023080885 - INFO - Captura de pantalla guardada: C:\Users\def\Documents\OTWMusicSystem_Final\OTWMusicSystem_Final\otw_project\OTW_MUSIC_SYSTEM\screenshots\2040306023080885\spotify_not_foreground_screenshot_2040306023080885_20250519_185826043637.png
2025-05-19 18:58:26,636 - Worker-20403060 - PlaylistPlayer.2040306023080885 - WARNING - Spotify no detectado en primer plano después de abrir https://open.spotify.com/track/4s097BVg9TQhmCkqrnZYG2?si=7fbb5ef27032407e.
2025-05-19 18:58:26,636 - Worker-20403060 - PlaylistPlayer.2040306023080885 - DEBUG - Capturando pantalla en C:\Users\def\Documents\OTWMusicSystem_Final\OTWMusicSystem_Final\otw_project\OTW_MUSIC_SYSTEM\screenshots\2040306023080885\spotify_not_fg_after_open_4s097BVg9TQhmCkqrnZYG2?si=7fbb5ef27032407e_screenshot_2040306023080885_20250519_185826636058.png
2025-05-19 18:58:27,247 - Worker-20403060 - PlaylistPlayer.2040306023080885 - ERROR - Error al capturar pantalla: [Errno 22] Invalid argument: 'C:\\Users\\def\\Documents\\OTWMusicSystem_Final\\OTWMusicSystem_Final\\otw_project\\OTW_MUSIC_SYSTEM\\screenshots\\2040306023080885\\spotify_not_fg_after_open_4s097BVg9TQhmCkqrnZYG2?si=7fbb5ef27032407e_screenshot_2040306023080885_20250519_185826636058.png'
2025-05-19 18:58:27,247 - Worker-20403060 - PlaylistPlayer.2040306023080885 - INFO - Pausa antes de reintentar apertura de URL debido a no foreground.
2025-05-19 18:58:37,529 - Worker-20403060 - PlaylistPlayer.2040306023080885 - INFO - Intentando abrir URL: https://open.spotify.com/track/4s097BVg9TQhmCkqrnZYG2?si=7fbb5ef27032407e (Intento 4/3)
2025-05-19 18:58:37,529 - Worker-20403060 - PlaylistPlayer.2040306023080885 - ERROR - Máximos reintentos (3) alcanzados para abrir URL https://open.spotify.com/track/4s097BVg9TQhmCkqrnZYG2?si=7fbb5ef27032407e
2025-05-19 18:58:37,530 - Worker-20403060 - PlaylistPlayer.2040306023080885 - DEBUG - Capturando pantalla en C:\Users\def\Documents\OTWMusicSystem_Final\OTWMusicSystem_Final\otw_project\OTW_MUSIC_SYSTEM\screenshots\2040306023080885\open_url_max_retries_fail_4s097BVg9TQhmCkqrnZYG2?si=7fbb5ef27032407e_screenshot_2040306023080885_20250519_185837529754.png
2025-05-19 18:58:38,113 - Worker-20403060 - PlaylistPlayer.2040306023080885 - ERROR - Error al capturar pantalla: [Errno 22] Invalid argument: 'C:\\Users\\def\\Documents\\OTWMusicSystem_Final\\OTWMusicSystem_Final\\otw_project\\OTW_MUSIC_SYSTEM\\screenshots\\2040306023080885\\open_url_max_retries_fail_4s097BVg9TQhmCkqrnZYG2?si=7fbb5ef27032407e_screenshot_2040306023080885_20250519_185837529754.png'
2025-05-19 18:58:38,114 - Worker-20403060 - PlaylistPlayer.2040306023080885 - ERROR - No se pudo abrir el track https://open.spotify.com/track/4s097BVg9TQhmCkqrnZYG2?si=7fbb5ef27032407e. Terminando interacción.
2025-05-19 18:58:38,114 - Worker-20403060 - PlaylistPlayer.2040306023080885 - INFO - Sesión #1 completada. Pausa de 17.2s.
2025-05-19 18:58:55,336 - Worker-20403060 - PlaylistPlayer.2040306023080885 - INFO - --- Iniciando Sesión de Interacción #2 ---
2025-05-19 18:58:55,336 - Worker-20403060 - PlaylistPlayer.2040306023080885 - INFO - Selección: Link (track) -> https://open.spotify.com/track/31PLq481Xd9HqFlZWySn1T?si=47f2b661313e4c69
2025-05-19 18:58:55,336 - Worker-20403060 - PlaylistPlayer.2040306023080885 - INFO - Iniciando interacción con TRACK: https://open.spotify.com/track/31PLq481Xd9HqFlZWySn1T?si=47f2b661313e4c69
2025-05-19 18:58:55,336 - Worker-20403060 - PlaylistPlayer.2040306023080885 - INFO - Intentando abrir URL: https://open.spotify.com/track/31PLq481Xd9HqFlZWySn1T?si=47f2b661313e4c69 (Intento 1/3)
2025-05-19 18:58:55,337 - Worker-20403060 - PlaylistPlayer.2040306023080885 - DEBUG - Forzando detención de Spotify (com.spotify.music) antes de abrir URL.
2025-05-19 18:58:57,359 - Worker-20403060 - PlaylistPlayer.2040306023080885 - DEBUG - Presionando HOME.
2025-05-19 18:59:00,892 - Worker-20403060 - PlaylistPlayer.2040306023080885 - DEBUG - Ejecutando ADB intent para URL: https://open.spotify.com/track/31PLq481Xd9HqFlZWySn1T?si=47f2b661313e4c69
2025-05-19 18:59:03,426 - Worker-20403060 - PlaylistPlayer.2040306023080885 - DEBUG - Resultado ADB 'am start': stdout='Starting: Intent { act=android.intent.action.VIEW dat=https://open.spotify.com/... flg=0x10008000 }', stderr=''
2025-05-19 18:59:06,641 - Worker-20403060 - PlaylistPlayer.2040306023080885 - DEBUG - Esperando que la app se abra y estabilice...
2025-05-19 18:59:20,597 - Worker-20403060 - PlaylistPlayer.2040306023080885 - DEBUG - Verificando diálogo 'Abrir con'...
2025-05-19 18:59:25,771 - Worker-20403060 - PlaylistPlayer.2040306023080885 - INFO - Diálogo 'Abrir con' o similar detectado.
2025-05-19 18:59:25,772 - Worker-20403060 - PlaylistPlayer.2040306023080885 - DEBUG - Capturando pantalla en C:\Users\def\Documents\OTWMusicSystem_Final\OTWMusicSystem_Final\otw_project\OTW_MUSIC_SYSTEM\screenshots\2040306023080885\open_with_dialog_screenshot_2040306023080885_20250519_185925771937.png
2025-05-19 18:59:26,363 - Worker-20403060 - PlaylistPlayer.2040306023080885 - INFO - Captura de pantalla guardada: C:\Users\def\Documents\OTWMusicSystem_Final\OTWMusicSystem_Final\otw_project\OTW_MUSIC_SYSTEM\screenshots\2040306023080885\open_with_dialog_screenshot_2040306023080885_20250519_185925771937.png
2025-05-19 18:59:32,252 - Worker-20403060 - PlaylistPlayer.2040306023080885 - INFO - Clickeado 'Spotify (general)' en diálogo 'Abrir con'.
2025-05-19 18:59:45,820 - Worker-20403060 - PlaylistPlayer.2040306023080885 - INFO - Spotify seleccionado en chooser, pero botón de confirmación no encontrado/clickeado.
2025-05-19 18:59:45,820 - Worker-20403060 - PlaylistPlayer.2040306023080885 - INFO - Diálogo 'Abrir con' manejado. Esperando un poco más...
2025-05-19 18:59:50,156 - Worker-20403060 - PlaylistPlayer.2040306023080885 - DEBUG - Verificando si Spotify está en primer plano...
2025-05-19 18:59:50,156 - Worker-20403060 - PlaylistPlayer.2040306023080885 - DEBUG - Intentando con comando dumpsys (1): adb -s 2040306023080885 shell dumpsys activity top
2025-05-19 18:59:50,389 - Worker-20403060 - PlaylistPlayer.2040306023080885 - WARNING - Spotify NO parece estar en primer plano según dumpsys.
2025-05-19 18:59:50,390 - Worker-20403060 - PlaylistPlayer.2040306023080885 - DEBUG - Capturando pantalla en C:\Users\def\Documents\OTWMusicSystem_Final\OTWMusicSystem_Final\otw_project\OTW_MUSIC_SYSTEM\screenshots\2040306023080885\spotify_not_foreground_screenshot_2040306023080885_20250519_185950390358.png
2025-05-19 18:59:50,965 - Worker-20403060 - PlaylistPlayer.2040306023080885 - INFO - Captura de pantalla guardada: C:\Users\def\Documents\OTWMusicSystem_Final\OTWMusicSystem_Final\otw_project\OTW_MUSIC_SYSTEM\screenshots\2040306023080885\spotify_not_foreground_screenshot_2040306023080885_20250519_185950390358.png
2025-05-19 18:59:50,965 - Worker-20403060 - PlaylistPlayer.2040306023080885 - WARNING - Spotify no detectado en primer plano después de abrir https://open.spotify.com/track/31PLq481Xd9HqFlZWySn1T?si=47f2b661313e4c69.
2025-05-19 18:59:50,966 - Worker-20403060 - PlaylistPlayer.2040306023080885 - DEBUG - Capturando pantalla en C:\Users\def\Documents\OTWMusicSystem_Final\OTWMusicSystem_Final\otw_project\OTW_MUSIC_SYSTEM\screenshots\2040306023080885\spotify_not_fg_after_open_31PLq481Xd9HqFlZWySn1T?si=47f2b661313e4c69_screenshot_2040306023080885_20250519_185950965939.png
2025-05-19 18:59:51,555 - Worker-20403060 - PlaylistPlayer.2040306023080885 - ERROR - Error al capturar pantalla: [Errno 22] Invalid argument: 'C:\\Users\\def\\Documents\\OTWMusicSystem_Final\\OTWMusicSystem_Final\\otw_project\\OTW_MUSIC_SYSTEM\\screenshots\\2040306023080885\\spotify_not_fg_after_open_31PLq481Xd9HqFlZWySn1T?si=47f2b661313e4c69_screenshot_2040306023080885_20250519_185950965939.png'
2025-05-19 18:59:51,556 - Worker-20403060 - PlaylistPlayer.2040306023080885 - INFO - Pausa antes de reintentar apertura de URL debido a no foreground.
2025-05-19 18:59:59,345 - Worker-20403060 - PlaylistPlayer.2040306023080885 - INFO - Intentando abrir URL: https://open.spotify.com/track/31PLq481Xd9HqFlZWySn1T?si=47f2b661313e4c69 (Intento 2/3)
2025-05-19 18:59:59,345 - Worker-20403060 - PlaylistPlayer.2040306023080885 - DEBUG - Forzando detención de Spotify (com.spotify.music) antes de abrir URL.
2025-05-19 19:00:00,463 - Worker-20403060 - PlaylistPlayer.2040306023080885 - DEBUG - Presionando HOME.
2025-05-19 19:00:03,903 - Worker-20403060 - PlaylistPlayer.2040306023080885 - DEBUG - Ejecutando ADB intent para URL: https://open.spotify.com/track/31PLq481Xd9HqFlZWySn1T?si=47f2b661313e4c69
2025-05-19 19:00:06,892 - Worker-20403060 - PlaylistPlayer.2040306023080885 - DEBUG - Resultado ADB 'am start': stdout='Starting: Intent { act=android.intent.action.VIEW dat=https://open.spotify.com/... flg=0x10008000 }', stderr=''
2025-05-19 19:00:09,953 - Worker-20403060 - PlaylistPlayer.2040306023080885 - DEBUG - Esperando que la app se abra y estabilice...
2025-05-19 19:00:22,359 - Worker-20403060 - PlaylistPlayer.2040306023080885 - DEBUG - Verificando diálogo 'Abrir con'...
2025-05-19 19:00:27,304 - Worker-20403060 - PlaylistPlayer.2040306023080885 - INFO - Diálogo 'Abrir con' o similar detectado.
2025-05-19 19:00:27,305 - Worker-20403060 - PlaylistPlayer.2040306023080885 - DEBUG - Capturando pantalla en C:\Users\def\Documents\OTWMusicSystem_Final\OTWMusicSystem_Final\otw_project\OTW_MUSIC_SYSTEM\screenshots\2040306023080885\open_with_dialog_screenshot_2040306023080885_20250519_190027304526.png
2025-05-19 19:00:27,847 - Worker-20403060 - PlaylistPlayer.2040306023080885 - INFO - Captura de pantalla guardada: C:\Users\def\Documents\OTWMusicSystem_Final\OTWMusicSystem_Final\otw_project\OTW_MUSIC_SYSTEM\screenshots\2040306023080885\open_with_dialog_screenshot_2040306023080885_20250519_190027304526.png
