2025-05-19 18:47:16,017 - Worker-20403060 - PlaylistPlayer.2040306023080885 - INFO - Worker thread INICIADO. Logs en: C:\Users\def\Documents\OTWMusicSystem_Final\OTWMusicSystem_Final\otw_project\OTW_MUSIC_SYSTEM\logs\2040306023080885\playlist_player_20250519_184716.log
2025-05-19 18:47:16,017 - Worker-20403060 - PlaylistPlayer.2040306023080885 - INFO - Personalidad Creada (SLOW_MODE_FACTOR=1.75): ShortTimeout=13.1s, ActionDelay=[9.9-19.0]s, ShortPause=[23.1-45.6]s, MinTrackT=70s, MaxTrackT=111s, MinContentT=4m, MaxContentT=7m
2025-05-19 18:47:16,018 - Worker-20403060 - PlaylistPlayer.2040306023080885 - INFO - Intentando conectar a uiautomator2 (intento 1/3)...
2025-05-19 18:47:19,903 - Worker-20403060 - PlaylistPlayer.2040306023080885 - INFO - Conectado (Device: Studio_X5_Max, Android: N/A).
2025-05-19 18:47:20,119 - Worker-20403060 - PlaylistPlayer.2040306023080885 - INFO - Spotify (com.spotify.music v9.0.24.601) está instalado.
2025-05-19 18:47:20,119 - Worker-20403060 - PlaylistPlayer.2040306023080885 - INFO - Configuración inicial (kill Spotify y volver a Home).
2025-05-19 18:47:20,119 - Worker-20403060 - PlaylistPlayer.2040306023080885 - WARNING - Advertencia durante configuración inicial: 'Device' object has no attribute 'app_kill'
2025-05-19 18:47:20,120 - Worker-20403060 - PlaylistPlayer.2040306023080885 - DEBUG - Capturando pantalla en C:\Users\def\Documents\OTWMusicSystem_Final\OTWMusicSystem_Final\otw_project\OTW_MUSIC_SYSTEM\screenshots\2040306023080885\initial_setup_warn_screenshot_2040306023080885_20250519_184720119544.png
2025-05-19 18:47:20,901 - Worker-20403060 - PlaylistPlayer.2040306023080885 - INFO - Captura de pantalla guardada: C:\Users\def\Documents\OTWMusicSystem_Final\OTWMusicSystem_Final\otw_project\OTW_MUSIC_SYSTEM\screenshots\2040306023080885\initial_setup_warn_screenshot_2040306023080885_20250519_184720119544.png
2025-05-19 18:47:20,901 - Worker-20403060 - PlaylistPlayer.2040306023080885 - INFO - --- Iniciando Sesión de Interacción #1 ---
2025-05-19 18:47:20,902 - Worker-20403060 - PlaylistPlayer.2040306023080885 - INFO - Selección: Link (track) -> https://open.spotify.com/track/1ksMUmkBb5pCpgmVTCPJzK?si=fcd611cd725f4e6b
2025-05-19 18:47:20,902 - Worker-20403060 - PlaylistPlayer.2040306023080885 - INFO - Iniciando interacción con TRACK: https://open.spotify.com/track/1ksMUmkBb5pCpgmVTCPJzK?si=fcd611cd725f4e6b
2025-05-19 18:47:20,902 - Worker-20403060 - PlaylistPlayer.2040306023080885 - INFO - Intentando abrir URL: https://open.spotify.com/track/1ksMUmkBb5pCpgmVTCPJzK?si=fcd611cd725f4e6b (Intento 1/3)
2025-05-19 18:47:20,902 - Worker-20403060 - PlaylistPlayer.2040306023080885 - DEBUG - Forzando detención de Spotify (com.spotify.music) antes de abrir URL.
2025-05-19 18:47:22,447 - Worker-20403060 - PlaylistPlayer.2040306023080885 - DEBUG - Presionando HOME.
2025-05-19 18:47:25,518 - Worker-20403060 - PlaylistPlayer.2040306023080885 - DEBUG - Ejecutando ADB intent para URL: https://open.spotify.com/track/1ksMUmkBb5pCpgmVTCPJzK?si=fcd611cd725f4e6b
2025-05-19 18:47:27,338 - Worker-20403060 - PlaylistPlayer.2040306023080885 - DEBUG - Resultado ADB 'am start': stdout='Starting: Intent { act=android.intent.action.VIEW dat=https://open.spotify.com/... flg=0x10008000 }', stderr=''
2025-05-19 18:47:31,702 - Worker-20403060 - PlaylistPlayer.2040306023080885 - DEBUG - Esperando que la app se abra y estabilice...
2025-05-19 18:47:44,805 - Worker-20403060 - PlaylistPlayer.2040306023080885 - DEBUG - Verificando diálogo 'Abrir con'...
2025-05-19 18:47:50,047 - Worker-20403060 - PlaylistPlayer.2040306023080885 - INFO - Diálogo 'Abrir con' o similar detectado.
2025-05-19 18:47:50,048 - Worker-20403060 - PlaylistPlayer.2040306023080885 - DEBUG - Capturando pantalla en C:\Users\def\Documents\OTWMusicSystem_Final\OTWMusicSystem_Final\otw_project\OTW_MUSIC_SYSTEM\screenshots\2040306023080885\open_with_dialog_screenshot_2040306023080885_20250519_184750048207.png
2025-05-19 18:47:50,723 - Worker-20403060 - PlaylistPlayer.2040306023080885 - INFO - Captura de pantalla guardada: C:\Users\def\Documents\OTWMusicSystem_Final\OTWMusicSystem_Final\otw_project\OTW_MUSIC_SYSTEM\screenshots\2040306023080885\open_with_dialog_screenshot_2040306023080885_20250519_184750048207.png
2025-05-19 18:47:56,311 - Worker-20403060 - PlaylistPlayer.2040306023080885 - INFO - Clickeado 'Spotify (general)' en diálogo 'Abrir con'.
2025-05-19 18:48:10,059 - Worker-20403060 - PlaylistPlayer.2040306023080885 - INFO - Spotify seleccionado en chooser, pero botón de confirmación no encontrado/clickeado.
2025-05-19 18:48:10,059 - Worker-20403060 - PlaylistPlayer.2040306023080885 - INFO - Diálogo 'Abrir con' manejado. Esperando un poco más...
2025-05-19 18:48:15,045 - Worker-20403060 - PlaylistPlayer.2040306023080885 - DEBUG - Verificando si Spotify está en primer plano...
2025-05-19 18:48:15,045 - Worker-20403060 - PlaylistPlayer.2040306023080885 - DEBUG - Intentando con comando dumpsys (1): adb -s 2040306023080885 shell dumpsys activity top
2025-05-19 18:48:15,238 - Worker-20403060 - PlaylistPlayer.2040306023080885 - WARNING - Spotify NO parece estar en primer plano según dumpsys.
2025-05-19 18:48:15,238 - Worker-20403060 - PlaylistPlayer.2040306023080885 - DEBUG - Capturando pantalla en C:\Users\def\Documents\OTWMusicSystem_Final\OTWMusicSystem_Final\otw_project\OTW_MUSIC_SYSTEM\screenshots\2040306023080885\spotify_not_foreground_screenshot_2040306023080885_20250519_184815238620.png
2025-05-19 18:48:15,763 - Worker-20403060 - PlaylistPlayer.2040306023080885 - INFO - Captura de pantalla guardada: C:\Users\def\Documents\OTWMusicSystem_Final\OTWMusicSystem_Final\otw_project\OTW_MUSIC_SYSTEM\screenshots\2040306023080885\spotify_not_foreground_screenshot_2040306023080885_20250519_184815238620.png
2025-05-19 18:48:15,763 - Worker-20403060 - PlaylistPlayer.2040306023080885 - WARNING - Spotify no detectado en primer plano después de abrir https://open.spotify.com/track/1ksMUmkBb5pCpgmVTCPJzK?si=fcd611cd725f4e6b.
2025-05-19 18:48:15,763 - Worker-20403060 - PlaylistPlayer.2040306023080885 - DEBUG - Capturando pantalla en C:\Users\def\Documents\OTWMusicSystem_Final\OTWMusicSystem_Final\otw_project\OTW_MUSIC_SYSTEM\screenshots\2040306023080885\spotify_not_fg_after_open_1ksMUmkBb5pCpgmVTCPJzK?si=fcd611cd725f4e6b_screenshot_2040306023080885_20250519_184815763840.png
2025-05-19 18:48:16,285 - Worker-20403060 - PlaylistPlayer.2040306023080885 - ERROR - Error al capturar pantalla: [Errno 22] Invalid argument: 'C:\\Users\\def\\Documents\\OTWMusicSystem_Final\\OTWMusicSystem_Final\\otw_project\\OTW_MUSIC_SYSTEM\\screenshots\\2040306023080885\\spotify_not_fg_after_open_1ksMUmkBb5pCpgmVTCPJzK?si=fcd611cd725f4e6b_screenshot_2040306023080885_20250519_184815763840.png'
2025-05-19 18:48:16,285 - Worker-20403060 - PlaylistPlayer.2040306023080885 - INFO - Pausa antes de reintentar apertura de URL debido a no foreground.
2025-05-19 18:48:26,177 - Worker-20403060 - PlaylistPlayer.2040306023080885 - INFO - Intentando abrir URL: https://open.spotify.com/track/1ksMUmkBb5pCpgmVTCPJzK?si=fcd611cd725f4e6b (Intento 2/3)
2025-05-19 18:48:26,177 - Worker-20403060 - PlaylistPlayer.2040306023080885 - DEBUG - Forzando detención de Spotify (com.spotify.music) antes de abrir URL.
2025-05-19 18:48:27,851 - Worker-20403060 - PlaylistPlayer.2040306023080885 - DEBUG - Presionando HOME.
2025-05-19 18:48:30,515 - Worker-20403060 - PlaylistPlayer.2040306023080885 - DEBUG - Ejecutando ADB intent para URL: https://open.spotify.com/track/1ksMUmkBb5pCpgmVTCPJzK?si=fcd611cd725f4e6b
2025-05-19 18:48:32,370 - Worker-20403060 - PlaylistPlayer.2040306023080885 - DEBUG - Resultado ADB 'am start': stdout='Starting: Intent { act=android.intent.action.VIEW dat=https://open.spotify.com/... flg=0x10008000 }', stderr=''
2025-05-19 18:48:35,113 - Worker-20403060 - PlaylistPlayer.2040306023080885 - DEBUG - Esperando que la app se abra y estabilice...
2025-05-19 18:48:46,611 - Worker-20403060 - PlaylistPlayer.2040306023080885 - DEBUG - Verificando diálogo 'Abrir con'...
2025-05-19 18:48:51,729 - Worker-20403060 - PlaylistPlayer.2040306023080885 - INFO - Diálogo 'Abrir con' o similar detectado.
2025-05-19 18:48:51,730 - Worker-20403060 - PlaylistPlayer.2040306023080885 - DEBUG - Capturando pantalla en C:\Users\def\Documents\OTWMusicSystem_Final\OTWMusicSystem_Final\otw_project\OTW_MUSIC_SYSTEM\screenshots\2040306023080885\open_with_dialog_screenshot_2040306023080885_20250519_184851730197.png
2025-05-19 18:48:52,342 - Worker-20403060 - PlaylistPlayer.2040306023080885 - INFO - Captura de pantalla guardada: C:\Users\def\Documents\OTWMusicSystem_Final\OTWMusicSystem_Final\otw_project\OTW_MUSIC_SYSTEM\screenshots\2040306023080885\open_with_dialog_screenshot_2040306023080885_20250519_184851730197.png
2025-05-19 18:48:58,300 - Worker-20403060 - PlaylistPlayer.2040306023080885 - INFO - Clickeado 'Spotify (general)' en diálogo 'Abrir con'.
2025-05-19 18:49:11,771 - Worker-20403060 - PlaylistPlayer.2040306023080885 - INFO - Spotify seleccionado en chooser, pero botón de confirmación no encontrado/clickeado.
2025-05-19 18:49:11,771 - Worker-20403060 - PlaylistPlayer.2040306023080885 - INFO - Diálogo 'Abrir con' manejado. Esperando un poco más...
2025-05-19 18:49:18,683 - Worker-20403060 - PlaylistPlayer.2040306023080885 - DEBUG - Verificando si Spotify está en primer plano...
2025-05-19 18:49:18,683 - Worker-20403060 - PlaylistPlayer.2040306023080885 - DEBUG - Intentando con comando dumpsys (1): adb -s 2040306023080885 shell dumpsys activity top
2025-05-19 18:49:18,957 - Worker-20403060 - PlaylistPlayer.2040306023080885 - WARNING - Spotify NO parece estar en primer plano según dumpsys.
2025-05-19 18:49:18,958 - Worker-20403060 - PlaylistPlayer.2040306023080885 - DEBUG - Capturando pantalla en C:\Users\def\Documents\OTWMusicSystem_Final\OTWMusicSystem_Final\otw_project\OTW_MUSIC_SYSTEM\screenshots\2040306023080885\spotify_not_foreground_screenshot_2040306023080885_20250519_184918957822.png
2025-05-19 18:49:19,564 - Worker-20403060 - PlaylistPlayer.2040306023080885 - INFO - Captura de pantalla guardada: C:\Users\def\Documents\OTWMusicSystem_Final\OTWMusicSystem_Final\otw_project\OTW_MUSIC_SYSTEM\screenshots\2040306023080885\spotify_not_foreground_screenshot_2040306023080885_20250519_184918957822.png
2025-05-19 18:49:19,564 - Worker-20403060 - PlaylistPlayer.2040306023080885 - WARNING - Spotify no detectado en primer plano después de abrir https://open.spotify.com/track/1ksMUmkBb5pCpgmVTCPJzK?si=fcd611cd725f4e6b.
2025-05-19 18:49:19,564 - Worker-20403060 - PlaylistPlayer.2040306023080885 - DEBUG - Capturando pantalla en C:\Users\def\Documents\OTWMusicSystem_Final\OTWMusicSystem_Final\otw_project\OTW_MUSIC_SYSTEM\screenshots\2040306023080885\spotify_not_fg_after_open_1ksMUmkBb5pCpgmVTCPJzK?si=fcd611cd725f4e6b_screenshot_2040306023080885_20250519_184919564260.png
2025-05-19 18:49:20,124 - Worker-20403060 - PlaylistPlayer.2040306023080885 - ERROR - Error al capturar pantalla: [Errno 22] Invalid argument: 'C:\\Users\\def\\Documents\\OTWMusicSystem_Final\\OTWMusicSystem_Final\\otw_project\\OTW_MUSIC_SYSTEM\\screenshots\\2040306023080885\\spotify_not_fg_after_open_1ksMUmkBb5pCpgmVTCPJzK?si=fcd611cd725f4e6b_screenshot_2040306023080885_20250519_184919564260.png'
2025-05-19 18:49:20,125 - Worker-20403060 - PlaylistPlayer.2040306023080885 - INFO - Pausa antes de reintentar apertura de URL debido a no foreground.
2025-05-19 18:49:31,746 - Worker-20403060 - PlaylistPlayer.2040306023080885 - INFO - Intentando abrir URL: https://open.spotify.com/track/1ksMUmkBb5pCpgmVTCPJzK?si=fcd611cd725f4e6b (Intento 3/3)
2025-05-19 18:49:31,746 - Worker-20403060 - PlaylistPlayer.2040306023080885 - DEBUG - Forzando detención de Spotify (com.spotify.music) antes de abrir URL.
2025-05-19 18:49:33,427 - Worker-20403060 - PlaylistPlayer.2040306023080885 - DEBUG - Presionando HOME.
2025-05-19 18:49:36,127 - Worker-20403060 - PlaylistPlayer.2040306023080885 - DEBUG - Ejecutando ADB intent para URL: https://open.spotify.com/track/1ksMUmkBb5pCpgmVTCPJzK?si=fcd611cd725f4e6b
2025-05-19 18:49:38,715 - Worker-20403060 - PlaylistPlayer.2040306023080885 - DEBUG - Resultado ADB 'am start': stdout='Starting: Intent { act=android.intent.action.VIEW dat=https://open.spotify.com/... flg=0x10008000 }', stderr=''
2025-05-19 18:49:41,503 - Worker-20403060 - PlaylistPlayer.2040306023080885 - DEBUG - Esperando que la app se abra y estabilice...
