2025-05-19 19:37:33,010 - Worker-20403060 - PlaylistPlayer.2040306023080885 - INFO - Worker thread INICIADO. Logs en: C:\Users\def\Documents\OTWMusicSystem_Final\OTWMusicSystem_Final\otw_project\OTW_MUSIC_SYSTEM\logs\2040306023080885\playlist_player_20250519_193733.log
2025-05-19 19:37:33,011 - Worker-20403060 - PlaylistPlayer.2040306023080885 - INFO - Personalidad Creada (SLOW_MODE_FACTOR=1.75): InitPlaylistDur=[30-35]m, ArtistDur=[30-60]m, IndivTrackSessDur=[60-90]m, SingleTrackDur=[60-120]s, VisitArtistProb=0.44, PlayIndivTracksProb=0.59
2025-05-19 19:37:33,011 - Worker-20403060 - PlaylistPlayer.2040306023080885 - INFO - Conectando uiautomator2 (intento 1/3)...
2025-05-19 19:37:35,605 - Worker-20403060 - PlaylistPlayer.2040306023080885 - INFO - Conectado (Device: Studio_X5_Max, Android: N/A).
2025-05-19 19:37:35,850 - Worker-20403060 - PlaylistPlayer.2040306023080885 - INFO - Spotify (com.spotify.music v9.0.24.601) instalado.
2025-05-19 19:37:35,850 - Worker-20403060 - PlaylistPlayer.2040306023080885 - INFO - Setup inicial (kill Spotify, home).
2025-05-19 19:37:35,850 - Worker-20403060 - PlaylistPlayer.2040306023080885 - WARNING - Advertencia setup inicial: 'Device' object has no attribute 'app_kill'
2025-05-19 19:37:35,851 - Worker-20403060 - PlaylistPlayer.2040306023080885 - DEBUG - Capturando pantalla en C:\Users\def\Documents\OTWMusicSystem_Final\OTWMusicSystem_Final\otw_project\OTW_MUSIC_SYSTEM\screenshots\2040306023080885\init_setup_warn_screenshot_2040306023080885_20250519_193735850582.png
2025-05-19 19:37:36,817 - Worker-20403060 - PlaylistPlayer.2040306023080885 - INFO - Captura de pantalla guardada: C:\Users\def\Documents\OTWMusicSystem_Final\OTWMusicSystem_Final\otw_project\OTW_MUSIC_SYSTEM\screenshots\2040306023080885\init_setup_warn_screenshot_2040306023080885_20250519_193735850582.png
2025-05-19 19:37:36,817 - Worker-20403060 - PlaylistPlayer.2040306023080885 - INFO - --- Iniciando CICLO DE VIDA DE INTERACCIÓN #1 ---
2025-05-19 19:37:36,818 - Worker-20403060 - PlaylistPlayer.2040306023080885 - INFO - Fase 1: Playlist Inicial.
2025-05-19 19:37:36,819 - Worker-20403060 - PlaylistPlayer.2040306023080885 - INFO - Iniciando PLAYLIST: https://open.spotify.com/playlist/3h6pIE4rE6z8OyxNMOqW8t?si=H8FB0OalRKGjeMjEXVgSJw por ~33 min.
2025-05-19 19:37:36,819 - Worker-20403060 - PlaylistPlayer.2040306023080885 - INFO - Intentando abrir URL: https://open.spotify.com/playlist/3h6pIE4rE6z8OyxNMOqW8t?si=H8FB0OalRKGjeMjEXVgSJw (Intento 1/3)
2025-05-19 19:37:36,820 - Worker-20403060 - PlaylistPlayer.2040306023080885 - DEBUG - Forzando detención de Spotify (com.spotify.music).
2025-05-19 19:37:38,334 - Worker-20403060 - PlaylistPlayer.2040306023080885 - DEBUG - Presionando HOME.
2025-05-19 19:37:41,958 - Worker-20403060 - PlaylistPlayer.2040306023080885 - DEBUG - Ejecutando ADB intent para URL: https://open.spotify.com/playlist/3h6pIE4rE6z8OyxNMOqW8t?si=H8FB0OalRKGjeMjEXVgSJw
2025-05-19 19:37:44,692 - Worker-20403060 - PlaylistPlayer.2040306023080885 - DEBUG - Resultado ADB: stdout='Starting: Intent { act=android.intent.action.VIEW dat=https://open.spotify.com/... flg=0x10008000 }', stderr=''
2025-05-19 19:37:47,186 - Worker-20403060 - PlaylistPlayer.2040306023080885 - DEBUG - Esperando app estabilice...
2025-05-19 19:37:57,234 - Worker-20403060 - PlaylistPlayer.2040306023080885 - DEBUG - Verificando diálogo 'Abrir con'...
2025-05-19 19:38:02,586 - Worker-20403060 - PlaylistPlayer.2040306023080885 - INFO - Diálogo 'Abrir con' o similar detectado.
2025-05-19 19:38:02,587 - Worker-20403060 - PlaylistPlayer.2040306023080885 - DEBUG - Capturando pantalla en C:\Users\def\Documents\OTWMusicSystem_Final\OTWMusicSystem_Final\otw_project\OTW_MUSIC_SYSTEM\screenshots\2040306023080885\open_with_dialog_screenshot_2040306023080885_20250519_193802586648.png
2025-05-19 19:38:03,143 - Worker-20403060 - PlaylistPlayer.2040306023080885 - INFO - Captura de pantalla guardada: C:\Users\def\Documents\OTWMusicSystem_Final\OTWMusicSystem_Final\otw_project\OTW_MUSIC_SYSTEM\screenshots\2040306023080885\open_with_dialog_screenshot_2040306023080885_20250519_193802586648.png
2025-05-19 19:38:08,827 - Worker-20403060 - PlaylistPlayer.2040306023080885 - INFO - Clickeado 'Spotify (general)'.
2025-05-19 19:38:29,282 - Worker-20403060 - PlaylistPlayer.2040306023080885 - INFO - Spotify seleccionado, pero botón confirmación no encontrado/clickeado.
2025-05-19 19:38:29,282 - Worker-20403060 - PlaylistPlayer.2040306023080885 - INFO - Diálogo 'Abrir con' manejado.
2025-05-19 19:38:33,251 - Worker-20403060 - PlaylistPlayer.2040306023080885 - DEBUG - Verificando si Spotify está en primer plano...
2025-05-19 19:38:33,251 - Worker-20403060 - PlaylistPlayer.2040306023080885 - DEBUG - Intentando con comando dumpsys (1): adb -s 2040306023080885 shell dumpsys activity top
2025-05-19 19:38:33,725 - Worker-20403060 - PlaylistPlayer.2040306023080885 - WARNING - Spotify NO parece estar en primer plano.
2025-05-19 19:38:33,726 - Worker-20403060 - PlaylistPlayer.2040306023080885 - DEBUG - Capturando pantalla en C:\Users\def\Documents\OTWMusicSystem_Final\OTWMusicSystem_Final\otw_project\OTW_MUSIC_SYSTEM\screenshots\2040306023080885\spotify_not_foreground_screenshot_2040306023080885_20250519_193833726111.png
2025-05-19 19:38:34,433 - Worker-20403060 - PlaylistPlayer.2040306023080885 - INFO - Captura de pantalla guardada: C:\Users\def\Documents\OTWMusicSystem_Final\OTWMusicSystem_Final\otw_project\OTW_MUSIC_SYSTEM\screenshots\2040306023080885\spotify_not_foreground_screenshot_2040306023080885_20250519_193833726111.png
2025-05-19 19:38:34,433 - Worker-20403060 - PlaylistPlayer.2040306023080885 - WARNING - Spotify no en primer plano tras abrir https://open.spotify.com/playlist/3h6pIE4rE6z8OyxNMOqW8t?si=H8FB0OalRKGjeMjEXVgSJw.
2025-05-19 19:38:34,434 - Worker-20403060 - PlaylistPlayer.2040306023080885 - DEBUG - Capturando pantalla en C:\Users\def\Documents\OTWMusicSystem_Final\OTWMusicSystem_Final\otw_project\OTW_MUSIC_SYSTEM\screenshots\2040306023080885\spotify_not_fg_screenshot_2040306023080885_20250519_193834433699.png
2025-05-19 19:38:35,102 - Worker-20403060 - PlaylistPlayer.2040306023080885 - INFO - Captura de pantalla guardada: C:\Users\def\Documents\OTWMusicSystem_Final\OTWMusicSystem_Final\otw_project\OTW_MUSIC_SYSTEM\screenshots\2040306023080885\spotify_not_fg_screenshot_2040306023080885_20250519_193834433699.png
2025-05-19 19:38:45,396 - Worker-20403060 - PlaylistPlayer.2040306023080885 - INFO - Intentando abrir URL: https://open.spotify.com/playlist/3h6pIE4rE6z8OyxNMOqW8t?si=H8FB0OalRKGjeMjEXVgSJw (Intento 2/3)
2025-05-19 19:38:45,397 - Worker-20403060 - PlaylistPlayer.2040306023080885 - DEBUG - Forzando detención de Spotify (com.spotify.music).
2025-05-19 19:38:46,979 - Worker-20403060 - PlaylistPlayer.2040306023080885 - DEBUG - Presionando HOME.
2025-05-19 19:38:50,155 - Worker-20403060 - PlaylistPlayer.2040306023080885 - DEBUG - Ejecutando ADB intent para URL: https://open.spotify.com/playlist/3h6pIE4rE6z8OyxNMOqW8t?si=H8FB0OalRKGjeMjEXVgSJw
2025-05-19 19:38:53,202 - Worker-20403060 - PlaylistPlayer.2040306023080885 - DEBUG - Resultado ADB: stdout='Starting: Intent { act=android.intent.action.VIEW dat=https://open.spotify.com/... flg=0x10008000 }', stderr=''
2025-05-19 19:38:56,684 - Worker-20403060 - PlaylistPlayer.2040306023080885 - DEBUG - Esperando app estabilice...
2025-05-19 19:39:09,236 - Worker-20403060 - PlaylistPlayer.2040306023080885 - DEBUG - Verificando diálogo 'Abrir con'...
2025-05-19 19:39:14,555 - Worker-20403060 - PlaylistPlayer.2040306023080885 - INFO - Diálogo 'Abrir con' o similar detectado.
2025-05-19 19:39:14,556 - Worker-20403060 - PlaylistPlayer.2040306023080885 - DEBUG - Capturando pantalla en C:\Users\def\Documents\OTWMusicSystem_Final\OTWMusicSystem_Final\otw_project\OTW_MUSIC_SYSTEM\screenshots\2040306023080885\open_with_dialog_screenshot_2040306023080885_20250519_193914555615.png
2025-05-19 19:39:15,222 - Worker-20403060 - PlaylistPlayer.2040306023080885 - INFO - Captura de pantalla guardada: C:\Users\def\Documents\OTWMusicSystem_Final\OTWMusicSystem_Final\otw_project\OTW_MUSIC_SYSTEM\screenshots\2040306023080885\open_with_dialog_screenshot_2040306023080885_20250519_193914555615.png
2025-05-19 19:39:22,686 - Worker-20403060 - PlaylistPlayer.2040306023080885 - INFO - Clickeado 'Spotify (general)'.
2025-05-19 19:39:43,632 - Worker-20403060 - PlaylistPlayer.2040306023080885 - INFO - Spotify seleccionado, pero botón confirmación no encontrado/clickeado.
2025-05-19 19:39:43,632 - Worker-20403060 - PlaylistPlayer.2040306023080885 - INFO - Diálogo 'Abrir con' manejado.
2025-05-19 19:39:50,232 - Worker-20403060 - PlaylistPlayer.2040306023080885 - DEBUG - Verificando si Spotify está en primer plano...
2025-05-19 19:39:50,232 - Worker-20403060 - PlaylistPlayer.2040306023080885 - DEBUG - Intentando con comando dumpsys (1): adb -s 2040306023080885 shell dumpsys activity top
2025-05-19 19:39:50,937 - Worker-20403060 - PlaylistPlayer.2040306023080885 - WARNING - Spotify NO parece estar en primer plano.
2025-05-19 19:39:50,939 - Worker-20403060 - PlaylistPlayer.2040306023080885 - DEBUG - Capturando pantalla en C:\Users\def\Documents\OTWMusicSystem_Final\OTWMusicSystem_Final\otw_project\OTW_MUSIC_SYSTEM\screenshots\2040306023080885\spotify_not_foreground_screenshot_2040306023080885_20250519_193950938404.png
2025-05-19 19:39:51,966 - Worker-20403060 - PlaylistPlayer.2040306023080885 - INFO - Captura de pantalla guardada: C:\Users\def\Documents\OTWMusicSystem_Final\OTWMusicSystem_Final\otw_project\OTW_MUSIC_SYSTEM\screenshots\2040306023080885\spotify_not_foreground_screenshot_2040306023080885_20250519_193950938404.png
2025-05-19 19:39:51,966 - Worker-20403060 - PlaylistPlayer.2040306023080885 - WARNING - Spotify no en primer plano tras abrir https://open.spotify.com/playlist/3h6pIE4rE6z8OyxNMOqW8t?si=H8FB0OalRKGjeMjEXVgSJw.
2025-05-19 19:39:51,967 - Worker-20403060 - PlaylistPlayer.2040306023080885 - DEBUG - Capturando pantalla en C:\Users\def\Documents\OTWMusicSystem_Final\OTWMusicSystem_Final\otw_project\OTW_MUSIC_SYSTEM\screenshots\2040306023080885\spotify_not_fg_screenshot_2040306023080885_20250519_193951966609.png
2025-05-19 19:39:52,575 - Worker-20403060 - PlaylistPlayer.2040306023080885 - INFO - Captura de pantalla guardada: C:\Users\def\Documents\OTWMusicSystem_Final\OTWMusicSystem_Final\otw_project\OTW_MUSIC_SYSTEM\screenshots\2040306023080885\spotify_not_fg_screenshot_2040306023080885_20250519_193951966609.png
2025-05-19 19:40:03,989 - Worker-20403060 - PlaylistPlayer.2040306023080885 - INFO - Intentando abrir URL: https://open.spotify.com/playlist/3h6pIE4rE6z8OyxNMOqW8t?si=H8FB0OalRKGjeMjEXVgSJw (Intento 3/3)
2025-05-19 19:40:03,989 - Worker-20403060 - PlaylistPlayer.2040306023080885 - DEBUG - Forzando detención de Spotify (com.spotify.music).
2025-05-19 19:40:06,124 - Worker-20403060 - PlaylistPlayer.2040306023080885 - DEBUG - Presionando HOME.
2025-05-19 19:40:09,082 - Worker-20403060 - PlaylistPlayer.2040306023080885 - DEBUG - Ejecutando ADB intent para URL: https://open.spotify.com/playlist/3h6pIE4rE6z8OyxNMOqW8t?si=H8FB0OalRKGjeMjEXVgSJw
2025-05-19 19:40:11,398 - Worker-20403060 - PlaylistPlayer.2040306023080885 - DEBUG - Resultado ADB: stdout='Starting: Intent { act=android.intent.action.VIEW dat=https://open.spotify.com/... flg=0x10008000 }', stderr=''
2025-05-19 19:40:15,380 - Worker-20403060 - PlaylistPlayer.2040306023080885 - DEBUG - Esperando app estabilice...
2025-05-19 19:40:28,877 - Worker-20403060 - PlaylistPlayer.2040306023080885 - DEBUG - Verificando diálogo 'Abrir con'...
2025-05-19 19:40:36,213 - Worker-20403060 - PlaylistPlayer.2040306023080885 - INFO - Diálogo 'Abrir con' o similar detectado.
2025-05-19 19:40:36,214 - Worker-20403060 - PlaylistPlayer.2040306023080885 - DEBUG - Capturando pantalla en C:\Users\def\Documents\OTWMusicSystem_Final\OTWMusicSystem_Final\otw_project\OTW_MUSIC_SYSTEM\screenshots\2040306023080885\open_with_dialog_screenshot_2040306023080885_20250519_194036213738.png
2025-05-19 19:40:40,790 - Worker-20403060 - PlaylistPlayer.2040306023080885 - INFO - Captura de pantalla guardada: C:\Users\def\Documents\OTWMusicSystem_Final\OTWMusicSystem_Final\otw_project\OTW_MUSIC_SYSTEM\screenshots\2040306023080885\open_with_dialog_screenshot_2040306023080885_20250519_194036213738.png
2025-05-19 19:40:47,310 - Worker-20403060 - PlaylistPlayer.2040306023080885 - INFO - Clickeado 'Spotify (general)'.
2025-05-19 19:41:06,728 - Worker-20403060 - PlaylistPlayer.2040306023080885 - INFO - Spotify seleccionado, pero botón confirmación no encontrado/clickeado.
2025-05-19 19:41:06,728 - Worker-20403060 - PlaylistPlayer.2040306023080885 - INFO - Diálogo 'Abrir con' manejado.
2025-05-19 19:41:11,143 - Worker-20403060 - PlaylistPlayer.2040306023080885 - DEBUG - Verificando si Spotify está en primer plano...
2025-05-19 19:41:11,143 - Worker-20403060 - PlaylistPlayer.2040306023080885 - DEBUG - Intentando con comando dumpsys (1): adb -s 2040306023080885 shell dumpsys activity top
2025-05-19 19:41:11,401 - Worker-20403060 - PlaylistPlayer.2040306023080885 - WARNING - Spotify NO parece estar en primer plano.
2025-05-19 19:41:11,401 - Worker-20403060 - PlaylistPlayer.2040306023080885 - DEBUG - Capturando pantalla en C:\Users\def\Documents\OTWMusicSystem_Final\OTWMusicSystem_Final\otw_project\OTW_MUSIC_SYSTEM\screenshots\2040306023080885\spotify_not_foreground_screenshot_2040306023080885_20250519_194111401391.png
2025-05-19 19:41:11,953 - Worker-20403060 - PlaylistPlayer.2040306023080885 - INFO - Captura de pantalla guardada: C:\Users\def\Documents\OTWMusicSystem_Final\OTWMusicSystem_Final\otw_project\OTW_MUSIC_SYSTEM\screenshots\2040306023080885\spotify_not_foreground_screenshot_2040306023080885_20250519_194111401391.png
2025-05-19 19:41:11,953 - Worker-20403060 - PlaylistPlayer.2040306023080885 - WARNING - Spotify no en primer plano tras abrir https://open.spotify.com/playlist/3h6pIE4rE6z8OyxNMOqW8t?si=H8FB0OalRKGjeMjEXVgSJw.
2025-05-19 19:41:11,953 - Worker-20403060 - PlaylistPlayer.2040306023080885 - DEBUG - Capturando pantalla en C:\Users\def\Documents\OTWMusicSystem_Final\OTWMusicSystem_Final\otw_project\OTW_MUSIC_SYSTEM\screenshots\2040306023080885\spotify_not_fg_screenshot_2040306023080885_20250519_194111953838.png
2025-05-19 19:41:12,572 - Worker-20403060 - PlaylistPlayer.2040306023080885 - INFO - Captura de pantalla guardada: C:\Users\def\Documents\OTWMusicSystem_Final\OTWMusicSystem_Final\otw_project\OTW_MUSIC_SYSTEM\screenshots\2040306023080885\spotify_not_fg_screenshot_2040306023080885_20250519_194111953838.png
2025-05-19 19:41:23,189 - Worker-20403060 - PlaylistPlayer.2040306023080885 - INFO - Intentando abrir URL: https://open.spotify.com/playlist/3h6pIE4rE6z8OyxNMOqW8t?si=H8FB0OalRKGjeMjEXVgSJw (Intento 4/3)
2025-05-19 19:41:23,189 - Worker-20403060 - PlaylistPlayer.2040306023080885 - ERROR - Máximos reintentos para URL https://open.spotify.com/playlist/3h6pIE4rE6z8OyxNMOqW8t?si=H8FB0OalRKGjeMjEXVgSJw
2025-05-19 19:41:23,189 - Worker-20403060 - PlaylistPlayer.2040306023080885 - DEBUG - Capturando pantalla en C:\Users\def\Documents\OTWMusicSystem_Final\OTWMusicSystem_Final\otw_project\OTW_MUSIC_SYSTEM\screenshots\2040306023080885\open_url_max_retries_screenshot_2040306023080885_20250519_194123189439.png
2025-05-19 19:41:23,760 - Worker-20403060 - PlaylistPlayer.2040306023080885 - INFO - Captura de pantalla guardada: C:\Users\def\Documents\OTWMusicSystem_Final\OTWMusicSystem_Final\otw_project\OTW_MUSIC_SYSTEM\screenshots\2040306023080885\open_url_max_retries_screenshot_2040306023080885_20250519_194123189439.png
2025-05-19 19:41:23,760 - Worker-20403060 - PlaylistPlayer.2040306023080885 - ERROR - No se pudo abrir playlist https://open.spotify.com/playlist/3h6pIE4rE6z8OyxNMOqW8t?si=H8FB0OalRKGjeMjEXVgSJw.
2025-05-19 19:41:34,519 - Worker-20403060 - PlaylistPlayer.2040306023080885 - INFO - Saltando Fase 2 (Visita a Artista).
2025-05-19 19:41:34,519 - Worker-20403060 - PlaylistPlayer.2040306023080885 - INFO - Saltando Fase 3 (Tracks Individuales).
2025-05-19 19:41:34,519 - Worker-20403060 - PlaylistPlayer.2040306023080885 - INFO - Ciclo #1 completado. Pausa larga de 33.6s.
