2025-05-22 02:08:36,969 - Worker-20403060 - PlaylistPlayer.2040306023097355 - INFO - Worker thread INICIADO. Logs en: C:\Users\def\Documents\OTWMusicSystem_Final\OTWMusicSystem_Final\otw_project\OTW_MUSIC_SYSTEM\logs\2040306023097355\playlist_player_20250522_020836.log
2025-05-22 02:08:36,970 - Worker-20403060 - PlaylistPlayer.2040306023097355 - INFO - Personalidad Creada (SLOW_MODE_FACTOR=1.75):
  TotalSessionDur: [45-150]m
  InitPlaylistDur: [30-120]m
  ArtistPlayDur: [10-30]m, Songs: [3-6]
  TrackSessionDur: [25-70]m, SingleTrack: [65-135]s
  Probs: LikePlaylist=0.91, Shuffle=0.88, SwitchPlaylist=0.47
  VisitArtist=0.49, FollowArtist=0.95, ExploreTracks=0.45, Search=0.15
2025-05-22 02:08:36,971 - Worker-20403060 - PlaylistPlayer.2040306023097355 - INFO - Conectando uiautomator2 (intento 1/3)...
2025-05-22 02:08:42,281 - Worker-20403060 - PlaylistPlayer.2040306023097355 - INFO - Conectado (Device: Studio_X5_Max, Android: N/A).
2025-05-22 02:08:42,855 - Worker-20403060 - PlaylistPlayer.2040306023097355 - INFO - Spotify (com.spotify.music v8.9.60.560) instalado.
2025-05-22 02:08:42,855 - Worker-20403060 - PlaylistPlayer.2040306023097355 - INFO - Setup inicial (kill Spotify, home).
2025-05-22 02:08:42,855 - Worker-20403060 - PlaylistPlayer.2040306023097355 - WARNING - Advertencia setup inicial: 'Device' object has no attribute 'app_kill'
2025-05-22 02:08:42,856 - Worker-20403060 - PlaylistPlayer.2040306023097355 - DEBUG - Capturando pantalla en C:\Users\def\Documents\OTWMusicSystem_Final\OTWMusicSystem_Final\otw_project\OTW_MUSIC_SYSTEM\screenshots\2040306023097355\init_setup_warn_screenshot_2040306023097355_20250522_020842855528.png
2025-05-22 02:08:45,250 - Worker-20403060 - PlaylistPlayer.2040306023097355 - INFO - Captura de pantalla guardada: C:\Users\def\Documents\OTWMusicSystem_Final\OTWMusicSystem_Final\otw_project\OTW_MUSIC_SYSTEM\screenshots\2040306023097355\init_setup_warn_screenshot_2040306023097355_20250522_020842855528.png
2025-05-22 02:08:45,250 - Worker-20403060 - PlaylistPlayer.2040306023097355 - INFO - --- Iniciando GRAN SESIÓN DE ESCUCHA #1 (Duración objetivo: ~115.0 min) ---
2025-05-22 02:08:45,250 - Worker-20403060 - PlaylistPlayer.2040306023097355 - INFO - Fase 1: Reproducción de Playlist Inicial Larga.
2025-05-22 02:08:45,250 - Worker-20403060 - PlaylistPlayer.2040306023097355 - INFO - Iniciando PLAYLIST: https://open.spotify.com/playlist/3h6pIE4rE6z8OyxNMOqW8t?si=H8FB0OalRKGjeMjEXVgSJw por ~51 min.
2025-05-22 02:08:45,250 - Worker-20403060 - PlaylistPlayer.2040306023097355 - INFO - Intentando abrir URL: https://open.spotify.com/playlist/3h6pIE4rE6z8OyxNMOqW8t?si=H8FB0OalRKGjeMjEXVgSJw (Intento 1/3)
2025-05-22 02:08:45,250 - Worker-20403060 - PlaylistPlayer.2040306023097355 - DEBUG - Forzando detención de Spotify (com.spotify.music).
