2025-05-19 19:40:07,114 - Worker-4LJVPB6D - PlaylistPlayer.4LJVPB6DUSIRMVUS - INFO - Worker thread INICIADO. Logs en: C:\Users\def\Documents\OTWMusicSystem_Final\OTWMusicSystem_Final\otw_project\OTW_MUSIC_SYSTEM\logs\4LJVPB6DUSIRMVUS\playlist_player_20250519_194007.log
2025-05-19 19:40:07,114 - Worker-4LJVPB6D - PlaylistPlayer.4LJVPB6DUSIRMVUS - INFO - Personalidad Creada (SLOW_MODE_FACTOR=1.75): InitPlaylistDur=[30-35]m, ArtistDur=[30-60]m, IndivTrackSessDur=[60-90]m, SingleTrackDur=[60-120]s, VisitArtistProb=0.67, PlayIndivTracksProb=0.51
2025-05-19 19:40:07,114 - Worker-4LJVPB6D - PlaylistPlayer.4LJVPB6DUSIRMVUS - INFO - Conectando uiautomator2 (intento 1/3)...
2025-05-19 19:40:16,090 - Worker-4LJVPB6D - PlaylistPlayer.4LJVPB6DUSIRMVUS - INFO - Conectado (Device: U318AA, Android: N/A).
2025-05-19 19:40:16,709 - Worker-4LJVPB6D - PlaylistPlayer.4LJVPB6DUSIRMVUS - INFO - Spotify (com.spotify.music v9.0.36.484) instalado.
2025-05-19 19:40:16,709 - Worker-4LJVPB6D - PlaylistPlayer.4LJVPB6DUSIRMVUS - INFO - Setup inicial (kill Spotify, home).
2025-05-19 19:40:16,709 - Worker-4LJVPB6D - PlaylistPlayer.4LJVPB6DUSIRMVUS - WARNING - Advertencia setup inicial: 'Device' object has no attribute 'app_kill'
2025-05-19 19:40:16,710 - Worker-4LJVPB6D - PlaylistPlayer.4LJVPB6DUSIRMVUS - DEBUG - Capturando pantalla en C:\Users\def\Documents\OTWMusicSystem_Final\OTWMusicSystem_Final\otw_project\OTW_MUSIC_SYSTEM\screenshots\4LJVPB6DUSIRMVUS\init_setup_warn_screenshot_4LJVPB6DUSIRMVUS_20250519_194016709867.png
2025-05-19 19:40:18,159 - Worker-4LJVPB6D - PlaylistPlayer.4LJVPB6DUSIRMVUS - INFO - Captura de pantalla guardada: C:\Users\def\Documents\OTWMusicSystem_Final\OTWMusicSystem_Final\otw_project\OTW_MUSIC_SYSTEM\screenshots\4LJVPB6DUSIRMVUS\init_setup_warn_screenshot_4LJVPB6DUSIRMVUS_20250519_194016709867.png
2025-05-19 19:40:18,159 - Worker-4LJVPB6D - PlaylistPlayer.4LJVPB6DUSIRMVUS - INFO - --- Iniciando CICLO DE VIDA DE INTERACCIÓN #1 ---
2025-05-19 19:40:18,160 - Worker-4LJVPB6D - PlaylistPlayer.4LJVPB6DUSIRMVUS - INFO - Fase 1: Playlist Inicial.
2025-05-19 19:40:18,160 - Worker-4LJVPB6D - PlaylistPlayer.4LJVPB6DUSIRMVUS - INFO - Iniciando PLAYLIST: https://open.spotify.com/playlist/3h6pIE4rE6z8OyxNMOqW8t?si=H8FB0OalRKGjeMjEXVgSJw por ~30 min.
2025-05-19 19:40:18,160 - Worker-4LJVPB6D - PlaylistPlayer.4LJVPB6DUSIRMVUS - INFO - Intentando abrir URL: https://open.spotify.com/playlist/3h6pIE4rE6z8OyxNMOqW8t?si=H8FB0OalRKGjeMjEXVgSJw (Intento 1/3)
2025-05-19 19:40:18,161 - Worker-4LJVPB6D - PlaylistPlayer.4LJVPB6DUSIRMVUS - DEBUG - Forzando detención de Spotify (com.spotify.music).
2025-05-19 19:40:20,245 - Worker-4LJVPB6D - PlaylistPlayer.4LJVPB6DUSIRMVUS - DEBUG - Presionando HOME.
2025-05-19 19:40:23,322 - Worker-4LJVPB6D - PlaylistPlayer.4LJVPB6DUSIRMVUS - DEBUG - Ejecutando ADB intent para URL: https://open.spotify.com/playlist/3h6pIE4rE6z8OyxNMOqW8t?si=H8FB0OalRKGjeMjEXVgSJw
2025-05-19 19:40:25,230 - Worker-4LJVPB6D - PlaylistPlayer.4LJVPB6DUSIRMVUS - DEBUG - Resultado ADB: stdout='Starting: Intent { act=android.intent.action.VIEW dat=https://open.spotify.com/... flg=0x10008000 }', stderr=''
2025-05-19 19:40:29,027 - Worker-4LJVPB6D - PlaylistPlayer.4LJVPB6DUSIRMVUS - DEBUG - Esperando app estabilice...
2025-05-19 19:40:42,804 - Worker-4LJVPB6D - PlaylistPlayer.4LJVPB6DUSIRMVUS - DEBUG - Verificando diálogo 'Abrir con'...
2025-05-19 19:41:20,301 - Worker-4LJVPB6D - PlaylistPlayer.4LJVPB6DUSIRMVUS - DEBUG - No se detectó diálogo 'Abrir con' explícito.
2025-05-19 19:41:20,302 - Worker-4LJVPB6D - PlaylistPlayer.4LJVPB6DUSIRMVUS - DEBUG - No se manejó diálogo 'Abrir con'.
2025-05-19 19:41:20,302 - Worker-4LJVPB6D - PlaylistPlayer.4LJVPB6DUSIRMVUS - DEBUG - Verificando si Spotify está en primer plano...
2025-05-19 19:41:20,303 - Worker-4LJVPB6D - PlaylistPlayer.4LJVPB6DUSIRMVUS - DEBUG - Intentando con comando dumpsys (1): adb -s 4LJVPB6DUSIRMVUS shell dumpsys activity top
2025-05-19 19:41:21,327 - Worker-4LJVPB6D - PlaylistPlayer.4LJVPB6DUSIRMVUS - WARNING - Spotify NO parece estar en primer plano.
2025-05-19 19:41:21,328 - Worker-4LJVPB6D - PlaylistPlayer.4LJVPB6DUSIRMVUS - DEBUG - Capturando pantalla en C:\Users\def\Documents\OTWMusicSystem_Final\OTWMusicSystem_Final\otw_project\OTW_MUSIC_SYSTEM\screenshots\4LJVPB6DUSIRMVUS\spotify_not_foreground_screenshot_4LJVPB6DUSIRMVUS_20250519_194121328262.png
2025-05-19 19:41:23,369 - Worker-4LJVPB6D - PlaylistPlayer.4LJVPB6DUSIRMVUS - INFO - Captura de pantalla guardada: C:\Users\def\Documents\OTWMusicSystem_Final\OTWMusicSystem_Final\otw_project\OTW_MUSIC_SYSTEM\screenshots\4LJVPB6DUSIRMVUS\spotify_not_foreground_screenshot_4LJVPB6DUSIRMVUS_20250519_194121328262.png
2025-05-19 19:41:23,370 - Worker-4LJVPB6D - PlaylistPlayer.4LJVPB6DUSIRMVUS - WARNING - Spotify no en primer plano tras abrir https://open.spotify.com/playlist/3h6pIE4rE6z8OyxNMOqW8t?si=H8FB0OalRKGjeMjEXVgSJw.
2025-05-19 19:41:23,371 - Worker-4LJVPB6D - PlaylistPlayer.4LJVPB6DUSIRMVUS - DEBUG - Capturando pantalla en C:\Users\def\Documents\OTWMusicSystem_Final\OTWMusicSystem_Final\otw_project\OTW_MUSIC_SYSTEM\screenshots\4LJVPB6DUSIRMVUS\spotify_not_fg_screenshot_4LJVPB6DUSIRMVUS_20250519_194123370104.png
2025-05-19 19:41:23,653 - Worker-4LJVPB6D - PlaylistPlayer.4LJVPB6DUSIRMVUS - INFO - Captura de pantalla guardada: C:\Users\def\Documents\OTWMusicSystem_Final\OTWMusicSystem_Final\otw_project\OTW_MUSIC_SYSTEM\screenshots\4LJVPB6DUSIRMVUS\spotify_not_fg_screenshot_4LJVPB6DUSIRMVUS_20250519_194123370104.png
2025-05-19 19:41:31,729 - Worker-4LJVPB6D - PlaylistPlayer.4LJVPB6DUSIRMVUS - INFO - Intentando abrir URL: https://open.spotify.com/playlist/3h6pIE4rE6z8OyxNMOqW8t?si=H8FB0OalRKGjeMjEXVgSJw (Intento 2/3)
2025-05-19 19:41:31,729 - Worker-4LJVPB6D - PlaylistPlayer.4LJVPB6DUSIRMVUS - DEBUG - Forzando detención de Spotify (com.spotify.music).
2025-05-19 19:41:33,417 - Worker-4LJVPB6D - PlaylistPlayer.4LJVPB6DUSIRMVUS - DEBUG - Presionando HOME.
2025-05-19 19:41:36,525 - Worker-4LJVPB6D - PlaylistPlayer.4LJVPB6DUSIRMVUS - DEBUG - Ejecutando ADB intent para URL: https://open.spotify.com/playlist/3h6pIE4rE6z8OyxNMOqW8t?si=H8FB0OalRKGjeMjEXVgSJw
2025-05-19 19:41:38,896 - Worker-4LJVPB6D - PlaylistPlayer.4LJVPB6DUSIRMVUS - DEBUG - Resultado ADB: stdout='Starting: Intent { act=android.intent.action.VIEW dat=https://open.spotify.com/... flg=0x10008000 }', stderr=''
2025-05-19 19:41:41,349 - Worker-4LJVPB6D - PlaylistPlayer.4LJVPB6DUSIRMVUS - DEBUG - Esperando app estabilice...
2025-05-19 19:41:54,608 - Worker-4LJVPB6D - PlaylistPlayer.4LJVPB6DUSIRMVUS - DEBUG - Verificando diálogo 'Abrir con'...
